[09:41:49.591] [HOST] INFO: log opened
[09:41:49.591] [HOST] INFO: KenshiCoop loaded! (clean rebuild)
[09:41:49.591] [HOST] INFO: KenshiCoop: build Jun 20 2026 09:41:32
[09:41:49.591] [HOST] INFO: KenshiCoop: role=HOST proto=v11 port=27800 save='spikebake82'
[09:41:49.629] [HOST] INFO: KenshiCoop: ownership ranks = {0} (bidirectional presence)
[09:41:49.668] [HOST] INFO: KenshiCoop: auto-load armed for save 'spikebake82'
[09:41:49.668] [HOST] INFO: KenshiCoop: test mode - self-exit 40 s after gameplay starts
[09:41:49.668] [HOST] INFO: KenshiCoop: scenario armed 'spike'
[09:41:49.668] [HOST] INFO: KenshiCoop: starting as HOST
[09:41:49.670] [HOST] INFO: [net] hosting
[09:41:56.517] [HOST] INFO: KenshiCoop: auto-load issued for save 'spikebake82' (after 5000 ms settle)
[09:42:00.607] [HOST] INFO: [net] peer connecting (awaiting HELLO)
[09:42:00.607] [HOST] INFO: [net] peer connected id=1 (proto v11)
[09:42:00.847] [HOST] INFO: handshake: peer present id=1 (local id=0)
[09:42:09.071] [HOST] INFO: KenshiCoop: gameplay started
[09:42:09.071] [HOST] INFO: SCENARIO spike start
[09:42:09.071] [HOST] INFO: SPIKE 82b start id=82b host=1
[09:42:09.072] [HOST] INFO: SCENARIO MEMBER hand=1,2637329152,1,1,3079467776 pos=-51236.61,1549.49,2842.45
[09:42:09.072] [HOST] INFO: SPIKE 82b smoke leader hand=1,2637329152,1,1,3079467776 pos=-51236.6,1549.5,2842.4
[09:42:09.081] [HOST] INFO: SCENARIO MEMBER hand=1,2637329152,1,1,3079467776 pos=-51236.61,1557.27,2842.45
[09:42:09.088] [HOST] INFO: [taskkey] key=6 desc='Equipping weapon' repro=0 subject=1
[09:42:09.088] [HOST] INFO: [taskkey] key=141 desc='Following leader' repro=0 subject=1
[09:42:09.098] [HOST] INFO: [taskkey] key=4 desc='Attacking' repro=0 subject=1
[09:42:09.135] [HOST] INFO: [taskkey] key=1 desc='Moving' repro=0 subject=1
[09:42:09.585] [HOST] INFO: SCENARIO MEMBER hand=1,2637329152,1,1,3079467776 pos=-51236.61,1557.27,2842.45
[09:42:10.084] [HOST] INFO: SCENARIO MEMBER hand=1,2637329152,1,1,3079467776 pos=-51236.61,1557.27,2842.45
[09:42:10.585] [HOST] INFO: SCENARIO MEMBER hand=1,2637329152,1,1,3079467776 pos=-51236.61,1557.27,2842.45
[09:42:10.840] [HOST] INFO: [taskkey] key=36 desc='Patrolling town' repro=0 subject=0
[09:42:11.087] [HOST] INFO: SCENARIO MEMBER hand=1,2637329152,1,1,3079467776 pos=-51236.61,1557.27,2842.45
[09:42:11.582] [HOST] INFO: SCENARIO MEMBER hand=1,2637329152,1,1,3079467776 pos=-51236.61,1557.27,2842.45
[09:42:12.080] [HOST] INFO: SCENARIO MEMBER hand=1,2637329152,1,1,3079467776 pos=-51236.61,1557.27,2842.45
[09:42:12.580] [HOST] INFO: SCENARIO MEMBER hand=1,2637329152,1,1,3079467776 pos=-51236.61,1557.27,2842.45
[09:42:13.085] [HOST] INFO: SCENARIO MEMBER hand=1,2637329152,1,1,3079467776 pos=-51236.61,1557.27,2842.45
[09:42:13.581] [HOST] INFO: SCENARIO MEMBER hand=1,2637329152,1,1,3079467776 pos=-51236.74,1557.31,2841.90
[09:42:13.936] [HOST] INFO: [taskkey] key=119 desc='Shopping' repro=0 subject=1
[09:42:14.081] [HOST] INFO: SCENARIO MEMBER hand=1,2637329152,1,1,3079467776 pos=-51232.05,1557.49,2838.87
[09:42:14.516] [HOST] INFO: [event] SEND id=1 ev=1 hand=1,9,2430419968,7,3511962880 actor=3,3090698240 bs 0->1
[09:42:14.588] [HOST] INFO: SCENARIO MEMBER hand=1,2637329152,1,1,3079467776 pos=-51232.05,1557.49,2838.87
[09:42:15.081] [HOST] INFO: SCENARIO MEMBER hand=1,2637329152,1,1,3079467776 pos=-51232.05,1557.49,2838.87
[09:42:15.081] [HOST] INFO: SPIKE 82b bakedview role=host near60=14 fighting=12 t=6016
[09:42:15.588] [HOST] INFO: SCENARIO MEMBER hand=1,2637329152,1,1,3079467776 pos=-51232.05,1557.49,2838.87
[09:42:16.082] [HOST] INFO: SCENARIO MEMBER hand=1,2637329152,1,1,3079467776 pos=-51232.05,1557.49,2838.87
[09:42:16.581] [HOST] INFO: SCENARIO MEMBER hand=1,2637329152,1,1,3079467776 pos=-51232.05,1557.49,2838.87
[09:42:17.084] [HOST] INFO: SCENARIO MEMBER hand=1,2637329152,1,1,3079467776 pos=-51232.05,1557.49,2838.87
[09:42:17.587] [HOST] INFO: SCENARIO MEMBER hand=1,2637329152,1,1,3079467776 pos=-51232.05,1557.49,2838.87
[09:42:18.084] [HOST] INFO: SCENARIO MEMBER hand=1,2637329152,1,1,3079467776 pos=-51232.05,1557.49,2838.87
[09:42:18.574] [HOST] INFO: [event] SEND id=2 ev=1 hand=1,33,3870605568,1,746948224 actor=6,3454589952 bs 0->1
[09:42:18.587] [HOST] INFO: SCENARIO MEMBER hand=1,2637329152,1,1,3079467776 pos=-51232.05,1557.49,2838.87
[09:42:19.083] [HOST] INFO: SCENARIO MEMBER hand=1,2637329152,1,1,3079467776 pos=-51232.05,1557.49,2838.87
[09:42:19.588] [HOST] INFO: SCENARIO MEMBER hand=1,2637329152,1,1,3079467776 pos=-51232.05,1557.49,2838.87
[09:42:20.086] [HOST] INFO: SCENARIO MEMBER hand=1,2637329152,1,1,3079467776 pos=-51232.05,1557.49,2838.87
[09:42:20.581] [HOST] INFO: SCENARIO MEMBER hand=1,2637329152,1,1,3079467776 pos=-51232.05,1557.49,2838.87
[09:42:21.081] [HOST] INFO: SCENARIO MEMBER hand=1,2637329152,1,1,3079467776 pos=-51232.05,1557.49,2838.87
[09:42:21.588] [HOST] INFO: SCENARIO MEMBER hand=1,2637329152,1,1,3079467776 pos=-51231.72,1557.49,2838.80
[09:42:22.085] [HOST] INFO: SCENARIO MEMBER hand=1,2637329152,1,1,3079467776 pos=-51231.72,1557.49,2838.80
[09:42:22.485] [HOST] INFO: [event] SEND id=3 ev=1 hand=1,23,2883789056,1,2095581056 actor=1,2155761664 bs 0->1
[09:42:22.584] [HOST] INFO: SCENARIO MEMBER hand=1,2637329152,1,1,3079467776 pos=-51231.72,1557.49,2838.80
[09:42:23.082] [HOST] INFO: SCENARIO MEMBER hand=1,2637329152,1,1,3079467776 pos=-51231.72,1557.49,2838.80
[09:42:23.243] [HOST] INFO: [event] SEND id=4 ev=1 hand=1,9,2430419968,10,2733154304 actor=3,3090698240 bs 0->1
[09:42:23.587] [HOST] INFO: SCENARIO MEMBER hand=1,2637329152,1,1,3079467776 pos=-51231.72,1557.49,2838.80
[09:42:24.086] [HOST] INFO: SCENARIO MEMBER hand=1,2637329152,1,1,3079467776 pos=-51231.72,1557.49,2838.80
[09:42:24.567] [HOST] INFO: [event] SEND id=5 ev=1 hand=1,25,3053100544,1,3905029376 actor=1,40893556 bs 0->1
[09:42:24.587] [HOST] INFO: SCENARIO MEMBER hand=1,2637329152,1,1,3079467776 pos=-51231.13,1557.36,2840.24
[09:42:25.086] [HOST] INFO: SCENARIO MEMBER hand=1,2637329152,1,1,3079467776 pos=-51229.98,1557.20,2841.87
[09:42:25.580] [HOST] INFO: SCENARIO MEMBER hand=1,2637329152,1,1,3079467776 pos=-51229.92,1557.20,2841.96
[09:42:26.082] [HOST] INFO: SCENARIO MEMBER hand=1,2637329152,1,1,3079467776 pos=-51229.92,1557.20,2841.96
[09:42:26.587] [HOST] INFO: SCENARIO MEMBER hand=1,2637329152,1,1,3079467776 pos=-51229.92,1557.20,2841.96
[09:42:27.081] [HOST] INFO: SCENARIO MEMBER hand=1,2637329152,1,1,3079467776 pos=-51229.92,1557.20,2841.96
[09:42:27.586] [HOST] INFO: SCENARIO MEMBER hand=1,2637329152,1,1,3079467776 pos=-51229.92,1557.20,2841.96
[09:42:28.084] [HOST] INFO: SCENARIO MEMBER hand=1,2637329152,1,1,3079467776 pos=-51229.92,1557.20,2841.96
[09:42:29.087] [HOST] INFO: SCENARIO MEMBER hand=1,2637329152,1,1,3079467776 pos=-51229.92,1557.20,2841.96
[09:42:29.580] [HOST] INFO: SCENARIO MEMBER hand=1,2637329152,1,1,3079467776 pos=-51229.92,1557.20,2841.96
[09:42:30.089] [HOST] INFO: SCENARIO MEMBER hand=1,2637329152,1,1,3079467776 pos=-51229.92,1557.20,2841.96
[09:42:30.641] [HOST] INFO: SCENARIO MEMBER hand=1,2637329152,1,1,3079467776 pos=-51229.92,1557.20,2841.96
[09:42:31.031] [HOST] INFO: [event] SEND id=6 ev=1 hand=1,27,868896512,1,1822509824 actor=1,40893556 bs 0->1
[09:42:31.137] [HOST] INFO: SCENARIO MEMBER hand=1,2637329152,1,1,3079467776 pos=-51229.92,1557.20,2841.96
[09:42:31.631] [HOST] INFO: SCENARIO MEMBER hand=1,2637329152,1,1,3079467776 pos=-51229.92,1557.20,2841.96
[09:42:32.183] [HOST] INFO: SCENARIO MEMBER hand=1,2637329152,1,1,3079467776 pos=-51229.92,1557.20,2841.96
[09:42:32.675] [HOST] INFO: SCENARIO MEMBER hand=1,2637329152,1,1,3079467776 pos=-51229.92,1557.20,2841.96
[09:42:33.228] [HOST] INFO: SCENARIO MEMBER hand=1,2637329152,1,1,3079467776 pos=-51229.92,1557.20,2841.96
[09:42:33.228] [HOST] INFO: SPIKE 82b bakedview role=host near60=17 fighting=11 t=24157
[09:42:33.725] [HOST] INFO: SCENARIO MEMBER hand=1,2637329152,1,1,3079467776 pos=-51229.92,1557.20,2841.96
[09:42:34.270] [HOST] INFO: SCENARIO MEMBER hand=1,2637329152,1,1,3079467776 pos=-51229.92,1557.20,2841.96
[09:42:34.774] [HOST] INFO: SCENARIO MEMBER hand=1,2637329152,1,1,3079467776 pos=-51229.92,1557.20,2841.96
[09:42:35.299] [HOST] INFO: SCENARIO MEMBER hand=1,2637329152,1,1,3079467776 pos=-51229.92,1557.20,2841.96
[09:42:35.593] [HOST] INFO: [event] SEND id=7 ev=1 hand=1,20,2748291072,1,2608154368 actor=1,3662475520 bs 0->1
[09:42:35.803] [HOST] INFO: SCENARIO MEMBER hand=1,2637329152,1,1,3079467776 pos=-51229.92,1557.20,2841.96
[09:42:36.325] [HOST] INFO: SCENARIO MEMBER hand=1,2637329152,1,1,3079467776 pos=-51229.92,1557.20,2841.96
[09:42:36.872] [HOST] INFO: SCENARIO MEMBER hand=1,2637329152,1,1,3079467776 pos=-51229.92,1557.20,2841.96
[09:42:37.421] [HOST] INFO: SCENARIO MEMBER hand=1,2637329152,1,1,3079467776 pos=-51229.92,1557.20,2841.96
[09:42:37.910] [HOST] INFO: SCENARIO MEMBER hand=1,2637329152,1,1,3079467776 pos=-51233.47,1555.66,2852.94
[09:42:38.447] [HOST] INFO: SCENARIO MEMBER hand=1,2637329152,1,1,3079467776 pos=-51233.47,1555.66,2852.94
[09:42:38.994] [HOST] INFO: SCENARIO MEMBER hand=1,2637329152,1,1,3079467776 pos=-51233.47,1555.66,2852.94
[09:42:39.542] [HOST] INFO: SCENARIO MEMBER hand=1,2637329152,1,1,3079467776 pos=-51233.47,1555.66,2852.94
[09:42:40.034] [HOST] INFO: SCENARIO MEMBER hand=1,2637329152,1,1,3079467776 pos=-51233.47,1555.66,2852.94
[09:42:40.586] [HOST] INFO: SCENARIO MEMBER hand=1,2637329152,1,1,3079467776 pos=-51233.47,1555.66,2852.94
[09:42:41.066] [HOST] INFO: SCENARIO RESULT PASS
