[09:42:00.505] [JOIN] INFO: log opened
[09:42:00.505] [JOIN] INFO: KenshiCoop loaded! (clean rebuild)
[09:42:00.505] [JOIN] INFO: KenshiCoop: build Jun 20 2026 09:41:32
[09:42:00.505] [JOIN] INFO: KenshiCoop: role=JOIN proto=v11 port=27800 save='spikebake82'
[09:42:00.553] [JOIN] INFO: KenshiCoop: ownership ranks = {1} (bidirectional presence)
[09:42:00.600] [JOIN] INFO: KenshiCoop: auto-load armed for save 'spikebake82'
[09:42:00.600] [JOIN] INFO: KenshiCoop: test mode - self-exit 40 s after gameplay starts
[09:42:00.600] [JOIN] INFO: KenshiCoop: scenario armed 'spike'
[09:42:00.600] [JOIN] INFO: KenshiCoop: starting as CLIENT
[09:42:00.606] [JOIN] INFO: [net] connecting
[09:42:00.607] [JOIN] INFO: [net] connected to host; sent HELLO
[09:42:00.607] [JOIN] INFO: [net] peer connected id=1 (proto v11) - received WELCOME
[09:42:07.053] [JOIN] INFO: KenshiCoop: auto-load issued for save 'spikebake82' (after 5000 ms settle)
[09:42:10.342] [JOIN] INFO: handshake: peer present id=0 (local id=1)
[09:42:14.562] [JOIN] INFO: [event] RECV id=1 ev=1 owner=0 hand=1,9,2430419968,7,3511962880 actor=3,3090698240
[09:42:17.022] [JOIN] INFO: KenshiCoop: gameplay started
[09:42:17.023] [JOIN] INFO: SCENARIO spike start
[09:42:17.023] [JOIN] INFO: SPIKE 82b start id=82b host=0
[09:42:17.025] [JOIN] INFO: [gate] hand=1,3823120128 host=1 local=65535  agree=0/1 (0%)
[09:42:17.025] [JOIN] INFO: [combat] order hand=3,3090698240 tgt=10,2733154304 localFight=0 r=2
[09:42:17.025] [JOIN] INFO: [combat] order hand=1,3662475520 tgt=1,2608154368 localFight=0 r=2
[09:42:17.025] [JOIN] INFO: [combat] order hand=2,2727661056 tgt=1,746948224 localFight=0 r=2
[09:42:17.025] [JOIN] INFO: [combat] order hand=6,3454589952 tgt=1,746948224 localFight=0 r=2
[09:42:17.025] [JOIN] INFO: [combat] order hand=8,161499024 tgt=1,2560913152 localFight=0 r=2
[09:42:17.025] [JOIN] INFO: [combat] order hand=10,2733154304 tgt=1,1822509824 localFight=0 r=2
[09:42:17.025] [JOIN] INFO: [combat] order hand=1,2608154368 tgt=1,3662475520 localFight=0 r=2
[09:42:17.025] [JOIN] INFO: [combat] order hand=1,2155761664 tgt=1,2095581056 localFight=0 r=2
[09:42:17.025] [JOIN] INFO: [combat] order hand=1,2095581056 tgt=1,249267584 localFight=0 r=2
[09:42:17.025] [JOIN] INFO: [combat] order hand=1,249267584 tgt=1,2095581056 localFight=0 r=2
[09:42:17.025] [JOIN] INFO: [combat] order hand=1,3905029376 tgt=1,3923339776 localFight=0 r=2
[09:42:17.025] [JOIN] INFO: [combat] order hand=1,3923339776 tgt=1,3905029376 localFight=0 r=2
[09:42:17.025] [JOIN] INFO: [combat] order hand=1,1822509824 tgt=10,2733154304 localFight=0 r=2
[09:42:17.025] [JOIN] INFO: [combat] order hand=1,3615112192 tgt=1,1822509824 localFight=0 r=2
[09:42:17.025] [JOIN] INFO: [combat] order hand=1,2560913152 tgt=8,161499024 localFight=0 r=2
[09:42:17.025] [JOIN] INFO: [combat] order hand=1,40893556 tgt=1,3905029376 localFight=0 r=2
[09:42:17.025] [JOIN] INFO: [combat] order hand=1,746948224 tgt=2,2727661056 localFight=0 r=2
[09:42:17.025] [JOIN] INFO: [combat] order hand=1,2244751104 tgt=1,2608154368 localFight=0 r=2
[09:42:17.025] [JOIN] INFO: [authority] suppress NPC hand=1,1723144576 (streamed=24 local=21 supp=1)
[09:42:17.025] [JOIN] INFO: [authority] suppress NPC hand=1,1873535104 (streamed=24 local=21 supp=2)
[09:42:17.025] [JOIN] INFO: [authority] suppress NPC hand=1,3188598528 (streamed=24 local=21 supp=3)
[09:42:17.025] [JOIN] INFO: [authority] suppress NPC hand=1,2264770560 (streamed=24 local=21 supp=4)
[09:42:17.025] [JOIN] INFO: [authority] suppress NPC hand=1,2449584896 (streamed=24 local=21 supp=5)
[09:42:17.026] [JOIN] INFO: [authority] suppress NPC hand=1,1472534144 (streamed=24 local=21 supp=6)
[09:42:17.026] [JOIN] INFO: [authority] suppress NPC hand=1,1683837952 (streamed=24 local=21 supp=7)
[09:42:17.026] [JOIN] INFO: SCENARIO RECV hand=1,2637329152,1,1,3079467776 pos=-51236.61,1549.49,2842.45
[09:42:17.026] [JOIN] INFO: SPIKE 82b smoke leader hand=1,2637329152,1,1,3079467776 pos=-51236.6,1549.5,2842.4
[09:42:17.034] [JOIN] INFO: SCENARIO RECV hand=1,2637329152,1,1,3079467776 pos=-51232.05,1557.49,2838.87
[09:42:17.044] [JOIN] INFO: [taskkey] key=6 desc='Equipping weapon' repro=0 subject=1
[09:42:17.054] [JOIN] INFO: [taskkey] key=61 desc='Attacking target unprovoked' repro=0 subject=1
[09:42:17.085] [JOIN] INFO: [taskkey] key=53 desc='Travelling' repro=0 subject=0
[09:42:17.085] [JOIN] INFO: [taskkey] key=1 desc='Moving' repro=0 subject=0
[09:42:17.533] [JOIN] INFO: SCENARIO RECV hand=1,2637329152,1,1,3079467776 pos=-51232.05,1557.49,2838.87
[09:42:17.869] [JOIN] INFO: [taskkey] key=147 desc='Stumbling' repro=0 subject=0
[09:42:18.036] [JOIN] INFO: SCENARIO RECV hand=1,2637329152,1,1,3079467776 pos=-51232.05,1557.49,2838.87
[09:42:18.527] [JOIN] INFO: [combat] order hand=3,3090698240 tgt=10,2733154304 localFight=0 r=2
[09:42:18.527] [JOIN] INFO: [combat] order hand=1,3662475520 tgt=1,2608154368 localFight=0 r=2
[09:42:18.527] [JOIN] INFO: [combat] order hand=2,2727661056 tgt=1,746948224 localFight=0 r=2
[09:42:18.527] [JOIN] INFO: [combat] order hand=6,3454589952 tgt=1,746948224 localFight=0 r=2
[09:42:18.527] [JOIN] INFO: [combat] order hand=8,161499024 tgt=1,2560913152 localFight=0 r=2
[09:42:18.527] [JOIN] INFO: [combat] order hand=10,2733154304 tgt=1,1822509824 localFight=0 r=2
[09:42:18.537] [JOIN] INFO: SCENARIO RECV hand=1,2637329152,1,1,3079467776 pos=-51232.05,1557.49,2838.87
[09:42:18.602] [JOIN] INFO: [event] RECV id=2 ev=1 owner=0 hand=1,33,3870605568,1,746948224 actor=6,3454589952
[09:42:18.603] [JOIN] INFO: [authority] suppress NPC hand=1,524536128 (streamed=24 local=24 supp=8)
[09:42:18.736] [JOIN] INFO: [authority] suppress NPC hand=1,3808471552 (streamed=22 local=23 supp=9)
[09:42:19.038] [JOIN] INFO: SCENARIO RECV hand=1,2637329152,1,1,3079467776 pos=-51232.05,1557.49,2838.87
[09:42:19.535] [JOIN] INFO: SCENARIO RECV hand=1,2637329152,1,1,3079467776 pos=-51232.05,1557.49,2838.87
[09:42:19.676] [JOIN] INFO: [authority] suppress NPC hand=1,3996215808 (streamed=21 local=24 supp=10)
[09:42:20.029] [JOIN] INFO: [combat] order hand=3,3090698240 tgt=10,2733154304 localFight=0 r=2
[09:42:20.029] [JOIN] INFO: [combat] order hand=1,3662475520 tgt=1,2608154368 localFight=0 r=2
[09:42:20.029] [JOIN] INFO: [combat] order hand=2,2727661056 tgt=3,3090698240 localFight=0 r=2
[09:42:20.029] [JOIN] INFO: [combat] order hand=6,3454589952 tgt=3,3090698240 localFight=0 r=2
[09:42:20.029] [JOIN] INFO: [combat] order hand=8,161499024 tgt=1,2560913152 localFight=0 r=2
[09:42:20.037] [JOIN] INFO: SCENARIO RECV hand=1,2637329152,1,1,3079467776 pos=-51232.05,1557.49,2838.87
[09:42:20.539] [JOIN] INFO: SCENARIO RECV hand=1,2637329152,1,1,3079467776 pos=-51232.05,1557.49,2838.87
[09:42:20.916] [JOIN] INFO: [authority] suppress NPC hand=1,1667968768 (streamed=20 local=24 supp=11)
[09:42:21.038] [JOIN] INFO: SCENARIO RECV hand=1,2637329152,1,1,3079467776 pos=-51232.05,1557.49,2838.87
[09:42:21.536] [JOIN] INFO: [combat] order hand=1,3662475520 tgt=1,2608154368 localFight=0 r=2
[09:42:21.536] [JOIN] INFO: [combat] order hand=2,2727661056 tgt=3,3090698240 localFight=0 r=2
[09:42:21.536] [JOIN] INFO: [combat] order hand=6,3454589952 tgt=3,3090698240 localFight=0 r=2
[09:42:21.536] [JOIN] INFO: [combat] order hand=8,161499024 tgt=1,2560913152 localFight=0 r=2
[09:42:21.536] [JOIN] INFO: SCENARIO RECV hand=1,2637329152,1,1,3079467776 pos=-51231.73,1557.49,2838.80
[09:42:22.019] [JOIN] INFO: [taskkey] key=4 desc='Attacking' repro=0 subject=1
[09:42:22.019] [JOIN] INFO: [authority] suppress NPC hand=9,2357666048 (streamed=20 local=25 supp=12)
[09:42:22.037] [JOIN] INFO: SCENARIO RECV hand=1,2637329152,1,1,3079467776 pos=-51231.73,1557.49,2838.80
[09:42:22.489] [JOIN] INFO: [event] RECV id=3 ev=1 owner=0 hand=1,23,2883789056,1,2095581056 actor=1,2155761664
[09:42:22.536] [JOIN] INFO: SCENARIO RECV hand=1,2637329152,1,1,3079467776 pos=-51231.73,1557.49,2838.80
[09:42:22.642] [JOIN] INFO: [combat] order hand=1,2155761664 tgt=1,2560913152 localFight=0 r=2
[09:42:22.642] [JOIN] INFO: [combat] order hand=1,249267584 tgt=1,2095581056 localFight=0 r=2
[09:42:23.036] [JOIN] INFO: SCENARIO RECV hand=1,2637329152,1,1,3079467776 pos=-51231.73,1557.49,2838.80
[09:42:23.036] [JOIN] INFO: SPIKE 82b bakedview role=join near60=14 fighting=9 t=6015
[09:42:23.044] [JOIN] INFO: [combat] order hand=2,2727661056 tgt=3,3090698240 localFight=0 r=2
[09:42:23.044] [JOIN] INFO: [combat] order hand=6,3454589952 tgt=3,3090698240 localFight=0 r=2
[09:42:23.044] [JOIN] INFO: [combat] order hand=8,161499024 tgt=1,2560913152 localFight=0 r=2
[09:42:23.251] [JOIN] INFO: [event] RECV id=4 ev=1 owner=0 hand=1,9,2430419968,10,2733154304 actor=3,3090698240
[09:42:23.533] [JOIN] INFO: SCENARIO RECV hand=1,2637329152,1,1,3079467776 pos=-51231.73,1557.49,2838.80
[09:42:24.033] [JOIN] INFO: SCENARIO RECV hand=1,2637329152,1,1,3079467776 pos=-51231.73,1557.49,2838.80
[09:42:24.146] [JOIN] INFO: [combat] order hand=1,249267584 tgt=1,2095581056 localFight=0 r=2
[09:42:24.533] [JOIN] INFO: SCENARIO RECV hand=1,2637329152,1,1,3079467776 pos=-51231.39,1557.41,2839.65
[09:42:24.551] [JOIN] INFO: [combat] order hand=2,2727661056 tgt=3,3090698240 localFight=0 r=2
[09:42:24.551] [JOIN] INFO: [combat] order hand=6,3454589952 tgt=3,3090698240 localFight=0 r=2
[09:42:24.551] [JOIN] INFO: [combat] order hand=8,161499024 tgt=1,2560913152 localFight=0 r=2
[09:42:24.621] [JOIN] INFO: [event] RECV id=5 ev=1 owner=0 hand=1,25,3053100544,1,3905029376 actor=1,40893556
[09:42:24.623] [JOIN] INFO: [gate] hand=1,3923339776 host=4 local=61  agree=929/1015 (91%)
[09:42:24.721] [JOIN] INFO: [combat] order hand=1,40893556 tgt=1,3905029376 localFight=0 r=2
[09:42:25.036] [JOIN] INFO: SCENARIO RECV hand=1,2637329152,1,1,3079467776 pos=-51230.05,1557.19,2842.00
[09:42:25.536] [JOIN] INFO: SCENARIO RECV hand=1,2637329152,1,1,3079467776 pos=-51229.96,1557.20,2841.91
[09:42:25.652] [JOIN] INFO: [combat] order hand=1,249267584 tgt=1,2608154368 localFight=0 r=2
[09:42:26.034] [JOIN] INFO: SCENARIO RECV hand=1,2637329152,1,1,3079467776 pos=-51229.96,1557.20,2841.91
[09:42:26.051] [JOIN] INFO: [combat] order hand=2,2727661056 tgt=3,3090698240 localFight=0 r=2
[09:42:26.051] [JOIN] INFO: [combat] order hand=6,3454589952 tgt=3,3090698240 localFight=0 r=2
[09:42:26.051] [JOIN] INFO: [combat] order hand=8,161499024 tgt=1,2560913152 localFight=0 r=2
[09:42:26.223] [JOIN] INFO: [combat] order hand=1,40893556 tgt=1,1822509824 localFight=0 r=2
[09:42:26.538] [JOIN] INFO: SCENARIO RECV hand=1,2637329152,1,1,3079467776 pos=-51229.96,1557.20,2841.91
[09:42:26.625] [JOIN] INFO: [gate] hand=1,3923339776 host=4 local=65535  agree=929/1238 (75%)
[09:42:27.041] [JOIN] INFO: SCENARIO RECV hand=1,2637329152,1,1,3079467776 pos=-51229.96,1557.20,2841.91
[09:42:27.189] [JOIN] INFO: [combat] order hand=1,3923339776 tgt=1,1822509824 localFight=0 r=2
[09:42:27.515] [JOIN] INFO: [authority] suppress NPC hand=4,1276245120 (streamed=20 local=24 supp=13)
[09:42:27.535] [JOIN] INFO: SCENARIO RECV hand=1,2637329152,1,1,3079467776 pos=-51229.96,1557.20,2841.91
[09:42:27.555] [JOIN] INFO: [combat] order hand=2,2727661056 tgt=3,3090698240 localFight=0 r=2
[09:42:27.555] [JOIN] INFO: [combat] order hand=6,3454589952 tgt=3,3090698240 localFight=0 r=2
[09:42:27.555] [JOIN] INFO: [combat] order hand=8,161499024 tgt=1,2560913152 localFight=0 r=2
[09:42:28.039] [JOIN] INFO: SCENARIO RECV hand=1,2637329152,1,1,3079467776 pos=-51229.96,1557.20,2841.91
[09:42:29.089] [JOIN] INFO: [combat] order hand=2,2727661056 tgt=3,3090698240 localFight=0 r=2
[09:42:29.089] [JOIN] INFO: [combat] order hand=6,3454589952 tgt=3,3090698240 localFight=0 r=2
[09:42:29.089] [JOIN] INFO: [combat] order hand=8,161499024 tgt=1,2560913152 localFight=0 r=2
[09:42:29.089] [JOIN] INFO: SCENARIO RECV hand=1,2637329152,1,1,3079467776 pos=-51229.96,1557.20,2841.91
[09:42:29.584] [JOIN] INFO: SCENARIO RECV hand=1,2637329152,1,1,3079467776 pos=-51229.96,1557.20,2841.91
[09:42:30.080] [JOIN] INFO: SCENARIO RECV hand=1,2637329152,1,1,3079467776 pos=-51229.96,1557.20,2841.91
[09:42:30.641] [JOIN] INFO: [combat] order hand=2,2727661056 tgt=3,3090698240 localFight=0 r=2
[09:42:30.641] [JOIN] INFO: [combat] order hand=6,3454589952 tgt=3,3090698240 localFight=0 r=2
[09:42:30.641] [JOIN] INFO: [combat] order hand=8,161499024 tgt=1,2560913152 localFight=0 r=2
[09:42:30.641] [JOIN] INFO: SCENARIO RECV hand=1,2637329152,1,1,3079467776 pos=-51229.96,1557.20,2841.91
[09:42:31.076] [JOIN] INFO: [event] RECV id=6 ev=1 owner=0 hand=1,27,868896512,1,1822509824 actor=1,40893556
[09:42:31.136] [JOIN] INFO: SCENARIO RECV hand=1,2637329152,1,1,3079467776 pos=-51229.96,1557.20,2841.91
[09:42:31.196] [JOIN] INFO: [combat] order hand=1,3923339776 tgt=1,1822509824 localFight=0 r=2
[09:42:31.206] [JOIN] INFO: [combat] order hand=1,3615112192 tgt=1,1822509824 localFight=0 r=2
[09:42:31.206] [JOIN] INFO: [combat] order hand=1,40893556 tgt=1,1822509824 localFight=0 r=2
[09:42:31.627] [JOIN] INFO: SCENARIO RECV hand=1,2637329152,1,1,3079467776 pos=-51229.96,1557.20,2841.91
[09:42:32.183] [JOIN] INFO: [combat] order hand=2,2727661056 tgt=3,3090698240 localFight=0 r=2
[09:42:32.183] [JOIN] INFO: [combat] order hand=6,3454589952 tgt=3,3090698240 localFight=0 r=2
[09:42:32.183] [JOIN] INFO: [combat] order hand=8,161499024 tgt=1,2560913152 localFight=0 r=2
[09:42:32.183] [JOIN] INFO: SCENARIO RECV hand=1,2637329152,1,1,3079467776 pos=-51229.96,1557.20,2841.91
[09:42:32.685] [JOIN] INFO: SCENARIO RECV hand=1,2637329152,1,1,3079467776 pos=-51229.96,1557.20,2841.91
[09:42:32.704] [JOIN] INFO: [combat] order hand=1,3923339776 tgt=1,1822509824 localFight=0 r=2
[09:42:33.228] [JOIN] INFO: [combat] order hand=1,40893556 tgt=1,2560913152 localFight=0 r=2
[09:42:33.228] [JOIN] INFO: SCENARIO RECV hand=1,2637329152,1,1,3079467776 pos=-51229.96,1557.20,2841.91
[09:42:33.235] [JOIN] INFO: [combat] order hand=1,3615112192 tgt=1,1822509824 localFight=0 r=2
[09:42:33.687] [JOIN] INFO: [combat] order hand=2,2727661056 tgt=3,3090698240 localFight=0 r=2
[09:42:33.687] [JOIN] INFO: [combat] order hand=6,3454589952 tgt=3,3090698240 localFight=0 r=2
[09:42:33.687] [JOIN] INFO: [combat] order hand=8,161499024 tgt=1,2560913152 localFight=0 r=2
[09:42:33.722] [JOIN] INFO: SCENARIO RECV hand=1,2637329152,1,1,3079467776 pos=-51229.96,1557.20,2841.91
[09:42:34.271] [JOIN] INFO: [combat] order hand=1,3923339776 tgt=1,1822509824 localFight=0 r=2
[09:42:34.271] [JOIN] INFO: SCENARIO RECV hand=1,2637329152,1,1,3079467776 pos=-51229.96,1557.20,2841.91
[09:42:34.740] [JOIN] INFO: [combat] order hand=1,3615112192 tgt=1,2608154368 localFight=0 r=2
[09:42:34.767] [JOIN] INFO: SCENARIO RECV hand=1,2637329152,1,1,3079467776 pos=-51229.96,1557.20,2841.91
[09:42:35.299] [JOIN] INFO: [combat] order hand=2,2727661056 tgt=3,3090698240 localFight=0 r=2
[09:42:35.299] [JOIN] INFO: [combat] order hand=6,3454589952 tgt=3,3090698240 localFight=0 r=2
[09:42:35.299] [JOIN] INFO: [combat] order hand=8,161499024 tgt=1,2560913152 localFight=0 r=2
[09:42:35.299] [JOIN] INFO: SCENARIO RECV hand=1,2637329152,1,1,3079467776 pos=-51229.96,1557.20,2841.91
[09:42:35.626] [JOIN] INFO: [event] RECV id=7 ev=1 owner=0 hand=1,20,2748291072,1,2608154368 actor=1,3662475520
[09:42:35.708] [JOIN] INFO: [combat] order hand=1,249267584 tgt=1,2608154368 localFight=0 r=2
[09:42:35.708] [JOIN] INFO: [combat] order hand=1,2244751104 tgt=1,2560913152 localFight=0 r=2
[09:42:35.777] [JOIN] INFO: [combat] order hand=1,3923339776 tgt=1,2560913152 localFight=0 r=2
[09:42:35.801] [JOIN] INFO: SCENARIO RECV hand=1,2637329152,1,1,3079467776 pos=-51229.96,1557.20,2841.91
[09:42:36.325] [JOIN] INFO: [combat] order hand=1,3615112192 tgt=1,2560913152 localFight=0 r=2
[09:42:36.325] [JOIN] INFO: SCENARIO RECV hand=1,2637329152,1,1,3079467776 pos=-51229.96,1557.20,2841.91
[09:42:36.871] [JOIN] INFO: [combat] order hand=2,2727661056 tgt=3,3090698240 localFight=0 r=2
[09:42:36.871] [JOIN] INFO: [combat] order hand=6,3454589952 tgt=3,3090698240 localFight=0 r=2
[09:42:36.871] [JOIN] INFO: [combat] order hand=8,161499024 tgt=1,2560913152 localFight=0 r=2
[09:42:36.871] [JOIN] INFO: SCENARIO RECV hand=1,2637329152,1,1,3079467776 pos=-51229.96,1557.20,2841.91
[09:42:37.420] [JOIN] INFO: [combat] order hand=1,249267584 tgt=1,2608154368 localFight=0 r=2
[09:42:37.421] [JOIN] INFO: SCENARIO RECV hand=1,2637329152,1,1,3079467776 pos=-51229.96,1557.20,2841.91
[09:42:37.909] [JOIN] INFO: SCENARIO RECV hand=1,2637329152,1,1,3079467776 pos=-51233.42,1555.47,2854.22
[09:42:38.447] [JOIN] INFO: [combat] order hand=2,2727661056 tgt=3,3090698240 localFight=0 r=2
[09:42:38.447] [JOIN] INFO: [combat] order hand=6,3454589952 tgt=3,3090698240 localFight=0 r=2
[09:42:38.447] [JOIN] INFO: [combat] order hand=8,161499024 tgt=1,2560913152 localFight=0 r=2
[09:42:38.447] [JOIN] INFO: SCENARIO RECV hand=1,2637329152,1,1,3079467776 pos=-51233.67,1555.57,2853.54
[09:42:38.994] [JOIN] INFO: [combat] order hand=1,249267584 tgt=1,2608154368 localFight=0 r=2
[09:42:38.994] [JOIN] INFO: SCENARIO RECV hand=1,2637329152,1,1,3079467776 pos=-51233.47,1555.66,2852.94
[09:42:39.543] [JOIN] INFO: SCENARIO RECV hand=1,2637329152,1,1,3079467776 pos=-51233.75,1555.54,2853.72
[09:42:39.948] [JOIN] INFO: [combat] order hand=2,2727661056 tgt=3,3090698240 localFight=0 r=2
[09:42:39.948] [JOIN] INFO: [combat] order hand=6,3454589952 tgt=3,3090698240 localFight=0 r=2
[09:42:39.948] [JOIN] INFO: [combat] order hand=8,161499024 tgt=1,2560913152 localFight=0 r=2
[09:42:40.036] [JOIN] INFO: SCENARIO RECV hand=1,2637329152,1,1,3079467776 pos=-51233.75,1555.54,2853.72
[09:42:40.585] [JOIN] INFO: [combat] order hand=1,249267584 tgt=1,2560913152 localFight=0 r=2
[09:42:40.585] [JOIN] INFO: SCENARIO RECV hand=1,2637329152,1,1,3079467776 pos=-51233.75,1555.54,2853.72
[09:42:41.086] [JOIN] INFO: SCENARIO RECV hand=1,2637329152,1,1,3079467776 pos=-51233.75,1555.54,2853.72
[09:42:41.086] [JOIN] INFO: SPIKE 82b bakedview role=join near60=12 fighting=6 t=24062
[09:42:41.628] [JOIN] INFO: [combat] order hand=2,2727661056 tgt=3,3090698240 localFight=0 r=2
[09:42:41.629] [JOIN] INFO: [combat] order hand=6,3454589952 tgt=3,3090698240 localFight=0 r=2
[09:42:41.629] [JOIN] INFO: [combat] order hand=8,161499024 tgt=1,2560913152 localFight=0 r=2
[09:42:41.629] [JOIN] INFO: SCENARIO RECV hand=1,2637329152,1,1,3079467776 pos=-51233.75,1555.54,2853.72
[09:42:42.127] [JOIN] INFO: SCENARIO RECV hand=1,2637329152,1,1,3079467776 pos=-51233.75,1555.54,2853.72
[09:42:42.659] [JOIN] INFO: SCENARIO RECV hand=1,2637329152,1,1,3079467776 pos=-51233.75,1555.54,2853.72
[09:42:43.131] [JOIN] INFO: [combat] order hand=2,2727661056 tgt=3,3090698240 localFight=0 r=2
[09:42:43.131] [JOIN] INFO: [combat] order hand=6,3454589952 tgt=3,3090698240 localFight=0 r=2
[09:42:43.131] [JOIN] INFO: [combat] order hand=8,161499024 tgt=1,2560913152 localFight=0 r=2
[09:42:43.163] [JOIN] INFO: SCENARIO RECV hand=1,2637329152,1,1,3079467776 pos=-51233.75,1555.54,2853.72
[09:42:43.688] [JOIN] INFO: SCENARIO RECV hand=1,2637329152,1,1,3079467776 pos=-51233.75,1555.54,2853.72
[09:42:44.176] [JOIN] INFO: SCENARIO RECV hand=1,2637329152,1,1,3079467776 pos=-51233.75,1555.54,2853.72
[09:42:44.715] [JOIN] INFO: [combat] order hand=2,2727661056 tgt=5,1919189504 localFight=0 r=2
[09:42:44.715] [JOIN] INFO: [combat] order hand=6,3454589952 tgt=3,3090698240 localFight=0 r=2
[09:42:44.716] [JOIN] INFO: [combat] order hand=8,161499024 tgt=1,2560913152 localFight=0 r=2
[09:42:44.716] [JOIN] INFO: SCENARIO RECV hand=1,2637329152,1,1,3079467776 pos=-51233.75,1555.54,2853.72
[09:42:45.210] [JOIN] INFO: SCENARIO RECV hand=1,2637329152,1,1,3079467776 pos=-51233.75,1555.54,2853.72
[09:42:45.707] [JOIN] INFO: SCENARIO RECV hand=1,2637329152,1,1,3079467776 pos=-51233.75,1555.54,2853.72
[09:42:46.263] [JOIN] INFO: [combat] order hand=2,2727661056 tgt=5,1919189504 localFight=0 r=2
[09:42:46.263] [JOIN] INFO: [combat] order hand=6,3454589952 tgt=3,3090698240 localFight=0 r=2
[09:42:46.263] [JOIN] INFO: [combat] order hand=8,161499024 tgt=1,2560913152 localFight=0 r=2
[09:42:46.263] [JOIN] INFO: SCENARIO RECV hand=1,2637329152,1,1,3079467776 pos=-51233.75,1555.54,2853.72
[09:42:46.390] [JOIN] INFO: [authority] suppress NPC hand=2,2703369216 (streamed=20 local=22 supp=14)
[09:42:46.755] [JOIN] INFO: SCENARIO RECV hand=1,2637329152,1,1,3079467776 pos=-51233.75,1555.54,2853.72
[09:42:47.289] [JOIN] INFO: [authority] suppress NPC hand=7,3511962880 (streamed=0 local=22 supp=15)
[09:42:47.290] [JOIN] INFO: [authority] suppress NPC hand=1,2608154368 (streamed=0 local=22 supp=16)
[09:42:47.290] [JOIN] INFO: [authority] suppress NPC hand=1,2095581056 (streamed=0 local=22 supp=17)
[09:42:47.290] [JOIN] INFO: [authority] suppress NPC hand=1,1822509824 (streamed=0 local=22 supp=18)
[09:42:47.290] [JOIN] INFO: [authority] suppress NPC hand=1,3905029376 (streamed=0 local=22 supp=19)
[09:42:47.290] [JOIN] INFO: [authority] suppress NPC hand=1,2560913152 (streamed=0 local=22 supp=20)
[09:42:47.290] [JOIN] INFO: [authority] suppress NPC hand=1,746948224 (streamed=0 local=22 supp=21)
[09:42:47.290] [JOIN] INFO: [authority] suppress NPC hand=1,3615112192 (streamed=0 local=22 supp=22)
[09:42:47.290] [JOIN] INFO: [authority] suppress NPC hand=1,249267584 (streamed=0 local=22 supp=23)
[09:42:47.290] [JOIN] INFO: [authority] suppress NPC hand=1,2155761664 (streamed=0 local=22 supp=24)
[09:42:47.290] [JOIN] INFO: [authority] suppress NPC hand=1,3923339776 (streamed=0 local=22 supp=25)
[09:42:47.290] [JOIN] INFO: [authority] suppress NPC hand=1,40893556 (streamed=0 local=22 supp=26)
[09:42:47.290] [JOIN] INFO: [authority] suppress NPC hand=1,2244751104 (streamed=0 local=22 supp=27)
[09:42:47.290] [JOIN] INFO: SCENARIO RECV hand=1,2637329152,1,1,3079467776 pos=-51233.75,1555.54,2853.72
[09:42:47.785] [JOIN] INFO: SCENARIO RECV hand=1,2637329152,1,1,3079467776 pos=-51233.75,1555.54,2853.72
[09:42:48.336] [JOIN] INFO: SCENARIO RECV hand=1,2637329152,1,1,3079467776 pos=-51233.75,1555.54,2853.72
[09:42:48.830] [JOIN] INFO: SCENARIO RECV hand=1,2637329152,1,1,3079467776 pos=-51233.75,1555.54,2853.72
[09:42:49.021] [JOIN] INFO: SCENARIO SMOOTH active=932 zeroWhileActive=138 zeroFrac=0.148 maxStep=281.040
[09:42:49.021] [JOIN] INFO: SCENARIO ANIM translate=781 walkTruth=737 floatFrac=0.056
[09:42:49.021] [JOIN] INFO: SCENARIO MARCH restSamples=2642 march=0 marchFrac=0.000
[09:42:49.021] [JOIN] INFO: SCENARIO RESULT PASS
[09:42:49.153] [JOIN] INFO: [authority] suppress NPC hand=5,1919189504 (streamed=0 local=23 supp=28)
[09:42:50.483] [JOIN] INFO: [net] disconnected from host
[09:42:50.488] [JOIN] INFO: handshake: peer left id=4294967295
[09:42:50.534] [JOIN] INFO: [net] reconnecting
