[22:59:22.581] [HOST] INFO: log opened
[22:59:22.582] [HOST] INFO: KenshiCoop loaded! (clean rebuild)
[22:59:22.582] [HOST] INFO: KenshiCoop: build Jun 19 2026 22:58:46
[22:59:22.582] [HOST] INFO: KenshiCoop: role=HOST proto=v11 port=27800 save='c'
[22:59:22.636] [HOST] INFO: KenshiCoop: ownership ranks = {0} (bidirectional presence)
[22:59:22.690] [HOST] INFO: KenshiCoop: auto-load armed for save 'c'
[22:59:22.690] [HOST] INFO: KenshiCoop: test mode - self-exit 30 s after gameplay starts
[22:59:22.690] [HOST] INFO: KenshiCoop: scenario armed 'spike'
[22:59:22.690] [HOST] INFO: KenshiCoop: starting as HOST
[22:59:22.691] [HOST] INFO: [net] hosting
[22:59:28.988] [HOST] INFO: KenshiCoop: auto-load issued for save 'c' (after 5000 ms settle)
[22:59:33.338] [HOST] INFO: [net] peer connecting (awaiting HELLO)
[22:59:33.338] [HOST] INFO: [net] peer connected id=1 (proto v11)
[22:59:33.340] [HOST] INFO: handshake: peer present id=1 (local id=0)
[22:59:40.626] [HOST] INFO: KenshiCoop: gameplay started
[22:59:40.626] [HOST] INFO: SCENARIO spike start
[22:59:40.627] [HOST] INFO: SPIKE 1 start id=1 host=1
[22:59:40.627] [HOST] INFO: SPIKE 1 baseline role=H near=3
[22:59:40.627] [HOST] INFO: SPIKE 1 spawned i=0 hand=2,1895874048,1,1,3079467776
[22:59:40.628] [HOST] INFO: SPIKE 1 spawned i=1 hand=3,3890014720,1,1,3079467776
[22:59:40.629] [HOST] INFO: SPIKE 1 spawned i=2 hand=4,3689819392,1,1,3079467776
[22:59:40.630] [HOST] INFO: SPIKE 1 spawned i=3 hand=5,2842529280,1,1,3079467776
[22:59:40.630] [HOST] INFO: SPIKE 1 spawned i=4 hand=6,1067382784,1,1,3079467776
[22:59:40.631] [HOST] INFO: SPIKE 1 spawned i=5 hand=7,3584472576,1,1,3079467776
[22:59:40.631] [HOST] INFO: SPIKE 1 spawnedN=6 newNear=9 (baseline=3)
[22:59:40.634] [HOST] INFO: SCENARIO MEMBER hand=1,2637329152,1,1,3079467776 pos=-51234.47,1547.65,2851.09
[22:59:40.742] [HOST] INFO: [taskkey] key=1 desc='Moving' repro=0 subject=1
[22:59:41.137] [HOST] INFO: SCENARIO MEMBER hand=1,2637329152,1,1,3079467776 pos=-51234.57,1555.95,2850.99
[22:59:41.637] [HOST] INFO: SCENARIO MEMBER hand=1,2637329152,1,1,3079467776 pos=-51234.57,1555.95,2850.99
[22:59:41.637] [HOST] INFO: SPIKE 1 census role=H t=1016 fps=137.8 near=4 spawnedN=6
[22:59:41.952] [HOST] INFO: [taskkey] key=87 desc='Operating machine' repro=1 subject=1
[22:59:41.952] [HOST] INFO: [seatres] HOST task=87 npc=1,3996215808 subj=514,2909912064 ok=1 npcpos=-51199.8,2664.4 subjpos=-51206.5,2659.7 d=8.2
[22:59:42.067] [HOST] INFO: [taskkey] key=51 desc='Stand at node' repro=0 subject=1
[22:59:42.137] [HOST] INFO: SCENARIO MEMBER hand=1,2637329152,1,1,3079467776 pos=-51234.57,1555.95,2850.99
[22:59:42.641] [HOST] INFO: SCENARIO MEMBER hand=1,2637329152,1,1,3079467776 pos=-51234.57,1555.95,2850.99
[22:59:42.641] [HOST] INFO: SPIKE 1 census role=H t=2016 fps=142.0 near=3 spawnedN=6
[22:59:43.134] [HOST] INFO: SCENARIO MEMBER hand=1,2637329152,1,1,3079467776 pos=-51234.57,1555.95,2850.99
[22:59:43.640] [HOST] INFO: SCENARIO MEMBER hand=1,2637329152,1,1,3079467776 pos=-51234.57,1555.95,2850.99
[22:59:43.640] [HOST] INFO: SPIKE 1 census role=H t=3016 fps=120.0 near=3 spawnedN=6
[22:59:44.137] [HOST] INFO: SCENARIO MEMBER hand=1,2637329152,1,1,3079467776 pos=-51234.57,1555.95,2850.99
[22:59:44.642] [HOST] INFO: SCENARIO MEMBER hand=1,2637329152,1,1,3079467776 pos=-51234.57,1555.95,2850.99
[22:59:44.643] [HOST] INFO: SPIKE 1 census role=H t=4016 fps=111.0 near=3 spawnedN=6
[22:59:44.643] [HOST] INFO: SPIKE 1 host re-resolve firstSpawned=OK
[22:59:45.138] [HOST] INFO: SCENARIO MEMBER hand=1,2637329152,1,1,3079467776 pos=-51234.57,1555.95,2850.99
[22:59:45.658] [HOST] INFO: SCENARIO MEMBER hand=1,2637329152,1,1,3079467776 pos=-51234.57,1555.95,2850.99
[22:59:45.658] [HOST] INFO: SPIKE 1 census role=H t=5031 fps=115.3 near=3 spawnedN=6
[22:59:46.153] [HOST] INFO: SCENARIO MEMBER hand=1,2637329152,1,1,3079467776 pos=-51234.57,1555.95,2850.99
[22:59:46.653] [HOST] INFO: SCENARIO MEMBER hand=1,2637329152,1,1,3079467776 pos=-51234.57,1555.95,2850.99
[22:59:46.653] [HOST] INFO: SPIKE 1 census role=H t=6031 fps=76.0 near=3 spawnedN=6
[22:59:47.158] [HOST] INFO: SCENARIO MEMBER hand=1,2637329152,1,1,3079467776 pos=-51234.57,1555.95,2850.99
[22:59:47.650] [HOST] INFO: SCENARIO MEMBER hand=1,2637329152,1,1,3079467776 pos=-51234.57,1555.95,2850.99
[22:59:47.650] [HOST] INFO: SPIKE 1 census role=H t=7031 fps=116.0 near=3 spawnedN=6
[22:59:48.150] [HOST] INFO: SCENARIO MEMBER hand=1,2637329152,1,1,3079467776 pos=-51234.57,1555.95,2850.99
[22:59:48.655] [HOST] INFO: SCENARIO MEMBER hand=1,2637329152,1,1,3079467776 pos=-51234.57,1555.95,2850.99
[22:59:48.655] [HOST] INFO: SPIKE 1 census role=H t=8031 fps=120.0 near=3 spawnedN=6
[22:59:49.155] [HOST] INFO: SCENARIO MEMBER hand=1,2637329152,1,1,3079467776 pos=-51234.57,1555.95,2850.99
[22:59:49.655] [HOST] INFO: SCENARIO MEMBER hand=1,2637329152,1,1,3079467776 pos=-51234.57,1555.95,2850.99
[22:59:49.655] [HOST] INFO: SPIKE 1 census role=H t=9031 fps=123.0 near=3 spawnedN=6
[22:59:50.152] [HOST] INFO: SCENARIO MEMBER hand=1,2637329152,1,1,3079467776 pos=-51234.57,1555.95,2850.99
[22:59:50.655] [HOST] INFO: SCENARIO MEMBER hand=1,2637329152,1,1,3079467776 pos=-51234.57,1555.95,2850.99
[22:59:50.655] [HOST] INFO: SPIKE 1 census role=H t=10031 fps=132.0 near=4 spawnedN=6
[22:59:51.157] [HOST] INFO: SCENARIO MEMBER hand=1,2637329152,1,1,3079467776 pos=-51234.57,1555.95,2850.99
[22:59:51.654] [HOST] INFO: SCENARIO MEMBER hand=1,2637329152,1,1,3079467776 pos=-51234.57,1555.95,2850.99
[22:59:51.654] [HOST] INFO: SPIKE 1 census role=H t=11031 fps=122.0 near=3 spawnedN=6
[22:59:52.154] [HOST] INFO: SCENARIO MEMBER hand=1,2637329152,1,1,3079467776 pos=-51234.57,1555.95,2850.99
[22:59:52.654] [HOST] INFO: SCENARIO MEMBER hand=1,2637329152,1,1,3079467776 pos=-51234.57,1555.95,2850.99
[22:59:52.654] [HOST] INFO: SPIKE 1 census role=H t=12031 fps=120.0 near=3 spawnedN=6
[22:59:53.156] [HOST] INFO: SCENARIO MEMBER hand=1,2637329152,1,1,3079467776 pos=-51234.57,1555.95,2850.99
[22:59:53.651] [HOST] INFO: SCENARIO MEMBER hand=1,2637329152,1,1,3079467776 pos=-51234.57,1555.95,2850.99
[22:59:53.651] [HOST] INFO: SPIKE 1 census role=H t=13031 fps=117.0 near=3 spawnedN=6
[22:59:54.153] [HOST] INFO: SCENARIO MEMBER hand=1,2637329152,1,1,3079467776 pos=-51234.57,1555.95,2850.99
[22:59:54.654] [HOST] INFO: SCENARIO MEMBER hand=1,2637329152,1,1,3079467776 pos=-51234.57,1555.95,2850.99
[22:59:54.654] [HOST] INFO: SPIKE 1 census role=H t=14031 fps=120.0 near=3 spawnedN=6
[22:59:55.157] [HOST] INFO: SCENARIO MEMBER hand=1,2637329152,1,1,3079467776 pos=-51234.57,1555.95,2850.99
[22:59:55.656] [HOST] INFO: SCENARIO MEMBER hand=1,2637329152,1,1,3079467776 pos=-51234.57,1555.95,2850.99
[22:59:55.656] [HOST] INFO: SPIKE 1 census role=H t=15031 fps=122.0 near=3 spawnedN=6
[22:59:56.156] [HOST] INFO: SCENARIO MEMBER hand=1,2637329152,1,1,3079467776 pos=-51234.57,1555.95,2850.99
[22:59:56.652] [HOST] INFO: SCENARIO MEMBER hand=1,2637329152,1,1,3079467776 pos=-51234.57,1555.95,2850.99
[22:59:56.652] [HOST] INFO: SPIKE 1 census role=H t=16031 fps=124.0 near=3 spawnedN=6
[22:59:57.154] [HOST] INFO: SCENARIO MEMBER hand=1,2637329152,1,1,3079467776 pos=-51234.57,1555.95,2850.99
[22:59:57.654] [HOST] INFO: SCENARIO MEMBER hand=1,2637329152,1,1,3079467776 pos=-51234.57,1555.95,2850.99
[22:59:57.654] [HOST] INFO: SPIKE 1 census role=H t=17031 fps=122.0 near=3 spawnedN=6
[22:59:58.158] [HOST] INFO: SCENARIO MEMBER hand=1,2637329152,1,1,3079467776 pos=-51234.57,1555.95,2850.99
[22:59:58.652] [HOST] INFO: SCENARIO MEMBER hand=1,2637329152,1,1,3079467776 pos=-51234.57,1555.95,2850.99
[22:59:58.652] [HOST] INFO: SPIKE 1 census role=H t=18031 fps=121.0 near=3 spawnedN=6
[22:59:59.150] [HOST] INFO: SCENARIO MEMBER hand=1,2637329152,1,1,3079467776 pos=-51234.57,1555.95,2850.99
[22:59:59.655] [HOST] INFO: SCENARIO MEMBER hand=1,2637329152,1,1,3079467776 pos=-51234.57,1555.95,2850.99
[22:59:59.656] [HOST] INFO: SPIKE 1 census role=H t=19031 fps=120.0 near=3 spawnedN=6
[23:00:00.152] [HOST] INFO: SCENARIO MEMBER hand=1,2637329152,1,1,3079467776 pos=-51234.57,1555.95,2850.99
[23:00:00.650] [HOST] INFO: SCENARIO MEMBER hand=1,2637329152,1,1,3079467776 pos=-51234.57,1555.95,2850.99
[23:00:00.650] [HOST] INFO: SPIKE 1 census role=H t=20031 fps=117.0 near=3 spawnedN=6
[23:00:01.156] [HOST] INFO: SCENARIO MEMBER hand=1,2637329152,1,1,3079467776 pos=-51234.57,1555.95,2850.99
[23:00:01.650] [HOST] INFO: SCENARIO MEMBER hand=1,2637329152,1,1,3079467776 pos=-51234.57,1555.95,2850.99
[23:00:01.650] [HOST] INFO: SPIKE 1 census role=H t=21031 fps=119.0 near=3 spawnedN=6
[23:00:02.149] [HOST] INFO: SCENARIO MEMBER hand=1,2637329152,1,1,3079467776 pos=-51234.57,1555.95,2850.99
[23:00:02.656] [HOST] INFO: SCENARIO MEMBER hand=1,2637329152,1,1,3079467776 pos=-51234.57,1555.95,2850.99
[23:00:02.656] [HOST] INFO: SPIKE 1 census role=H t=22031 fps=121.0 near=3 spawnedN=6
[23:00:03.157] [HOST] INFO: SCENARIO MEMBER hand=1,2637329152,1,1,3079467776 pos=-51234.57,1555.95,2850.99
[23:00:03.656] [HOST] INFO: SCENARIO MEMBER hand=1,2637329152,1,1,3079467776 pos=-51234.57,1555.95,2850.99
[23:00:03.656] [HOST] INFO: SPIKE 1 census role=H t=23031 fps=120.0 near=3 spawnedN=6
[23:00:04.153] [HOST] INFO: SCENARIO MEMBER hand=1,2637329152,1,1,3079467776 pos=-51234.57,1555.95,2850.99
[23:00:04.653] [HOST] INFO: SCENARIO MEMBER hand=1,2637329152,1,1,3079467776 pos=-51234.57,1555.95,2850.99
[23:00:04.653] [HOST] INFO: SPIKE 1 census role=H t=24031 fps=119.0 near=3 spawnedN=6
[23:00:05.156] [HOST] INFO: SCENARIO MEMBER hand=1,2637329152,1,1,3079467776 pos=-51234.57,1555.95,2850.99
[23:00:05.651] [HOST] INFO: SCENARIO MEMBER hand=1,2637329152,1,1,3079467776 pos=-51234.57,1555.95,2850.99
[23:00:05.651] [HOST] INFO: SPIKE 1 census role=H t=25031 fps=120.0 near=3 spawnedN=6
[23:00:06.153] [HOST] INFO: SCENARIO MEMBER hand=1,2637329152,1,1,3079467776 pos=-51234.57,1555.95,2850.99
[23:00:06.655] [HOST] INFO: SCENARIO MEMBER hand=1,2637329152,1,1,3079467776 pos=-51234.57,1555.95,2850.99
[23:00:06.655] [HOST] INFO: SPIKE 1 census role=H t=26031 fps=122.0 near=3 spawnedN=6
[23:00:07.154] [HOST] INFO: SCENARIO MEMBER hand=1,2637329152,1,1,3079467776 pos=-51234.57,1555.95,2850.99
[23:00:07.654] [HOST] INFO: SCENARIO MEMBER hand=1,2637329152,1,1,3079467776 pos=-51234.57,1555.95,2850.99
[23:00:07.654] [HOST] INFO: SPIKE 1 census role=H t=27031 fps=120.0 near=3 spawnedN=6
[23:00:08.153] [HOST] INFO: SCENARIO MEMBER hand=1,2637329152,1,1,3079467776 pos=-51234.57,1555.95,2850.99
[23:00:08.655] [HOST] INFO: SCENARIO MEMBER hand=1,2637329152,1,1,3079467776 pos=-51234.57,1555.95,2850.99
[23:00:08.655] [HOST] INFO: SPIKE 1 census role=H t=28031 fps=119.0 near=3 spawnedN=6
[23:00:09.156] [HOST] INFO: SCENARIO MEMBER hand=1,2637329152,1,1,3079467776 pos=-51234.57,1555.95,2850.99
[23:00:09.651] [HOST] INFO: SCENARIO MEMBER hand=1,2637329152,1,1,3079467776 pos=-51234.57,1555.95,2850.99
[23:00:09.651] [HOST] INFO: SPIKE 1 census role=H t=29031 fps=119.0 near=3 spawnedN=6
[23:00:10.153] [HOST] INFO: SCENARIO MEMBER hand=1,2637329152,1,1,3079467776 pos=-51234.57,1555.95,2850.99
[23:00:10.624] [HOST] INFO: KenshiCoop: test duration elapsed; exiting
