[22:59:33.219] [JOIN] INFO: log opened
[22:59:33.219] [JOIN] INFO: KenshiCoop loaded! (clean rebuild)
[22:59:33.219] [JOIN] INFO: KenshiCoop: build Jun 19 2026 22:58:46
[22:59:33.219] [JOIN] INFO: KenshiCoop: role=JOIN proto=v11 port=27800 save='c'
[22:59:33.277] [JOIN] INFO: KenshiCoop: ownership ranks = {1} (bidirectional presence)
[22:59:33.332] [JOIN] INFO: KenshiCoop: auto-load armed for save 'c'
[22:59:33.332] [JOIN] INFO: KenshiCoop: test mode - self-exit 30 s after gameplay starts
[22:59:33.332] [JOIN] INFO: KenshiCoop: scenario armed 'spike'
[22:59:33.332] [JOIN] INFO: KenshiCoop: starting as CLIENT
[22:59:33.337] [JOIN] INFO: [net] connecting
[22:59:33.338] [JOIN] INFO: [net] connected to host; sent HELLO
[22:59:33.338] [JOIN] INFO: [net] peer connected id=1 (proto v11) - received WELCOME
[22:59:39.613] [JOIN] INFO: KenshiCoop: auto-load issued for save 'c' (after 5000 ms settle)
[22:59:42.507] [JOIN] INFO: handshake: peer present id=0 (local id=1)
[22:59:50.725] [JOIN] INFO: KenshiCoop: gameplay started
[22:59:50.725] [JOIN] INFO: SCENARIO spike start
[22:59:50.725] [JOIN] INFO: SPIKE 1 start id=1 host=0
[22:59:50.725] [JOIN] INFO: SPIKE 1 baseline role=J near=3
[22:59:50.727] [JOIN] INFO: [gate] hand=1,3823120128 host=1 local=65535  agree=0/1 (0%)
[22:59:50.727] [JOIN] INFO: [pose] rest re-arm task 65535 -> 87
[22:59:50.727] [JOIN] INFO: [pose] applyOrder hand=1,3996215808 task=87 subj=514,2909912064,0 det=1 r=2
[22:59:50.727] [JOIN] INFO: [authority] suppress NPC hand=1,1723144576 (streamed=11 local=3 supp=1)
[22:59:50.727] [JOIN] INFO: [authority] suppress NPC hand=3,3090698240 (streamed=11 local=3 supp=2)
[22:59:50.727] [JOIN] INFO: SCENARIO RECV hand=1,2637329152,1,1,3079467776 pos=-51234.47,1547.65,2851.09
[22:59:50.774] [JOIN] INFO: [taskkey] key=1 desc='Moving' repro=0 subject=0
[22:59:50.894] [JOIN] INFO: [taskkey] key=51 desc='Stand at node' repro=0 subject=1
[22:59:51.223] [JOIN] INFO: [authority] suppress NPC hand=5,1919189504 (streamed=11 local=6 supp=3)
[22:59:51.230] [JOIN] INFO: SCENARIO RECV hand=1,2637329152,1,1,3079467776 pos=-51234.57,1555.95,2850.99
[22:59:51.731] [JOIN] INFO: SCENARIO RECV hand=1,2637329152,1,1,3079467776 pos=-51234.57,1555.95,2850.99
[22:59:51.731] [JOIN] INFO: SPIKE 1 census role=J t=1015 fps=132.0 near=7 spawnedN=0
[22:59:52.044] [JOIN] INFO: [taskkey] key=87 desc='Operating machine' repro=1 subject=1
[22:59:52.044] [JOIN] INFO: [seatres] HOST task=87 npc=1,3996215808 subj=514,2909912064 ok=1 npcpos=-51200.1,2664.3 subjpos=-51206.5,2659.7 d=7.9
[22:59:52.231] [JOIN] INFO: SCENARIO RECV hand=1,2637329152,1,1,3079467776 pos=-51234.57,1555.95,2850.99
[22:59:52.386] [JOIN] INFO: [authority] suppress NPC hand=1,1667968768 (streamed=11 local=8 supp=4)
[22:59:52.734] [JOIN] INFO: SCENARIO RECV hand=1,2637329152,1,1,3079467776 pos=-51234.57,1555.95,2850.99
[22:59:52.734] [JOIN] INFO: SPIKE 1 census role=J t=2015 fps=128.0 near=8 spawnedN=0
[22:59:53.126] [JOIN] INFO: [authority] suppress NPC hand=2,2703369216 (streamed=10 local=8 supp=5)
[22:59:53.231] [JOIN] INFO: SCENARIO RECV hand=1,2637329152,1,1,3079467776 pos=-51234.57,1555.95,2850.99
[22:59:53.732] [JOIN] INFO: SCENARIO RECV hand=1,2637329152,1,1,3079467776 pos=-51234.57,1555.95,2850.99
[22:59:53.732] [JOIN] INFO: SPIKE 1 census role=J t=3015 fps=125.0 near=8 spawnedN=0
[22:59:54.229] [JOIN] INFO: SCENARIO RECV hand=1,2637329152,1,1,3079467776 pos=-51234.57,1555.95,2850.99
[22:59:54.730] [JOIN] INFO: SCENARIO RECV hand=1,2637329152,1,1,3079467776 pos=-51234.57,1555.95,2850.99
[22:59:54.730] [JOIN] INFO: SPIKE 1 census role=J t=4015 fps=129.0 near=8 spawnedN=0
[22:59:55.231] [JOIN] INFO: SCENARIO RECV hand=1,2637329152,1,1,3079467776 pos=-51234.57,1555.95,2850.99
[22:59:55.735] [JOIN] INFO: SCENARIO RECV hand=1,2637329152,1,1,3079467776 pos=-51234.57,1555.95,2850.99
[22:59:55.735] [JOIN] INFO: SPIKE 1 census role=J t=5015 fps=131.0 near=8 spawnedN=0
[22:59:56.231] [JOIN] INFO: SCENARIO RECV hand=1,2637329152,1,1,3079467776 pos=-51234.57,1555.95,2850.99
[22:59:56.735] [JOIN] INFO: SCENARIO RECV hand=1,2637329152,1,1,3079467776 pos=-51234.57,1555.95,2850.99
[22:59:56.735] [JOIN] INFO: SPIKE 1 census role=J t=6015 fps=106.0 near=8 spawnedN=0
[22:59:57.234] [JOIN] INFO: SCENARIO RECV hand=1,2637329152,1,1,3079467776 pos=-51234.57,1555.95,2850.99
[22:59:57.734] [JOIN] INFO: SCENARIO RECV hand=1,2637329152,1,1,3079467776 pos=-51234.57,1555.95,2850.99
[22:59:57.734] [JOIN] INFO: SPIKE 1 census role=J t=7015 fps=134.0 near=8 spawnedN=0
[22:59:58.228] [JOIN] INFO: SCENARIO RECV hand=1,2637329152,1,1,3079467776 pos=-51234.57,1555.95,2850.99
[22:59:58.732] [JOIN] INFO: SCENARIO RECV hand=1,2637329152,1,1,3079467776 pos=-51234.57,1555.95,2850.99
[22:59:58.732] [JOIN] INFO: SPIKE 1 census role=J t=8015 fps=133.0 near=8 spawnedN=0
[22:59:59.232] [JOIN] INFO: SCENARIO RECV hand=1,2637329152,1,1,3079467776 pos=-51234.57,1555.95,2850.99
[22:59:59.525] [JOIN] INFO: [taskkey] key=141 desc='Following leader' repro=0 subject=1
[22:59:59.525] [JOIN] INFO: [authority] suppress NPC hand=4,1159912064 (streamed=10 local=9 supp=6)
[22:59:59.732] [JOIN] INFO: SCENARIO RECV hand=1,2637329152,1,1,3079467776 pos=-51234.57,1555.95,2850.99
[22:59:59.732] [JOIN] INFO: SPIKE 1 census role=J t=9015 fps=132.0 near=9 spawnedN=0
[23:00:00.063] [JOIN] INFO: [authority] suppress NPC hand=11,3073608448 (streamed=10 local=10 supp=7)
[23:00:00.124] [JOIN] INFO: [taskkey] key=22 desc='Patrolling' repro=0 subject=0
[23:00:00.124] [JOIN] INFO: [authority] suppress NPC hand=1,3662475520 (streamed=10 local=11 supp=8)
[23:00:00.231] [JOIN] INFO: SCENARIO RECV hand=1,2637329152,1,1,3079467776 pos=-51234.57,1555.95,2850.99
[23:00:00.386] [JOIN] INFO: [authority] suppress NPC hand=3,2274414080 (streamed=10 local=12 supp=9)
[23:00:00.510] [JOIN] INFO: [authority] suppress NPC hand=10,2733154304 (streamed=10 local=13 supp=10)
[23:00:00.731] [JOIN] INFO: SCENARIO RECV hand=1,2637329152,1,1,3079467776 pos=-51234.57,1555.95,2850.99
[23:00:00.731] [JOIN] INFO: SPIKE 1 census role=J t=10015 fps=128.0 near=13 spawnedN=0
[23:00:00.926] [JOIN] INFO: [authority] suppress NPC hand=2,2727661056 (streamed=10 local=14 supp=11)
[23:00:01.229] [JOIN] INFO: SCENARIO RECV hand=1,2637329152,1,1,3079467776 pos=-51234.57,1555.95,2850.99
[23:00:01.730] [JOIN] INFO: SCENARIO RECV hand=1,2637329152,1,1,3079467776 pos=-51234.57,1555.95,2850.99
[23:00:01.730] [JOIN] INFO: SPIKE 1 census role=J t=11015 fps=131.0 near=14 spawnedN=0
[23:00:02.233] [JOIN] INFO: SCENARIO RECV hand=1,2637329152,1,1,3079467776 pos=-51234.57,1555.95,2850.99
[23:00:02.728] [JOIN] INFO: SCENARIO RECV hand=1,2637329152,1,1,3079467776 pos=-51234.57,1555.95,2850.99
[23:00:02.728] [JOIN] INFO: SPIKE 1 census role=J t=12015 fps=131.0 near=14 spawnedN=0
[23:00:03.228] [JOIN] INFO: SCENARIO RECV hand=1,2637329152,1,1,3079467776 pos=-51234.57,1555.95,2850.99
[23:00:03.732] [JOIN] INFO: SCENARIO RECV hand=1,2637329152,1,1,3079467776 pos=-51234.57,1555.95,2850.99
[23:00:03.732] [JOIN] INFO: SPIKE 1 census role=J t=13015 fps=133.0 near=14 spawnedN=0
[23:00:04.225] [JOIN] INFO: [authority] suppress NPC hand=1,3808471552 (streamed=10 local=15 supp=12)
[23:00:04.233] [JOIN] INFO: SCENARIO RECV hand=1,2637329152,1,1,3079467776 pos=-51234.57,1555.95,2850.99
[23:00:04.730] [JOIN] INFO: SCENARIO RECV hand=1,2637329152,1,1,3079467776 pos=-51234.57,1555.95,2850.99
[23:00:04.730] [JOIN] INFO: SPIKE 1 census role=J t=14015 fps=130.0 near=15 spawnedN=0
[23:00:05.232] [JOIN] INFO: SCENARIO RECV hand=1,2637329152,1,1,3079467776 pos=-51234.57,1555.95,2850.99
[23:00:05.728] [JOIN] INFO: SCENARIO RECV hand=1,2637329152,1,1,3079467776 pos=-51234.57,1555.95,2850.99
[23:00:05.728] [JOIN] INFO: SPIKE 1 census role=J t=15015 fps=130.0 near=15 spawnedN=0
[23:00:06.234] [JOIN] INFO: SCENARIO RECV hand=1,2637329152,1,1,3079467776 pos=-51234.57,1555.95,2850.99
[23:00:06.735] [JOIN] INFO: SCENARIO RECV hand=1,2637329152,1,1,3079467776 pos=-51234.57,1555.95,2850.99
[23:00:06.735] [JOIN] INFO: SPIKE 1 census role=J t=16015 fps=132.0 near=15 spawnedN=0
[23:00:07.233] [JOIN] INFO: SCENARIO RECV hand=1,2637329152,1,1,3079467776 pos=-51234.57,1555.95,2850.99
[23:00:07.483] [JOIN] INFO: [authority] restore NPC hand=1,3808471552 (supp=11)
[23:00:07.492] [JOIN] INFO: [gate] hand=1,3808471552 host=1 local=65535  agree=6479/6809 (95%)
[23:00:07.730] [JOIN] INFO: SCENARIO RECV hand=1,2637329152,1,1,3079467776 pos=-51234.57,1555.95,2850.99
[23:00:07.730] [JOIN] INFO: SPIKE 1 census role=J t=17015 fps=130.0 near=15 spawnedN=0
[23:00:08.230] [JOIN] INFO: SCENARIO RECV hand=1,2637329152,1,1,3079467776 pos=-51234.57,1555.95,2850.99
[23:00:08.729] [JOIN] INFO: SCENARIO RECV hand=1,2637329152,1,1,3079467776 pos=-51234.57,1555.95,2850.99
[23:00:08.729] [JOIN] INFO: SPIKE 1 census role=J t=18015 fps=130.0 near=15 spawnedN=0
[23:00:08.936] [JOIN] INFO: [authority] suppress NPC hand=1,3823120128 (streamed=10 local=15 supp=12)
[23:00:09.228] [JOIN] INFO: SCENARIO RECV hand=1,2637329152,1,1,3079467776 pos=-51234.57,1555.95,2850.99
[23:00:09.562] [JOIN] INFO: [gate] hand=1,3808471552 host=1 local=65535  agree=7392/7803 (94%)
[23:00:09.733] [JOIN] INFO: SCENARIO RECV hand=1,2637329152,1,1,3079467776 pos=-51234.57,1555.95,2850.99
[23:00:09.733] [JOIN] INFO: SPIKE 1 census role=J t=19015 fps=131.0 near=15 spawnedN=0
[23:00:10.228] [JOIN] INFO: SCENARIO RECV hand=1,2637329152,1,1,3079467776 pos=-51234.57,1555.95,2850.99
[23:00:10.730] [JOIN] INFO: SCENARIO RECV hand=1,2637329152,1,1,3079467776 pos=-51234.57,1555.95,2850.99
[23:00:10.730] [JOIN] INFO: SPIKE 1 census role=J t=20015 fps=130.0 near=15 spawnedN=0
[23:00:11.230] [JOIN] INFO: SCENARIO RECV hand=1,2637329152,1,1,3079467776 pos=-51234.57,1555.95,2850.99
[23:00:11.731] [JOIN] INFO: SCENARIO RECV hand=1,2637329152,1,1,3079467776 pos=-51234.57,1555.95,2850.99
[23:00:11.731] [JOIN] INFO: SPIKE 1 census role=J t=21015 fps=140.0 near=15 spawnedN=0
[23:00:12.231] [JOIN] INFO: SCENARIO RECV hand=1,2637329152,1,1,3079467776 pos=-51234.57,1555.95,2850.99
[23:00:12.616] [JOIN] INFO: [authority] suppress NPC hand=1,3996215808 (streamed=0 local=15 supp=13)
[23:00:12.616] [JOIN] INFO: [authority] suppress NPC hand=1,3808471552 (streamed=0 local=15 supp=14)
[23:00:12.616] [JOIN] INFO: [authority] suppress NPC hand=1,2590331904 (streamed=0 local=15 supp=15)
[23:00:12.728] [JOIN] INFO: SCENARIO RECV hand=1,2637329152,1,1,3079467776 pos=-51234.57,1555.95,2850.99
[23:00:12.728] [JOIN] INFO: SPIKE 1 census role=J t=22015 fps=165.0 near=15 spawnedN=0
[23:00:13.232] [JOIN] INFO: SCENARIO RECV hand=1,2637329152,1,1,3079467776 pos=-51234.57,1555.95,2850.99
[23:00:13.729] [JOIN] INFO: SCENARIO RECV hand=1,2637329152,1,1,3079467776 pos=-51234.57,1555.95,2850.99
[23:00:13.729] [JOIN] INFO: SPIKE 1 census role=J t=23015 fps=170.0 near=15 spawnedN=0
[23:00:14.230] [JOIN] INFO: SCENARIO RECV hand=1,2637329152,1,1,3079467776 pos=-51234.57,1555.95,2850.99
[23:00:14.731] [JOIN] INFO: SCENARIO RECV hand=1,2637329152,1,1,3079467776 pos=-51234.57,1555.95,2850.99
[23:00:14.731] [JOIN] INFO: SPIKE 1 census role=J t=24015 fps=166.0 near=15 spawnedN=0
[23:00:15.231] [JOIN] INFO: SCENARIO RECV hand=1,2637329152,1,1,3079467776 pos=-51234.57,1555.95,2850.99
[23:00:15.729] [JOIN] INFO: SCENARIO RECV hand=1,2637329152,1,1,3079467776 pos=-51234.57,1555.95,2850.99
[23:00:15.729] [JOIN] INFO: SPIKE 1 census role=J t=25015 fps=166.0 near=15 spawnedN=0
[23:00:16.172] [JOIN] INFO: [net] disconnected from host
[23:00:16.175] [JOIN] INFO: handshake: peer left id=4294967295
[23:00:16.222] [JOIN] INFO: [net] reconnecting
[23:00:16.229] [JOIN] INFO: SCENARIO RECV hand=1,2637329152,1,1,3079467776 pos=-51234.57,1555.95,2850.99
[23:00:16.733] [JOIN] INFO: SCENARIO RECV hand=1,2637329152,1,1,3079467776 pos=-51234.57,1555.95,2850.99
[23:00:16.733] [JOIN] INFO: SPIKE 1 census role=J t=26015 fps=169.0 near=15 spawnedN=0
[23:00:17.232] [JOIN] INFO: SCENARIO RECV hand=1,2637329152,1,1,3079467776 pos=-51234.57,1555.95,2850.99
[23:00:17.729] [JOIN] INFO: SCENARIO RECV hand=1,2637329152,1,1,3079467776 pos=-51234.57,1555.95,2850.99
[23:00:17.729] [JOIN] INFO: SPIKE 1 census role=J t=27015 fps=167.0 near=15 spawnedN=0
[23:00:18.233] [JOIN] INFO: SCENARIO RECV hand=1,2637329152,1,1,3079467776 pos=-51234.57,1555.95,2850.99
[23:00:18.731] [JOIN] INFO: SCENARIO RECV hand=1,2637329152,1,1,3079467776 pos=-51234.57,1555.95,2850.99
[23:00:18.731] [JOIN] INFO: SPIKE 1 census role=J t=28015 fps=167.0 near=15 spawnedN=0
[23:00:19.230] [JOIN] INFO: SCENARIO RECV hand=1,2637329152,1,1,3079467776 pos=-51234.57,1555.95,2850.99
[23:00:19.732] [JOIN] INFO: SCENARIO RECV hand=1,2637329152,1,1,3079467776 pos=-51234.57,1555.95,2850.99
[23:00:19.732] [JOIN] INFO: SPIKE 1 census role=J t=29015 fps=168.0 near=15 spawnedN=0
[23:00:20.229] [JOIN] INFO: SCENARIO RECV hand=1,2637329152,1,1,3079467776 pos=-51234.57,1555.95,2850.99
[23:00:20.713] [JOIN] INFO: KenshiCoop: test duration elapsed; exiting
