[12:26:28.365] [HOST] INFO: log opened
[12:26:28.365] [HOST] INFO: KenshiCoop loaded! (clean rebuild)
[12:26:28.365] [HOST] INFO: KenshiCoop: build Jul  4 2026 12:25:55
[12:26:28.365] [HOST] INFO: KenshiCoop: role=HOST proto=v11 port=27800 save='spikebake56'
[12:26:28.406] [HOST] INFO: KenshiCoop: ownership ranks = {0} (bidirectional presence)
[12:26:28.447] [HOST] INFO: KenshiCoop: auto-load armed for save 'spikebake56'
[12:26:28.447] [HOST] INFO: KenshiCoop: test mode - self-exit 100 s after gameplay starts
[12:26:28.447] [HOST] INFO: KenshiCoop: scenario armed 'spike'
[12:26:28.447] [HOST] INFO: KenshiCoop: starting as HOST
[12:26:28.448] [HOST] INFO: [net] hosting
[12:26:34.860] [HOST] INFO: KenshiCoop: auto-load issued for save 'spikebake56' (after 5000 ms settle)
[12:26:39.265] [HOST] INFO: [net] peer connecting (awaiting HELLO)
[12:26:39.265] [HOST] INFO: [net] peer connected id=1 (proto v11)
[12:26:39.276] [HOST] INFO: handshake: peer present id=1 (local id=0)
[12:26:47.333] [HOST] INFO: KenshiCoop: gameplay started
[12:26:47.333] [HOST] INFO: [event] SEND id=1 ev=1 hand=1,44,1138305664,1,729858368 actor=0,0 bs 0->3
[12:26:47.334] [HOST] INFO: [event] SEND id=2 ev=1 hand=1,58,1453491200,1,2148071168 actor=0,0 bs 0->3
[12:26:47.334] [HOST] INFO: [event] SEND id=3 ev=1 hand=1,51,2474609408,1,1862304640 actor=0,0 bs 0->3
[12:26:47.334] [HOST] INFO: [event] SEND id=4 ev=1 hand=1,61,2682251008,1,3805420032 actor=0,0 bs 0->3
[12:26:47.334] [HOST] INFO: SCENARIO spike start
[12:26:47.334] [HOST] INFO: SPIKE 56 start id=56 host=1 perSide=20
[12:26:47.335] [HOST] INFO: SCENARIO MEMBER hand=1,2637329152,1,1,3079467776 pos=-51255.58,1551.14,2850.94
[12:26:47.335] [HOST] INFO: SPIKE 56 smoke leader hand=1,2637329152,1,1,3079467776 pos=-51255.6,1551.1,2850.9
[12:26:47.335] [HOST] INFO: SPIKE 56 storm56 role=host near80=41 fighting=0 down=4 peerReady=0 t=0
[12:26:47.344] [HOST] INFO: SCENARIO MEMBER hand=1,2637329152,1,1,3079467776 pos=-51255.58,1551.14,2850.94
[12:26:47.344] [HOST] INFO: SPIKE 56 storm56 role=host near80=41 fighting=0 down=4 peerReady=0 t=16
[12:26:47.380] [HOST] INFO: [taskkey] key=6 desc='Equipping weapon' repro=0 subject=1
[12:26:47.409] [HOST] INFO: [taskkey] key=1 desc='Moving' repro=0 subject=1
[12:26:47.409] [HOST] INFO: [taskkey] key=4 desc='Attacking' repro=0 subject=1
[12:26:47.838] [HOST] INFO: SCENARIO MEMBER hand=1,2637329152,1,1,3079467776 pos=-51255.24,1557.33,2851.81
[12:26:48.344] [HOST] INFO: SCENARIO MEMBER hand=1,2637329152,1,1,3079467776 pos=-51255.24,1557.33,2851.81
[12:26:48.540] [HOST] INFO: [event] SEND id=5 ev=1 hand=1,29,695922880,1,3141601536 actor=1,1656738304 bs 0->1
[12:26:48.837] [HOST] INFO: SCENARIO MEMBER hand=1,2637329152,1,1,3079467776 pos=-51255.24,1557.33,2851.81
[12:26:49.349] [HOST] INFO: SCENARIO MEMBER hand=1,2637329152,1,1,3079467776 pos=-51258.33,1556.93,2857.25
[12:26:49.552] [HOST] INFO: [taskkey] key=36 desc='Patrolling town' repro=0 subject=0
[12:26:49.846] [HOST] INFO: SCENARIO MEMBER hand=1,2637329152,1,1,3079467776 pos=-51260.40,1556.78,2860.06
[12:26:50.344] [HOST] INFO: SCENARIO MEMBER hand=1,2637329152,1,1,3079467776 pos=-51260.76,1556.63,2861.27
[12:26:50.841] [HOST] INFO: SCENARIO MEMBER hand=1,2637329152,1,1,3079467776 pos=-51260.76,1556.63,2861.27
[12:26:51.346] [HOST] INFO: SCENARIO MEMBER hand=1,2637329152,1,1,3079467776 pos=-51260.76,1556.63,2861.27
[12:26:51.838] [HOST] INFO: SCENARIO MEMBER hand=1,2637329152,1,1,3079467776 pos=-51260.76,1556.63,2861.27
[12:26:52.340] [HOST] INFO: SCENARIO MEMBER hand=1,2637329152,1,1,3079467776 pos=-51260.76,1556.63,2861.27
[12:26:52.340] [HOST] INFO: SPIKE 56 storm56 role=host near80=39 fighting=32 down=4 peerReady=0 t=5016
[12:26:52.846] [HOST] INFO: SCENARIO MEMBER hand=1,2637329152,1,1,3079467776 pos=-51260.76,1556.63,2861.27
[12:26:53.338] [HOST] INFO: SCENARIO MEMBER hand=1,2637329152,1,1,3079467776 pos=-51260.76,1556.63,2861.27
[12:26:53.840] [HOST] INFO: SCENARIO MEMBER hand=1,2637329152,1,1,3079467776 pos=-51260.76,1556.63,2861.27
[12:26:54.341] [HOST] INFO: SCENARIO MEMBER hand=1,2637329152,1,1,3079467776 pos=-51260.76,1556.63,2861.27
[12:26:54.843] [HOST] INFO: SCENARIO MEMBER hand=1,2637329152,1,1,3079467776 pos=-51260.76,1556.63,2861.27
[12:26:55.345] [HOST] INFO: SCENARIO MEMBER hand=1,2637329152,1,1,3079467776 pos=-51260.76,1556.63,2861.27
[12:26:55.839] [HOST] INFO: SCENARIO MEMBER hand=1,2637329152,1,1,3079467776 pos=-51260.76,1556.63,2861.27
[12:26:56.338] [HOST] INFO: SCENARIO MEMBER hand=1,2637329152,1,1,3079467776 pos=-51260.76,1556.63,2861.27
[12:26:56.845] [HOST] INFO: SCENARIO MEMBER hand=1,2637329152,1,1,3079467776 pos=-51260.77,1556.67,2861.04
[12:26:57.346] [HOST] INFO: SCENARIO MEMBER hand=1,2637329152,1,1,3079467776 pos=-51260.70,1556.83,2860.00
[12:26:57.346] [HOST] INFO: SPIKE 56 storm56 role=host near80=38 fighting=31 down=4 peerReady=1 t=10016
[12:26:57.837] [HOST] INFO: SCENARIO MEMBER hand=1,2637329152,1,1,3079467776 pos=-51260.70,1556.83,2860.00
[12:26:58.338] [HOST] INFO: SCENARIO MEMBER hand=1,2637329152,1,1,3079467776 pos=-51260.70,1556.83,2860.00
[12:26:58.842] [HOST] INFO: SCENARIO MEMBER hand=1,2637329152,1,1,3079467776 pos=-51260.70,1556.83,2860.00
[12:26:59.026] [HOST] INFO: [event] SEND id=6 ev=1 hand=1,30,3505004800,1,3205810432 actor=1,2234985472 bs 0->1
[12:26:59.342] [HOST] INFO: SCENARIO MEMBER hand=1,2637329152,1,1,3079467776 pos=-51260.70,1556.83,2860.00
[12:26:59.844] [HOST] INFO: SCENARIO MEMBER hand=1,2637329152,1,1,3079467776 pos=-51260.70,1556.83,2860.00
[12:27:00.344] [HOST] INFO: SCENARIO MEMBER hand=1,2637329152,1,1,3079467776 pos=-51260.70,1556.83,2860.00
[12:27:00.843] [HOST] INFO: SCENARIO MEMBER hand=1,2637329152,1,1,3079467776 pos=-51260.70,1556.83,2860.00
[12:27:01.343] [HOST] INFO: SCENARIO MEMBER hand=1,2637329152,1,1,3079467776 pos=-51260.70,1556.83,2860.00
[12:27:01.837] [HOST] INFO: SCENARIO MEMBER hand=1,2637329152,1,1,3079467776 pos=-51260.70,1556.83,2860.00
[12:27:02.026] [HOST] INFO: [event] SEND id=7 ev=1 hand=1,53,945922880,1,3807373056 actor=1,2647827200 bs 0->1
[12:27:02.343] [HOST] INFO: SCENARIO MEMBER hand=1,2637329152,1,1,3079467776 pos=-51260.70,1556.83,2860.00
[12:27:02.343] [HOST] INFO: SPIKE 56 storm56 role=host near80=35 fighting=25 down=6 peerReady=1 t=15016
[12:27:02.844] [HOST] INFO: SCENARIO MEMBER hand=1,2637329152,1,1,3079467776 pos=-51254.32,1555.53,2862.10
[12:27:03.336] [HOST] INFO: SCENARIO MEMBER hand=1,2637329152,1,1,3079467776 pos=-51252.23,1554.88,2863.76
[12:27:03.845] [HOST] INFO: SCENARIO MEMBER hand=1,2637329152,1,1,3079467776 pos=-51252.11,1554.80,2864.10
[12:27:04.010] [HOST] INFO: [event] SEND id=8 ev=1 hand=1,59,449584960,1,2962890752 actor=1,576171904 bs 0->1
[12:27:04.337] [HOST] INFO: SCENARIO MEMBER hand=1,2637329152,1,1,3079467776 pos=-51252.11,1554.80,2864.10
[12:27:04.681] [HOST] INFO: [event] SEND id=9 ev=1 hand=1,64,2458374144,1,3244872960 actor=1,2500976640 bs 0->1
[12:27:04.845] [HOST] INFO: SCENARIO MEMBER hand=1,2637329152,1,1,3079467776 pos=-51247.23,1554.75,2860.38
[12:27:05.346] [HOST] INFO: SCENARIO MEMBER hand=1,2637329152,1,1,3079467776 pos=-51243.73,1555.11,2856.92
[12:27:05.837] [HOST] INFO: SCENARIO MEMBER hand=1,2637329152,1,1,3079467776 pos=-51243.16,1555.19,2856.39
[12:27:06.337] [HOST] INFO: SCENARIO MEMBER hand=1,2637329152,1,1,3079467776 pos=-51241.68,1555.41,2854.92
[12:27:06.509] [HOST] INFO: [event] SEND id=10 ev=1 hand=1,25,1192016640,1,3447143680 actor=1,812133760 bs 0->1
[12:27:06.843] [HOST] INFO: SCENARIO MEMBER hand=1,2637329152,1,1,3079467776 pos=-51239.51,1556.08,2850.62
[12:27:07.337] [HOST] INFO: SCENARIO MEMBER hand=1,2637329152,1,1,3079467776 pos=-51239.69,1556.27,2849.55
[12:27:07.337] [HOST] INFO: SPIKE 56 storm56 role=host near80=37 fighting=27 down=8 peerReady=1 t=20016
[12:27:07.839] [HOST] INFO: SCENARIO MEMBER hand=1,2637329152,1,1,3079467776 pos=-51239.69,1556.27,2849.55
[12:27:08.341] [HOST] INFO: SCENARIO MEMBER hand=1,2637329152,1,1,3079467776 pos=-51239.69,1556.27,2849.55
[12:27:08.844] [HOST] INFO: SCENARIO MEMBER hand=1,2637329152,1,1,3079467776 pos=-51239.69,1556.27,2849.55
[12:27:09.344] [HOST] INFO: SCENARIO MEMBER hand=1,2637329152,1,1,3079467776 pos=-51239.69,1556.27,2849.55
[12:27:09.844] [HOST] INFO: SCENARIO MEMBER hand=1,2637329152,1,1,3079467776 pos=-51239.69,1556.27,2849.55
[12:27:10.347] [HOST] INFO: SCENARIO MEMBER hand=1,2637329152,1,1,3079467776 pos=-51239.69,1556.27,2849.55
[12:27:10.837] [HOST] INFO: SCENARIO MEMBER hand=1,2637329152,1,1,3079467776 pos=-51239.69,1556.27,2849.55
[12:27:11.344] [HOST] INFO: SCENARIO MEMBER hand=1,2637329152,1,1,3079467776 pos=-51239.69,1556.27,2849.55
[12:27:11.838] [HOST] INFO: [event] SEND id=11 ev=1 hand=1,56,2181152256,1,3637329152 actor=2,2727661056 bs 0->1
[12:27:11.841] [HOST] INFO: SCENARIO MEMBER hand=1,2637329152,1,1,3079467776 pos=-51239.69,1556.27,2849.55
[12:27:12.286] [HOST] INFO: [event] SEND id=12 ev=1 hand=1,23,1196411136,1,1528442368 actor=1,3184936448 bs 0->1
[12:27:12.343] [HOST] INFO: SCENARIO MEMBER hand=1,2637329152,1,1,3079467776 pos=-51239.69,1556.27,2849.55
[12:27:12.343] [HOST] INFO: SPIKE 56 storm56 role=host near80=38 fighting=25 down=11 peerReady=1 t=25016
[12:27:12.384] [HOST] INFO: [event] SEND id=13 ev=1 hand=1,42,3871826176,1,2175170816 actor=1,1664428672 bs 0->1
[12:27:12.741] [HOST] INFO: [event] SEND id=14 ev=1 hand=1,54,3899047936,1,2378173952 actor=2,2727661056 bs 0->1
[12:27:12.753] [HOST] INFO: [event] SEND id=15 ev=1 hand=1,46,859619136,1,3201049856 actor=1,1886474624 bs 0->1
[12:27:12.844] [HOST] INFO: SCENARIO MEMBER hand=1,2637329152,1,1,3079467776 pos=-51239.69,1556.27,2849.55
[12:27:13.344] [HOST] INFO: SCENARIO MEMBER hand=1,2637329152,1,1,3079467776 pos=-51239.69,1556.27,2849.55
[12:27:13.840] [HOST] INFO: SCENARIO MEMBER hand=1,2637329152,1,1,3079467776 pos=-51239.69,1556.27,2849.55
[12:27:14.343] [HOST] INFO: SCENARIO MEMBER hand=1,2637329152,1,1,3079467776 pos=-51239.69,1556.27,2849.55
[12:27:14.845] [HOST] INFO: SCENARIO MEMBER hand=1,2637329152,1,1,3079467776 pos=-51239.69,1556.27,2849.55
[12:27:15.341] [HOST] INFO: SCENARIO MEMBER hand=1,2637329152,1,1,3079467776 pos=-51239.69,1556.27,2849.55
[12:27:15.843] [HOST] INFO: SCENARIO MEMBER hand=1,2637329152,1,1,3079467776 pos=-51239.69,1556.27,2849.55
[12:27:16.339] [HOST] INFO: SCENARIO MEMBER hand=1,2637329152,1,1,3079467776 pos=-51239.69,1556.27,2849.55
[12:27:16.846] [HOST] INFO: SCENARIO MEMBER hand=1,2637329152,1,1,3079467776 pos=-51240.61,1556.42,2848.74
[12:27:17.342] [HOST] INFO: SCENARIO MEMBER hand=1,2637329152,1,1,3079467776 pos=-51244.69,1556.75,2847.17
[12:27:17.342] [HOST] INFO: SPIKE 56 storm56 role=host near80=35 fighting=19 down=14 peerReady=1 t=30016
[12:27:17.841] [HOST] INFO: SCENARIO MEMBER hand=1,2637329152,1,1,3079467776 pos=-51245.08,1556.58,2848.20
[12:27:18.038] [HOST] INFO: [event] SEND id=16 ev=1 hand=1,33,1617797888,1,1049804672 actor=1,1886474624 bs 0->1
[12:27:18.340] [HOST] INFO: SCENARIO MEMBER hand=1,2637329152,1,1,3079467776 pos=-51245.08,1556.58,2848.20
[12:27:18.845] [HOST] INFO: SCENARIO MEMBER hand=1,2637329152,1,1,3079467776 pos=-51245.04,1556.47,2848.83
[12:27:19.345] [HOST] INFO: SCENARIO MEMBER hand=1,2637329152,1,1,3079467776 pos=-51245.04,1556.47,2848.83
[12:27:19.845] [HOST] INFO: SCENARIO MEMBER hand=1,2637329152,1,1,3079467776 pos=-51245.04,1556.47,2848.83
[12:27:20.342] [HOST] INFO: SCENARIO MEMBER hand=1,2637329152,1,1,3079467776 pos=-51245.04,1556.47,2848.83
[12:27:20.685] [HOST] INFO: [event] SEND id=17 ev=1 hand=1,20,3234741248,1,2234985472 actor=1,3184936448 bs 0->1
[12:27:20.846] [HOST] INFO: SCENARIO MEMBER hand=1,2637329152,1,1,3079467776 pos=-51245.04,1556.47,2848.83
[12:27:21.115] [HOST] INFO: [event] SEND id=18 ev=1 hand=1,48,1637573248,1,2647827200 actor=1,1879882752 bs 0->1
[12:27:21.344] [HOST] INFO: SCENARIO MEMBER hand=1,2637329152,1,1,3079467776 pos=-51244.98,1556.49,2848.73
[12:27:21.841] [HOST] INFO: SCENARIO MEMBER hand=1,2637329152,1,1,3079467776 pos=-51244.98,1556.49,2848.73
[12:27:22.343] [HOST] INFO: SCENARIO MEMBER hand=1,2637329152,1,1,3079467776 pos=-51244.98,1556.49,2848.73
[12:27:22.343] [HOST] INFO: SPIKE 56 storm56 role=host near80=31 fighting=12 down=17 peerReady=1 t=35016
[12:27:22.841] [HOST] INFO: SCENARIO MEMBER hand=1,2637329152,1,1,3079467776 pos=-51244.98,1556.49,2848.73
[12:27:23.340] [HOST] INFO: SCENARIO MEMBER hand=1,2637329152,1,1,3079467776 pos=-51244.98,1556.49,2848.73
[12:27:23.370] [HOST] INFO: [event] SEND id=19 ev=1 hand=1,45,1478393600,1,1147827200 actor=1,96923832 bs 0->1
[12:27:23.838] [HOST] INFO: SCENARIO MEMBER hand=1,2637329152,1,1,3079467776 pos=-51244.98,1556.49,2848.73
[12:27:24.338] [HOST] INFO: SCENARIO MEMBER hand=1,2637329152,1,1,3079467776 pos=-51244.98,1556.49,2848.73
[12:27:24.412] [HOST] INFO: [event] SEND id=20 ev=1 hand=1,66,2426757888,1,1633666944 actor=1,1664428672 bs 0->1
[12:27:24.716] [HOST] INFO: [event] SEND id=21 ev=1 hand=1,60,1434326144,1,3917236224 actor=1,1656738304 bs 0->9
[12:27:24.844] [HOST] INFO: SCENARIO MEMBER hand=1,2637329152,1,1,3079467776 pos=-51244.98,1556.49,2848.73
[12:27:25.340] [HOST] INFO: SCENARIO MEMBER hand=1,2637329152,1,1,3079467776 pos=-51244.98,1556.49,2848.73
[12:27:25.839] [HOST] INFO: SCENARIO MEMBER hand=1,2637329152,1,1,3079467776 pos=-51244.98,1556.49,2848.73
[12:27:26.342] [HOST] INFO: SCENARIO MEMBER hand=1,2637329152,1,1,3079467776 pos=-51244.98,1556.49,2848.73
[12:27:26.838] [HOST] INFO: SCENARIO MEMBER hand=1,2637329152,1,1,3079467776 pos=-51244.98,1556.49,2848.73
[12:27:27.349] [HOST] INFO: SCENARIO MEMBER hand=1,2637329152,1,1,3079467776 pos=-51244.98,1556.49,2848.73
[12:27:27.349] [HOST] INFO: SPIKE 56 storm56 role=host near80=31 fighting=11 down=18 peerReady=1 t=40016
[12:27:27.566] [HOST] INFO: [taskkey] key=52 desc='Waking up' repro=0 subject=0
[12:27:27.844] [HOST] INFO: SCENARIO MEMBER hand=1,2637329152,1,1,3079467776 pos=-51244.98,1556.49,2848.73
[12:27:28.340] [HOST] INFO: SCENARIO MEMBER hand=1,2637329152,1,1,3079467776 pos=-51244.98,1556.49,2848.73
[12:27:28.845] [HOST] INFO: SCENARIO MEMBER hand=1,2637329152,1,1,3079467776 pos=-51244.98,1556.49,2848.73
[12:27:29.346] [HOST] INFO: SCENARIO MEMBER hand=1,2637329152,1,1,3079467776 pos=-51244.98,1556.49,2848.73
[12:27:29.841] [HOST] INFO: SCENARIO MEMBER hand=1,2637329152,1,1,3079467776 pos=-51244.98,1556.49,2848.73
[12:27:30.338] [HOST] INFO: SCENARIO MEMBER hand=1,2637329152,1,1,3079467776 pos=-51244.98,1556.49,2848.73
[12:27:30.840] [HOST] INFO: SCENARIO MEMBER hand=1,2637329152,1,1,3079467776 pos=-51244.98,1556.49,2848.73
[12:27:31.255] [HOST] INFO: [event] SEND id=22 ev=1 hand=1,55,1381835904,1,2269165056 actor=1,2590331904 bs 0->1
[12:27:31.346] [HOST] INFO: SCENARIO MEMBER hand=1,2637329152,1,1,3079467776 pos=-51244.98,1556.49,2848.73
[12:27:31.637] [HOST] INFO: [event] SEND id=23 ev=1 hand=1,47,838378880,1,1625122048 actor=1,529907232 bs 0->1
[12:27:31.838] [HOST] INFO: SCENARIO MEMBER hand=1,2637329152,1,1,3079467776 pos=-51244.98,1556.49,2848.73
[12:27:32.338] [HOST] INFO: SCENARIO MEMBER hand=1,2637329152,1,1,3079467776 pos=-51244.98,1556.49,2848.73
[12:27:32.338] [HOST] INFO: SPIKE 56 storm56 role=host near80=32 fighting=11 down=19 peerReady=1 t=45016
[12:27:32.844] [HOST] INFO: SCENARIO MEMBER hand=1,2637329152,1,1,3079467776 pos=-51244.98,1556.49,2848.73
[12:27:33.342] [HOST] INFO: SCENARIO MEMBER hand=1,2637329152,1,1,3079467776 pos=-51244.98,1556.49,2848.73
[12:27:33.439] [HOST] INFO: [event] SEND id=24 ev=1 hand=1,52,1469360384,1,96923832 actor=1,1879882752 bs 0->1
[12:27:33.843] [HOST] INFO: SCENARIO MEMBER hand=1,2637329152,1,1,3079467776 pos=-51244.98,1556.49,2848.73
[12:27:34.343] [HOST] INFO: SCENARIO MEMBER hand=1,2637329152,1,1,3079467776 pos=-51244.98,1556.49,2848.73
[12:27:34.847] [HOST] INFO: SCENARIO MEMBER hand=1,2637329152,1,1,3079467776 pos=-51244.98,1556.49,2848.73
[12:27:35.345] [HOST] INFO: SCENARIO MEMBER hand=1,2637329152,1,1,3079467776 pos=-51244.98,1556.49,2848.73
[12:27:35.841] [HOST] INFO: SCENARIO MEMBER hand=1,2637329152,1,1,3079467776 pos=-51244.98,1556.49,2848.73
[12:27:36.337] [HOST] INFO: SCENARIO MEMBER hand=1,2637329152,1,1,3079467776 pos=-51244.98,1556.49,2848.73
[12:27:36.840] [HOST] INFO: SCENARIO MEMBER hand=1,2637329152,1,1,3079467776 pos=-51244.98,1556.49,2848.73
[12:27:37.338] [HOST] INFO: SCENARIO MEMBER hand=1,2637329152,1,1,3079467776 pos=-51244.98,1556.49,2848.73
[12:27:37.338] [HOST] INFO: SPIKE 56 storm56 role=host near80=33 fighting=12 down=19 peerReady=1 t=50016
[12:27:37.459] [HOST] INFO: [event] SEND id=25 ev=1 hand=1,40,49682616,1,2328613376 actor=1,3542358272 bs 0->1
[12:27:37.844] [HOST] INFO: SCENARIO MEMBER hand=1,2637329152,1,1,3079467776 pos=-51244.98,1556.49,2848.73
[12:27:38.340] [HOST] INFO: SCENARIO MEMBER hand=1,2637329152,1,1,3079467776 pos=-51244.75,1556.52,2848.54
[12:27:38.844] [HOST] INFO: SCENARIO MEMBER hand=1,2637329152,1,1,3079467776 pos=-51243.30,1556.78,2846.85
[12:27:39.341] [HOST] INFO: SCENARIO MEMBER hand=1,2637329152,1,1,3079467776 pos=-51243.28,1556.79,2846.74
[12:27:39.383] [HOST] INFO: [event] SEND id=26 ev=1 hand=1,9,2430419968,2,2727661056 actor=1,3427001856 bs 0->1
[12:27:39.848] [HOST] INFO: SCENARIO MEMBER hand=1,2637329152,1,1,3079467776 pos=-51243.28,1556.79,2846.74
[12:27:40.341] [HOST] INFO: SCENARIO MEMBER hand=1,2637329152,1,1,3079467776 pos=-51243.28,1556.79,2846.74
[12:27:40.487] [HOST] INFO: [event] SEND id=27 ev=1 hand=1,24,802124032,1,3135620096 actor=2,2703369216 bs 0->1
[12:27:40.841] [HOST] INFO: SCENARIO MEMBER hand=1,2637329152,1,1,3079467776 pos=-51243.28,1556.79,2846.74
[12:27:41.342] [HOST] INFO: SCENARIO MEMBER hand=1,2637329152,1,1,3079467776 pos=-51243.28,1556.79,2846.74
[12:27:41.843] [HOST] INFO: SCENARIO MEMBER hand=1,2637329152,1,1,3079467776 pos=-51243.28,1556.79,2846.74
[12:27:42.346] [HOST] INFO: SCENARIO MEMBER hand=1,2637329152,1,1,3079467776 pos=-51243.28,1556.79,2846.74
[12:27:42.346] [HOST] INFO: SPIKE 56 storm56 role=host near80=34 fighting=12 down=20 peerReady=1 t=55016
[12:27:42.838] [HOST] INFO: SCENARIO MEMBER hand=1,2637329152,1,1,3079467776 pos=-51243.28,1556.79,2846.74
[12:27:43.347] [HOST] INFO: SCENARIO MEMBER hand=1,2637329152,1,1,3079467776 pos=-51243.28,1556.79,2846.74
[12:27:43.616] [HOST] INFO: [event] SEND id=28 ev=1 hand=1,27,3715942400,1,3427001856 actor=1,1886474624 bs 0->1
[12:27:43.838] [HOST] INFO: SCENARIO MEMBER hand=1,2637329152,1,1,3079467776 pos=-51243.28,1556.79,2846.74
[12:27:44.344] [HOST] INFO: SCENARIO MEMBER hand=1,2637329152,1,1,3079467776 pos=-51242.65,1556.53,2848.27
[12:27:44.837] [HOST] INFO: SCENARIO MEMBER hand=1,2637329152,1,1,3079467776 pos=-51240.43,1555.68,2853.17
[12:27:45.343] [HOST] INFO: SCENARIO MEMBER hand=1,2637329152,1,1,3079467776 pos=-51235.88,1555.02,2857.19
[12:27:45.593] [HOST] INFO: [event] SEND id=29 ev=1 hand=1,22,1744506880,1,1656738304 actor=5,1919189504 bs 0->1
[12:27:45.841] [HOST] INFO: SCENARIO MEMBER hand=1,2637329152,1,1,3079467776 pos=-51235.66,1555.03,2857.14
[12:27:46.340] [HOST] INFO: SCENARIO MEMBER hand=1,2637329152,1,1,3079467776 pos=-51236.23,1555.61,2853.27
[12:27:46.737] [HOST] INFO: [event] SEND id=30 ev=1 hand=1,67,482055680,1,42480468 actor=3,3090698240 bs 0->1
[12:27:46.843] [HOST] INFO: [event] SEND id=31 ev=1 hand=1,57,1824462848,1,1664428672 actor=5,1919189504 bs 0->9
[12:27:46.846] [HOST] INFO: SCENARIO MEMBER hand=1,2637329152,1,1,3079467776 pos=-51235.55,1555.97,2850.90
[12:27:47.344] [HOST] INFO: SCENARIO MEMBER hand=1,2637329152,1,1,3079467776 pos=-51235.55,1555.97,2850.90
[12:27:47.344] [HOST] INFO: SPIKE 56 storm56 role=host near80=33 fighting=7 down=24 peerReady=1 t=60016
[12:27:47.837] [HOST] INFO: SCENARIO MEMBER hand=1,2637329152,1,1,3079467776 pos=-51235.55,1555.97,2850.90
[12:27:48.339] [HOST] INFO: SCENARIO MEMBER hand=1,2637329152,1,1,3079467776 pos=-51235.55,1555.97,2850.90
[12:27:48.761] [HOST] INFO: [event] SEND id=32 ev=1 hand=1,63,1898193408,1,1879882752 actor=3,3090698240 bs 0->1
[12:27:48.847] [HOST] INFO: SCENARIO MEMBER hand=1,2637329152,1,1,3079467776 pos=-51235.55,1555.97,2850.90
[12:27:49.344] [HOST] INFO: SCENARIO MEMBER hand=1,2637329152,1,1,3079467776 pos=-51235.55,1555.97,2850.90
[12:27:49.842] [HOST] INFO: SCENARIO MEMBER hand=1,2637329152,1,1,3079467776 pos=-51235.55,1555.97,2850.90
[12:27:50.175] [HOST] INFO: [event] SEND id=33 ev=1 hand=1,62,1457519488,1,529907232 actor=1,2500976640 bs 0->1
[12:27:50.224] [HOST] INFO: [taskkey] key=7 desc='Sheathing weapon' repro=0 subject=0
[12:27:50.271] [HOST] INFO: [taskkey] key=22 desc='Patrolling' repro=0 subject=0
[12:27:50.342] [HOST] INFO: SCENARIO MEMBER hand=1,2637329152,1,1,3079467776 pos=-51235.55,1555.97,2850.90
[12:27:50.839] [HOST] INFO: SCENARIO MEMBER hand=1,2637329152,1,1,3079467776 pos=-51235.55,1555.97,2850.90
[12:27:51.337] [HOST] INFO: SCENARIO MEMBER hand=1,2637329152,1,1,3079467776 pos=-51235.55,1555.97,2850.90
[12:27:51.708] [HOST] INFO: [event] SEND id=34 ev=1 hand=1,26,345703136,1,3542358272 actor=5,1919189504 bs 0->1
[12:27:51.745] [HOST] INFO: [taskkey] key=35 desc='Running away' repro=0 subject=1
[12:27:51.841] [HOST] INFO: SCENARIO MEMBER hand=1,2637329152,1,1,3079467776 pos=-51235.55,1555.97,2850.90
[12:27:52.339] [HOST] INFO: SCENARIO MEMBER hand=1,2637329152,1,1,3079467776 pos=-51235.55,1555.97,2850.90
[12:27:52.339] [HOST] INFO: SPIKE 56 storm56 role=host near80=36 fighting=8 down=26 peerReady=1 t=65016
[12:27:52.845] [HOST] INFO: SCENARIO MEMBER hand=1,2637329152,1,1,3079467776 pos=-51235.55,1555.97,2850.90
[12:27:53.346] [HOST] INFO: SCENARIO MEMBER hand=1,2637329152,1,1,3079467776 pos=-51235.55,1555.97,2850.90
[12:27:53.838] [HOST] INFO: SCENARIO MEMBER hand=1,2637329152,1,1,3079467776 pos=-51235.55,1555.97,2850.90
[12:27:54.339] [HOST] INFO: SCENARIO MEMBER hand=1,2637329152,1,1,3079467776 pos=-51233.99,1555.41,2854.59
[12:27:54.842] [HOST] INFO: SCENARIO MEMBER hand=1,2637329152,1,1,3079467776 pos=-51234.24,1554.84,2858.42
[12:27:55.337] [HOST] INFO: SCENARIO MEMBER hand=1,2637329152,1,1,3079467776 pos=-51235.36,1554.66,2859.61
[12:27:55.392] [HOST] INFO: [event] SEND id=35 ev=1 hand=1,28,2312988160,1,3184936448 actor=1,2590331904 bs 0->1
[12:27:55.841] [HOST] INFO: SCENARIO MEMBER hand=1,2637329152,1,1,3079467776 pos=-51235.36,1554.66,2859.61
[12:27:56.343] [HOST] INFO: SCENARIO MEMBER hand=1,2637329152,1,1,3079467776 pos=-51235.36,1554.66,2859.61
[12:27:56.843] [HOST] INFO: SCENARIO MEMBER hand=1,2637329152,1,1,3079467776 pos=-51235.36,1554.66,2859.61
[12:27:57.340] [HOST] INFO: SCENARIO MEMBER hand=1,2637329152,1,1,3079467776 pos=-51235.36,1554.66,2859.61
[12:27:57.340] [HOST] INFO: SPIKE 56 storm56 role=host near80=38 fighting=10 down=26 peerReady=1 t=70016
[12:27:57.838] [HOST] INFO: SCENARIO MEMBER hand=1,2637329152,1,1,3079467776 pos=-51235.36,1554.66,2859.61
[12:27:58.340] [HOST] INFO: SCENARIO MEMBER hand=1,2637329152,1,1,3079467776 pos=-51235.36,1554.66,2859.61
[12:27:58.842] [HOST] INFO: SCENARIO MEMBER hand=1,2637329152,1,1,3079467776 pos=-51235.36,1554.66,2859.61
[12:27:59.343] [HOST] INFO: SCENARIO MEMBER hand=1,2637329152,1,1,3079467776 pos=-51235.36,1554.66,2859.61
[12:27:59.607] [HOST] INFO: [event] SEND id=36 ev=1 hand=1,50,3375122176,1,576171904 actor=1,812133760 bs 0->1
[12:27:59.843] [HOST] INFO: SCENARIO MEMBER hand=1,2637329152,1,1,3079467776 pos=-51235.36,1554.66,2859.61
[12:28:00.338] [HOST] INFO: SCENARIO MEMBER hand=1,2637329152,1,1,3079467776 pos=-51235.36,1554.66,2859.61
[12:28:00.536] [HOST] INFO: [event] SEND id=37 ev=1 hand=1,65,1829467776,1,2500976640 actor=5,1919189504 bs 0->1
[12:28:00.837] [HOST] INFO: SCENARIO MEMBER hand=1,2637329152,1,1,3079467776 pos=-51235.36,1554.66,2859.61
[12:28:01.347] [HOST] INFO: SCENARIO MEMBER hand=1,2637329152,1,1,3079467776 pos=-51235.36,1554.66,2859.61
[12:28:01.843] [HOST] INFO: SCENARIO MEMBER hand=1,2637329152,1,1,3079467776 pos=-51235.36,1554.66,2859.61
[12:28:02.111] [HOST] INFO: [event] SEND id=38 ev=1 hand=1,49,2216308480,1,1886474624 actor=5,1919189504 bs 0->1
[12:28:02.341] [HOST] INFO: SCENARIO MEMBER hand=1,2637329152,1,1,3079467776 pos=-51235.36,1554.66,2859.61
[12:28:02.341] [HOST] INFO: SPIKE 56 storm56 role=host near80=38 fighting=7 down=29 peerReady=1 t=75016
[12:28:02.841] [HOST] INFO: SCENARIO MEMBER hand=1,2637329152,1,1,3079467776 pos=-51235.36,1554.66,2859.61
[12:28:03.346] [HOST] INFO: SCENARIO MEMBER hand=1,2637329152,1,1,3079467776 pos=-51235.36,1554.66,2859.61
[12:28:03.842] [HOST] INFO: SCENARIO MEMBER hand=1,2637329152,1,1,3079467776 pos=-51235.36,1554.66,2859.61
[12:28:04.347] [HOST] INFO: SCENARIO MEMBER hand=1,2637329152,1,1,3079467776 pos=-51235.36,1554.66,2859.61
[12:28:04.476] [HOST] INFO: [taskkey] key=28 desc='Standing' repro=0 subject=0
[12:28:04.842] [HOST] INFO: SCENARIO MEMBER hand=1,2637329152,1,1,3079467776 pos=-51235.36,1554.66,2859.61
[12:28:05.338] [HOST] INFO: SCENARIO MEMBER hand=1,2637329152,1,1,3079467776 pos=-51235.36,1554.66,2859.61
[12:28:05.840] [HOST] INFO: SCENARIO MEMBER hand=1,2637329152,1,1,3079467776 pos=-51235.36,1554.66,2859.61
[12:28:06.342] [HOST] INFO: SCENARIO MEMBER hand=1,2637329152,1,1,3079467776 pos=-51235.36,1554.66,2859.61
[12:28:06.843] [HOST] INFO: SCENARIO MEMBER hand=1,2637329152,1,1,3079467776 pos=-51235.36,1554.66,2859.61
[12:28:07.344] [HOST] INFO: SCENARIO MEMBER hand=1,2637329152,1,1,3079467776 pos=-51235.36,1554.66,2859.61
[12:28:07.344] [HOST] INFO: SPIKE 56 storm56 role=host near80=38 fighting=7 down=29 peerReady=1 t=80016
[12:28:07.838] [HOST] INFO: SCENARIO MEMBER hand=1,2637329152,1,1,3079467776 pos=-51235.36,1554.66,2859.61
[12:28:08.344] [HOST] INFO: SCENARIO MEMBER hand=1,2637329152,1,1,3079467776 pos=-51235.36,1554.66,2859.61
[12:28:08.804] [HOST] INFO: [event] SEND id=39 ev=1 hand=1,41,3691772416,1,812133760 actor=3,3090698240 bs 0->1
[12:28:08.845] [HOST] INFO: SCENARIO MEMBER hand=1,2637329152,1,1,3079467776 pos=-51235.36,1554.66,2859.61
[12:28:09.347] [HOST] INFO: SCENARIO MEMBER hand=1,2637329152,1,1,3079467776 pos=-51235.36,1554.66,2859.61
[12:28:09.843] [HOST] INFO: SCENARIO MEMBER hand=1,2637329152,1,1,3079467776 pos=-51235.36,1554.66,2859.61
[12:28:10.339] [HOST] INFO: SCENARIO MEMBER hand=1,2637329152,1,1,3079467776 pos=-51235.36,1554.66,2859.61
[12:28:10.845] [HOST] INFO: SCENARIO MEMBER hand=1,2637329152,1,1,3079467776 pos=-51235.36,1554.66,2859.61
[12:28:11.348] [HOST] INFO: SCENARIO MEMBER hand=1,2637329152,1,1,3079467776 pos=-51235.36,1554.66,2859.61
[12:28:11.796] [HOST] INFO: [event] SEND id=40 ev=1 hand=1,39,563598656,1,1749633792 actor=5,1919189504 bs 0->1
[12:28:11.832] [HOST] INFO: [taskkey] key=64 desc='Stand still dammit!' repro=0 subject=1
[12:28:11.847] [HOST] INFO: SCENARIO MEMBER hand=1,2637329152,1,1,3079467776 pos=-51235.36,1554.66,2859.61
[12:28:11.868] [HOST] INFO: [taskkey] key=25 desc='First aid' repro=0 subject=1
[12:28:12.179] [HOST] INFO: [taskkey] key=65 desc='Getting up' repro=0 subject=0
[12:28:12.192] [HOST] INFO: [event] SEND id=41 ev=3 hand=1,56,2181152256,1,3637329152 actor=0,0 bs 2->0
[12:28:12.339] [HOST] INFO: SCENARIO MEMBER hand=1,2637329152,1,1,3079467776 pos=-51235.36,1554.66,2859.61
[12:28:12.339] [HOST] INFO: SPIKE 56 storm56 role=host near80=36 fighting=4 down=28 peerReady=1 t=85016
[12:28:12.837] [HOST] INFO: SCENARIO MEMBER hand=1,2637329152,1,1,3079467776 pos=-51235.36,1554.66,2859.61
[12:28:13.340] [HOST] INFO: SCENARIO MEMBER hand=1,2637329152,1,1,3079467776 pos=-51235.36,1554.66,2859.61
[12:28:13.840] [HOST] INFO: SCENARIO MEMBER hand=1,2637329152,1,1,3079467776 pos=-51235.36,1554.66,2859.61
[12:28:14.188] [HOST] INFO: [event] SEND id=42 ev=1 hand=1,36,2149292032,6,2359496960 actor=3,3090698240 bs 0->1
[12:28:14.340] [HOST] INFO: SCENARIO MEMBER hand=1,2637329152,1,1,3079467776 pos=-51235.36,1554.66,2859.61
