[12:26:39.167] [JOIN] INFO: log opened
[12:26:39.167] [JOIN] INFO: KenshiCoop loaded! (clean rebuild)
[12:26:39.167] [JOIN] INFO: KenshiCoop: build Jul  4 2026 12:25:55
[12:26:39.167] [JOIN] INFO: KenshiCoop: role=JOIN proto=v11 port=27800 save='spikebake56'
[12:26:39.210] [JOIN] INFO: KenshiCoop: ownership ranks = {1} (bidirectional presence)
[12:26:39.256] [JOIN] INFO: KenshiCoop: auto-load armed for save 'spikebake56'
[12:26:39.256] [JOIN] INFO: KenshiCoop: test mode - self-exit 100 s after gameplay starts
[12:26:39.256] [JOIN] INFO: KenshiCoop: scenario armed 'spike'
[12:26:39.256] [JOIN] INFO: KenshiCoop: starting as CLIENT
[12:26:39.264] [JOIN] INFO: [net] connecting
[12:26:39.265] [JOIN] INFO: [net] connected to host; sent HELLO
[12:26:39.265] [JOIN] INFO: [net] peer connected id=1 (proto v11) - received WELCOME
[12:26:45.661] [JOIN] INFO: KenshiCoop: auto-load issued for save 'spikebake56' (after 5000 ms settle)
[12:26:48.516] [JOIN] INFO: handshake: peer present id=0 (local id=1)
[12:26:48.517] [JOIN] INFO: [event] RECV id=1 ev=1 owner=0 hand=1,44,1138305664,1,729858368 actor=0,0
[12:26:48.517] [JOIN] INFO: [event] RECV id=2 ev=1 owner=0 hand=1,58,1453491200,1,2148071168 actor=0,0
[12:26:48.517] [JOIN] INFO: [event] RECV id=3 ev=1 owner=0 hand=1,51,2474609408,1,1862304640 actor=0,0
[12:26:48.517] [JOIN] INFO: [event] RECV id=4 ev=1 owner=0 hand=1,61,2682251008,1,3805420032 actor=0,0
[12:26:49.045] [JOIN] INFO: [event] RECV id=5 ev=1 owner=0 hand=1,29,695922880,1,3141601536 actor=1,1656738304
[12:26:56.695] [JOIN] INFO: KenshiCoop: gameplay started
[12:26:56.696] [JOIN] INFO: SCENARIO spike start
[12:26:56.696] [JOIN] INFO: SPIKE 56 start id=56 host=0 perSide=20
[12:26:56.698] [JOIN] INFO: [gate] hand=1,524536128 host=36 local=65535  agree=0/1 (0%)
[12:26:56.698] [JOIN] INFO: [combat] order hand=2,2727661056 tgt=1,3637329152 localFight=0 r=2
[12:26:56.698] [JOIN] INFO: [combat] order hand=1,2234985472 tgt=1,3205810432 localFight=0 r=2
[12:26:56.698] [JOIN] INFO: [combat] order hand=1,1656738304 tgt=1,3917236224 localFight=0 r=2
[12:26:56.698] [JOIN] INFO: [combat] order hand=1,1528442368 tgt=1,3135620096 localFight=0 r=2
[12:26:56.698] [JOIN] INFO: [combat] order hand=1,3135620096 tgt=1,1528442368 localFight=0 r=2
[12:26:56.698] [JOIN] INFO: [combat] order hand=1,3447143680 tgt=1,812133760 localFight=0 r=2
[12:26:56.698] [JOIN] INFO: [combat] order hand=1,3542358272 tgt=1,2328613376 localFight=0 r=2
[12:26:56.698] [JOIN] INFO: [combat] order hand=1,3427001856 tgt=1,3821044992 localFight=0 r=2
[12:26:56.698] [JOIN] INFO: [combat] order hand=1,3184936448 tgt=1,1528442368 localFight=0 r=2
[12:26:56.698] [JOIN] INFO: [combat] order hand=1,3205810432 tgt=1,2234985472 localFight=0 r=2
[12:26:56.698] [JOIN] INFO: [combat] order hand=1,1049804672 tgt=1,2269165056 localFight=0 r=2
[12:26:56.698] [JOIN] INFO: [combat] order hand=1,1749633792 tgt=1,1528442368 localFight=0 r=2
[12:26:56.698] [JOIN] INFO: [combat] order hand=1,2328613376 tgt=1,3542358272 localFight=0 r=2
[12:26:56.698] [JOIN] INFO: [combat] order hand=1,812133760 tgt=1,3447143680 localFight=0 r=2
[12:26:56.698] [JOIN] INFO: [combat] order hand=1,2175170816 tgt=1,1664428672 localFight=0 r=2
[12:26:56.698] [JOIN] INFO: [combat] order hand=1,3821044992 tgt=1,3427001856 localFight=0 r=2
[12:26:56.698] [JOIN] INFO: [combat] order hand=1,1147827200 tgt=1,96923832 localFight=0 r=2
[12:26:56.698] [JOIN] INFO: [combat] order hand=1,3201049856 tgt=1,1886474624 localFight=0 r=2
[12:26:56.698] [JOIN] INFO: [combat] order hand=1,1625122048 tgt=1,529907232 localFight=0 r=2
[12:26:56.698] [JOIN] INFO: [combat] order hand=1,2647827200 tgt=1,1886474624 localFight=0 r=2
[12:26:56.698] [JOIN] INFO: [combat] order hand=1,1886474624 tgt=1,3201049856 localFight=0 r=2
[12:26:56.698] [JOIN] INFO: [combat] order hand=1,576171904 tgt=1,2962890752 localFight=0 r=2
[12:26:56.698] [JOIN] INFO: [combat] order hand=1,96923832 tgt=1,1147827200 localFight=0 r=2
[12:26:56.698] [JOIN] INFO: [combat] order hand=1,3807373056 tgt=1,3917236224 localFight=0 r=2
[12:26:56.699] [JOIN] INFO: [combat] order hand=1,2378173952 tgt=1,1879882752 localFight=0 r=2
[12:26:56.699] [JOIN] INFO: [combat] order hand=1,2269165056 tgt=1,1049804672 localFight=0 r=2
[12:26:56.699] [JOIN] INFO: [combat] order hand=1,3637329152 tgt=2,2727661056 localFight=0 r=2
[12:26:56.699] [JOIN] INFO: [combat] order hand=1,1664428672 tgt=1,2175170816 localFight=0 r=2
[12:26:56.699] [JOIN] INFO: [combat] order hand=1,2962890752 tgt=1,576171904 localFight=0 r=2
[12:26:56.699] [JOIN] INFO: [combat] order hand=1,3917236224 tgt=1,1656738304 localFight=0 r=2
[12:26:56.699] [JOIN] INFO: [combat] order hand=1,529907232 tgt=1,1625122048 localFight=0 r=2
[12:26:56.699] [JOIN] INFO: [combat] order hand=1,1879882752 tgt=1,2378173952 localFight=0 r=2
[12:26:56.699] [JOIN] INFO: [combat] order hand=1,3244872960 tgt=1,2500976640 localFight=0 r=2
[12:26:56.699] [JOIN] INFO: [combat] order hand=1,2500976640 tgt=1,3244872960 localFight=0 r=2
[12:26:56.699] [JOIN] INFO: [combat] order hand=1,1633666944 tgt=1,42480468 localFight=0 r=2
[12:26:56.699] [JOIN] INFO: [combat] order hand=1,42480468 tgt=1,1633666944 localFight=0 r=2
[12:26:56.699] [JOIN] INFO: [authority] suppress NPC hand=1,1723144576 (streamed=44 local=42 supp=1)
[12:26:56.699] [JOIN] INFO: [authority] suppress NPC hand=1,3832153344 (streamed=44 local=42 supp=2)
[12:26:56.699] [JOIN] INFO: SCENARIO RECV hand=1,2637329152,1,1,3079467776 pos=-51255.58,1551.14,2850.94
[12:26:56.699] [JOIN] INFO: SPIKE 56 smoke leader hand=1,2637329152,1,1,3079467776 pos=-51255.6,1551.1,2850.9
[12:26:56.699] [JOIN] INFO: SPIKE 56 storm56 role=join near80=41 fighting=0 down=4 peerReady=1 t=0
[12:26:56.709] [JOIN] INFO: SCENARIO RECV hand=1,2637329152,1,1,3079467776 pos=-51260.76,1556.63,2861.27
[12:26:56.709] [JOIN] INFO: SPIKE 56 storm56 role=join near80=38 fighting=0 down=4 peerReady=1 t=0
[12:26:56.721] [JOIN] INFO: [taskkey] key=6 desc='Equipping weapon' repro=0 subject=1
[12:26:56.721] [JOIN] INFO: SCENARIO RECV hand=1,2637329152,1,1,3079467776 pos=-51260.76,1556.63,2861.27
[12:26:56.721] [JOIN] INFO: SPIKE 56 storm56 role=join near80=38 fighting=0 down=4 peerReady=1 t=16
[12:26:56.743] [JOIN] INFO: [taskkey] key=61 desc='Attacking target unprovoked' repro=0 subject=1
[12:26:56.765] [JOIN] INFO: [taskkey] key=1 desc='Moving' repro=0 subject=0
[12:26:57.135] [JOIN] INFO: [authority] suppress NPC hand=1,3996215808 (streamed=43 local=43 supp=3)
[12:26:57.213] [JOIN] INFO: SCENARIO RECV hand=1,2637329152,1,1,3079467776 pos=-51260.80,1556.84,2860.05
[12:26:57.714] [JOIN] INFO: SCENARIO RECV hand=1,2637329152,1,1,3079467776 pos=-51260.70,1556.83,2860.00
[12:26:58.001] [JOIN] INFO: [taskkey] key=147 desc='Stumbling' repro=0 subject=0
[12:26:58.202] [JOIN] INFO: [combat] order hand=2,2727661056 tgt=1,3637329152 localFight=0 r=2
[12:26:58.212] [JOIN] INFO: SCENARIO RECV hand=1,2637329152,1,1,3079467776 pos=-51260.70,1556.83,2860.00
[12:26:58.702] [JOIN] INFO: [gate] hand=1,524536128 host=36 local=65535  agree=36/234 (15%)
[12:26:58.722] [JOIN] INFO: SCENARIO RECV hand=1,2637329152,1,1,3079467776 pos=-51260.70,1556.83,2860.00
[12:26:59.070] [JOIN] INFO: [event] RECV id=6 ev=1 owner=0 hand=1,30,3505004800,1,3205810432 actor=1,2234985472
[12:26:59.072] [JOIN] INFO: [combat] order hand=1,3447143680 tgt=1,812133760 localFight=0 r=2
[12:26:59.212] [JOIN] INFO: [combat] order hand=1,2234985472 tgt=1,3205810432 localFight=0 r=2
[12:26:59.212] [JOIN] INFO: SCENARIO RECV hand=1,2637329152,1,1,3079467776 pos=-51260.70,1556.83,2860.00
[12:26:59.437] [JOIN] INFO: [combat] order hand=1,812133760 tgt=1,3447143680 localFight=0 r=2
[12:26:59.691] [JOIN] INFO: [authority] suppress NPC hand=1,1667968768 (streamed=43 local=44 supp=4)
[12:26:59.703] [JOIN] INFO: [combat] order hand=2,2727661056 tgt=1,3637329152 localFight=0 r=2
[12:26:59.713] [JOIN] INFO: SCENARIO RECV hand=1,2637329152,1,1,3079467776 pos=-51260.70,1556.83,2860.00
[12:27:00.215] [JOIN] INFO: SCENARIO RECV hand=1,2637329152,1,1,3079467776 pos=-51260.70,1556.83,2860.00
[12:27:00.572] [JOIN] INFO: [combat] order hand=1,3447143680 tgt=1,812133760 localFight=0 r=2
[12:27:00.711] [JOIN] INFO: [gate] hand=1,524536128 host=36 local=65535  agree=36/428 (8%)
[12:27:00.711] [JOIN] INFO: [combat] order hand=1,2234985472 tgt=1,1749633792 localFight=0 r=2
[12:27:00.711] [JOIN] INFO: SCENARIO RECV hand=1,2637329152,1,1,3079467776 pos=-51260.70,1556.83,2860.00
[12:27:00.954] [JOIN] INFO: [combat] order hand=1,812133760 tgt=1,3447143680 localFight=0 r=2
[12:27:01.145] [JOIN] INFO: [authority] restore NPC hand=1,1667968768 (supp=3)
[12:27:01.207] [JOIN] INFO: [combat] order hand=2,2727661056 tgt=1,3637329152 localFight=0 r=2
[12:27:01.217] [JOIN] INFO: SCENARIO RECV hand=1,2637329152,1,1,3079467776 pos=-51260.70,1556.83,2860.00
[12:27:01.331] [JOIN] INFO: [taskkey] key=67 desc='Running' repro=0 subject=1
[12:27:01.731] [JOIN] INFO: SCENARIO RECV hand=1,2637329152,1,1,3079467776 pos=-51260.70,1556.83,2860.00
[12:27:01.731] [JOIN] INFO: SPIKE 56 storm56 role=join near80=34 fighting=23 down=6 peerReady=1 t=5031
[12:27:02.050] [JOIN] INFO: [event] RECV id=7 ev=1 owner=0 hand=1,53,945922880,1,3807373056 actor=1,2647827200
[12:27:02.073] [JOIN] INFO: [combat] order hand=1,3447143680 tgt=1,812133760 localFight=0 r=2
[12:27:02.229] [JOIN] INFO: SCENARIO RECV hand=1,2637329152,1,1,3079467776 pos=-51260.70,1556.83,2860.00
[12:27:02.454] [JOIN] INFO: [combat] order hand=1,812133760 tgt=1,3447143680 localFight=0 r=2
[12:27:02.707] [JOIN] INFO: [combat] order hand=2,2727661056 tgt=1,3637329152 localFight=0 r=2
[12:27:02.718] [JOIN] INFO: [gate] hand=1,524536128 host=36 local=1  agree=130/741 (17%)
[12:27:02.728] [JOIN] INFO: SCENARIO RECV hand=1,2637329152,1,1,3079467776 pos=-51257.03,1556.15,2860.80
[12:27:03.230] [JOIN] INFO: SCENARIO RECV hand=1,2637329152,1,1,3079467776 pos=-51251.84,1554.80,2863.91
[12:27:03.582] [JOIN] INFO: [combat] order hand=1,3447143680 tgt=1,812133760 localFight=0 r=2
[12:27:03.730] [JOIN] INFO: SCENARIO RECV hand=1,2637329152,1,1,3079467776 pos=-51252.12,1554.80,2864.07
[12:27:04.009] [JOIN] INFO: [combat] order hand=1,812133760 tgt=1,3447143680 localFight=0 r=2
[12:27:04.018] [JOIN] INFO: [event] RECV id=8 ev=1 owner=0 hand=1,59,449584960,1,2962890752 actor=1,576171904
[12:27:04.188] [JOIN] INFO: [combat] order hand=1,576171904 tgt=1,2962890752 localFight=0 r=2
[12:27:04.208] [JOIN] INFO: [combat] order hand=2,2727661056 tgt=1,3637329152 localFight=0 r=2
[12:27:04.229] [JOIN] INFO: SCENARIO RECV hand=1,2637329152,1,1,3079467776 pos=-51252.12,1554.80,2864.07
[12:27:04.725] [JOIN] INFO: [event] RECV id=9 ev=1 owner=0 hand=1,64,2458374144,1,3244872960 actor=1,2500976640
[12:27:04.727] [JOIN] INFO: [gate] hand=1,524536128 host=36 local=65535  agree=288/1123 (25%)
[12:27:04.738] [JOIN] INFO: SCENARIO RECV hand=1,2637329152,1,1,3079467776 pos=-51248.54,1554.81,2861.23
[12:27:04.789] [JOIN] INFO: [combat] order hand=1,2500976640 tgt=1,3244872960 localFight=0 r=2
[12:27:05.088] [JOIN] INFO: [combat] order hand=1,3447143680 tgt=1,812133760 localFight=0 r=2
[12:27:05.236] [JOIN] INFO: SCENARIO RECV hand=1,2637329152,1,1,3079467776 pos=-51239.96,1555.66,2853.21
[12:27:05.516] [JOIN] INFO: [combat] order hand=1,812133760 tgt=1,3447143680 localFight=0 r=2
[12:27:05.697] [JOIN] INFO: [combat] order hand=1,576171904 tgt=1,2269165056 localFight=0 r=2
[12:27:05.708] [JOIN] INFO: [combat] order hand=2,2727661056 tgt=1,3637329152 localFight=0 r=2
[12:27:05.729] [JOIN] INFO: SCENARIO RECV hand=1,2637329152,1,1,3079467776 pos=-51243.21,1555.18,2856.43
[12:27:06.229] [JOIN] INFO: SCENARIO RECV hand=1,2637329152,1,1,3079467776 pos=-51242.49,1555.35,2855.36
[12:27:06.296] [JOIN] INFO: [combat] order hand=1,2500976640 tgt=1,3917236224 localFight=0 r=2
[12:27:06.541] [JOIN] INFO: [event] RECV id=10 ev=1 owner=0 hand=1,25,1192016640,1,3447143680 actor=1,812133760
[12:27:06.736] [JOIN] INFO: [gate] hand=1,524536128 host=36 local=1  agree=449/1469 (30%)
[12:27:06.736] [JOIN] INFO: SCENARIO RECV hand=1,2637329152,1,1,3079467776 pos=-51237.03,1556.30,2849.11
[12:27:06.736] [JOIN] INFO: SPIKE 56 storm56 role=join near80=38 fighting=26 down=9 peerReady=1 t=10031
[12:27:07.084] [JOIN] INFO: [combat] order hand=1,812133760 tgt=1,3447143680 localFight=0 r=2
[12:27:07.215] [JOIN] INFO: [combat] order hand=2,2727661056 tgt=1,3637329152 localFight=0 r=2
[12:27:07.237] [JOIN] INFO: SCENARIO RECV hand=1,2637329152,1,1,3079467776 pos=-51239.69,1556.27,2849.55
[12:27:07.571] [JOIN] INFO: [combat] order hand=1,1049804672 tgt=1,1886474624 localFight=0 r=2
[12:27:07.734] [JOIN] INFO: SCENARIO RECV hand=1,2637329152,1,1,3079467776 pos=-51239.69,1556.27,2849.55
[12:27:08.231] [JOIN] INFO: SCENARIO RECV hand=1,2637329152,1,1,3079467776 pos=-51239.69,1556.27,2849.55
[12:27:08.587] [JOIN] INFO: [combat] order hand=1,812133760 tgt=1,576171904 localFight=0 r=2
[12:27:08.716] [JOIN] INFO: [combat] order hand=2,2727661056 tgt=1,3637329152 localFight=0 r=2
[12:27:08.727] [JOIN] INFO: SCENARIO RECV hand=1,2637329152,1,1,3079467776 pos=-51239.69,1556.27,2849.55
[12:27:08.739] [JOIN] INFO: [gate] hand=1,524536128 host=36 local=65535  agree=449/1654 (27%)
[12:27:09.033] [JOIN] INFO: [taskkey] key=36 desc='Patrolling town' repro=0 subject=0
[12:27:09.074] [JOIN] INFO: [combat] order hand=1,1049804672 tgt=1,1886474624 localFight=0 r=2
[12:27:09.234] [JOIN] INFO: SCENARIO RECV hand=1,2637329152,1,1,3079467776 pos=-51239.69,1556.27,2849.55
[12:27:09.736] [JOIN] INFO: SCENARIO RECV hand=1,2637329152,1,1,3079467776 pos=-51239.69,1556.27,2849.55
[12:27:09.831] [JOIN] INFO: [combat] order hand=1,2269165056 tgt=1,576171904 localFight=0 r=2
[12:27:10.218] [JOIN] INFO: [combat] order hand=2,2727661056 tgt=1,3637329152 localFight=0 r=2
[12:27:10.229] [JOIN] INFO: SCENARIO RECV hand=1,2637329152,1,1,3079467776 pos=-51239.69,1556.27,2849.55
[12:27:10.574] [JOIN] INFO: [combat] order hand=1,1049804672 tgt=1,1886474624 localFight=0 r=2
[12:27:10.734] [JOIN] INFO: SCENARIO RECV hand=1,2637329152,1,1,3079467776 pos=-51239.69,1556.27,2849.55
[12:27:10.745] [JOIN] INFO: [gate] hand=1,524536128 host=36 local=65535  agree=473/2003 (23%)
[12:27:11.233] [JOIN] INFO: SCENARIO RECV hand=1,2637329152,1,1,3079467776 pos=-51239.69,1556.27,2849.55
[12:27:11.720] [JOIN] INFO: [combat] order hand=2,2727661056 tgt=1,3637329152 localFight=0 r=2
[12:27:11.731] [JOIN] INFO: SCENARIO RECV hand=1,2637329152,1,1,3079467776 pos=-51239.69,1556.27,2849.55
[12:27:11.731] [JOIN] INFO: SPIKE 56 storm56 role=join near80=39 fighting=26 down=10 peerReady=1 t=15031
[12:27:11.854] [JOIN] INFO: [event] RECV id=11 ev=1 owner=0 hand=1,56,2181152256,1,3637329152 actor=2,2727661056
[12:27:12.084] [JOIN] INFO: [combat] order hand=1,1049804672 tgt=1,1886474624 localFight=0 r=2
[12:27:12.233] [JOIN] INFO: SCENARIO RECV hand=1,2637329152,1,1,3079467776 pos=-51239.69,1556.27,2849.55
[12:27:12.304] [JOIN] INFO: [event] RECV id=12 ev=1 owner=0 hand=1,23,1196411136,1,1528442368 actor=1,3184936448
[12:27:12.361] [JOIN] INFO: [combat] order hand=1,3135620096 tgt=1,2647827200 localFight=0 r=2
[12:27:12.361] [JOIN] INFO: [combat] order hand=1,3184936448 tgt=1,1528442368 localFight=0 r=2
[12:27:12.361] [JOIN] INFO: [combat] order hand=1,1749633792 tgt=1,2234985472 localFight=0 r=2
[12:27:12.403] [JOIN] INFO: [event] RECV id=13 ev=1 owner=0 hand=1,42,3871826176,1,2175170816 actor=1,1664428672
[12:27:12.491] [JOIN] INFO: [authority] suppress NPC hand=1,3688842752 (streamed=43 local=45 supp=4)
[12:27:12.556] [JOIN] INFO: [combat] order hand=1,1664428672 tgt=1,2175170816 localFight=0 r=2
[12:27:12.737] [JOIN] INFO: SCENARIO RECV hand=1,2637329152,1,1,3079467776 pos=-51239.69,1556.27,2849.55
[12:27:12.747] [JOIN] INFO: [gate] hand=1,524536128 host=36 local=65535  agree=637/2355 (27%)
[12:27:12.757] [JOIN] INFO: [event] RECV id=14 ev=1 owner=0 hand=1,54,3899047936,1,2378173952 actor=2,2727661056
[12:27:12.757] [JOIN] INFO: [event] RECV id=15 ev=1 owner=0 hand=1,46,859619136,1,3201049856 actor=1,1886474624
[12:27:12.963] [JOIN] INFO: [combat] order hand=1,1886474624 tgt=1,1049804672 localFight=0 r=2
[12:27:13.224] [JOIN] INFO: [combat] order hand=2,2727661056 tgt=1,3427001856 localFight=0 r=2
[12:27:13.235] [JOIN] INFO: SCENARIO RECV hand=1,2637329152,1,1,3079467776 pos=-51239.69,1556.27,2849.55
[12:27:13.593] [JOIN] INFO: [combat] order hand=1,1049804672 tgt=1,1886474624 localFight=0 r=2
[12:27:13.732] [JOIN] INFO: SCENARIO RECV hand=1,2637329152,1,1,3079467776 pos=-51239.69,1556.27,2849.55
[12:27:13.868] [JOIN] INFO: [combat] order hand=1,3184936448 tgt=1,2234985472 localFight=0 r=2
[12:27:14.059] [JOIN] INFO: [combat] order hand=1,1664428672 tgt=1,2175170816 localFight=0 r=2
[12:27:14.233] [JOIN] INFO: SCENARIO RECV hand=1,2637329152,1,1,3079467776 pos=-51239.69,1556.27,2849.55
[12:27:14.471] [JOIN] INFO: [combat] order hand=1,1886474624 tgt=1,1049804672 localFight=0 r=2
[12:27:14.731] [JOIN] INFO: [combat] order hand=2,2727661056 tgt=1,3427001856 localFight=0 r=2
[12:27:14.731] [JOIN] INFO: SCENARIO RECV hand=1,2637329152,1,1,3079467776 pos=-51239.69,1556.27,2849.55
[12:27:14.751] [JOIN] INFO: [gate] hand=1,524536128 host=36 local=65535  agree=637/2726 (23%)
[12:27:14.805] [JOIN] INFO: [taskkey] key=4 desc='Attacking' repro=0 subject=1
[12:27:14.995] [JOIN] INFO: [combat] order hand=1,1879882752 tgt=1,2647827200 localFight=1 r=2
[12:27:15.100] [JOIN] INFO: [combat] order hand=1,1049804672 tgt=1,1886474624 localFight=0 r=2
[12:27:15.100] [JOIN] INFO: [combat] order hand=1,2328613376 tgt=1,3542358272 localFight=0 r=2
[12:27:15.122] [JOIN] INFO: [combat] order hand=1,3542358272 tgt=1,2328613376 localFight=0 r=2
[12:27:15.238] [JOIN] INFO: SCENARIO RECV hand=1,2637329152,1,1,3079467776 pos=-51239.69,1556.27,2849.55
[12:27:15.270] [JOIN] INFO: [authority] suppress NPC hand=1,524536128 (streamed=42 local=45 supp=5)
[12:27:15.566] [JOIN] INFO: [combat] order hand=1,1664428672 tgt=1,1633666944 localFight=0 r=2
[12:27:15.736] [JOIN] INFO: SCENARIO RECV hand=1,2637329152,1,1,3079467776 pos=-51239.69,1556.27,2849.55
[12:27:15.988] [JOIN] INFO: [combat] order hand=1,1886474624 tgt=1,1049804672 localFight=0 r=2
[12:27:16.231] [JOIN] INFO: [combat] order hand=2,2727661056 tgt=1,3427001856 localFight=0 r=2
[12:27:16.231] [JOIN] INFO: SCENARIO RECV hand=1,2637329152,1,1,3079467776 pos=-51239.69,1556.27,2849.55
[12:27:16.608] [JOIN] INFO: [combat] order hand=1,1049804672 tgt=1,1886474624 localFight=0 r=2
[12:27:16.608] [JOIN] INFO: [combat] order hand=1,2328613376 tgt=1,3542358272 localFight=0 r=2
[12:27:16.631] [JOIN] INFO: [combat] order hand=1,3542358272 tgt=1,2328613376 localFight=0 r=2
[12:27:16.735] [JOIN] INFO: SCENARIO RECV hand=1,2637329152,1,1,3079467776 pos=-51239.69,1556.27,2849.55
[12:27:16.735] [JOIN] INFO: SPIKE 56 storm56 role=join near80=37 fighting=16 down=16 peerReady=1 t=20031
[12:27:17.228] [JOIN] INFO: SCENARIO RECV hand=1,2637329152,1,1,3079467776 pos=-51247.73,1557.12,2846.59
[12:27:17.489] [JOIN] INFO: [combat] order hand=1,1886474624 tgt=1,1049804672 localFight=0 r=2
[12:27:17.734] [JOIN] INFO: [combat] order hand=2,2727661056 tgt=1,3427001856 localFight=0 r=2
[12:27:17.734] [JOIN] INFO: SCENARIO RECV hand=1,2637329152,1,1,3079467776 pos=-51245.91,1556.68,2847.66
[12:27:18.068] [JOIN] INFO: [event] RECV id=16 ev=1 owner=0 hand=1,33,1617797888,1,1049804672 actor=1,1886474624
[12:27:18.112] [JOIN] INFO: [combat] order hand=1,2328613376 tgt=1,3542358272 localFight=0 r=2
[12:27:18.133] [JOIN] INFO: [combat] order hand=1,3542358272 tgt=1,2328613376 localFight=0 r=2
[12:27:18.229] [JOIN] INFO: SCENARIO RECV hand=1,2637329152,1,1,3079467776 pos=-51245.06,1556.59,2848.15
[12:27:18.735] [JOIN] INFO: SCENARIO RECV hand=1,2637329152,1,1,3079467776 pos=-51245.05,1556.50,2848.69
[12:27:18.990] [JOIN] INFO: [combat] order hand=1,1886474624 tgt=1,1049804672 localFight=0 r=2
[12:27:19.229] [JOIN] INFO: SCENARIO RECV hand=1,2637329152,1,1,3079467776 pos=-51244.89,1556.43,2849.08
[12:27:19.240] [JOIN] INFO: [combat] order hand=2,2727661056 tgt=1,3427001856 localFight=0 r=2
[12:27:19.619] [JOIN] INFO: [combat] order hand=1,2328613376 tgt=1,3542358272 localFight=0 r=2
[12:27:19.641] [JOIN] INFO: [combat] order hand=1,3542358272 tgt=1,2328613376 localFight=0 r=2
[12:27:19.737] [JOIN] INFO: SCENARIO RECV hand=1,2637329152,1,1,3079467776 pos=-51244.89,1556.43,2849.08
[12:27:20.227] [JOIN] INFO: SCENARIO RECV hand=1,2637329152,1,1,3079467776 pos=-51244.89,1556.43,2849.08
[12:27:20.501] [JOIN] INFO: [combat] order hand=1,1886474624 tgt=1,2328613376 localFight=0 r=2
[12:27:20.692] [JOIN] INFO: [event] RECV id=17 ev=1 owner=0 hand=1,20,3234741248,1,2234985472 actor=1,3184936448
[12:27:20.731] [JOIN] INFO: SCENARIO RECV hand=1,2637329152,1,1,3079467776 pos=-51244.89,1556.43,2849.08
[12:27:20.743] [JOIN] INFO: [combat] order hand=2,2727661056 tgt=1,3427001856 localFight=0 r=2
[12:27:20.897] [JOIN] INFO: [combat] order hand=1,3184936448 tgt=1,529907232 localFight=0 r=2
[12:27:20.909] [JOIN] INFO: [combat] order hand=1,1749633792 tgt=1,2234985472 localFight=0 r=2
[12:27:21.124] [JOIN] INFO: [combat] order hand=1,2328613376 tgt=1,1886474624 localFight=0 r=2
[12:27:21.146] [JOIN] INFO: [combat] order hand=1,3542358272 tgt=1,2328613376 localFight=0 r=2
[12:27:21.155] [JOIN] INFO: [event] RECV id=18 ev=1 owner=0 hand=1,48,1637573248,1,2647827200 actor=1,1879882752
[12:27:21.232] [JOIN] INFO: SCENARIO RECV hand=1,2637329152,1,1,3079467776 pos=-51244.99,1556.49,2848.75
[12:27:21.341] [JOIN] INFO: [combat] order hand=1,3135620096 tgt=1,2647827200 localFight=0 r=2
[12:27:21.731] [JOIN] INFO: SCENARIO RECV hand=1,2637329152,1,1,3079467776 pos=-51244.99,1556.49,2848.74
[12:27:21.731] [JOIN] INFO: SPIKE 56 storm56 role=join near80=33 fighting=8 down=18 peerReady=1 t=25031
[12:27:22.006] [JOIN] INFO: [combat] order hand=1,1886474624 tgt=1,2328613376 localFight=0 r=2
[12:27:22.228] [JOIN] INFO: SCENARIO RECV hand=1,2637329152,1,1,3079467776 pos=-51244.71,1556.55,2848.33
[12:27:22.249] [JOIN] INFO: [combat] order hand=2,2727661056 tgt=1,3427001856 localFight=0 r=2
[12:27:22.411] [JOIN] INFO: [combat] order hand=1,1749633792 tgt=1,2234985472 localFight=0 r=2
[12:27:22.624] [JOIN] INFO: [combat] order hand=1,2328613376 tgt=1,1886474624 localFight=0 r=2
[12:27:22.648] [JOIN] INFO: [combat] order hand=1,3542358272 tgt=1,2328613376 localFight=0 r=2
[12:27:22.734] [JOIN] INFO: SCENARIO RECV hand=1,2637329152,1,1,3079467776 pos=-51244.67,1556.57,2848.23
[12:27:22.846] [JOIN] INFO: [combat] order hand=1,3135620096 tgt=1,96923832 localFight=0 r=2
[12:27:23.231] [JOIN] INFO: SCENARIO RECV hand=1,2637329152,1,1,3079467776 pos=-51244.67,1556.57,2848.23
[12:27:23.421] [JOIN] INFO: [event] RECV id=19 ev=1 owner=0 hand=1,45,1478393600,1,1147827200 actor=1,96923832
[12:27:23.509] [JOIN] INFO: [combat] order hand=1,1886474624 tgt=1,2328613376 localFight=0 r=2
[12:27:23.541] [JOIN] INFO: [combat] order hand=1,96923832 tgt=1,1147827200 localFight=0 r=2
[12:27:23.734] [JOIN] INFO: SCENARIO RECV hand=1,2637329152,1,1,3079467776 pos=-51244.67,1556.57,2848.23
[12:27:23.753] [JOIN] INFO: [combat] order hand=2,2727661056 tgt=1,3427001856 localFight=0 r=2
[12:27:23.914] [JOIN] INFO: [combat] order hand=1,1749633792 tgt=1,2328613376 localFight=0 r=2
[12:27:24.128] [JOIN] INFO: [combat] order hand=1,2328613376 tgt=1,3542358272 localFight=0 r=2
[12:27:24.160] [JOIN] INFO: [combat] order hand=1,3542358272 tgt=1,2328613376 localFight=0 r=2
[12:27:24.233] [JOIN] INFO: SCENARIO RECV hand=1,2637329152,1,1,3079467776 pos=-51244.67,1556.57,2848.23
[12:27:24.435] [JOIN] INFO: [event] RECV id=20 ev=1 owner=0 hand=1,66,2426757888,1,1633666944 actor=1,1664428672
[12:27:24.437] [JOIN] INFO: [combat] order hand=1,3135620096 tgt=1,96923832 localFight=0 r=2
[12:27:24.437] [JOIN] INFO: [gate] hand=1,1664428672 host=4 local=61  agree=655/2798 (23%)
[12:27:24.470] [JOIN] INFO: [combat] order hand=1,42480468 tgt=1,1633666944 localFight=0 r=2
[12:27:24.491] [JOIN] INFO: [combat] order hand=5,1919189504 tgt=1,2269165056 localFight=0 r=2
[12:27:24.523] [JOIN] INFO: [authority] suppress NPC hand=1,180297856 (streamed=43 local=45 supp=6)
[12:27:24.639] [JOIN] INFO: [combat] order hand=2,2703369216 tgt=1,812133760 localFight=0 r=2
[12:27:24.734] [JOIN] INFO: [event] RECV id=21 ev=1 owner=0 hand=1,60,1434326144,1,3917236224 actor=1,1656738304
[12:27:24.737] [JOIN] INFO: SCENARIO RECV hand=1,2637329152,1,1,3079467776 pos=-51244.67,1556.57,2848.23
[12:27:24.825] [JOIN] INFO: [authority] suppress NPC hand=1,210571296 (streamed=44 local=46 supp=7)
[12:27:24.880] [JOIN] INFO: [combat] order hand=1,1656738304 tgt=1,3917236224 localFight=0 r=2
[12:27:25.009] [JOIN] INFO: [combat] order hand=1,1886474624 tgt=1,2328613376 localFight=0 r=2
[12:27:25.041] [JOIN] INFO: [combat] order hand=1,96923832 tgt=1,1879882752 localFight=0 r=2
[12:27:25.235] [JOIN] INFO: SCENARIO RECV hand=1,2637329152,1,1,3079467776 pos=-51244.67,1556.57,2848.23
[12:27:25.258] [JOIN] INFO: [combat] order hand=2,2727661056 tgt=1,3427001856 localFight=0 r=2
[12:27:25.421] [JOIN] INFO: [combat] order hand=1,1749633792 tgt=1,2328613376 localFight=0 r=2
[12:27:25.636] [JOIN] INFO: [combat] order hand=1,2328613376 tgt=1,3542358272 localFight=0 r=2
[12:27:25.669] [JOIN] INFO: [combat] order hand=1,3542358272 tgt=1,2328613376 localFight=0 r=2
[12:27:25.732] [JOIN] INFO: SCENARIO RECV hand=1,2637329152,1,1,3079467776 pos=-51244.67,1556.57,2848.23
[12:27:25.944] [JOIN] INFO: [combat] order hand=1,3135620096 tgt=1,96923832 localFight=0 r=2
[12:27:25.976] [JOIN] INFO: [combat] order hand=1,42480468 tgt=1,576171904 localFight=0 r=2
[12:27:26.233] [JOIN] INFO: SCENARIO RECV hand=1,2637329152,1,1,3079467776 pos=-51244.67,1556.57,2848.23
[12:27:26.384] [JOIN] INFO: [combat] order hand=1,1656738304 tgt=4,1276245120 localFight=0 r=2
[12:27:26.448] [JOIN] INFO: [gate] hand=1,1664428672 host=4 local=65535  agree=674/3144 (21%)
[12:27:26.512] [JOIN] INFO: [combat] order hand=1,1886474624 tgt=1,2328613376 localFight=0 r=2
[12:27:26.544] [JOIN] INFO: [combat] order hand=1,96923832 tgt=1,1879882752 localFight=0 r=2
[12:27:26.704] [JOIN] INFO: [combat] order hand=4,1276245120 tgt=1,1656738304 localFight=0 r=2
[12:27:26.737] [JOIN] INFO: SCENARIO RECV hand=1,2637329152,1,1,3079467776 pos=-51244.67,1556.57,2848.23
[12:27:26.737] [JOIN] INFO: SPIKE 56 storm56 role=join near80=32 fighting=6 down=19 peerReady=1 t=30031
[12:27:26.768] [JOIN] INFO: [combat] order hand=2,2727661056 tgt=1,3427001856 localFight=0 r=2
[12:27:26.884] [JOIN] INFO: [authority] suppress NPC hand=1,686157248 (streamed=45 local=47 supp=8)
[12:27:26.927] [JOIN] INFO: [combat] order hand=1,1749633792 tgt=1,2328613376 localFight=0 r=2
[12:27:27.144] [JOIN] INFO: [combat] order hand=1,2328613376 tgt=1,1749633792 localFight=0 r=2
[12:27:27.178] [JOIN] INFO: [combat] order hand=1,3542358272 tgt=1,2328613376 localFight=0 r=2
[12:27:27.232] [JOIN] INFO: SCENARIO RECV hand=1,2637329152,1,1,3079467776 pos=-51244.67,1556.57,2848.23
[12:27:27.352] [JOIN] INFO: [authority] suppress NPC hand=1,3821044992 (streamed=44 local=47 supp=9)
[12:27:27.450] [JOIN] INFO: [combat] order hand=1,3135620096 tgt=1,96923832 localFight=0 r=2
[12:27:27.731] [JOIN] INFO: SCENARIO RECV hand=1,2637329152,1,1,3079467776 pos=-51244.67,1556.57,2848.23
[12:27:28.017] [JOIN] INFO: [combat] order hand=1,1886474624 tgt=1,2328613376 localFight=0 r=2
[12:27:28.050] [JOIN] INFO: [combat] order hand=1,96923832 tgt=1,1879882752 localFight=0 r=2
[12:27:28.238] [JOIN] INFO: SCENARIO RECV hand=1,2637329152,1,1,3079467776 pos=-51244.67,1556.57,2848.23
[12:27:28.271] [JOIN] INFO: [combat] order hand=1,2590331904 tgt=1,2269165056 localFight=0 r=2
[12:27:28.271] [JOIN] INFO: [combat] order hand=2,2727661056 tgt=1,3427001856 localFight=0 r=2
[12:27:28.271] [JOIN] INFO: [combat] order hand=1,1664428672 tgt=1,576171904 localFight=1 r=2
[12:27:28.438] [JOIN] INFO: [combat] order hand=1,1749633792 tgt=1,2328613376 localFight=0 r=2
[12:27:28.551] [JOIN] INFO: [gate] hand=1,2500976640 host=4 local=1  agree=837/3503 (23%)
[12:27:28.652] [JOIN] INFO: [combat] order hand=1,2328613376 tgt=1,1749633792 localFight=0 r=2
[12:27:28.686] [JOIN] INFO: [combat] order hand=1,3542358272 tgt=1,2328613376 localFight=0 r=2
[12:27:28.732] [JOIN] INFO: SCENARIO RECV hand=1,2637329152,1,1,3079467776 pos=-51244.67,1556.57,2848.23
[12:27:28.954] [JOIN] INFO: [combat] order hand=1,3135620096 tgt=1,96923832 localFight=0 r=2
[12:27:29.233] [JOIN] INFO: SCENARIO RECV hand=1,2637329152,1,1,3079467776 pos=-51244.67,1556.57,2848.23
[12:27:29.519] [JOIN] INFO: [combat] order hand=1,1886474624 tgt=1,2328613376 localFight=0 r=2
[12:27:29.554] [JOIN] INFO: [combat] order hand=1,96923832 tgt=1,1879882752 localFight=0 r=2
[12:27:29.729] [JOIN] INFO: SCENARIO RECV hand=1,2637329152,1,1,3079467776 pos=-51244.67,1556.57,2848.23
[12:27:29.773] [JOIN] INFO: [combat] order hand=1,2590331904 tgt=1,2269165056 localFight=0 r=2
[12:27:29.773] [JOIN] INFO: [combat] order hand=2,2727661056 tgt=1,3427001856 localFight=0 r=2
[12:27:29.939] [JOIN] INFO: [combat] order hand=1,1749633792 tgt=1,2328613376 localFight=0 r=2
[12:27:29.993] [JOIN] INFO: [combat] order hand=1,2500976640 tgt=1,529907232 localFight=1 r=2
[12:27:30.157] [JOIN] INFO: [combat] order hand=1,2328613376 tgt=1,1749633792 localFight=0 r=2
[12:27:30.191] [JOIN] INFO: [combat] order hand=1,3542358272 tgt=1,2328613376 localFight=0 r=2
[12:27:30.235] [JOIN] INFO: SCENARIO RECV hand=1,2637329152,1,1,3079467776 pos=-51244.67,1556.57,2848.23
[12:27:30.454] [JOIN] INFO: [combat] order hand=1,3135620096 tgt=1,96923832 localFight=0 r=2
[12:27:30.728] [JOIN] INFO: SCENARIO RECV hand=1,2637329152,1,1,3079467776 pos=-51244.67,1556.57,2848.23
[12:27:31.025] [JOIN] INFO: [combat] order hand=1,1886474624 tgt=1,2328613376 localFight=0 r=2
[12:27:31.057] [JOIN] INFO: [combat] order hand=1,96923832 tgt=1,3135620096 localFight=0 r=2
[12:27:31.233] [JOIN] INFO: SCENARIO RECV hand=1,2637329152,1,1,3079467776 pos=-51244.67,1556.57,2848.23
[12:27:31.277] [JOIN] INFO: [combat] order hand=1,2590331904 tgt=1,2269165056 localFight=0 r=2
[12:27:31.277] [JOIN] INFO: [combat] order hand=2,2727661056 tgt=1,3427001856 localFight=0 r=2
[12:27:31.309] [JOIN] INFO: [event] RECV id=22 ev=1 owner=0 hand=1,55,1381835904,1,2269165056 actor=1,2590331904
[12:27:31.441] [JOIN] INFO: [combat] order hand=1,1749633792 tgt=1,2328613376 localFight=0 r=2
[12:27:31.474] [JOIN] INFO: [combat] order hand=1,576171904 tgt=1,1664428672 localFight=0 r=2
[12:27:31.663] [JOIN] INFO: [event] RECV id=23 ev=1 owner=0 hand=1,47,838378880,1,1625122048 actor=1,529907232
[12:27:31.665] [JOIN] INFO: [combat] order hand=1,2328613376 tgt=1,3542358272 localFight=0 r=2
[12:27:31.700] [JOIN] INFO: [combat] order hand=1,3542358272 tgt=1,2328613376 localFight=0 r=2
[12:27:31.733] [JOIN] INFO: SCENARIO RECV hand=1,2637329152,1,1,3079467776 pos=-51244.67,1556.57,2848.23
[12:27:31.733] [JOIN] INFO: SPIKE 56 storm56 role=join near80=32 fighting=6 down=20 peerReady=1 t=35031
[12:27:31.787] [JOIN] INFO: [combat] order hand=1,529907232 tgt=1,1625122048 localFight=0 r=2
[12:27:31.965] [JOIN] INFO: [combat] order hand=1,3135620096 tgt=1,96923832 localFight=0 r=2
[12:27:32.228] [JOIN] INFO: SCENARIO RECV hand=1,2637329152,1,1,3079467776 pos=-51244.67,1556.57,2848.23
[12:27:32.533] [JOIN] INFO: [combat] order hand=1,1886474624 tgt=1,2328613376 localFight=0 r=2
[12:27:32.565] [JOIN] INFO: [combat] order hand=1,96923832 tgt=1,3135620096 localFight=0 r=2
[12:27:32.731] [JOIN] INFO: SCENARIO RECV hand=1,2637329152,1,1,3079467776 pos=-51244.67,1556.57,2848.23
[12:27:32.787] [JOIN] INFO: [combat] order hand=1,2590331904 tgt=1,1656738304 localFight=0 r=2
[12:27:32.787] [JOIN] INFO: [combat] order hand=2,2727661056 tgt=1,3427001856 localFight=0 r=2
[12:27:32.952] [JOIN] INFO: [combat] order hand=1,1749633792 tgt=1,2328613376 localFight=0 r=2
[12:27:33.173] [JOIN] INFO: [combat] order hand=1,2328613376 tgt=1,3542358272 localFight=0 r=2
[12:27:33.205] [JOIN] INFO: [combat] order hand=1,3542358272 tgt=1,2328613376 localFight=0 r=2
[12:27:33.228] [JOIN] INFO: SCENARIO RECV hand=1,2637329152,1,1,3079467776 pos=-51244.67,1556.57,2848.23
[12:27:33.294] [JOIN] INFO: [combat] order hand=1,529907232 tgt=1,3184936448 localFight=0 r=2
[12:27:33.472] [JOIN] INFO: [event] RECV id=24 ev=1 owner=0 hand=1,52,1469360384,1,96923832 actor=1,1879882752
[12:27:33.474] [JOIN] INFO: [combat] order hand=1,3135620096 tgt=1,96923832 localFight=0 r=2
[12:27:33.631] [JOIN] INFO: [combat] order hand=3,3090698240 tgt=2,2727661056 localFight=0 r=2
[12:27:33.731] [JOIN] INFO: SCENARIO RECV hand=1,2637329152,1,1,3079467776 pos=-51244.67,1556.57,2848.23
[12:27:34.042] [JOIN] INFO: [combat] order hand=1,1886474624 tgt=1,2328613376 localFight=0 r=2
[12:27:34.230] [JOIN] INFO: SCENARIO RECV hand=1,2637329152,1,1,3079467776 pos=-51244.67,1556.57,2848.23
[12:27:34.297] [JOIN] INFO: [combat] order hand=1,2590331904 tgt=1,1656738304 localFight=0 r=2
[12:27:34.297] [JOIN] INFO: [combat] order hand=2,2727661056 tgt=1,3427001856 localFight=0 r=2
[12:27:34.455] [JOIN] INFO: [combat] order hand=1,1749633792 tgt=1,2328613376 localFight=0 r=2
[12:27:34.672] [JOIN] INFO: [combat] order hand=1,2328613376 tgt=1,1886474624 localFight=0 r=2
[12:27:34.716] [JOIN] INFO: [combat] order hand=1,3542358272 tgt=1,2328613376 localFight=0 r=2
[12:27:34.727] [JOIN] INFO: SCENARIO RECV hand=1,2637329152,1,1,3079467776 pos=-51244.67,1556.57,2848.23
[12:27:34.978] [JOIN] INFO: [combat] order hand=1,3135620096 tgt=1,3427001856 localFight=0 r=2
[12:27:35.231] [JOIN] INFO: SCENARIO RECV hand=1,2637329152,1,1,3079467776 pos=-51244.67,1556.57,2848.23
[12:27:35.551] [JOIN] INFO: [combat] order hand=1,1886474624 tgt=1,2328613376 localFight=0 r=2
[12:27:35.728] [JOIN] INFO: SCENARIO RECV hand=1,2637329152,1,1,3079467776 pos=-51244.67,1556.57,2848.23
[12:27:35.807] [JOIN] INFO: [combat] order hand=1,2590331904 tgt=1,1656738304 localFight=0 r=2
[12:27:35.807] [JOIN] INFO: [combat] order hand=2,2727661056 tgt=1,3427001856 localFight=0 r=2
[12:27:35.959] [JOIN] INFO: [combat] order hand=1,1749633792 tgt=1,2328613376 localFight=0 r=2
[12:27:36.181] [JOIN] INFO: [combat] order hand=1,2328613376 tgt=1,3542358272 localFight=0 r=2
[12:27:36.225] [JOIN] INFO: [combat] order hand=1,3542358272 tgt=1,2328613376 localFight=0 r=2
[12:27:36.236] [JOIN] INFO: SCENARIO RECV hand=1,2637329152,1,1,3079467776 pos=-51244.67,1556.57,2848.23
[12:27:36.738] [JOIN] INFO: SCENARIO RECV hand=1,2637329152,1,1,3079467776 pos=-51244.67,1556.57,2848.23
[12:27:36.738] [JOIN] INFO: SPIKE 56 storm56 role=join near80=32 fighting=6 down=20 peerReady=1 t=40031
[12:27:37.060] [JOIN] INFO: [combat] order hand=1,1886474624 tgt=1,2328613376 localFight=0 r=2
[12:27:37.235] [JOIN] INFO: SCENARIO RECV hand=1,2637329152,1,1,3079467776 pos=-51244.67,1556.57,2848.23
[12:27:37.315] [JOIN] INFO: [combat] order hand=1,2590331904 tgt=1,1656738304 localFight=0 r=2
[12:27:37.315] [JOIN] INFO: [combat] order hand=2,2727661056 tgt=1,3427001856 localFight=0 r=2
[12:27:37.469] [JOIN] INFO: [combat] order hand=1,1749633792 tgt=1,2328613376 localFight=0 r=2
[12:27:37.476] [JOIN] INFO: [event] RECV id=25 ev=1 owner=0 hand=1,40,49682616,1,2328613376 actor=1,3542358272
[12:27:37.731] [JOIN] INFO: SCENARIO RECV hand=1,2637329152,1,1,3079467776 pos=-51244.67,1556.57,2848.23
[12:27:37.741] [JOIN] INFO: [combat] order hand=1,3542358272 tgt=1,576171904 localFight=0 r=2
[12:27:38.233] [JOIN] INFO: SCENARIO RECV hand=1,2637329152,1,1,3079467776 pos=-51244.67,1556.57,2848.23
[12:27:38.568] [JOIN] INFO: [combat] order hand=1,1886474624 tgt=1,3427001856 localFight=0 r=2
[12:27:38.732] [JOIN] INFO: SCENARIO RECV hand=1,2637329152,1,1,3079467776 pos=-51243.11,1556.81,2846.64
[12:27:38.819] [JOIN] INFO: [combat] order hand=1,2590331904 tgt=1,1656738304 localFight=0 r=2
[12:27:38.819] [JOIN] INFO: [combat] order hand=2,2727661056 tgt=1,3427001856 localFight=0 r=2
[12:27:38.969] [JOIN] INFO: [combat] order hand=1,1749633792 tgt=1,3427001856 localFight=0 r=2
[12:27:39.234] [JOIN] INFO: SCENARIO RECV hand=1,2637329152,1,1,3079467776 pos=-51242.95,1556.86,2846.32
[12:27:39.394] [JOIN] INFO: [event] RECV id=26 ev=1 owner=0 hand=1,9,2430419968,2,2727661056 actor=1,3427001856
[12:27:39.451] [JOIN] INFO: [gate] hand=1,3427001856 host=4 local=61  agree=853/3633 (23%)
[12:27:39.645] [JOIN] INFO: [combat] order hand=2,2703369216 tgt=1,3135620096 localFight=1 r=2
[12:27:39.732] [JOIN] INFO: SCENARIO RECV hand=1,2637329152,1,1,3079467776 pos=-51242.84,1556.89,2846.11
[12:27:40.153] [JOIN] INFO: [combat] order hand=1,3427001856 tgt=1,1886474624 localFight=0 r=2
[12:27:40.237] [JOIN] INFO: SCENARIO RECV hand=1,2637329152,1,1,3079467776 pos=-51242.84,1556.89,2846.11
[12:27:40.323] [JOIN] INFO: [combat] order hand=1,2590331904 tgt=1,1656738304 localFight=0 r=2
[12:27:40.505] [JOIN] INFO: [event] RECV id=27 ev=1 owner=0 hand=1,24,802124032,1,3135620096 actor=2,2703369216
[12:27:40.736] [JOIN] INFO: SCENARIO RECV hand=1,2637329152,1,1,3079467776 pos=-51242.84,1556.89,2846.11
[12:27:41.231] [JOIN] INFO: SCENARIO RECV hand=1,2637329152,1,1,3079467776 pos=-51242.84,1556.89,2846.11
[12:27:41.728] [JOIN] INFO: SCENARIO RECV hand=1,2637329152,1,1,3079467776 pos=-51242.84,1556.89,2846.11
[12:27:41.728] [JOIN] INFO: SPIKE 56 storm56 role=join near80=31 fighting=8 down=20 peerReady=1 t=45031
[12:27:41.827] [JOIN] INFO: [combat] order hand=1,2590331904 tgt=1,1656738304 localFight=0 r=2
[12:27:41.979] [JOIN] INFO: [authority] suppress NPC hand=1,1667968768 (streamed=46 local=49 supp=10)
[12:27:42.235] [JOIN] INFO: SCENARIO RECV hand=1,2637329152,1,1,3079467776 pos=-51242.84,1556.89,2846.11
[12:27:42.730] [JOIN] INFO: [authority] restore NPC hand=1,3688842752 (supp=9)
[12:27:42.730] [JOIN] INFO: SCENARIO RECV hand=1,2637329152,1,1,3079467776 pos=-51242.84,1556.89,2846.11
[12:27:42.742] [JOIN] INFO: [gate] hand=1,3688842752 host=1 local=65535  agree=854/3703 (23%)
[12:27:42.942] [JOIN] INFO: [combat] order hand=1,529907232 tgt=1,3184936448 localFight=0 r=2
[12:27:42.953] [JOIN] INFO: [combat] order hand=1,3184936448 tgt=1,529907232 localFight=0 r=2
[12:27:42.976] [JOIN] INFO: [combat] order hand=1,2500976640 tgt=1,529907232 localFight=0 r=2
[12:27:43.231] [JOIN] INFO: SCENARIO RECV hand=1,2637329152,1,1,3079467776 pos=-51242.84,1556.89,2846.11
[12:27:43.329] [JOIN] INFO: [combat] order hand=1,2590331904 tgt=1,1656738304 localFight=0 r=2
[12:27:43.639] [JOIN] INFO: [event] RECV id=28 ev=1 owner=0 hand=1,27,3715942400,1,3427001856 actor=1,1886474624
[12:27:43.698] [JOIN] INFO: [combat] order hand=1,1749633792 tgt=1,3427001856 localFight=0 r=2
[12:27:43.729] [JOIN] INFO: SCENARIO RECV hand=1,2637329152,1,1,3079467776 pos=-51242.84,1556.89,2846.11
[12:27:43.960] [JOIN] INFO: [combat] order hand=1,1886474624 tgt=1,3427001856 localFight=0 r=2
[12:27:44.234] [JOIN] INFO: SCENARIO RECV hand=1,2637329152,1,1,3079467776 pos=-51242.84,1556.89,2846.11
[12:27:44.444] [JOIN] INFO: [combat] order hand=1,529907232 tgt=1,3184936448 localFight=0 r=2
[12:27:44.456] [JOIN] INFO: [combat] order hand=1,3184936448 tgt=1,529907232 localFight=0 r=2
[12:27:44.477] [JOIN] INFO: [combat] order hand=1,2500976640 tgt=1,529907232 localFight=0 r=2
[12:27:44.729] [JOIN] INFO: SCENARIO RECV hand=1,2637329152,1,1,3079467776 pos=-51240.82,1555.91,2851.79
[12:27:44.837] [JOIN] INFO: [combat] order hand=1,2590331904 tgt=1,1656738304 localFight=0 r=2
[12:27:44.869] [JOIN] INFO: [gate] hand=1,3688842752 host=1 local=65535  agree=960/3896 (24%)
[12:27:45.158] [JOIN] INFO: [authority] suppress NPC hand=6,2359496960 (streamed=47 local=49 supp=10)
[12:27:45.200] [JOIN] INFO: [combat] order hand=1,1749633792 tgt=1,576171904 localFight=0 r=2
[12:27:45.233] [JOIN] INFO: SCENARIO RECV hand=1,2637329152,1,1,3079467776 pos=-51235.18,1554.50,2860.70
[12:27:45.467] [JOIN] INFO: [combat] order hand=1,1886474624 tgt=1,576171904 localFight=0 r=2
[12:27:45.616] [JOIN] INFO: [event] RECV id=29 ev=1 owner=0 hand=1,22,1744506880,1,1656738304 actor=5,1919189504
[12:27:45.663] [JOIN] INFO: [combat] order hand=2,2703369216 tgt=1,1664428672 localFight=0 r=2
[12:27:45.663] [JOIN] INFO: [combat] order hand=3,3090698240 tgt=1,42480468 localFight=0 r=2
[12:27:45.663] [JOIN] INFO: [combat] order hand=4,1276245120 tgt=1,3542358272 localFight=1 r=2
[12:27:45.728] [JOIN] INFO: SCENARIO RECV hand=1,2637329152,1,1,3079467776 pos=-51235.20,1555.09,2856.73
[12:27:45.950] [JOIN] INFO: [combat] order hand=1,529907232 tgt=1,3184936448 localFight=0 r=2
[12:27:45.960] [JOIN] INFO: [combat] order hand=1,3184936448 tgt=1,529907232 localFight=0 r=2
[12:27:45.970] [JOIN] INFO: [combat] order hand=1,2590331904 tgt=1,3542358272 localFight=0 r=2
[12:27:45.980] [JOIN] INFO: [combat] order hand=1,2500976640 tgt=1,529907232 localFight=0 r=2
[12:27:46.234] [JOIN] INFO: SCENARIO RECV hand=1,2637329152,1,1,3079467776 pos=-51236.03,1555.48,2854.12
[12:27:46.727] [JOIN] INFO: SCENARIO RECV hand=1,2637329152,1,1,3079467776 pos=-51234.20,1556.77,2845.96
[12:27:46.727] [JOIN] INFO: SPIKE 56 storm56 role=join near80=30 fighting=5 down=23 peerReady=1 t=50031
[12:27:46.776] [JOIN] INFO: [event] RECV id=30 ev=1 owner=0 hand=1,67,482055680,1,42480468 actor=3,3090698240
[12:27:46.879] [JOIN] INFO: [event] RECV id=31 ev=1 owner=0 hand=1,57,1824462848,1,1664428672 actor=5,1919189504
[12:27:47.088] [JOIN] INFO: [combat] order hand=1,576171904 tgt=1,812133760 localFight=0 r=2
[12:27:47.171] [JOIN] INFO: [combat] order hand=2,2703369216 tgt=1,1879882752 localFight=0 r=2
[12:27:47.171] [JOIN] INFO: [combat] order hand=3,3090698240 tgt=1,42480468 localFight=0 r=2
[12:27:47.211] [JOIN] INFO: [authority] suppress NPC hand=1,3688842752 (streamed=46 local=50 supp=11)
[12:27:47.232] [JOIN] INFO: SCENARIO RECV hand=1,2637329152,1,1,3079467776 pos=-51235.53,1555.97,2850.89
[12:27:47.454] [JOIN] INFO: [combat] order hand=1,529907232 tgt=1,3184936448 localFight=0 r=2
[12:27:47.465] [JOIN] INFO: [combat] order hand=1,3184936448 tgt=1,529907232 localFight=0 r=2
[12:27:47.475] [JOIN] INFO: [combat] order hand=1,2590331904 tgt=1,3542358272 localFight=0 r=2
[12:27:47.486] [JOIN] INFO: [combat] order hand=1,2500976640 tgt=1,529907232 localFight=0 r=2
[12:27:47.733] [JOIN] INFO: SCENARIO RECV hand=1,2637329152,1,1,3079467776 pos=-51235.53,1555.97,2850.89
[12:27:48.228] [JOIN] INFO: SCENARIO RECV hand=1,2637329152,1,1,3079467776 pos=-51235.53,1555.97,2850.89
[12:27:48.671] [JOIN] INFO: [combat] order hand=2,2703369216 tgt=1,1879882752 localFight=0 r=2
[12:27:48.671] [JOIN] INFO: [combat] order hand=3,3090698240 tgt=1,1879882752 localFight=0 r=2
[12:27:48.732] [JOIN] INFO: SCENARIO RECV hand=1,2637329152,1,1,3079467776 pos=-51235.53,1555.97,2850.89
[12:27:48.792] [JOIN] INFO: [event] RECV id=32 ev=1 owner=0 hand=1,63,1898193408,1,1879882752 actor=3,3090698240
[12:27:48.961] [JOIN] INFO: [combat] order hand=1,529907232 tgt=1,3184936448 localFight=0 r=2
[12:27:48.971] [JOIN] INFO: [combat] order hand=1,3184936448 tgt=1,529907232 localFight=0 r=2
[12:27:48.982] [JOIN] INFO: [combat] order hand=1,2590331904 tgt=1,3542358272 localFight=0 r=2
[12:27:48.993] [JOIN] INFO: [combat] order hand=1,2500976640 tgt=1,529907232 localFight=0 r=2
[12:27:49.231] [JOIN] INFO: SCENARIO RECV hand=1,2637329152,1,1,3079467776 pos=-51235.53,1555.97,2850.89
[12:27:49.733] [JOIN] INFO: SCENARIO RECV hand=1,2637329152,1,1,3079467776 pos=-51235.53,1555.97,2850.89
[12:27:50.173] [JOIN] INFO: [combat] order hand=3,3090698240 tgt=1,3542358272 localFight=0 r=2
[12:27:50.211] [JOIN] INFO: [event] RECV id=33 ev=1 owner=0 hand=1,62,1457519488,1,529907232 actor=1,2500976640
[12:27:50.234] [JOIN] INFO: SCENARIO RECV hand=1,2637329152,1,1,3079467776 pos=-51235.53,1555.97,2850.89
[12:27:50.267] [JOIN] INFO: [gate] hand=1,2500976640 host=7 local=65535  agree=1157/4163 (27%)
[12:27:50.478] [JOIN] INFO: [combat] order hand=1,3184936448 tgt=1,529907232 localFight=0 r=2
[12:27:50.489] [JOIN] INFO: [combat] order hand=1,2590331904 tgt=1,3542358272 localFight=0 r=2
[12:27:50.520] [JOIN] INFO: [combat] order hand=1,2500976640 tgt=1,576171904 localFight=0 r=2
[12:27:50.732] [JOIN] INFO: SCENARIO RECV hand=1,2637329152,1,1,3079467776 pos=-51235.53,1555.97,2850.89
[12:27:51.238] [JOIN] INFO: SCENARIO RECV hand=1,2637329152,1,1,3079467776 pos=-51235.53,1555.97,2850.89
[12:27:51.553] [JOIN] INFO: [authority] suppress NPC hand=2,1603881856 (streamed=46 local=51 supp=12)
[12:27:51.727] [JOIN] INFO: [event] RECV id=34 ev=1 owner=0 hand=1,26,345703136,1,3542358272 actor=5,1919189504
[12:27:51.730] [JOIN] INFO: SCENARIO RECV hand=1,2637329152,1,1,3079467776 pos=-51235.53,1555.97,2850.89
[12:27:51.730] [JOIN] INFO: SPIKE 56 storm56 role=join near80=33 fighting=5 down=26 peerReady=1 t=55031
[12:27:51.785] [JOIN] INFO: [combat] order hand=5,1919189504 tgt=1,2500976640 localFight=0 r=2
[12:27:51.829] [JOIN] INFO: [combat] order hand=3,3090698240 tgt=1,1664428672 localFight=0 r=2
[12:27:51.980] [JOIN] INFO: [combat] order hand=1,3184936448 tgt=5,1919189504 localFight=0 r=2
[12:27:52.090] [JOIN] INFO: [combat] order hand=1,2590331904 tgt=1,3184936448 localFight=0 r=2
[12:27:52.231] [JOIN] INFO: SCENARIO RECV hand=1,2637329152,1,1,3079467776 pos=-51235.53,1555.97,2850.89
[12:27:52.736] [JOIN] INFO: SCENARIO RECV hand=1,2637329152,1,1,3079467776 pos=-51235.53,1555.97,2850.89
[12:27:53.228] [JOIN] INFO: SCENARIO RECV hand=1,2637329152,1,1,3079467776 pos=-51235.53,1555.97,2850.89
[12:27:53.337] [JOIN] INFO: [combat] order hand=3,3090698240 tgt=1,2500976640 localFight=0 r=2
[12:27:53.598] [JOIN] INFO: [combat] order hand=1,2590331904 tgt=1,3184936448 localFight=0 r=2
[12:27:53.737] [JOIN] INFO: SCENARIO RECV hand=1,2637329152,1,1,3079467776 pos=-51235.53,1555.97,2850.89
[12:27:54.237] [JOIN] INFO: SCENARIO RECV hand=1,2637329152,1,1,3079467776 pos=-51234.59,1555.65,2853.00
[12:27:54.736] [JOIN] INFO: SCENARIO RECV hand=1,2637329152,1,1,3079467776 pos=-51234.30,1554.83,2858.48
[12:27:54.907] [JOIN] INFO: [authority] suppress NPC hand=9,61523436 (streamed=46 local=51 supp=13)
[12:27:55.101] [JOIN] INFO: [combat] order hand=1,2590331904 tgt=1,3184936448 localFight=0 r=2
[12:27:55.228] [JOIN] INFO: SCENARIO RECV hand=1,2637329152,1,1,3079467776 pos=-51235.30,1554.66,2859.58
[12:27:55.420] [JOIN] INFO: [event] RECV id=35 ev=1 owner=0 hand=1,28,2312988160,1,3184936448 actor=1,2590331904
[12:27:55.729] [JOIN] INFO: SCENARIO RECV hand=1,2637329152,1,1,3079467776 pos=-51235.30,1554.66,2859.58
[12:27:56.233] [JOIN] INFO: SCENARIO RECV hand=1,2637329152,1,1,3079467776 pos=-51235.30,1554.66,2859.58
[12:27:56.604] [JOIN] INFO: [combat] order hand=1,2590331904 tgt=1,2500976640 localFight=0 r=2
[12:27:56.731] [JOIN] INFO: SCENARIO RECV hand=1,2637329152,1,1,3079467776 pos=-51235.30,1554.66,2859.58
[12:27:56.732] [JOIN] INFO: SPIKE 56 storm56 role=join near80=34 fighting=6 down=26 peerReady=1 t=60031
[12:27:57.229] [JOIN] INFO: SCENARIO RECV hand=1,2637329152,1,1,3079467776 pos=-51235.30,1554.66,2859.58
[12:27:57.735] [JOIN] INFO: SCENARIO RECV hand=1,2637329152,1,1,3079467776 pos=-51235.30,1554.66,2859.58
[12:27:58.054] [JOIN] INFO: [authority] restore NPC hand=1,3688842752 (supp=12)
[12:27:58.106] [JOIN] INFO: [combat] order hand=1,2590331904 tgt=1,2500976640 localFight=0 r=2
[12:27:58.106] [JOIN] INFO: [gate] hand=1,3688842752 host=1 local=65535  agree=1175/4230 (27%)
[12:27:58.229] [JOIN] INFO: SCENARIO RECV hand=1,2637329152,1,1,3079467776 pos=-51235.30,1554.66,2859.58
[12:27:58.733] [JOIN] INFO: SCENARIO RECV hand=1,2637329152,1,1,3079467776 pos=-51235.30,1554.66,2859.58
[12:27:59.236] [JOIN] INFO: SCENARIO RECV hand=1,2637329152,1,1,3079467776 pos=-51235.30,1554.66,2859.58
[12:27:59.611] [JOIN] INFO: [event] RECV id=36 ev=1 owner=0 hand=1,50,3375122176,1,576171904 actor=1,812133760
[12:27:59.614] [JOIN] INFO: [combat] order hand=1,2590331904 tgt=1,2500976640 localFight=0 r=2
[12:27:59.730] [JOIN] INFO: SCENARIO RECV hand=1,2637329152,1,1,3079467776 pos=-51235.30,1554.66,2859.58
[12:27:59.791] [JOIN] INFO: [combat] order hand=1,812133760 tgt=3,3090698240 localFight=0 r=2
[12:27:59.803] [JOIN] INFO: [combat] order hand=1,1749633792 tgt=1,3917236224 localFight=0 r=2
[12:27:59.803] [JOIN] INFO: [combat] order hand=1,1886474624 tgt=1,576171904 localFight=0 r=2
[12:28:00.181] [JOIN] INFO: [gate] hand=1,3688842752 host=1 local=65535  agree=1312/4431 (29%)
[12:28:00.234] [JOIN] INFO: SCENARIO RECV hand=1,2637329152,1,1,3079467776 pos=-51235.30,1554.66,2859.58
[12:28:00.575] [JOIN] INFO: [event] RECV id=37 ev=1 owner=0 hand=1,65,1829467776,1,2500976640 actor=5,1919189504
[12:28:00.651] [JOIN] INFO: [combat] order hand=3,3090698240 tgt=1,812133760 localFight=0 r=2
[12:28:00.735] [JOIN] INFO: SCENARIO RECV hand=1,2637329152,1,1,3079467776 pos=-51235.30,1554.66,2859.58
[12:28:01.122] [JOIN] INFO: [combat] order hand=1,2590331904 tgt=1,1749633792 localFight=0 r=2
[12:28:01.237] [JOIN] INFO: SCENARIO RECV hand=1,2637329152,1,1,3079467776 pos=-51235.30,1554.66,2859.58
[12:28:01.310] [JOIN] INFO: [combat] order hand=1,1749633792 tgt=1,2590331904 localFight=0 r=2
[12:28:01.310] [JOIN] INFO: [combat] order hand=1,1886474624 tgt=5,1919189504 localFight=0 r=2
[12:28:01.737] [JOIN] INFO: SCENARIO RECV hand=1,2637329152,1,1,3079467776 pos=-51235.30,1554.66,2859.58
[12:28:01.737] [JOIN] INFO: SPIKE 56 storm56 role=join near80=34 fighting=3 down=28 peerReady=1 t=65031
[12:28:02.137] [JOIN] INFO: [event] RECV id=38 ev=1 owner=0 hand=1,49,2216308480,1,1886474624 actor=5,1919189504
[12:28:02.236] [JOIN] INFO: SCENARIO RECV hand=1,2637329152,1,1,3079467776 pos=-51235.30,1554.66,2859.58
[12:28:02.626] [JOIN] INFO: [combat] order hand=1,2590331904 tgt=1,812133760 localFight=0 r=2
[12:28:02.732] [JOIN] INFO: SCENARIO RECV hand=1,2637329152,1,1,3079467776 pos=-51235.30,1554.66,2859.58
[12:28:02.816] [JOIN] INFO: [combat] order hand=1,1749633792 tgt=2,2703369216 localFight=0 r=2
[12:28:03.235] [JOIN] INFO: SCENARIO RECV hand=1,2637329152,1,1,3079467776 pos=-51235.30,1554.66,2859.58
[12:28:03.727] [JOIN] INFO: SCENARIO RECV hand=1,2637329152,1,1,3079467776 pos=-51235.30,1554.66,2859.58
[12:28:04.134] [JOIN] INFO: [combat] order hand=1,2590331904 tgt=1,812133760 localFight=0 r=2
[12:28:04.231] [JOIN] INFO: SCENARIO RECV hand=1,2637329152,1,1,3079467776 pos=-51235.30,1554.66,2859.58
[12:28:04.667] [JOIN] INFO: [authority] restore NPC hand=1,1667968768 (supp=11)
[12:28:04.732] [JOIN] INFO: SCENARIO RECV hand=1,2637329152,1,1,3079467776 pos=-51235.30,1554.66,2859.58
[12:28:05.237] [JOIN] INFO: SCENARIO RECV hand=1,2637329152,1,1,3079467776 pos=-51235.30,1554.66,2859.58
[12:28:05.634] [JOIN] INFO: [combat] order hand=1,2590331904 tgt=1,812133760 localFight=0 r=2
[12:28:05.730] [JOIN] INFO: SCENARIO RECV hand=1,2637329152,1,1,3079467776 pos=-51235.30,1554.66,2859.58
[12:28:06.084] [JOIN] INFO: [gate] hand=1,3823120128 host=1 local=36  agree=1724/4891 (35%)
[12:28:06.234] [JOIN] INFO: SCENARIO RECV hand=1,2637329152,1,1,3079467776 pos=-51235.30,1554.66,2859.58
[12:28:06.737] [JOIN] INFO: SCENARIO RECV hand=1,2637329152,1,1,3079467776 pos=-51235.30,1554.66,2859.58
[12:28:06.737] [JOIN] INFO: SPIKE 56 storm56 role=join near80=34 fighting=3 down=29 peerReady=1 t=70031
[12:28:06.748] [JOIN] INFO: [combat] order hand=6,2359496960 tgt=1,3823120128 localFight=0 r=2
[12:28:06.748] [JOIN] INFO: [authority] suppress NPC hand=1,3218872064 (streamed=49 local=51 supp=12)
[12:28:06.759] [JOIN] INFO: [taskkey] key=7 desc='Sheathing weapon' repro=0 subject=0
[12:28:07.137] [JOIN] INFO: [combat] order hand=1,2590331904 tgt=1,812133760 localFight=0 r=2
[12:28:07.234] [JOIN] INFO: SCENARIO RECV hand=1,2637329152,1,1,3079467776 pos=-51235.30,1554.66,2859.58
[12:28:07.736] [JOIN] INFO: SCENARIO RECV hand=1,2637329152,1,1,3079467776 pos=-51235.30,1554.66,2859.58
[12:28:08.088] [JOIN] INFO: [gate] hand=1,3823120128 host=1 local=65535  agree=2025/5265 (38%)
[12:28:08.235] [JOIN] INFO: SCENARIO RECV hand=1,2637329152,1,1,3079467776 pos=-51235.30,1554.66,2859.58
[12:28:08.256] [JOIN] INFO: [combat] order hand=6,2359496960 tgt=1,2590331904 localFight=0 r=2
[12:28:08.647] [JOIN] INFO: [combat] order hand=1,2590331904 tgt=6,2359496960 localFight=0 r=2
[12:28:08.731] [JOIN] INFO: SCENARIO RECV hand=1,2637329152,1,1,3079467776 pos=-51235.30,1554.66,2859.58
[12:28:08.811] [JOIN] INFO: [event] RECV id=39 ev=1 owner=0 hand=1,41,3691772416,1,812133760 actor=3,3090698240
[12:28:08.836] [JOIN] INFO: [combat] order hand=3,3090698240 tgt=1,812133760 localFight=0 r=2
[12:28:09.235] [JOIN] INFO: SCENARIO RECV hand=1,2637329152,1,1,3079467776 pos=-51235.30,1554.66,2859.58
[12:28:09.735] [JOIN] INFO: SCENARIO RECV hand=1,2637329152,1,1,3079467776 pos=-51235.30,1554.66,2859.58
[12:28:10.156] [JOIN] INFO: [combat] order hand=1,2590331904 tgt=6,2359496960 localFight=0 r=2
[12:28:10.233] [JOIN] INFO: SCENARIO RECV hand=1,2637329152,1,1,3079467776 pos=-51235.30,1554.66,2859.58
[12:28:10.339] [JOIN] INFO: [combat] order hand=3,3090698240 tgt=1,1749633792 localFight=0 r=2
[12:28:10.735] [JOIN] INFO: SCENARIO RECV hand=1,2637329152,1,1,3079467776 pos=-51235.30,1554.66,2859.58
[12:28:10.767] [JOIN] INFO: [authority] suppress NPC hand=1,1667968768 (streamed=48 local=51 supp=13)
[12:28:11.095] [JOIN] INFO: [combat] order hand=2,1603881856 tgt=4,1276245120 localFight=0 r=2
[12:28:11.095] [JOIN] INFO: [authority] suppress NPC hand=1,2059448192 (streamed=49 local=51 supp=14)
[12:28:11.234] [JOIN] INFO: SCENARIO RECV hand=1,2637329152,1,1,3079467776 pos=-51235.30,1554.66,2859.58
[12:28:11.658] [JOIN] INFO: [combat] order hand=1,2590331904 tgt=6,2359496960 localFight=0 r=2
[12:28:11.732] [JOIN] INFO: SCENARIO RECV hand=1,2637329152,1,1,3079467776 pos=-51235.30,1554.66,2859.58
[12:28:11.732] [JOIN] INFO: SPIKE 56 storm56 role=join near80=33 fighting=1 down=30 peerReady=1 t=75031
[12:28:11.754] [JOIN] INFO: [gate] hand=1,3823120128 host=1 local=65535  agree=2590/5856 (44%)
[12:28:11.846] [JOIN] INFO: [event] RECV id=40 ev=1 owner=0 hand=1,39,563598656,1,1749633792 actor=5,1919189504
[12:28:12.039] [JOIN] INFO: [combat] order hand=3,3090698240 tgt=6,2359496960 localFight=0 r=2
[12:28:12.154] [JOIN] INFO: [combat] order hand=9,61523436 tgt=4,1276245120 localFight=0 r=2
[12:28:12.154] [JOIN] INFO: [authority] suppress NPC hand=1,3403198208 (streamed=50 local=51 supp=15)
[12:28:12.206] [JOIN] INFO: [event] RECV id=41 ev=3 owner=0 hand=1,56,2181152256,1,3637329152 actor=0,0
[12:28:12.230] [JOIN] INFO: SCENARIO RECV hand=1,2637329152,1,1,3079467776 pos=-51235.30,1554.66,2859.58
[12:28:12.294] [JOIN] INFO: [taskkey] key=65 desc='Getting up' repro=0 subject=0
[12:28:12.604] [JOIN] INFO: [combat] order hand=2,1603881856 tgt=4,1276245120 localFight=0 r=2
[12:28:12.735] [JOIN] INFO: SCENARIO RECV hand=1,2637329152,1,1,3079467776 pos=-51235.30,1554.66,2859.58
[12:28:13.167] [JOIN] INFO: [combat] order hand=1,2590331904 tgt=6,2359496960 localFight=0 r=2
[12:28:13.231] [JOIN] INFO: SCENARIO RECV hand=1,2637329152,1,1,3079467776 pos=-51235.30,1554.66,2859.58
[12:28:13.655] [JOIN] INFO: [combat] order hand=9,61523436 tgt=4,1276245120 localFight=0 r=2
[12:28:13.731] [JOIN] INFO: SCENARIO RECV hand=1,2637329152,1,1,3079467776 pos=-51235.30,1554.66,2859.58
[12:28:13.763] [JOIN] INFO: [gate] hand=5,1919189504 host=25 local=65535  agree=2886/6366 (45%)
[12:28:13.827] [JOIN] INFO: [authority] restore NPC hand=1,524536128 (supp=14)
[12:28:14.224] [JOIN] INFO: [event] RECV id=42 ev=1 owner=0 hand=1,36,2149292032,6,2359496960 actor=3,3090698240
[12:28:14.227] [JOIN] INFO: SCENARIO RECV hand=1,2637329152,1,1,3079467776 pos=-51235.30,1554.66,2859.58
[12:28:14.323] [JOIN] INFO: [combat] order hand=5,1919189504 tgt=2,1603881856 localFight=0 r=2
[12:28:14.735] [JOIN] INFO: SCENARIO RECV hand=1,2637329152,1,1,3079467776 pos=-51235.30,1554.66,2859.58
[12:28:15.229] [JOIN] INFO: SCENARIO RECV hand=1,2637329152,1,1,3079467776 pos=-51235.30,1554.66,2859.58
