[07:02:22.471] [HOST] INFO: log opened
[07:02:22.471] [HOST] INFO: KenshiCoop loaded! (clean rebuild)
[07:02:22.471] [HOST] INFO: KenshiCoop: build Jun 20 2026 07:02:02
[07:02:22.471] [HOST] INFO: KenshiCoop: role=HOST proto=v11 port=27800 save='c'
[07:02:22.518] [HOST] INFO: KenshiCoop: ownership ranks = {0} (bidirectional presence)
[07:02:22.565] [HOST] INFO: KenshiCoop: auto-load armed for save 'c'
[07:02:22.565] [HOST] INFO: KenshiCoop: test mode - self-exit 20 s after gameplay starts
[07:02:22.565] [HOST] INFO: KenshiCoop: scenario armed 'spike'
[07:02:22.565] [HOST] INFO: KenshiCoop: starting as HOST
[07:02:22.565] [HOST] INFO: [net] hosting
[07:02:29.137] [HOST] INFO: KenshiCoop: auto-load issued for save 'c' (after 5000 ms settle)
[07:02:33.196] [HOST] INFO: [net] peer connecting (awaiting HELLO)
[07:02:33.196] [HOST] INFO: [net] peer connected id=1 (proto v11)
[07:02:33.521] [HOST] INFO: handshake: peer present id=1 (local id=0)
[07:02:40.418] [HOST] INFO: KenshiCoop: gameplay started
[07:02:40.418] [HOST] INFO: SCENARIO spike start
[07:02:40.418] [HOST] INFO: SPIKE 46 start id=46 host=1
[07:02:40.419] [HOST] INFO: SCENARIO MEMBER hand=1,2637329152,1,1,3079467776 pos=-51234.47,1547.65,2851.09
[07:02:40.426] [HOST] INFO: SCENARIO MEMBER hand=1,2637329152,1,1,3079467776 pos=-51234.47,1547.65,2851.09
[07:02:40.463] [HOST] INFO: [taskkey] key=87 desc='Operating machine' repro=1 subject=1
[07:02:40.463] [HOST] INFO: [seatres] HOST task=87 npc=1,1723144576 subj=514,2909912064 ok=1 npcpos=-51206.5,2659.7 subjpos=-51206.5,2659.7 d=0.0
[07:02:40.537] [HOST] INFO: [taskkey] key=51 desc='Stand at node' repro=0 subject=1
[07:02:40.792] [HOST] INFO: [taskkey] key=1 desc='Moving' repro=0 subject=1
[07:02:40.930] [HOST] INFO: SCENARIO MEMBER hand=1,2637329152,1,1,3079467776 pos=-51234.47,1555.93,2851.09
[07:02:41.427] [HOST] INFO: SCENARIO MEMBER hand=1,2637329152,1,1,3079467776 pos=-51234.47,1555.93,2851.09
[07:02:41.703] [HOST] INFO: [seatres] HOST task=87 npc=1,3996215808 subj=513,1109374976 ok=1 npcpos=-51199.4,2664.5 subjpos=-51194.2,2657.7 d=8.5
[07:02:41.928] [HOST] INFO: SCENARIO MEMBER hand=1,2637329152,1,1,3079467776 pos=-51234.47,1555.93,2851.09
[07:02:41.928] [HOST] INFO: SPIKE 46 hud role=H t=1516 gui=00007FF661242750
[07:02:42.425] [HOST] INFO: SCENARIO MEMBER hand=1,2637329152,1,1,3079467776 pos=-51234.47,1555.93,2851.09
[07:02:42.925] [HOST] INFO: SCENARIO MEMBER hand=1,2637329152,1,1,3079467776 pos=-51234.47,1555.93,2851.09
[07:02:43.430] [HOST] INFO: SCENARIO MEMBER hand=1,2637329152,1,1,3079467776 pos=-51234.47,1555.93,2851.09
[07:02:43.430] [HOST] INFO: SPIKE 46 hud role=H t=3016 gui=00007FF661242750
[07:02:43.931] [HOST] INFO: SCENARIO MEMBER hand=1,2637329152,1,1,3079467776 pos=-51234.47,1555.93,2851.09
[07:02:44.429] [HOST] INFO: SCENARIO MEMBER hand=1,2637329152,1,1,3079467776 pos=-51234.47,1555.93,2851.09
[07:02:44.929] [HOST] INFO: SCENARIO MEMBER hand=1,2637329152,1,1,3079467776 pos=-51234.47,1555.93,2851.09
[07:02:44.929] [HOST] INFO: SPIKE 46 hud role=H t=4516 gui=00007FF661242750
[07:02:45.427] [HOST] INFO: SCENARIO MEMBER hand=1,2637329152,1,1,3079467776 pos=-51234.47,1555.93,2851.09
[07:02:45.927] [HOST] INFO: SCENARIO MEMBER hand=1,2637329152,1,1,3079467776 pos=-51234.47,1555.93,2851.09
[07:02:46.432] [HOST] INFO: SCENARIO MEMBER hand=1,2637329152,1,1,3079467776 pos=-51234.47,1555.93,2851.09
[07:02:46.432] [HOST] INFO: SPIKE 46 hud role=H t=6016 gui=00007FF661242750
[07:02:46.924] [HOST] INFO: SCENARIO MEMBER hand=1,2637329152,1,1,3079467776 pos=-51234.47,1555.93,2851.09
[07:02:47.430] [HOST] INFO: SCENARIO MEMBER hand=1,2637329152,1,1,3079467776 pos=-51234.47,1555.93,2851.09
[07:02:47.926] [HOST] INFO: SCENARIO MEMBER hand=1,2637329152,1,1,3079467776 pos=-51234.47,1555.93,2851.09
[07:02:47.926] [HOST] INFO: SPIKE 46 hud role=H t=7516 gui=00007FF661242750
[07:02:48.429] [HOST] INFO: SCENARIO MEMBER hand=1,2637329152,1,1,3079467776 pos=-51234.47,1555.93,2851.09
[07:02:48.925] [HOST] INFO: SCENARIO MEMBER hand=1,2637329152,1,1,3079467776 pos=-51234.47,1555.93,2851.09
[07:02:49.428] [HOST] INFO: SCENARIO MEMBER hand=1,2637329152,1,1,3079467776 pos=-51234.47,1555.93,2851.09
[07:02:49.428] [HOST] INFO: SPIKE 46 hud role=H t=9016 gui=00007FF661242750
[07:02:49.931] [HOST] INFO: SCENARIO MEMBER hand=1,2637329152,1,1,3079467776 pos=-51234.47,1555.93,2851.09
[07:02:50.425] [HOST] INFO: SCENARIO MEMBER hand=1,2637329152,1,1,3079467776 pos=-51234.47,1555.93,2851.09
[07:02:50.927] [HOST] INFO: SCENARIO MEMBER hand=1,2637329152,1,1,3079467776 pos=-51234.47,1555.93,2851.09
[07:02:50.927] [HOST] INFO: SPIKE 46 hud role=H t=10516 gui=00007FF661242750
[07:02:51.426] [HOST] INFO: SCENARIO MEMBER hand=1,2637329152,1,1,3079467776 pos=-51234.47,1555.93,2851.09
[07:02:51.926] [HOST] INFO: SCENARIO MEMBER hand=1,2637329152,1,1,3079467776 pos=-51234.47,1555.93,2851.09
[07:02:52.427] [HOST] INFO: SCENARIO MEMBER hand=1,2637329152,1,1,3079467776 pos=-51234.47,1555.93,2851.09
[07:02:52.427] [HOST] INFO: SPIKE 46 hud role=H t=12016 gui=00007FF661242750
[07:02:52.928] [HOST] INFO: SCENARIO MEMBER hand=1,2637329152,1,1,3079467776 pos=-51234.47,1555.93,2851.09
[07:02:53.427] [HOST] INFO: SCENARIO MEMBER hand=1,2637329152,1,1,3079467776 pos=-51234.47,1555.93,2851.09
[07:02:53.926] [HOST] INFO: SCENARIO MEMBER hand=1,2637329152,1,1,3079467776 pos=-51234.47,1555.93,2851.09
[07:02:53.926] [HOST] INFO: SPIKE 46 hud role=H t=13516 gui=00007FF661242750
[07:02:54.430] [HOST] INFO: SCENARIO MEMBER hand=1,2637329152,1,1,3079467776 pos=-51234.47,1555.93,2851.09
[07:02:54.930] [HOST] INFO: SCENARIO MEMBER hand=1,2637329152,1,1,3079467776 pos=-51234.47,1555.93,2851.09
[07:02:55.431] [HOST] INFO: SCENARIO MEMBER hand=1,2637329152,1,1,3079467776 pos=-51234.47,1555.93,2851.09
[07:02:55.431] [HOST] INFO: SPIKE 46 hud role=H t=15016 gui=00007FF661242750
[07:02:55.926] [HOST] INFO: SCENARIO MEMBER hand=1,2637329152,1,1,3079467776 pos=-51234.47,1555.93,2851.09
[07:02:56.423] [HOST] INFO: SCENARIO MEMBER hand=1,2637329152,1,1,3079467776 pos=-51234.47,1555.93,2851.09
[07:02:56.924] [HOST] INFO: SCENARIO MEMBER hand=1,2637329152,1,1,3079467776 pos=-51234.47,1555.93,2851.09
[07:02:56.924] [HOST] INFO: SPIKE 46 hud role=H t=16516 gui=00007FF661242750
[07:02:57.424] [HOST] INFO: SCENARIO MEMBER hand=1,2637329152,1,1,3079467776 pos=-51234.47,1555.93,2851.09
[07:02:57.925] [HOST] INFO: SCENARIO MEMBER hand=1,2637329152,1,1,3079467776 pos=-51234.47,1555.93,2851.09
[07:02:58.424] [HOST] INFO: SCENARIO MEMBER hand=1,2637329152,1,1,3079467776 pos=-51234.47,1555.93,2851.09
[07:02:58.424] [HOST] INFO: SPIKE 46 hud role=H t=18016 gui=00007FF661242750
[07:02:58.923] [HOST] INFO: SCENARIO MEMBER hand=1,2637329152,1,1,3079467776 pos=-51234.47,1555.93,2851.09
[07:02:59.427] [HOST] INFO: SCENARIO MEMBER hand=1,2637329152,1,1,3079467776 pos=-51234.47,1555.93,2851.09
[07:02:59.928] [HOST] INFO: SCENARIO MEMBER hand=1,2637329152,1,1,3079467776 pos=-51234.47,1555.93,2851.09
[07:02:59.928] [HOST] INFO: SPIKE 46 hud role=H t=19516 gui=00007FF661242750
[07:03:00.415] [HOST] INFO: KenshiCoop: test duration elapsed; exiting
