[07:02:33.104] [JOIN] INFO: log opened
[07:02:33.105] [JOIN] INFO: KenshiCoop loaded! (clean rebuild)
[07:02:33.105] [JOIN] INFO: KenshiCoop: build Jun 20 2026 07:02:02
[07:02:33.105] [JOIN] INFO: KenshiCoop: role=JOIN proto=v11 port=27800 save='c'
[07:02:33.147] [JOIN] INFO: KenshiCoop: ownership ranks = {1} (bidirectional presence)
[07:02:33.190] [JOIN] INFO: KenshiCoop: auto-load armed for save 'c'
[07:02:33.190] [JOIN] INFO: KenshiCoop: test mode - self-exit 20 s after gameplay starts
[07:02:33.190] [JOIN] INFO: KenshiCoop: scenario armed 'spike'
[07:02:33.190] [JOIN] INFO: KenshiCoop: starting as CLIENT
[07:02:33.195] [JOIN] INFO: [net] connecting
[07:02:33.195] [JOIN] INFO: [net] connected to host; sent HELLO
[07:02:33.196] [JOIN] INFO: [net] peer connected id=1 (proto v11) - received WELCOME
[07:02:39.708] [JOIN] INFO: KenshiCoop: auto-load issued for save 'c' (after 5000 ms settle)
[07:02:42.508] [JOIN] INFO: handshake: peer present id=0 (local id=1)
[07:02:49.876] [JOIN] INFO: KenshiCoop: gameplay started
[07:02:49.876] [JOIN] INFO: SCENARIO spike start
[07:02:49.876] [JOIN] INFO: SPIKE 46 start id=46 host=0
[07:02:49.878] [JOIN] INFO: [gate] hand=1,3823120128 host=1 local=65535  agree=0/1 (0%)
[07:02:49.878] [JOIN] INFO: [pose] rest re-arm task 65535 -> 87
[07:02:49.878] [JOIN] INFO: [pose] applyOrder hand=1,1723144576 task=87 subj=514,2909912064,0 det=1 r=2
[07:02:49.878] [JOIN] INFO: [pose] rest re-arm task 65535 -> 87
[07:02:49.878] [JOIN] INFO: [pose] applyOrder hand=1,3996215808 task=87 subj=513,1109374976,0 det=1 r=2
[07:02:49.878] [JOIN] INFO: SCENARIO RECV hand=1,2637329152,1,1,3079467776 pos=-51234.47,1547.65,2851.09
[07:02:49.886] [JOIN] INFO: [taskkey] key=87 desc='Operating machine' repro=1 subject=1
[07:02:49.886] [JOIN] INFO: [seatres] HOST task=87 npc=1,1723144576 subj=514,2909912064 ok=1 npcpos=-51206.5,2659.7 subjpos=-51206.5,2659.7 d=0.0
[07:02:49.935] [JOIN] INFO: [seatres] HOST task=87 npc=1,3823120128 subj=515,1040527360 ok=1 npcpos=-51307.8,2814.8 subjpos=-51208.8,2634.7 d=205.5
[07:02:50.006] [JOIN] INFO: [taskkey] key=51 desc='Stand at node' repro=0 subject=1
[07:02:50.006] [JOIN] INFO: [taskkey] key=1 desc='Moving' repro=0 subject=1
[07:02:50.377] [JOIN] INFO: SCENARIO RECV hand=1,2637329152,1,1,3079467776 pos=-51234.47,1555.93,2851.09
[07:02:50.644] [JOIN] INFO: [seatres] HOST task=87 npc=1,3996215808 subj=513,1109374976 ok=1 npcpos=-51194.2,2657.7 subjpos=-51194.2,2657.7 d=0.0
[07:02:50.883] [JOIN] INFO: SCENARIO RECV hand=1,2637329152,1,1,3079467776 pos=-51234.47,1555.93,2851.09
[07:02:51.377] [JOIN] INFO: SCENARIO RECV hand=1,2637329152,1,1,3079467776 pos=-51234.47,1555.93,2851.09
[07:02:51.377] [JOIN] INFO: SPIKE 46 hud role=J t=1516 gui=00007FF6215F2750
[07:02:51.884] [JOIN] INFO: [gate] hand=3,3090698240 host=51 local=1  agree=826/1504 (54%)
[07:02:51.884] [JOIN] INFO: SCENARIO RECV hand=1,2637329152,1,1,3079467776 pos=-51234.47,1555.93,2851.09
[07:02:52.378] [JOIN] INFO: SCENARIO RECV hand=1,2637329152,1,1,3079467776 pos=-51234.47,1555.93,2851.09
[07:02:52.881] [JOIN] INFO: SCENARIO RECV hand=1,2637329152,1,1,3079467776 pos=-51234.47,1555.93,2851.09
[07:02:52.881] [JOIN] INFO: SPIKE 46 hud role=J t=3016 gui=00007FF6215F2750
[07:02:53.377] [JOIN] INFO: SCENARIO RECV hand=1,2637329152,1,1,3079467776 pos=-51234.47,1555.93,2851.09
[07:02:53.881] [JOIN] INFO: SCENARIO RECV hand=1,2637329152,1,1,3079467776 pos=-51234.47,1555.93,2851.09
[07:02:53.889] [JOIN] INFO: [gate] hand=1,3823120128 host=1 local=65535  agree=1784/3079 (57%)
[07:02:54.381] [JOIN] INFO: SCENARIO RECV hand=1,2637329152,1,1,3079467776 pos=-51234.47,1555.93,2851.09
[07:02:54.381] [JOIN] INFO: SPIKE 46 hud role=J t=4516 gui=00007FF6215F2750
[07:02:54.881] [JOIN] INFO: SCENARIO RECV hand=1,2637329152,1,1,3079467776 pos=-51234.47,1555.93,2851.09
[07:02:55.384] [JOIN] INFO: SCENARIO RECV hand=1,2637329152,1,1,3079467776 pos=-51234.47,1555.93,2851.09
[07:02:55.880] [JOIN] INFO: SCENARIO RECV hand=1,2637329152,1,1,3079467776 pos=-51234.47,1555.93,2851.09
[07:02:55.880] [JOIN] INFO: SPIKE 46 hud role=J t=6016 gui=00007FF6215F2750
[07:02:55.895] [JOIN] INFO: [gate] hand=3,3090698240 host=51 local=1  agree=2652/4546 (58%)
[07:02:56.380] [JOIN] INFO: SCENARIO RECV hand=1,2637329152,1,1,3079467776 pos=-51234.47,1555.93,2851.09
[07:02:56.637] [JOIN] INFO: [authority] suppress NPC hand=4,1276245120 (streamed=7 local=7 supp=1)
[07:02:56.882] [JOIN] INFO: SCENARIO RECV hand=1,2637329152,1,1,3079467776 pos=-51234.47,1555.93,2851.09
[07:02:57.378] [JOIN] INFO: SCENARIO RECV hand=1,2637329152,1,1,3079467776 pos=-51234.47,1555.93,2851.09
[07:02:57.378] [JOIN] INFO: SPIKE 46 hud role=J t=7516 gui=00007FF6215F2750
[07:02:57.877] [JOIN] INFO: SCENARIO RECV hand=1,2637329152,1,1,3079467776 pos=-51234.47,1555.93,2851.09
[07:02:57.899] [JOIN] INFO: [gate] hand=3,3090698240 host=51 local=1  agree=3672/6184 (59%)
[07:02:58.379] [JOIN] INFO: SCENARIO RECV hand=1,2637329152,1,1,3079467776 pos=-51234.47,1555.93,2851.09
[07:02:58.880] [JOIN] INFO: SCENARIO RECV hand=1,2637329152,1,1,3079467776 pos=-51234.47,1555.93,2851.09
[07:02:58.880] [JOIN] INFO: SPIKE 46 hud role=J t=9016 gui=00007FF6215F2750
[07:02:59.383] [JOIN] INFO: SCENARIO RECV hand=1,2637329152,1,1,3079467776 pos=-51234.47,1555.93,2851.09
[07:02:59.502] [JOIN] INFO: [authority] suppress NPC hand=1,3823120128 (streamed=6 local=7 supp=2)
[07:02:59.880] [JOIN] INFO: SCENARIO RECV hand=1,2637329152,1,1,3079467776 pos=-51234.47,1555.93,2851.09
[07:02:59.902] [JOIN] INFO: [gate] hand=3,3090698240 host=51 local=1  agree=4716/7778 (60%)
[07:03:00.379] [JOIN] INFO: SCENARIO RECV hand=1,2637329152,1,1,3079467776 pos=-51234.47,1555.93,2851.09
[07:03:00.379] [JOIN] INFO: SPIKE 46 hud role=J t=10516 gui=00007FF6215F2750
[07:03:00.880] [JOIN] INFO: SCENARIO RECV hand=1,2637329152,1,1,3079467776 pos=-51234.47,1555.93,2851.09
[07:03:01.379] [JOIN] INFO: SCENARIO RECV hand=1,2637329152,1,1,3079467776 pos=-51234.47,1555.93,2851.09
[07:03:01.880] [JOIN] INFO: SCENARIO RECV hand=1,2637329152,1,1,3079467776 pos=-51234.47,1555.93,2851.09
[07:03:01.880] [JOIN] INFO: SPIKE 46 hud role=J t=12016 gui=00007FF6215F2750
[07:03:01.905] [JOIN] INFO: [gate] hand=3,3090698240 host=51 local=1  agree=5547/9163 (60%)
[07:03:02.382] [JOIN] INFO: [authority] suppress NPC hand=1,1723144576 (streamed=0 local=7 supp=3)
[07:03:02.382] [JOIN] INFO: [authority] suppress NPC hand=1,3996215808 (streamed=0 local=7 supp=4)
[07:03:02.382] [JOIN] INFO: [authority] suppress NPC hand=1,2590331904 (streamed=0 local=7 supp=5)
[07:03:02.382] [JOIN] INFO: [authority] suppress NPC hand=3,3090698240 (streamed=0 local=7 supp=6)
[07:03:02.383] [JOIN] INFO: [authority] suppress NPC hand=5,1919189504 (streamed=0 local=7 supp=7)
[07:03:02.383] [JOIN] INFO: SCENARIO RECV hand=1,2637329152,1,1,3079467776 pos=-51234.47,1555.93,2851.09
[07:03:02.879] [JOIN] INFO: SCENARIO RECV hand=1,2637329152,1,1,3079467776 pos=-51234.47,1555.93,2851.09
[07:03:03.302] [JOIN] INFO: [authority] suppress NPC hand=1,3808471552 (streamed=0 local=8 supp=8)
[07:03:03.381] [JOIN] INFO: SCENARIO RECV hand=1,2637329152,1,1,3079467776 pos=-51234.47,1555.93,2851.09
[07:03:03.381] [JOIN] INFO: SPIKE 46 hud role=J t=13516 gui=00007FF6215F2750
[07:03:03.879] [JOIN] INFO: SCENARIO RECV hand=1,2637329152,1,1,3079467776 pos=-51234.47,1555.93,2851.09
[07:03:04.379] [JOIN] INFO: SCENARIO RECV hand=1,2637329152,1,1,3079467776 pos=-51234.47,1555.93,2851.09
[07:03:04.878] [JOIN] INFO: SCENARIO RECV hand=1,2637329152,1,1,3079467776 pos=-51234.47,1555.93,2851.09
[07:03:04.878] [JOIN] INFO: SPIKE 46 hud role=J t=15016 gui=00007FF6215F2750
[07:03:05.378] [JOIN] INFO: SCENARIO RECV hand=1,2637329152,1,1,3079467776 pos=-51234.47,1555.93,2851.09
[07:03:05.878] [JOIN] INFO: SCENARIO RECV hand=1,2637329152,1,1,3079467776 pos=-51234.47,1555.93,2851.09
[07:03:05.884] [JOIN] INFO: [net] disconnected from host
[07:03:05.889] [JOIN] INFO: handshake: peer left id=4294967295
[07:03:05.935] [JOIN] INFO: [net] reconnecting
[07:03:06.381] [JOIN] INFO: SCENARIO RECV hand=1,2637329152,1,1,3079467776 pos=-51234.47,1555.93,2851.09
[07:03:06.381] [JOIN] INFO: SPIKE 46 hud role=J t=16516 gui=00007FF6215F2750
[07:03:06.880] [JOIN] INFO: SCENARIO RECV hand=1,2637329152,1,1,3079467776 pos=-51234.47,1555.93,2851.09
[07:03:07.383] [JOIN] INFO: SCENARIO RECV hand=1,2637329152,1,1,3079467776 pos=-51234.47,1555.93,2851.09
[07:03:07.880] [JOIN] INFO: SCENARIO RECV hand=1,2637329152,1,1,3079467776 pos=-51234.47,1555.93,2851.09
[07:03:07.880] [JOIN] INFO: SPIKE 46 hud role=J t=18016 gui=00007FF6215F2750
[07:03:08.382] [JOIN] INFO: SCENARIO RECV hand=1,2637329152,1,1,3079467776 pos=-51234.47,1555.93,2851.09
[07:03:08.878] [JOIN] INFO: SCENARIO RECV hand=1,2637329152,1,1,3079467776 pos=-51234.47,1555.93,2851.09
[07:03:09.380] [JOIN] INFO: SCENARIO RECV hand=1,2637329152,1,1,3079467776 pos=-51234.47,1555.93,2851.09
[07:03:09.380] [JOIN] INFO: SPIKE 46 hud role=J t=19516 gui=00007FF6215F2750
[07:03:09.867] [JOIN] INFO: KenshiCoop: test duration elapsed; exiting
