[00:00:16.687] [HOST] INFO: log opened
[00:00:16.687] [HOST] INFO: KenshiCoop loaded! (clean rebuild)
[00:00:16.687] [HOST] INFO: KenshiCoop: build Jun 19 2026 23:58:02
[00:00:16.688] [HOST] INFO: KenshiCoop: role=HOST proto=v11 port=27800 save='battle10'
[00:00:16.742] [HOST] INFO: KenshiCoop: ownership ranks = {0} (bidirectional presence)
[00:00:16.795] [HOST] INFO: KenshiCoop: auto-load armed for save 'battle10'
[00:00:16.795] [HOST] INFO: KenshiCoop: test mode - self-exit 45 s after gameplay starts
[00:00:16.795] [HOST] INFO: KenshiCoop: scenario armed 'spike'
[00:00:16.796] [HOST] INFO: KenshiCoop: starting as HOST
[00:00:16.796] [HOST] INFO: [net] hosting
[00:00:23.183] [HOST] INFO: KenshiCoop: auto-load issued for save 'battle10' (after 5000 ms settle)
[00:00:27.413] [HOST] INFO: [net] peer connecting (awaiting HELLO)
[00:00:27.413] [HOST] INFO: [net] peer connected id=1 (proto v11)
[00:00:27.435] [HOST] INFO: handshake: peer present id=1 (local id=0)
[00:00:34.796] [HOST] INFO: KenshiCoop: gameplay started
[00:00:34.796] [HOST] INFO: SCENARIO spike start
[00:00:34.796] [HOST] INFO: SPIKE 9 start id=9 host=1 arg=-
[00:00:34.797] [HOST] INFO: SCENARIO MEMBER hand=1,2637329152,1,1,3079467776 pos=-51235.20,1548.00,2849.72
[00:00:34.803] [HOST] INFO: SCENARIO MEMBER hand=1,2637329152,1,1,3079467776 pos=-51235.20,1556.16,2849.72
[00:00:34.809] [HOST] INFO: SCENARIO MEMBER hand=1,2637329152,1,1,3079467776 pos=-51235.20,1556.16,2849.72
[00:00:34.828] [HOST] INFO: [taskkey] key=1 desc='Moving' repro=0 subject=1
[00:00:34.839] [HOST] INFO: [taskkey] key=36 desc='Patrolling town' repro=0 subject=0
[00:00:35.027] [HOST] INFO: [taskkey] key=51 desc='Stand at node' repro=0 subject=1
[00:00:35.312] [HOST] INFO: SCENARIO MEMBER hand=1,2637329152,1,1,3079467776 pos=-51234.22,1556.61,2846.94
[00:00:35.809] [HOST] INFO: SCENARIO MEMBER hand=1,2637329152,1,1,3079467776 pos=-51234.22,1556.61,2846.94
[00:00:36.307] [HOST] INFO: SCENARIO MEMBER hand=1,2637329152,1,1,3079467776 pos=-51234.93,1557.10,2844.05
[00:00:36.307] [HOST] INFO: SPIKE 9 drive t=1516 orders=14
[00:00:36.307] [HOST] INFO: SPIKE 9 unit role=H t=1516 hand=1,1667968768 pos=-51241.61,1582.50,2653.38 body=0 combat=0
[00:00:36.307] [HOST] INFO: SPIKE 9 unit role=H t=1516 hand=1,524536128 pos=-51248.20,1582.56,2662.44 body=0 combat=0
[00:00:36.307] [HOST] INFO: SPIKE 9 unit role=H t=1516 hand=1,2590331904 pos=-51162.47,1579.36,2678.16 body=0 combat=0
[00:00:36.307] [HOST] INFO: SPIKE 9 unit role=H t=1516 hand=1,3701660160 pos=-51230.90,1555.96,2850.88 body=0 combat=0
[00:00:36.307] [HOST] INFO: SPIKE 9 unit role=H t=1516 hand=1,3736206080 pos=-51221.40,1549.33,2885.74 body=0 combat=0
[00:00:36.307] [HOST] INFO: SPIKE 9 unit role=H t=1516 hand=1,2878051840 pos=-51250.78,1557.94,2843.26 body=0 combat=0
[00:00:36.307] [HOST] INFO: SPIKE 9 unit role=H t=1516 hand=1,726928704 pos=-51224.08,1553.50,2866.32 body=0 combat=0
[00:00:36.307] [HOST] INFO: SPIKE 9 unit role=H t=1516 hand=1,2366210816 pos=-51223.95,1556.98,2842.30 body=0 combat=0
[00:00:36.307] [HOST] INFO: SPIKE 9 unit role=H t=1516 hand=1,3473144576 pos=-51238.73,1556.01,2850.99 body=0 combat=0
[00:00:36.307] [HOST] INFO: SPIKE 9 unit role=H t=1516 hand=1,3229125888 pos=-51200.50,1556.24,2829.18 body=0 combat=0
[00:00:36.307] [HOST] INFO: SPIKE 9 unit role=H t=1516 hand=1,766113280 pos=-51203.36,1556.20,2840.52 body=0 combat=0
[00:00:36.307] [HOST] INFO: SPIKE 9 unit role=H t=1516 hand=1,1018920896 pos=-51216.12,1556.85,2842.25 body=0 combat=0
[00:00:36.307] [HOST] INFO: SPIKE 9 unit role=H t=1516 hand=1,469482432 pos=-51207.67,1552.67,2873.60 body=0 combat=0
[00:00:36.307] [HOST] INFO: SPIKE 9 unit role=H t=1516 hand=1,3996215808 pos=-51312.48,1564.89,2701.18 body=0 combat=0
[00:00:36.307] [HOST] INFO: SPIKE 9 units role=H t=1516 n=14
[00:00:36.313] [HOST] INFO: [taskkey] key=6 desc='Equipping weapon' repro=0 subject=1
[00:00:36.328] [HOST] INFO: [taskkey] key=61 desc='Attacking target unprovoked' repro=0 subject=1
[00:00:36.807] [HOST] INFO: SCENARIO MEMBER hand=1,2637329152,1,1,3079467776 pos=-51237.71,1557.48,2840.08
[00:00:36.852] [HOST] INFO: [taskkey] key=280 desc='Running away' repro=0 subject=1
[00:00:37.308] [HOST] INFO: SCENARIO MEMBER hand=1,2637329152,1,1,3079467776 pos=-51237.71,1557.48,2840.08
[00:00:37.407] [HOST] INFO: [taskkey] key=4 desc='Attacking' repro=0 subject=1
[00:00:37.808] [HOST] INFO: SCENARIO MEMBER hand=1,2637329152,1,1,3079467776 pos=-51241.29,1557.60,2839.39
[00:00:37.808] [HOST] INFO: SPIKE 9 drive t=3016 orders=2
[00:00:37.808] [HOST] INFO: SPIKE 9 unit role=H t=3016 hand=1,3823120128 pos=-51277.30,1562.89,2702.04 body=0 combat=0
[00:00:37.808] [HOST] INFO: SPIKE 9 unit role=H t=3016 hand=1,524536128 pos=-51250.90,1582.74,2662.13 body=0 combat=1
[00:00:37.808] [HOST] INFO: SPIKE 9 unit role=H t=3016 hand=1,2590331904 pos=-51268.13,1572.18,2690.01 body=0 combat=1
[00:00:37.808] [HOST] INFO: SPIKE 9 unit role=H t=3016 hand=4,1276245120 pos=-51241.29,1582.65,2645.01 body=0 combat=1
[00:00:37.808] [HOST] INFO: SPIKE 9 unit role=H t=3016 hand=5,1919189504 pos=-51238.51,1582.65,2639.94 body=0 combat=1
[00:00:37.808] [HOST] INFO: SPIKE 9 unit role=H t=3016 hand=1,3701660160 pos=-51246.25,1562.34,2775.01 body=0 combat=1
[00:00:37.808] [HOST] INFO: SPIKE 9 unit role=H t=3016 hand=1,3736206080 pos=-51233.47,1551.17,2876.92 body=0 combat=1
[00:00:37.808] [HOST] INFO: SPIKE 9 unit role=H t=3016 hand=1,2878051840 pos=-51241.64,1553.80,2864.53 body=0 combat=1
[00:00:37.808] [HOST] INFO: SPIKE 9 unit role=H t=3016 hand=1,726928704 pos=-51223.74,1557.03,2840.75 body=0 combat=1
[00:00:37.808] [HOST] INFO: SPIKE 9 unit role=H t=3016 hand=1,2366210816 pos=-51222.31,1557.82,2829.51 body=0 combat=1
[00:00:37.808] [HOST] INFO: SPIKE 9 unit role=H t=3016 hand=1,3473144576 pos=-51233.79,1557.25,2842.09 body=0 combat=1
[00:00:37.808] [HOST] INFO: SPIKE 9 unit role=H t=3016 hand=1,3229125888 pos=-51215.00,1557.58,2826.55 body=0 combat=1
[00:00:37.808] [HOST] INFO: SPIKE 9 unit role=H t=3016 hand=1,766113280 pos=-51209.98,1556.90,2837.70 body=0 combat=1
[00:00:37.808] [HOST] INFO: SPIKE 9 unit role=H t=3016 hand=1,1018920896 pos=-51197.32,1555.70,2840.37 body=0 combat=1
[00:00:37.808] [HOST] INFO: SPIKE 9 unit role=H t=3016 hand=1,469482432 pos=-51215.89,1556.81,2843.39 body=0 combat=1
[00:00:37.808] [HOST] INFO: SPIKE 9 unit role=H t=3016 hand=1,3996215808 pos=-51212.81,1558.40,2793.61 body=0 combat=0
[00:00:37.808] [HOST] INFO: SPIKE 9 units role=H t=3016 n=16
[00:00:38.307] [HOST] INFO: SCENARIO MEMBER hand=1,2637329152,1,1,3079467776 pos=-51241.39,1557.60,2839.35
[00:00:38.810] [HOST] INFO: SCENARIO MEMBER hand=1,2637329152,1,1,3079467776 pos=-51241.39,1557.60,2839.35
[00:00:39.306] [HOST] INFO: SCENARIO MEMBER hand=1,2637329152,1,1,3079467776 pos=-51241.39,1557.60,2839.35
[00:00:39.306] [HOST] INFO: SPIKE 9 drive t=4516 orders=1
[00:00:39.306] [HOST] INFO: SPIKE 9 unit role=H t=4516 hand=1,524536128 pos=-51239.63,1582.66,2643.76 body=0 combat=1
[00:00:39.306] [HOST] INFO: SPIKE 9 unit role=H t=4516 hand=4,1276245120 pos=-51259.12,1583.17,2648.04 body=0 combat=1
[00:00:39.306] [HOST] INFO: SPIKE 9 unit role=H t=4516 hand=1,3823120128 pos=-51241.34,1582.68,2646.15 body=0 combat=1
[00:00:39.306] [HOST] INFO: SPIKE 9 unit role=H t=4516 hand=1,3701660160 pos=-51254.64,1561.95,2742.09 body=0 combat=1
[00:00:39.306] [HOST] INFO: SPIKE 9 unit role=H t=4516 hand=1,3736206080 pos=-51230.78,1550.30,2880.55 body=0 combat=1
[00:00:39.306] [HOST] INFO: SPIKE 9 unit role=H t=4516 hand=1,2878051840 pos=-51240.47,1552.89,2869.07 body=0 combat=1
[00:00:39.306] [HOST] INFO: SPIKE 9 unit role=H t=4516 hand=1,726928704 pos=-51219.29,1555.56,2852.63 body=0 combat=1
[00:00:39.306] [HOST] INFO: SPIKE 9 unit role=H t=4516 hand=1,2366210816 pos=-51218.73,1557.07,2837.10 body=0 combat=1
[00:00:39.306] [HOST] INFO: SPIKE 9 unit role=H t=4516 hand=1,3473144576 pos=-51226.48,1557.45,2837.33 body=0 combat=1
[00:00:39.306] [HOST] INFO: SPIKE 9 unit role=H t=4516 hand=1,3229125888 pos=-51210.00,1557.36,2821.90 body=0 combat=1
[00:00:39.306] [HOST] INFO: SPIKE 9 unit role=H t=4516 hand=1,766113280 pos=-51210.87,1556.94,2837.14 body=0 combat=1
[00:00:39.307] [HOST] INFO: SPIKE 9 unit role=H t=4516 hand=1,1018920896 pos=-51203.25,1556.23,2838.12 body=0 combat=1
[00:00:39.307] [HOST] INFO: SPIKE 9 unit role=H t=4516 hand=1,469482432 pos=-51197.17,1554.91,2852.20 body=0 combat=1
[00:00:39.307] [HOST] INFO: SPIKE 9 unit role=H t=4516 hand=1,3996215808 pos=-51106.66,1545.35,2858.92 body=0 combat=0
[00:00:39.307] [HOST] INFO: SPIKE 9 unit role=H t=4516 hand=1,2590331904 pos=-51260.25,1562.03,2727.88 body=0 combat=1
[00:00:39.307] [HOST] INFO: SPIKE 9 units role=H t=4516 n=15
[00:00:39.810] [HOST] INFO: SCENARIO MEMBER hand=1,2637329152,1,1,3079467776 pos=-51241.39,1557.60,2839.35
[00:00:40.315] [HOST] INFO: SCENARIO MEMBER hand=1,2637329152,1,1,3079467776 pos=-51241.39,1557.60,2839.35
[00:00:40.808] [HOST] INFO: SCENARIO MEMBER hand=1,2637329152,1,1,3079467776 pos=-51241.39,1557.60,2839.35
[00:00:40.808] [HOST] INFO: SPIKE 9 drive t=6016 orders=0
[00:00:40.808] [HOST] INFO: SPIKE 9 unit role=H t=6016 hand=1,1667968768 pos=-51235.69,1582.55,2649.17 body=0 combat=1
[00:00:40.808] [HOST] INFO: SPIKE 9 unit role=H t=6016 hand=1,524536128 pos=-51234.84,1582.19,2661.12 body=0 combat=1
[00:00:40.808] [HOST] INFO: SPIKE 9 unit role=H t=6016 hand=5,1919189504 pos=-51242.93,1582.60,2651.26 body=0 combat=1
[00:00:40.808] [HOST] INFO: SPIKE 9 unit role=H t=6016 hand=1,3823120128 pos=-51245.50,1582.58,2655.11 body=0 combat=1
[00:00:40.808] [HOST] INFO: SPIKE 9 unit role=H t=6016 hand=1,3701660160 pos=-51250.41,1561.94,2755.12 body=0 combat=1
[00:00:40.808] [HOST] INFO: SPIKE 9 unit role=H t=6016 hand=1,3736206080 pos=-51231.78,1550.65,2879.19 body=0 combat=1
[00:00:40.808] [HOST] INFO: SPIKE 9 unit role=H t=6016 hand=1,2878051840 pos=-51240.22,1552.82,2869.43 body=0 combat=1
[00:00:40.808] [HOST] INFO: SPIKE 9 unit role=H t=6016 hand=1,726928704 pos=-51219.29,1555.16,2856.33 body=0 combat=1
[00:00:40.808] [HOST] INFO: SPIKE 9 unit role=H t=6016 hand=1,2366210816 pos=-51228.42,1555.85,2851.67 body=0 combat=1
[00:00:40.808] [HOST] INFO: SPIKE 9 unit role=H t=6016 hand=1,3473144576 pos=-51238.91,1558.70,2828.85 body=0 combat=1
[00:00:40.808] [HOST] INFO: SPIKE 9 unit role=H t=6016 hand=1,3229125888 pos=-51230.91,1558.15,2830.64 body=0 combat=1
[00:00:40.808] [HOST] INFO: SPIKE 9 unit role=H t=6016 hand=1,766113280 pos=-51220.12,1557.11,2836.71 body=0 combat=1
[00:00:40.808] [HOST] INFO: SPIKE 9 unit role=H t=6016 hand=1,1018920896 pos=-51205.80,1556.54,2835.96 body=0 combat=1
[00:00:40.808] [HOST] INFO: SPIKE 9 unit role=H t=6016 hand=1,469482432 pos=-51198.14,1555.05,2850.79 body=0 combat=1
[00:00:40.808] [HOST] INFO: SPIKE 9 unit role=H t=6016 hand=1,2590331904 pos=-51257.66,1561.80,2728.76 body=0 combat=1
[00:00:40.808] [HOST] INFO: SPIKE 9 units role=H t=6016 n=15
[00:00:41.310] [HOST] INFO: SCENARIO MEMBER hand=1,2637329152,1,1,3079467776 pos=-51241.39,1557.60,2839.35
[00:00:41.813] [HOST] INFO: SCENARIO MEMBER hand=1,2637329152,1,1,3079467776 pos=-51241.39,1557.60,2839.35
[00:00:42.311] [HOST] INFO: SCENARIO MEMBER hand=1,2637329152,1,1,3079467776 pos=-51241.39,1557.60,2839.35
[00:00:42.311] [HOST] INFO: SPIKE 9 drive t=7516 orders=0
[00:00:42.311] [HOST] INFO: SPIKE 9 unit role=H t=7516 hand=1,1667968768 pos=-51236.23,1582.33,2655.26 body=0 combat=1
[00:00:42.311] [HOST] INFO: SPIKE 9 unit role=H t=7516 hand=1,524536128 pos=-51229.91,1581.83,2673.84 body=0 combat=1
[00:00:42.311] [HOST] INFO: SPIKE 9 unit role=H t=7516 hand=4,1276245120 pos=-51249.11,1583.09,2651.57 body=0 combat=1
[00:00:42.311] [HOST] INFO: SPIKE 9 unit role=H t=7516 hand=5,1919189504 pos=-51254.18,1582.99,2651.13 body=0 combat=1
[00:00:42.311] [HOST] INFO: SPIKE 9 unit role=H t=7516 hand=1,3823120128 pos=-51230.55,1581.84,2674.85 body=0 combat=1
[00:00:42.311] [HOST] INFO: SPIKE 9 unit role=H t=7516 hand=1,3701660160 pos=-51250.18,1562.00,2758.83 body=0 combat=1
[00:00:42.311] [HOST] INFO: SPIKE 9 unit role=H t=7516 hand=1,3736206080 pos=-51229.25,1549.71,2882.66 body=0 combat=1
[00:00:42.311] [HOST] INFO: SPIKE 9 unit role=H t=7516 hand=1,2878051840 pos=-51240.62,1552.48,2871.13 body=0 combat=1
[00:00:42.311] [HOST] INFO: SPIKE 9 unit role=H t=7516 hand=1,726928704 pos=-51218.48,1555.01,2858.09 body=0 combat=1
[00:00:42.311] [HOST] INFO: SPIKE 9 unit role=H t=7516 hand=1,2366210816 pos=-51232.70,1554.88,2858.13 body=0 combat=1
[00:00:42.311] [HOST] INFO: SPIKE 9 unit role=H t=7516 hand=1,3473144576 pos=-51238.13,1558.68,2828.67 body=0 combat=1
[00:00:42.311] [HOST] INFO: SPIKE 9 unit role=H t=7516 hand=1,3229125888 pos=-51225.52,1558.31,2826.11 body=0 combat=1
[00:00:42.311] [HOST] INFO: SPIKE 9 unit role=H t=7516 hand=1,766113280 pos=-51221.82,1557.13,2837.36 body=0 combat=1
[00:00:42.311] [HOST] INFO: SPIKE 9 unit role=H t=7516 hand=1,1018920896 pos=-51194.90,1555.59,2835.10 body=0 combat=1
[00:00:42.311] [HOST] INFO: SPIKE 9 unit role=H t=7516 hand=1,469482432 pos=-51128.20,1548.80,2828.27 body=0 combat=1
[00:00:42.311] [HOST] INFO: SPIKE 9 unit role=H t=7516 hand=1,2590331904 pos=-51254.36,1562.03,2745.58 body=0 combat=1
[00:00:42.311] [HOST] INFO: SPIKE 9 units role=H t=7516 n=16
[00:00:42.814] [HOST] INFO: SCENARIO MEMBER hand=1,2637329152,1,1,3079467776 pos=-51241.39,1557.60,2839.35
[00:00:42.990] [HOST] INFO: [event] SEND id=1 ev=1 hand=1,5,3003784192,1,1667968768 actor=5,1919189504 bs 0->1
[00:00:43.313] [HOST] INFO: SCENARIO MEMBER hand=1,2637329152,1,1,3079467776 pos=-51241.39,1557.60,2839.35
[00:00:43.407] [HOST] INFO: [taskkey] key=87 desc='Operating machine' repro=1 subject=1
[00:00:43.407] [HOST] INFO: [seatres] HOST task=87 npc=1,3808471552 subj=514,2909912064 ok=1 npcpos=-51209.6,2660.5 subjpos=-51206.5,2659.7 d=3.3
[00:00:43.812] [HOST] INFO: SCENARIO MEMBER hand=1,2637329152,1,1,3079467776 pos=-51241.39,1557.60,2839.35
[00:00:43.813] [HOST] INFO: SPIKE 9 drive t=9016 orders=2
[00:00:43.813] [HOST] INFO: SPIKE 9 unit role=H t=9016 hand=2,2703369216 pos=-51234.94,1582.30,2655.52 body=0 combat=1
[00:00:43.813] [HOST] INFO: SPIKE 9 unit role=H t=9016 hand=1,1667968768 pos=-51230.18,1584.74,2667.68 body=3 combat=0
[00:00:43.813] [HOST] INFO: SPIKE 9 unit role=H t=9016 hand=1,524536128 pos=-51216.79,1581.35,2679.04 body=0 combat=1
[00:00:43.813] [HOST] INFO: SPIKE 9 unit role=H t=9016 hand=4,1276245120 pos=-51245.02,1582.78,2658.15 body=0 combat=1
[00:00:43.813] [HOST] INFO: SPIKE 9 unit role=H t=9016 hand=5,1919189504 pos=-51265.47,1583.58,2641.96 body=0 combat=1
[00:00:43.813] [HOST] INFO: SPIKE 9 unit role=H t=9016 hand=1,3808471552 pos=-51206.47,1581.11,2659.67 body=0 combat=0
[00:00:43.813] [HOST] INFO: SPIKE 9 unit role=H t=9016 hand=1,3823120128 pos=-51227.65,1581.62,2682.02 body=0 combat=1
[00:00:43.813] [HOST] INFO: SPIKE 9 unit role=H t=9016 hand=1,3701660160 pos=-51247.49,1561.95,2761.39 body=0 combat=1
[00:00:43.813] [HOST] INFO: SPIKE 9 unit role=H t=9016 hand=1,3736206080 pos=-51237.14,1551.63,2875.09 body=0 combat=1
[00:00:43.813] [HOST] INFO: SPIKE 9 unit role=H t=9016 hand=1,2878051840 pos=-51244.86,1552.05,2873.30 body=0 combat=1
[00:00:43.813] [HOST] INFO: SPIKE 9 unit role=H t=9016 hand=1,726928704 pos=-51223.32,1554.89,2857.64 body=0 combat=1
[00:00:43.813] [HOST] INFO: SPIKE 9 unit role=H t=9016 hand=1,2366210816 pos=-51231.31,1554.84,2858.37 body=0 combat=1
[00:00:43.813] [HOST] INFO: SPIKE 9 unit role=H t=9016 hand=1,3473144576 pos=-51239.25,1559.11,2825.05 body=0 combat=1
[00:00:43.813] [HOST] INFO: SPIKE 9 unit role=H t=9016 hand=1,3229125888 pos=-51226.95,1558.44,2824.87 body=0 combat=1
[00:00:43.813] [HOST] INFO: SPIKE 9 unit role=H t=9016 hand=1,766113280 pos=-51227.27,1557.31,2839.61 body=0 combat=1
[00:00:43.813] [HOST] INFO: SPIKE 9 unit role=H t=9016 hand=1,1018920896 pos=-51218.05,1557.09,2836.15 body=0 combat=1
[00:00:43.813] [HOST] INFO: SPIKE 9 unit role=H t=9016 hand=1,2590331904 pos=-51254.81,1562.03,2744.20 body=0 combat=1
[00:00:43.813] [HOST] INFO: SPIKE 9 units role=H t=9016 n=17
[00:00:44.306] [HOST] INFO: SCENARIO MEMBER hand=1,2637329152,1,1,3079467776 pos=-51241.39,1557.60,2839.35
[00:00:44.808] [HOST] INFO: SCENARIO MEMBER hand=1,2637329152,1,1,3079467776 pos=-51241.39,1557.60,2839.35
[00:00:45.313] [HOST] INFO: SCENARIO MEMBER hand=1,2637329152,1,1,3079467776 pos=-51241.39,1557.60,2839.35
[00:00:45.313] [HOST] INFO: SPIKE 9 drive t=10516 orders=1
[00:00:45.313] [HOST] INFO: SPIKE 9 unit role=H t=10516 hand=2,2703369216 pos=-51227.29,1581.85,2666.37 body=0 combat=1
[00:00:45.313] [HOST] INFO: SPIKE 9 unit role=H t=10516 hand=1,1667968768 pos=-51229.45,1584.20,2666.62 body=3 combat=0
[00:00:45.313] [HOST] INFO: SPIKE 9 unit role=H t=10516 hand=1,524536128 pos=-51207.51,1580.94,2681.71 body=0 combat=1
[00:00:45.313] [HOST] INFO: SPIKE 9 unit role=H t=10516 hand=3,3090698240 pos=-51206.38,1581.69,2677.36 body=0 combat=1
[00:00:45.313] [HOST] INFO: SPIKE 9 unit role=H t=10516 hand=4,1276245120 pos=-51233.75,1581.99,2673.09 body=0 combat=1
[00:00:45.313] [HOST] INFO: SPIKE 9 unit role=H t=10516 hand=5,1919189504 pos=-51236.54,1582.49,2651.10 body=0 combat=1
[00:00:45.313] [HOST] INFO: SPIKE 9 unit role=H t=10516 hand=1,3808471552 pos=-51225.68,1582.04,2652.63 body=0 combat=1
[00:00:45.313] [HOST] INFO: SPIKE 9 unit role=H t=10516 hand=1,3823120128 pos=-51213.91,1581.19,2677.98 body=0 combat=1
[00:00:45.313] [HOST] INFO: SPIKE 9 unit role=H t=10516 hand=1,3701660160 pos=-51247.92,1561.86,2759.11 body=0 combat=1
[00:00:45.313] [HOST] INFO: SPIKE 9 unit role=H t=10516 hand=1,3736206080 pos=-51242.80,1552.03,2873.40 body=0 combat=1
[00:00:45.313] [HOST] INFO: SPIKE 9 unit role=H t=10516 hand=1,2878051840 pos=-51253.24,1552.28,2877.55 body=0 combat=1
[00:00:45.313] [HOST] INFO: SPIKE 9 unit role=H t=10516 hand=1,726928704 pos=-51238.80,1554.88,2858.14 body=0 combat=1
[00:00:45.313] [HOST] INFO: SPIKE 9 unit role=H t=10516 hand=1,2366210816 pos=-51253.51,1556.06,2858.16 body=0 combat=1
[00:00:45.313] [HOST] INFO: SPIKE 9 unit role=H t=10516 hand=1,3473144576 pos=-51238.52,1559.12,2824.47 body=0 combat=1
[00:00:45.313] [HOST] INFO: SPIKE 9 unit role=H t=10516 hand=1,3229125888 pos=-51230.12,1559.32,2815.11 body=0 combat=1
[00:00:45.313] [HOST] INFO: SPIKE 9 unit role=H t=10516 hand=1,766113280 pos=-51229.01,1557.13,2842.52 body=0 combat=1
[00:00:45.313] [HOST] INFO: SPIKE 9 unit role=H t=10516 hand=1,1018920896 pos=-51216.85,1557.13,2834.42 body=0 combat=1
[00:00:45.313] [HOST] INFO: SPIKE 9 unit role=H t=10516 hand=1,2590331904 pos=-51254.16,1561.90,2742.01 body=0 combat=1
[00:00:45.313] [HOST] INFO: SPIKE 9 unit role=H t=10516 hand=1,753417984 pos=-51068.20,1538.35,2902.10 body=0 combat=0
[00:00:45.313] [HOST] INFO: SPIKE 9 units role=H t=10516 n=19
[00:00:45.806] [HOST] INFO: SCENARIO MEMBER hand=1,2637329152,1,1,3079467776 pos=-51241.39,1557.60,2839.35
[00:00:46.314] [HOST] INFO: SCENARIO MEMBER hand=1,2637329152,1,1,3079467776 pos=-51241.39,1557.60,2839.35
[00:00:46.812] [HOST] INFO: SCENARIO MEMBER hand=1,2637329152,1,1,3079467776 pos=-51241.39,1557.60,2839.35
[00:00:46.812] [HOST] INFO: SPIKE 9 drive t=12016 orders=2
[00:00:46.812] [HOST] INFO: SPIKE 9 unit role=H t=12016 hand=2,2703369216 pos=-51218.27,1581.39,2675.40 body=0 combat=1
[00:00:46.812] [HOST] INFO: SPIKE 9 unit role=H t=12016 hand=1,1667968768 pos=-51229.48,1584.22,2666.66 body=3 combat=0
[00:00:46.812] [HOST] INFO: SPIKE 9 unit role=H t=12016 hand=1,3808471552 pos=-51210.91,1581.42,2656.73 body=0 combat=1
[00:00:46.812] [HOST] INFO: SPIKE 9 unit role=H t=12016 hand=3,3090698240 pos=-51208.89,1580.98,2680.41 body=0 combat=1
[00:00:46.812] [HOST] INFO: SPIKE 9 unit role=H t=12016 hand=4,1276245120 pos=-51205.53,1581.62,2687.74 body=0 combat=1
[00:00:46.812] [HOST] INFO: SPIKE 9 unit role=H t=12016 hand=5,1919189504 pos=-51221.83,1581.99,2655.06 body=0 combat=1
[00:00:46.812] [HOST] INFO: SPIKE 9 unit role=H t=12016 hand=1,3701660160 pos=-51247.27,1561.87,2760.18 body=0 combat=1
[00:00:46.812] [HOST] INFO: SPIKE 9 unit role=H t=12016 hand=1,3736206080 pos=-51242.52,1548.50,2887.62 body=0 combat=1
[00:00:46.812] [HOST] INFO: SPIKE 9 unit role=H t=12016 hand=1,2878051840 pos=-51253.87,1552.30,2877.97 body=0 combat=1
[00:00:46.812] [HOST] INFO: SPIKE 9 unit role=H t=12016 hand=1,726928704 pos=-51237.47,1554.66,2859.62 body=0 combat=1
[00:00:46.812] [HOST] INFO: SPIKE 9 unit role=H t=12016 hand=1,2366210816 pos=-51251.01,1555.64,2858.48 body=0 combat=1
[00:00:46.812] [HOST] INFO: SPIKE 9 unit role=H t=12016 hand=1,3473144576 pos=-51239.51,1559.06,2826.06 body=0 combat=1
[00:00:46.812] [HOST] INFO: SPIKE 9 unit role=H t=12016 hand=1,3229125888 pos=-51231.13,1559.35,2815.38 body=0 combat=1
[00:00:46.812] [HOST] INFO: SPIKE 9 unit role=H t=12016 hand=1,766113280 pos=-51226.26,1556.81,2845.04 body=0 combat=1
[00:00:46.812] [HOST] INFO: SPIKE 9 unit role=H t=12016 hand=1,1018920896 pos=-51214.82,1557.12,2833.50 body=0 combat=1
[00:00:46.812] [HOST] INFO: SPIKE 9 unit role=H t=12016 hand=1,2590331904 pos=-51261.53,1562.16,2727.74 body=0 combat=1
[00:00:46.812] [HOST] INFO: SPIKE 9 unit role=H t=12016 hand=1,753417984 pos=-51171.49,1541.30,2924.68 body=0 combat=0
[00:00:46.812] [HOST] INFO: SPIKE 9 unit role=H t=12016 hand=1,3823120128 pos=-51205.18,1580.72,2688.09 body=0 combat=1
[00:00:46.812] [HOST] INFO: SPIKE 9 unit role=H t=12016 hand=1,524536128 pos=-51209.60,1580.79,2690.81 body=0 combat=1
[00:00:46.812] [HOST] INFO: SPIKE 9 units role=H t=12016 n=19
[00:00:47.309] [HOST] INFO: SCENARIO MEMBER hand=1,2637329152,1,1,3079467776 pos=-51241.39,1557.60,2839.35
[00:00:47.810] [HOST] INFO: SCENARIO MEMBER hand=1,2637329152,1,1,3079467776 pos=-51241.39,1557.60,2839.35
[00:00:48.312] [HOST] INFO: SCENARIO MEMBER hand=1,2637329152,1,1,3079467776 pos=-51241.39,1557.60,2839.35
[00:00:48.312] [HOST] INFO: SPIKE 9 drive t=13516 orders=1
[00:00:48.312] [HOST] INFO: SPIKE 9 unit role=H t=13516 hand=2,2703369216 pos=-51216.93,1581.23,2681.11 body=0 combat=1
[00:00:48.312] [HOST] INFO: SPIKE 9 unit role=H t=13516 hand=1,1667968768 pos=-51229.48,1584.22,2666.66 body=3 combat=0
[00:00:48.312] [HOST] INFO: SPIKE 9 unit role=H t=13516 hand=1,3808471552 pos=-51207.88,1581.29,2659.68 body=0 combat=1
[00:00:48.312] [HOST] INFO: SPIKE 9 unit role=H t=13516 hand=3,3090698240 pos=-51199.55,1580.58,2683.05 body=0 combat=1
[00:00:48.312] [HOST] INFO: SPIKE 9 unit role=H t=13516 hand=5,1919189504 pos=-51213.17,1581.49,2656.43 body=0 combat=1
[00:00:48.312] [HOST] INFO: SPIKE 9 unit role=H t=13516 hand=1,3823120128 pos=-51199.41,1580.68,2683.07 body=0 combat=1
[00:00:48.312] [HOST] INFO: SPIKE 9 unit role=H t=13516 hand=1,3701660160 pos=-51253.82,1561.96,2744.93 body=0 combat=1
[00:00:48.312] [HOST] INFO: SPIKE 9 unit role=H t=13516 hand=1,3736206080 pos=-51244.43,1549.04,2885.83 body=0 combat=1
[00:00:48.312] [HOST] INFO: SPIKE 9 unit role=H t=13516 hand=1,2878051840 pos=-51255.49,1552.65,2877.42 body=0 combat=1
[00:00:48.312] [HOST] INFO: SPIKE 9 unit role=H t=13516 hand=1,726928704 pos=-51237.97,1554.69,2859.38 body=0 combat=1
[00:00:48.312] [HOST] INFO: SPIKE 9 unit role=H t=13516 hand=1,2366210816 pos=-51245.77,1554.79,2859.03 body=0 combat=1
[00:00:48.312] [HOST] INFO: SPIKE 9 unit role=H t=13516 hand=1,3473144576 pos=-51237.85,1559.09,2824.34 body=0 combat=1
[00:00:48.312] [HOST] INFO: SPIKE 9 unit role=H t=13516 hand=1,3229125888 pos=-51231.93,1559.56,2812.90 body=0 combat=1
[00:00:48.312] [HOST] INFO: SPIKE 9 unit role=H t=13516 hand=1,766113280 pos=-51225.25,1556.80,2845.02 body=0 combat=1
[00:00:48.312] [HOST] INFO: SPIKE 9 unit role=H t=13516 hand=1,1018920896 pos=-51211.30,1557.05,2834.05 body=0 combat=1
[00:00:48.312] [HOST] INFO: SPIKE 9 unit role=H t=13516 hand=1,2590331904 pos=-51272.07,1561.98,2720.05 body=0 combat=1
[00:00:48.312] [HOST] INFO: SPIKE 9 unit role=H t=13516 hand=1,753417984 pos=-51262.66,1536.56,2942.77 body=0 combat=1
[00:00:48.312] [HOST] INFO: SPIKE 9 unit role=H t=13516 hand=4,1276245120 pos=-51207.31,1580.81,2689.88 body=0 combat=1
[00:00:48.312] [HOST] INFO: SPIKE 9 unit role=H t=13516 hand=1,524536128 pos=-51209.18,1580.86,2689.70 body=0 combat=0
[00:00:48.312] [HOST] INFO: SPIKE 9 units role=H t=13516 n=19
[00:00:48.812] [HOST] INFO: SCENARIO MEMBER hand=1,2637329152,1,1,3079467776 pos=-51241.39,1557.60,2839.35
[00:00:49.146] [HOST] INFO: [event] SEND id=2 ev=1 hand=1,3,1144164992,1,3823120128 actor=4,1276245120 bs 0->1
[00:00:49.312] [HOST] INFO: SCENARIO MEMBER hand=1,2637329152,1,1,3079467776 pos=-51241.39,1557.60,2839.35
[00:00:49.806] [HOST] INFO: SCENARIO MEMBER hand=1,2637329152,1,1,3079467776 pos=-51241.39,1557.60,2839.35
[00:00:49.806] [HOST] INFO: SPIKE 9 drive t=15016 orders=2
[00:00:49.806] [HOST] INFO: SPIKE 9 unit role=H t=15016 hand=2,2703369216 pos=-51210.70,1581.11,2670.82 body=0 combat=1
[00:00:49.806] [HOST] INFO: SPIKE 9 unit role=H t=15016 hand=1,1667968768 pos=-51229.48,1584.22,2666.66 body=3 combat=0
[00:00:49.806] [HOST] INFO: SPIKE 9 unit role=H t=15016 hand=1,3808471552 pos=-51193.14,1580.82,2667.74 body=0 combat=1
[00:00:49.806] [HOST] INFO: SPIKE 9 unit role=H t=15016 hand=3,3090698240 pos=-51200.89,1580.69,2676.30 body=0 combat=1
[00:00:49.806] [HOST] INFO: SPIKE 9 unit role=H t=15016 hand=5,1919189504 pos=-51205.82,1581.13,2660.10 body=0 combat=1
[00:00:49.806] [HOST] INFO: SPIKE 9 unit role=H t=15016 hand=1,3823120128 pos=-51191.50,1587.12,2675.80 body=3 combat=0
[00:00:49.806] [HOST] INFO: SPIKE 9 unit role=H t=15016 hand=4,1276245120 pos=-51227.46,1580.77,2668.43 body=0 combat=1
[00:00:49.806] [HOST] INFO: SPIKE 9 unit role=H t=15016 hand=1,3701660160 pos=-51258.38,1562.09,2735.13 body=0 combat=1
[00:00:49.806] [HOST] INFO: SPIKE 9 unit role=H t=15016 hand=1,3736206080 pos=-51246.43,1548.28,2888.82 body=0 combat=1
[00:00:49.806] [HOST] INFO: SPIKE 9 unit role=H t=15016 hand=1,2878051840 pos=-51253.63,1552.04,2879.06 body=0 combat=1
[00:00:49.806] [HOST] INFO: SPIKE 9 unit role=H t=15016 hand=1,726928704 pos=-51219.38,1554.94,2858.48 body=0 combat=1
[00:00:49.806] [HOST] INFO: SPIKE 9 unit role=H t=15016 hand=1,2366210816 pos=-51231.00,1554.03,2863.34 body=0 combat=1
[00:00:49.806] [HOST] INFO: SPIKE 9 unit role=H t=15016 hand=1,3473144576 pos=-51239.53,1558.97,2826.81 body=0 combat=1
[00:00:49.806] [HOST] INFO: SPIKE 9 unit role=H t=15016 hand=1,3229125888 pos=-51231.93,1559.56,2812.90 body=0 combat=1
[00:00:49.806] [HOST] INFO: SPIKE 9 unit role=H t=15016 hand=1,766113280 pos=-51226.83,1556.72,2845.68 body=0 combat=1
[00:00:49.806] [HOST] INFO: SPIKE 9 unit role=H t=15016 hand=1,1018920896 pos=-51201.27,1555.99,2842.83 body=0 combat=1
[00:00:49.806] [HOST] INFO: SPIKE 9 unit role=H t=15016 hand=1,2590331904 pos=-51284.22,1562.71,2703.86 body=0 combat=1
[00:00:49.806] [HOST] INFO: SPIKE 9 unit role=H t=15016 hand=1,753417984 pos=-51301.04,1559.09,2863.76 body=0 combat=1
[00:00:49.806] [HOST] INFO: SPIKE 9 unit role=H t=15016 hand=1,524536128 pos=-51210.63,1580.87,2689.45 body=0 combat=1
[00:00:49.806] [HOST] INFO: SPIKE 9 units role=H t=15016 n=19
[00:00:50.315] [HOST] INFO: SCENARIO MEMBER hand=1,2637329152,1,1,3079467776 pos=-51241.39,1557.60,2839.35
[00:00:50.811] [HOST] INFO: SCENARIO MEMBER hand=1,2637329152,1,1,3079467776 pos=-51241.39,1557.60,2839.35
[00:00:50.817] [HOST] INFO: [event] SEND id=3 ev=1 hand=1,18,3604736256,1,3808471552 actor=5,1919189504 bs 0->1
[00:00:50.834] [HOST] INFO: [taskkey] key=35 desc='Running away' repro=0 subject=1
[00:00:50.875] [HOST] INFO: [taskkey] key=7 desc='Sheathing weapon' repro=0 subject=1
[00:00:50.893] [HOST] INFO: [taskkey] key=25 desc='First aid' repro=0 subject=1
[00:00:51.057] [HOST] INFO: [taskkey] key=62 desc='Standing still' repro=0 subject=0
[00:00:51.133] [HOST] INFO: [taskkey] key=210 desc='Investigating' repro=0 subject=0
[00:00:51.313] [HOST] INFO: SCENARIO MEMBER hand=1,2637329152,1,1,3079467776 pos=-51241.39,1557.60,2839.35
[00:00:51.313] [HOST] INFO: SPIKE 9 drive t=16516 orders=5
[00:00:51.313] [HOST] INFO: SPIKE 9 unit role=H t=16516 hand=2,2703369216 pos=-51201.50,1580.94,2665.88 body=0 combat=1
[00:00:51.313] [HOST] INFO: SPIKE 9 unit role=H t=16516 hand=1,1667968768 pos=-51229.48,1584.22,2666.66 body=3 combat=0
[00:00:51.313] [HOST] INFO: SPIKE 9 unit role=H t=16516 hand=1,3808471552 pos=-51187.21,1589.94,2664.22 body=3 combat=0
[00:00:51.313] [HOST] INFO: SPIKE 9 unit role=H t=16516 hand=3,3090698240 pos=-51194.48,1580.49,2678.80 body=0 combat=0
[00:00:51.313] [HOST] INFO: SPIKE 9 unit role=H t=16516 hand=5,1919189504 pos=-51202.50,1581.02,2662.68 body=0 combat=0
[00:00:51.313] [HOST] INFO: SPIKE 9 unit role=H t=16516 hand=1,3823120128 pos=-51192.59,1583.09,2674.45 body=3 combat=0
[00:00:51.313] [HOST] INFO: SPIKE 9 unit role=H t=16516 hand=1,524536128 pos=-51211.76,1580.95,2687.95 body=0 combat=1
[00:00:51.313] [HOST] INFO: SPIKE 9 unit role=H t=16516 hand=1,3701660160 pos=-51259.96,1562.22,2734.52 body=0 combat=1
[00:00:51.313] [HOST] INFO: SPIKE 9 unit role=H t=16516 hand=1,3736206080 pos=-51245.82,1547.78,2890.36 body=0 combat=1
[00:00:51.313] [HOST] INFO: SPIKE 9 unit role=H t=16516 hand=1,2878051840 pos=-51253.68,1552.06,2878.99 body=0 combat=1
[00:00:51.313] [HOST] INFO: SPIKE 9 unit role=H t=16516 hand=1,726928704 pos=-51219.79,1554.87,2859.08 body=0 combat=1
[00:00:51.313] [HOST] INFO: SPIKE 9 unit role=H t=16516 hand=1,2366210816 pos=-51231.15,1553.42,2866.31 body=0 combat=1
[00:00:51.313] [HOST] INFO: SPIKE 9 unit role=H t=16516 hand=1,3473144576 pos=-51250.04,1559.08,2832.71 body=0 combat=1
[00:00:51.313] [HOST] INFO: SPIKE 9 unit role=H t=16516 hand=1,3229125888 pos=-51243.17,1558.94,2828.66 body=0 combat=1
[00:00:51.313] [HOST] INFO: SPIKE 9 unit role=H t=16516 hand=1,766113280 pos=-51237.04,1556.34,2848.85 body=0 combat=1
[00:00:51.313] [HOST] INFO: SPIKE 9 unit role=H t=16516 hand=1,1018920896 pos=-51224.43,1556.89,2844.28 body=0 combat=1
[00:00:51.313] [HOST] INFO: SPIKE 9 unit role=H t=16516 hand=1,2590331904 pos=-51282.31,1562.97,2712.33 body=0 combat=1
[00:00:51.313] [HOST] INFO: SPIKE 9 unit role=H t=16516 hand=1,753417984 pos=-51301.04,1559.09,2863.76 body=0 combat=1
[00:00:51.313] [HOST] INFO: SPIKE 9 unit role=H t=16516 hand=4,1276245120 pos=-51261.81,1561.34,2719.79 body=0 combat=1
[00:00:51.313] [HOST] INFO: SPIKE 9 units role=H t=16516 n=19
[00:00:51.813] [HOST] INFO: SCENARIO MEMBER hand=1,2637329152,1,1,3079467776 pos=-51241.39,1557.60,2839.35
[00:00:52.310] [HOST] INFO: SCENARIO MEMBER hand=1,2637329152,1,1,3079467776 pos=-51241.39,1557.60,2839.35
[00:00:52.814] [HOST] INFO: SCENARIO MEMBER hand=1,2637329152,1,1,3079467776 pos=-51241.39,1557.60,2839.35
[00:00:52.814] [HOST] INFO: SPIKE 9 drive t=18016 orders=5
[00:00:52.814] [HOST] INFO: SPIKE 9 unit role=H t=18016 hand=1,524536128 pos=-51212.65,1581.00,2686.78 body=0 combat=0
[00:00:52.814] [HOST] INFO: SPIKE 9 unit role=H t=18016 hand=1,1667968768 pos=-51229.48,1584.22,2666.66 body=3 combat=0
[00:00:52.814] [HOST] INFO: SPIKE 9 unit role=H t=18016 hand=1,3808471552 pos=-51185.89,1582.51,2665.43 body=3 combat=0
[00:00:52.814] [HOST] INFO: SPIKE 9 unit role=H t=18016 hand=3,3090698240 pos=-51193.40,1580.45,2676.54 body=0 combat=1
[00:00:52.814] [HOST] INFO: SPIKE 9 unit role=H t=18016 hand=5,1919189504 pos=-51210.15,1581.34,2657.24 body=0 combat=0
[00:00:52.814] [HOST] INFO: SPIKE 9 unit role=H t=18016 hand=1,3823120128 pos=-51192.85,1583.05,2674.56 body=3 combat=0
[00:00:52.814] [HOST] INFO: SPIKE 9 unit role=H t=18016 hand=1,3701660160 pos=-51255.64,1562.57,2761.79 body=0 combat=1
[00:00:52.814] [HOST] INFO: SPIKE 9 unit role=H t=18016 hand=1,3736206080 pos=-51245.74,1547.73,2890.55 body=0 combat=1
[00:00:52.814] [HOST] INFO: SPIKE 9 unit role=H t=18016 hand=1,2878051840 pos=-51254.03,1551.99,2879.60 body=0 combat=1
[00:00:52.814] [HOST] INFO: SPIKE 9 unit role=H t=18016 hand=1,726928704 pos=-51216.82,1553.82,2865.95 body=0 combat=1
[00:00:52.814] [HOST] INFO: SPIKE 9 unit role=H t=18016 hand=1,2366210816 pos=-51230.82,1553.45,2866.18 body=0 combat=1
[00:00:52.814] [HOST] INFO: SPIKE 9 unit role=H t=18016 hand=1,3473144576 pos=-51257.38,1559.50,2835.70 body=0 combat=1
[00:00:52.814] [HOST] INFO: SPIKE 9 unit role=H t=18016 hand=1,3229125888 pos=-51247.09,1559.40,2826.96 body=0 combat=1
[00:00:52.814] [HOST] INFO: SPIKE 9 unit role=H t=18016 hand=1,766113280 pos=-51227.50,1556.66,2846.19 body=0 combat=1
[00:00:52.814] [HOST] INFO: SPIKE 9 unit role=H t=18016 hand=1,1018920896 pos=-51211.12,1556.92,2837.80 body=0 combat=1
[00:00:52.814] [HOST] INFO: SPIKE 9 unit role=H t=18016 hand=1,2590331904 pos=-51260.79,1562.64,2744.49 body=0 combat=1
[00:00:52.814] [HOST] INFO: SPIKE 9 unit role=H t=18016 hand=1,753417984 pos=-51301.04,1559.09,2863.76 body=0 combat=1
[00:00:52.814] [HOST] INFO: SPIKE 9 unit role=H t=18016 hand=4,1276245120 pos=-51240.96,1559.97,2723.86 body=0 combat=1
[00:00:52.814] [HOST] INFO: SPIKE 9 unit role=H t=18016 hand=2,2703369216 pos=-51256.06,1562.39,2751.31 body=0 combat=1
[00:00:52.814] [HOST] INFO: SPIKE 9 units role=H t=18016 n=19
[00:00:53.308] [HOST] INFO: SCENARIO MEMBER hand=1,2637329152,1,1,3079467776 pos=-51241.39,1557.60,2839.35
[00:00:53.809] [HOST] INFO: SCENARIO MEMBER hand=1,2637329152,1,1,3079467776 pos=-51241.39,1557.60,2839.35
[00:00:54.308] [HOST] INFO: SCENARIO MEMBER hand=1,2637329152,1,1,3079467776 pos=-51241.39,1557.60,2839.35
[00:00:54.308] [HOST] INFO: SPIKE 9 drive t=19516 orders=5
[00:00:54.308] [HOST] INFO: SPIKE 9 unit role=H t=19516 hand=1,524536128 pos=-51212.93,1581.03,2686.41 body=0 combat=1
[00:00:54.308] [HOST] INFO: SPIKE 9 unit role=H t=19516 hand=1,1667968768 pos=-51229.48,1584.22,2666.66 body=3 combat=0
[00:00:54.308] [HOST] INFO: SPIKE 9 unit role=H t=19516 hand=1,3808471552 pos=-51185.75,1582.37,2665.16 body=3 combat=0
[00:00:54.308] [HOST] INFO: SPIKE 9 unit role=H t=19516 hand=3,3090698240 pos=-51190.18,1580.41,2675.05 body=0 combat=0
[00:00:54.308] [HOST] INFO: SPIKE 9 unit role=H t=19516 hand=5,1919189504 pos=-51212.59,1581.49,2655.62 body=0 combat=1
[00:00:54.308] [HOST] INFO: SPIKE 9 unit role=H t=19516 hand=1,3823120128 pos=-51192.86,1583.05,2674.55 body=3 combat=0
[00:00:54.308] [HOST] INFO: SPIKE 9 unit role=H t=19516 hand=1,3701660160 pos=-51254.23,1562.41,2760.70 body=0 combat=1
[00:00:54.308] [HOST] INFO: SPIKE 9 unit role=H t=19516 hand=1,3736206080 pos=-51246.20,1548.01,2889.68 body=0 combat=1
[00:00:54.308] [HOST] INFO: SPIKE 9 unit role=H t=19516 hand=1,2878051840 pos=-51253.27,1551.83,2879.86 body=0 combat=1
[00:00:54.308] [HOST] INFO: SPIKE 9 unit role=H t=19516 hand=1,726928704 pos=-51215.80,1553.67,2866.80 body=0 combat=1
[00:00:54.308] [HOST] INFO: SPIKE 9 unit role=H t=19516 hand=1,2366210816 pos=-51229.90,1553.39,2866.38 body=0 combat=1
[00:00:54.308] [HOST] INFO: SPIKE 9 unit role=H t=19516 hand=1,3473144576 pos=-51257.63,1559.53,2835.55 body=0 combat=1
[00:00:54.308] [HOST] INFO: SPIKE 9 unit role=H t=19516 hand=1,3229125888 pos=-51248.64,1559.81,2823.03 body=0 combat=1
[00:00:54.308] [HOST] INFO: SPIKE 9 unit role=H t=19516 hand=1,766113280 pos=-51214.53,1556.87,2840.93 body=0 combat=1
[00:00:54.308] [HOST] INFO: SPIKE 9 unit role=H t=19516 hand=1,1018920896 pos=-51203.93,1556.44,2833.45 body=0 combat=1
[00:00:54.308] [HOST] INFO: SPIKE 9 unit role=H t=19516 hand=1,2590331904 pos=-51258.18,1562.55,2749.74 body=0 combat=1
[00:00:54.308] [HOST] INFO: SPIKE 9 unit role=H t=19516 hand=1,753417984 pos=-51301.04,1559.09,2863.76 body=0 combat=0
[00:00:54.308] [HOST] INFO: SPIKE 9 unit role=H t=19516 hand=4,1276245120 pos=-51238.36,1559.91,2725.70 body=0 combat=1
[00:00:54.308] [HOST] INFO: SPIKE 9 unit role=H t=19516 hand=2,2703369216 pos=-51246.69,1561.72,2757.88 body=0 combat=1
[00:00:54.308] [HOST] INFO: SPIKE 9 units role=H t=19516 n=19
[00:00:54.813] [HOST] INFO: SCENARIO MEMBER hand=1,2637329152,1,1,3079467776 pos=-51241.39,1557.60,2839.35
[00:00:55.310] [HOST] INFO: SCENARIO MEMBER hand=1,2637329152,1,1,3079467776 pos=-51241.39,1557.60,2839.35
[00:00:55.814] [HOST] INFO: SCENARIO MEMBER hand=1,2637329152,1,1,3079467776 pos=-51241.39,1557.60,2839.35
[00:00:55.814] [HOST] INFO: SPIKE 9 drive t=21016 orders=4
[00:00:55.814] [HOST] INFO: SPIKE 9 unit role=H t=21016 hand=1,524536128 pos=-51212.63,1581.01,2686.81 body=0 combat=1
[00:00:55.814] [HOST] INFO: SPIKE 9 unit role=H t=21016 hand=1,1667968768 pos=-51229.48,1584.22,2666.66 body=3 combat=0
[00:00:55.814] [HOST] INFO: SPIKE 9 unit role=H t=21016 hand=1,3808471552 pos=-51185.75,1582.37,2665.16 body=3 combat=0
[00:00:55.814] [HOST] INFO: SPIKE 9 unit role=H t=21016 hand=3,3090698240 pos=-51188.20,1580.36,2673.34 body=0 combat=0
[00:00:55.814] [HOST] INFO: SPIKE 9 unit role=H t=21016 hand=5,1919189504 pos=-51213.66,1581.53,2655.23 body=0 combat=1
[00:00:55.814] [HOST] INFO: SPIKE 9 unit role=H t=21016 hand=1,3823120128 pos=-51192.86,1583.05,2674.55 body=3 combat=0
[00:00:55.814] [HOST] INFO: SPIKE 9 unit role=H t=21016 hand=1,3701660160 pos=-51256.96,1563.07,2771.24 body=0 combat=1
[00:00:55.814] [HOST] INFO: SPIKE 9 unit role=H t=21016 hand=1,3736206080 pos=-51244.50,1547.44,2891.48 body=0 combat=1
[00:00:55.814] [HOST] INFO: SPIKE 9 unit role=H t=21016 hand=1,2878051840 pos=-51252.85,1551.52,2880.71 body=0 combat=1
[00:00:55.814] [HOST] INFO: SPIKE 9 unit role=H t=21016 hand=1,726928704 pos=-51218.27,1553.68,2866.40 body=0 combat=1
[00:00:55.814] [HOST] INFO: SPIKE 9 unit role=H t=21016 hand=1,2366210816 pos=-51230.19,1553.39,2866.37 body=0 combat=1
[00:00:55.814] [HOST] INFO: SPIKE 9 unit role=H t=21016 hand=1,3473144576 pos=-51256.70,1559.48,2835.36 body=0 combat=1
[00:00:55.814] [HOST] INFO: SPIKE 9 unit role=H t=21016 hand=1,3229125888 pos=-51250.88,1559.86,2824.23 body=0 combat=1
[00:00:55.814] [HOST] INFO: SPIKE 9 unit role=H t=21016 hand=1,766113280 pos=-51214.63,1556.87,2840.99 body=0 combat=1
[00:00:55.814] [HOST] INFO: SPIKE 9 unit role=H t=21016 hand=1,1018920896 pos=-51202.39,1556.30,2832.92 body=0 combat=1
[00:00:55.814] [HOST] INFO: SPIKE 9 unit role=H t=21016 hand=1,2590331904 pos=-51264.59,1563.29,2752.75 body=0 combat=1
[00:00:55.814] [HOST] INFO: SPIKE 9 unit role=H t=21016 hand=1,753417984 pos=-51284.98,1563.79,2828.16 body=0 combat=1
[00:00:55.814] [HOST] INFO: SPIKE 9 unit role=H t=21016 hand=4,1276245120 pos=-51249.95,1561.74,2750.05 body=0 combat=1
[00:00:55.814] [HOST] INFO: SPIKE 9 unit role=H t=21016 hand=2,2703369216 pos=-51249.52,1561.95,2758.71 body=0 combat=1
[00:00:55.814] [HOST] INFO: SPIKE 9 units role=H t=21016 n=19
[00:00:56.312] [HOST] INFO: SCENARIO MEMBER hand=1,2637329152,1,1,3079467776 pos=-51241.39,1557.60,2839.35
[00:00:56.810] [HOST] INFO: SCENARIO MEMBER hand=1,2637329152,1,1,3079467776 pos=-51241.39,1557.60,2839.35
[00:00:57.309] [HOST] INFO: SCENARIO MEMBER hand=1,2637329152,1,1,3079467776 pos=-51241.39,1557.60,2839.35
[00:00:57.309] [HOST] INFO: SPIKE 9 drive t=22516 orders=3
[00:00:57.309] [HOST] INFO: SPIKE 9 unit role=H t=22516 hand=1,524536128 pos=-51212.54,1581.00,2686.77 body=0 combat=1
[00:00:57.309] [HOST] INFO: SPIKE 9 unit role=H t=22516 hand=1,1667968768 pos=-51229.48,1584.22,2666.66 body=3 combat=0
[00:00:57.309] [HOST] INFO: SPIKE 9 unit role=H t=22516 hand=1,3808471552 pos=-51185.75,1582.37,2665.16 body=3 combat=0
[00:00:57.309] [HOST] INFO: SPIKE 9 unit role=H t=22516 hand=3,3090698240 pos=-51187.59,1580.32,2671.49 body=0 combat=1
[00:00:57.309] [HOST] INFO: SPIKE 9 unit role=H t=22516 hand=5,1919189504 pos=-51214.64,1581.57,2655.12 body=0 combat=1
[00:00:57.309] [HOST] INFO: SPIKE 9 unit role=H t=22516 hand=1,3823120128 pos=-51192.86,1583.05,2674.55 body=3 combat=0
[00:00:57.309] [HOST] INFO: SPIKE 9 unit role=H t=22516 hand=1,3701660160 pos=-51259.48,1563.05,2785.69 body=0 combat=1
[00:00:57.309] [HOST] INFO: SPIKE 9 unit role=H t=22516 hand=1,3736206080 pos=-51245.84,1547.99,2889.62 body=0 combat=1
[00:00:57.309] [HOST] INFO: SPIKE 9 unit role=H t=22516 hand=1,2878051840 pos=-51254.08,1552.02,2879.49 body=0 combat=1
[00:00:57.309] [HOST] INFO: SPIKE 9 unit role=H t=22516 hand=1,726928704 pos=-51216.05,1553.72,2866.51 body=0 combat=1
[00:00:57.309] [HOST] INFO: SPIKE 9 unit role=H t=22516 hand=1,2366210816 pos=-51230.96,1553.32,2866.77 body=0 combat=1
[00:00:57.309] [HOST] INFO: SPIKE 9 unit role=H t=22516 hand=1,3473144576 pos=-51256.90,1559.50,2835.14 body=0 combat=1
[00:00:57.309] [HOST] INFO: SPIKE 9 unit role=H t=22516 hand=1,3229125888 pos=-51254.07,1560.18,2822.93 body=0 combat=1
[00:00:57.309] [HOST] INFO: SPIKE 9 unit role=H t=22516 hand=1,766113280 pos=-51213.74,1556.87,2840.62 body=0 combat=1
[00:00:57.309] [HOST] INFO: SPIKE 9 unit role=H t=22516 hand=1,1018920896 pos=-51201.40,1556.23,2832.26 body=0 combat=1
[00:00:57.309] [HOST] INFO: SPIKE 9 unit role=H t=22516 hand=1,2590331904 pos=-51263.54,1563.54,2771.94 body=0 combat=1
[00:00:57.309] [HOST] INFO: SPIKE 9 unit role=H t=22516 hand=1,753417984 pos=-51272.60,1563.53,2798.98 body=0 combat=1
[00:00:57.309] [HOST] INFO: SPIKE 9 unit role=H t=22516 hand=4,1276245120 pos=-51253.60,1562.21,2753.04 body=0 combat=1
[00:00:57.309] [HOST] INFO: SPIKE 9 unit role=H t=22516 hand=2,2703369216 pos=-51252.21,1562.33,2762.79 body=0 combat=1
[00:00:57.309] [HOST] INFO: SPIKE 9 units role=H t=22516 n=19
[00:00:57.810] [HOST] INFO: SCENARIO MEMBER hand=1,2637329152,1,1,3079467776 pos=-51241.39,1557.60,2839.35
[00:00:58.133] [HOST] INFO: [event] SEND id=4 ev=1 hand=1,24,2540161024,1,3701660160 actor=2,2703369216 bs 0->9
[00:00:58.308] [HOST] INFO: SCENARIO MEMBER hand=1,2637329152,1,1,3079467776 pos=-51241.39,1557.60,2839.35
[00:00:58.806] [HOST] INFO: SCENARIO MEMBER hand=1,2637329152,1,1,3079467776 pos=-51241.39,1557.60,2839.35
[00:00:58.806] [HOST] INFO: SPIKE 9 drive t=24016 orders=7
[00:00:58.806] [HOST] INFO: SPIKE 9 unit role=H t=24016 hand=1,524536128 pos=-51211.79,1581.01,2686.26 body=0 combat=0
[00:00:58.806] [HOST] INFO: SPIKE 9 unit role=H t=24016 hand=1,1667968768 pos=-51229.48,1584.22,2666.66 body=3 combat=0
[00:00:58.806] [HOST] INFO: SPIKE 9 unit role=H t=24016 hand=1,3808471552 pos=-51185.75,1582.37,2665.16 body=3 combat=0
[00:00:58.806] [HOST] INFO: SPIKE 9 unit role=H t=24016 hand=3,3090698240 pos=-51186.25,1580.34,2671.64 body=0 combat=0
[00:00:58.806] [HOST] INFO: SPIKE 9 unit role=H t=24016 hand=5,1919189504 pos=-51214.85,1581.59,2654.12 body=0 combat=1
[00:00:58.806] [HOST] INFO: SPIKE 9 unit role=H t=24016 hand=1,3823120128 pos=-51192.86,1583.05,2674.55 body=3 combat=0
[00:00:58.806] [HOST] INFO: SPIKE 9 unit role=H t=24016 hand=1,3701660160 pos=-51256.79,1564.14,2783.04 body=3 combat=0
[00:00:58.806] [HOST] INFO: SPIKE 9 unit role=H t=24016 hand=1,3736206080 pos=-51244.73,1547.81,2890.21 body=0 combat=1
[00:00:58.806] [HOST] INFO: SPIKE 9 unit role=H t=24016 hand=1,2878051840 pos=-51253.06,1551.50,2880.91 body=0 combat=1
[00:00:58.806] [HOST] INFO: SPIKE 9 unit role=H t=24016 hand=1,726928704 pos=-51231.56,1553.48,2866.09 body=0 combat=1
[00:00:58.806] [HOST] INFO: SPIKE 9 unit role=H t=24016 hand=1,2366210816 pos=-51238.82,1552.76,2869.72 body=0 combat=1
[00:00:58.806] [HOST] INFO: SPIKE 9 unit role=H t=24016 hand=1,3473144576 pos=-51256.65,1559.52,2834.64 body=0 combat=1
[00:00:58.806] [HOST] INFO: SPIKE 9 unit role=H t=24016 hand=1,3229125888 pos=-51253.62,1560.36,2820.40 body=0 combat=1
[00:00:58.806] [HOST] INFO: SPIKE 9 unit role=H t=24016 hand=1,766113280 pos=-51213.74,1556.87,2840.62 body=0 combat=1
[00:00:58.806] [HOST] INFO: SPIKE 9 unit role=H t=24016 hand=1,1018920896 pos=-51203.70,1556.42,2833.33 body=0 combat=1
[00:00:58.806] [HOST] INFO: SPIKE 9 unit role=H t=24016 hand=1,2590331904 pos=-51262.47,1563.34,2779.87 body=0 combat=0
[00:00:58.806] [HOST] INFO: SPIKE 9 unit role=H t=24016 hand=1,753417984 pos=-51275.79,1564.02,2791.10 body=0 combat=1
[00:00:58.806] [HOST] INFO: SPIKE 9 unit role=H t=24016 hand=4,1276245120 pos=-51266.74,1563.74,2772.88 body=0 combat=1
[00:00:58.806] [HOST] INFO: SPIKE 9 unit role=H t=24016 hand=2,2703369216 pos=-51247.83,1562.43,2770.60 body=0 combat=1
[00:00:58.806] [HOST] INFO: SPIKE 9 units role=H t=24016 n=19
[00:00:59.308] [HOST] INFO: SCENARIO MEMBER hand=1,2637329152,1,1,3079467776 pos=-51241.39,1557.60,2839.35
[00:00:59.809] [HOST] INFO: SCENARIO MEMBER hand=1,2637329152,1,1,3079467776 pos=-51241.39,1557.60,2839.35
[00:01:00.310] [HOST] INFO: SCENARIO MEMBER hand=1,2637329152,1,1,3079467776 pos=-51241.39,1557.60,2839.35
[00:01:00.310] [HOST] INFO: SPIKE 9 drive t=25516 orders=5
[00:01:00.310] [HOST] INFO: SPIKE 9 unit role=H t=25516 hand=1,524536128 pos=-51212.58,1581.01,2686.87 body=0 combat=0
[00:01:00.310] [HOST] INFO: SPIKE 9 unit role=H t=25516 hand=1,1667968768 pos=-51229.48,1584.22,2666.66 body=3 combat=0
[00:01:00.310] [HOST] INFO: SPIKE 9 unit role=H t=25516 hand=1,3808471552 pos=-51185.75,1582.37,2665.16 body=3 combat=0
[00:01:00.310] [HOST] INFO: SPIKE 9 unit role=H t=25516 hand=3,3090698240 pos=-51185.13,1580.27,2669.35 body=0 combat=1
[00:01:00.310] [HOST] INFO: SPIKE 9 unit role=H t=25516 hand=5,1919189504 pos=-51215.46,1581.60,2654.83 body=0 combat=1
[00:01:00.310] [HOST] INFO: SPIKE 9 unit role=H t=25516 hand=1,3823120128 pos=-51192.86,1583.05,2674.55 body=3 combat=0
[00:01:00.310] [HOST] INFO: SPIKE 9 unit role=H t=25516 hand=1,3701660160 pos=-51259.04,1563.71,2784.09 body=3 combat=0
[00:01:00.310] [HOST] INFO: SPIKE 9 unit role=H t=25516 hand=1,3736206080 pos=-51244.14,1547.52,2891.21 body=0 combat=1
[00:01:00.310] [HOST] INFO: SPIKE 9 unit role=H t=25516 hand=1,2878051840 pos=-51257.05,1549.85,2888.42 body=0 combat=1
[00:01:00.310] [HOST] INFO: SPIKE 9 unit role=H t=25516 hand=1,726928704 pos=-51239.08,1553.06,2868.25 body=0 combat=1
[00:01:00.310] [HOST] INFO: SPIKE 9 unit role=H t=25516 hand=1,2366210816 pos=-51251.82,1553.71,2869.34 body=0 combat=1
[00:01:00.310] [HOST] INFO: SPIKE 9 unit role=H t=25516 hand=1,3473144576 pos=-51256.42,1559.44,2835.58 body=0 combat=1
[00:01:00.310] [HOST] INFO: SPIKE 9 unit role=H t=25516 hand=1,3229125888 pos=-51254.24,1560.22,2822.55 body=0 combat=1
[00:01:00.310] [HOST] INFO: SPIKE 9 unit role=H t=25516 hand=1,766113280 pos=-51212.88,1556.87,2840.22 body=0 combat=1
[00:01:00.310] [HOST] INFO: SPIKE 9 unit role=H t=25516 hand=1,1018920896 pos=-51200.80,1556.14,2833.13 body=0 combat=1
[00:01:00.310] [HOST] INFO: SPIKE 9 unit role=H t=25516 hand=1,2590331904 pos=-51243.32,1561.36,2796.77 body=0 combat=1
[00:01:00.310] [HOST] INFO: SPIKE 9 unit role=H t=25516 hand=1,753417984 pos=-51281.99,1564.05,2802.77 body=0 combat=1
[00:01:00.310] [HOST] INFO: SPIKE 9 unit role=H t=25516 hand=4,1276245120 pos=-51266.41,1563.66,2767.38 body=0 combat=1
[00:01:00.310] [HOST] INFO: SPIKE 9 unit role=H t=25516 hand=2,2703369216 pos=-51269.24,1563.64,2789.09 body=0 combat=1
[00:01:00.310] [HOST] INFO: SPIKE 9 units role=H t=25516 n=19
[00:01:00.810] [HOST] INFO: SCENARIO MEMBER hand=1,2637329152,1,1,3079467776 pos=-51241.39,1557.60,2839.35
[00:01:00.897] [HOST] INFO: [taskkey] key=52 desc='Waking up' repro=0 subject=0
[00:01:01.311] [HOST] INFO: SCENARIO MEMBER hand=1,2637329152,1,1,3079467776 pos=-51241.39,1557.60,2839.35
[00:01:01.811] [HOST] INFO: SCENARIO MEMBER hand=1,2637329152,1,1,3079467776 pos=-51241.39,1557.60,2839.35
[00:01:01.811] [HOST] INFO: SPIKE 9 drive t=27016 orders=3
[00:01:01.811] [HOST] INFO: SPIKE 9 unit role=H t=27016 hand=1,524536128 pos=-51212.07,1580.99,2686.51 body=0 combat=1
[00:01:01.811] [HOST] INFO: SPIKE 9 unit role=H t=27016 hand=1,1667968768 pos=-51229.48,1584.22,2666.66 body=3 combat=0
[00:01:01.811] [HOST] INFO: SPIKE 9 unit role=H t=27016 hand=1,3808471552 pos=-51185.75,1582.37,2665.16 body=3 combat=0
[00:01:01.811] [HOST] INFO: SPIKE 9 unit role=H t=27016 hand=3,3090698240 pos=-51186.33,1580.31,2671.71 body=0 combat=1
[00:01:01.811] [HOST] INFO: SPIKE 9 unit role=H t=27016 hand=5,1919189504 pos=-51215.46,1581.60,2654.83 body=0 combat=1
[00:01:01.811] [HOST] INFO: SPIKE 9 unit role=H t=27016 hand=1,3823120128 pos=-51192.86,1583.05,2674.55 body=3 combat=0
[00:01:01.811] [HOST] INFO: SPIKE 9 unit role=H t=27016 hand=1,3701660160 pos=-51258.84,1563.02,2784.67 body=9 combat=1
[00:01:01.811] [HOST] INFO: SPIKE 9 unit role=H t=27016 hand=1,3736206080 pos=-51223.55,1547.70,2891.34 body=0 combat=1
[00:01:01.811] [HOST] INFO: SPIKE 9 unit role=H t=27016 hand=1,2878051840 pos=-51234.72,1546.94,2893.06 body=0 combat=1
[00:01:01.811] [HOST] INFO: SPIKE 9 unit role=H t=27016 hand=1,726928704 pos=-51236.01,1553.16,2867.75 body=0 combat=1
[00:01:01.811] [HOST] INFO: SPIKE 9 unit role=H t=27016 hand=1,2366210816 pos=-51249.53,1553.36,2869.38 body=0 combat=1
[00:01:01.811] [HOST] INFO: SPIKE 9 unit role=H t=27016 hand=1,3473144576 pos=-51256.31,1559.48,2834.92 body=0 combat=1
[00:01:01.811] [HOST] INFO: SPIKE 9 unit role=H t=27016 hand=1,3229125888 pos=-51254.09,1560.33,2821.15 body=0 combat=1
[00:01:01.811] [HOST] INFO: SPIKE 9 unit role=H t=27016 hand=1,766113280 pos=-51212.97,1556.87,2840.27 body=0 combat=1
[00:01:01.811] [HOST] INFO: SPIKE 9 unit role=H t=27016 hand=1,1018920896 pos=-51200.66,1556.12,2833.12 body=0 combat=1
[00:01:01.811] [HOST] INFO: SPIKE 9 unit role=H t=27016 hand=1,2590331904 pos=-51223.18,1558.68,2814.74 body=0 combat=1
[00:01:01.811] [HOST] INFO: SPIKE 9 unit role=H t=27016 hand=1,753417984 pos=-51286.39,1564.38,2811.88 body=0 combat=1
[00:01:01.811] [HOST] INFO: SPIKE 9 unit role=H t=27016 hand=4,1276245120 pos=-51279.25,1564.33,2787.78 body=0 combat=1
[00:01:01.811] [HOST] INFO: SPIKE 9 unit role=H t=27016 hand=2,2703369216 pos=-51267.37,1563.57,2785.73 body=0 combat=1
[00:01:01.811] [HOST] INFO: SPIKE 9 units role=H t=27016 n=19
[00:01:02.313] [HOST] INFO: SCENARIO MEMBER hand=1,2637329152,1,1,3079467776 pos=-51241.39,1557.60,2839.35
[00:01:02.810] [HOST] INFO: SCENARIO MEMBER hand=1,2637329152,1,1,3079467776 pos=-51241.39,1557.60,2839.35
[00:01:03.310] [HOST] INFO: SCENARIO MEMBER hand=1,2637329152,1,1,3079467776 pos=-51241.39,1557.60,2839.35
[00:01:03.310] [HOST] INFO: SPIKE 9 drive t=28516 orders=3
[00:01:03.310] [HOST] INFO: SPIKE 9 unit role=H t=28516 hand=1,524536128 pos=-51211.77,1581.00,2686.29 body=0 combat=1
[00:01:03.310] [HOST] INFO: SPIKE 9 unit role=H t=28516 hand=1,1667968768 pos=-51229.48,1584.22,2666.66 body=3 combat=0
[00:01:03.310] [HOST] INFO: SPIKE 9 unit role=H t=28516 hand=1,3808471552 pos=-51185.75,1582.37,2665.16 body=3 combat=0
[00:01:03.310] [HOST] INFO: SPIKE 9 unit role=H t=28516 hand=3,3090698240 pos=-51186.55,1580.30,2671.91 body=0 combat=1
[00:01:03.310] [HOST] INFO: SPIKE 9 unit role=H t=28516 hand=5,1919189504 pos=-51215.46,1581.60,2654.83 body=0 combat=1
[00:01:03.310] [HOST] INFO: SPIKE 9 unit role=H t=28516 hand=1,3823120128 pos=-51192.86,1583.05,2674.55 body=3 combat=0
[00:01:03.310] [HOST] INFO: SPIKE 9 unit role=H t=28516 hand=1,3701660160 pos=-51256.41,1562.62,2791.83 body=9 combat=1
[00:01:03.310] [HOST] INFO: SPIKE 9 unit role=H t=28516 hand=1,3736206080 pos=-51225.80,1547.49,2891.56 body=0 combat=1
[00:01:03.310] [HOST] INFO: SPIKE 9 unit role=H t=28516 hand=1,2878051840 pos=-51237.50,1546.60,2894.35 body=0 combat=1
[00:01:03.310] [HOST] INFO: SPIKE 9 unit role=H t=28516 hand=1,726928704 pos=-51236.99,1553.17,2867.66 body=0 combat=1
[00:01:03.310] [HOST] INFO: SPIKE 9 unit role=H t=28516 hand=1,2366210816 pos=-51251.75,1553.67,2869.46 body=0 combat=1
[00:01:03.310] [HOST] INFO: SPIKE 9 unit role=H t=28516 hand=1,3473144576 pos=-51257.18,1559.26,2838.31 body=0 combat=1
[00:01:03.310] [HOST] INFO: SPIKE 9 unit role=H t=28516 hand=1,3229125888 pos=-51254.09,1560.33,2821.15 body=0 combat=1
[00:01:03.310] [HOST] INFO: SPIKE 9 unit role=H t=28516 hand=1,766113280 pos=-51211.71,1556.86,2840.01 body=0 combat=1
[00:01:03.310] [HOST] INFO: SPIKE 9 unit role=H t=28516 hand=1,1018920896 pos=-51198.63,1555.46,2846.94 body=0 combat=1
[00:01:03.310] [HOST] INFO: SPIKE 9 unit role=H t=28516 hand=1,2590331904 pos=-51204.85,1556.54,2833.13 body=0 combat=1
[00:01:03.310] [HOST] INFO: SPIKE 9 unit role=H t=28516 hand=1,753417984 pos=-51286.52,1564.40,2810.23 body=0 combat=1
[00:01:03.310] [HOST] INFO: SPIKE 9 unit role=H t=28516 hand=4,1276245120 pos=-51284.28,1564.83,2779.89 body=0 combat=1
[00:01:03.310] [HOST] INFO: SPIKE 9 unit role=H t=28516 hand=2,2703369216 pos=-51282.68,1564.15,2802.14 body=0 combat=1
[00:01:03.310] [HOST] INFO: SPIKE 9 units role=H t=28516 n=19
[00:01:03.808] [HOST] INFO: SCENARIO MEMBER hand=1,2637329152,1,1,3079467776 pos=-51241.39,1557.60,2839.35
[00:01:04.311] [HOST] INFO: SCENARIO MEMBER hand=1,2637329152,1,1,3079467776 pos=-51241.39,1557.60,2839.35
[00:01:04.799] [HOST] INFO: SCENARIO RESULT PASS
[00:01:07.691] [HOST] INFO: [event] SEND id=5 ev=1 hand=1,16,2766845696,1,753417984 actor=2,2703369216 bs 0->1
