[00:00:27.304] [JOIN] INFO: log opened
[00:00:27.304] [JOIN] INFO: KenshiCoop loaded! (clean rebuild)
[00:00:27.304] [JOIN] INFO: KenshiCoop: build Jun 19 2026 23:58:02
[00:00:27.304] [JOIN] INFO: KenshiCoop: role=JOIN proto=v11 port=27800 save='battle10'
[00:00:27.353] [JOIN] INFO: KenshiCoop: ownership ranks = {1} (bidirectional presence)
[00:00:27.404] [JOIN] INFO: KenshiCoop: auto-load armed for save 'battle10'
[00:00:27.404] [JOIN] INFO: KenshiCoop: test mode - self-exit 45 s after gameplay starts
[00:00:27.404] [JOIN] INFO: KenshiCoop: scenario armed 'spike'
[00:00:27.404] [JOIN] INFO: KenshiCoop: starting as CLIENT
[00:00:27.412] [JOIN] INFO: [net] connecting
[00:00:27.412] [JOIN] INFO: [net] connected to host; sent HELLO
[00:00:27.413] [JOIN] INFO: [net] peer connected id=1 (proto v11) - received WELCOME
[00:00:33.672] [JOIN] INFO: KenshiCoop: auto-load issued for save 'battle10' (after 5000 ms settle)
[00:00:36.630] [JOIN] INFO: handshake: peer present id=0 (local id=1)
[00:00:43.034] [JOIN] INFO: [event] RECV id=1 ev=1 owner=0 hand=1,5,3003784192,1,1667968768 actor=5,1919189504
[00:00:45.197] [JOIN] INFO: KenshiCoop: gameplay started
[00:00:45.197] [JOIN] INFO: SCENARIO spike start
[00:00:45.197] [JOIN] INFO: SPIKE 9 start id=9 host=0 arg=-
[00:00:45.198] [JOIN] INFO: [combat] order hand=1,3823120128 tgt=4,1276245120 localFight=0 r=2
[00:00:45.198] [JOIN] INFO: [combat] order hand=1,2590331904 tgt=1,3701660160 localFight=0 r=2
[00:00:45.198] [JOIN] INFO: [combat] order hand=2,2703369216 tgt=1,3823120128 localFight=0 r=2
[00:00:45.198] [JOIN] INFO: [combat] order hand=3,3090698240 tgt=1,3823120128 localFight=0 r=2
[00:00:45.198] [JOIN] INFO: [combat] order hand=4,1276245120 tgt=1,3823120128 localFight=0 r=2
[00:00:45.198] [JOIN] INFO: [combat] order hand=5,1919189504 tgt=1,3808471552 localFight=0 r=2
[00:00:45.198] [JOIN] INFO: [combat] order hand=1,3808471552 tgt=5,1919189504 localFight=0 r=2
[00:00:45.198] [JOIN] INFO: [combat] order hand=1,2878051840 tgt=1,3736206080 localFight=0 r=2
[00:00:45.198] [JOIN] INFO: [combat] order hand=1,726928704 tgt=1,2366210816 localFight=0 r=2
[00:00:45.198] [JOIN] INFO: [combat] order hand=1,2366210816 tgt=1,726928704 localFight=0 r=2
[00:00:45.198] [JOIN] INFO: [combat] order hand=1,3701660160 tgt=1,2590331904 localFight=0 r=2
[00:00:45.198] [JOIN] INFO: [combat] order hand=1,766113280 tgt=1,1018920896 localFight=0 r=2
[00:00:45.198] [JOIN] INFO: [combat] order hand=1,469482432 tgt=1,3996215808 localFight=0 r=2
[00:00:45.198] [JOIN] INFO: [combat] order hand=1,3473144576 tgt=1,3229125888 localFight=0 r=2
[00:00:45.198] [JOIN] INFO: [combat] order hand=1,3736206080 tgt=1,2878051840 localFight=0 r=2
[00:00:45.198] [JOIN] INFO: [combat] order hand=1,3229125888 tgt=1,3473144576 localFight=0 r=2
[00:00:45.198] [JOIN] INFO: [combat] order hand=1,1018920896 tgt=1,766113280 localFight=0 r=2
[00:00:45.198] [JOIN] INFO: [authority] suppress NPC hand=1,44189452 (streamed=21 local=14 supp=1)
[00:00:45.198] [JOIN] INFO: [authority] suppress NPC hand=1,3996215808 (streamed=21 local=14 supp=2)
[00:00:45.198] [JOIN] INFO: [authority] suppress NPC hand=1,3788329984 (streamed=21 local=14 supp=3)
[00:00:45.198] [JOIN] INFO: SCENARIO RECV hand=1,2637329152,1,1,3079467776 pos=-51235.20,1548.00,2849.72
[00:00:45.208] [JOIN] INFO: SCENARIO RECV hand=1,2637329152,1,1,3079467776 pos=-51241.39,1557.60,2839.35
[00:00:45.215] [JOIN] INFO: SCENARIO RECV hand=1,2637329152,1,1,3079467776 pos=-51241.39,1557.60,2839.35
[00:00:45.239] [JOIN] INFO: [taskkey] key=61 desc='Attacking target unprovoked' repro=0 subject=1
[00:00:45.248] [JOIN] INFO: [taskkey] key=6 desc='Equipping weapon' repro=0 subject=1
[00:00:45.248] [JOIN] INFO: [authority] suppress NPC hand=1,3427123968 (streamed=21 local=17 supp=4)
[00:00:45.248] [JOIN] INFO: [authority] suppress NPC hand=1,659667968 (streamed=21 local=17 supp=5)
[00:00:45.257] [JOIN] INFO: [gate] hand=1,524536128 host=65535 local=36  agree=7/8 (87%)
[00:00:45.294] [JOIN] INFO: [taskkey] key=1 desc='Moving' repro=0 subject=1
[00:00:45.309] [JOIN] INFO: [combat] order hand=1,524536128 tgt=1,1667968768 localFight=0 r=2
[00:00:45.465] [JOIN] INFO: [combat] order hand=1,524536128 tgt=1,1667968768 localFight=0 r=2
[00:00:45.614] [JOIN] INFO: [combat] order hand=1,524536128 tgt=1,1667968768 localFight=0 r=2
[00:00:45.652] [JOIN] INFO: [authority] suppress NPC hand=1,1723144576 (streamed=21 local=19 supp=6)
[00:00:45.717] [JOIN] INFO: SCENARIO RECV hand=1,2637329152,1,1,3079467776 pos=-51241.39,1557.60,2839.35
[00:00:45.764] [JOIN] INFO: [combat] order hand=1,524536128 tgt=1,1667968768 localFight=0 r=2
[00:00:45.836] [JOIN] INFO: [authority] suppress NPC hand=1,469482432 (streamed=20 local=20 supp=7)
[00:00:46.218] [JOIN] INFO: SCENARIO RECV hand=1,2637329152,1,1,3079467776 pos=-51241.39,1557.60,2839.35
[00:00:46.418] [JOIN] INFO: [combat] order hand=1,524536128 tgt=1,1667968768 localFight=0 r=2
[00:00:46.572] [JOIN] INFO: [combat] order hand=1,524536128 tgt=1,1667968768 localFight=0 r=2
[00:00:46.705] [JOIN] INFO: [combat] order hand=1,2590331904 tgt=1,3701660160 localFight=0 r=2
[00:00:46.705] [JOIN] INFO: [combat] order hand=3,3090698240 tgt=1,3823120128 localFight=0 r=2
[00:00:46.714] [JOIN] INFO: SCENARIO RECV hand=1,2637329152,1,1,3079467776 pos=-51241.39,1557.60,2839.35
[00:00:46.714] [JOIN] INFO: SPIKE 9 unit role=J t=1516 hand=1,659667968 pos=-51227.53,1581.85,2666.50 body=0 combat=1
[00:00:46.714] [JOIN] INFO: SPIKE 9 unit role=J t=1516 hand=1,3808471552 pos=-51207.93,1581.31,2660.49 body=0 combat=1
[00:00:46.714] [JOIN] INFO: SPIKE 9 unit role=J t=1516 hand=1,1723144576 pos=-51236.05,1582.34,2642.96 body=0 combat=0
[00:00:46.714] [JOIN] INFO: SPIKE 9 unit role=J t=1516 hand=1,44189452 pos=-51153.88,1579.11,2670.33 body=0 combat=0
[00:00:46.714] [JOIN] INFO: SPIKE 9 unit role=J t=1516 hand=1,3427123968 pos=-51234.03,1581.99,2673.22 body=0 combat=1
[00:00:46.714] [JOIN] INFO: SPIKE 9 unit role=J t=1516 hand=5,1919189504 pos=-51227.54,1582.23,2649.04 body=0 combat=1
[00:00:46.714] [JOIN] INFO: SPIKE 9 unit role=J t=1516 hand=1,524536128 pos=-51216.86,1580.76,2675.05 body=0 combat=0
[00:00:46.714] [JOIN] INFO: SPIKE 9 unit role=J t=1516 hand=1,3823120128 pos=-51216.05,1580.74,2675.96 body=0 combat=1
[00:00:46.714] [JOIN] INFO: SPIKE 9 unit role=J t=1516 hand=1,3701660160 pos=-51243.05,1561.33,2756.91 body=0 combat=1
[00:00:46.714] [JOIN] INFO: SPIKE 9 unit role=J t=1516 hand=1,3736206080 pos=-51240.45,1549.32,2884.62 body=0 combat=1
[00:00:46.714] [JOIN] INFO: SPIKE 9 unit role=J t=1516 hand=1,2878051840 pos=-51252.21,1551.95,2878.45 body=0 combat=1
[00:00:46.714] [JOIN] INFO: SPIKE 9 unit role=J t=1516 hand=1,726928704 pos=-51239.69,1554.89,2858.09 body=0 combat=1
[00:00:46.714] [JOIN] INFO: SPIKE 9 unit role=J t=1516 hand=1,2366210816 pos=-51253.77,1556.22,2857.46 body=0 combat=1
[00:00:46.714] [JOIN] INFO: SPIKE 9 unit role=J t=1516 hand=1,3473144576 pos=-51240.10,1559.44,2820.74 body=0 combat=1
[00:00:46.714] [JOIN] INFO: SPIKE 9 unit role=J t=1516 hand=1,3229125888 pos=-51234.68,1559.65,2813.72 body=0 combat=1
[00:00:46.714] [JOIN] INFO: SPIKE 9 unit role=J t=1516 hand=1,766113280 pos=-51229.98,1557.04,2843.84 body=0 combat=1
[00:00:46.714] [JOIN] INFO: SPIKE 9 unit role=J t=1516 hand=1,1018920896 pos=-51214.36,1557.11,2833.78 body=0 combat=1
[00:00:46.714] [JOIN] INFO: SPIKE 9 unit role=J t=1516 hand=1,3788329984 pos=-51154.34,1644.78,2690.04 body=0 combat=0
[00:00:46.714] [JOIN] INFO: SPIKE 9 unit role=J t=1516 hand=1,3996215808 pos=-51286.84,1564.02,2734.87 body=0 combat=0
[00:00:46.714] [JOIN] INFO: SPIKE 9 unit role=J t=1516 hand=1,469482432 pos=-51043.18,1540.35,2815.44 body=0 combat=1
[00:00:46.714] [JOIN] INFO: SPIKE 9 units role=J t=1516 n=20
[00:00:46.723] [JOIN] INFO: [combat] order hand=1,524536128 tgt=1,1667968768 localFight=0 r=2
[00:00:46.877] [JOIN] INFO: [combat] order hand=1,524536128 tgt=1,1667968768 localFight=0 r=2
[00:00:46.961] [JOIN] INFO: [combat] order hand=1,3808471552 tgt=5,1919189504 localFight=0 r=2
[00:00:47.078] [JOIN] INFO: [combat] order hand=5,1919189504 tgt=1,3808471552 localFight=0 r=2
[00:00:47.127] [JOIN] INFO: [combat] order hand=1,524536128 tgt=1,1667968768 localFight=0 r=2
[00:00:47.218] [JOIN] INFO: SCENARIO RECV hand=1,2637329152,1,1,3079467776 pos=-51241.39,1557.60,2839.35
[00:00:47.260] [JOIN] INFO: [gate] hand=1,524536128 host=65535 local=1  agree=51/124 (41%)
[00:00:47.276] [JOIN] INFO: [combat] order hand=1,524536128 tgt=1,1667968768 localFight=0 r=2
[00:00:47.432] [JOIN] INFO: [combat] order hand=1,524536128 tgt=1,1667968768 localFight=0 r=2
[00:00:47.712] [JOIN] INFO: SCENARIO RECV hand=1,2637329152,1,1,3079467776 pos=-51241.39,1557.60,2839.35
[00:00:47.985] [JOIN] INFO: [combat] order hand=1,524536128 tgt=1,1667968768 localFight=0 r=2
[00:00:48.084] [JOIN] INFO: [combat] order hand=1,524536128 tgt=1,1667968768 localFight=0 r=2
[00:00:48.212] [JOIN] INFO: [combat] order hand=1,2590331904 tgt=1,3701660160 localFight=0 r=2
[00:00:48.212] [JOIN] INFO: [combat] order hand=3,3090698240 tgt=1,3823120128 localFight=0 r=2
[00:00:48.212] [JOIN] INFO: SCENARIO RECV hand=1,2637329152,1,1,3079467776 pos=-51241.39,1557.60,2839.35
[00:00:48.212] [JOIN] INFO: SPIKE 9 unit role=J t=3016 hand=1,659667968 pos=-51227.53,1581.85,2666.50 body=0 combat=1
[00:00:48.212] [JOIN] INFO: SPIKE 9 unit role=J t=3016 hand=1,3808471552 pos=-51207.69,1583.67,2662.57 body=3 combat=0
[00:00:48.212] [JOIN] INFO: SPIKE 9 unit role=J t=3016 hand=1,1723144576 pos=-51236.05,1582.34,2642.96 body=0 combat=0
[00:00:48.212] [JOIN] INFO: SPIKE 9 unit role=J t=3016 hand=1,44189452 pos=-51153.88,1579.11,2670.33 body=0 combat=0
[00:00:48.212] [JOIN] INFO: SPIKE 9 unit role=J t=3016 hand=1,3427123968 pos=-51234.03,1581.99,2673.22 body=0 combat=1
[00:00:48.212] [JOIN] INFO: SPIKE 9 unit role=J t=3016 hand=5,1919189504 pos=-51212.95,1581.48,2656.58 body=0 combat=1
[00:00:48.212] [JOIN] INFO: SPIKE 9 unit role=J t=3016 hand=1,3823120128 pos=-51205.13,1580.75,2686.63 body=0 combat=1
[00:00:48.212] [JOIN] INFO: SPIKE 9 unit role=J t=3016 hand=1,3701660160 pos=-51252.02,1561.91,2748.91 body=0 combat=1
[00:00:48.212] [JOIN] INFO: SPIKE 9 unit role=J t=3016 hand=1,3736206080 pos=-51242.53,1549.45,2884.27 body=0 combat=1
[00:00:48.212] [JOIN] INFO: SPIKE 9 unit role=J t=3016 hand=1,2878051840 pos=-51254.38,1551.83,2880.46 body=0 combat=1
[00:00:48.212] [JOIN] INFO: SPIKE 9 unit role=J t=3016 hand=1,726928704 pos=-51237.66,1554.91,2857.94 body=0 combat=1
[00:00:48.212] [JOIN] INFO: SPIKE 9 unit role=J t=3016 hand=1,2366210816 pos=-51250.15,1555.49,2858.56 body=0 combat=1
[00:00:48.212] [JOIN] INFO: SPIKE 9 unit role=J t=3016 hand=1,3473144576 pos=-51241.52,1559.24,2824.78 body=0 combat=1
[00:00:48.212] [JOIN] INFO: SPIKE 9 unit role=J t=3016 hand=1,3229125888 pos=-51236.25,1559.55,2816.29 body=0 combat=1
[00:00:48.212] [JOIN] INFO: SPIKE 9 unit role=J t=3016 hand=1,766113280 pos=-51228.45,1557.11,2842.69 body=0 combat=1
[00:00:48.212] [JOIN] INFO: SPIKE 9 unit role=J t=3016 hand=1,1018920896 pos=-51215.31,1557.10,2834.32 body=0 combat=1
[00:00:48.212] [JOIN] INFO: SPIKE 9 unit role=J t=3016 hand=1,3788329984 pos=-51154.34,1644.78,2690.04 body=0 combat=0
[00:00:48.212] [JOIN] INFO: SPIKE 9 unit role=J t=3016 hand=1,3996215808 pos=-51286.84,1564.02,2734.87 body=0 combat=0
[00:00:48.212] [JOIN] INFO: SPIKE 9 unit role=J t=3016 hand=1,524536128 pos=-51199.77,1580.85,2682.72 body=0 combat=0
[00:00:48.212] [JOIN] INFO: SPIKE 9 unit role=J t=3016 hand=1,469482432 pos=-51043.18,1540.35,2815.44 body=0 combat=1
[00:00:48.212] [JOIN] INFO: SPIKE 9 units role=J t=3016 n=20
[00:00:48.221] [JOIN] INFO: [taskkey] key=7 desc='Sheathing weapon' repro=0 subject=0
[00:00:48.236] [JOIN] INFO: [combat] order hand=1,524536128 tgt=1,1667968768 localFight=0 r=2
[00:00:48.388] [JOIN] INFO: [combat] order hand=1,524536128 tgt=1,1667968768 localFight=1 r=2
[00:00:48.460] [JOIN] INFO: [combat] order hand=1,3808471552 tgt=5,1919189504 localFight=0 r=2
[00:00:48.679] [JOIN] INFO: [combat] order hand=5,1919189504 tgt=1,3808471552 localFight=0 r=2
[00:00:48.717] [JOIN] INFO: SCENARIO RECV hand=1,2637329152,1,1,3079467776 pos=-51241.39,1557.60,2839.35
[00:00:48.742] [JOIN] INFO: [combat] order hand=1,524536128 tgt=1,1667968768 localFight=0 r=2
[00:00:48.896] [JOIN] INFO: [combat] order hand=1,524536128 tgt=1,1667968768 localFight=0 r=2
[00:00:48.993] [JOIN] INFO: [combat] order hand=1,524536128 tgt=1,1667968768 localFight=0 r=2
[00:00:49.145] [JOIN] INFO: [combat] order hand=1,524536128 tgt=1,1667968768 localFight=1 r=2
[00:00:49.201] [JOIN] INFO: [event] RECV id=2 ev=1 owner=0 hand=1,3,1144164992,1,3823120128 actor=4,1276245120
[00:00:49.218] [JOIN] INFO: SCENARIO RECV hand=1,2637329152,1,1,3079467776 pos=-51241.39,1557.60,2839.35
[00:00:49.265] [JOIN] INFO: [gate] hand=1,524536128 host=65535 local=61  agree=75/206 (36%)
[00:00:49.298] [JOIN] INFO: [combat] order hand=1,524536128 tgt=1,1667968768 localFight=0 r=2
[00:00:49.554] [JOIN] INFO: [combat] order hand=1,524536128 tgt=1,1667968768 localFight=0 r=2
[00:00:49.657] [JOIN] INFO: [combat] order hand=1,524536128 tgt=1,1667968768 localFight=0 r=2
[00:00:49.716] [JOIN] INFO: [combat] order hand=3,3090698240 tgt=1,3808471552 localFight=0 r=2
[00:00:49.716] [JOIN] INFO: SCENARIO RECV hand=1,2637329152,1,1,3079467776 pos=-51241.39,1557.60,2839.35
[00:00:49.716] [JOIN] INFO: SPIKE 9 unit role=J t=4516 hand=1,659667968 pos=-51227.53,1581.85,2666.50 body=0 combat=1
[00:00:49.716] [JOIN] INFO: SPIKE 9 unit role=J t=4516 hand=1,3808471552 pos=-51206.57,1583.44,2663.53 body=3 combat=0
[00:00:49.716] [JOIN] INFO: SPIKE 9 unit role=J t=4516 hand=1,1723144576 pos=-51236.05,1582.34,2642.96 body=0 combat=0
[00:00:49.716] [JOIN] INFO: SPIKE 9 unit role=J t=4516 hand=1,44189452 pos=-51153.88,1579.11,2670.33 body=0 combat=1
[00:00:49.716] [JOIN] INFO: SPIKE 9 unit role=J t=4516 hand=1,3427123968 pos=-51234.03,1581.99,2673.22 body=0 combat=1
[00:00:49.716] [JOIN] INFO: SPIKE 9 unit role=J t=4516 hand=5,1919189504 pos=-51202.90,1581.08,2662.03 body=0 combat=1
[00:00:49.716] [JOIN] INFO: SPIKE 9 unit role=J t=4516 hand=1,3823120128 pos=-51194.97,1589.75,2676.30 body=3 combat=0
[00:00:49.716] [JOIN] INFO: SPIKE 9 unit role=J t=4516 hand=1,3701660160 pos=-51254.73,1561.58,2730.68 body=0 combat=1
[00:00:49.716] [JOIN] INFO: SPIKE 9 unit role=J t=4516 hand=1,3736206080 pos=-51243.76,1548.28,2888.48 body=0 combat=1
[00:00:49.716] [JOIN] INFO: SPIKE 9 unit role=J t=4516 hand=1,2878051840 pos=-51254.09,1551.65,2880.93 body=0 combat=1
[00:00:49.716] [JOIN] INFO: SPIKE 9 unit role=J t=4516 hand=1,726928704 pos=-51224.89,1554.54,2860.65 body=0 combat=1
[00:00:49.716] [JOIN] INFO: SPIKE 9 unit role=J t=4516 hand=1,2366210816 pos=-51235.79,1553.57,2865.70 body=0 combat=1
[00:00:49.717] [JOIN] INFO: SPIKE 9 unit role=J t=4516 hand=1,3473144576 pos=-51240.60,1559.33,2822.74 body=0 combat=1
[00:00:49.717] [JOIN] INFO: SPIKE 9 unit role=J t=4516 hand=1,3229125888 pos=-51234.92,1559.83,2811.84 body=0 combat=1
[00:00:49.717] [JOIN] INFO: SPIKE 9 unit role=J t=4516 hand=1,766113280 pos=-51227.19,1557.03,2842.88 body=0 combat=1
[00:00:49.717] [JOIN] INFO: SPIKE 9 unit role=J t=4516 hand=1,1018920896 pos=-51205.54,1556.34,2842.77 body=0 combat=1
[00:00:49.717] [JOIN] INFO: SPIKE 9 unit role=J t=4516 hand=1,3788329984 pos=-51154.34,1644.78,2690.04 body=0 combat=0
[00:00:49.717] [JOIN] INFO: SPIKE 9 unit role=J t=4516 hand=1,3996215808 pos=-51286.84,1564.02,2734.87 body=0 combat=0
[00:00:49.717] [JOIN] INFO: SPIKE 9 unit role=J t=4516 hand=1,524536128 pos=-51210.45,1580.95,2689.69 body=0 combat=0
[00:00:49.717] [JOIN] INFO: SPIKE 9 unit role=J t=4516 hand=1,469482432 pos=-51043.18,1540.35,2815.44 body=0 combat=1
[00:00:49.717] [JOIN] INFO: SPIKE 9 units role=J t=4516 n=20
[00:00:49.803] [JOIN] INFO: [combat] order hand=1,524536128 tgt=1,1667968768 localFight=0 r=2
[00:00:49.965] [JOIN] INFO: [combat] order hand=1,3808471552 tgt=5,1919189504 localFight=0 r=2
[00:00:50.182] [JOIN] INFO: [combat] order hand=5,1919189504 tgt=1,3808471552 localFight=0 r=2
[00:00:50.220] [JOIN] INFO: SCENARIO RECV hand=1,2637329152,1,1,3079467776 pos=-51241.39,1557.60,2839.35
[00:00:50.322] [JOIN] INFO: [combat] order hand=1,524536128 tgt=1,1667968768 localFight=0 r=2
[00:00:50.428] [JOIN] INFO: [combat] order hand=1,524536128 tgt=1,1667968768 localFight=0 r=2
[00:00:50.428] [JOIN] INFO: [combat] order hand=1,753417984 tgt=1,3823120128 localFight=0 r=2
[00:00:50.518] [JOIN] INFO: [combat] order hand=1,753417984 tgt=1,3823120128 localFight=0 r=2
[00:00:50.558] [JOIN] INFO: [combat] order hand=1,524536128 tgt=1,1667968768 localFight=0 r=2
[00:00:50.666] [JOIN] INFO: [combat] order hand=1,524536128 tgt=1,1667968768 localFight=0 r=2
[00:00:50.666] [JOIN] INFO: [combat] order hand=1,753417984 tgt=1,3823120128 localFight=0 r=2
[00:00:50.714] [JOIN] INFO: SCENARIO RECV hand=1,2637329152,1,1,3079467776 pos=-51241.39,1557.60,2839.35
[00:00:50.864] [JOIN] INFO: [event] RECV id=3 ev=1 owner=0 hand=1,18,3604736256,1,3808471552 actor=5,1919189504
[00:00:51.019] [JOIN] INFO: [combat] order hand=1,753417984 tgt=1,3823120128 localFight=0 r=2
[00:00:51.068] [JOIN] INFO: [combat] order hand=1,524536128 tgt=1,1667968768 localFight=0 r=2
[00:00:51.172] [JOIN] INFO: [combat] order hand=1,524536128 tgt=1,1667968768 localFight=0 r=2
[00:00:51.172] [JOIN] INFO: [combat] order hand=1,753417984 tgt=1,3823120128 localFight=0 r=2
[00:00:51.213] [JOIN] INFO: SCENARIO RECV hand=1,2637329152,1,1,3079467776 pos=-51241.39,1557.60,2839.35
[00:00:51.213] [JOIN] INFO: SPIKE 9 unit role=J t=6016 hand=1,659667968 pos=-51227.53,1581.85,2666.50 body=0 combat=1
[00:00:51.213] [JOIN] INFO: SPIKE 9 unit role=J t=6016 hand=1,3808471552 pos=-51206.57,1583.44,2663.53 body=3 combat=0
[00:00:51.213] [JOIN] INFO: SPIKE 9 unit role=J t=6016 hand=1,1723144576 pos=-51236.05,1582.34,2642.96 body=0 combat=0
[00:00:51.213] [JOIN] INFO: SPIKE 9 unit role=J t=6016 hand=1,44189452 pos=-51153.88,1579.11,2670.33 body=0 combat=1
[00:00:51.213] [JOIN] INFO: SPIKE 9 unit role=J t=6016 hand=1,3427123968 pos=-51234.03,1581.99,2673.22 body=0 combat=1
[00:00:51.213] [JOIN] INFO: SPIKE 9 unit role=J t=6016 hand=5,1919189504 pos=-51202.50,1581.02,2662.68 body=0 combat=0
[00:00:51.213] [JOIN] INFO: SPIKE 9 unit role=J t=6016 hand=1,3823120128 pos=-51195.55,1583.26,2674.30 body=3 combat=0
[00:00:51.213] [JOIN] INFO: SPIKE 9 unit role=J t=6016 hand=1,524536128 pos=-51222.33,1580.93,2675.93 body=0 combat=0
[00:00:51.213] [JOIN] INFO: SPIKE 9 unit role=J t=6016 hand=1,3701660160 pos=-51254.50,1561.57,2731.19 body=0 combat=1
[00:00:51.213] [JOIN] INFO: SPIKE 9 unit role=J t=6016 hand=1,3736206080 pos=-51244.50,1548.35,2888.29 body=0 combat=1
[00:00:51.213] [JOIN] INFO: SPIKE 9 unit role=J t=6016 hand=1,2878051840 pos=-51252.77,1551.94,2878.95 body=0 combat=1
[00:00:51.213] [JOIN] INFO: SPIKE 9 unit role=J t=6016 hand=1,726928704 pos=-51217.22,1555.12,2857.36 body=0 combat=1
[00:00:51.213] [JOIN] INFO: SPIKE 9 unit role=J t=6016 hand=1,2366210816 pos=-51226.82,1553.92,2863.97 body=0 combat=1
[00:00:51.213] [JOIN] INFO: SPIKE 9 unit role=J t=6016 hand=1,3473144576 pos=-51243.59,1558.67,2831.12 body=0 combat=1
[00:00:51.213] [JOIN] INFO: SPIKE 9 unit role=J t=6016 hand=1,3229125888 pos=-51239.80,1559.27,2823.08 body=0 combat=1
[00:00:51.213] [JOIN] INFO: SPIKE 9 unit role=J t=6016 hand=1,766113280 pos=-51234.96,1556.47,2847.86 body=0 combat=1
[00:00:51.213] [JOIN] INFO: SPIKE 9 unit role=J t=6016 hand=1,1018920896 pos=-51219.68,1556.95,2841.04 body=0 combat=1
[00:00:51.213] [JOIN] INFO: SPIKE 9 unit role=J t=6016 hand=1,3788329984 pos=-51154.34,1644.78,2690.04 body=0 combat=0
[00:00:51.213] [JOIN] INFO: SPIKE 9 unit role=J t=6016 hand=1,3996215808 pos=-51286.84,1564.02,2734.87 body=0 combat=0
[00:00:51.213] [JOIN] INFO: SPIKE 9 unit role=J t=6016 hand=1,753417984 pos=-51301.04,1559.09,2863.76 body=0 combat=0
[00:00:51.213] [JOIN] INFO: SPIKE 9 unit role=J t=6016 hand=1,469482432 pos=-51043.18,1540.35,2815.44 body=0 combat=1
[00:00:51.213] [JOIN] INFO: SPIKE 9 units role=J t=6016 n=21
[00:00:51.270] [JOIN] INFO: [gate] hand=1,524536128 host=65535 local=1  agree=125/428 (29%)
[00:00:51.270] [JOIN] INFO: [combat] order hand=1,753417984 tgt=1,3823120128 localFight=0 r=2
[00:00:51.318] [JOIN] INFO: [combat] order hand=1,524536128 tgt=1,1667968768 localFight=0 r=2
[00:00:51.367] [JOIN] INFO: [combat] order hand=3,3090698240 tgt=1,3808471552 localFight=0 r=2
[00:00:51.424] [JOIN] INFO: [combat] order hand=1,753417984 tgt=1,3823120128 localFight=0 r=2
[00:00:51.473] [JOIN] INFO: [combat] order hand=5,1919189504 tgt=1,3823120128 localFight=0 r=2
[00:00:51.712] [JOIN] INFO: SCENARIO RECV hand=1,2637329152,1,1,3079467776 pos=-51241.39,1557.60,2839.35
[00:00:51.775] [JOIN] INFO: [combat] order hand=3,3090698240 tgt=1,3808471552 localFight=0 r=2
[00:00:51.775] [JOIN] INFO: [combat] order hand=1,753417984 tgt=1,3823120128 localFight=0 r=2
[00:00:51.928] [JOIN] INFO: [combat] order hand=1,524536128 tgt=1,1667968768 localFight=0 r=2
[00:00:51.928] [JOIN] INFO: [combat] order hand=3,3090698240 tgt=1,3808471552 localFight=0 r=2
[00:00:51.928] [JOIN] INFO: [combat] order hand=1,753417984 tgt=1,3823120128 localFight=0 r=2
[00:00:52.027] [JOIN] INFO: [combat] order hand=3,3090698240 tgt=1,3808471552 localFight=0 r=2
[00:00:52.027] [JOIN] INFO: [combat] order hand=1,753417984 tgt=1,3823120128 localFight=0 r=2
[00:00:52.075] [JOIN] INFO: [combat] order hand=1,524536128 tgt=1,1667968768 localFight=0 r=2
[00:00:52.180] [JOIN] INFO: [combat] order hand=3,3090698240 tgt=1,3808471552 localFight=0 r=2
[00:00:52.180] [JOIN] INFO: [combat] order hand=1,753417984 tgt=1,3823120128 localFight=0 r=2
[00:00:52.212] [JOIN] INFO: SCENARIO RECV hand=1,2637329152,1,1,3079467776 pos=-51241.39,1557.60,2839.35
[00:00:52.333] [JOIN] INFO: [combat] order hand=3,3090698240 tgt=1,3808471552 localFight=0 r=2
[00:00:52.333] [JOIN] INFO: [combat] order hand=1,753417984 tgt=1,3823120128 localFight=0 r=2
[00:00:52.584] [JOIN] INFO: [combat] order hand=1,524536128 tgt=1,1667968768 localFight=0 r=2
[00:00:52.585] [JOIN] INFO: [combat] order hand=3,3090698240 tgt=1,3808471552 localFight=0 r=2
[00:00:52.585] [JOIN] INFO: [combat] order hand=1,753417984 tgt=1,3823120128 localFight=0 r=2
[00:00:52.688] [JOIN] INFO: [combat] order hand=3,3090698240 tgt=1,3808471552 localFight=0 r=2
[00:00:52.688] [JOIN] INFO: [combat] order hand=1,753417984 tgt=1,3823120128 localFight=0 r=2
[00:00:52.713] [JOIN] INFO: SCENARIO RECV hand=1,2637329152,1,1,3079467776 pos=-51241.39,1557.60,2839.35
[00:00:52.713] [JOIN] INFO: SPIKE 9 unit role=J t=7516 hand=1,659667968 pos=-51227.53,1581.85,2666.50 body=0 combat=1
[00:00:52.713] [JOIN] INFO: SPIKE 9 unit role=J t=7516 hand=1,3808471552 pos=-51206.57,1583.44,2663.53 body=3 combat=0
[00:00:52.713] [JOIN] INFO: SPIKE 9 unit role=J t=7516 hand=1,1723144576 pos=-51236.05,1582.34,2642.96 body=0 combat=0
[00:00:52.713] [JOIN] INFO: SPIKE 9 unit role=J t=7516 hand=1,44189452 pos=-51153.88,1579.11,2670.33 body=0 combat=1
[00:00:52.713] [JOIN] INFO: SPIKE 9 unit role=J t=7516 hand=1,3427123968 pos=-51234.03,1581.99,2673.22 body=0 combat=1
[00:00:52.713] [JOIN] INFO: SPIKE 9 unit role=J t=7516 hand=5,1919189504 pos=-51208.08,1581.02,2658.61 body=0 combat=0
[00:00:52.713] [JOIN] INFO: SPIKE 9 unit role=J t=7516 hand=1,3823120128 pos=-51195.99,1583.21,2674.60 body=3 combat=0
[00:00:52.713] [JOIN] INFO: SPIKE 9 unit role=J t=7516 hand=1,524536128 pos=-51212.50,1580.99,2686.98 body=0 combat=0
[00:00:52.713] [JOIN] INFO: SPIKE 9 unit role=J t=7516 hand=1,3701660160 pos=-51254.30,1562.40,2759.44 body=0 combat=1
[00:00:52.713] [JOIN] INFO: SPIKE 9 unit role=J t=7516 hand=1,3736206080 pos=-51245.00,1548.58,2887.51 body=0 combat=1
[00:00:52.713] [JOIN] INFO: SPIKE 9 unit role=J t=7516 hand=1,2878051840 pos=-51251.38,1551.15,2881.21 body=0 combat=1
[00:00:52.713] [JOIN] INFO: SPIKE 9 unit role=J t=7516 hand=1,726928704 pos=-51219.92,1553.37,2867.54 body=0 combat=1
[00:00:52.713] [JOIN] INFO: SPIKE 9 unit role=J t=7516 hand=1,2366210816 pos=-51230.74,1553.34,2866.68 body=0 combat=1
[00:00:52.713] [JOIN] INFO: SPIKE 9 unit role=J t=7516 hand=1,3473144576 pos=-51257.47,1558.98,2841.00 body=0 combat=1
[00:00:52.713] [JOIN] INFO: SPIKE 9 unit role=J t=7516 hand=1,3229125888 pos=-51247.35,1558.83,2832.11 body=0 combat=1
[00:00:52.713] [JOIN] INFO: SPIKE 9 unit role=J t=7516 hand=1,766113280 pos=-51233.75,1556.47,2847.75 body=0 combat=1
[00:00:52.713] [JOIN] INFO: SPIKE 9 unit role=J t=7516 hand=1,1018920896 pos=-51215.48,1556.93,2839.69 body=0 combat=1
[00:00:52.713] [JOIN] INFO: SPIKE 9 unit role=J t=7516 hand=1,3788329984 pos=-51154.34,1644.78,2690.04 body=0 combat=1
[00:00:52.713] [JOIN] INFO: SPIKE 9 unit role=J t=7516 hand=1,3996215808 pos=-51286.84,1564.02,2734.87 body=0 combat=0
[00:00:52.713] [JOIN] INFO: SPIKE 9 unit role=J t=7516 hand=1,753417984 pos=-51301.04,1559.09,2863.76 body=0 combat=1
[00:00:52.713] [JOIN] INFO: SPIKE 9 unit role=J t=7516 hand=1,469482432 pos=-51043.18,1540.35,2815.44 body=0 combat=1
[00:00:52.713] [JOIN] INFO: SPIKE 9 units role=J t=7516 n=21
[00:00:52.738] [JOIN] INFO: [combat] order hand=1,524536128 tgt=1,1667968768 localFight=0 r=2
[00:00:52.835] [JOIN] INFO: [combat] order hand=1,524536128 tgt=1,1667968768 localFight=0 r=2
[00:00:52.835] [JOIN] INFO: [combat] order hand=3,3090698240 tgt=1,3808471552 localFight=1 r=2
[00:00:52.835] [JOIN] INFO: [combat] order hand=1,753417984 tgt=1,3823120128 localFight=0 r=2
[00:00:52.974] [JOIN] INFO: [combat] order hand=5,1919189504 tgt=1,3823120128 localFight=0 r=2
[00:00:52.991] [JOIN] INFO: [combat] order hand=1,524536128 tgt=1,1667968768 localFight=0 r=2
[00:00:52.991] [JOIN] INFO: [combat] order hand=3,3090698240 tgt=1,3808471552 localFight=1 r=2
[00:00:52.991] [JOIN] INFO: [combat] order hand=1,753417984 tgt=1,3823120128 localFight=0 r=2
[00:00:53.214] [JOIN] INFO: SCENARIO RECV hand=1,2637329152,1,1,3079467776 pos=-51241.39,1557.60,2839.35
[00:00:53.278] [JOIN] INFO: [gate] hand=1,524536128 host=65535 local=1  agree=250/724 (34%)
[00:00:53.344] [JOIN] INFO: [combat] order hand=3,3090698240 tgt=1,3808471552 localFight=0 r=2
[00:00:53.344] [JOIN] INFO: [combat] order hand=5,1919189504 tgt=1,3823120128 localFight=0 r=2
[00:00:53.344] [JOIN] INFO: [combat] order hand=1,753417984 tgt=1,3823120128 localFight=0 r=2
[00:00:53.500] [JOIN] INFO: [combat] order hand=1,524536128 tgt=1,1667968768 localFight=0 r=2
[00:00:53.500] [JOIN] INFO: [combat] order hand=3,3090698240 tgt=1,3808471552 localFight=0 r=2
[00:00:53.500] [JOIN] INFO: [combat] order hand=5,1919189504 tgt=1,3823120128 localFight=0 r=2
[00:00:53.500] [JOIN] INFO: [combat] order hand=1,753417984 tgt=1,3823120128 localFight=0 r=2
[00:00:53.597] [JOIN] INFO: [combat] order hand=3,3090698240 tgt=1,3808471552 localFight=0 r=2
[00:00:53.597] [JOIN] INFO: [combat] order hand=1,753417984 tgt=1,3823120128 localFight=0 r=2
[00:00:53.648] [JOIN] INFO: [combat] order hand=1,524536128 tgt=1,1667968768 localFight=0 r=2
[00:00:53.714] [JOIN] INFO: SCENARIO RECV hand=1,2637329152,1,1,3079467776 pos=-51241.39,1557.60,2839.35
[00:00:53.746] [JOIN] INFO: [combat] order hand=1,524536128 tgt=1,1667968768 localFight=0 r=2
[00:00:53.747] [JOIN] INFO: [combat] order hand=3,3090698240 tgt=1,3808471552 localFight=1 r=2
[00:00:53.747] [JOIN] INFO: [combat] order hand=1,753417984 tgt=1,3823120128 localFight=0 r=2
[00:00:53.795] [JOIN] INFO: [combat] order hand=5,1919189504 tgt=1,3823120128 localFight=0 r=2
[00:00:53.903] [JOIN] INFO: [combat] order hand=1,524536128 tgt=1,1667968768 localFight=0 r=2
[00:00:53.946] [JOIN] INFO: [combat] order hand=5,1919189504 tgt=1,3823120128 localFight=0 r=2
[00:00:54.217] [JOIN] INFO: SCENARIO RECV hand=1,2637329152,1,1,3079467776 pos=-51241.39,1557.60,2839.35
[00:00:54.217] [JOIN] INFO: SPIKE 9 unit role=J t=9016 hand=1,659667968 pos=-51227.53,1581.85,2666.50 body=0 combat=1
[00:00:54.217] [JOIN] INFO: SPIKE 9 unit role=J t=9016 hand=1,3808471552 pos=-51206.57,1583.44,2663.53 body=3 combat=0
[00:00:54.217] [JOIN] INFO: SPIKE 9 unit role=J t=9016 hand=1,1723144576 pos=-51236.05,1582.34,2642.96 body=0 combat=0
[00:00:54.218] [JOIN] INFO: SPIKE 9 unit role=J t=9016 hand=1,44189452 pos=-51153.88,1579.11,2670.33 body=0 combat=1
[00:00:54.218] [JOIN] INFO: SPIKE 9 unit role=J t=9016 hand=1,3427123968 pos=-51234.03,1581.99,2673.22 body=0 combat=1
[00:00:54.218] [JOIN] INFO: SPIKE 9 unit role=J t=9016 hand=5,1919189504 pos=-51219.50,1581.48,2666.91 body=0 combat=1
[00:00:54.218] [JOIN] INFO: SPIKE 9 unit role=J t=9016 hand=1,3823120128 pos=-51196.00,1583.21,2674.60 body=3 combat=0
[00:00:54.218] [JOIN] INFO: SPIKE 9 unit role=J t=9016 hand=1,524536128 pos=-51225.97,1581.01,2677.26 body=0 combat=0
[00:00:54.218] [JOIN] INFO: SPIKE 9 unit role=J t=9016 hand=1,3701660160 pos=-51250.80,1561.99,2755.72 body=0 combat=1
[00:00:54.218] [JOIN] INFO: SPIKE 9 unit role=J t=9016 hand=1,3736206080 pos=-51243.14,1547.02,2892.90 body=0 combat=1
[00:00:54.218] [JOIN] INFO: SPIKE 9 unit role=J t=9016 hand=1,2878051840 pos=-51250.76,1550.51,2883.04 body=0 combat=1
[00:00:54.218] [JOIN] INFO: SPIKE 9 unit role=J t=9016 hand=1,726928704 pos=-51218.52,1553.62,2866.62 body=0 combat=1
[00:00:54.218] [JOIN] INFO: SPIKE 9 unit role=J t=9016 hand=1,2366210816 pos=-51229.42,1552.38,2871.03 body=0 combat=1
[00:00:54.218] [JOIN] INFO: SPIKE 9 unit role=J t=9016 hand=1,3473144576 pos=-51255.76,1558.94,2839.61 body=0 combat=1
[00:00:54.218] [JOIN] INFO: SPIKE 9 unit role=J t=9016 hand=1,3229125888 pos=-51252.40,1559.90,2824.95 body=0 combat=1
[00:00:54.218] [JOIN] INFO: SPIKE 9 unit role=J t=9016 hand=1,766113280 pos=-51218.42,1556.89,2842.25 body=0 combat=1
[00:00:54.218] [JOIN] INFO: SPIKE 9 unit role=J t=9016 hand=1,1018920896 pos=-51207.02,1556.69,2835.15 body=0 combat=1
[00:00:54.218] [JOIN] INFO: SPIKE 9 unit role=J t=9016 hand=1,3788329984 pos=-51154.34,1644.78,2690.04 body=0 combat=0
[00:00:54.218] [JOIN] INFO: SPIKE 9 unit role=J t=9016 hand=1,3996215808 pos=-51286.84,1564.02,2734.87 body=0 combat=0
[00:00:54.218] [JOIN] INFO: SPIKE 9 unit role=J t=9016 hand=1,753417984 pos=-51301.04,1559.09,2863.76 body=0 combat=0
[00:00:54.218] [JOIN] INFO: SPIKE 9 unit role=J t=9016 hand=1,469482432 pos=-51043.18,1540.35,2815.44 body=0 combat=1
[00:00:54.218] [JOIN] INFO: SPIKE 9 units role=J t=9016 n=21
[00:00:54.305] [JOIN] INFO: [combat] order hand=1,524536128 tgt=1,1667968768 localFight=0 r=2
[00:00:54.305] [JOIN] INFO: [combat] order hand=3,3090698240 tgt=1,3808471552 localFight=0 r=2
[00:00:54.404] [JOIN] INFO: [combat] order hand=1,753417984 tgt=4,1276245120 localFight=0 r=2
[00:00:54.454] [JOIN] INFO: [combat] order hand=1,524536128 tgt=1,1667968768 localFight=0 r=2
[00:00:54.559] [JOIN] INFO: [combat] order hand=1,524536128 tgt=1,1667968768 localFight=0 r=2
[00:00:54.559] [JOIN] INFO: [combat] order hand=3,3090698240 tgt=1,3808471552 localFight=0 r=2
[00:00:54.706] [JOIN] INFO: [combat] order hand=1,524536128 tgt=1,1667968768 localFight=0 r=2
[00:00:54.707] [JOIN] INFO: [combat] order hand=3,3090698240 tgt=1,3808471552 localFight=0 r=2
[00:00:54.715] [JOIN] INFO: SCENARIO RECV hand=1,2637329152,1,1,3079467776 pos=-51241.39,1557.60,2839.35
[00:00:54.806] [JOIN] INFO: [combat] order hand=3,3090698240 tgt=1,3808471552 localFight=0 r=2
[00:00:54.856] [JOIN] INFO: [combat] order hand=1,524536128 tgt=1,1667968768 localFight=0 r=2
[00:00:55.214] [JOIN] INFO: SCENARIO RECV hand=1,2637329152,1,1,3079467776 pos=-51241.39,1557.60,2839.35
[00:00:55.281] [JOIN] INFO: [gate] hand=3,3090698240 host=65535 local=61  agree=365/979 (37%)
[00:00:55.281] [JOIN] INFO: [authority] suppress NPC hand=1,3688842752 (streamed=20 local=22 supp=8)
[00:00:55.364] [JOIN] INFO: [combat] order hand=1,524536128 tgt=1,1667968768 localFight=0 r=2
[00:00:55.364] [JOIN] INFO: [combat] order hand=3,3090698240 tgt=1,3808471552 localFight=0 r=2
[00:00:55.462] [JOIN] INFO: [combat] order hand=3,3090698240 tgt=1,3808471552 localFight=0 r=2
[00:00:55.513] [JOIN] INFO: [combat] order hand=1,524536128 tgt=1,1667968768 localFight=0 r=2
[00:00:55.521] [JOIN] INFO: [combat] order hand=5,1919189504 tgt=1,3823120128 localFight=0 r=2
[00:00:55.619] [JOIN] INFO: [combat] order hand=1,524536128 tgt=1,1667968768 localFight=0 r=2
[00:00:55.620] [JOIN] INFO: [combat] order hand=3,3090698240 tgt=1,3808471552 localFight=0 r=2
[00:00:55.717] [JOIN] INFO: SCENARIO RECV hand=1,2637329152,1,1,3079467776 pos=-51241.39,1557.60,2839.35
[00:00:55.717] [JOIN] INFO: SPIKE 9 unit role=J t=10516 hand=1,659667968 pos=-51227.53,1581.85,2666.50 body=0 combat=1
[00:00:55.718] [JOIN] INFO: SPIKE 9 unit role=J t=10516 hand=1,3808471552 pos=-51206.57,1583.44,2663.53 body=3 combat=0
[00:00:55.718] [JOIN] INFO: SPIKE 9 unit role=J t=10516 hand=1,1723144576 pos=-51236.05,1582.34,2642.96 body=0 combat=0
[00:00:55.718] [JOIN] INFO: SPIKE 9 unit role=J t=10516 hand=1,44189452 pos=-51153.88,1579.11,2670.33 body=0 combat=1
[00:00:55.718] [JOIN] INFO: SPIKE 9 unit role=J t=10516 hand=1,3427123968 pos=-51234.03,1581.99,2673.22 body=0 combat=1
[00:00:55.718] [JOIN] INFO: SPIKE 9 unit role=J t=10516 hand=5,1919189504 pos=-51210.67,1581.42,2656.89 body=0 combat=1
[00:00:55.718] [JOIN] INFO: SPIKE 9 unit role=J t=10516 hand=1,3823120128 pos=-51196.00,1583.21,2674.60 body=3 combat=0
[00:00:55.718] [JOIN] INFO: SPIKE 9 unit role=J t=10516 hand=1,524536128 pos=-51212.35,1580.99,2687.17 body=0 combat=0
[00:00:55.718] [JOIN] INFO: SPIKE 9 unit role=J t=10516 hand=1,3701660160 pos=-51251.79,1562.45,2765.74 body=0 combat=1
[00:00:55.718] [JOIN] INFO: SPIKE 9 unit role=J t=10516 hand=1,3736206080 pos=-51247.38,1548.69,2887.82 body=0 combat=1
[00:00:55.718] [JOIN] INFO: SPIKE 9 unit role=J t=10516 hand=1,2878051840 pos=-51252.85,1551.52,2880.71 body=0 combat=1
[00:00:55.718] [JOIN] INFO: SPIKE 9 unit role=J t=10516 hand=1,726928704 pos=-51223.18,1553.60,2865.98 body=0 combat=1
[00:00:55.718] [JOIN] INFO: SPIKE 9 unit role=J t=10516 hand=1,2366210816 pos=-51233.06,1553.14,2867.76 body=0 combat=1
[00:00:55.718] [JOIN] INFO: SPIKE 9 unit role=J t=10516 hand=1,3473144576 pos=-51259.79,1559.50,2838.09 body=0 combat=1
[00:00:55.718] [JOIN] INFO: SPIKE 9 unit role=J t=10516 hand=1,3229125888 pos=-51254.63,1559.94,2826.29 body=0 combat=1
[00:00:55.718] [JOIN] INFO: SPIKE 9 unit role=J t=10516 hand=1,766113280 pos=-51212.05,1556.88,2839.60 body=0 combat=1
[00:00:55.718] [JOIN] INFO: SPIKE 9 unit role=J t=10516 hand=1,1018920896 pos=-51201.61,1556.24,2832.62 body=0 combat=1
[00:00:55.718] [JOIN] INFO: SPIKE 9 unit role=J t=10516 hand=1,3788329984 pos=-51154.34,1644.78,2690.04 body=0 combat=0
[00:00:55.718] [JOIN] INFO: SPIKE 9 unit role=J t=10516 hand=1,3996215808 pos=-51286.84,1564.02,2734.87 body=0 combat=0
[00:00:55.718] [JOIN] INFO: SPIKE 9 unit role=J t=10516 hand=1,753417984 pos=-51288.32,1563.79,2834.22 body=0 combat=1
[00:00:55.718] [JOIN] INFO: SPIKE 9 unit role=J t=10516 hand=1,469482432 pos=-51043.18,1540.35,2815.44 body=0 combat=1
[00:00:55.718] [JOIN] INFO: SPIKE 9 unit role=J t=10516 hand=1,3688842752 pos=-51051.97,1537.09,2900.94 body=0 combat=0
[00:00:55.718] [JOIN] INFO: SPIKE 9 units role=J t=10516 n=22
[00:00:55.767] [JOIN] INFO: [combat] order hand=1,524536128 tgt=1,1667968768 localFight=0 r=2
[00:00:55.767] [JOIN] INFO: [combat] order hand=3,3090698240 tgt=1,3808471552 localFight=0 r=2
[00:00:55.868] [JOIN] INFO: [combat] order hand=3,3090698240 tgt=1,3808471552 localFight=0 r=2
[00:00:56.020] [JOIN] INFO: [combat] order hand=3,3090698240 tgt=1,3808471552 localFight=1 r=2
[00:00:56.219] [JOIN] INFO: SCENARIO RECV hand=1,2637329152,1,1,3079467776 pos=-51241.39,1557.60,2839.35
[00:00:56.376] [JOIN] INFO: [combat] order hand=5,1919189504 tgt=1,3823120128 localFight=0 r=2
[00:00:56.525] [JOIN] INFO: [combat] order hand=1,524536128 tgt=1,1667968768 localFight=0 r=2
[00:00:56.525] [JOIN] INFO: [combat] order hand=3,3090698240 tgt=1,3808471552 localFight=0 r=2
[00:00:56.525] [JOIN] INFO: [combat] order hand=5,1919189504 tgt=1,3823120128 localFight=0 r=2
[00:00:56.681] [JOIN] INFO: [combat] order hand=1,524536128 tgt=1,1667968768 localFight=0 r=2
[00:00:56.681] [JOIN] INFO: [combat] order hand=3,3090698240 tgt=1,3808471552 localFight=0 r=2
[00:00:56.681] [JOIN] INFO: [combat] order hand=5,1919189504 tgt=1,3823120128 localFight=0 r=2
[00:00:56.715] [JOIN] INFO: SCENARIO RECV hand=1,2637329152,1,1,3079467776 pos=-51241.39,1557.60,2839.35
[00:00:56.782] [JOIN] INFO: [combat] order hand=3,3090698240 tgt=1,3808471552 localFight=0 r=2
[00:00:56.831] [JOIN] INFO: [combat] order hand=1,524536128 tgt=1,1667968768 localFight=0 r=2
[00:00:56.832] [JOIN] INFO: [combat] order hand=5,1919189504 tgt=1,3823120128 localFight=0 r=2
[00:00:56.930] [JOIN] INFO: [combat] order hand=1,524536128 tgt=1,1667968768 localFight=0 r=2
[00:00:56.930] [JOIN] INFO: [combat] order hand=3,3090698240 tgt=1,3808471552 localFight=1 r=2
[00:00:57.086] [JOIN] INFO: [combat] order hand=1,524536128 tgt=1,1667968768 localFight=1 r=2
[00:00:57.086] [JOIN] INFO: [combat] order hand=3,3090698240 tgt=1,3808471552 localFight=1 r=2
[00:00:57.218] [JOIN] INFO: SCENARIO RECV hand=1,2637329152,1,1,3079467776 pos=-51241.39,1557.60,2839.35
[00:00:57.218] [JOIN] INFO: SPIKE 9 unit role=J t=12016 hand=1,659667968 pos=-51227.53,1581.85,2666.50 body=0 combat=1
[00:00:57.218] [JOIN] INFO: SPIKE 9 unit role=J t=12016 hand=1,3808471552 pos=-51206.57,1583.44,2663.53 body=3 combat=0
[00:00:57.218] [JOIN] INFO: SPIKE 9 unit role=J t=12016 hand=1,1723144576 pos=-51236.05,1582.34,2642.96 body=0 combat=0
[00:00:57.218] [JOIN] INFO: SPIKE 9 unit role=J t=12016 hand=1,44189452 pos=-51153.88,1579.11,2670.33 body=0 combat=1
[00:00:57.218] [JOIN] INFO: SPIKE 9 unit role=J t=12016 hand=1,3427123968 pos=-51234.03,1581.99,2673.22 body=0 combat=1
[00:00:57.218] [JOIN] INFO: SPIKE 9 unit role=J t=12016 hand=5,1919189504 pos=-51213.16,1581.49,2655.24 body=0 combat=1
[00:00:57.218] [JOIN] INFO: SPIKE 9 unit role=J t=12016 hand=1,3823120128 pos=-51196.00,1583.21,2674.60 body=3 combat=0
[00:00:57.218] [JOIN] INFO: SPIKE 9 unit role=J t=12016 hand=1,524536128 pos=-51212.57,1581.01,2686.77 body=0 combat=0
[00:00:57.218] [JOIN] INFO: SPIKE 9 unit role=J t=12016 hand=1,3701660160 pos=-51259.42,1563.05,2785.22 body=0 combat=1
[00:00:57.218] [JOIN] INFO: SPIKE 9 unit role=J t=12016 hand=1,3736206080 pos=-51242.89,1547.19,2892.28 body=0 combat=1
[00:00:57.218] [JOIN] INFO: SPIKE 9 unit role=J t=12016 hand=1,2878051840 pos=-51251.68,1550.82,2882.49 body=0 combat=1
[00:00:57.218] [JOIN] INFO: SPIKE 9 unit role=J t=12016 hand=1,726928704 pos=-51212.98,1554.50,2863.39 body=0 combat=1
[00:00:57.218] [JOIN] INFO: SPIKE 9 unit role=J t=12016 hand=1,2366210816 pos=-51228.73,1553.25,2866.94 body=0 combat=1
[00:00:57.218] [JOIN] INFO: SPIKE 9 unit role=J t=12016 hand=1,3473144576 pos=-51256.88,1559.52,2834.92 body=0 combat=1
[00:00:57.218] [JOIN] INFO: SPIKE 9 unit role=J t=12016 hand=1,3229125888 pos=-51255.72,1560.13,2824.81 body=0 combat=1
[00:00:57.218] [JOIN] INFO: SPIKE 9 unit role=J t=12016 hand=1,766113280 pos=-51214.02,1556.85,2841.38 body=0 combat=1
[00:00:57.218] [JOIN] INFO: SPIKE 9 unit role=J t=12016 hand=1,1018920896 pos=-51201.05,1556.19,2832.38 body=0 combat=1
[00:00:57.218] [JOIN] INFO: SPIKE 9 unit role=J t=12016 hand=1,3788329984 pos=-51154.34,1644.78,2690.04 body=0 combat=1
[00:00:57.218] [JOIN] INFO: SPIKE 9 unit role=J t=12016 hand=1,3996215808 pos=-51286.84,1564.02,2734.87 body=0 combat=0
[00:00:57.218] [JOIN] INFO: SPIKE 9 unit role=J t=12016 hand=1,753417984 pos=-51273.24,1563.52,2799.96 body=0 combat=1
[00:00:57.218] [JOIN] INFO: SPIKE 9 unit role=J t=12016 hand=1,469482432 pos=-51043.18,1540.35,2815.44 body=0 combat=1
[00:00:57.218] [JOIN] INFO: SPIKE 9 unit role=J t=12016 hand=1,3688842752 pos=-51051.97,1537.09,2900.94 body=0 combat=0
[00:00:57.218] [JOIN] INFO: SPIKE 9 units role=J t=12016 n=22
[00:00:57.235] [JOIN] INFO: [combat] order hand=1,524536128 tgt=1,1667968768 localFight=0 r=2
[00:00:57.284] [JOIN] INFO: [combat] order hand=5,1919189504 tgt=1,3823120128 localFight=0 r=2
[00:00:57.489] [JOIN] INFO: [gate] hand=1,524536128 host=65535 local=1  agree=510/1231 (41%)
[00:00:57.588] [JOIN] INFO: [combat] order hand=1,524536128 tgt=1,1667968768 localFight=0 r=2
[00:00:57.588] [JOIN] INFO: [combat] order hand=3,3090698240 tgt=1,3808471552 localFight=0 r=2
[00:00:57.686] [JOIN] INFO: [combat] order hand=3,3090698240 tgt=1,3808471552 localFight=0 r=2
[00:00:57.719] [JOIN] INFO: SCENARIO RECV hand=1,2637329152,1,1,3079467776 pos=-51241.39,1557.60,2839.35
[00:00:57.735] [JOIN] INFO: [combat] order hand=1,524536128 tgt=1,1667968768 localFight=0 r=2
[00:00:57.842] [JOIN] INFO: [combat] order hand=1,524536128 tgt=1,1667968768 localFight=0 r=2
[00:00:57.842] [JOIN] INFO: [combat] order hand=3,3090698240 tgt=1,3808471552 localFight=0 r=2
[00:00:57.991] [JOIN] INFO: [combat] order hand=1,524536128 tgt=1,1667968768 localFight=0 r=2
[00:00:57.991] [JOIN] INFO: [combat] order hand=3,3090698240 tgt=1,3808471552 localFight=0 r=2
[00:00:58.094] [JOIN] INFO: [combat] order hand=3,3090698240 tgt=1,3808471552 localFight=0 r=2
[00:00:58.142] [JOIN] INFO: [event] RECV id=4 ev=1 owner=0 hand=1,24,2540161024,1,3701660160 actor=2,2703369216
[00:00:58.144] [JOIN] INFO: [combat] order hand=1,524536128 tgt=1,1667968768 localFight=0 r=2
[00:00:58.220] [JOIN] INFO: SCENARIO RECV hand=1,2637329152,1,1,3079467776 pos=-51241.39,1557.60,2839.35
[00:00:58.245] [JOIN] INFO: [combat] order hand=3,3090698240 tgt=1,3808471552 localFight=1 r=2
[00:00:58.344] [JOIN] INFO: [combat] order hand=1,2590331904 tgt=1,3701660160 localFight=1 r=2
[00:00:58.600] [JOIN] INFO: [combat] order hand=5,1919189504 tgt=1,3823120128 localFight=0 r=2
[00:00:58.641] [JOIN] INFO: [taskkey] key=36 desc='Patrolling town' repro=0 subject=0
[00:00:58.716] [JOIN] INFO: SCENARIO RECV hand=1,2637329152,1,1,3079467776 pos=-51241.39,1557.60,2839.35
[00:00:58.716] [JOIN] INFO: SPIKE 9 unit role=J t=13516 hand=1,659667968 pos=-51227.53,1581.85,2666.50 body=0 combat=1
[00:00:58.716] [JOIN] INFO: SPIKE 9 unit role=J t=13516 hand=1,3808471552 pos=-51206.57,1583.44,2663.53 body=3 combat=0
[00:00:58.716] [JOIN] INFO: SPIKE 9 unit role=J t=13516 hand=1,1723144576 pos=-51236.05,1582.34,2642.96 body=0 combat=0
[00:00:58.716] [JOIN] INFO: SPIKE 9 unit role=J t=13516 hand=1,44189452 pos=-51153.88,1579.11,2670.33 body=0 combat=0
[00:00:58.716] [JOIN] INFO: SPIKE 9 unit role=J t=13516 hand=1,3427123968 pos=-51234.03,1581.99,2673.22 body=0 combat=1
[00:00:58.716] [JOIN] INFO: SPIKE 9 unit role=J t=13516 hand=5,1919189504 pos=-51216.29,1581.64,2654.37 body=0 combat=0
[00:00:58.716] [JOIN] INFO: SPIKE 9 unit role=J t=13516 hand=1,3823120128 pos=-51196.00,1583.21,2674.60 body=3 combat=0
[00:00:58.716] [JOIN] INFO: SPIKE 9 unit role=J t=13516 hand=1,524536128 pos=-51212.59,1580.98,2686.86 body=0 combat=0
[00:00:58.716] [JOIN] INFO: SPIKE 9 unit role=J t=13516 hand=1,3701660160 pos=-51256.93,1566.44,2785.48 body=3 combat=0
[00:00:58.716] [JOIN] INFO: SPIKE 9 unit role=J t=13516 hand=1,3736206080 pos=-51242.96,1547.15,2892.44 body=0 combat=1
[00:00:58.716] [JOIN] INFO: SPIKE 9 unit role=J t=13516 hand=1,2878051840 pos=-51256.41,1550.64,2885.44 body=0 combat=1
[00:00:58.716] [JOIN] INFO: SPIKE 9 unit role=J t=13516 hand=1,726928704 pos=-51230.13,1553.12,2867.66 body=0 combat=1
[00:00:58.716] [JOIN] INFO: SPIKE 9 unit role=J t=13516 hand=1,2366210816 pos=-51237.39,1552.42,2871.45 body=0 combat=1
[00:00:58.716] [JOIN] INFO: SPIKE 9 unit role=J t=13516 hand=1,3473144576 pos=-51258.96,1559.63,2835.26 body=0 combat=1
[00:00:58.716] [JOIN] INFO: SPIKE 9 unit role=J t=13516 hand=1,3229125888 pos=-51254.26,1560.22,2822.59 body=0 combat=1
[00:00:58.716] [JOIN] INFO: SPIKE 9 unit role=J t=13516 hand=1,766113280 pos=-51213.77,1556.86,2840.80 body=0 combat=1
[00:00:58.716] [JOIN] INFO: SPIKE 9 unit role=J t=13516 hand=1,1018920896 pos=-51204.20,1556.44,2834.16 body=0 combat=1
[00:00:58.716] [JOIN] INFO: SPIKE 9 unit role=J t=13516 hand=1,3788329984 pos=-51154.34,1644.78,2690.04 body=0 combat=0
[00:00:58.716] [JOIN] INFO: SPIKE 9 unit role=J t=13516 hand=1,3996215808 pos=-51286.84,1564.02,2734.87 body=0 combat=0
[00:00:58.716] [JOIN] INFO: SPIKE 9 unit role=J t=13516 hand=1,753417984 pos=-51274.39,1564.02,2786.89 body=0 combat=1
[00:00:58.716] [JOIN] INFO: SPIKE 9 unit role=J t=13516 hand=1,469482432 pos=-51043.18,1540.35,2815.44 body=0 combat=1
[00:00:58.716] [JOIN] INFO: SPIKE 9 unit role=J t=13516 hand=1,3688842752 pos=-51051.97,1537.09,2900.94 body=0 combat=0
[00:00:58.716] [JOIN] INFO: SPIKE 9 units role=J t=13516 n=22
[00:00:58.750] [JOIN] INFO: [combat] order hand=1,524536128 tgt=1,1667968768 localFight=0 r=2
[00:00:58.750] [JOIN] INFO: [combat] order hand=3,3090698240 tgt=1,3808471552 localFight=0 r=2
[00:00:58.750] [JOIN] INFO: [combat] order hand=5,1919189504 tgt=1,3823120128 localFight=0 r=2
[00:00:58.849] [JOIN] INFO: [combat] order hand=3,3090698240 tgt=1,3808471552 localFight=0 r=2
[00:00:58.898] [JOIN] INFO: [combat] order hand=1,524536128 tgt=1,1667968768 localFight=0 r=2
[00:00:58.898] [JOIN] INFO: [combat] order hand=1,2590331904 tgt=1,1018920896 localFight=0 r=2
[00:00:58.898] [JOIN] INFO: [combat] order hand=5,1919189504 tgt=1,3823120128 localFight=0 r=2
[00:00:59.001] [JOIN] INFO: [combat] order hand=3,3090698240 tgt=1,3808471552 localFight=1 r=2
[00:00:59.054] [JOIN] INFO: [combat] order hand=1,524536128 tgt=1,1667968768 localFight=0 r=2
[00:00:59.161] [JOIN] INFO: [combat] order hand=1,524536128 tgt=1,1667968768 localFight=0 r=2
[00:00:59.161] [JOIN] INFO: [combat] order hand=3,3090698240 tgt=1,3808471552 localFight=1 r=2
[00:00:59.203] [JOIN] INFO: [combat] order hand=5,1919189504 tgt=1,3823120128 localFight=0 r=2
[00:00:59.220] [JOIN] INFO: SCENARIO RECV hand=1,2637329152,1,1,3079467776 pos=-51241.39,1557.60,2839.35
[00:00:59.311] [JOIN] INFO: [combat] order hand=1,524536128 tgt=1,1667968768 localFight=0 r=2
[00:00:59.311] [JOIN] INFO: [combat] order hand=3,3090698240 tgt=1,3808471552 localFight=1 r=2
[00:00:59.707] [JOIN] INFO: [gate] hand=1,524536128 host=65535 local=61  agree=668/1553 (43%)
[00:00:59.715] [JOIN] INFO: SCENARIO RECV hand=1,2637329152,1,1,3079467776 pos=-51241.39,1557.60,2839.35
[00:00:59.815] [JOIN] INFO: [combat] order hand=1,524536128 tgt=1,1667968768 localFight=0 r=2
[00:00:59.815] [JOIN] INFO: [combat] order hand=3,3090698240 tgt=1,3808471552 localFight=0 r=2
[00:00:59.913] [JOIN] INFO: [combat] order hand=3,3090698240 tgt=1,3808471552 localFight=0 r=2
[00:00:59.964] [JOIN] INFO: [combat] order hand=1,524536128 tgt=1,1667968768 localFight=0 r=2
[00:01:00.067] [JOIN] INFO: [combat] order hand=1,524536128 tgt=1,1667968768 localFight=0 r=2
[00:01:00.067] [JOIN] INFO: [combat] order hand=3,3090698240 tgt=1,3808471552 localFight=0 r=2
[00:01:00.217] [JOIN] INFO: [combat] order hand=1,524536128 tgt=1,1667968768 localFight=0 r=2
[00:01:00.217] [JOIN] INFO: [combat] order hand=3,3090698240 tgt=1,3808471552 localFight=0 r=2
[00:01:00.217] [JOIN] INFO: SCENARIO RECV hand=1,2637329152,1,1,3079467776 pos=-51241.39,1557.60,2839.35
[00:01:00.217] [JOIN] INFO: SPIKE 9 unit role=J t=15016 hand=1,659667968 pos=-51227.53,1581.85,2666.50 body=0 combat=1
[00:01:00.217] [JOIN] INFO: SPIKE 9 unit role=J t=15016 hand=1,3808471552 pos=-51206.57,1583.44,2663.53 body=3 combat=0
[00:01:00.217] [JOIN] INFO: SPIKE 9 unit role=J t=15016 hand=1,1723144576 pos=-51236.05,1582.34,2642.96 body=0 combat=0
[00:01:00.217] [JOIN] INFO: SPIKE 9 unit role=J t=15016 hand=1,44189452 pos=-51153.88,1579.11,2670.33 body=0 combat=0
[00:01:00.217] [JOIN] INFO: SPIKE 9 unit role=J t=15016 hand=1,3427123968 pos=-51234.03,1581.99,2673.22 body=0 combat=1
[00:01:00.217] [JOIN] INFO: SPIKE 9 unit role=J t=15016 hand=5,1919189504 pos=-51213.81,1581.56,2654.81 body=0 combat=1
[00:01:00.217] [JOIN] INFO: SPIKE 9 unit role=J t=15016 hand=1,3823120128 pos=-51196.00,1583.21,2674.60 body=3 combat=0
[00:01:00.217] [JOIN] INFO: SPIKE 9 unit role=J t=15016 hand=1,524536128 pos=-51212.18,1581.00,2686.73 body=0 combat=0
[00:01:00.217] [JOIN] INFO: SPIKE 9 unit role=J t=15016 hand=1,3701660160 pos=-51255.17,1566.88,2783.80 body=3 combat=0
[00:01:00.217] [JOIN] INFO: SPIKE 9 unit role=J t=15016 hand=1,3736206080 pos=-51244.24,1547.88,2889.92 body=0 combat=1
[00:01:00.217] [JOIN] INFO: SPIKE 9 unit role=J t=15016 hand=1,2878051840 pos=-51254.49,1550.00,2886.64 body=0 combat=1
[00:01:00.217] [JOIN] INFO: SPIKE 9 unit role=J t=15016 hand=1,726928704 pos=-51234.03,1552.88,2869.05 body=0 combat=1
[00:01:00.217] [JOIN] INFO: SPIKE 9 unit role=J t=15016 hand=1,2366210816 pos=-51251.60,1553.71,2869.15 body=0 combat=1
[00:01:00.217] [JOIN] INFO: SPIKE 9 unit role=J t=15016 hand=1,3473144576 pos=-51258.39,1559.20,2839.97 body=0 combat=1
[00:01:00.217] [JOIN] INFO: SPIKE 9 unit role=J t=15016 hand=1,3229125888 pos=-51257.25,1560.30,2824.00 body=0 combat=1
[00:01:00.217] [JOIN] INFO: SPIKE 9 unit role=J t=15016 hand=1,766113280 pos=-51211.45,1556.87,2839.55 body=0 combat=1
[00:01:00.217] [JOIN] INFO: SPIKE 9 unit role=J t=15016 hand=1,1018920896 pos=-51200.27,1556.15,2831.25 body=0 combat=1
[00:01:00.217] [JOIN] INFO: SPIKE 9 unit role=J t=15016 hand=1,3788329984 pos=-51154.34,1644.78,2690.04 body=0 combat=0
[00:01:00.217] [JOIN] INFO: SPIKE 9 unit role=J t=15016 hand=1,3996215808 pos=-51286.84,1564.02,2734.87 body=0 combat=0
[00:01:00.217] [JOIN] INFO: SPIKE 9 unit role=J t=15016 hand=1,753417984 pos=-51281.18,1564.06,2800.77 body=0 combat=1
[00:01:00.217] [JOIN] INFO: SPIKE 9 unit role=J t=15016 hand=1,469482432 pos=-51043.18,1540.35,2815.44 body=0 combat=1
[00:01:00.217] [JOIN] INFO: SPIKE 9 unit role=J t=15016 hand=1,3688842752 pos=-51051.97,1537.09,2900.94 body=0 combat=0
[00:01:00.217] [JOIN] INFO: SPIKE 9 units role=J t=15016 n=22
[00:01:00.365] [JOIN] INFO: [combat] order hand=1,524536128 tgt=1,1667968768 localFight=0 r=2
[00:01:00.399] [JOIN] INFO: [combat] order hand=1,2590331904 tgt=1,1018920896 localFight=0 r=2
[00:01:00.620] [JOIN] INFO: [combat] order hand=3,3090698240 tgt=1,3808471552 localFight=0 r=2
[00:01:00.713] [JOIN] INFO: SCENARIO RECV hand=1,2637329152,1,1,3079467776 pos=-51241.39,1557.60,2839.35
[00:01:00.745] [JOIN] INFO: [combat] order hand=5,1919189504 tgt=1,3823120128 localFight=0 r=2
[00:01:00.870] [JOIN] INFO: [combat] order hand=1,524536128 tgt=1,1667968768 localFight=0 r=2
[00:01:00.975] [JOIN] INFO: [combat] order hand=3,3090698240 tgt=1,3808471552 localFight=0 r=2
[00:01:01.024] [JOIN] INFO: [combat] order hand=1,524536128 tgt=1,1667968768 localFight=0 r=2
[00:01:01.122] [JOIN] INFO: [combat] order hand=3,3090698240 tgt=1,3808471552 localFight=0 r=2
[00:01:01.174] [JOIN] INFO: [combat] order hand=1,524536128 tgt=1,1667968768 localFight=0 r=2
[00:01:01.216] [JOIN] INFO: SCENARIO RECV hand=1,2637329152,1,1,3079467776 pos=-51241.39,1557.60,2839.35
[00:01:01.273] [JOIN] INFO: [combat] order hand=1,524536128 tgt=1,1667968768 localFight=0 r=2
[00:01:01.273] [JOIN] INFO: [combat] order hand=3,3090698240 tgt=1,3808471552 localFight=0 r=2
[00:01:01.431] [JOIN] INFO: [combat] order hand=1,524536128 tgt=1,1667968768 localFight=0 r=2
[00:01:01.431] [JOIN] INFO: [combat] order hand=3,3090698240 tgt=1,3808471552 localFight=0 r=2
[00:01:01.529] [JOIN] INFO: [combat] order hand=3,3090698240 tgt=1,3808471552 localFight=0 r=2
[00:01:01.578] [JOIN] INFO: [combat] order hand=1,524536128 tgt=1,1667968768 localFight=0 r=2
[00:01:01.676] [JOIN] INFO: [combat] order hand=3,3090698240 tgt=1,3808471552 localFight=1 r=2
[00:01:01.718] [JOIN] INFO: SCENARIO RECV hand=1,2637329152,1,1,3079467776 pos=-51241.39,1557.60,2839.35
[00:01:01.718] [JOIN] INFO: SPIKE 9 unit role=J t=16516 hand=1,659667968 pos=-51227.53,1581.85,2666.50 body=0 combat=1
[00:01:01.718] [JOIN] INFO: SPIKE 9 unit role=J t=16516 hand=1,3808471552 pos=-51206.57,1583.44,2663.53 body=3 combat=0
[00:01:01.718] [JOIN] INFO: SPIKE 9 unit role=J t=16516 hand=1,1723144576 pos=-51236.05,1582.34,2642.96 body=0 combat=0
[00:01:01.718] [JOIN] INFO: SPIKE 9 unit role=J t=16516 hand=1,44189452 pos=-51153.88,1579.11,2670.33 body=0 combat=1
[00:01:01.718] [JOIN] INFO: SPIKE 9 unit role=J t=16516 hand=1,3427123968 pos=-51234.03,1581.99,2673.22 body=0 combat=1
[00:01:01.718] [JOIN] INFO: SPIKE 9 unit role=J t=16516 hand=5,1919189504 pos=-51214.81,1581.57,2655.35 body=0 combat=1
[00:01:01.718] [JOIN] INFO: SPIKE 9 unit role=J t=16516 hand=1,3823120128 pos=-51196.00,1583.21,2674.60 body=3 combat=0
[00:01:01.718] [JOIN] INFO: SPIKE 9 unit role=J t=16516 hand=1,524536128 pos=-51212.54,1581.00,2686.92 body=0 combat=1
[00:01:01.718] [JOIN] INFO: SPIKE 9 unit role=J t=16516 hand=1,3701660160 pos=-51255.94,1566.27,2784.47 body=3 combat=0
[00:01:01.718] [JOIN] INFO: SPIKE 9 unit role=J t=16516 hand=1,3736206080 pos=-51228.22,1547.39,2891.39 body=0 combat=1
[00:01:01.718] [JOIN] INFO: SPIKE 9 unit role=J t=16516 hand=1,2878051840 pos=-51240.51,1547.28,2891.84 body=0 combat=1
[00:01:01.718] [JOIN] INFO: SPIKE 9 unit role=J t=16516 hand=1,726928704 pos=-51237.13,1553.11,2867.97 body=0 combat=1
[00:01:01.718] [JOIN] INFO: SPIKE 9 unit role=J t=16516 hand=1,2366210816 pos=-51253.78,1553.48,2871.98 body=0 combat=1
[00:01:01.718] [JOIN] INFO: SPIKE 9 unit role=J t=16516 hand=1,3473144576 pos=-51256.96,1559.56,2834.34 body=0 combat=1
[00:01:01.718] [JOIN] INFO: SPIKE 9 unit role=J t=16516 hand=1,3229125888 pos=-51256.15,1560.66,2818.76 body=0 combat=1
[00:01:01.718] [JOIN] INFO: SPIKE 9 unit role=J t=16516 hand=1,766113280 pos=-51211.26,1556.84,2840.31 body=0 combat=1
[00:01:01.718] [JOIN] INFO: SPIKE 9 unit role=J t=16516 hand=1,1018920896 pos=-51201.79,1556.27,2832.27 body=0 combat=1
[00:01:01.718] [JOIN] INFO: SPIKE 9 unit role=J t=16516 hand=1,3788329984 pos=-51154.34,1644.78,2690.04 body=0 combat=1
[00:01:01.718] [JOIN] INFO: SPIKE 9 unit role=J t=16516 hand=1,3996215808 pos=-51286.84,1564.02,2734.87 body=0 combat=0
[00:01:01.718] [JOIN] INFO: SPIKE 9 unit role=J t=16516 hand=1,753417984 pos=-51285.17,1564.24,2808.61 body=0 combat=1
[00:01:01.718] [JOIN] INFO: SPIKE 9 unit role=J t=16516 hand=1,469482432 pos=-51043.18,1540.35,2815.44 body=0 combat=1
[00:01:01.718] [JOIN] INFO: SPIKE 9 unit role=J t=16516 hand=1,3688842752 pos=-51051.97,1537.09,2900.94 body=0 combat=0
[00:01:01.718] [JOIN] INFO: SPIKE 9 units role=J t=16516 n=22
[00:01:01.982] [JOIN] INFO: [gate] hand=3,3090698240 host=65535 local=61  agree=806/1775 (45%)
[00:01:02.082] [JOIN] INFO: [combat] order hand=1,524536128 tgt=1,1667968768 localFight=0 r=2
[00:01:02.082] [JOIN] INFO: [combat] order hand=3,3090698240 tgt=1,3808471552 localFight=0 r=2
[00:01:02.219] [JOIN] INFO: SCENARIO RECV hand=1,2637329152,1,1,3079467776 pos=-51241.39,1557.60,2839.35
[00:01:02.235] [JOIN] INFO: [combat] order hand=1,524536128 tgt=1,1667968768 localFight=0 r=2
[00:01:02.235] [JOIN] INFO: [combat] order hand=3,3090698240 tgt=1,3808471552 localFight=0 r=2
[00:01:02.292] [JOIN] INFO: [combat] order hand=5,1919189504 tgt=1,3823120128 localFight=0 r=2
[00:01:02.334] [JOIN] INFO: [combat] order hand=3,3090698240 tgt=1,3808471552 localFight=0 r=2
[00:01:02.384] [JOIN] INFO: [combat] order hand=1,524536128 tgt=1,1667968768 localFight=0 r=2
[00:01:02.491] [JOIN] INFO: [combat] order hand=1,524536128 tgt=1,1667968768 localFight=0 r=2
[00:01:02.491] [JOIN] INFO: [combat] order hand=3,3090698240 tgt=1,3808471552 localFight=1 r=2
[00:01:02.637] [JOIN] INFO: [combat] order hand=1,524536128 tgt=1,1667968768 localFight=0 r=2
[00:01:02.637] [JOIN] INFO: [combat] order hand=3,3090698240 tgt=1,3808471552 localFight=1 r=2
[00:01:02.719] [JOIN] INFO: SCENARIO RECV hand=1,2637329152,1,1,3079467776 pos=-51241.39,1557.60,2839.35
[00:01:02.792] [JOIN] INFO: [combat] order hand=1,524536128 tgt=1,1667968768 localFight=0 r=2
[00:01:02.841] [JOIN] INFO: [combat] order hand=5,1919189504 tgt=1,3823120128 localFight=0 r=2
[00:01:03.142] [JOIN] INFO: [combat] order hand=3,3090698240 tgt=1,3808471552 localFight=0 r=2
[00:01:03.142] [JOIN] INFO: [combat] order hand=5,1919189504 tgt=1,3823120128 localFight=0 r=2
[00:01:03.218] [JOIN] INFO: SCENARIO RECV hand=1,2637329152,1,1,3079467776 pos=-51241.39,1557.60,2839.35
[00:01:03.218] [JOIN] INFO: SPIKE 9 unit role=J t=18016 hand=1,659667968 pos=-51227.53,1581.85,2666.50 body=0 combat=1
[00:01:03.218] [JOIN] INFO: SPIKE 9 unit role=J t=18016 hand=1,3808471552 pos=-51206.57,1583.44,2663.53 body=3 combat=0
[00:01:03.218] [JOIN] INFO: SPIKE 9 unit role=J t=18016 hand=1,1723144576 pos=-51236.05,1582.34,2642.96 body=0 combat=0
[00:01:03.218] [JOIN] INFO: SPIKE 9 unit role=J t=18016 hand=1,44189452 pos=-51153.88,1579.11,2670.33 body=0 combat=1
[00:01:03.218] [JOIN] INFO: SPIKE 9 unit role=J t=18016 hand=1,3427123968 pos=-51234.03,1581.99,2673.22 body=0 combat=1
[00:01:03.218] [JOIN] INFO: SPIKE 9 unit role=J t=18016 hand=5,1919189504 pos=-51215.46,1581.60,2654.83 body=0 combat=1
[00:01:03.218] [JOIN] INFO: SPIKE 9 unit role=J t=18016 hand=1,3823120128 pos=-51196.00,1583.21,2674.60 body=3 combat=0
[00:01:03.218] [JOIN] INFO: SPIKE 9 unit role=J t=18016 hand=1,524536128 pos=-51212.53,1580.99,2686.87 body=0 combat=0
[00:01:03.218] [JOIN] INFO: SPIKE 9 unit role=J t=18016 hand=1,3701660160 pos=-51255.95,1566.27,2784.48 body=3 combat=0
[00:01:03.218] [JOIN] INFO: SPIKE 9 unit role=J t=18016 hand=1,3736206080 pos=-51219.95,1548.19,2890.44 body=0 combat=1
[00:01:03.218] [JOIN] INFO: SPIKE 9 unit role=J t=18016 hand=1,2878051840 pos=-51236.80,1546.84,2893.44 body=0 combat=1
[00:01:03.218] [JOIN] INFO: SPIKE 9 unit role=J t=18016 hand=1,726928704 pos=-51238.56,1553.23,2867.37 body=0 combat=1
[00:01:03.218] [JOIN] INFO: SPIKE 9 unit role=J t=18016 hand=1,2366210816 pos=-51255.00,1553.96,2870.48 body=0 combat=1
[00:01:03.218] [JOIN] INFO: SPIKE 9 unit role=J t=18016 hand=1,3473144576 pos=-51257.44,1559.51,2835.58 body=0 combat=1
[00:01:03.218] [JOIN] INFO: SPIKE 9 unit role=J t=18016 hand=1,3229125888 pos=-51256.15,1560.66,2818.76 body=0 combat=1
[00:01:03.218] [JOIN] INFO: SPIKE 9 unit role=J t=18016 hand=1,766113280 pos=-51214.91,1556.87,2841.32 body=0 combat=1
[00:01:03.218] [JOIN] INFO: SPIKE 9 unit role=J t=18016 hand=1,1018920896 pos=-51199.44,1555.82,2843.67 body=0 combat=1
[00:01:03.218] [JOIN] INFO: SPIKE 9 unit role=J t=18016 hand=1,3788329984 pos=-51154.34,1644.78,2690.04 body=0 combat=1
[00:01:03.218] [JOIN] INFO: SPIKE 9 unit role=J t=18016 hand=1,3996215808 pos=-51286.84,1564.02,2734.87 body=0 combat=0
[00:01:03.218] [JOIN] INFO: SPIKE 9 unit role=J t=18016 hand=1,753417984 pos=-51283.68,1564.22,2803.51 body=0 combat=1
[00:01:03.218] [JOIN] INFO: SPIKE 9 unit role=J t=18016 hand=1,469482432 pos=-51043.18,1540.35,2815.44 body=0 combat=1
[00:01:03.218] [JOIN] INFO: SPIKE 9 unit role=J t=18016 hand=1,3688842752 pos=-51051.97,1537.09,2900.94 body=0 combat=0
[00:01:03.218] [JOIN] INFO: SPIKE 9 units role=J t=18016 n=22
[00:01:03.293] [JOIN] INFO: [combat] order hand=1,524536128 tgt=1,1667968768 localFight=0 r=2
[00:01:03.293] [JOIN] INFO: [combat] order hand=3,3090698240 tgt=1,3808471552 localFight=0 r=2
[00:01:03.293] [JOIN] INFO: [combat] order hand=5,1919189504 tgt=1,3823120128 localFight=0 r=2
[00:01:03.449] [JOIN] INFO: [combat] order hand=1,524536128 tgt=1,1667968768 localFight=0 r=2
[00:01:03.449] [JOIN] INFO: [combat] order hand=3,3090698240 tgt=1,3808471552 localFight=0 r=2
[00:01:03.450] [JOIN] INFO: [combat] order hand=5,1919189504 tgt=1,3823120128 localFight=0 r=2
[00:01:03.548] [JOIN] INFO: [combat] order hand=3,3090698240 tgt=1,3808471552 localFight=0 r=2
[00:01:03.599] [JOIN] INFO: [combat] order hand=1,524536128 tgt=1,1667968768 localFight=0 r=2
[00:01:03.599] [JOIN] INFO: [combat] order hand=5,1919189504 tgt=1,3823120128 localFight=0 r=2
[00:01:03.699] [JOIN] INFO: [combat] order hand=1,524536128 tgt=1,1667968768 localFight=0 r=2
[00:01:03.699] [JOIN] INFO: [combat] order hand=3,3090698240 tgt=1,3808471552 localFight=1 r=2
[00:01:03.716] [JOIN] INFO: SCENARIO RECV hand=1,2637329152,1,1,3079467776 pos=-51241.39,1557.60,2839.35
[00:01:03.750] [JOIN] INFO: [combat] order hand=5,1919189504 tgt=1,3823120128 localFight=0 r=2
[00:01:03.857] [JOIN] INFO: [combat] order hand=1,524536128 tgt=1,1667968768 localFight=0 r=2
[00:01:03.857] [JOIN] INFO: [combat] order hand=3,3090698240 tgt=1,3808471552 localFight=1 r=2
[00:01:03.990] [JOIN] INFO: [gate] hand=3,3090698240 host=65535 local=61  agree=950/2030 (46%)
[00:01:04.007] [JOIN] INFO: [combat] order hand=3,3090698240 tgt=1,3808471552 localFight=1 r=2
[00:01:04.214] [JOIN] INFO: SCENARIO RECV hand=1,2637329152,1,1,3079467776 pos=-51241.39,1557.60,2839.35
[00:01:04.404] [JOIN] INFO: [combat] order hand=1,524536128 tgt=1,1667968768 localFight=0 r=2
[00:01:04.404] [JOIN] INFO: [combat] order hand=3,3090698240 tgt=1,3808471552 localFight=0 r=2
[00:01:04.563] [JOIN] INFO: [combat] order hand=1,524536128 tgt=1,1667968768 localFight=0 r=2
[00:01:04.563] [JOIN] INFO: [combat] order hand=3,3090698240 tgt=1,3808471552 localFight=0 r=2
[00:01:04.664] [JOIN] INFO: [combat] order hand=3,3090698240 tgt=1,3808471552 localFight=0 r=2
[00:01:04.706] [JOIN] INFO: [combat] order hand=1,524536128 tgt=1,1667968768 localFight=0 r=2
[00:01:04.714] [JOIN] INFO: SCENARIO RECV hand=1,2637329152,1,1,3079467776 pos=-51241.39,1557.60,2839.35
[00:01:04.714] [JOIN] INFO: SPIKE 9 unit role=J t=19516 hand=1,659667968 pos=-51227.53,1581.85,2666.50 body=0 combat=1
[00:01:04.714] [JOIN] INFO: SPIKE 9 unit role=J t=19516 hand=1,3808471552 pos=-51206.57,1583.44,2663.53 body=3 combat=0
[00:01:04.714] [JOIN] INFO: SPIKE 9 unit role=J t=19516 hand=1,1723144576 pos=-51236.05,1582.34,2642.96 body=0 combat=0
[00:01:04.714] [JOIN] INFO: SPIKE 9 unit role=J t=19516 hand=1,44189452 pos=-51153.88,1579.11,2670.33 body=0 combat=1
[00:01:04.714] [JOIN] INFO: SPIKE 9 unit role=J t=19516 hand=1,3427123968 pos=-51234.03,1581.99,2673.22 body=0 combat=1
[00:01:04.714] [JOIN] INFO: SPIKE 9 unit role=J t=19516 hand=5,1919189504 pos=-51214.77,1581.60,2654.18 body=0 combat=1
[00:01:04.714] [JOIN] INFO: SPIKE 9 unit role=J t=19516 hand=1,3823120128 pos=-51196.00,1583.21,2674.60 body=3 combat=0
[00:01:04.714] [JOIN] INFO: SPIKE 9 unit role=J t=19516 hand=1,524536128 pos=-51212.58,1580.99,2686.81 body=0 combat=0
[00:01:04.714] [JOIN] INFO: SPIKE 9 unit role=J t=19516 hand=1,3701660160 pos=-51255.95,1566.27,2784.48 body=3 combat=0
[00:01:04.714] [JOIN] INFO: SPIKE 9 unit role=J t=19516 hand=1,3736206080 pos=-51223.54,1547.84,2890.79 body=0 combat=1
[00:01:04.714] [JOIN] INFO: SPIKE 9 unit role=J t=19516 hand=1,2878051840 pos=-51241.51,1546.11,2896.19 body=0 combat=1
[00:01:04.714] [JOIN] INFO: SPIKE 9 unit role=J t=19516 hand=1,726928704 pos=-51236.38,1553.19,2867.57 body=0 combat=1
[00:01:04.714] [JOIN] INFO: SPIKE 9 unit role=J t=19516 hand=1,2366210816 pos=-51254.84,1553.96,2870.32 body=0 combat=1
[00:01:04.714] [JOIN] INFO: SPIKE 9 unit role=J t=19516 hand=1,3473144576 pos=-51253.60,1560.12,2823.20 body=0 combat=1
[00:01:04.714] [JOIN] INFO: SPIKE 9 unit role=J t=19516 hand=1,3229125888 pos=-51253.59,1560.87,2813.92 body=0 combat=1
[00:01:04.714] [JOIN] INFO: SPIKE 9 unit role=J t=19516 hand=1,766113280 pos=-51214.22,1556.82,2842.28 body=0 combat=1
[00:01:04.714] [JOIN] INFO: SPIKE 9 unit role=J t=19516 hand=1,1018920896 pos=-51198.96,1555.29,2848.94 body=0 combat=1
[00:01:04.715] [JOIN] INFO: SPIKE 9 unit role=J t=19516 hand=1,3788329984 pos=-51154.34,1644.78,2690.04 body=0 combat=1
[00:01:04.715] [JOIN] INFO: SPIKE 9 unit role=J t=19516 hand=1,3996215808 pos=-51286.84,1564.02,2734.87 body=0 combat=0
[00:01:04.715] [JOIN] INFO: SPIKE 9 unit role=J t=19516 hand=1,753417984 pos=-51289.80,1564.78,2815.43 body=0 combat=1
[00:01:04.715] [JOIN] INFO: SPIKE 9 unit role=J t=19516 hand=1,469482432 pos=-51043.18,1540.35,2815.44 body=0 combat=1
[00:01:04.715] [JOIN] INFO: SPIKE 9 unit role=J t=19516 hand=1,3688842752 pos=-51051.97,1537.09,2900.94 body=0 combat=0
[00:01:04.715] [JOIN] INFO: SPIKE 9 units role=J t=19516 n=22
[00:01:04.814] [JOIN] INFO: [combat] order hand=1,524536128 tgt=1,1667968768 localFight=0 r=2
[00:01:04.814] [JOIN] INFO: [combat] order hand=3,3090698240 tgt=1,3808471552 localFight=1 r=2
[00:01:04.961] [JOIN] INFO: [combat] order hand=1,524536128 tgt=1,1667968768 localFight=1 r=2
[00:01:04.961] [JOIN] INFO: [combat] order hand=3,3090698240 tgt=1,3808471552 localFight=1 r=2
[00:01:05.011] [JOIN] INFO: [combat] order hand=5,1919189504 tgt=1,3823120128 localFight=0 r=2
[00:01:05.110] [JOIN] INFO: [combat] order hand=1,524536128 tgt=1,1667968768 localFight=0 r=2
[00:01:05.168] [JOIN] INFO: [combat] order hand=5,1919189504 tgt=1,3823120128 localFight=0 r=2
[00:01:05.217] [JOIN] INFO: SCENARIO RECV hand=1,2637329152,1,1,3079467776 pos=-51241.39,1557.60,2839.35
[00:01:05.267] [JOIN] INFO: [combat] order hand=1,524536128 tgt=1,1667968768 localFight=0 r=2
[00:01:05.315] [JOIN] INFO: [combat] order hand=5,1919189504 tgt=1,3823120128 localFight=1 r=2
[00:01:05.469] [JOIN] INFO: [combat] order hand=3,3090698240 tgt=1,3808471552 localFight=0 r=2
[00:01:05.469] [JOIN] INFO: [combat] order hand=5,1919189504 tgt=1,3823120128 localFight=0 r=2
[00:01:05.615] [JOIN] INFO: [combat] order hand=1,524536128 tgt=1,1667968768 localFight=0 r=2
[00:01:05.615] [JOIN] INFO: [combat] order hand=3,3090698240 tgt=1,3808471552 localFight=0 r=2
[00:01:05.615] [JOIN] INFO: [combat] order hand=5,1919189504 tgt=1,3823120128 localFight=0 r=2
[00:01:05.713] [JOIN] INFO: SCENARIO RECV hand=1,2637329152,1,1,3079467776 pos=-51241.39,1557.60,2839.35
[00:01:05.770] [JOIN] INFO: [combat] order hand=1,524536128 tgt=1,1667968768 localFight=0 r=2
[00:01:05.770] [JOIN] INFO: [combat] order hand=3,3090698240 tgt=1,3808471552 localFight=0 r=2
[00:01:05.770] [JOIN] INFO: [combat] order hand=5,1919189504 tgt=1,3823120128 localFight=1 r=2
[00:01:05.876] [JOIN] INFO: [combat] order hand=3,3090698240 tgt=1,3808471552 localFight=0 r=2
[00:01:05.923] [JOIN] INFO: [combat] order hand=1,524536128 tgt=1,1667968768 localFight=0 r=2
[00:01:05.923] [JOIN] INFO: [combat] order hand=5,1919189504 tgt=1,3823120128 localFight=1 r=2
[00:01:05.997] [JOIN] INFO: [gate] hand=3,3090698240 host=65535 local=61  agree=1068/2285 (46%)
[00:01:06.022] [JOIN] INFO: [combat] order hand=1,524536128 tgt=1,1667968768 localFight=0 r=2
[00:01:06.022] [JOIN] INFO: [combat] order hand=3,3090698240 tgt=1,3808471552 localFight=1 r=2
[00:01:06.080] [JOIN] INFO: [combat] order hand=5,1919189504 tgt=1,3823120128 localFight=0 r=2
[00:01:06.179] [JOIN] INFO: [combat] order hand=1,524536128 tgt=1,1667968768 localFight=0 r=2
[00:01:06.179] [JOIN] INFO: [combat] order hand=3,3090698240 tgt=1,3808471552 localFight=1 r=2
[00:01:06.213] [JOIN] INFO: SCENARIO RECV hand=1,2637329152,1,1,3079467776 pos=-51241.39,1557.60,2839.35
[00:01:06.213] [JOIN] INFO: SPIKE 9 unit role=J t=21016 hand=1,659667968 pos=-51227.53,1581.85,2666.50 body=0 combat=1
[00:01:06.213] [JOIN] INFO: SPIKE 9 unit role=J t=21016 hand=1,3808471552 pos=-51206.57,1583.44,2663.53 body=3 combat=0
[00:01:06.213] [JOIN] INFO: SPIKE 9 unit role=J t=21016 hand=1,1723144576 pos=-51236.05,1582.34,2642.96 body=0 combat=0
[00:01:06.213] [JOIN] INFO: SPIKE 9 unit role=J t=21016 hand=1,44189452 pos=-51153.88,1579.11,2670.33 body=0 combat=1
[00:01:06.213] [JOIN] INFO: SPIKE 9 unit role=J t=21016 hand=1,3427123968 pos=-51234.03,1581.99,2673.22 body=0 combat=1
[00:01:06.213] [JOIN] INFO: SPIKE 9 unit role=J t=21016 hand=5,1919189504 pos=-51217.27,1581.73,2653.12 body=0 combat=0
[00:01:06.213] [JOIN] INFO: SPIKE 9 unit role=J t=21016 hand=1,3823120128 pos=-51196.00,1583.21,2674.60 body=3 combat=0
[00:01:06.213] [JOIN] INFO: SPIKE 9 unit role=J t=21016 hand=1,524536128 pos=-51212.58,1581.01,2686.80 body=0 combat=1
[00:01:06.213] [JOIN] INFO: SPIKE 9 unit role=J t=21016 hand=1,3701660160 pos=-51255.95,1566.27,2784.48 body=3 combat=0
[00:01:06.213] [JOIN] INFO: SPIKE 9 unit role=J t=21016 hand=1,3736206080 pos=-51224.10,1547.81,2890.76 body=0 combat=1
[00:01:06.213] [JOIN] INFO: SPIKE 9 unit role=J t=21016 hand=1,2878051840 pos=-51241.44,1546.04,2896.44 body=0 combat=1
[00:01:06.213] [JOIN] INFO: SPIKE 9 unit role=J t=21016 hand=1,726928704 pos=-51235.68,1553.44,2866.33 body=0 combat=1
[00:01:06.213] [JOIN] INFO: SPIKE 9 unit role=J t=21016 hand=1,2366210816 pos=-51247.86,1553.08,2869.52 body=0 combat=1
[00:01:06.213] [JOIN] INFO: SPIKE 9 unit role=J t=21016 hand=1,3473144576 pos=-51251.99,1560.41,2818.52 body=0 combat=1
[00:01:06.213] [JOIN] INFO: SPIKE 9 unit role=J t=21016 hand=1,3229125888 pos=-51255.50,1561.32,2808.50 body=0 combat=1
[00:01:06.213] [JOIN] INFO: SPIKE 9 unit role=J t=21016 hand=1,766113280 pos=-51207.86,1555.05,2858.72 body=0 combat=1
[00:01:06.213] [JOIN] INFO: SPIKE 9 unit role=J t=21016 hand=1,1018920896 pos=-51201.46,1553.48,2867.45 body=0 combat=1
[00:01:06.213] [JOIN] INFO: SPIKE 9 unit role=J t=21016 hand=1,3788329984 pos=-51154.34,1644.78,2690.04 body=0 combat=1
[00:01:06.213] [JOIN] INFO: SPIKE 9 unit role=J t=21016 hand=1,3996215808 pos=-51286.84,1564.02,2734.87 body=0 combat=0
[00:01:06.213] [JOIN] INFO: SPIKE 9 unit role=J t=21016 hand=1,753417984 pos=-51292.68,1565.11,2814.70 body=0 combat=1
[00:01:06.213] [JOIN] INFO: SPIKE 9 unit role=J t=21016 hand=1,469482432 pos=-51043.18,1540.35,2815.44 body=0 combat=1
[00:01:06.213] [JOIN] INFO: SPIKE 9 unit role=J t=21016 hand=1,3688842752 pos=-51051.97,1537.09,2900.94 body=0 combat=0
[00:01:06.213] [JOIN] INFO: SPIKE 9 units role=J t=21016 n=22
[00:01:06.230] [JOIN] INFO: [combat] order hand=5,1919189504 tgt=1,3823120128 localFight=0 r=2
[00:01:06.323] [JOIN] INFO: [combat] order hand=3,3090698240 tgt=1,3808471552 localFight=1 r=2
[00:01:06.718] [JOIN] INFO: SCENARIO RECV hand=1,2637329152,1,1,3079467776 pos=-51241.39,1557.60,2839.35
[00:01:06.735] [JOIN] INFO: [combat] order hand=1,524536128 tgt=1,1667968768 localFight=0 r=2
[00:01:06.735] [JOIN] INFO: [combat] order hand=3,3090698240 tgt=1,3808471552 localFight=0 r=2
[00:01:06.885] [JOIN] INFO: [combat] order hand=1,524536128 tgt=1,1667968768 localFight=0 r=2
[00:01:06.885] [JOIN] INFO: [combat] order hand=3,3090698240 tgt=1,3808471552 localFight=0 r=2
[00:01:06.885] [JOIN] INFO: [combat] order hand=5,1919189504 tgt=1,3823120128 localFight=0 r=2
[00:01:07.033] [JOIN] INFO: [combat] order hand=1,524536128 tgt=1,1667968768 localFight=0 r=2
[00:01:07.033] [JOIN] INFO: [combat] order hand=3,3090698240 tgt=1,3808471552 localFight=0 r=2
[00:01:07.033] [JOIN] INFO: [combat] order hand=5,1919189504 tgt=1,3823120128 localFight=0 r=2
[00:01:07.137] [JOIN] INFO: [combat] order hand=3,3090698240 tgt=1,3808471552 localFight=0 r=2
[00:01:07.185] [JOIN] INFO: [combat] order hand=1,524536128 tgt=1,1667968768 localFight=0 r=2
[00:01:07.218] [JOIN] INFO: SCENARIO RECV hand=1,2637329152,1,1,3079467776 pos=-51241.39,1557.60,2839.35
[00:01:07.291] [JOIN] INFO: [combat] order hand=3,3090698240 tgt=1,3808471552 localFight=1 r=2
[00:01:07.440] [JOIN] INFO: [combat] order hand=3,3090698240 tgt=1,3808471552 localFight=1 r=2
[00:01:07.594] [JOIN] INFO: [combat] order hand=3,3090698240 tgt=1,3808471552 localFight=1 r=2
[00:01:07.713] [JOIN] INFO: SCENARIO RECV hand=1,2637329152,1,1,3079467776 pos=-51241.39,1557.60,2839.35
[00:01:07.713] [JOIN] INFO: SPIKE 9 unit role=J t=22516 hand=1,659667968 pos=-51227.53,1581.85,2666.50 body=0 combat=1
[00:01:07.713] [JOIN] INFO: SPIKE 9 unit role=J t=22516 hand=1,3808471552 pos=-51206.57,1583.44,2663.53 body=3 combat=0
[00:01:07.713] [JOIN] INFO: SPIKE 9 unit role=J t=22516 hand=1,1723144576 pos=-51236.05,1582.34,2642.96 body=0 combat=0
[00:01:07.713] [JOIN] INFO: SPIKE 9 unit role=J t=22516 hand=1,44189452 pos=-51153.88,1579.11,2670.33 body=0 combat=1
[00:01:07.713] [JOIN] INFO: SPIKE 9 unit role=J t=22516 hand=1,3427123968 pos=-51234.03,1581.99,2673.22 body=0 combat=1
[00:01:07.713] [JOIN] INFO: SPIKE 9 unit role=J t=22516 hand=5,1919189504 pos=-51217.66,1581.67,2652.26 body=0 combat=1
[00:01:07.713] [JOIN] INFO: SPIKE 9 unit role=J t=22516 hand=1,3823120128 pos=-51196.00,1583.21,2674.60 body=3 combat=0
[00:01:07.713] [JOIN] INFO: SPIKE 9 unit role=J t=22516 hand=1,524536128 pos=-51211.86,1581.00,2686.64 body=0 combat=1
[00:01:07.713] [JOIN] INFO: SPIKE 9 unit role=J t=22516 hand=1,3701660160 pos=-51255.95,1566.27,2784.48 body=3 combat=0
[00:01:07.713] [JOIN] INFO: SPIKE 9 unit role=J t=22516 hand=1,3736206080 pos=-51220.82,1548.28,2889.83 body=0 combat=1
[00:01:07.713] [JOIN] INFO: SPIKE 9 unit role=J t=22516 hand=1,2878051840 pos=-51234.61,1546.35,2895.30 body=0 combat=1
[00:01:07.713] [JOIN] INFO: SPIKE 9 unit role=J t=22516 hand=1,726928704 pos=-51235.40,1553.45,2866.26 body=0 combat=1
[00:01:07.713] [JOIN] INFO: SPIKE 9 unit role=J t=22516 hand=1,2366210816 pos=-51249.66,1553.30,2869.78 body=0 combat=1
[00:01:07.713] [JOIN] INFO: SPIKE 9 unit role=J t=22516 hand=1,3473144576 pos=-51249.42,1559.82,2823.48 body=0 combat=1
[00:01:07.713] [JOIN] INFO: SPIKE 9 unit role=J t=22516 hand=1,3229125888 pos=-51261.41,1561.59,2808.85 body=0 combat=1
[00:01:07.713] [JOIN] INFO: SPIKE 9 unit role=J t=22516 hand=1,766113280 pos=-51209.58,1555.02,2860.45 body=0 combat=1
[00:01:07.714] [JOIN] INFO: SPIKE 9 unit role=J t=22516 hand=1,1018920896 pos=-51199.09,1552.00,2875.47 body=0 combat=1
[00:01:07.714] [JOIN] INFO: SPIKE 9 unit role=J t=22516 hand=1,3788329984 pos=-51154.34,1644.78,2690.04 body=0 combat=0
[00:01:07.714] [JOIN] INFO: SPIKE 9 unit role=J t=22516 hand=1,3996215808 pos=-51286.84,1564.02,2734.87 body=0 combat=0
[00:01:07.714] [JOIN] INFO: SPIKE 9 unit role=J t=22516 hand=1,753417984 pos=-51299.91,1565.96,2825.74 body=0 combat=1
[00:01:07.714] [JOIN] INFO: SPIKE 9 unit role=J t=22516 hand=1,469482432 pos=-51043.18,1540.35,2815.44 body=0 combat=1
[00:01:07.714] [JOIN] INFO: SPIKE 9 unit role=J t=22516 hand=1,3688842752 pos=-51051.97,1537.09,2900.94 body=0 combat=0
[00:01:07.714] [JOIN] INFO: SPIKE 9 units role=J t=22516 n=22
[00:01:07.743] [JOIN] INFO: [event] RECV id=5 ev=1 owner=0 hand=1,16,2766845696,1,753417984 actor=2,2703369216
[00:01:07.841] [JOIN] INFO: [combat] order hand=1,524536128 tgt=1,1667968768 localFight=0 r=2
[00:01:07.996] [JOIN] INFO: [combat] order hand=1,524536128 tgt=1,1667968768 localFight=0 r=2
[00:01:07.996] [JOIN] INFO: [combat] order hand=3,3090698240 tgt=1,3808471552 localFight=0 r=2
[00:01:08.043] [JOIN] INFO: [gate] hand=1,524536128 host=65535 local=1  agree=1180/2508 (47%)
[00:01:08.092] [JOIN] INFO: [combat] order hand=3,3090698240 tgt=1,3808471552 localFight=0 r=2
[00:01:08.151] [JOIN] INFO: [combat] order hand=1,524536128 tgt=1,1667968768 localFight=0 r=2
[00:01:08.216] [JOIN] INFO: SCENARIO RECV hand=1,2637329152,1,1,3079467776 pos=-51241.39,1557.60,2839.35
[00:01:08.249] [JOIN] INFO: [combat] order hand=1,524536128 tgt=1,1667968768 localFight=0 r=2
[00:01:08.249] [JOIN] INFO: [combat] order hand=3,3090698240 tgt=1,3808471552 localFight=0 r=2
[00:01:08.402] [JOIN] INFO: [combat] order hand=1,524536128 tgt=1,1667968768 localFight=0 r=2
[00:01:08.402] [JOIN] INFO: [combat] order hand=3,3090698240 tgt=1,3808471552 localFight=0 r=2
[00:01:08.554] [JOIN] INFO: [combat] order hand=1,524536128 tgt=1,1667968768 localFight=0 r=2
[00:01:08.595] [JOIN] INFO: [combat] order hand=5,1919189504 tgt=1,3823120128 localFight=0 r=2
[00:01:08.706] [JOIN] INFO: [combat] order hand=1,524536128 tgt=1,1667968768 localFight=0 r=2
[00:01:08.714] [JOIN] INFO: SCENARIO RECV hand=1,2637329152,1,1,3079467776 pos=-51241.39,1557.60,2839.35
[00:01:08.754] [JOIN] INFO: [combat] order hand=5,1919189504 tgt=1,3823120128 localFight=0 r=2
[00:01:09.217] [JOIN] INFO: SCENARIO RECV hand=1,2637329152,1,1,3079467776 pos=-51241.39,1557.60,2839.35
[00:01:09.217] [JOIN] INFO: SPIKE 9 unit role=J t=24016 hand=1,659667968 pos=-51227.53,1581.85,2666.50 body=0 combat=1
[00:01:09.217] [JOIN] INFO: SPIKE 9 unit role=J t=24016 hand=1,3808471552 pos=-51206.57,1583.44,2663.53 body=3 combat=0
[00:01:09.217] [JOIN] INFO: SPIKE 9 unit role=J t=24016 hand=1,1723144576 pos=-51236.05,1582.34,2642.96 body=0 combat=0
[00:01:09.217] [JOIN] INFO: SPIKE 9 unit role=J t=24016 hand=1,44189452 pos=-51153.88,1579.11,2670.33 body=0 combat=1
[00:01:09.217] [JOIN] INFO: SPIKE 9 unit role=J t=24016 hand=1,3427123968 pos=-51234.03,1581.99,2673.22 body=0 combat=1
[00:01:09.217] [JOIN] INFO: SPIKE 9 unit role=J t=24016 hand=5,1919189504 pos=-51218.59,1581.73,2651.66 body=0 combat=1
[00:01:09.217] [JOIN] INFO: SPIKE 9 unit role=J t=24016 hand=1,3823120128 pos=-51196.00,1583.21,2674.60 body=3 combat=0
[00:01:09.217] [JOIN] INFO: SPIKE 9 unit role=J t=24016 hand=1,524536128 pos=-51212.30,1581.00,2687.16 body=0 combat=1
[00:01:09.217] [JOIN] INFO: SPIKE 9 unit role=J t=24016 hand=1,3701660160 pos=-51255.95,1566.27,2784.48 body=3 combat=0
[00:01:09.217] [JOIN] INFO: SPIKE 9 unit role=J t=24016 hand=1,3736206080 pos=-51222.20,1547.99,2890.56 body=0 combat=1
[00:01:09.217] [JOIN] INFO: SPIKE 9 unit role=J t=24016 hand=1,2878051840 pos=-51236.48,1546.15,2896.06 body=0 combat=1
[00:01:09.217] [JOIN] INFO: SPIKE 9 unit role=J t=24016 hand=1,726928704 pos=-51220.30,1554.64,2861.22 body=0 combat=1
[00:01:09.217] [JOIN] INFO: SPIKE 9 unit role=J t=24016 hand=1,2366210816 pos=-51230.16,1553.34,2866.64 body=0 combat=1
[00:01:09.217] [JOIN] INFO: SPIKE 9 unit role=J t=24016 hand=1,3473144576 pos=-51250.23,1559.96,2822.44 body=0 combat=1
[00:01:09.217] [JOIN] INFO: SPIKE 9 unit role=J t=24016 hand=1,3229125888 pos=-51263.07,1561.76,2807.61 body=0 combat=1
[00:01:09.217] [JOIN] INFO: SPIKE 9 unit role=J t=24016 hand=1,766113280 pos=-51208.91,1554.91,2861.08 body=0 combat=1
[00:01:09.217] [JOIN] INFO: SPIKE 9 unit role=J t=24016 hand=1,1018920896 pos=-51197.59,1550.85,2881.51 body=0 combat=1
[00:01:09.217] [JOIN] INFO: SPIKE 9 unit role=J t=24016 hand=1,3788329984 pos=-51154.34,1644.78,2690.04 body=0 combat=0
[00:01:09.217] [JOIN] INFO: SPIKE 9 unit role=J t=24016 hand=1,3996215808 pos=-51286.84,1564.02,2734.87 body=0 combat=0
[00:01:09.217] [JOIN] INFO: SPIKE 9 unit role=J t=24016 hand=1,753417984 pos=-51298.46,1566.11,2831.90 body=3 combat=0
[00:01:09.217] [JOIN] INFO: SPIKE 9 unit role=J t=24016 hand=1,469482432 pos=-51043.18,1540.35,2815.44 body=0 combat=1
[00:01:09.217] [JOIN] INFO: SPIKE 9 unit role=J t=24016 hand=1,3688842752 pos=-51051.97,1537.09,2900.94 body=0 combat=0
[00:01:09.217] [JOIN] INFO: SPIKE 9 units role=J t=24016 n=22
[00:01:09.713] [JOIN] INFO: SCENARIO RECV hand=1,2637329152,1,1,3079467776 pos=-51241.39,1557.60,2839.35
[00:01:09.905] [JOIN] INFO: [combat] order hand=3,3090698240 tgt=1,3808471552 localFight=0 r=2
[00:01:10.209] [JOIN] INFO: [combat] order hand=1,524536128 tgt=1,1667968768 localFight=0 r=2
[00:01:10.215] [JOIN] INFO: SCENARIO RECV hand=1,2637329152,1,1,3079467776 pos=-51241.39,1557.60,2839.35
[00:01:10.337] [JOIN] INFO: [combat] order hand=5,1919189504 tgt=1,3823120128 localFight=0 r=2
[00:01:10.716] [JOIN] INFO: SCENARIO RECV hand=1,2637329152,1,1,3079467776 pos=-51241.39,1557.60,2839.35
[00:01:10.716] [JOIN] INFO: SPIKE 9 unit role=J t=25516 hand=1,659667968 pos=-51227.53,1581.85,2666.50 body=0 combat=1
[00:01:10.716] [JOIN] INFO: SPIKE 9 unit role=J t=25516 hand=1,3808471552 pos=-51206.57,1583.44,2663.53 body=3 combat=0
[00:01:10.716] [JOIN] INFO: SPIKE 9 unit role=J t=25516 hand=1,1723144576 pos=-51236.05,1582.34,2642.96 body=0 combat=0
[00:01:10.716] [JOIN] INFO: SPIKE 9 unit role=J t=25516 hand=1,44189452 pos=-51153.88,1579.11,2670.33 body=0 combat=1
[00:01:10.716] [JOIN] INFO: SPIKE 9 unit role=J t=25516 hand=1,3427123968 pos=-51234.03,1581.99,2673.22 body=0 combat=1
[00:01:10.716] [JOIN] INFO: SPIKE 9 unit role=J t=25516 hand=5,1919189504 pos=-51218.29,1581.73,2652.47 body=0 combat=1
[00:01:10.716] [JOIN] INFO: SPIKE 9 unit role=J t=25516 hand=1,3823120128 pos=-51196.00,1583.21,2674.60 body=3 combat=0
[00:01:10.716] [JOIN] INFO: SPIKE 9 unit role=J t=25516 hand=1,524536128 pos=-51211.57,1580.96,2687.59 body=0 combat=1
[00:01:10.716] [JOIN] INFO: SPIKE 9 unit role=J t=25516 hand=1,3701660160 pos=-51255.95,1566.27,2784.48 body=3 combat=0
[00:01:10.716] [JOIN] INFO: SPIKE 9 unit role=J t=25516 hand=1,3736206080 pos=-51223.16,1547.90,2890.67 body=0 combat=1
[00:01:10.716] [JOIN] INFO: SPIKE 9 unit role=J t=25516 hand=1,2878051840 pos=-51236.33,1546.17,2895.97 body=0 combat=1
[00:01:10.717] [JOIN] INFO: SPIKE 9 unit role=J t=25516 hand=1,726928704 pos=-51218.91,1554.78,2860.19 body=0 combat=1
[00:01:10.717] [JOIN] INFO: SPIKE 9 unit role=J t=25516 hand=1,2366210816 pos=-51229.00,1553.23,2867.03 body=0 combat=1
[00:01:10.717] [JOIN] INFO: SPIKE 9 unit role=J t=25516 hand=1,3473144576 pos=-51255.00,1560.53,2819.46 body=0 combat=1
[00:01:10.717] [JOIN] INFO: SPIKE 9 unit role=J t=25516 hand=1,3229125888 pos=-51262.87,1561.72,2808.08 body=0 combat=1
[00:01:10.717] [JOIN] INFO: SPIKE 9 unit role=J t=25516 hand=1,766113280 pos=-51205.59,1553.53,2868.30 body=0 combat=1
[00:01:10.717] [JOIN] INFO: SPIKE 9 unit role=J t=25516 hand=1,1018920896 pos=-51198.98,1551.63,2877.69 body=0 combat=1
[00:01:10.717] [JOIN] INFO: SPIKE 9 unit role=J t=25516 hand=1,3788329984 pos=-51154.34,1644.78,2690.04 body=0 combat=0
[00:01:10.717] [JOIN] INFO: SPIKE 9 unit role=J t=25516 hand=1,3996215808 pos=-51286.84,1564.02,2734.87 body=0 combat=0
[00:01:10.717] [JOIN] INFO: SPIKE 9 unit role=J t=25516 hand=1,753417984 pos=-51297.96,1565.26,2832.37 body=3 combat=0
[00:01:10.717] [JOIN] INFO: SPIKE 9 unit role=J t=25516 hand=1,469482432 pos=-51043.18,1540.35,2815.44 body=0 combat=1
[00:01:10.717] [JOIN] INFO: SPIKE 9 unit role=J t=25516 hand=1,3688842752 pos=-51051.97,1537.09,2900.94 body=0 combat=0
[00:01:10.717] [JOIN] INFO: SPIKE 9 units role=J t=25516 n=22
[00:01:10.805] [JOIN] INFO: [authority] suppress NPC hand=1,3808471552 (streamed=0 local=22 supp=9)
[00:01:10.805] [JOIN] INFO: [authority] suppress NPC hand=5,1919189504 (streamed=0 local=22 supp=10)
[00:01:10.805] [JOIN] INFO: [authority] suppress NPC hand=1,3823120128 (streamed=0 local=22 supp=11)
[00:01:10.805] [JOIN] INFO: [authority] suppress NPC hand=1,524536128 (streamed=0 local=22 supp=12)
[00:01:10.805] [JOIN] INFO: [authority] suppress NPC hand=1,3701660160 (streamed=0 local=22 supp=13)
[00:01:10.805] [JOIN] INFO: [authority] suppress NPC hand=1,3736206080 (streamed=0 local=22 supp=14)
[00:01:10.805] [JOIN] INFO: [authority] suppress NPC hand=1,2878051840 (streamed=0 local=22 supp=15)
[00:01:10.805] [JOIN] INFO: [authority] suppress NPC hand=1,726928704 (streamed=0 local=22 supp=16)
[00:01:10.805] [JOIN] INFO: [authority] suppress NPC hand=1,2366210816 (streamed=0 local=22 supp=17)
[00:01:10.805] [JOIN] INFO: [authority] suppress NPC hand=1,3473144576 (streamed=0 local=22 supp=18)
[00:01:10.805] [JOIN] INFO: [authority] suppress NPC hand=1,3229125888 (streamed=0 local=22 supp=19)
[00:01:10.805] [JOIN] INFO: [authority] suppress NPC hand=1,766113280 (streamed=0 local=22 supp=20)
[00:01:10.805] [JOIN] INFO: [authority] suppress NPC hand=1,1018920896 (streamed=0 local=22 supp=21)
[00:01:10.805] [JOIN] INFO: [authority] suppress NPC hand=1,753417984 (streamed=0 local=22 supp=22)
[00:01:11.215] [JOIN] INFO: SCENARIO RECV hand=1,2637329152,1,1,3079467776 pos=-51241.39,1557.60,2839.35
[00:01:11.712] [JOIN] INFO: SCENARIO RECV hand=1,2637329152,1,1,3079467776 pos=-51241.39,1557.60,2839.35
[00:01:12.217] [JOIN] INFO: SCENARIO RECV hand=1,2637329152,1,1,3079467776 pos=-51241.39,1557.60,2839.35
[00:01:12.217] [JOIN] INFO: SPIKE 9 unit role=J t=27016 hand=1,659667968 pos=-51227.53,1581.85,2666.50 body=0 combat=1
[00:01:12.217] [JOIN] INFO: SPIKE 9 unit role=J t=27016 hand=1,3808471552 pos=-51206.57,1583.44,2663.53 body=3 combat=0
[00:01:12.217] [JOIN] INFO: SPIKE 9 unit role=J t=27016 hand=1,1723144576 pos=-51236.05,1582.34,2642.96 body=0 combat=0
[00:01:12.217] [JOIN] INFO: SPIKE 9 unit role=J t=27016 hand=1,44189452 pos=-51153.88,1579.11,2670.33 body=0 combat=1
[00:01:12.217] [JOIN] INFO: SPIKE 9 unit role=J t=27016 hand=1,3427123968 pos=-51234.03,1581.99,2673.22 body=0 combat=1
[00:01:12.217] [JOIN] INFO: SPIKE 9 unit role=J t=27016 hand=5,1919189504 pos=-51218.39,1581.74,2651.80 body=0 combat=0
[00:01:12.217] [JOIN] INFO: SPIKE 9 unit role=J t=27016 hand=1,3823120128 pos=-51196.00,1583.21,2674.60 body=3 combat=0
[00:01:12.217] [JOIN] INFO: SPIKE 9 unit role=J t=27016 hand=1,524536128 pos=-51211.53,1580.96,2687.60 body=0 combat=1
[00:01:12.217] [JOIN] INFO: SPIKE 9 unit role=J t=27016 hand=1,3701660160 pos=-51255.95,1566.27,2784.48 body=3 combat=0
[00:01:12.217] [JOIN] INFO: SPIKE 9 unit role=J t=27016 hand=1,3736206080 pos=-51223.30,1547.26,2890.69 body=0 combat=1
[00:01:12.217] [JOIN] INFO: SPIKE 9 unit role=J t=27016 hand=1,2878051840 pos=-51236.33,1545.82,2895.97 body=0 combat=1
[00:01:12.217] [JOIN] INFO: SPIKE 9 unit role=J t=27016 hand=1,726928704 pos=-51218.79,1553.56,2860.11 body=0 combat=1
[00:01:12.217] [JOIN] INFO: SPIKE 9 unit role=J t=27016 hand=1,2366210816 pos=-51229.10,1552.31,2866.63 body=0 combat=1
[00:01:12.217] [JOIN] INFO: SPIKE 9 unit role=J t=27016 hand=1,3473144576 pos=-51252.84,1559.18,2823.95 body=0 combat=1
[00:01:12.217] [JOIN] INFO: SPIKE 9 unit role=J t=27016 hand=1,3229125888 pos=-51262.87,1560.93,2808.08 body=0 combat=1
[00:01:12.217] [JOIN] INFO: SPIKE 9 unit role=J t=27016 hand=1,766113280 pos=-51204.59,1552.31,2870.32 body=0 combat=1
[00:01:12.217] [JOIN] INFO: SPIKE 9 unit role=J t=27016 hand=1,1018920896 pos=-51198.16,1551.05,2878.80 body=0 combat=1
[00:01:12.217] [JOIN] INFO: SPIKE 9 unit role=J t=27016 hand=1,3788329984 pos=-51154.34,1644.78,2690.04 body=0 combat=0
[00:01:12.217] [JOIN] INFO: SPIKE 9 unit role=J t=27016 hand=1,3996215808 pos=-51286.84,1564.02,2734.87 body=0 combat=0
[00:01:12.217] [JOIN] INFO: SPIKE 9 unit role=J t=27016 hand=1,753417984 pos=-51297.97,1565.26,2832.36 body=3 combat=0
[00:01:12.217] [JOIN] INFO: SPIKE 9 unit role=J t=27016 hand=1,469482432 pos=-51043.18,1540.35,2815.44 body=0 combat=1
[00:01:12.217] [JOIN] INFO: SPIKE 9 unit role=J t=27016 hand=1,3688842752 pos=-51051.97,1537.09,2900.94 body=0 combat=0
[00:01:12.217] [JOIN] INFO: SPIKE 9 units role=J t=27016 n=22
[00:01:12.716] [JOIN] INFO: SCENARIO RECV hand=1,2637329152,1,1,3079467776 pos=-51241.39,1557.60,2839.35
[00:01:13.215] [JOIN] INFO: SCENARIO RECV hand=1,2637329152,1,1,3079467776 pos=-51241.39,1557.60,2839.35
[00:01:13.715] [JOIN] INFO: SCENARIO RECV hand=1,2637329152,1,1,3079467776 pos=-51241.39,1557.60,2839.35
[00:01:13.715] [JOIN] INFO: SPIKE 9 unit role=J t=28516 hand=1,659667968 pos=-51227.53,1581.85,2666.50 body=0 combat=1
[00:01:13.715] [JOIN] INFO: SPIKE 9 unit role=J t=28516 hand=1,3808471552 pos=-51206.57,1583.44,2663.53 body=3 combat=0
[00:01:13.715] [JOIN] INFO: SPIKE 9 unit role=J t=28516 hand=1,1723144576 pos=-51236.05,1582.34,2642.96 body=0 combat=0
[00:01:13.715] [JOIN] INFO: SPIKE 9 unit role=J t=28516 hand=1,44189452 pos=-51153.88,1579.11,2670.33 body=0 combat=1
[00:01:13.715] [JOIN] INFO: SPIKE 9 unit role=J t=28516 hand=1,3427123968 pos=-51234.03,1581.99,2673.22 body=0 combat=1
[00:01:13.715] [JOIN] INFO: SPIKE 9 unit role=J t=28516 hand=5,1919189504 pos=-51218.39,1581.74,2651.80 body=0 combat=0
[00:01:13.715] [JOIN] INFO: SPIKE 9 unit role=J t=28516 hand=1,3823120128 pos=-51196.00,1583.21,2674.60 body=3 combat=0
[00:01:13.715] [JOIN] INFO: SPIKE 9 unit role=J t=28516 hand=1,524536128 pos=-51211.53,1580.96,2687.60 body=0 combat=1
[00:01:13.715] [JOIN] INFO: SPIKE 9 unit role=J t=28516 hand=1,3701660160 pos=-51255.95,1566.27,2784.48 body=3 combat=0
[00:01:13.715] [JOIN] INFO: SPIKE 9 unit role=J t=28516 hand=1,3736206080 pos=-51223.30,1547.26,2890.69 body=0 combat=1
[00:01:13.715] [JOIN] INFO: SPIKE 9 unit role=J t=28516 hand=1,2878051840 pos=-51236.33,1545.82,2895.97 body=0 combat=1
[00:01:13.715] [JOIN] INFO: SPIKE 9 unit role=J t=28516 hand=1,726928704 pos=-51218.79,1553.56,2860.11 body=0 combat=1
[00:01:13.715] [JOIN] INFO: SPIKE 9 unit role=J t=28516 hand=1,2366210816 pos=-51229.10,1552.31,2866.63 body=0 combat=1
[00:01:13.715] [JOIN] INFO: SPIKE 9 unit role=J t=28516 hand=1,3473144576 pos=-51252.84,1559.18,2823.95 body=0 combat=1
[00:01:13.715] [JOIN] INFO: SPIKE 9 unit role=J t=28516 hand=1,3229125888 pos=-51262.87,1560.93,2808.08 body=0 combat=1
[00:01:13.715] [JOIN] INFO: SPIKE 9 unit role=J t=28516 hand=1,766113280 pos=-51204.59,1552.31,2870.32 body=0 combat=1
[00:01:13.715] [JOIN] INFO: SPIKE 9 unit role=J t=28516 hand=1,1018920896 pos=-51198.16,1551.05,2878.80 body=0 combat=1
[00:01:13.715] [JOIN] INFO: SPIKE 9 unit role=J t=28516 hand=1,3788329984 pos=-51154.34,1644.78,2690.04 body=0 combat=0
[00:01:13.715] [JOIN] INFO: SPIKE 9 unit role=J t=28516 hand=1,3996215808 pos=-51286.84,1564.02,2734.87 body=0 combat=0
[00:01:13.715] [JOIN] INFO: SPIKE 9 unit role=J t=28516 hand=1,753417984 pos=-51297.97,1565.26,2832.36 body=3 combat=0
[00:01:13.715] [JOIN] INFO: SPIKE 9 unit role=J t=28516 hand=1,469482432 pos=-51043.18,1540.35,2815.44 body=0 combat=1
[00:01:13.715] [JOIN] INFO: SPIKE 9 unit role=J t=28516 hand=1,3688842752 pos=-51051.97,1537.09,2900.94 body=0 combat=0
[00:01:13.715] [JOIN] INFO: SPIKE 9 units role=J t=28516 n=22
[00:01:14.216] [JOIN] INFO: SCENARIO RECV hand=1,2637329152,1,1,3079467776 pos=-51241.39,1557.60,2839.35
[00:01:14.255] [JOIN] INFO: [net] disconnected from host
[00:01:14.256] [JOIN] INFO: handshake: peer left id=4294967295
[00:01:14.306] [JOIN] INFO: [net] reconnecting
[00:01:14.714] [JOIN] INFO: SCENARIO RECV hand=1,2637329152,1,1,3079467776 pos=-51241.39,1557.60,2839.35
[00:01:15.197] [JOIN] INFO: SCENARIO SMOOTH active=1237 zeroWhileActive=1188 zeroFrac=0.960 maxStep=19.482
[00:01:15.197] [JOIN] INFO: SCENARIO ANIM translate=49 walkTruth=5 floatFrac=0.898
[00:01:15.197] [JOIN] INFO: SCENARIO MARCH restSamples=4465 march=0 marchFrac=0.000
[00:01:15.197] [JOIN] INFO: SCENARIO RESULT PASS
