[06:08:52.218] [HOST] INFO: log opened
[06:08:52.218] [HOST] INFO: KenshiCoop loaded! (clean rebuild)
[06:08:52.218] [HOST] INFO: KenshiCoop: build Jun 20 2026 06:08:12
[06:08:52.218] [HOST] INFO: KenshiCoop: role=HOST proto=v11 port=27800 save='c'
[06:08:52.254] [HOST] INFO: KenshiCoop: ownership ranks = {0} (bidirectional presence)
[06:08:52.289] [HOST] INFO: KenshiCoop: auto-load armed for save 'c'
[06:08:52.289] [HOST] INFO: KenshiCoop: test mode - self-exit 16 s after gameplay starts
[06:08:52.289] [HOST] INFO: KenshiCoop: scenario armed 'spike'
[06:08:52.289] [HOST] INFO: KenshiCoop: starting as HOST
[06:08:52.290] [HOST] INFO: [net] hosting
[06:08:58.557] [HOST] INFO: KenshiCoop: auto-load issued for save 'c' (after 5000 ms settle)
[06:09:02.975] [HOST] INFO: [net] peer connecting (awaiting HELLO)
[06:09:02.975] [HOST] INFO: [net] peer connected id=1 (proto v11)
[06:09:02.975] [HOST] INFO: handshake: peer present id=1 (local id=0)
[06:09:08.455] [HOST] INFO: KenshiCoop: gameplay started
[06:09:08.456] [HOST] INFO: SCENARIO spike start
[06:09:08.456] [HOST] INFO: SPIKE 36 start id=36 host=1
[06:09:08.458] [HOST] INFO: SCENARIO MEMBER hand=1,2637329152,1,1,3079467776 pos=-51234.47,1547.65,2851.09
[06:09:08.466] [HOST] INFO: SCENARIO MEMBER hand=1,2637329152,1,1,3079467776 pos=-51234.47,1555.93,2851.09
[06:09:08.473] [HOST] INFO: SCENARIO MEMBER hand=1,2637329152,1,1,3079467776 pos=-51234.47,1555.93,2851.09
[06:09:08.514] [HOST] INFO: [taskkey] key=1 desc='Moving' repro=0 subject=1
[06:09:08.583] [HOST] INFO: [taskkey] key=51 desc='Stand at node' repro=0 subject=1
[06:09:08.973] [HOST] INFO: SCENARIO MEMBER hand=1,2637329152,1,1,3079467776 pos=-51234.47,1555.93,2851.09
[06:09:09.472] [HOST] INFO: SCENARIO MEMBER hand=1,2637329152,1,1,3079467776 pos=-51234.47,1555.93,2851.09
[06:09:09.472] [HOST] INFO: SPIKE 36 msg t=1016 n=1 ok=1 text="KENSHICOOP SPIKE 36 NOTIFY #1"
[06:09:09.661] [HOST] INFO: [taskkey] key=87 desc='Operating machine' repro=1 subject=1
[06:09:09.661] [HOST] INFO: [seatres] HOST task=87 npc=1,3996215808 subj=514,2909912064 ok=1 npcpos=-51197.7,2664.4 subjpos=-51206.5,2659.7 d=10.0
[06:09:09.974] [HOST] INFO: SCENARIO MEMBER hand=1,2637329152,1,1,3079467776 pos=-51234.47,1555.93,2851.09
[06:09:10.476] [HOST] INFO: SCENARIO MEMBER hand=1,2637329152,1,1,3079467776 pos=-51234.47,1555.93,2851.09
[06:09:10.476] [HOST] INFO: SPIKE 36 msg t=2016 n=2 ok=1 text="KENSHICOOP SPIKE 36 NOTIFY #2"
[06:09:10.971] [HOST] INFO: SCENARIO MEMBER hand=1,2637329152,1,1,3079467776 pos=-51234.47,1555.93,2851.09
[06:09:11.473] [HOST] INFO: SCENARIO MEMBER hand=1,2637329152,1,1,3079467776 pos=-51234.47,1555.93,2851.09
[06:09:11.473] [HOST] INFO: SPIKE 36 msg t=3016 n=3 ok=1 text="KENSHICOOP SPIKE 36 NOTIFY #3"
[06:09:11.974] [HOST] INFO: SCENARIO MEMBER hand=1,2637329152,1,1,3079467776 pos=-51234.47,1555.93,2851.09
[06:09:12.474] [HOST] INFO: SCENARIO MEMBER hand=1,2637329152,1,1,3079467776 pos=-51234.47,1555.93,2851.09
[06:09:12.474] [HOST] INFO: SPIKE 36 msg t=4016 n=4 ok=1 text="KENSHICOOP SPIKE 36 NOTIFY #4"
[06:09:12.977] [HOST] INFO: SCENARIO MEMBER hand=1,2637329152,1,1,3079467776 pos=-51234.47,1555.93,2851.09
[06:09:13.482] [HOST] INFO: SCENARIO MEMBER hand=1,2637329152,1,1,3079467776 pos=-51234.47,1555.93,2851.09
[06:09:13.482] [HOST] INFO: SPIKE 36 msg t=5016 n=5 ok=1 text="KENSHICOOP SPIKE 36 NOTIFY #5"
[06:09:13.975] [HOST] INFO: SCENARIO MEMBER hand=1,2637329152,1,1,3079467776 pos=-51234.47,1555.93,2851.09
[06:09:14.474] [HOST] INFO: SCENARIO MEMBER hand=1,2637329152,1,1,3079467776 pos=-51234.47,1555.93,2851.09
[06:09:14.474] [HOST] INFO: SPIKE 36 msg t=6016 n=6 ok=1 text="KENSHICOOP SPIKE 36 NOTIFY #6"
[06:09:14.973] [HOST] INFO: SCENARIO MEMBER hand=1,2637329152,1,1,3079467776 pos=-51234.47,1555.93,2851.09
[06:09:15.473] [HOST] INFO: SCENARIO MEMBER hand=1,2637329152,1,1,3079467776 pos=-51234.47,1555.93,2851.09
[06:09:15.473] [HOST] INFO: SPIKE 36 msg t=7016 n=7 ok=1 text="KENSHICOOP SPIKE 36 NOTIFY #7"
[06:09:15.973] [HOST] INFO: SCENARIO MEMBER hand=1,2637329152,1,1,3079467776 pos=-51234.47,1555.93,2851.09
[06:09:16.472] [HOST] INFO: SCENARIO MEMBER hand=1,2637329152,1,1,3079467776 pos=-51234.47,1555.93,2851.09
[06:09:16.472] [HOST] INFO: SPIKE 36 msg t=8016 n=8 ok=1 text="KENSHICOOP SPIKE 36 NOTIFY #8"
[06:09:16.975] [HOST] INFO: SCENARIO MEMBER hand=1,2637329152,1,1,3079467776 pos=-51234.47,1555.93,2851.09
[06:09:17.475] [HOST] INFO: SCENARIO MEMBER hand=1,2637329152,1,1,3079467776 pos=-51234.47,1555.93,2851.09
[06:09:17.476] [HOST] INFO: SPIKE 36 msg t=9016 n=9 ok=1 text="KENSHICOOP SPIKE 36 NOTIFY #9"
[06:09:17.977] [HOST] INFO: SCENARIO MEMBER hand=1,2637329152,1,1,3079467776 pos=-51234.47,1555.93,2851.09
[06:09:18.476] [HOST] INFO: SCENARIO MEMBER hand=1,2637329152,1,1,3079467776 pos=-51234.47,1555.93,2851.09
[06:09:18.477] [HOST] INFO: SPIKE 36 msg t=10016 n=10 ok=1 text="KENSHICOOP SPIKE 36 NOTIFY #10"
[06:09:18.974] [HOST] INFO: SCENARIO MEMBER hand=1,2637329152,1,1,3079467776 pos=-51234.47,1555.93,2851.09
[06:09:19.476] [HOST] INFO: SCENARIO MEMBER hand=1,2637329152,1,1,3079467776 pos=-51234.47,1555.93,2851.09
[06:09:19.476] [HOST] INFO: SPIKE 36 msg t=11016 n=11 ok=1 text="KENSHICOOP SPIKE 36 NOTIFY #11"
[06:09:19.972] [HOST] INFO: SCENARIO MEMBER hand=1,2637329152,1,1,3079467776 pos=-51234.47,1555.93,2851.09
[06:09:20.470] [HOST] INFO: SCENARIO MEMBER hand=1,2637329152,1,1,3079467776 pos=-51234.47,1555.93,2851.09
[06:09:20.470] [HOST] INFO: SPIKE 36 msg t=12016 n=12 ok=1 text="KENSHICOOP SPIKE 36 NOTIFY #12"
[06:09:20.974] [HOST] INFO: SCENARIO MEMBER hand=1,2637329152,1,1,3079467776 pos=-51234.47,1555.93,2851.09
[06:09:21.474] [HOST] INFO: SCENARIO MEMBER hand=1,2637329152,1,1,3079467776 pos=-51234.47,1555.93,2851.09
[06:09:21.474] [HOST] INFO: SPIKE 36 msg t=13016 n=13 ok=1 text="KENSHICOOP SPIKE 36 NOTIFY #13"
[06:09:21.975] [HOST] INFO: SCENARIO MEMBER hand=1,2637329152,1,1,3079467776 pos=-51234.47,1555.93,2851.09
[06:09:22.476] [HOST] INFO: SCENARIO MEMBER hand=1,2637329152,1,1,3079467776 pos=-51234.47,1555.93,2851.09
[06:09:22.476] [HOST] INFO: SPIKE 36 msg t=14016 n=14 ok=1 text="KENSHICOOP SPIKE 36 NOTIFY #14"
[06:09:22.974] [HOST] INFO: SCENARIO MEMBER hand=1,2637329152,1,1,3079467776 pos=-51234.47,1555.93,2851.09
[06:09:23.473] [HOST] INFO: SCENARIO MEMBER hand=1,2637329152,1,1,3079467776 pos=-51234.47,1555.93,2851.09
[06:09:23.473] [HOST] INFO: SPIKE 36 msg t=15016 n=15 ok=1 text="KENSHICOOP SPIKE 36 NOTIFY #15"
[06:09:23.970] [HOST] INFO: SCENARIO MEMBER hand=1,2637329152,1,1,3079467776 pos=-51234.47,1555.93,2851.09
[06:09:24.455] [HOST] INFO: KenshiCoop: test duration elapsed; exiting
