[06:09:02.878] [JOIN] INFO: log opened
[06:09:02.878] [JOIN] INFO: KenshiCoop loaded! (clean rebuild)
[06:09:02.878] [JOIN] INFO: KenshiCoop: build Jun 20 2026 06:08:12
[06:09:02.878] [JOIN] INFO: KenshiCoop: role=JOIN proto=v11 port=27800 save='c'
[06:09:02.924] [JOIN] INFO: KenshiCoop: ownership ranks = {1} (bidirectional presence)
[06:09:02.964] [JOIN] INFO: KenshiCoop: auto-load armed for save 'c'
[06:09:02.964] [JOIN] INFO: KenshiCoop: test mode - self-exit 16 s after gameplay starts
[06:09:02.964] [JOIN] INFO: KenshiCoop: scenario armed 'spike'
[06:09:02.964] [JOIN] INFO: KenshiCoop: starting as CLIENT
[06:09:02.974] [JOIN] INFO: [net] connecting
[06:09:02.974] [JOIN] INFO: [net] connected to host; sent HELLO
[06:09:02.975] [JOIN] INFO: [net] peer connected id=1 (proto v11) - received WELCOME
[06:09:09.347] [JOIN] INFO: KenshiCoop: auto-load issued for save 'c' (after 5000 ms settle)
[06:09:12.396] [JOIN] INFO: handshake: peer present id=0 (local id=1)
[06:09:21.066] [JOIN] INFO: KenshiCoop: gameplay started
[06:09:21.066] [JOIN] INFO: SCENARIO spike start
[06:09:21.066] [JOIN] INFO: SPIKE 36 start id=36 host=0
[06:09:21.067] [JOIN] INFO: [gate] hand=1,1667968768 host=1 local=65535  agree=0/1 (0%)
[06:09:21.067] [JOIN] INFO: [pose] rest re-arm task 65535 -> 87
[06:09:21.067] [JOIN] INFO: [pose] applyOrder hand=1,3996215808 task=87 subj=514,2909912064,0 det=1 r=2
[06:09:21.067] [JOIN] INFO: [authority] suppress NPC hand=1,1723144576 (streamed=5 local=3 supp=1)
[06:09:21.067] [JOIN] INFO: SCENARIO RECV hand=1,2637329152,1,1,3079467776 pos=-51234.47,1547.65,2851.09
[06:09:21.076] [JOIN] INFO: SCENARIO RECV hand=1,2637329152,1,1,3079467776 pos=-51234.47,1555.93,2851.09
[06:09:21.084] [JOIN] INFO: SCENARIO RECV hand=1,2637329152,1,1,3079467776 pos=-51234.47,1555.93,2851.09
[06:09:21.115] [JOIN] INFO: [taskkey] key=1 desc='Moving' repro=0 subject=0
[06:09:21.548] [JOIN] INFO: [authority] suppress NPC hand=5,1919189504 (streamed=5 local=5 supp=2)
[06:09:21.586] [JOIN] INFO: SCENARIO RECV hand=1,2637329152,1,1,3079467776 pos=-51234.47,1555.93,2851.09
[06:09:22.084] [JOIN] INFO: SCENARIO RECV hand=1,2637329152,1,1,3079467776 pos=-51234.47,1555.93,2851.09
[06:09:22.221] [JOIN] INFO: [authority] suppress NPC hand=1,524536128 (streamed=5 local=7 supp=3)
[06:09:22.430] [JOIN] INFO: [taskkey] key=87 desc='Operating machine' repro=1 subject=1
[06:09:22.430] [JOIN] INFO: [seatres] HOST task=87 npc=1,3996215808 subj=514,2909912064 ok=1 npcpos=-51198.8,2664.5 subjpos=-51206.5,2659.7 d=9.1
[06:09:22.581] [JOIN] INFO: SCENARIO RECV hand=1,2637329152,1,1,3079467776 pos=-51234.47,1555.93,2851.09
[06:09:23.071] [JOIN] INFO: [gate] hand=1,2590331904 host=51 local=1  agree=346/1078 (32%)
[06:09:23.087] [JOIN] INFO: SCENARIO RECV hand=1,2637329152,1,1,3079467776 pos=-51234.47,1555.93,2851.09
[06:09:23.586] [JOIN] INFO: SCENARIO RECV hand=1,2637329152,1,1,3079467776 pos=-51234.47,1555.93,2851.09
[06:09:24.083] [JOIN] INFO: SCENARIO RECV hand=1,2637329152,1,1,3079467776 pos=-51234.47,1555.93,2851.09
[06:09:24.585] [JOIN] INFO: SCENARIO RECV hand=1,2637329152,1,1,3079467776 pos=-51234.47,1555.93,2851.09
[06:09:25.079] [JOIN] INFO: [gate] hand=1,1667968768 host=1 local=65535  agree=863/2133 (40%)
[06:09:25.086] [JOIN] INFO: SCENARIO RECV hand=1,2637329152,1,1,3079467776 pos=-51234.47,1555.93,2851.09
[06:09:25.584] [JOIN] INFO: SCENARIO RECV hand=1,2637329152,1,1,3079467776 pos=-51234.47,1555.93,2851.09
[06:09:26.086] [JOIN] INFO: SCENARIO RECV hand=1,2637329152,1,1,3079467776 pos=-51234.47,1555.93,2851.09
[06:09:26.450] [JOIN] INFO: [authority] suppress NPC hand=3,3090698240 (streamed=0 local=7 supp=4)
[06:09:26.450] [JOIN] INFO: [authority] suppress NPC hand=1,3996215808 (streamed=0 local=7 supp=5)
[06:09:26.450] [JOIN] INFO: [authority] suppress NPC hand=1,2590331904 (streamed=0 local=7 supp=6)
[06:09:26.450] [JOIN] INFO: [authority] suppress NPC hand=1,1667968768 (streamed=0 local=7 supp=7)
[06:09:26.583] [JOIN] INFO: SCENARIO RECV hand=1,2637329152,1,1,3079467776 pos=-51234.47,1555.93,2851.09
[06:09:27.084] [JOIN] INFO: SCENARIO RECV hand=1,2637329152,1,1,3079467776 pos=-51234.47,1555.93,2851.09
[06:09:27.583] [JOIN] INFO: SCENARIO RECV hand=1,2637329152,1,1,3079467776 pos=-51234.47,1555.93,2851.09
[06:09:28.083] [JOIN] INFO: SCENARIO RECV hand=1,2637329152,1,1,3079467776 pos=-51234.47,1555.93,2851.09
[06:09:28.583] [JOIN] INFO: SCENARIO RECV hand=1,2637329152,1,1,3079467776 pos=-51234.47,1555.93,2851.09
[06:09:29.084] [JOIN] INFO: SCENARIO RECV hand=1,2637329152,1,1,3079467776 pos=-51234.47,1555.93,2851.09
[06:09:29.581] [JOIN] INFO: SCENARIO RECV hand=1,2637329152,1,1,3079467776 pos=-51234.47,1555.93,2851.09
[06:09:30.085] [JOIN] INFO: SCENARIO RECV hand=1,2637329152,1,1,3079467776 pos=-51234.47,1555.93,2851.09
[06:09:30.102] [JOIN] INFO: [net] disconnected from host
[06:09:30.103] [JOIN] INFO: handshake: peer left id=4294967295
[06:09:30.152] [JOIN] INFO: [net] reconnecting
[06:09:30.584] [JOIN] INFO: SCENARIO RECV hand=1,2637329152,1,1,3079467776 pos=-51234.47,1555.93,2851.09
[06:09:31.081] [JOIN] INFO: SCENARIO RECV hand=1,2637329152,1,1,3079467776 pos=-51234.47,1555.93,2851.09
[06:09:31.581] [JOIN] INFO: SCENARIO RECV hand=1,2637329152,1,1,3079467776 pos=-51234.47,1555.93,2851.09
[06:09:32.081] [JOIN] INFO: SCENARIO RECV hand=1,2637329152,1,1,3079467776 pos=-51234.47,1555.93,2851.09
[06:09:32.584] [JOIN] INFO: SCENARIO RECV hand=1,2637329152,1,1,3079467776 pos=-51234.47,1555.93,2851.09
[06:09:33.082] [JOIN] INFO: SCENARIO RECV hand=1,2637329152,1,1,3079467776 pos=-51234.47,1555.93,2851.09
[06:09:33.580] [JOIN] INFO: SCENARIO RECV hand=1,2637329152,1,1,3079467776 pos=-51234.47,1555.93,2851.09
[06:09:34.085] [JOIN] INFO: SCENARIO RECV hand=1,2637329152,1,1,3079467776 pos=-51234.47,1555.93,2851.09
[06:09:34.580] [JOIN] INFO: SCENARIO RECV hand=1,2637329152,1,1,3079467776 pos=-51234.47,1555.93,2851.09
[06:09:34.597] [JOIN] INFO: [authority] suppress NPC hand=1,3808471552 (streamed=0 local=8 supp=8)
[06:09:35.083] [JOIN] INFO: SCENARIO RECV hand=1,2637329152,1,1,3079467776 pos=-51234.47,1555.93,2851.09
[06:09:35.581] [JOIN] INFO: SCENARIO RECV hand=1,2637329152,1,1,3079467776 pos=-51234.47,1555.93,2851.09
[06:09:36.082] [JOIN] INFO: SCENARIO RECV hand=1,2637329152,1,1,3079467776 pos=-51234.47,1555.93,2851.09
[06:09:36.585] [JOIN] INFO: SCENARIO RECV hand=1,2637329152,1,1,3079467776 pos=-51234.47,1555.93,2851.09
[06:09:37.065] [JOIN] INFO: KenshiCoop: test duration elapsed; exiting
