[05:30:03.200] [HOST] INFO: log opened
[05:30:03.200] [HOST] INFO: KenshiCoop loaded! (clean rebuild)
[05:30:03.201] [HOST] INFO: KenshiCoop: build Jun 20 2026 05:28:31
[05:30:03.201] [HOST] INFO: KenshiCoop: role=HOST proto=v11 port=27800 save='battle10'
[05:30:03.250] [HOST] INFO: KenshiCoop: ownership ranks = {0} (bidirectional presence)
[05:30:03.301] [HOST] INFO: KenshiCoop: auto-load armed for save 'battle10'
[05:30:03.302] [HOST] INFO: KenshiCoop: test mode - self-exit 25 s after gameplay starts
[05:30:03.302] [HOST] INFO: KenshiCoop: scenario armed 'spike'
[05:30:03.302] [HOST] INFO: KenshiCoop: starting as HOST
[05:30:03.302] [HOST] INFO: [net] hosting
[05:30:04.312] [HOST] INFO: [net] [bw] role=H entsz=79 pkts/s=0.0 appB/s=0 wireB/s~=0 batches/s=0.0 ents/s=0 ents/batch=0.0
[05:30:05.321] [HOST] INFO: [net] [bw] role=H entsz=79 pkts/s=0.0 appB/s=0 wireB/s~=0 batches/s=0.0 ents/s=0 ents/batch=0.0
[05:30:06.331] [HOST] INFO: [net] [bw] role=H entsz=79 pkts/s=0.0 appB/s=0 wireB/s~=0 batches/s=0.0 ents/s=0 ents/batch=0.0
[05:30:07.342] [HOST] INFO: [net] [bw] role=H entsz=79 pkts/s=0.0 appB/s=0 wireB/s~=0 batches/s=0.0 ents/s=0 ents/batch=0.0
[05:30:08.353] [HOST] INFO: [net] [bw] role=H entsz=79 pkts/s=0.0 appB/s=0 wireB/s~=0 batches/s=0.0 ents/s=0 ents/batch=0.0
[05:30:09.366] [HOST] INFO: [net] [bw] role=H entsz=79 pkts/s=0.0 appB/s=0 wireB/s~=0 batches/s=0.0 ents/s=0 ents/batch=0.0
[05:30:10.019] [HOST] INFO: KenshiCoop: auto-load issued for save 'battle10' (after 5000 ms settle)
[05:30:10.375] [HOST] INFO: [net] [bw] role=H entsz=79 pkts/s=0.0 appB/s=0 wireB/s~=0 batches/s=0.0 ents/s=0 ents/batch=0.0
[05:30:11.382] [HOST] INFO: [net] [bw] role=H entsz=79 pkts/s=0.0 appB/s=0 wireB/s~=0 batches/s=0.0 ents/s=0 ents/batch=0.0
[05:30:12.389] [HOST] INFO: [net] [bw] role=H entsz=79 pkts/s=0.0 appB/s=0 wireB/s~=0 batches/s=0.0 ents/s=0 ents/batch=0.0
[05:30:13.397] [HOST] INFO: [net] [bw] role=H entsz=79 pkts/s=0.0 appB/s=0 wireB/s~=0 batches/s=0.0 ents/s=0 ents/batch=0.0
[05:30:13.836] [HOST] INFO: [net] peer connecting (awaiting HELLO)
[05:30:13.836] [HOST] INFO: [net] peer connected id=1 (proto v11)
[05:30:13.860] [HOST] INFO: handshake: peer present id=1 (local id=0)
[05:30:14.442] [HOST] INFO: [net] [bw] role=H entsz=79 pkts/s=0.0 appB/s=0 wireB/s~=0 batches/s=0.0 ents/s=0 ents/batch=0.0
[05:30:15.450] [HOST] INFO: [net] [bw] role=H entsz=79 pkts/s=0.0 appB/s=0 wireB/s~=0 batches/s=0.0 ents/s=0 ents/batch=0.0
[05:30:16.461] [HOST] INFO: [net] [bw] role=H entsz=79 pkts/s=0.0 appB/s=0 wireB/s~=0 batches/s=0.0 ents/s=0 ents/batch=0.0
[05:30:17.474] [HOST] INFO: [net] [bw] role=H entsz=79 pkts/s=0.0 appB/s=0 wireB/s~=0 batches/s=0.0 ents/s=0 ents/batch=0.0
[05:30:18.483] [HOST] INFO: [net] [bw] role=H entsz=79 pkts/s=0.0 appB/s=0 wireB/s~=0 batches/s=0.0 ents/s=0 ents/batch=0.0
[05:30:19.496] [HOST] INFO: [net] [bw] role=H entsz=79 pkts/s=0.0 appB/s=0 wireB/s~=0 batches/s=0.0 ents/s=0 ents/batch=0.0
[05:30:20.507] [HOST] INFO: [net] [bw] role=H entsz=79 pkts/s=0.0 appB/s=0 wireB/s~=0 batches/s=0.0 ents/s=0 ents/batch=0.0
[05:30:20.554] [HOST] INFO: KenshiCoop: gameplay started
[05:30:20.554] [HOST] INFO: SCENARIO spike start
[05:30:20.554] [HOST] INFO: SPIKE 12 start id=12 host=1
[05:30:20.556] [HOST] INFO: SCENARIO MEMBER hand=1,2637329152,1,1,3079467776 pos=-51235.20,1548.00,2849.72
[05:30:20.556] [HOST] INFO: SPIKE 12 smoke leader hand=1,2637329152,1,1,3079467776 pos=-51235.2,1548.0,2849.7
[05:30:20.564] [HOST] INFO: SCENARIO MEMBER hand=1,2637329152,1,1,3079467776 pos=-51235.20,1556.16,2849.72
[05:30:20.571] [HOST] INFO: SCENARIO MEMBER hand=1,2637329152,1,1,3079467776 pos=-51235.20,1556.16,2849.72
[05:30:20.595] [HOST] INFO: [taskkey] key=1 desc='Moving' repro=0 subject=1
[05:30:20.616] [HOST] INFO: [taskkey] key=36 desc='Patrolling town' repro=0 subject=0
[05:30:21.065] [HOST] INFO: SCENARIO MEMBER hand=1,2637329152,1,1,3079467776 pos=-51235.46,1556.48,2847.83
[05:30:21.506] [HOST] INFO: [taskkey] key=51 desc='Stand at node' repro=0 subject=1
[05:30:21.514] [HOST] INFO: [net] [bw] role=H entsz=79 pkts/s=20.0 appB/s=23820 wireB/s~=24460 batches/s=20.0 ents/s=300 ents/batch=15.0
[05:30:21.565] [HOST] INFO: SCENARIO MEMBER hand=1,2637329152,1,1,3079467776 pos=-51235.63,1556.55,2847.44
[05:30:22.066] [HOST] INFO: SCENARIO MEMBER hand=1,2637329152,1,1,3079467776 pos=-51234.92,1556.93,2845.10
[05:30:22.521] [HOST] INFO: [net] [bw] role=H entsz=79 pkts/s=19.7 appB/s=24456 wireB/s~=25086 batches/s=19.7 ents/s=308 ents/batch=15.7
[05:30:22.564] [HOST] INFO: SCENARIO MEMBER hand=1,2637329152,1,1,3079467776 pos=-51233.93,1557.07,2844.12
[05:30:23.069] [HOST] INFO: SCENARIO MEMBER hand=1,2637329152,1,1,3079467776 pos=-51233.93,1557.07,2844.12
[05:30:23.527] [HOST] INFO: [net] [bw] role=H entsz=79 pkts/s=20.0 appB/s=28560 wireB/s~=29200 batches/s=20.0 ents/s=360 ents/batch=18.0
[05:30:23.569] [HOST] INFO: SCENARIO MEMBER hand=1,2637329152,1,1,3079467776 pos=-51233.93,1557.07,2844.12
[05:30:24.069] [HOST] INFO: SCENARIO MEMBER hand=1,2637329152,1,1,3079467776 pos=-51233.93,1557.07,2844.12
[05:30:24.534] [HOST] INFO: [net] [bw] role=H entsz=79 pkts/s=19.7 appB/s=28138 wireB/s~=28768 batches/s=19.7 ents/s=355 ents/batch=18.0
[05:30:24.566] [HOST] INFO: SCENARIO MEMBER hand=1,2637329152,1,1,3079467776 pos=-51233.93,1557.07,2844.12
[05:30:25.071] [HOST] INFO: SCENARIO MEMBER hand=1,2637329152,1,1,3079467776 pos=-51233.93,1557.07,2844.12
[05:30:25.547] [HOST] INFO: [net] [bw] role=H entsz=79 pkts/s=20.0 appB/s=27454 wireB/s~=28094 batches/s=20.0 ents/s=346 ents/batch=17.3
[05:30:25.566] [HOST] INFO: SCENARIO MEMBER hand=1,2637329152,1,1,3079467776 pos=-51233.93,1557.07,2844.12
[05:30:26.071] [HOST] INFO: SCENARIO MEMBER hand=1,2637329152,1,1,3079467776 pos=-51233.93,1557.07,2844.12
[05:30:26.555] [HOST] INFO: [net] [bw] role=H entsz=79 pkts/s=19.7 appB/s=26555 wireB/s~=27185 batches/s=19.7 ents/s=335 ents/batch=17.0
[05:30:26.569] [HOST] INFO: SCENARIO MEMBER hand=1,2637329152,1,1,3079467776 pos=-51233.93,1557.07,2844.12
[05:30:27.072] [HOST] INFO: SCENARIO MEMBER hand=1,2637329152,1,1,3079467776 pos=-51233.93,1557.07,2844.12
[05:30:27.564] [HOST] INFO: [net] [bw] role=H entsz=79 pkts/s=20.0 appB/s=26980 wireB/s~=27620 batches/s=20.0 ents/s=340 ents/batch=17.0
[05:30:27.576] [HOST] INFO: SCENARIO MEMBER hand=1,2637329152,1,1,3079467776 pos=-51233.93,1557.07,2844.12
[05:30:28.073] [HOST] INFO: SCENARIO MEMBER hand=1,2637329152,1,1,3079467776 pos=-51233.93,1557.07,2844.12
[05:30:28.571] [HOST] INFO: SCENARIO MEMBER hand=1,2637329152,1,1,3079467776 pos=-51233.93,1557.07,2844.12
[05:30:28.574] [HOST] INFO: [net] [bw] role=H entsz=79 pkts/s=19.7 appB/s=26581 wireB/s~=27212 batches/s=19.7 ents/s=335 ents/batch=17.0
[05:30:29.066] [HOST] INFO: SCENARIO MEMBER hand=1,2637329152,1,1,3079467776 pos=-51233.93,1557.07,2844.12
[05:30:29.569] [HOST] INFO: SCENARIO MEMBER hand=1,2637329152,1,1,3079467776 pos=-51233.93,1557.07,2844.12
[05:30:29.585] [HOST] INFO: [net] [bw] role=H entsz=79 pkts/s=19.7 appB/s=26555 wireB/s~=27185 batches/s=19.7 ents/s=335 ents/batch=17.0
[05:30:30.064] [HOST] INFO: SCENARIO MEMBER hand=1,2637329152,1,1,3079467776 pos=-51233.93,1557.07,2844.12
[05:30:30.567] [HOST] INFO: SCENARIO MEMBER hand=1,2637329152,1,1,3079467776 pos=-51233.93,1557.07,2844.12
[05:30:30.595] [HOST] INFO: [net] [bw] role=H entsz=79 pkts/s=19.7 appB/s=26555 wireB/s~=27185 batches/s=19.7 ents/s=335 ents/batch=17.0
[05:30:31.071] [HOST] INFO: SCENARIO MEMBER hand=1,2637329152,1,1,3079467776 pos=-51233.93,1557.07,2844.12
[05:30:31.569] [HOST] INFO: SCENARIO MEMBER hand=1,2637329152,1,1,3079467776 pos=-51233.93,1557.07,2844.12
[05:30:31.605] [HOST] INFO: [net] [bw] role=H entsz=79 pkts/s=20.0 appB/s=26980 wireB/s~=27620 batches/s=20.0 ents/s=340 ents/batch=17.0
[05:30:32.065] [HOST] INFO: SCENARIO MEMBER hand=1,2637329152,1,1,3079467776 pos=-51233.93,1557.07,2844.12
[05:30:32.570] [HOST] INFO: SCENARIO MEMBER hand=1,2637329152,1,1,3079467776 pos=-51233.93,1557.07,2844.12
[05:30:32.618] [HOST] INFO: [net] [bw] role=H entsz=79 pkts/s=19.7 appB/s=26581 wireB/s~=27212 batches/s=19.7 ents/s=335 ents/batch=17.0
[05:30:33.068] [HOST] INFO: SCENARIO MEMBER hand=1,2637329152,1,1,3079467776 pos=-51233.93,1557.07,2844.12
[05:30:33.569] [HOST] INFO: SCENARIO MEMBER hand=1,2637329152,1,1,3079467776 pos=-51233.93,1557.07,2844.12
[05:30:33.627] [HOST] INFO: [net] [bw] role=H entsz=79 pkts/s=19.7 appB/s=24145 wireB/s~=24775 batches/s=19.7 ents/s=304 ents/batch=15.4
[05:30:34.065] [HOST] INFO: SCENARIO MEMBER hand=1,2637329152,1,1,3079467776 pos=-51233.93,1557.07,2844.12
[05:30:34.566] [HOST] INFO: SCENARIO MEMBER hand=1,2637329152,1,1,3079467776 pos=-51233.93,1557.07,2844.12
[05:30:34.637] [HOST] INFO: [net] [bw] role=H entsz=79 pkts/s=20.0 appB/s=19554 wireB/s~=20194 batches/s=20.0 ents/s=246 ents/batch=12.3
[05:30:35.074] [HOST] INFO: SCENARIO MEMBER hand=1,2637329152,1,1,3079467776 pos=-51233.93,1557.07,2844.12
[05:30:35.568] [HOST] INFO: SCENARIO MEMBER hand=1,2637329152,1,1,3079467776 pos=-51233.93,1557.07,2844.12
[05:30:35.646] [HOST] INFO: [net] [bw] role=H entsz=79 pkts/s=19.7 appB/s=17691 wireB/s~=18321 batches/s=19.7 ents/s=222 ents/batch=11.3
[05:30:36.068] [HOST] INFO: SCENARIO MEMBER hand=1,2637329152,1,1,3079467776 pos=-51233.93,1557.07,2844.12
[05:30:36.566] [HOST] INFO: SCENARIO MEMBER hand=1,2637329152,1,1,3079467776 pos=-51233.93,1557.07,2844.12
[05:30:36.658] [HOST] INFO: [net] [bw] role=H entsz=79 pkts/s=20.0 appB/s=15920 wireB/s~=16560 batches/s=20.0 ents/s=200 ents/batch=10.0
[05:30:37.064] [HOST] INFO: SCENARIO MEMBER hand=1,2637329152,1,1,3079467776 pos=-51233.93,1557.07,2844.12
[05:30:37.569] [HOST] INFO: SCENARIO MEMBER hand=1,2637329152,1,1,3079467776 pos=-51233.93,1557.07,2844.12
[05:30:37.667] [HOST] INFO: [net] [bw] role=H entsz=79 pkts/s=19.7 appB/s=15685 wireB/s~=16315 batches/s=19.7 ents/s=197 ents/batch=10.0
[05:30:38.070] [HOST] INFO: SCENARIO MEMBER hand=1,2637329152,1,1,3079467776 pos=-51233.93,1557.07,2844.12
[05:30:38.570] [HOST] INFO: SCENARIO MEMBER hand=1,2637329152,1,1,3079467776 pos=-51233.93,1557.07,2844.12
[05:30:38.678] [HOST] INFO: [net] [bw] role=H entsz=79 pkts/s=19.7 appB/s=13570 wireB/s~=14200 batches/s=19.7 ents/s=170 ents/batch=8.7
[05:30:39.068] [HOST] INFO: SCENARIO MEMBER hand=1,2637329152,1,1,3079467776 pos=-51233.93,1557.07,2844.12
[05:30:39.566] [HOST] INFO: SCENARIO MEMBER hand=1,2637329152,1,1,3079467776 pos=-51233.93,1557.07,2844.12
[05:30:39.689] [HOST] INFO: [net] [bw] role=H entsz=79 pkts/s=20.0 appB/s=12760 wireB/s~=13400 batches/s=20.0 ents/s=160 ents/batch=8.0
[05:30:40.065] [HOST] INFO: SCENARIO MEMBER hand=1,2637329152,1,1,3079467776 pos=-51233.93,1557.07,2844.12
[05:30:40.569] [HOST] INFO: SCENARIO MEMBER hand=1,2637329152,1,1,3079467776 pos=-51233.93,1557.07,2844.12
[05:30:40.698] [HOST] INFO: [net] [bw] role=H entsz=79 pkts/s=19.7 appB/s=12571 wireB/s~=13202 batches/s=19.7 ents/s=158 ents/batch=8.0
[05:30:41.071] [HOST] INFO: SCENARIO MEMBER hand=1,2637329152,1,1,3079467776 pos=-51233.93,1557.07,2844.12
[05:30:41.570] [HOST] INFO: SCENARIO MEMBER hand=1,2637329152,1,1,3079467776 pos=-51233.93,1557.07,2844.12
[05:30:41.709] [HOST] INFO: [net] [bw] role=H entsz=79 pkts/s=19.7 appB/s=12170 wireB/s~=12800 batches/s=19.7 ents/s=153 ents/batch=7.8
[05:30:42.065] [HOST] INFO: SCENARIO MEMBER hand=1,2637329152,1,1,3079467776 pos=-51233.93,1557.07,2844.12
[05:30:42.570] [HOST] INFO: SCENARIO MEMBER hand=1,2637329152,1,1,3079467776 pos=-51233.93,1557.07,2844.12
[05:30:42.720] [HOST] INFO: [net] [bw] role=H entsz=79 pkts/s=20.0 appB/s=12760 wireB/s~=13400 batches/s=20.0 ents/s=160 ents/batch=8.0
[05:30:43.066] [HOST] INFO: SCENARIO MEMBER hand=1,2637329152,1,1,3079467776 pos=-51233.93,1557.07,2844.12
[05:30:43.567] [HOST] INFO: SCENARIO MEMBER hand=1,2637329152,1,1,3079467776 pos=-51233.93,1557.07,2844.12
[05:30:43.730] [HOST] INFO: [net] [bw] role=H entsz=79 pkts/s=19.7 appB/s=12559 wireB/s~=13189 batches/s=19.7 ents/s=157 ents/batch=8.0
[05:30:44.067] [HOST] INFO: SCENARIO MEMBER hand=1,2637329152,1,1,3079467776 pos=-51233.93,1557.07,2844.12
[05:30:44.215] [HOST] INFO: [taskkey] key=87 desc='Operating machine' repro=1 subject=1
[05:30:44.215] [HOST] INFO: [seatres] HOST task=87 npc=1,3808471552 subj=514,2909912064 ok=1 npcpos=-51215.0,2660.6 subjpos=-51206.5,2659.7 d=8.6
[05:30:44.572] [HOST] INFO: SCENARIO MEMBER hand=1,2637329152,1,1,3079467776 pos=-51233.93,1557.07,2844.12
[05:30:44.742] [HOST] INFO: [net] [bw] role=H entsz=79 pkts/s=19.7 appB/s=11793 wireB/s~=12424 batches/s=19.7 ents/s=148 ents/batch=7.5
[05:30:45.065] [HOST] INFO: SCENARIO MEMBER hand=1,2637329152,1,1,3079467776 pos=-51233.93,1557.07,2844.12
[05:30:45.550] [HOST] INFO: KenshiCoop: test duration elapsed; exiting
