[05:31:12.492] [JOIN] INFO: log opened
[05:31:12.492] [JOIN] INFO: KenshiCoop loaded! (clean rebuild)
[05:31:12.492] [JOIN] INFO: KenshiCoop: build Jun 20 2026 05:28:31
[05:31:12.492] [JOIN] INFO: KenshiCoop: role=JOIN proto=v11 port=27800 save='battle20'
[05:31:12.537] [JOIN] INFO: KenshiCoop: ownership ranks = {1} (bidirectional presence)
[05:31:12.581] [JOIN] INFO: KenshiCoop: auto-load armed for save 'battle20'
[05:31:12.582] [JOIN] INFO: KenshiCoop: test mode - self-exit 25 s after gameplay starts
[05:31:12.582] [JOIN] INFO: KenshiCoop: scenario armed 'spike'
[05:31:12.582] [JOIN] INFO: KenshiCoop: starting as CLIENT
[05:31:12.590] [JOIN] INFO: [net] connecting
[05:31:12.590] [JOIN] INFO: [net] connected to host; sent HELLO
[05:31:12.591] [JOIN] INFO: [net] peer connected id=1 (proto v11) - received WELCOME
[05:31:13.602] [JOIN] INFO: [net] [bw] role=J entsz=79 pkts/s=0.0 appB/s=0 wireB/s~=0 batches/s=0.0 ents/s=0 ents/batch=0.0
[05:31:14.612] [JOIN] INFO: [net] [bw] role=J entsz=79 pkts/s=0.0 appB/s=0 wireB/s~=0 batches/s=0.0 ents/s=0 ents/batch=0.0
[05:31:15.625] [JOIN] INFO: [net] [bw] role=J entsz=79 pkts/s=0.0 appB/s=0 wireB/s~=0 batches/s=0.0 ents/s=0 ents/batch=0.0
[05:31:16.636] [JOIN] INFO: [net] [bw] role=J entsz=79 pkts/s=0.0 appB/s=0 wireB/s~=0 batches/s=0.0 ents/s=0 ents/batch=0.0
[05:31:17.647] [JOIN] INFO: [net] [bw] role=J entsz=79 pkts/s=0.0 appB/s=0 wireB/s~=0 batches/s=0.0 ents/s=0 ents/batch=0.0
[05:31:18.659] [JOIN] INFO: [net] [bw] role=J entsz=79 pkts/s=0.0 appB/s=0 wireB/s~=0 batches/s=0.0 ents/s=0 ents/batch=0.0
[05:31:19.071] [JOIN] INFO: KenshiCoop: auto-load issued for save 'battle20' (after 5000 ms settle)
[05:31:19.670] [JOIN] INFO: [net] [bw] role=J entsz=79 pkts/s=0.0 appB/s=0 wireB/s~=0 batches/s=0.0 ents/s=0 ents/batch=0.0
[05:31:20.680] [JOIN] INFO: [net] [bw] role=J entsz=79 pkts/s=0.0 appB/s=0 wireB/s~=0 batches/s=0.0 ents/s=0 ents/batch=0.0
[05:31:21.691] [JOIN] INFO: [net] [bw] role=J entsz=79 pkts/s=0.0 appB/s=0 wireB/s~=0 batches/s=0.0 ents/s=0 ents/batch=0.0
[05:31:22.473] [JOIN] INFO: handshake: peer present id=0 (local id=1)
[05:31:22.699] [JOIN] INFO: [net] [bw] role=J entsz=79 pkts/s=0.0 appB/s=0 wireB/s~=0 batches/s=0.0 ents/s=0 ents/batch=0.0
[05:31:23.709] [JOIN] INFO: [net] [bw] role=J entsz=79 pkts/s=0.0 appB/s=0 wireB/s~=0 batches/s=0.0 ents/s=0 ents/batch=0.0
[05:31:24.720] [JOIN] INFO: [net] [bw] role=J entsz=79 pkts/s=0.0 appB/s=0 wireB/s~=0 batches/s=0.0 ents/s=0 ents/batch=0.0
[05:31:25.731] [JOIN] INFO: [net] [bw] role=J entsz=79 pkts/s=0.0 appB/s=0 wireB/s~=0 batches/s=0.0 ents/s=0 ents/batch=0.0
[05:31:26.740] [JOIN] INFO: [net] [bw] role=J entsz=79 pkts/s=0.0 appB/s=0 wireB/s~=0 batches/s=0.0 ents/s=0 ents/batch=0.0
[05:31:27.752] [JOIN] INFO: [net] [bw] role=J entsz=79 pkts/s=0.0 appB/s=0 wireB/s~=0 batches/s=0.0 ents/s=0 ents/batch=0.0
[05:31:28.765] [JOIN] INFO: [net] [bw] role=J entsz=79 pkts/s=0.0 appB/s=0 wireB/s~=0 batches/s=0.0 ents/s=0 ents/batch=0.0
[05:31:29.774] [JOIN] INFO: [net] [bw] role=J entsz=79 pkts/s=0.0 appB/s=0 wireB/s~=0 batches/s=0.0 ents/s=0 ents/batch=0.0
[05:31:30.538] [JOIN] INFO: KenshiCoop: gameplay started
[05:31:30.538] [JOIN] INFO: SCENARIO spike start
[05:31:30.538] [JOIN] INFO: SPIKE 12 start id=12 host=0
[05:31:30.540] [JOIN] INFO: [gate] hand=1,524536128 host=1 local=65535  agree=0/1 (0%)
[05:31:30.540] [JOIN] INFO: [authority] suppress NPC hand=1,3996215808 (streamed=28 local=25 supp=1)
[05:31:30.540] [JOIN] INFO: SCENARIO RECV hand=1,2637329152,1,1,3079467776 pos=-51239.18,1549.37,2845.57
[05:31:30.540] [JOIN] INFO: SPIKE 12 smoke leader hand=1,2637329152,1,1,3079467776 pos=-51239.2,1549.4,2845.6
[05:31:30.550] [JOIN] INFO: SCENARIO RECV hand=1,2637329152,1,1,3079467776 pos=-51238.07,1558.53,2829.98
[05:31:30.569] [JOIN] INFO: [authority] suppress NPC hand=1,2347045888 (streamed=27 local=25 supp=2)
[05:31:30.594] [JOIN] INFO: [taskkey] key=1 desc='Moving' repro=0 subject=0
[05:31:30.618] [JOIN] INFO: [taskkey] key=36 desc='Patrolling town' repro=0 subject=0
[05:31:30.785] [JOIN] INFO: [net] [bw] role=J entsz=79 pkts/s=4.9 appB/s=419 wireB/s~=576 batches/s=4.9 ents/s=5 ents/batch=1.0
[05:31:30.925] [JOIN] INFO: [authority] suppress NPC hand=1,96923832 (streamed=26 local=26 supp=3)
[05:31:30.974] [JOIN] INFO: [taskkey] key=51 desc='Stand at node' repro=0 subject=1
[05:31:31.049] [JOIN] INFO: SCENARIO RECV hand=1,2637329152,1,1,3079467776 pos=-51238.07,1558.53,2829.98
[05:31:31.553] [JOIN] INFO: SCENARIO RECV hand=1,2637329152,1,1,3079467776 pos=-51238.07,1558.53,2829.98
[05:31:31.733] [JOIN] INFO: [authority] suppress NPC hand=1,3520263680 (streamed=25 local=27 supp=4)
[05:31:31.796] [JOIN] INFO: [net] [bw] role=J entsz=79 pkts/s=20.0 appB/s=1700 wireB/s~=2340 batches/s=20.0 ents/s=20 ents/batch=1.0
[05:31:32.054] [JOIN] INFO: SCENARIO RECV hand=1,2637329152,1,1,3079467776 pos=-51238.07,1558.53,2829.98
[05:31:32.186] [JOIN] INFO: [authority] suppress NPC hand=1,2131835904 (streamed=24 local=26 supp=5)
[05:31:32.544] [JOIN] INFO: [gate] hand=1,524536128 host=1 local=65535  agree=1198/5637 (21%)
[05:31:32.553] [JOIN] INFO: SCENARIO RECV hand=1,2637329152,1,1,3079467776 pos=-51238.07,1558.53,2829.98
[05:31:32.688] [JOIN] INFO: [authority] suppress NPC hand=1,3416992256 (streamed=21 local=26 supp=6)
[05:31:32.688] [JOIN] INFO: [authority] suppress NPC hand=1,3193725696 (streamed=21 local=26 supp=7)
[05:31:32.808] [JOIN] INFO: [net] [bw] role=J entsz=79 pkts/s=19.7 appB/s=1673 wireB/s~=2303 batches/s=19.7 ents/s=20 ents/batch=1.0
[05:31:33.042] [JOIN] INFO: [authority] suppress NPC hand=1,3324462848 (streamed=20 local=26 supp=8)
[05:31:33.050] [JOIN] INFO: SCENARIO RECV hand=1,2637329152,1,1,3079467776 pos=-51238.07,1558.53,2829.98
[05:31:33.349] [JOIN] INFO: [authority] suppress NPC hand=1,1806274432 (streamed=18 local=26 supp=9)
[05:31:33.550] [JOIN] INFO: SCENARIO RECV hand=1,2637329152,1,1,3079467776 pos=-51238.07,1558.53,2829.98
[05:31:33.658] [JOIN] INFO: [authority] suppress NPC hand=1,258422848 (streamed=18 local=26 supp=10)
[05:31:33.795] [JOIN] INFO: [authority] suppress NPC hand=1,3396362240 (streamed=18 local=28 supp=11)
[05:31:33.817] [JOIN] INFO: [net] [bw] role=J entsz=79 pkts/s=19.7 appB/s=1675 wireB/s~=2305 batches/s=19.7 ents/s=20 ents/batch=1.0
[05:31:33.907] [JOIN] INFO: [authority] suppress NPC hand=1,2680297728 (streamed=17 local=26 supp=12)
[05:31:34.053] [JOIN] INFO: SCENARIO RECV hand=1,2637329152,1,1,3079467776 pos=-51238.07,1558.53,2829.98
[05:31:34.162] [JOIN] INFO: [authority] suppress NPC hand=1,2074707072 (streamed=16 local=26 supp=13)
[05:31:34.456] [JOIN] INFO: [authority] suppress NPC hand=1,3823120128 (streamed=15 local=25 supp=14)
[05:31:34.547] [JOIN] INFO: [gate] hand=1,524536128 host=1 local=65535  agree=1901/9757 (19%)
[05:31:34.554] [JOIN] INFO: SCENARIO RECV hand=1,2637329152,1,1,3079467776 pos=-51238.07,1558.53,2829.98
[05:31:34.826] [JOIN] INFO: [net] [bw] role=J entsz=79 pkts/s=20.0 appB/s=1700 wireB/s~=2340 batches/s=20.0 ents/s=20 ents/batch=1.0
[05:31:34.863] [JOIN] INFO: [authority] suppress NPC hand=1,2042358400 (streamed=14 local=26 supp=15)
[05:31:35.049] [JOIN] INFO: SCENARIO RECV hand=1,2637329152,1,1,3079467776 pos=-51238.07,1558.53,2829.98
[05:31:35.422] [JOIN] INFO: [authority] suppress NPC hand=1,1311523456 (streamed=12 local=25 supp=16)
[05:31:35.480] [JOIN] INFO: [authority] suppress NPC hand=1,229980464 (streamed=11 local=26 supp=17)
[05:31:35.549] [JOIN] INFO: SCENARIO RECV hand=1,2637329152,1,1,3079467776 pos=-51238.07,1558.53,2829.98
[05:31:35.835] [JOIN] INFO: [net] [bw] role=J entsz=79 pkts/s=19.7 appB/s=1673 wireB/s~=2303 batches/s=19.7 ents/s=20 ents/batch=1.0
[05:31:36.049] [JOIN] INFO: SCENARIO RECV hand=1,2637329152,1,1,3079467776 pos=-51238.07,1558.53,2829.98
[05:31:36.279] [JOIN] INFO: [authority] suppress NPC hand=1,504028320 (streamed=10 local=26 supp=18)
[05:31:36.551] [JOIN] INFO: [gate] hand=1,524536128 host=1 local=65535  agree=2617/12195 (21%)
[05:31:36.551] [JOIN] INFO: SCENARIO RECV hand=1,2637329152,1,1,3079467776 pos=-51238.07,1558.53,2829.98
[05:31:36.845] [JOIN] INFO: [net] [bw] role=J entsz=79 pkts/s=20.0 appB/s=1700 wireB/s~=2340 batches/s=20.0 ents/s=20 ents/batch=1.0
[05:31:37.052] [JOIN] INFO: SCENARIO RECV hand=1,2637329152,1,1,3079467776 pos=-51238.07,1558.53,2829.98
[05:31:37.203] [JOIN] INFO: [authority] suppress NPC hand=1,2078735360 (streamed=9 local=27 supp=19)
[05:31:37.549] [JOIN] INFO: [authority] suppress NPC hand=1,1723144576 (streamed=8 local=27 supp=20)
[05:31:37.549] [JOIN] INFO: SCENARIO RECV hand=1,2637329152,1,1,3079467776 pos=-51238.07,1558.53,2829.98
[05:31:37.855] [JOIN] INFO: [net] [bw] role=J entsz=79 pkts/s=19.7 appB/s=1673 wireB/s~=2303 batches/s=19.7 ents/s=20 ents/batch=1.0
[05:31:38.052] [JOIN] INFO: SCENARIO RECV hand=1,2637329152,1,1,3079467776 pos=-51238.07,1558.53,2829.98
[05:31:38.156] [JOIN] INFO: [authority] suppress NPC hand=2,2703369216 (streamed=8 local=28 supp=21)
[05:31:38.518] [JOIN] INFO: [authority] restore NPC hand=1,3823120128 (supp=20)
[05:31:38.551] [JOIN] INFO: SCENARIO RECV hand=1,2637329152,1,1,3079467776 pos=-51238.07,1558.53,2829.98
[05:31:38.559] [JOIN] INFO: [gate] hand=1,524536128 host=1 local=65535  agree=2958/14135 (20%)
[05:31:38.865] [JOIN] INFO: [net] [bw] role=J entsz=79 pkts/s=19.7 appB/s=1675 wireB/s~=2305 batches/s=19.7 ents/s=20 ents/batch=1.0
[05:31:39.054] [JOIN] INFO: SCENARIO RECV hand=1,2637329152,1,1,3079467776 pos=-51238.07,1558.53,2829.98
[05:31:39.554] [JOIN] INFO: SCENARIO RECV hand=1,2637329152,1,1,3079467776 pos=-51238.07,1558.53,2829.98
[05:31:39.875] [JOIN] INFO: [net] [bw] role=J entsz=79 pkts/s=20.0 appB/s=1700 wireB/s~=2340 batches/s=20.0 ents/s=20 ents/batch=1.0
[05:31:40.054] [JOIN] INFO: SCENARIO RECV hand=1,2637329152,1,1,3079467776 pos=-51238.07,1558.53,2829.98
[05:31:40.549] [JOIN] INFO: SCENARIO RECV hand=1,2637329152,1,1,3079467776 pos=-51238.07,1558.53,2829.98
[05:31:40.564] [JOIN] INFO: [gate] hand=1,524536128 host=1 local=65535  agree=3151/16145 (19%)
[05:31:40.886] [JOIN] INFO: [net] [bw] role=J entsz=79 pkts/s=19.7 appB/s=1673 wireB/s~=2303 batches/s=19.7 ents/s=20 ents/batch=1.0
[05:31:41.055] [JOIN] INFO: SCENARIO RECV hand=1,2637329152,1,1,3079467776 pos=-51238.07,1558.53,2829.98
[05:31:41.554] [JOIN] INFO: SCENARIO RECV hand=1,2637329152,1,1,3079467776 pos=-51238.07,1558.53,2829.98
[05:31:41.898] [JOIN] INFO: [net] [bw] role=J entsz=79 pkts/s=19.7 appB/s=1673 wireB/s~=2303 batches/s=19.7 ents/s=20 ents/batch=1.0
[05:31:42.055] [JOIN] INFO: SCENARIO RECV hand=1,2637329152,1,1,3079467776 pos=-51238.07,1558.53,2829.98
[05:31:42.552] [JOIN] INFO: SCENARIO RECV hand=1,2637329152,1,1,3079467776 pos=-51238.07,1558.53,2829.98
[05:31:42.570] [JOIN] INFO: [gate] hand=1,3823120128 host=36 local=1  agree=3636/18414 (19%)
[05:31:42.909] [JOIN] INFO: [net] [bw] role=J entsz=79 pkts/s=19.7 appB/s=1675 wireB/s~=2305 batches/s=19.7 ents/s=20 ents/batch=1.0
[05:31:43.052] [JOIN] INFO: SCENARIO RECV hand=1,2637329152,1,1,3079467776 pos=-51238.07,1558.53,2829.98
[05:31:43.555] [JOIN] INFO: SCENARIO RECV hand=1,2637329152,1,1,3079467776 pos=-51238.07,1558.53,2829.98
[05:31:43.919] [JOIN] INFO: [net] [bw] role=J entsz=79 pkts/s=20.0 appB/s=1700 wireB/s~=2340 batches/s=20.0 ents/s=20 ents/batch=1.0
[05:31:44.056] [JOIN] INFO: SCENARIO RECV hand=1,2637329152,1,1,3079467776 pos=-51238.07,1558.53,2829.98
[05:31:44.176] [JOIN] INFO: [pose] rest re-arm task 65535 -> 87
[05:31:44.176] [JOIN] INFO: [pose] applyOrder hand=1,3808471552 task=87 subj=514,2909912064,0 det=1 r=3
[05:31:44.329] [JOIN] INFO: [pose] rest re-arm task 65535 -> 87
[05:31:44.329] [JOIN] INFO: [pose] applyOrder hand=1,3808471552 task=87 subj=514,2909912064,0 det=1 r=2
[05:31:44.336] [JOIN] INFO: [taskkey] key=87 desc='Operating machine' repro=1 subject=1
[05:31:44.336] [JOIN] INFO: [seatres] HOST task=87 npc=1,3808471552 subj=514,2909912064 ok=1 npcpos=-51215.6,2660.6 subjpos=-51206.5,2659.7 d=9.1
[05:31:44.552] [JOIN] INFO: SCENARIO RECV hand=1,2637329152,1,1,3079467776 pos=-51238.07,1558.53,2829.98
[05:31:44.578] [JOIN] INFO: [gate] hand=1,3823120128 host=36 local=1  agree=4362/20628 (21%)
[05:31:44.929] [JOIN] INFO: [net] [bw] role=J entsz=79 pkts/s=19.7 appB/s=1673 wireB/s~=2303 batches/s=19.7 ents/s=20 ents/batch=1.0
[05:31:45.050] [JOIN] INFO: SCENARIO RECV hand=1,2637329152,1,1,3079467776 pos=-51238.07,1558.53,2829.98
[05:31:45.525] [JOIN] INFO: [authority] suppress NPC hand=1,1667968768 (streamed=8 local=28 supp=21)
[05:31:45.552] [JOIN] INFO: SCENARIO RECV hand=1,2637329152,1,1,3079467776 pos=-51238.07,1558.53,2829.98
[05:31:45.941] [JOIN] INFO: [net] [bw] role=J entsz=79 pkts/s=19.7 appB/s=1675 wireB/s~=2305 batches/s=19.7 ents/s=20 ents/batch=1.0
[05:31:46.050] [JOIN] INFO: SCENARIO RECV hand=1,2637329152,1,1,3079467776 pos=-51238.07,1558.53,2829.98
[05:31:46.377] [JOIN] INFO: [authority] suppress NPC hand=3,3090698240 (streamed=0 local=28 supp=22)
[05:31:46.377] [JOIN] INFO: [authority] suppress NPC hand=1,2590331904 (streamed=0 local=28 supp=23)
[05:31:46.377] [JOIN] INFO: [authority] suppress NPC hand=4,1276245120 (streamed=0 local=28 supp=24)
[05:31:46.377] [JOIN] INFO: [authority] suppress NPC hand=1,3808471552 (streamed=0 local=28 supp=25)
[05:31:46.377] [JOIN] INFO: [authority] suppress NPC hand=1,2019897472 (streamed=0 local=28 supp=26)
[05:31:46.377] [JOIN] INFO: [authority] suppress NPC hand=1,2930297856 (streamed=0 local=28 supp=27)
[05:31:46.377] [JOIN] INFO: [authority] suppress NPC hand=1,3823120128 (streamed=0 local=28 supp=28)
[05:31:46.551] [JOIN] INFO: SCENARIO RECV hand=1,2637329152,1,1,3079467776 pos=-51238.07,1558.53,2829.98
[05:31:46.952] [JOIN] INFO: [net] [bw] role=J entsz=79 pkts/s=20.0 appB/s=1700 wireB/s~=2340 batches/s=20.0 ents/s=20 ents/batch=1.0
[05:31:47.054] [JOIN] INFO: SCENARIO RECV hand=1,2637329152,1,1,3079467776 pos=-51238.07,1558.53,2829.98
[05:31:47.550] [JOIN] INFO: SCENARIO RECV hand=1,2637329152,1,1,3079467776 pos=-51238.07,1558.53,2829.98
[05:31:47.962] [JOIN] INFO: [net] [bw] role=J entsz=79 pkts/s=19.7 appB/s=1673 wireB/s~=2303 batches/s=19.7 ents/s=20 ents/batch=1.0
[05:31:48.050] [JOIN] INFO: SCENARIO RECV hand=1,2637329152,1,1,3079467776 pos=-51238.07,1558.53,2829.98
[05:31:48.554] [JOIN] INFO: SCENARIO RECV hand=1,2637329152,1,1,3079467776 pos=-51238.07,1558.53,2829.98
[05:31:48.973] [JOIN] INFO: [net] [bw] role=J entsz=79 pkts/s=19.7 appB/s=1673 wireB/s~=2303 batches/s=19.7 ents/s=20 ents/batch=1.0
[05:31:49.050] [JOIN] INFO: SCENARIO RECV hand=1,2637329152,1,1,3079467776 pos=-51238.07,1558.53,2829.98
[05:31:49.550] [JOIN] INFO: SCENARIO RECV hand=1,2637329152,1,1,3079467776 pos=-51238.07,1558.53,2829.98
[05:31:49.832] [JOIN] INFO: [net] disconnected from host
[05:31:49.833] [JOIN] INFO: handshake: peer left id=4294967295
[05:31:49.883] [JOIN] INFO: [net] reconnecting
[05:31:49.984] [JOIN] INFO: [net] [bw] role=J entsz=79 pkts/s=20.0 appB/s=1700 wireB/s~=2340 batches/s=20.0 ents/s=20 ents/batch=1.0
[05:31:50.049] [JOIN] INFO: SCENARIO RECV hand=1,2637329152,1,1,3079467776 pos=-51238.07,1558.53,2829.98
[05:31:50.552] [JOIN] INFO: SCENARIO RECV hand=1,2637329152,1,1,3079467776 pos=-51238.07,1558.53,2829.98
[05:31:50.993] [JOIN] INFO: [net] [bw] role=J entsz=79 pkts/s=19.7 appB/s=1675 wireB/s~=2305 batches/s=19.7 ents/s=20 ents/batch=1.0
[05:31:51.052] [JOIN] INFO: SCENARIO RECV hand=1,2637329152,1,1,3079467776 pos=-51238.07,1558.53,2829.98
[05:31:51.552] [JOIN] INFO: SCENARIO RECV hand=1,2637329152,1,1,3079467776 pos=-51238.07,1558.53,2829.98
[05:31:52.003] [JOIN] INFO: [net] [bw] role=J entsz=79 pkts/s=19.7 appB/s=1673 wireB/s~=2303 batches/s=19.7 ents/s=20 ents/batch=1.0
[05:31:52.053] [JOIN] INFO: SCENARIO RECV hand=1,2637329152,1,1,3079467776 pos=-51238.07,1558.53,2829.98
[05:31:52.551] [JOIN] INFO: SCENARIO RECV hand=1,2637329152,1,1,3079467776 pos=-51238.07,1558.53,2829.98
[05:31:53.011] [JOIN] INFO: [net] [bw] role=J entsz=79 pkts/s=20.0 appB/s=1700 wireB/s~=2340 batches/s=20.0 ents/s=20 ents/batch=1.0
[05:31:53.052] [JOIN] INFO: SCENARIO RECV hand=1,2637329152,1,1,3079467776 pos=-51238.07,1558.53,2829.98
[05:31:53.552] [JOIN] INFO: SCENARIO RECV hand=1,2637329152,1,1,3079467776 pos=-51238.07,1558.53,2829.98
[05:31:54.023] [JOIN] INFO: [net] [bw] role=J entsz=79 pkts/s=19.7 appB/s=1673 wireB/s~=2303 batches/s=19.7 ents/s=20 ents/batch=1.0
[05:31:54.052] [JOIN] INFO: SCENARIO RECV hand=1,2637329152,1,1,3079467776 pos=-51238.07,1558.53,2829.98
[05:31:54.551] [JOIN] INFO: SCENARIO RECV hand=1,2637329152,1,1,3079467776 pos=-51238.07,1558.53,2829.98
[05:31:55.032] [JOIN] INFO: [net] [bw] role=J entsz=79 pkts/s=20.0 appB/s=1700 wireB/s~=2340 batches/s=20.0 ents/s=20 ents/batch=1.0
[05:31:55.053] [JOIN] INFO: SCENARIO RECV hand=1,2637329152,1,1,3079467776 pos=-51238.07,1558.53,2829.98
[05:31:55.537] [JOIN] INFO: KenshiCoop: test duration elapsed; exiting
