[05:29:03.663] [HOST] INFO: log opened
[05:29:03.663] [HOST] INFO: KenshiCoop loaded! (clean rebuild)
[05:29:03.663] [HOST] INFO: KenshiCoop: build Jun 20 2026 05:28:31
[05:29:03.663] [HOST] INFO: KenshiCoop: role=HOST proto=v11 port=27800 save='c'
[05:29:03.704] [HOST] INFO: KenshiCoop: ownership ranks = {0} (bidirectional presence)
[05:29:03.748] [HOST] INFO: KenshiCoop: auto-load armed for save 'c'
[05:29:03.748] [HOST] INFO: KenshiCoop: test mode - self-exit 25 s after gameplay starts
[05:29:03.748] [HOST] INFO: KenshiCoop: scenario armed 'spike'
[05:29:03.748] [HOST] INFO: KenshiCoop: starting as HOST
[05:29:03.748] [HOST] INFO: [net] hosting
[05:29:04.755] [HOST] INFO: [net] [bw] role=H entsz=79 pkts/s=0.0 appB/s=0 wireB/s~=0 batches/s=0.0 ents/s=0 ents/batch=0.0
[05:29:05.768] [HOST] INFO: [net] [bw] role=H entsz=79 pkts/s=0.0 appB/s=0 wireB/s~=0 batches/s=0.0 ents/s=0 ents/batch=0.0
[05:29:06.782] [HOST] INFO: [net] [bw] role=H entsz=79 pkts/s=0.0 appB/s=0 wireB/s~=0 batches/s=0.0 ents/s=0 ents/batch=0.0
[05:29:07.793] [HOST] INFO: [net] [bw] role=H entsz=79 pkts/s=0.0 appB/s=0 wireB/s~=0 batches/s=0.0 ents/s=0 ents/batch=0.0
[05:29:08.805] [HOST] INFO: [net] [bw] role=H entsz=79 pkts/s=0.0 appB/s=0 wireB/s~=0 batches/s=0.0 ents/s=0 ents/batch=0.0
[05:29:09.817] [HOST] INFO: [net] [bw] role=H entsz=79 pkts/s=0.0 appB/s=0 wireB/s~=0 batches/s=0.0 ents/s=0 ents/batch=0.0
[05:29:10.140] [HOST] INFO: KenshiCoop: auto-load issued for save 'c' (after 5000 ms settle)
[05:29:10.826] [HOST] INFO: [net] [bw] role=H entsz=79 pkts/s=0.0 appB/s=0 wireB/s~=0 batches/s=0.0 ents/s=0 ents/batch=0.0
[05:29:11.836] [HOST] INFO: [net] [bw] role=H entsz=79 pkts/s=0.0 appB/s=0 wireB/s~=0 batches/s=0.0 ents/s=0 ents/batch=0.0
[05:29:12.846] [HOST] INFO: [net] [bw] role=H entsz=79 pkts/s=0.0 appB/s=0 wireB/s~=0 batches/s=0.0 ents/s=0 ents/batch=0.0
[05:29:13.854] [HOST] INFO: [net] [bw] role=H entsz=79 pkts/s=0.0 appB/s=0 wireB/s~=0 batches/s=0.0 ents/s=0 ents/batch=0.0
[05:29:14.645] [HOST] INFO: [net] peer connecting (awaiting HELLO)
[05:29:14.645] [HOST] INFO: [net] peer connected id=1 (proto v11)
[05:29:14.652] [HOST] INFO: handshake: peer present id=1 (local id=0)
[05:29:14.848] [HOST] INFO: [net] [bw] role=H entsz=79 pkts/s=0.0 appB/s=0 wireB/s~=0 batches/s=0.0 ents/s=0 ents/batch=0.0
[05:29:15.857] [HOST] INFO: [net] [bw] role=H entsz=79 pkts/s=0.0 appB/s=0 wireB/s~=0 batches/s=0.0 ents/s=0 ents/batch=0.0
[05:29:16.866] [HOST] INFO: [net] [bw] role=H entsz=79 pkts/s=0.0 appB/s=0 wireB/s~=0 batches/s=0.0 ents/s=0 ents/batch=0.0
[05:29:17.877] [HOST] INFO: [net] [bw] role=H entsz=79 pkts/s=0.0 appB/s=0 wireB/s~=0 batches/s=0.0 ents/s=0 ents/batch=0.0
[05:29:18.889] [HOST] INFO: [net] [bw] role=H entsz=79 pkts/s=0.0 appB/s=0 wireB/s~=0 batches/s=0.0 ents/s=0 ents/batch=0.0
[05:29:19.899] [HOST] INFO: [net] [bw] role=H entsz=79 pkts/s=0.0 appB/s=0 wireB/s~=0 batches/s=0.0 ents/s=0 ents/batch=0.0
[05:29:20.909] [HOST] INFO: [net] [bw] role=H entsz=79 pkts/s=0.0 appB/s=0 wireB/s~=0 batches/s=0.0 ents/s=0 ents/batch=0.0
[05:29:21.919] [HOST] INFO: [net] [bw] role=H entsz=79 pkts/s=0.0 appB/s=0 wireB/s~=0 batches/s=0.0 ents/s=0 ents/batch=0.0
[05:29:22.077] [HOST] INFO: KenshiCoop: gameplay started
[05:29:22.077] [HOST] INFO: SCENARIO spike start
[05:29:22.077] [HOST] INFO: SPIKE 12 start id=12 host=1
[05:29:22.078] [HOST] INFO: SCENARIO MEMBER hand=1,2637329152,1,1,3079467776 pos=-51234.47,1547.65,2851.09
[05:29:22.078] [HOST] INFO: SPIKE 12 smoke leader hand=1,2637329152,1,1,3079467776 pos=-51234.5,1547.6,2851.1
[05:29:22.085] [HOST] INFO: SCENARIO MEMBER hand=1,2637329152,1,1,3079467776 pos=-51234.47,1547.65,2851.09
[05:29:22.113] [HOST] INFO: [taskkey] key=87 desc='Operating machine' repro=1 subject=1
[05:29:22.113] [HOST] INFO: [seatres] HOST task=87 npc=1,1723144576 subj=514,2909912064 ok=1 npcpos=-51206.5,2659.7 subjpos=-51206.5,2659.7 d=0.0
[05:29:22.181] [HOST] INFO: [taskkey] key=1 desc='Moving' repro=0 subject=1
[05:29:22.585] [HOST] INFO: SCENARIO MEMBER hand=1,2637329152,1,1,3079467776 pos=-51234.47,1555.93,2851.09
[05:29:22.932] [HOST] INFO: [net] [bw] role=H entsz=79 pkts/s=16.7 appB/s=6165 wireB/s~=6701 batches/s=16.7 ents/s=77 ents/batch=4.6
[05:29:23.083] [HOST] INFO: SCENARIO MEMBER hand=1,2637329152,1,1,3079467776 pos=-51234.47,1555.93,2851.09
[05:29:23.442] [HOST] INFO: [taskkey] key=51 desc='Stand at node' repro=0 subject=1
[05:29:23.586] [HOST] INFO: SCENARIO MEMBER hand=1,2637329152,1,1,3079467776 pos=-51234.47,1555.93,2851.09
[05:29:23.941] [HOST] INFO: [net] [bw] role=H entsz=79 pkts/s=19.7 appB/s=9380 wireB/s~=10011 batches/s=19.7 ents/s=117 ents/batch=6.0
[05:29:24.082] [HOST] INFO: SCENARIO MEMBER hand=1,2637329152,1,1,3079467776 pos=-51234.47,1555.93,2851.09
[05:29:24.585] [HOST] INFO: SCENARIO MEMBER hand=1,2637329152,1,1,3079467776 pos=-51234.47,1555.93,2851.09
[05:29:24.951] [HOST] INFO: [net] [bw] role=H entsz=79 pkts/s=20.0 appB/s=8020 wireB/s~=8660 batches/s=20.0 ents/s=100 ents/batch=5.0
[05:29:25.086] [HOST] INFO: SCENARIO MEMBER hand=1,2637329152,1,1,3079467776 pos=-51234.47,1555.93,2851.09
[05:29:25.590] [HOST] INFO: SCENARIO MEMBER hand=1,2637329152,1,1,3079467776 pos=-51234.47,1555.93,2851.09
[05:29:25.961] [HOST] INFO: [net] [bw] role=H entsz=79 pkts/s=19.7 appB/s=7894 wireB/s~=8524 batches/s=19.7 ents/s=98 ents/batch=5.0
[05:29:26.084] [HOST] INFO: SCENARIO MEMBER hand=1,2637329152,1,1,3079467776 pos=-51234.47,1555.93,2851.09
[05:29:26.587] [HOST] INFO: SCENARIO MEMBER hand=1,2637329152,1,1,3079467776 pos=-51234.47,1555.93,2851.09
[05:29:26.972] [HOST] INFO: [net] [bw] role=H entsz=79 pkts/s=19.7 appB/s=7894 wireB/s~=8524 batches/s=19.7 ents/s=98 ents/batch=5.0
[05:29:27.084] [HOST] INFO: SCENARIO MEMBER hand=1,2637329152,1,1,3079467776 pos=-51234.47,1555.93,2851.09
[05:29:27.585] [HOST] INFO: SCENARIO MEMBER hand=1,2637329152,1,1,3079467776 pos=-51234.47,1555.93,2851.09
[05:29:27.982] [HOST] INFO: [net] [bw] role=H entsz=79 pkts/s=20.0 appB/s=8020 wireB/s~=8660 batches/s=20.0 ents/s=100 ents/batch=5.0
[05:29:28.088] [HOST] INFO: SCENARIO MEMBER hand=1,2637329152,1,1,3079467776 pos=-51234.47,1555.93,2851.09
[05:29:28.583] [HOST] INFO: SCENARIO MEMBER hand=1,2637329152,1,1,3079467776 pos=-51234.47,1555.93,2851.09
[05:29:28.993] [HOST] INFO: [net] [bw] role=H entsz=79 pkts/s=19.7 appB/s=7901 wireB/s~=8532 batches/s=19.7 ents/s=99 ents/batch=5.0
[05:29:29.081] [HOST] INFO: SCENARIO MEMBER hand=1,2637329152,1,1,3079467776 pos=-51234.47,1555.93,2851.09
[05:29:29.586] [HOST] INFO: SCENARIO MEMBER hand=1,2637329152,1,1,3079467776 pos=-51234.47,1555.93,2851.09
[05:29:30.002] [HOST] INFO: [net] [bw] role=H entsz=79 pkts/s=19.7 appB/s=7894 wireB/s~=8524 batches/s=19.7 ents/s=98 ents/batch=5.0
[05:29:30.081] [HOST] INFO: SCENARIO MEMBER hand=1,2637329152,1,1,3079467776 pos=-51234.47,1555.93,2851.09
[05:29:30.583] [HOST] INFO: SCENARIO MEMBER hand=1,2637329152,1,1,3079467776 pos=-51234.47,1555.93,2851.09
[05:29:31.013] [HOST] INFO: [net] [bw] role=H entsz=79 pkts/s=20.0 appB/s=8020 wireB/s~=8660 batches/s=20.0 ents/s=100 ents/batch=5.0
[05:29:31.080] [HOST] INFO: SCENARIO MEMBER hand=1,2637329152,1,1,3079467776 pos=-51234.47,1555.93,2851.09
[05:29:31.580] [HOST] INFO: SCENARIO MEMBER hand=1,2637329152,1,1,3079467776 pos=-51234.47,1555.93,2851.09
[05:29:32.023] [HOST] INFO: [net] [bw] role=H entsz=79 pkts/s=19.7 appB/s=9138 wireB/s~=9768 batches/s=19.7 ents/s=114 ents/batch=5.8
[05:29:32.082] [HOST] INFO: SCENARIO MEMBER hand=1,2637329152,1,1,3079467776 pos=-51234.47,1555.93,2851.09
[05:29:32.585] [HOST] INFO: SCENARIO MEMBER hand=1,2637329152,1,1,3079467776 pos=-51234.47,1555.93,2851.09
[05:29:33.033] [HOST] INFO: [net] [bw] role=H entsz=79 pkts/s=19.7 appB/s=8368 wireB/s~=8999 batches/s=19.7 ents/s=104 ents/batch=5.3
[05:29:33.082] [HOST] INFO: SCENARIO MEMBER hand=1,2637329152,1,1,3079467776 pos=-51234.47,1555.93,2851.09
[05:29:33.585] [HOST] INFO: SCENARIO MEMBER hand=1,2637329152,1,1,3079467776 pos=-51234.47,1555.93,2851.09
[05:29:34.045] [HOST] INFO: [net] [bw] role=H entsz=79 pkts/s=20.0 appB/s=8020 wireB/s~=8660 batches/s=20.0 ents/s=100 ents/batch=5.0
[05:29:34.086] [HOST] INFO: SCENARIO MEMBER hand=1,2637329152,1,1,3079467776 pos=-51234.47,1555.93,2851.09
[05:29:34.583] [HOST] INFO: SCENARIO MEMBER hand=1,2637329152,1,1,3079467776 pos=-51234.47,1555.93,2851.09
[05:29:35.055] [HOST] INFO: [net] [bw] role=H entsz=79 pkts/s=19.7 appB/s=7894 wireB/s~=8524 batches/s=19.7 ents/s=98 ents/batch=5.0
[05:29:35.084] [HOST] INFO: SCENARIO MEMBER hand=1,2637329152,1,1,3079467776 pos=-51234.47,1555.93,2851.09
[05:29:35.584] [HOST] INFO: SCENARIO MEMBER hand=1,2637329152,1,1,3079467776 pos=-51234.47,1555.93,2851.09
[05:29:36.066] [HOST] INFO: [net] [bw] role=H entsz=79 pkts/s=19.7 appB/s=7901 wireB/s~=8532 batches/s=19.7 ents/s=99 ents/batch=5.0
[05:29:36.085] [HOST] INFO: SCENARIO MEMBER hand=1,2637329152,1,1,3079467776 pos=-51234.47,1555.93,2851.09
[05:29:36.580] [HOST] INFO: SCENARIO MEMBER hand=1,2637329152,1,1,3079467776 pos=-51234.47,1555.93,2851.09
[05:29:37.076] [HOST] INFO: [net] [bw] role=H entsz=79 pkts/s=20.0 appB/s=8020 wireB/s~=8660 batches/s=20.0 ents/s=100 ents/batch=5.0
[05:29:37.084] [HOST] INFO: SCENARIO MEMBER hand=1,2637329152,1,1,3079467776 pos=-51234.47,1555.93,2851.09
[05:29:37.580] [HOST] INFO: SCENARIO MEMBER hand=1,2637329152,1,1,3079467776 pos=-51234.47,1555.93,2851.09
[05:29:38.082] [HOST] INFO: SCENARIO MEMBER hand=1,2637329152,1,1,3079467776 pos=-51234.47,1555.93,2851.09
[05:29:38.086] [HOST] INFO: [net] [bw] role=H entsz=79 pkts/s=19.7 appB/s=7894 wireB/s~=8524 batches/s=19.7 ents/s=98 ents/batch=5.0
[05:29:38.584] [HOST] INFO: SCENARIO MEMBER hand=1,2637329152,1,1,3079467776 pos=-51234.47,1555.93,2851.09
[05:29:39.082] [HOST] INFO: SCENARIO MEMBER hand=1,2637329152,1,1,3079467776 pos=-51234.47,1555.93,2851.09
[05:29:39.097] [HOST] INFO: [net] [bw] role=H entsz=79 pkts/s=19.7 appB/s=7894 wireB/s~=8524 batches/s=19.7 ents/s=98 ents/batch=5.0
[05:29:39.584] [HOST] INFO: SCENARIO MEMBER hand=1,2637329152,1,1,3079467776 pos=-51234.47,1555.93,2851.09
[05:29:40.080] [HOST] INFO: SCENARIO MEMBER hand=1,2637329152,1,1,3079467776 pos=-51234.47,1555.93,2851.09
[05:29:40.110] [HOST] INFO: [net] [bw] role=H entsz=79 pkts/s=20.0 appB/s=8020 wireB/s~=8660 batches/s=20.0 ents/s=100 ents/batch=5.0
[05:29:40.582] [HOST] INFO: SCENARIO MEMBER hand=1,2637329152,1,1,3079467776 pos=-51234.47,1555.93,2851.09
[05:29:41.084] [HOST] INFO: SCENARIO MEMBER hand=1,2637329152,1,1,3079467776 pos=-51234.47,1555.93,2851.09
[05:29:41.122] [HOST] INFO: [net] [bw] role=H entsz=79 pkts/s=19.7 appB/s=7901 wireB/s~=8532 batches/s=19.7 ents/s=99 ents/batch=5.0
[05:29:41.585] [HOST] INFO: SCENARIO MEMBER hand=1,2637329152,1,1,3079467776 pos=-51234.47,1555.93,2851.09
[05:29:42.083] [HOST] INFO: SCENARIO MEMBER hand=1,2637329152,1,1,3079467776 pos=-51234.47,1555.93,2851.09
[05:29:42.130] [HOST] INFO: [net] [bw] role=H entsz=79 pkts/s=19.7 appB/s=7894 wireB/s~=8524 batches/s=19.7 ents/s=98 ents/batch=5.0
[05:29:42.585] [HOST] INFO: SCENARIO MEMBER hand=1,2637329152,1,1,3079467776 pos=-51234.47,1555.93,2851.09
[05:29:43.085] [HOST] INFO: SCENARIO MEMBER hand=1,2637329152,1,1,3079467776 pos=-51234.47,1555.93,2851.09
[05:29:43.141] [HOST] INFO: [net] [bw] role=H entsz=79 pkts/s=20.0 appB/s=8020 wireB/s~=8660 batches/s=20.0 ents/s=100 ents/batch=5.0
[05:29:43.581] [HOST] INFO: SCENARIO MEMBER hand=1,2637329152,1,1,3079467776 pos=-51234.47,1555.93,2851.09
[05:29:44.084] [HOST] INFO: SCENARIO MEMBER hand=1,2637329152,1,1,3079467776 pos=-51234.47,1555.93,2851.09
[05:29:44.152] [HOST] INFO: [net] [bw] role=H entsz=79 pkts/s=19.7 appB/s=7894 wireB/s~=8524 batches/s=19.7 ents/s=98 ents/batch=5.0
[05:29:44.587] [HOST] INFO: SCENARIO MEMBER hand=1,2637329152,1,1,3079467776 pos=-51234.47,1555.93,2851.09
[05:29:45.085] [HOST] INFO: SCENARIO MEMBER hand=1,2637329152,1,1,3079467776 pos=-51234.47,1555.93,2851.09
[05:29:45.163] [HOST] INFO: [net] [bw] role=H entsz=79 pkts/s=19.7 appB/s=7979 wireB/s~=8610 batches/s=19.7 ents/s=100 ents/batch=5.0
[05:29:45.581] [HOST] INFO: SCENARIO MEMBER hand=1,2637329152,1,1,3079467776 pos=-51234.47,1555.93,2851.09
[05:29:46.080] [HOST] INFO: SCENARIO MEMBER hand=1,2637329152,1,1,3079467776 pos=-51234.47,1555.93,2851.09
[05:29:46.173] [HOST] INFO: [net] [bw] role=H entsz=79 pkts/s=20.0 appB/s=9284 wireB/s~=9924 batches/s=20.0 ents/s=116 ents/batch=5.8
[05:29:46.582] [HOST] INFO: SCENARIO MEMBER hand=1,2637329152,1,1,3079467776 pos=-51234.47,1555.93,2851.09
[05:29:47.071] [HOST] INFO: KenshiCoop: test duration elapsed; exiting
