[05:29:14.510] [JOIN] INFO: log opened
[05:29:14.510] [JOIN] INFO: KenshiCoop loaded! (clean rebuild)
[05:29:14.510] [JOIN] INFO: KenshiCoop: build Jun 20 2026 05:28:31
[05:29:14.510] [JOIN] INFO: KenshiCoop: role=JOIN proto=v11 port=27800 save='c'
[05:29:14.574] [JOIN] INFO: KenshiCoop: ownership ranks = {1} (bidirectional presence)
[05:29:14.637] [JOIN] INFO: KenshiCoop: auto-load armed for save 'c'
[05:29:14.637] [JOIN] INFO: KenshiCoop: test mode - self-exit 25 s after gameplay starts
[05:29:14.637] [JOIN] INFO: KenshiCoop: scenario armed 'spike'
[05:29:14.637] [JOIN] INFO: KenshiCoop: starting as CLIENT
[05:29:14.645] [JOIN] INFO: [net] connecting
[05:29:14.645] [JOIN] INFO: [net] connected to host; sent HELLO
[05:29:14.646] [JOIN] INFO: [net] peer connected id=1 (proto v11) - received WELCOME
[05:29:15.655] [JOIN] INFO: [net] [bw] role=J entsz=79 pkts/s=0.0 appB/s=0 wireB/s~=0 batches/s=0.0 ents/s=0 ents/batch=0.0
[05:29:16.663] [JOIN] INFO: [net] [bw] role=J entsz=79 pkts/s=0.0 appB/s=0 wireB/s~=0 batches/s=0.0 ents/s=0 ents/batch=0.0
[05:29:17.675] [JOIN] INFO: [net] [bw] role=J entsz=79 pkts/s=0.0 appB/s=0 wireB/s~=0 batches/s=0.0 ents/s=0 ents/batch=0.0
[05:29:18.686] [JOIN] INFO: [net] [bw] role=J entsz=79 pkts/s=0.0 appB/s=0 wireB/s~=0 batches/s=0.0 ents/s=0 ents/batch=0.0
[05:29:19.696] [JOIN] INFO: [net] [bw] role=J entsz=79 pkts/s=0.0 appB/s=0 wireB/s~=0 batches/s=0.0 ents/s=0 ents/batch=0.0
[05:29:20.706] [JOIN] INFO: [net] [bw] role=J entsz=79 pkts/s=0.0 appB/s=0 wireB/s~=0 batches/s=0.0 ents/s=0 ents/batch=0.0
[05:29:20.924] [JOIN] INFO: KenshiCoop: auto-load issued for save 'c' (after 5000 ms settle)
[05:29:21.716] [JOIN] INFO: [net] [bw] role=J entsz=79 pkts/s=0.0 appB/s=0 wireB/s~=0 batches/s=0.0 ents/s=0 ents/batch=0.0
[05:29:22.729] [JOIN] INFO: [net] [bw] role=J entsz=79 pkts/s=0.0 appB/s=0 wireB/s~=0 batches/s=0.0 ents/s=0 ents/batch=0.0
[05:29:23.739] [JOIN] INFO: [net] [bw] role=J entsz=79 pkts/s=0.0 appB/s=0 wireB/s~=0 batches/s=0.0 ents/s=0 ents/batch=0.0
[05:29:24.344] [JOIN] INFO: handshake: peer present id=0 (local id=1)
[05:29:24.749] [JOIN] INFO: [net] [bw] role=J entsz=79 pkts/s=0.0 appB/s=0 wireB/s~=0 batches/s=0.0 ents/s=0 ents/batch=0.0
[05:29:25.759] [JOIN] INFO: [net] [bw] role=J entsz=79 pkts/s=0.0 appB/s=0 wireB/s~=0 batches/s=0.0 ents/s=0 ents/batch=0.0
[05:29:26.770] [JOIN] INFO: [net] [bw] role=J entsz=79 pkts/s=0.0 appB/s=0 wireB/s~=0 batches/s=0.0 ents/s=0 ents/batch=0.0
[05:29:27.780] [JOIN] INFO: [net] [bw] role=J entsz=79 pkts/s=0.0 appB/s=0 wireB/s~=0 batches/s=0.0 ents/s=0 ents/batch=0.0
[05:29:28.790] [JOIN] INFO: [net] [bw] role=J entsz=79 pkts/s=0.0 appB/s=0 wireB/s~=0 batches/s=0.0 ents/s=0 ents/batch=0.0
[05:29:29.800] [JOIN] INFO: [net] [bw] role=J entsz=79 pkts/s=0.0 appB/s=0 wireB/s~=0 batches/s=0.0 ents/s=0 ents/batch=0.0
[05:29:30.811] [JOIN] INFO: [net] [bw] role=J entsz=79 pkts/s=0.0 appB/s=0 wireB/s~=0 batches/s=0.0 ents/s=0 ents/batch=0.0
[05:29:31.821] [JOIN] INFO: [net] [bw] role=J entsz=79 pkts/s=0.0 appB/s=0 wireB/s~=0 batches/s=0.0 ents/s=0 ents/batch=0.0
[05:29:32.078] [JOIN] INFO: KenshiCoop: gameplay started
[05:29:32.078] [JOIN] INFO: SCENARIO spike start
[05:29:32.078] [JOIN] INFO: SPIKE 12 start id=12 host=0
[05:29:32.079] [JOIN] INFO: [gate] hand=1,1723144576 host=87 local=65535  agree=0/1 (0%)
[05:29:32.079] [JOIN] INFO: [pose] rest re-arm task 65535 -> 87
[05:29:32.079] [JOIN] INFO: [pose] applyOrder hand=1,1723144576 task=87 subj=514,2909912064,0 det=1 r=2
[05:29:32.079] [JOIN] INFO: SCENARIO RECV hand=1,2637329152,1,1,3079467776 pos=-51234.47,1547.65,2851.09
[05:29:32.079] [JOIN] INFO: SPIKE 12 smoke leader hand=1,2637329152,1,1,3079467776 pos=-51234.5,1547.6,2851.1
[05:29:32.089] [JOIN] INFO: [taskkey] key=87 desc='Operating machine' repro=1 subject=1
[05:29:32.089] [JOIN] INFO: [seatres] HOST task=87 npc=1,1723144576 subj=514,2909912064 ok=1 npcpos=-51206.5,2659.7 subjpos=-51206.5,2659.7 d=0.0
[05:29:32.089] [JOIN] INFO: SCENARIO RECV hand=1,2637329152,1,1,3079467776 pos=-51234.47,1555.93,2851.09
[05:29:32.114] [JOIN] INFO: [taskkey] key=1 desc='Moving' repro=0 subject=1
[05:29:32.201] [JOIN] INFO: [taskkey] key=51 desc='Stand at node' repro=0 subject=1
[05:29:32.583] [JOIN] INFO: SCENARIO RECV hand=1,2637329152,1,1,3079467776 pos=-51234.47,1555.93,2851.09
[05:29:32.831] [JOIN] INFO: [net] [bw] role=J entsz=79 pkts/s=14.8 appB/s=1255 wireB/s~=1727 batches/s=14.8 ents/s=15 ents/batch=1.0
[05:29:33.080] [JOIN] INFO: SCENARIO RECV hand=1,2637329152,1,1,3079467776 pos=-51234.47,1555.93,2851.09
[05:29:33.585] [JOIN] INFO: SCENARIO RECV hand=1,2637329152,1,1,3079467776 pos=-51234.47,1555.93,2851.09
[05:29:33.843] [JOIN] INFO: [net] [bw] role=J entsz=79 pkts/s=20.0 appB/s=1700 wireB/s~=2340 batches/s=20.0 ents/s=20 ents/batch=1.0
[05:29:34.084] [JOIN] INFO: [gate] hand=5,1919189504 host=51 local=1  agree=879/1239 (70%)
[05:29:34.084] [JOIN] INFO: SCENARIO RECV hand=1,2637329152,1,1,3079467776 pos=-51234.47,1555.93,2851.09
[05:29:34.336] [JOIN] INFO: [authority] suppress NPC hand=3,3090698240 (streamed=5 local=5 supp=1)
[05:29:34.580] [JOIN] INFO: SCENARIO RECV hand=1,2637329152,1,1,3079467776 pos=-51234.47,1555.93,2851.09
[05:29:34.853] [JOIN] INFO: [net] [bw] role=J entsz=79 pkts/s=19.7 appB/s=1673 wireB/s~=2303 batches/s=19.7 ents/s=20 ents/batch=1.0
[05:29:35.083] [JOIN] INFO: SCENARIO RECV hand=1,2637329152,1,1,3079467776 pos=-51234.47,1555.93,2851.09
[05:29:35.586] [JOIN] INFO: SCENARIO RECV hand=1,2637329152,1,1,3079467776 pos=-51234.47,1555.93,2851.09
[05:29:35.864] [JOIN] INFO: [net] [bw] role=J entsz=79 pkts/s=19.7 appB/s=1675 wireB/s~=2305 batches/s=19.7 ents/s=20 ents/batch=1.0
[05:29:36.082] [JOIN] INFO: SCENARIO RECV hand=1,2637329152,1,1,3079467776 pos=-51234.47,1555.93,2851.09
[05:29:36.090] [JOIN] INFO: [gate] hand=5,1919189504 host=51 local=1  agree=1653/2305 (71%)
[05:29:36.585] [JOIN] INFO: SCENARIO RECV hand=1,2637329152,1,1,3079467776 pos=-51234.47,1555.93,2851.09
[05:29:36.874] [JOIN] INFO: [net] [bw] role=J entsz=79 pkts/s=20.0 appB/s=1700 wireB/s~=2340 batches/s=20.0 ents/s=20 ents/batch=1.0
[05:29:37.083] [JOIN] INFO: SCENARIO RECV hand=1,2637329152,1,1,3079467776 pos=-51234.47,1555.93,2851.09
[05:29:37.582] [JOIN] INFO: SCENARIO RECV hand=1,2637329152,1,1,3079467776 pos=-51234.47,1555.93,2851.09
[05:29:37.884] [JOIN] INFO: [net] [bw] role=J entsz=79 pkts/s=19.7 appB/s=1673 wireB/s~=2303 batches/s=19.7 ents/s=20 ents/batch=1.0
[05:29:38.081] [JOIN] INFO: SCENARIO RECV hand=1,2637329152,1,1,3079467776 pos=-51234.47,1555.93,2851.09
[05:29:38.096] [JOIN] INFO: [gate] hand=5,1919189504 host=51 local=1  agree=2382/3277 (72%)
[05:29:38.582] [JOIN] INFO: SCENARIO RECV hand=1,2637329152,1,1,3079467776 pos=-51234.47,1555.93,2851.09
[05:29:38.895] [JOIN] INFO: [net] [bw] role=J entsz=79 pkts/s=19.7 appB/s=1673 wireB/s~=2303 batches/s=19.7 ents/s=20 ents/batch=1.0
[05:29:39.086] [JOIN] INFO: SCENARIO RECV hand=1,2637329152,1,1,3079467776 pos=-51234.47,1555.93,2851.09
[05:29:39.582] [JOIN] INFO: SCENARIO RECV hand=1,2637329152,1,1,3079467776 pos=-51234.47,1555.93,2851.09
[05:29:39.907] [JOIN] INFO: [net] [bw] role=J entsz=79 pkts/s=20.0 appB/s=1700 wireB/s~=2340 batches/s=20.0 ents/s=20 ents/batch=1.0
[05:29:40.081] [JOIN] INFO: SCENARIO RECV hand=1,2637329152,1,1,3079467776 pos=-51234.47,1555.93,2851.09
[05:29:40.097] [JOIN] INFO: [gate] hand=5,1919189504 host=51 local=1  agree=3187/4369 (72%)
[05:29:40.585] [JOIN] INFO: SCENARIO RECV hand=1,2637329152,1,1,3079467776 pos=-51234.47,1555.93,2851.09
[05:29:40.920] [JOIN] INFO: [net] [bw] role=J entsz=79 pkts/s=19.7 appB/s=1675 wireB/s~=2305 batches/s=19.7 ents/s=20 ents/batch=1.0
[05:29:41.081] [JOIN] INFO: SCENARIO RECV hand=1,2637329152,1,1,3079467776 pos=-51234.47,1555.93,2851.09
[05:29:41.585] [JOIN] INFO: SCENARIO RECV hand=1,2637329152,1,1,3079467776 pos=-51234.47,1555.93,2851.09
[05:29:41.929] [JOIN] INFO: [net] [bw] role=J entsz=79 pkts/s=19.7 appB/s=1673 wireB/s~=2303 batches/s=19.7 ents/s=20 ents/batch=1.0
[05:29:42.082] [JOIN] INFO: SCENARIO RECV hand=1,2637329152,1,1,3079467776 pos=-51234.47,1555.93,2851.09
[05:29:42.097] [JOIN] INFO: [gate] hand=5,1919189504 host=51 local=1  agree=3981/5445 (73%)
[05:29:42.582] [JOIN] INFO: SCENARIO RECV hand=1,2637329152,1,1,3079467776 pos=-51234.47,1555.93,2851.09
[05:29:42.938] [JOIN] INFO: [net] [bw] role=J entsz=79 pkts/s=20.0 appB/s=1700 wireB/s~=2340 batches/s=20.0 ents/s=20 ents/batch=1.0
[05:29:43.085] [JOIN] INFO: SCENARIO RECV hand=1,2637329152,1,1,3079467776 pos=-51234.47,1555.93,2851.09
[05:29:43.581] [JOIN] INFO: SCENARIO RECV hand=1,2637329152,1,1,3079467776 pos=-51234.47,1555.93,2851.09
[05:29:43.949] [JOIN] INFO: [net] [bw] role=J entsz=79 pkts/s=19.7 appB/s=1675 wireB/s~=2305 batches/s=19.7 ents/s=20 ents/batch=1.0
[05:29:44.084] [JOIN] INFO: SCENARIO RECV hand=1,2637329152,1,1,3079467776 pos=-51234.47,1555.93,2851.09
[05:29:44.100] [JOIN] INFO: [gate] hand=5,1919189504 host=51 local=1  agree=4726/6533 (72%)
[05:29:44.582] [JOIN] INFO: SCENARIO RECV hand=1,2637329152,1,1,3079467776 pos=-51234.47,1555.93,2851.09
[05:29:44.959] [JOIN] INFO: [net] [bw] role=J entsz=79 pkts/s=19.7 appB/s=1673 wireB/s~=2303 batches/s=19.7 ents/s=20 ents/batch=1.0
[05:29:45.083] [JOIN] INFO: SCENARIO RECV hand=1,2637329152,1,1,3079467776 pos=-51234.47,1555.93,2851.09
[05:29:45.581] [JOIN] INFO: SCENARIO RECV hand=1,2637329152,1,1,3079467776 pos=-51234.47,1555.93,2851.09
[05:29:45.970] [JOIN] INFO: [net] [bw] role=J entsz=79 pkts/s=19.7 appB/s=1673 wireB/s~=2303 batches/s=19.7 ents/s=20 ents/batch=1.0
[05:29:46.084] [JOIN] INFO: SCENARIO RECV hand=1,2637329152,1,1,3079467776 pos=-51234.47,1555.93,2851.09
[05:29:46.107] [JOIN] INFO: [gate] hand=5,1919189504 host=51 local=1  agree=5433/7734 (70%)
[05:29:46.580] [JOIN] INFO: SCENARIO RECV hand=1,2637329152,1,1,3079467776 pos=-51234.47,1555.93,2851.09
[05:29:46.981] [JOIN] INFO: [net] [bw] role=J entsz=79 pkts/s=20.0 appB/s=1700 wireB/s~=2340 batches/s=20.0 ents/s=20 ents/batch=1.0
[05:29:47.086] [JOIN] INFO: SCENARIO RECV hand=1,2637329152,1,1,3079467776 pos=-51234.47,1555.93,2851.09
[05:29:47.583] [JOIN] INFO: SCENARIO RECV hand=1,2637329152,1,1,3079467776 pos=-51234.47,1555.93,2851.09
[05:29:47.977] [JOIN] INFO: [authority] suppress NPC hand=1,3996215808 (streamed=5 local=6 supp=2)
[05:29:47.991] [JOIN] INFO: [net] [bw] role=J entsz=79 pkts/s=19.7 appB/s=1675 wireB/s~=2305 batches/s=19.7 ents/s=20 ents/batch=1.0
[05:29:48.082] [JOIN] INFO: SCENARIO RECV hand=1,2637329152,1,1,3079467776 pos=-51234.47,1555.93,2851.09
[05:29:48.110] [JOIN] INFO: [gate] hand=5,1919189504 host=51 local=1  agree=6332/9069 (69%)
[05:29:48.585] [JOIN] INFO: SCENARIO RECV hand=1,2637329152,1,1,3079467776 pos=-51234.47,1555.93,2851.09
[05:29:49.000] [JOIN] INFO: [net] [bw] role=J entsz=79 pkts/s=20.0 appB/s=1700 wireB/s~=2340 batches/s=20.0 ents/s=20 ents/batch=1.0
[05:29:49.040] [JOIN] INFO: [authority] suppress NPC hand=1,1723144576 (streamed=0 local=6 supp=3)
[05:29:49.040] [JOIN] INFO: [authority] suppress NPC hand=1,2590331904 (streamed=0 local=6 supp=4)
[05:29:49.040] [JOIN] INFO: [authority] suppress NPC hand=5,1919189504 (streamed=0 local=6 supp=5)
[05:29:49.040] [JOIN] INFO: [authority] suppress NPC hand=1,753417984 (streamed=0 local=6 supp=6)
[05:29:49.080] [JOIN] INFO: SCENARIO RECV hand=1,2637329152,1,1,3079467776 pos=-51234.47,1555.93,2851.09
[05:29:49.582] [JOIN] INFO: SCENARIO RECV hand=1,2637329152,1,1,3079467776 pos=-51234.47,1555.93,2851.09
[05:29:50.010] [JOIN] INFO: [net] [bw] role=J entsz=79 pkts/s=19.7 appB/s=1673 wireB/s~=2303 batches/s=19.7 ents/s=20 ents/batch=1.0
[05:29:50.081] [JOIN] INFO: SCENARIO RECV hand=1,2637329152,1,1,3079467776 pos=-51234.47,1555.93,2851.09
[05:29:50.580] [JOIN] INFO: SCENARIO RECV hand=1,2637329152,1,1,3079467776 pos=-51234.47,1555.93,2851.09
[05:29:51.021] [JOIN] INFO: [net] [bw] role=J entsz=79 pkts/s=19.7 appB/s=1673 wireB/s~=2303 batches/s=19.7 ents/s=20 ents/batch=1.0
[05:29:51.081] [JOIN] INFO: SCENARIO RECV hand=1,2637329152,1,1,3079467776 pos=-51234.47,1555.93,2851.09
[05:29:51.261] [JOIN] INFO: [authority] suppress NPC hand=1,3808471552 (streamed=0 local=7 supp=7)
[05:29:51.582] [JOIN] INFO: SCENARIO RECV hand=1,2637329152,1,1,3079467776 pos=-51234.47,1555.93,2851.09
[05:29:52.030] [JOIN] INFO: [net] [bw] role=J entsz=79 pkts/s=20.0 appB/s=1700 wireB/s~=2340 batches/s=20.0 ents/s=20 ents/batch=1.0
[05:29:52.082] [JOIN] INFO: SCENARIO RECV hand=1,2637329152,1,1,3079467776 pos=-51234.47,1555.93,2851.09
[05:29:52.581] [JOIN] INFO: SCENARIO RECV hand=1,2637329152,1,1,3079467776 pos=-51234.47,1555.93,2851.09
[05:29:52.888] [JOIN] INFO: [net] disconnected from host
[05:29:52.890] [JOIN] INFO: handshake: peer left id=4294967295
[05:29:52.939] [JOIN] INFO: [net] reconnecting
[05:29:53.040] [JOIN] INFO: [net] [bw] role=J entsz=79 pkts/s=19.7 appB/s=1675 wireB/s~=2305 batches/s=19.7 ents/s=20 ents/batch=1.0
[05:29:53.086] [JOIN] INFO: SCENARIO RECV hand=1,2637329152,1,1,3079467776 pos=-51234.47,1555.93,2851.09
[05:29:53.581] [JOIN] INFO: SCENARIO RECV hand=1,2637329152,1,1,3079467776 pos=-51234.47,1555.93,2851.09
[05:29:54.054] [JOIN] INFO: [net] [bw] role=J entsz=79 pkts/s=19.7 appB/s=1673 wireB/s~=2303 batches/s=19.7 ents/s=20 ents/batch=1.0
[05:29:54.085] [JOIN] INFO: SCENARIO RECV hand=1,2637329152,1,1,3079467776 pos=-51234.47,1555.93,2851.09
[05:29:54.581] [JOIN] INFO: SCENARIO RECV hand=1,2637329152,1,1,3079467776 pos=-51234.47,1555.93,2851.09
[05:29:55.063] [JOIN] INFO: [net] [bw] role=J entsz=79 pkts/s=20.0 appB/s=1700 wireB/s~=2340 batches/s=20.0 ents/s=20 ents/batch=1.0
[05:29:55.082] [JOIN] INFO: SCENARIO RECV hand=1,2637329152,1,1,3079467776 pos=-51234.47,1555.93,2851.09
[05:29:55.583] [JOIN] INFO: SCENARIO RECV hand=1,2637329152,1,1,3079467776 pos=-51234.47,1555.93,2851.09
[05:29:56.070] [JOIN] INFO: [net] [bw] role=J entsz=79 pkts/s=19.7 appB/s=1675 wireB/s~=2305 batches/s=19.7 ents/s=20 ents/batch=1.0
[05:29:56.085] [JOIN] INFO: SCENARIO RECV hand=1,2637329152,1,1,3079467776 pos=-51234.47,1555.93,2851.09
[05:29:56.585] [JOIN] INFO: SCENARIO RECV hand=1,2637329152,1,1,3079467776 pos=-51234.47,1555.93,2851.09
[05:29:57.068] [JOIN] INFO: KenshiCoop: test duration elapsed; exiting
