[05:32:01.982] [HOST] INFO: log opened
[05:32:01.982] [HOST] INFO: KenshiCoop loaded! (clean rebuild)
[05:32:01.982] [HOST] INFO: KenshiCoop: build Jun 20 2026 05:28:31
[05:32:01.982] [HOST] INFO: KenshiCoop: role=HOST proto=v11 port=27800 save='battle40'
[05:32:02.026] [HOST] INFO: KenshiCoop: ownership ranks = {0} (bidirectional presence)
[05:32:02.067] [HOST] INFO: KenshiCoop: auto-load armed for save 'battle40'
[05:32:02.067] [HOST] INFO: KenshiCoop: test mode - self-exit 25 s after gameplay starts
[05:32:02.067] [HOST] INFO: KenshiCoop: scenario armed 'spike'
[05:32:02.067] [HOST] INFO: KenshiCoop: starting as HOST
[05:32:02.069] [HOST] INFO: [net] hosting
[05:32:03.079] [HOST] INFO: [net] [bw] role=H entsz=79 pkts/s=0.0 appB/s=0 wireB/s~=0 batches/s=0.0 ents/s=0 ents/batch=0.0
[05:32:04.087] [HOST] INFO: [net] [bw] role=H entsz=79 pkts/s=0.0 appB/s=0 wireB/s~=0 batches/s=0.0 ents/s=0 ents/batch=0.0
[05:32:05.099] [HOST] INFO: [net] [bw] role=H entsz=79 pkts/s=0.0 appB/s=0 wireB/s~=0 batches/s=0.0 ents/s=0 ents/batch=0.0
[05:32:06.109] [HOST] INFO: [net] [bw] role=H entsz=79 pkts/s=0.0 appB/s=0 wireB/s~=0 batches/s=0.0 ents/s=0 ents/batch=0.0
[05:32:07.120] [HOST] INFO: [net] [bw] role=H entsz=79 pkts/s=0.0 appB/s=0 wireB/s~=0 batches/s=0.0 ents/s=0 ents/batch=0.0
[05:32:08.131] [HOST] INFO: [net] [bw] role=H entsz=79 pkts/s=0.0 appB/s=0 wireB/s~=0 batches/s=0.0 ents/s=0 ents/batch=0.0
[05:32:08.957] [HOST] INFO: KenshiCoop: auto-load issued for save 'battle40' (after 5000 ms settle)
[05:32:09.142] [HOST] INFO: [net] [bw] role=H entsz=79 pkts/s=0.0 appB/s=0 wireB/s~=0 batches/s=0.0 ents/s=0 ents/batch=0.0
[05:32:10.153] [HOST] INFO: [net] [bw] role=H entsz=79 pkts/s=0.0 appB/s=0 wireB/s~=0 batches/s=0.0 ents/s=0 ents/batch=0.0
[05:32:11.161] [HOST] INFO: [net] [bw] role=H entsz=79 pkts/s=0.0 appB/s=0 wireB/s~=0 batches/s=0.0 ents/s=0 ents/batch=0.0
[05:32:12.171] [HOST] INFO: [net] [bw] role=H entsz=79 pkts/s=0.0 appB/s=0 wireB/s~=0 batches/s=0.0 ents/s=0 ents/batch=0.0
[05:32:12.565] [HOST] INFO: [net] peer connecting (awaiting HELLO)
[05:32:12.565] [HOST] INFO: [net] peer connected id=1 (proto v11)
[05:32:12.625] [HOST] INFO: handshake: peer present id=1 (local id=0)
[05:32:13.170] [HOST] INFO: [net] [bw] role=H entsz=79 pkts/s=0.0 appB/s=0 wireB/s~=0 batches/s=0.0 ents/s=0 ents/batch=0.0
[05:32:14.177] [HOST] INFO: [net] [bw] role=H entsz=79 pkts/s=0.0 appB/s=0 wireB/s~=0 batches/s=0.0 ents/s=0 ents/batch=0.0
[05:32:15.187] [HOST] INFO: [net] [bw] role=H entsz=79 pkts/s=0.0 appB/s=0 wireB/s~=0 batches/s=0.0 ents/s=0 ents/batch=0.0
[05:32:16.199] [HOST] INFO: [net] [bw] role=H entsz=79 pkts/s=0.0 appB/s=0 wireB/s~=0 batches/s=0.0 ents/s=0 ents/batch=0.0
[05:32:17.210] [HOST] INFO: [net] [bw] role=H entsz=79 pkts/s=0.0 appB/s=0 wireB/s~=0 batches/s=0.0 ents/s=0 ents/batch=0.0
[05:32:18.218] [HOST] INFO: [net] [bw] role=H entsz=79 pkts/s=0.0 appB/s=0 wireB/s~=0 batches/s=0.0 ents/s=0 ents/batch=0.0
[05:32:19.227] [HOST] INFO: [net] [bw] role=H entsz=79 pkts/s=0.0 appB/s=0 wireB/s~=0 batches/s=0.0 ents/s=0 ents/batch=0.0
[05:32:20.233] [HOST] INFO: [net] [bw] role=H entsz=79 pkts/s=0.0 appB/s=0 wireB/s~=0 batches/s=0.0 ents/s=0 ents/batch=0.0
[05:32:20.350] [HOST] INFO: KenshiCoop: gameplay started
[05:32:20.350] [HOST] INFO: SCENARIO spike start
[05:32:20.350] [HOST] INFO: SPIKE 12 start id=12 host=1
[05:32:20.352] [HOST] INFO: SCENARIO MEMBER hand=1,2637329152,1,1,3079467776 pos=-51236.39,1549.80,2840.38
[05:32:20.352] [HOST] INFO: SPIKE 12 smoke leader hand=1,2637329152,1,1,3079467776 pos=-51236.4,1549.8,2840.4
[05:32:20.362] [HOST] INFO: SCENARIO MEMBER hand=1,2637329152,1,1,3079467776 pos=-51236.39,1557.43,2840.38
[05:32:20.387] [HOST] INFO: [taskkey] key=1 desc='Moving' repro=0 subject=1
[05:32:20.445] [HOST] INFO: [taskkey] key=36 desc='Patrolling town' repro=0 subject=0
[05:32:20.861] [HOST] INFO: SCENARIO MEMBER hand=1,2637329152,1,1,3079467776 pos=-51236.64,1557.46,2840.06
[05:32:21.107] [HOST] INFO: [taskkey] key=51 desc='Stand at node' repro=0 subject=1
[05:32:21.244] [HOST] INFO: [net] [bw] role=H entsz=79 pkts/s=53.2 appB/s=64765 wireB/s~=66467 batches/s=53.2 ents/s=816 ents/batch=15.3
[05:32:21.362] [HOST] INFO: SCENARIO MEMBER hand=1,2637329152,1,1,3079467776 pos=-51242.44,1557.69,2839.07
[05:32:21.863] [HOST] INFO: SCENARIO MEMBER hand=1,2637329152,1,1,3079467776 pos=-51244.24,1558.19,2835.57
[05:32:22.254] [HOST] INFO: [net] [bw] role=H entsz=79 pkts/s=59.1 appB/s=73367 wireB/s~=75257 batches/s=59.1 ents/s=924 ents/batch=15.7
[05:32:22.364] [HOST] INFO: SCENARIO MEMBER hand=1,2637329152,1,1,3079467776 pos=-51243.94,1558.28,2834.66
[05:32:22.875] [HOST] INFO: SCENARIO MEMBER hand=1,2637329152,1,1,3079467776 pos=-51243.94,1558.28,2834.66
[05:32:23.263] [HOST] INFO: [net] [bw] role=H entsz=79 pkts/s=60.0 appB/s=75647 wireB/s~=77567 batches/s=60.0 ents/s=953 ents/batch=15.9
[05:32:23.373] [HOST] INFO: SCENARIO MEMBER hand=1,2637329152,1,1,3079467776 pos=-51246.13,1558.55,2833.36
[05:32:23.870] [HOST] INFO: SCENARIO MEMBER hand=1,2637329152,1,1,3079467776 pos=-51247.13,1558.66,2833.33
[05:32:24.272] [HOST] INFO: [net] [bw] role=H entsz=79 pkts/s=59.1 appB/s=73445 wireB/s~=75335 batches/s=59.1 ents/s=925 ents/batch=15.7
[05:32:24.364] [HOST] INFO: SCENARIO MEMBER hand=1,2637329152,1,1,3079467776 pos=-51247.25,1558.95,2830.99
[05:32:24.868] [HOST] INFO: SCENARIO MEMBER hand=1,2637329152,1,1,3079467776 pos=-51247.05,1558.98,2830.53
[05:32:25.280] [HOST] INFO: [net] [bw] role=H entsz=79 pkts/s=60.0 appB/s=74620 wireB/s~=76540 batches/s=60.0 ents/s=940 ents/batch=15.7
[05:32:25.362] [HOST] INFO: SCENARIO MEMBER hand=1,2637329152,1,1,3079467776 pos=-51247.05,1558.98,2830.53
[05:32:25.874] [HOST] INFO: SCENARIO MEMBER hand=1,2637329152,1,1,3079467776 pos=-51247.05,1558.98,2830.53
[05:32:26.290] [HOST] INFO: [net] [bw] role=H entsz=79 pkts/s=59.1 appB/s=73517 wireB/s~=75409 batches/s=59.1 ents/s=926 ents/batch=15.7
[05:32:26.367] [HOST] INFO: SCENARIO MEMBER hand=1,2637329152,1,1,3079467776 pos=-51247.05,1558.98,2830.53
[05:32:26.869] [HOST] INFO: SCENARIO MEMBER hand=1,2637329152,1,1,3079467776 pos=-51247.05,1558.98,2830.53
[05:32:27.300] [HOST] INFO: [net] [bw] role=H entsz=79 pkts/s=59.1 appB/s=73445 wireB/s~=75335 batches/s=59.1 ents/s=925 ents/batch=15.7
[05:32:27.370] [HOST] INFO: SCENARIO MEMBER hand=1,2637329152,1,1,3079467776 pos=-51247.05,1558.98,2830.53
[05:32:27.873] [HOST] INFO: SCENARIO MEMBER hand=1,2637329152,1,1,3079467776 pos=-51247.05,1558.98,2830.53
[05:32:28.309] [HOST] INFO: [net] [bw] role=H entsz=79 pkts/s=60.0 appB/s=73909 wireB/s~=75829 batches/s=60.0 ents/s=931 ents/batch=15.5
[05:32:28.364] [HOST] INFO: SCENARIO MEMBER hand=1,2637329152,1,1,3079467776 pos=-51247.05,1558.98,2830.53
[05:32:28.865] [HOST] INFO: SCENARIO MEMBER hand=1,2637329152,1,1,3079467776 pos=-51247.05,1558.98,2830.53
[05:32:29.319] [HOST] INFO: [net] [bw] role=H entsz=79 pkts/s=59.1 appB/s=71961 wireB/s~=73852 batches/s=59.1 ents/s=906 ents/batch=15.3
[05:32:29.362] [HOST] INFO: SCENARIO MEMBER hand=1,2637329152,1,1,3079467776 pos=-51247.05,1558.98,2830.53
[05:32:29.865] [HOST] INFO: SCENARIO MEMBER hand=1,2637329152,1,1,3079467776 pos=-51247.05,1558.98,2830.53
[05:32:30.329] [HOST] INFO: [net] [bw] role=H entsz=79 pkts/s=60.0 appB/s=70670 wireB/s~=72590 batches/s=60.0 ents/s=890 ents/batch=14.8
[05:32:30.365] [HOST] INFO: SCENARIO MEMBER hand=1,2637329152,1,1,3079467776 pos=-51247.05,1558.98,2830.53
[05:32:30.869] [HOST] INFO: SCENARIO MEMBER hand=1,2637329152,1,1,3079467776 pos=-51247.05,1558.98,2830.53
[05:32:31.337] [HOST] INFO: [net] [bw] role=H entsz=79 pkts/s=58.1 appB/s=63097 wireB/s~=64956 batches/s=58.1 ents/s=794 ents/batch=13.7
[05:32:31.367] [HOST] INFO: SCENARIO MEMBER hand=1,2637329152,1,1,3079467776 pos=-51247.05,1558.98,2830.53
[05:32:31.867] [HOST] INFO: SCENARIO MEMBER hand=1,2637329152,1,1,3079467776 pos=-51247.05,1558.98,2830.53
[05:32:32.348] [HOST] INFO: [net] [bw] role=H entsz=79 pkts/s=39.4 appB/s=50544 wireB/s~=51804 batches/s=39.4 ents/s=637 ents/batch=16.2
[05:32:32.361] [HOST] INFO: SCENARIO MEMBER hand=1,2637329152,1,1,3079467776 pos=-51247.05,1558.98,2830.53
[05:32:32.862] [HOST] INFO: SCENARIO MEMBER hand=1,2637329152,1,1,3079467776 pos=-51247.05,1558.98,2830.53
[05:32:32.988] [HOST] INFO: [taskkey] key=141 desc='Following leader' repro=0 subject=1
[05:32:33.358] [HOST] INFO: [net] [bw] role=H entsz=79 pkts/s=40.0 appB/s=41636 wireB/s~=42916 batches/s=40.0 ents/s=524 ents/batch=13.1
[05:32:33.369] [HOST] INFO: SCENARIO MEMBER hand=1,2637329152,1,1,3079467776 pos=-51247.05,1558.98,2830.53
[05:32:33.863] [HOST] INFO: SCENARIO MEMBER hand=1,2637329152,1,1,3079467776 pos=-51247.05,1558.98,2830.53
[05:32:34.361] [HOST] INFO: SCENARIO MEMBER hand=1,2637329152,1,1,3079467776 pos=-51247.05,1558.98,2830.53
[05:32:34.370] [HOST] INFO: [net] [bw] role=H entsz=79 pkts/s=39.4 appB/s=34950 wireB/s~=36211 batches/s=39.4 ents/s=439 ents/batch=11.2
[05:32:34.465] [HOST] INFO: [taskkey] key=22 desc='Patrolling' repro=0 subject=0
[05:32:34.866] [HOST] INFO: SCENARIO MEMBER hand=1,2637329152,1,1,3079467776 pos=-51247.05,1558.98,2830.53
[05:32:35.365] [HOST] INFO: SCENARIO MEMBER hand=1,2637329152,1,1,3079467776 pos=-51247.05,1558.98,2830.53
[05:32:35.380] [HOST] INFO: [net] [bw] role=H entsz=79 pkts/s=39.4 appB/s=30794 wireB/s~=32054 batches/s=39.4 ents/s=387 ents/batch=9.8
[05:32:35.863] [HOST] INFO: SCENARIO MEMBER hand=1,2637329152,1,1,3079467776 pos=-51247.05,1558.98,2830.53
[05:32:36.362] [HOST] INFO: SCENARIO MEMBER hand=1,2637329152,1,1,3079467776 pos=-51247.05,1558.98,2830.53
[05:32:36.388] [HOST] INFO: [net] [bw] role=H entsz=79 pkts/s=40.0 appB/s=33341 wireB/s~=34621 batches/s=40.0 ents/s=419 ents/batch=10.5
[05:32:36.861] [HOST] INFO: SCENARIO MEMBER hand=1,2637329152,1,1,3079467776 pos=-51247.05,1558.98,2830.53
[05:32:37.367] [HOST] INFO: SCENARIO MEMBER hand=1,2637329152,1,1,3079467776 pos=-51247.05,1558.98,2830.53
[05:32:37.398] [HOST] INFO: [net] [bw] role=H entsz=79 pkts/s=39.4 appB/s=35693 wireB/s~=36953 batches/s=39.4 ents/s=449 ents/batch=11.4
[05:32:37.864] [HOST] INFO: SCENARIO MEMBER hand=1,2637329152,1,1,3079467776 pos=-51247.05,1558.98,2830.53
[05:32:38.367] [HOST] INFO: SCENARIO MEMBER hand=1,2637329152,1,1,3079467776 pos=-51247.05,1558.98,2830.53
[05:32:38.410] [HOST] INFO: [net] [bw] role=H entsz=79 pkts/s=39.4 appB/s=37051 wireB/s~=38312 batches/s=39.4 ents/s=466 ents/batch=11.8
[05:32:38.869] [HOST] INFO: SCENARIO MEMBER hand=1,2637329152,1,1,3079467776 pos=-51247.05,1558.98,2830.53
[05:32:39.367] [HOST] INFO: SCENARIO MEMBER hand=1,2637329152,1,1,3079467776 pos=-51247.05,1558.98,2830.53
[05:32:39.420] [HOST] INFO: [net] [bw] role=H entsz=79 pkts/s=40.0 appB/s=35079 wireB/s~=36359 batches/s=40.0 ents/s=441 ents/batch=11.0
[05:32:39.868] [HOST] INFO: SCENARIO MEMBER hand=1,2637329152,1,1,3079467776 pos=-51247.05,1558.98,2830.53
[05:32:40.367] [HOST] INFO: SCENARIO MEMBER hand=1,2637329152,1,1,3079467776 pos=-51247.05,1558.98,2830.53
[05:32:40.430] [HOST] INFO: [net] [bw] role=H entsz=79 pkts/s=39.4 appB/s=34527 wireB/s~=35786 batches/s=39.4 ents/s=434 ents/batch=11.0
[05:32:40.865] [HOST] INFO: SCENARIO MEMBER hand=1,2637329152,1,1,3079467776 pos=-51247.05,1558.98,2830.53
[05:32:41.367] [HOST] INFO: SCENARIO MEMBER hand=1,2637329152,1,1,3079467776 pos=-51247.05,1558.98,2830.53
[05:32:41.438] [HOST] INFO: [net] [bw] role=H entsz=79 pkts/s=40.0 appB/s=35158 wireB/s~=36438 batches/s=40.0 ents/s=442 ents/batch=11.1
[05:32:41.869] [HOST] INFO: SCENARIO MEMBER hand=1,2637329152,1,1,3079467776 pos=-51247.05,1558.98,2830.53
[05:32:42.367] [HOST] INFO: SCENARIO MEMBER hand=1,2637329152,1,1,3079467776 pos=-51247.05,1558.98,2830.53
[05:32:42.452] [HOST] INFO: [net] [bw] role=H entsz=79 pkts/s=39.4 appB/s=35572 wireB/s~=36833 batches/s=39.4 ents/s=447 ents/batch=11.4
[05:32:42.866] [HOST] INFO: SCENARIO MEMBER hand=1,2637329152,1,1,3079467776 pos=-51246.88,1558.95,2830.67
[05:32:43.363] [HOST] INFO: SCENARIO MEMBER hand=1,2637329152,1,1,3079467776 pos=-51245.50,1558.62,2832.36
[05:32:43.462] [HOST] INFO: [net] [bw] role=H entsz=79 pkts/s=39.4 appB/s=35693 wireB/s~=36953 batches/s=39.4 ents/s=449 ents/batch=11.4
[05:32:43.861] [HOST] INFO: SCENARIO MEMBER hand=1,2637329152,1,1,3079467776 pos=-51245.31,1558.58,2832.62
[05:32:43.941] [HOST] INFO: [taskkey] key=87 desc='Operating machine' repro=1 subject=1
[05:32:43.941] [HOST] INFO: [seatres] HOST task=87 npc=1,3808471552 subj=514,2909912064 ok=1 npcpos=-51215.6,2660.6 subjpos=-51206.5,2659.7 d=9.2
[05:32:44.362] [HOST] INFO: SCENARIO MEMBER hand=1,2637329152,1,1,3079467776 pos=-51245.31,1558.58,2832.62
[05:32:44.472] [HOST] INFO: [net] [bw] role=H entsz=79 pkts/s=39.4 appB/s=34449 wireB/s~=35709 batches/s=39.4 ents/s=433 ents/batch=11.0
[05:32:44.864] [HOST] INFO: SCENARIO MEMBER hand=1,2637329152,1,1,3079467776 pos=-51245.31,1558.58,2832.62
[05:32:44.939] [HOST] INFO: [taskkey] key=102 desc='Making announcement' repro=0 subject=1
[05:32:45.350] [HOST] INFO: KenshiCoop: test duration elapsed; exiting
