[05:32:12.471] [JOIN] INFO: log opened
[05:32:12.471] [JOIN] INFO: KenshiCoop loaded! (clean rebuild)
[05:32:12.471] [JOIN] INFO: KenshiCoop: build Jun 20 2026 05:28:31
[05:32:12.471] [JOIN] INFO: KenshiCoop: role=JOIN proto=v11 port=27800 save='battle40'
[05:32:12.509] [JOIN] INFO: KenshiCoop: ownership ranks = {1} (bidirectional presence)
[05:32:12.558] [JOIN] INFO: KenshiCoop: auto-load armed for save 'battle40'
[05:32:12.558] [JOIN] INFO: KenshiCoop: test mode - self-exit 25 s after gameplay starts
[05:32:12.558] [JOIN] INFO: KenshiCoop: scenario armed 'spike'
[05:32:12.558] [JOIN] INFO: KenshiCoop: starting as CLIENT
[05:32:12.564] [JOIN] INFO: [net] connecting
[05:32:12.564] [JOIN] INFO: [net] connected to host; sent HELLO
[05:32:12.565] [JOIN] INFO: [net] peer connected id=1 (proto v11) - received WELCOME
[05:32:13.573] [JOIN] INFO: [net] [bw] role=J entsz=79 pkts/s=0.0 appB/s=0 wireB/s~=0 batches/s=0.0 ents/s=0 ents/batch=0.0
[05:32:14.581] [JOIN] INFO: [net] [bw] role=J entsz=79 pkts/s=0.0 appB/s=0 wireB/s~=0 batches/s=0.0 ents/s=0 ents/batch=0.0
[05:32:15.593] [JOIN] INFO: [net] [bw] role=J entsz=79 pkts/s=0.0 appB/s=0 wireB/s~=0 batches/s=0.0 ents/s=0 ents/batch=0.0
[05:32:16.603] [JOIN] INFO: [net] [bw] role=J entsz=79 pkts/s=0.0 appB/s=0 wireB/s~=0 batches/s=0.0 ents/s=0 ents/batch=0.0
[05:32:17.613] [JOIN] INFO: [net] [bw] role=J entsz=79 pkts/s=0.0 appB/s=0 wireB/s~=0 batches/s=0.0 ents/s=0 ents/batch=0.0
[05:32:18.622] [JOIN] INFO: [net] [bw] role=J entsz=79 pkts/s=0.0 appB/s=0 wireB/s~=0 batches/s=0.0 ents/s=0 ents/batch=0.0
[05:32:18.924] [JOIN] INFO: KenshiCoop: auto-load issued for save 'battle40' (after 5000 ms settle)
[05:32:19.629] [JOIN] INFO: [net] [bw] role=J entsz=79 pkts/s=0.0 appB/s=0 wireB/s~=0 batches/s=0.0 ents/s=0 ents/batch=0.0
[05:32:20.638] [JOIN] INFO: [net] [bw] role=J entsz=79 pkts/s=0.0 appB/s=0 wireB/s~=0 batches/s=0.0 ents/s=0 ents/batch=0.0
[05:32:21.648] [JOIN] INFO: [net] [bw] role=J entsz=79 pkts/s=0.0 appB/s=0 wireB/s~=0 batches/s=0.0 ents/s=0 ents/batch=0.0
[05:32:21.894] [JOIN] INFO: handshake: peer present id=0 (local id=1)
[05:32:22.655] [JOIN] INFO: [net] [bw] role=J entsz=79 pkts/s=0.0 appB/s=0 wireB/s~=0 batches/s=0.0 ents/s=0 ents/batch=0.0
[05:32:23.667] [JOIN] INFO: [net] [bw] role=J entsz=79 pkts/s=0.0 appB/s=0 wireB/s~=0 batches/s=0.0 ents/s=0 ents/batch=0.0
[05:32:24.675] [JOIN] INFO: [net] [bw] role=J entsz=79 pkts/s=0.0 appB/s=0 wireB/s~=0 batches/s=0.0 ents/s=0 ents/batch=0.0
[05:32:25.683] [JOIN] INFO: [net] [bw] role=J entsz=79 pkts/s=0.0 appB/s=0 wireB/s~=0 batches/s=0.0 ents/s=0 ents/batch=0.0
[05:32:26.694] [JOIN] INFO: [net] [bw] role=J entsz=79 pkts/s=0.0 appB/s=0 wireB/s~=0 batches/s=0.0 ents/s=0 ents/batch=0.0
[05:32:27.704] [JOIN] INFO: [net] [bw] role=J entsz=79 pkts/s=0.0 appB/s=0 wireB/s~=0 batches/s=0.0 ents/s=0 ents/batch=0.0
[05:32:28.713] [JOIN] INFO: [net] [bw] role=J entsz=79 pkts/s=0.0 appB/s=0 wireB/s~=0 batches/s=0.0 ents/s=0 ents/batch=0.0
[05:32:29.722] [JOIN] INFO: [net] [bw] role=J entsz=79 pkts/s=0.0 appB/s=0 wireB/s~=0 batches/s=0.0 ents/s=0 ents/batch=0.0
[05:32:30.171] [JOIN] INFO: KenshiCoop: gameplay started
[05:32:30.171] [JOIN] INFO: SCENARIO spike start
[05:32:30.171] [JOIN] INFO: SPIKE 12 start id=12 host=0
[05:32:30.173] [JOIN] INFO: [gate] hand=1,524536128 host=1 local=65535  agree=0/1 (0%)
[05:32:30.173] [JOIN] INFO: [authority] suppress NPC hand=1,1723144576 (streamed=46 local=45 supp=1)
[05:32:30.174] [JOIN] INFO: [authority] suppress NPC hand=3,3090698240 (streamed=46 local=45 supp=2)
[05:32:30.174] [JOIN] INFO: [authority] suppress NPC hand=1,2534790144 (streamed=46 local=45 supp=3)
[05:32:30.174] [JOIN] INFO: SCENARIO RECV hand=1,2637329152,1,1,3079467776 pos=-51236.39,1549.80,2840.38
[05:32:30.174] [JOIN] INFO: SPIKE 12 smoke leader hand=1,2637329152,1,1,3079467776 pos=-51236.4,1549.8,2840.4
[05:32:30.223] [JOIN] INFO: [taskkey] key=1 desc='Moving' repro=0 subject=0
[05:32:30.285] [JOIN] INFO: [taskkey] key=36 desc='Patrolling town' repro=0 subject=0
[05:32:30.432] [JOIN] INFO: [taskkey] key=51 desc='Stand at node' repro=0 subject=1
[05:32:30.682] [JOIN] INFO: SCENARIO RECV hand=1,2637329152,1,1,3079467776 pos=-51247.05,1558.98,2830.53
[05:32:30.732] [JOIN] INFO: [net] [bw] role=J entsz=79 pkts/s=12.0 appB/s=1020 wireB/s~=1404 batches/s=12.0 ents/s=12 ents/batch=1.0
[05:32:31.179] [JOIN] INFO: SCENARIO RECV hand=1,2637329152,1,1,3079467776 pos=-51247.05,1558.98,2830.53
[05:32:31.642] [JOIN] INFO: [authority] suppress NPC hand=1,2630004992 (streamed=45 local=46 supp=4)
[05:32:31.681] [JOIN] INFO: SCENARIO RECV hand=1,2637329152,1,1,3079467776 pos=-51247.05,1558.98,2830.53
[05:32:31.742] [JOIN] INFO: [net] [bw] role=J entsz=79 pkts/s=19.7 appB/s=1675 wireB/s~=2305 batches/s=19.7 ents/s=20 ents/batch=1.0
[05:32:31.940] [JOIN] INFO: [authority] suppress NPC hand=1,213134768 (streamed=44 local=47 supp=5)
[05:32:31.988] [JOIN] INFO: [authority] suppress NPC hand=1,3911499008 (streamed=43 local=45 supp=6)
[05:32:32.176] [JOIN] INFO: [gate] hand=1,1667968768 host=1 local=65535  agree=1278/8992 (14%)
[05:32:32.176] [JOIN] INFO: SCENARIO RECV hand=1,2637329152,1,1,3079467776 pos=-51247.05,1558.98,2830.53
[05:32:32.291] [JOIN] INFO: [authority] suppress NPC hand=1,3054809600 (streamed=42 local=44 supp=7)
[05:32:32.681] [JOIN] INFO: SCENARIO RECV hand=1,2637329152,1,1,3079467776 pos=-51247.05,1558.98,2830.53
[05:32:32.752] [JOIN] INFO: [net] [bw] role=J entsz=79 pkts/s=19.7 appB/s=1673 wireB/s~=2303 batches/s=19.7 ents/s=20 ents/batch=1.0
[05:32:32.851] [JOIN] INFO: [authority] suppress NPC hand=1,2442138624 (streamed=41 local=40 supp=8)
[05:32:32.924] [JOIN] INFO: [authority] suppress NPC hand=1,3627929600 (streamed=40 local=43 supp=9)
[05:32:33.181] [JOIN] INFO: SCENARIO RECV hand=1,2637329152,1,1,3079467776 pos=-51247.05,1558.98,2830.53
[05:32:33.217] [JOIN] INFO: [taskkey] key=141 desc='Following leader' repro=0 subject=1
[05:32:33.244] [JOIN] INFO: [authority] suppress NPC hand=1,2131347712 (streamed=39 local=42 supp=10)
[05:32:33.298] [JOIN] INFO: [authority] suppress NPC hand=1,3179565312 (streamed=37 local=42 supp=11)
[05:32:33.440] [JOIN] INFO: [authority] suppress NPC hand=1,1668334976 (streamed=35 local=43 supp=12)
[05:32:33.450] [JOIN] INFO: [authority] suppress NPC hand=1,3218505984 (streamed=35 local=44 supp=13)
[05:32:33.603] [JOIN] INFO: [authority] suppress NPC hand=1,1135253888 (streamed=34 local=44 supp=14)
[05:32:33.681] [JOIN] INFO: SCENARIO RECV hand=1,2637329152,1,1,3079467776 pos=-51247.05,1558.98,2830.53
[05:32:33.698] [JOIN] INFO: [authority] suppress NPC hand=1,1117553664 (streamed=35 local=46 supp=15)
[05:32:33.763] [JOIN] INFO: [net] [bw] role=J entsz=79 pkts/s=20.0 appB/s=1700 wireB/s~=2340 batches/s=20.0 ents/s=20 ents/batch=1.0
[05:32:34.000] [JOIN] INFO: [authority] suppress NPC hand=1,932983424 (streamed=35 local=47 supp=16)
[05:32:34.069] [JOIN] INFO: [authority] restore NPC hand=3,3090698240 (supp=15)
[05:32:34.164] [JOIN] INFO: [authority] suppress NPC hand=1,1192016640 (streamed=35 local=45 supp=16)
[05:32:34.180] [JOIN] INFO: [gate] hand=1,3823120128 host=1 local=65535  agree=2657/17326 (15%)
[05:32:34.181] [JOIN] INFO: SCENARIO RECV hand=1,2637329152,1,1,3079467776 pos=-51247.05,1558.98,2830.53
[05:32:34.464] [JOIN] INFO: [authority] suppress NPC hand=1,1245605504 (streamed=32 local=44 supp=17)
[05:32:34.464] [JOIN] INFO: [authority] suppress NPC hand=1,3767700224 (streamed=32 local=44 supp=18)
[05:32:34.540] [JOIN] INFO: [taskkey] key=22 desc='Patrolling' repro=0 subject=0
[05:32:34.656] [JOIN] INFO: [authority] suppress NPC hand=1,1187988224 (streamed=32 local=45 supp=19)
[05:32:34.681] [JOIN] INFO: [authority] suppress NPC hand=5,1919189504 (streamed=32 local=46 supp=20)
[05:32:34.681] [JOIN] INFO: SCENARIO RECV hand=1,2637329152,1,1,3079467776 pos=-51247.05,1558.98,2830.53
[05:32:34.775] [JOIN] INFO: [net] [bw] role=J entsz=79 pkts/s=19.7 appB/s=1673 wireB/s~=2303 batches/s=19.7 ents/s=20 ents/batch=1.0
[05:32:35.062] [JOIN] INFO: [authority] suppress NPC hand=1,2764526336 (streamed=32 local=47 supp=21)
[05:32:35.177] [JOIN] INFO: SCENARIO RECV hand=1,2637329152,1,1,3079467776 pos=-51247.05,1558.98,2830.53
[05:32:35.271] [JOIN] INFO: [authority] suppress NPC hand=1,2543212800 (streamed=32 local=48 supp=22)
[05:32:35.422] [JOIN] INFO: [authority] suppress NPC hand=1,2916748032 (streamed=31 local=47 supp=23)
[05:32:35.627] [JOIN] INFO: [authority] suppress NPC hand=1,176269536 (streamed=31 local=47 supp=24)
[05:32:35.676] [JOIN] INFO: SCENARIO RECV hand=1,2637329152,1,1,3079467776 pos=-51247.05,1558.98,2830.53
[05:32:35.782] [JOIN] INFO: [net] [bw] role=J entsz=79 pkts/s=20.0 appB/s=1700 wireB/s~=2340 batches/s=20.0 ents/s=20 ents/batch=1.0
[05:32:35.875] [JOIN] INFO: [authority] suppress NPC hand=1,243774416 (streamed=31 local=53 supp=25)
[05:32:35.975] [JOIN] INFO: [authority] suppress NPC hand=1,1565307648 (streamed=29 local=52 supp=26)
[05:32:36.017] [JOIN] INFO: [authority] suppress NPC hand=1,1067504896 (streamed=27 local=51 supp=27)
[05:32:36.175] [JOIN] INFO: SCENARIO RECV hand=1,2637329152,1,1,3079467776 pos=-51247.05,1558.98,2830.53
[05:32:36.183] [JOIN] INFO: [gate] hand=1,2590331904 host=51 local=1  agree=4046/23811 (16%)
[05:32:36.183] [JOIN] INFO: [authority] suppress NPC hand=1,3133178624 (streamed=27 local=49 supp=28)
[05:32:36.390] [JOIN] INFO: [authority] suppress NPC hand=1,1683227520 (streamed=26 local=52 supp=29)
[05:32:36.430] [JOIN] INFO: [authority] suppress NPC hand=1,3677246208 (streamed=26 local=53 supp=30)
[05:32:36.674] [JOIN] INFO: SCENARIO RECV hand=1,2637329152,1,1,3079467776 pos=-51247.05,1558.98,2830.53
[05:32:36.698] [JOIN] INFO: [authority] suppress NPC hand=1,2034301696 (streamed=26 local=54 supp=31)
[05:32:36.793] [JOIN] INFO: [net] [bw] role=J entsz=79 pkts/s=19.7 appB/s=1675 wireB/s~=2305 batches/s=19.7 ents/s=20 ents/batch=1.0
[05:32:36.879] [JOIN] INFO: [authority] suppress NPC hand=1,3253906176 (streamed=25 local=55 supp=32)
[05:32:37.143] [JOIN] INFO: [authority] suppress NPC hand=1,598754880 (streamed=23 local=55 supp=33)
[05:32:37.143] [JOIN] INFO: [authority] suppress NPC hand=1,2109741184 (streamed=23 local=55 supp=34)
[05:32:37.177] [JOIN] INFO: SCENARIO RECV hand=1,2637329152,1,1,3079467776 pos=-51247.05,1558.98,2830.53
[05:32:37.407] [JOIN] INFO: [authority] restore NPC hand=1,3767700224 (supp=33)
[05:32:37.675] [JOIN] INFO: SCENARIO RECV hand=1,2637329152,1,1,3079467776 pos=-51247.05,1558.98,2830.53
[05:32:37.736] [JOIN] INFO: [authority] suppress NPC hand=1,3808471552 (streamed=24 local=56 supp=34)
[05:32:37.801] [JOIN] INFO: [net] [bw] role=J entsz=79 pkts/s=19.7 appB/s=1673 wireB/s~=2303 batches/s=19.7 ents/s=20 ents/batch=1.0
[05:32:38.181] [JOIN] INFO: SCENARIO RECV hand=1,2637329152,1,1,3079467776 pos=-51247.05,1558.98,2830.53
[05:32:38.190] [JOIN] INFO: [gate] hand=1,1667968768 host=1 local=65535  agree=5007/29513 (16%)
[05:32:38.674] [JOIN] INFO: SCENARIO RECV hand=1,2637329152,1,1,3079467776 pos=-51247.05,1558.98,2830.53
[05:32:38.813] [JOIN] INFO: [net] [bw] role=J entsz=79 pkts/s=20.0 appB/s=1700 wireB/s~=2340 batches/s=20.0 ents/s=20 ents/batch=1.0
[05:32:39.174] [JOIN] INFO: SCENARIO RECV hand=1,2637329152,1,1,3079467776 pos=-51247.05,1558.98,2830.53
[05:32:39.676] [JOIN] INFO: SCENARIO RECV hand=1,2637329152,1,1,3079467776 pos=-51247.05,1558.98,2830.53
[05:32:39.824] [JOIN] INFO: [net] [bw] role=J entsz=79 pkts/s=19.7 appB/s=1675 wireB/s~=2305 batches/s=19.7 ents/s=20 ents/batch=1.0
[05:32:40.065] [JOIN] INFO: [authority] suppress NPC hand=1,3357788160 (streamed=23 local=56 supp=35)
[05:32:40.177] [JOIN] INFO: SCENARIO RECV hand=1,2637329152,1,1,3079467776 pos=-51247.05,1558.98,2830.53
[05:32:40.194] [JOIN] INFO: [gate] hand=1,2590331904 host=51 local=1  agree=6232/34950 (17%)
[05:32:40.438] [JOIN] INFO: [authority] restore NPC hand=1,3808471552 (supp=34)
[05:32:40.465] [JOIN] INFO: [authority] suppress NPC hand=1,524536128 (streamed=23 local=55 supp=35)
[05:32:40.677] [JOIN] INFO: SCENARIO RECV hand=1,2637329152,1,1,3079467776 pos=-51247.05,1558.98,2830.53
[05:32:40.834] [JOIN] INFO: [net] [bw] role=J entsz=79 pkts/s=19.7 appB/s=1673 wireB/s~=2303 batches/s=19.7 ents/s=20 ents/batch=1.0
[05:32:41.177] [JOIN] INFO: SCENARIO RECV hand=1,2637329152,1,1,3079467776 pos=-51247.05,1558.98,2830.53
[05:32:41.677] [JOIN] INFO: SCENARIO RECV hand=1,2637329152,1,1,3079467776 pos=-51247.05,1558.98,2830.53
[05:32:41.800] [JOIN] INFO: [authority] restore NPC hand=1,3133178624 (supp=34)
[05:32:41.845] [JOIN] INFO: [net] [bw] role=J entsz=79 pkts/s=20.0 appB/s=1700 wireB/s~=2340 batches/s=20.0 ents/s=20 ents/batch=1.0
[05:32:42.175] [JOIN] INFO: SCENARIO RECV hand=1,2637329152,1,1,3079467776 pos=-51247.05,1558.98,2830.53
[05:32:42.201] [JOIN] INFO: [gate] hand=1,3823120128 host=1 local=65535  agree=7561/40166 (18%)
[05:32:42.534] [JOIN] INFO: [authority] suppress NPC hand=1,1667968768 (streamed=23 local=56 supp=35)
[05:32:42.681] [JOIN] INFO: SCENARIO RECV hand=1,2637329152,1,1,3079467776 pos=-51246.34,1558.83,2831.12
[05:32:42.856] [JOIN] INFO: [net] [bw] role=J entsz=79 pkts/s=19.7 appB/s=1673 wireB/s~=2303 batches/s=19.7 ents/s=20 ents/batch=1.0
[05:32:43.177] [JOIN] INFO: SCENARIO RECV hand=1,2637329152,1,1,3079467776 pos=-51244.37,1558.51,2832.82
[05:32:43.680] [JOIN] INFO: SCENARIO RECV hand=1,2637329152,1,1,3079467776 pos=-51244.88,1558.47,2833.40
[05:32:43.865] [JOIN] INFO: [net] [bw] role=J entsz=79 pkts/s=19.7 appB/s=1675 wireB/s~=2305 batches/s=19.7 ents/s=20 ents/batch=1.0
[05:32:44.026] [JOIN] INFO: [pose] rest re-arm task 65535 -> 87
[05:32:44.026] [JOIN] INFO: [pose] applyOrder hand=1,3808471552 task=87 subj=514,2909912064,0 det=1 r=3
[05:32:44.176] [JOIN] INFO: SCENARIO RECV hand=1,2637329152,1,1,3079467776 pos=-51245.00,1558.48,2833.34
[05:32:44.202] [JOIN] INFO: [gate] hand=1,3823120128 host=1 local=65535  agree=8817/45265 (19%)
[05:32:44.227] [JOIN] INFO: [pose] rest re-arm task 65535 -> 87
[05:32:44.227] [JOIN] INFO: [pose] applyOrder hand=1,3808471552 task=87 subj=514,2909912064,0 det=1 r=2
[05:32:44.235] [JOIN] INFO: [taskkey] key=87 desc='Operating machine' repro=1 subject=1
[05:32:44.235] [JOIN] INFO: [seatres] HOST task=87 npc=1,3808471552 subj=514,2909912064 ok=1 npcpos=-51215.6,2660.6 subjpos=-51206.5,2659.7 d=9.2
[05:32:44.676] [JOIN] INFO: SCENARIO RECV hand=1,2637329152,1,1,3079467776 pos=-51245.00,1558.48,2833.34
[05:32:44.875] [JOIN] INFO: [net] [bw] role=J entsz=79 pkts/s=20.0 appB/s=1700 wireB/s~=2340 batches/s=20.0 ents/s=20 ents/batch=1.0
[05:32:45.176] [JOIN] INFO: SCENARIO RECV hand=1,2637329152,1,1,3079467776 pos=-51245.00,1558.48,2833.34
[05:32:45.309] [JOIN] INFO: [authority] suppress NPC hand=1,332397472 (streamed=22 local=49 supp=36)
[05:32:45.681] [JOIN] INFO: SCENARIO RECV hand=1,2637329152,1,1,3079467776 pos=-51245.00,1558.48,2833.34
[05:32:45.883] [JOIN] INFO: [net] [bw] role=J entsz=79 pkts/s=19.7 appB/s=1673 wireB/s~=2303 batches/s=19.7 ents/s=20 ents/batch=1.0
[05:32:46.177] [JOIN] INFO: SCENARIO RECV hand=1,2637329152,1,1,3079467776 pos=-51245.00,1558.48,2833.34
[05:32:46.208] [JOIN] INFO: [gate] hand=1,3823120128 host=1 local=65535  agree=10147/50175 (20%)
[05:32:46.683] [JOIN] INFO: SCENARIO RECV hand=1,2637329152,1,1,3079467776 pos=-51245.00,1558.48,2833.34
[05:32:46.893] [JOIN] INFO: [net] [bw] role=J entsz=79 pkts/s=19.7 appB/s=1673 wireB/s~=2303 batches/s=19.7 ents/s=20 ents/batch=1.0
[05:32:47.176] [JOIN] INFO: SCENARIO RECV hand=1,2637329152,1,1,3079467776 pos=-51245.00,1558.48,2833.34
[05:32:47.341] [JOIN] INFO: [authority] suppress NPC hand=4,1276245120 (streamed=0 local=49 supp=37)
[05:32:47.341] [JOIN] INFO: [authority] suppress NPC hand=3,3090698240 (streamed=0 local=49 supp=38)
[05:32:47.341] [JOIN] INFO: [authority] suppress NPC hand=1,3808471552 (streamed=0 local=49 supp=39)
[05:32:47.341] [JOIN] INFO: [authority] suppress NPC hand=13,1247436544 (streamed=0 local=49 supp=40)
[05:32:47.341] [JOIN] INFO: [authority] suppress NPC hand=1,3823120128 (streamed=0 local=49 supp=41)
[05:32:47.341] [JOIN] INFO: [authority] suppress NPC hand=2,2727661056 (streamed=0 local=49 supp=42)
[05:32:47.341] [JOIN] INFO: [authority] suppress NPC hand=3,2274414080 (streamed=0 local=49 supp=43)
[05:32:47.341] [JOIN] INFO: [authority] suppress NPC hand=1,2590331904 (streamed=0 local=49 supp=44)
[05:32:47.341] [JOIN] INFO: [authority] suppress NPC hand=1,3662475520 (streamed=0 local=49 supp=45)
[05:32:47.341] [JOIN] INFO: [authority] suppress NPC hand=8,161499024 (streamed=0 local=49 supp=46)
[05:32:47.341] [JOIN] INFO: [authority] suppress NPC hand=12,2005004928 (streamed=0 local=49 supp=47)
[05:32:47.341] [JOIN] INFO: [authority] suppress NPC hand=1,3767700224 (streamed=0 local=49 supp=48)
[05:32:47.341] [JOIN] INFO: [authority] suppress NPC hand=4,1159912064 (streamed=0 local=49 supp=49)
[05:32:47.341] [JOIN] INFO: [authority] suppress NPC hand=7,3511962880 (streamed=0 local=49 supp=50)
[05:32:47.341] [JOIN] INFO: [authority] suppress NPC hand=10,2733154304 (streamed=0 local=49 supp=51)
[05:32:47.341] [JOIN] INFO: [authority] suppress NPC hand=1,3996215808 (streamed=0 local=49 supp=52)
[05:32:47.341] [JOIN] INFO: [authority] suppress NPC hand=9,2357666048 (streamed=0 local=49 supp=53)
[05:32:47.341] [JOIN] INFO: [authority] suppress NPC hand=6,3454589952 (streamed=0 local=49 supp=54)
[05:32:47.341] [JOIN] INFO: [authority] suppress NPC hand=11,3073608448 (streamed=0 local=49 supp=55)
[05:32:47.341] [JOIN] INFO: [authority] suppress NPC hand=1,3133178624 (streamed=0 local=49 supp=56)
[05:32:47.341] [JOIN] INFO: [authority] suppress NPC hand=1,3521240320 (streamed=0 local=49 supp=57)
[05:32:47.677] [JOIN] INFO: SCENARIO RECV hand=1,2637329152,1,1,3079467776 pos=-51245.00,1558.48,2833.34
[05:32:47.903] [JOIN] INFO: [net] [bw] role=J entsz=79 pkts/s=20.0 appB/s=1700 wireB/s~=2340 batches/s=20.0 ents/s=20 ents/batch=1.0
[05:32:48.180] [JOIN] INFO: SCENARIO RECV hand=1,2637329152,1,1,3079467776 pos=-51245.00,1558.48,2833.34
[05:32:48.674] [JOIN] INFO: SCENARIO RECV hand=1,2637329152,1,1,3079467776 pos=-51245.00,1558.48,2833.34
[05:32:48.913] [JOIN] INFO: [net] [bw] role=J entsz=79 pkts/s=19.7 appB/s=1675 wireB/s~=2305 batches/s=19.7 ents/s=20 ents/batch=1.0
[05:32:49.174] [JOIN] INFO: SCENARIO RECV hand=1,2637329152,1,1,3079467776 pos=-51245.00,1558.48,2833.34
[05:32:49.674] [JOIN] INFO: SCENARIO RECV hand=1,2637329152,1,1,3079467776 pos=-51245.00,1558.48,2833.34
[05:32:49.923] [JOIN] INFO: [net] [bw] role=J entsz=79 pkts/s=20.0 appB/s=1700 wireB/s~=2340 batches/s=20.0 ents/s=20 ents/batch=1.0
[05:32:50.180] [JOIN] INFO: SCENARIO RECV hand=1,2637329152,1,1,3079467776 pos=-51245.00,1558.48,2833.34
[05:32:50.679] [JOIN] INFO: SCENARIO RECV hand=1,2637329152,1,1,3079467776 pos=-51245.00,1558.48,2833.34
[05:32:50.783] [JOIN] INFO: [net] disconnected from host
[05:32:50.785] [JOIN] INFO: handshake: peer left id=4294967295
[05:32:50.833] [JOIN] INFO: [net] reconnecting
[05:32:50.934] [JOIN] INFO: [net] [bw] role=J entsz=79 pkts/s=19.7 appB/s=1673 wireB/s~=2303 batches/s=19.7 ents/s=20 ents/batch=1.0
[05:32:51.177] [JOIN] INFO: SCENARIO RECV hand=1,2637329152,1,1,3079467776 pos=-51245.00,1558.48,2833.34
[05:32:51.463] [JOIN] INFO: [authority] suppress NPC hand=1,3688842752 (streamed=0 local=50 supp=58)
[05:32:51.675] [JOIN] INFO: SCENARIO RECV hand=1,2637329152,1,1,3079467776 pos=-51245.00,1558.48,2833.34
[05:32:51.945] [JOIN] INFO: [net] [bw] role=J entsz=79 pkts/s=19.7 appB/s=1675 wireB/s~=2305 batches/s=19.7 ents/s=20 ents/batch=1.0
[05:32:52.175] [JOIN] INFO: SCENARIO RECV hand=1,2637329152,1,1,3079467776 pos=-51245.00,1558.48,2833.34
[05:32:52.678] [JOIN] INFO: SCENARIO RECV hand=1,2637329152,1,1,3079467776 pos=-51245.00,1558.48,2833.34
[05:32:52.958] [JOIN] INFO: [net] [bw] role=J entsz=79 pkts/s=19.7 appB/s=1673 wireB/s~=2303 batches/s=19.7 ents/s=20 ents/batch=1.0
[05:32:53.177] [JOIN] INFO: SCENARIO RECV hand=1,2637329152,1,1,3079467776 pos=-51245.00,1558.48,2833.34
[05:32:53.676] [JOIN] INFO: SCENARIO RECV hand=1,2637329152,1,1,3079467776 pos=-51245.00,1558.48,2833.34
[05:32:53.968] [JOIN] INFO: [net] [bw] role=J entsz=79 pkts/s=20.0 appB/s=1700 wireB/s~=2340 batches/s=20.0 ents/s=20 ents/batch=1.0
[05:32:54.176] [JOIN] INFO: SCENARIO RECV hand=1,2637329152,1,1,3079467776 pos=-51245.00,1558.48,2833.34
[05:32:54.675] [JOIN] INFO: SCENARIO RECV hand=1,2637329152,1,1,3079467776 pos=-51245.00,1558.48,2833.34
[05:32:54.976] [JOIN] INFO: [net] [bw] role=J entsz=79 pkts/s=19.7 appB/s=1673 wireB/s~=2303 batches/s=19.7 ents/s=20 ents/batch=1.0
[05:32:55.163] [JOIN] INFO: KenshiCoop: test duration elapsed; exiting
