[09:22:26.813] [HOST] INFO: log opened
[09:22:26.813] [HOST] INFO: KenshiCoop loaded! (clean rebuild)
[09:22:26.813] [HOST] INFO: KenshiCoop: build Jun 20 2026 09:21:55
[09:22:26.813] [HOST] INFO: KenshiCoop: role=HOST proto=v11 port=27800 save='c'
[09:22:26.857] [HOST] INFO: KenshiCoop: ownership ranks = {0} (bidirectional presence)
[09:22:26.900] [HOST] INFO: KenshiCoop: auto-load armed for save 'c'
[09:22:26.900] [HOST] INFO: KenshiCoop: test mode - self-exit 68 s after gameplay starts
[09:22:26.900] [HOST] INFO: KenshiCoop: scenario armed 'spike'
[09:22:26.900] [HOST] INFO: KenshiCoop: starting as HOST
[09:22:26.901] [HOST] INFO: [net] hosting
[09:22:34.427] [HOST] INFO: KenshiCoop: auto-load issued for save 'c' (after 5000 ms settle)
[09:22:37.958] [HOST] INFO: [net] peer connecting (awaiting HELLO)
[09:22:37.958] [HOST] INFO: [net] peer connected id=1 (proto v11)
[09:22:38.438] [HOST] INFO: handshake: peer present id=1 (local id=0)
[09:22:46.535] [HOST] INFO: KenshiCoop: gameplay started
[09:22:46.535] [HOST] INFO: SCENARIO spike start
[09:22:46.535] [HOST] INFO: SPIKE 55 start id=55 host=1 perSide=12
[09:22:46.536] [HOST] INFO: SCENARIO MEMBER hand=1,2637329152,1,1,3079467776 pos=-51234.47,1547.65,2851.09
[09:22:46.536] [HOST] INFO: SPIKE 55 smoke leader hand=1,2637329152,1,1,3079467776 pos=-51234.5,1547.6,2851.1
[09:22:46.543] [HOST] INFO: SCENARIO MEMBER hand=1,2637329152,1,1,3079467776 pos=-51234.47,1555.93,2851.09
[09:22:46.549] [HOST] INFO: SCENARIO MEMBER hand=1,2637329152,1,1,3079467776 pos=-51234.47,1555.93,2851.09
[09:22:46.581] [HOST] INFO: [taskkey] key=1 desc='Moving' repro=0 subject=1
[09:22:47.052] [HOST] INFO: SCENARIO MEMBER hand=1,2637329152,1,1,3079467776 pos=-51234.47,1555.93,2851.09
[09:22:47.553] [HOST] INFO: SCENARIO MEMBER hand=1,2637329152,1,1,3079467776 pos=-51234.47,1555.93,2851.09
[09:22:47.759] [HOST] INFO: [taskkey] key=87 desc='Operating machine' repro=1 subject=1
[09:22:47.759] [HOST] INFO: [seatres] HOST task=87 npc=1,3996215808 subj=514,2909912064 ok=1 npcpos=-51198.5,2664.4 subjpos=-51206.5,2659.7 d=9.3
[09:22:48.044] [HOST] INFO: [taskkey] key=51 desc='Stand at node' repro=0 subject=1
[09:22:48.054] [HOST] INFO: SCENARIO MEMBER hand=1,2637329152,1,1,3079467776 pos=-51234.47,1555.93,2851.09
[09:22:48.054] [HOST] INFO: SETUP(lethal): red=0000000053DA1700 blue=0000000053DB53C0 hostile=1 clusters=4
[09:22:48.059] [HOST] INFO: SETUP(lethal): perSide=12 red=12 blue=12 orders=24
[09:22:48.059] [HOST] INFO: SPIKE 55 many spawned perSide=12 clusters=4 total=24
[09:22:48.059] [HOST] INFO: SPIKE 55 many r(a12 f0 d0 x0) b(a12 f0 d0 x0) tgtE=0 tgtF=0 maxDist=0.0 t=1516
[09:22:48.066] [HOST] INFO: [taskkey] key=6 desc='Equipping weapon' repro=0 subject=1
[09:22:48.110] [HOST] INFO: [taskkey] key=61 desc='Attacking target unprovoked' repro=0 subject=1
[09:22:48.315] [HOST] INFO: [taskkey] key=4 desc='Attacking' repro=0 subject=1
[09:22:48.549] [HOST] INFO: SCENARIO MEMBER hand=1,2637329152,1,1,3079467776 pos=-51246.00,1557.50,2842.22
[09:22:49.049] [HOST] INFO: SCENARIO MEMBER hand=1,2637329152,1,1,3079467776 pos=-51246.54,1557.52,2842.55
[09:22:49.551] [HOST] INFO: SCENARIO MEMBER hand=1,2637329152,1,1,3079467776 pos=-51247.17,1557.45,2843.84
[09:22:49.551] [HOST] INFO: SPIKE 55 many r(a12 f12 d0 x0) b(a12 f12 d0 x0) tgtE=24 tgtF=0 maxDist=30.2 t=3016
[09:22:50.057] [HOST] INFO: SCENARIO MEMBER hand=1,2637329152,1,1,3079467776 pos=-51247.17,1557.45,2843.84
[09:22:50.556] [HOST] INFO: SCENARIO MEMBER hand=1,2637329152,1,1,3079467776 pos=-51248.97,1557.47,2845.24
[09:22:51.056] [HOST] INFO: SCENARIO MEMBER hand=1,2637329152,1,1,3079467776 pos=-51249.98,1557.52,2845.74
[09:22:51.056] [HOST] INFO: SPIKE 55 many r(a12 f12 d0 x0) b(a12 f12 d0 x0) tgtE=24 tgtF=0 maxDist=50.1 t=4516
[09:22:51.550] [HOST] INFO: SCENARIO MEMBER hand=1,2637329152,1,1,3079467776 pos=-51256.18,1557.15,2853.95
[09:22:52.051] [HOST] INFO: SCENARIO MEMBER hand=1,2637329152,1,1,3079467776 pos=-51258.77,1557.04,2857.04
[09:22:52.558] [HOST] INFO: SCENARIO MEMBER hand=1,2637329152,1,1,3079467776 pos=-51258.77,1557.04,2857.04
[09:22:52.558] [HOST] INFO: SPIKE 55 many r(a12 f12 d0 x0) b(a12 f12 d0 x0) tgtE=24 tgtF=0 maxDist=53.1 t=6016
[09:22:53.056] [HOST] INFO: SCENARIO MEMBER hand=1,2637329152,1,1,3079467776 pos=-51258.77,1557.04,2857.04
[09:22:53.554] [HOST] INFO: SCENARIO MEMBER hand=1,2637329152,1,1,3079467776 pos=-51258.77,1557.04,2857.04
[09:22:54.056] [HOST] INFO: SCENARIO MEMBER hand=1,2637329152,1,1,3079467776 pos=-51258.77,1557.04,2857.04
[09:22:54.056] [HOST] INFO: SPIKE 55 many r(a12 f12 d0 x0) b(a12 f12 d0 x0) tgtE=24 tgtF=0 maxDist=52.4 t=7516
[09:22:54.553] [HOST] INFO: SCENARIO MEMBER hand=1,2637329152,1,1,3079467776 pos=-51258.77,1557.04,2857.04
[09:22:55.051] [HOST] INFO: SCENARIO MEMBER hand=1,2637329152,1,1,3079467776 pos=-51258.77,1557.04,2857.04
[09:22:55.551] [HOST] INFO: SCENARIO MEMBER hand=1,2637329152,1,1,3079467776 pos=-51261.93,1557.73,2854.62
[09:22:55.551] [HOST] INFO: SPIKE 55 many r(a12 f12 d0 x0) b(a12 f12 d0 x0) tgtE=24 tgtF=0 maxDist=57.5 t=9016
[09:22:56.054] [HOST] INFO: SCENARIO MEMBER hand=1,2637329152,1,1,3079467776 pos=-51262.09,1557.68,2855.15
[09:22:56.191] [HOST] INFO: [event] SEND id=1 ev=1 hand=1,47,2124389632,1,1536254848 actor=1,296020512 bs 0->1
[09:22:56.548] [HOST] INFO: SCENARIO MEMBER hand=1,2637329152,1,1,3079467776 pos=-51262.09,1557.68,2855.15
[09:22:56.781] [HOST] INFO: [event] SEND id=2 ev=1 hand=1,28,1485107456,1,3441528320 actor=1,1613159168 bs 0->9
[09:22:56.915] [HOST] INFO: [taskkey] key=147 desc='Stumbling' repro=0 subject=0
[09:22:57.058] [HOST] INFO: SCENARIO MEMBER hand=1,2637329152,1,1,3079467776 pos=-51262.42,1557.68,2855.43
[09:22:57.058] [HOST] INFO: SPIKE 55 many r(a12 f7 d0 x0) b(a12 f10 d2 x0) tgtE=17 tgtF=0 maxDist=35.8 t=10516
[09:22:57.554] [HOST] INFO: SCENARIO MEMBER hand=1,2637329152,1,1,3079467776 pos=-51262.84,1557.64,2856.10
[09:22:58.053] [HOST] INFO: SCENARIO MEMBER hand=1,2637329152,1,1,3079467776 pos=-51262.84,1557.64,2856.10
[09:22:58.553] [HOST] INFO: SCENARIO MEMBER hand=1,2637329152,1,1,3079467776 pos=-51262.84,1557.64,2856.10
[09:22:58.553] [HOST] INFO: SPIKE 55 many r(a12 f9 d0 x0) b(a12 f10 d2 x0) tgtE=19 tgtF=0 maxDist=38.2 t=12016
[09:22:59.053] [HOST] INFO: SCENARIO MEMBER hand=1,2637329152,1,1,3079467776 pos=-51263.23,1557.67,2856.21
[09:22:59.554] [HOST] INFO: [taskkey] key=52 desc='Waking up' repro=0 subject=0
[09:22:59.556] [HOST] INFO: SCENARIO MEMBER hand=1,2637329152,1,1,3079467776 pos=-51263.23,1557.67,2856.21
[09:23:00.054] [HOST] INFO: SCENARIO MEMBER hand=1,2637329152,1,1,3079467776 pos=-51263.23,1557.67,2856.21
[09:23:00.054] [HOST] INFO: SPIKE 55 many r(a12 f10 d0 x0) b(a12 f11 d2 x0) tgtE=21 tgtF=0 maxDist=52.1 t=13516
[09:23:00.555] [HOST] INFO: SCENARIO MEMBER hand=1,2637329152,1,1,3079467776 pos=-51263.10,1557.70,2855.92
[09:23:01.057] [HOST] INFO: SCENARIO MEMBER hand=1,2637329152,1,1,3079467776 pos=-51263.10,1557.70,2855.92
[09:23:01.557] [HOST] INFO: SCENARIO MEMBER hand=1,2637329152,1,1,3079467776 pos=-51263.10,1557.70,2855.92
[09:23:01.557] [HOST] INFO: SPIKE 55 many r(a12 f11 d0 x0) b(a12 f11 d2 x0) tgtE=22 tgtF=0 maxDist=72.0 t=15016
[09:23:02.049] [HOST] INFO: SCENARIO MEMBER hand=1,2637329152,1,1,3079467776 pos=-51263.10,1557.70,2855.92
[09:23:02.287] [HOST] INFO: [event] SEND id=3 ev=1 hand=1,22,2691406336,1,1047729472 actor=1,758667008 bs 0->1
[09:23:02.549] [HOST] INFO: SCENARIO MEMBER hand=1,2637329152,1,1,3079467776 pos=-51263.29,1557.71,2855.99
[09:23:03.051] [HOST] INFO: SCENARIO MEMBER hand=1,2637329152,1,1,3079467776 pos=-51263.29,1557.71,2855.99
[09:23:03.051] [HOST] INFO: SPIKE 55 many r(a12 f8 d0 x0) b(a12 f10 d3 x0) tgtE=18 tgtF=0 maxDist=49.3 t=16516
[09:23:03.550] [HOST] INFO: SCENARIO MEMBER hand=1,2637329152,1,1,3079467776 pos=-51263.29,1557.71,2855.99
[09:23:04.056] [HOST] INFO: SCENARIO MEMBER hand=1,2637329152,1,1,3079467776 pos=-51263.29,1557.71,2855.99
[09:23:04.553] [HOST] INFO: SCENARIO MEMBER hand=1,2637329152,1,1,3079467776 pos=-51264.71,1557.75,2857.22
[09:23:04.553] [HOST] INFO: SPIKE 55 many r(a12 f9 d0 x0) b(a12 f10 d3 x0) tgtE=19 tgtF=0 maxDist=45.4 t=18016
[09:23:05.052] [HOST] INFO: SCENARIO MEMBER hand=1,2637329152,1,1,3079467776 pos=-51268.71,1557.97,2860.53
[09:23:06.278] [HOST] INFO: SCENARIO MEMBER hand=1,2637329152,1,1,3079467776 pos=-51268.89,1557.98,2860.68
[09:23:06.278] [HOST] INFO: SPIKE 55 many r(a12 f10 d0 x0) b(a12 f10 d3 x0) tgtE=20 tgtF=0 maxDist=46.0 t=19735
[09:23:06.683] [HOST] INFO: [event] SEND id=4 ev=1 hand=1,24,2765136640,1,1293945344 actor=1,241577152 bs 0->1
[09:23:06.775] [HOST] INFO: SCENARIO MEMBER hand=1,2637329152,1,1,3079467776 pos=-51268.89,1557.98,2860.68
[09:23:07.270] [HOST] INFO: SCENARIO MEMBER hand=1,2637329152,1,1,3079467776 pos=-51268.89,1557.98,2860.68
[09:23:07.772] [HOST] INFO: SCENARIO MEMBER hand=1,2637329152,1,1,3079467776 pos=-51269.47,1558.10,2860.55
[09:23:07.772] [HOST] INFO: SPIKE 55 many r(a12 f8 d0 x0) b(a12 f9 d4 x0) tgtE=17 tgtF=0 maxDist=35.3 t=21235
[09:23:08.269] [HOST] INFO: SCENARIO MEMBER hand=1,2637329152,1,1,3079467776 pos=-51271.61,1558.56,2859.75
[09:23:08.375] [HOST] INFO: [event] SEND id=5 ev=1 hand=1,9,2430419968,8,161499024 actor=0,0 bs 0->3
[09:23:08.928] [HOST] INFO: SCENARIO MEMBER hand=1,2637329152,1,1,3079467776 pos=-51272.35,1558.72,2859.48
[09:23:09.432] [HOST] INFO: SCENARIO MEMBER hand=1,2637329152,1,1,3079467776 pos=-51273.04,1558.88,2859.12
[09:23:09.432] [HOST] INFO: SPIKE 55 many r(a12 f10 d0 x0) b(a12 f9 d4 x0) tgtE=19 tgtF=0 maxDist=31.7 t=22891
[09:23:09.954] [HOST] INFO: SCENARIO MEMBER hand=1,2637329152,1,1,3079467776 pos=-51273.04,1558.88,2859.12
[09:23:10.449] [HOST] INFO: SCENARIO MEMBER hand=1,2637329152,1,1,3079467776 pos=-51273.04,1558.88,2859.12
[09:23:11.001] [HOST] INFO: SCENARIO MEMBER hand=1,2637329152,1,1,3079467776 pos=-51273.04,1558.88,2859.12
[09:23:11.001] [HOST] INFO: SPIKE 55 many r(a12 f10 d0 x0) b(a12 f9 d4 x0) tgtE=19 tgtF=0 maxDist=40.8 t=24453
[09:23:11.488] [HOST] INFO: SCENARIO MEMBER hand=1,2637329152,1,1,3079467776 pos=-51273.04,1558.88,2859.12
[09:23:12.026] [HOST] INFO: SCENARIO MEMBER hand=1,2637329152,1,1,3079467776 pos=-51273.04,1558.88,2859.12
[09:23:12.576] [HOST] INFO: SCENARIO MEMBER hand=1,2637329152,1,1,3079467776 pos=-51273.04,1558.88,2859.12
[09:23:12.576] [HOST] INFO: SPIKE 55 many r(a12 f10 d0 x0) b(a12 f9 d4 x0) tgtE=19 tgtF=0 maxDist=45.8 t=26031
[09:23:12.724] [HOST] INFO: [event] SEND id=6 ev=1 hand=1,9,2430419968,6,3454589952 actor=2,2703369216 bs 0->1
[09:23:13.069] [HOST] INFO: SCENARIO MEMBER hand=1,2637329152,1,1,3079467776 pos=-51273.04,1558.88,2859.12
[09:23:13.593] [HOST] INFO: SCENARIO MEMBER hand=1,2637329152,1,1,3079467776 pos=-51273.04,1558.88,2859.12
[09:23:14.088] [HOST] INFO: SCENARIO MEMBER hand=1,2637329152,1,1,3079467776 pos=-51273.04,1558.88,2859.12
[09:23:14.088] [HOST] INFO: SPIKE 55 many r(a12 f10 d0 x0) b(a12 f9 d4 x0) tgtE=19 tgtF=0 maxDist=42.8 t=27547
[09:23:14.623] [HOST] INFO: SCENARIO MEMBER hand=1,2637329152,1,1,3079467776 pos=-51273.04,1558.88,2859.12
[09:23:15.104] [HOST] INFO: [event] SEND id=7 ev=1 hand=1,51,1365600640,1,1808593792 actor=0,0 bs 0->9
[09:23:15.117] [HOST] INFO: SCENARIO MEMBER hand=1,2637329152,1,1,3079467776 pos=-51273.04,1558.88,2859.12
[09:23:15.657] [HOST] INFO: SCENARIO MEMBER hand=1,2637329152,1,1,3079467776 pos=-51273.04,1558.88,2859.12
[09:23:15.657] [HOST] INFO: SPIKE 55 many r(a12 f10 d0 x0) b(a12 f8 d5 x0) tgtE=18 tgtF=0 maxDist=40.7 t=29110
[09:23:16.143] [HOST] INFO: SCENARIO MEMBER hand=1,2637329152,1,1,3079467776 pos=-51273.04,1558.88,2859.12
[09:23:16.169] [HOST] INFO: [event] SEND id=8 ev=1 hand=1,42,3692993280,1,1953125 actor=0,0 bs 0->1
[09:23:16.693] [HOST] INFO: SCENARIO MEMBER hand=1,2637329152,1,1,3079467776 pos=-51273.04,1558.88,2859.12
[09:23:17.197] [HOST] INFO: SCENARIO MEMBER hand=1,2637329152,1,1,3079467776 pos=-51273.04,1558.88,2859.12
[09:23:17.197] [HOST] INFO: SPIKE 55 many r(a12 f9 d1 x0) b(a12 f8 d5 x0) tgtE=17 tgtF=0 maxDist=40.8 t=30656
[09:23:17.737] [HOST] INFO: SCENARIO MEMBER hand=1,2637329152,1,1,3079467776 pos=-51273.04,1558.88,2859.12
[09:23:18.237] [HOST] INFO: SCENARIO MEMBER hand=1,2637329152,1,1,3079467776 pos=-51273.04,1558.88,2859.12
[09:23:18.768] [HOST] INFO: SCENARIO MEMBER hand=1,2637329152,1,1,3079467776 pos=-51273.04,1558.88,2859.12
[09:23:18.768] [HOST] INFO: SPIKE 55 many r(a12 f9 d1 x0) b(a12 f8 d5 x0) tgtE=17 tgtF=0 maxDist=36.4 t=32235
[09:23:18.838] [HOST] INFO: [event] SEND id=9 ev=1 hand=1,45,965942400,1,2416015616 actor=1,3779174912 bs 0->1
[09:23:19.271] [HOST] INFO: SCENARIO MEMBER hand=1,2637329152,1,1,3079467776 pos=-51273.04,1558.88,2859.12
[09:23:19.799] [HOST] INFO: SCENARIO MEMBER hand=1,2637329152,1,1,3079467776 pos=-51273.04,1558.88,2859.12
[09:23:20.301] [HOST] INFO: SCENARIO MEMBER hand=1,2637329152,1,1,3079467776 pos=-51273.04,1558.88,2859.12
[09:23:20.302] [HOST] INFO: SPIKE 55 many r(a12 f8 d1 x0) b(a12 f8 d6 x0) tgtE=16 tgtF=0 maxDist=31.4 t=33766
[09:23:20.829] [HOST] INFO: SCENARIO MEMBER hand=1,2637329152,1,1,3079467776 pos=-51273.04,1558.88,2859.12
[09:23:21.315] [HOST] INFO: SCENARIO MEMBER hand=1,2637329152,1,1,3079467776 pos=-51273.04,1558.88,2859.12
[09:23:21.341] [HOST] INFO: [event] SEND id=10 ev=1 hand=1,9,2430419968,10,2733154304 actor=2,2703369216 bs 0->1
[09:23:21.431] [HOST] INFO: [event] SEND id=11 ev=1 hand=1,43,3358764544,1,2311279360 actor=1,2335571200 bs 0->1
[09:23:21.821] [HOST] INFO: SCENARIO MEMBER hand=1,2637329152,1,1,3079467776 pos=-51273.04,1558.88,2859.12
[09:23:21.821] [HOST] INFO: SPIKE 55 many r(a12 f6 d1 x0) b(a12 f7 d7 x0) tgtE=13 tgtF=0 maxDist=33.1 t=35281
[09:23:22.122] [HOST] INFO: [event] SEND id=12 ev=1 hand=1,46,1606689408,1,941162112 actor=1,1808593792 bs 0->1
[09:23:22.321] [HOST] INFO: SCENARIO MEMBER hand=1,2637329152,1,1,3079467776 pos=-51273.04,1558.88,2859.12
[09:23:22.928] [HOST] INFO: SCENARIO MEMBER hand=1,2637329152,1,1,3079467776 pos=-51273.04,1558.88,2859.12
[09:23:23.427] [HOST] INFO: SCENARIO MEMBER hand=1,2637329152,1,1,3079467776 pos=-51273.04,1558.88,2859.12
[09:23:23.427] [HOST] INFO: SPIKE 55 many r(a12 f6 d2 x0) b(a12 f5 d7 x0) tgtE=11 tgtF=0 maxDist=38.1 t=36891
[09:23:23.955] [HOST] INFO: SCENARIO MEMBER hand=1,2637329152,1,1,3079467776 pos=-51273.04,1558.88,2859.12
[09:23:24.506] [HOST] INFO: SCENARIO MEMBER hand=1,2637329152,1,1,3079467776 pos=-51273.04,1558.88,2859.12
[09:23:25.004] [HOST] INFO: SCENARIO MEMBER hand=1,2637329152,1,1,3079467776 pos=-51273.04,1558.88,2859.12
[09:23:25.004] [HOST] INFO: SPIKE 55 many r(a12 f6 d2 x0) b(a12 f6 d7 x0) tgtE=12 tgtF=0 maxDist=34.5 t=38469
[09:23:25.533] [HOST] INFO: SCENARIO MEMBER hand=1,2637329152,1,1,3079467776 pos=-51273.04,1558.88,2859.12
[09:23:26.079] [HOST] INFO: SCENARIO MEMBER hand=1,2637329152,1,1,3079467776 pos=-51273.04,1558.88,2859.12
[09:23:26.392] [HOST] INFO: [event] SEND id=13 ev=1 hand=1,9,2430419968,1,3662475520 actor=5,1919189504 bs 0->1
[09:23:26.570] [HOST] INFO: SCENARIO MEMBER hand=1,2637329152,1,1,3079467776 pos=-51273.04,1558.88,2859.12
[09:23:26.570] [HOST] INFO: SPIKE 55 many r(a12 f6 d2 x0) b(a12 f7 d7 x0) tgtE=13 tgtF=0 maxDist=44.6 t=40031
[09:23:27.110] [HOST] INFO: SCENARIO MEMBER hand=1,2637329152,1,1,3079467776 pos=-51273.04,1558.88,2859.12
[09:23:27.603] [HOST] INFO: SCENARIO MEMBER hand=1,2637329152,1,1,3079467776 pos=-51273.04,1558.88,2859.12
[09:23:28.140] [HOST] INFO: SCENARIO MEMBER hand=1,2637329152,1,1,3079467776 pos=-51273.04,1558.88,2859.12
[09:23:28.140] [HOST] INFO: SPIKE 55 many r(a12 f6 d2 x0) b(a12 f6 d7 x0) tgtE=12 tgtF=0 maxDist=45.1 t=41594
[09:23:28.630] [HOST] INFO: SCENARIO MEMBER hand=1,2637329152,1,1,3079467776 pos=-51273.04,1558.88,2859.12
[09:23:29.169] [HOST] INFO: SCENARIO MEMBER hand=1,2637329152,1,1,3079467776 pos=-51273.04,1558.88,2859.12
[09:23:29.660] [HOST] INFO: SCENARIO MEMBER hand=1,2637329152,1,1,3079467776 pos=-51273.04,1558.88,2859.12
[09:23:29.660] [HOST] INFO: SPIKE 55 many r(a12 f6 d2 x0) b(a12 f6 d7 x0) tgtE=12 tgtF=0 maxDist=45.7 t=43125
[09:23:30.201] [HOST] INFO: SCENARIO MEMBER hand=1,2637329152,1,1,3079467776 pos=-51273.04,1558.88,2859.12
[09:23:30.695] [HOST] INFO: SCENARIO MEMBER hand=1,2637329152,1,1,3079467776 pos=-51273.04,1558.88,2859.12
[09:23:31.248] [HOST] INFO: SCENARIO MEMBER hand=1,2637329152,1,1,3079467776 pos=-51273.04,1558.88,2859.12
[09:23:31.248] [HOST] INFO: SPIKE 55 many r(a12 f6 d2 x0) b(a12 f6 d7 x0) tgtE=12 tgtF=0 maxDist=39.6 t=44703
[09:23:31.743] [HOST] INFO: SCENARIO MEMBER hand=1,2637329152,1,1,3079467776 pos=-51273.04,1558.88,2859.12
[09:23:32.274] [HOST] INFO: SCENARIO MEMBER hand=1,2637329152,1,1,3079467776 pos=-51273.04,1558.88,2859.12
[09:23:32.834] [HOST] INFO: SCENARIO MEMBER hand=1,2637329152,1,1,3079467776 pos=-51273.04,1558.88,2859.12
[09:23:32.834] [HOST] INFO: SPIKE 55 many r(a12 f6 d2 x0) b(a12 f6 d7 x0) tgtE=12 tgtF=0 maxDist=34.3 t=46297
[09:23:33.337] [HOST] INFO: SCENARIO MEMBER hand=1,2637329152,1,1,3079467776 pos=-51273.13,1558.89,2859.17
[09:23:33.861] [HOST] INFO: SCENARIO MEMBER hand=1,2637329152,1,1,3079467776 pos=-51273.13,1558.89,2859.17
[09:23:34.404] [HOST] INFO: SCENARIO MEMBER hand=1,2637329152,1,1,3079467776 pos=-51273.13,1558.89,2859.17
[09:23:34.404] [HOST] INFO: SPIKE 55 many r(a12 f6 d2 x0) b(a12 f6 d7 x0) tgtE=12 tgtF=0 maxDist=33.0 t=47860
[09:23:34.952] [HOST] INFO: SCENARIO MEMBER hand=1,2637329152,1,1,3079467776 pos=-51273.13,1558.89,2859.17
[09:23:35.417] [HOST] INFO: [event] SEND id=14 ev=1 hand=1,27,2097534208,1,241577152 actor=1,3569580032 bs 0->9
[09:23:35.445] [HOST] INFO: SCENARIO MEMBER hand=1,2637329152,1,1,3079467776 pos=-51273.13,1558.89,2859.17
[09:23:35.943] [HOST] INFO: SCENARIO MEMBER hand=1,2637329152,1,1,3079467776 pos=-51273.13,1558.89,2859.17
[09:23:35.943] [HOST] INFO: SPIKE 55 many r(a12 f5 d3 x0) b(a12 f4 d7 x0) tgtE=9 tgtF=0 maxDist=44.8 t=49406
[09:23:36.441] [HOST] INFO: SCENARIO MEMBER hand=1,2637329152,1,1,3079467776 pos=-51273.13,1558.89,2859.17
[09:23:36.942] [HOST] INFO: SCENARIO MEMBER hand=1,2637329152,1,1,3079467776 pos=-51273.13,1558.89,2859.17
[09:23:37.518] [HOST] INFO: SCENARIO MEMBER hand=1,2637329152,1,1,3079467776 pos=-51273.13,1558.89,2859.17
[09:23:37.518] [HOST] INFO: SPIKE 55 many r(a12 f6 d3 x0) b(a12 f4 d7 x0) tgtE=10 tgtF=0 maxDist=36.7 t=50985
[09:23:38.020] [HOST] INFO: SCENARIO MEMBER hand=1,2637329152,1,1,3079467776 pos=-51273.13,1558.89,2859.17
[09:23:38.545] [HOST] INFO: SCENARIO MEMBER hand=1,2637329152,1,1,3079467776 pos=-51273.13,1558.89,2859.17
[09:23:39.093] [HOST] INFO: SCENARIO MEMBER hand=1,2637329152,1,1,3079467776 pos=-51273.13,1558.89,2859.17
[09:23:39.093] [HOST] INFO: SPIKE 55 many r(a12 f6 d3 x0) b(a12 f4 d7 x0) tgtE=10 tgtF=0 maxDist=35.6 t=52547
[09:23:39.584] [HOST] INFO: SCENARIO MEMBER hand=1,2637329152,1,1,3079467776 pos=-51273.13,1558.89,2859.17
[09:23:40.136] [HOST] INFO: SCENARIO MEMBER hand=1,2637329152,1,1,3079467776 pos=-51273.13,1558.89,2859.17
[09:23:40.631] [HOST] INFO: SCENARIO MEMBER hand=1,2637329152,1,1,3079467776 pos=-51273.13,1558.89,2859.17
[09:23:40.631] [HOST] INFO: SPIKE 55 many r(a12 f7 d3 x0) b(a12 f6 d7 x0) tgtE=13 tgtF=0 maxDist=31.9 t=54094
[09:23:41.178] [HOST] INFO: SCENARIO MEMBER hand=1,2637329152,1,1,3079467776 pos=-51273.13,1558.89,2859.17
[09:23:41.676] [HOST] INFO: SCENARIO MEMBER hand=1,2637329152,1,1,3079467776 pos=-51273.13,1558.89,2859.17
[09:23:42.208] [HOST] INFO: SCENARIO MEMBER hand=1,2637329152,1,1,3079467776 pos=-51273.13,1558.89,2859.17
[09:23:42.208] [HOST] INFO: SPIKE 55 many r(a12 f7 d3 x0) b(a12 f6 d7 x0) tgtE=13 tgtF=0 maxDist=42.3 t=55672
[09:23:42.610] [HOST] INFO: [event] SEND id=15 ev=1 hand=1,9,2430419968,9,2357666048 actor=5,1919189504 bs 0->1
[09:23:42.708] [HOST] INFO: SCENARIO MEMBER hand=1,2637329152,1,1,3079467776 pos=-51273.13,1558.89,2859.17
[09:23:43.236] [HOST] INFO: SCENARIO MEMBER hand=1,2637329152,1,1,3079467776 pos=-51273.13,1558.89,2859.17
[09:23:43.725] [HOST] INFO: SCENARIO MEMBER hand=1,2637329152,1,1,3079467776 pos=-51273.13,1558.89,2859.17
[09:23:43.725] [HOST] INFO: SPIKE 55 many r(a12 f7 d3 x0) b(a12 f6 d7 x0) tgtE=13 tgtF=0 maxDist=40.3 t=57188
[09:23:44.272] [HOST] INFO: SCENARIO MEMBER hand=1,2637329152,1,1,3079467776 pos=-51273.13,1558.89,2859.17
[09:23:44.774] [HOST] INFO: SCENARIO MEMBER hand=1,2637329152,1,1,3079467776 pos=-51273.13,1558.89,2859.17
[09:23:45.319] [HOST] INFO: SCENARIO MEMBER hand=1,2637329152,1,1,3079467776 pos=-51273.13,1558.89,2859.17
[09:23:45.319] [HOST] INFO: SPIKE 55 many r(a12 f7 d3 x0) b(a12 f6 d7 x0) tgtE=13 tgtF=0 maxDist=45.0 t=58781
[09:23:45.319] [HOST] INFO: SPIKE 55 many-summary total=24 peakDown=10 totalDead=0 peakTgtE=24 sawTgtF=0 maxDist=72.0 casualties=1 attribOk=1 local=0 -> PASS
[09:23:45.568] [HOST] INFO: [event] SEND id=16 ev=1 hand=1,26,1958862336,1,222412112 actor=2,3311035136 bs 0->1
[09:23:45.822] [HOST] INFO: SCENARIO MEMBER hand=1,2637329152,1,1,3079467776 pos=-51273.13,1558.89,2859.17
[09:23:46.352] [HOST] INFO: SCENARIO MEMBER hand=1,2637329152,1,1,3079467776 pos=-51273.13,1558.89,2859.17
[09:23:46.539] [HOST] INFO: SCENARIO RESULT PASS
[09:23:47.806] [HOST] INFO: [event] SEND id=17 ev=1 hand=1,9,2430419968,2,2727661056 actor=5,1919189504 bs 0->1
[09:23:49.854] [HOST] INFO: [taskkey] key=67 desc='Running' repro=0 subject=1
