[05:52:17.155] [HOST] INFO: log opened
[05:52:17.155] [HOST] INFO: KenshiCoop loaded! (clean rebuild)
[05:52:17.155] [HOST] INFO: KenshiCoop: build Jun 20 2026 05:51:51
[05:52:17.155] [HOST] INFO: KenshiCoop: role=HOST proto=v11 port=27800 save='c'
[05:52:17.205] [HOST] INFO: KenshiCoop: ownership ranks = {0} (bidirectional presence)
[05:52:17.254] [HOST] INFO: KenshiCoop: auto-load armed for save 'c'
[05:52:17.255] [HOST] INFO: KenshiCoop: test mode - self-exit 30 s after gameplay starts
[05:52:17.255] [HOST] INFO: KenshiCoop: scenario armed 'spike'
[05:52:17.255] [HOST] INFO: KenshiCoop: starting as HOST
[05:52:17.255] [HOST] INFO: [net] hosting
[05:52:24.020] [HOST] INFO: KenshiCoop: auto-load issued for save 'c' (after 5000 ms settle)
[05:52:27.856] [HOST] INFO: [net] peer connecting (awaiting HELLO)
[05:52:27.856] [HOST] INFO: [net] peer connected id=1 (proto v11)
[05:52:27.861] [HOST] INFO: handshake: peer present id=1 (local id=0)
[05:52:35.729] [HOST] INFO: KenshiCoop: gameplay started
[05:52:35.729] [HOST] INFO: SCENARIO spike start
[05:52:35.729] [HOST] INFO: SPIKE 34 start id=34 host=1
[05:52:35.730] [HOST] INFO: SCENARIO MEMBER hand=1,2637329152,1,1,3079467776 pos=-51234.47,1547.65,2851.09
[05:52:35.736] [HOST] INFO: SCENARIO MEMBER hand=1,2637329152,1,1,3079467776 pos=-51234.47,1547.65,2851.09
[05:52:35.743] [HOST] INFO: SCENARIO MEMBER hand=1,2637329152,1,1,3079467776 pos=-51234.47,1555.93,2851.09
[05:52:35.764] [HOST] INFO: [taskkey] key=87 desc='Operating machine' repro=1 subject=1
[05:52:35.764] [HOST] INFO: [seatres] HOST task=87 npc=1,1723144576 subj=514,2909912064 ok=1 npcpos=-51206.5,2659.7 subjpos=-51206.5,2659.7 d=0.0
[05:52:35.832] [HOST] INFO: [taskkey] key=1 desc='Moving' repro=0 subject=1
[05:52:36.118] [HOST] INFO: [taskkey] key=51 desc='Stand at node' repro=0 subject=1
[05:52:36.238] [HOST] INFO: SCENARIO MEMBER hand=1,2637329152,1,1,3079467776 pos=-51234.47,1555.93,2851.09
[05:52:36.737] [HOST] INFO: SCENARIO MEMBER hand=1,2637329152,1,1,3079467776 pos=-51234.47,1555.93,2851.09
[05:52:36.737] [HOST] INFO: SPIKE 34 time role=H t=1015 paused=0 fsm=1.000 hours=0.00000
[05:52:37.001] [HOST] INFO: [seatres] HOST task=87 npc=1,3996215808 subj=513,1109374976 ok=1 npcpos=-51198.1,2664.4 subjpos=-51194.2,2657.7 d=7.8
[05:52:37.242] [HOST] INFO: SCENARIO MEMBER hand=1,2637329152,1,1,3079467776 pos=-51234.47,1555.93,2851.09
[05:52:37.745] [HOST] INFO: SCENARIO MEMBER hand=1,2637329152,1,1,3079467776 pos=-51234.47,1555.93,2851.09
[05:52:37.745] [HOST] INFO: SPIKE 34 time role=H t=2015 paused=0 fsm=1.000 hours=0.00000
[05:52:37.752] [HOST] INFO: [taskkey] key=36 desc='Patrolling town' repro=0 subject=0
[05:52:38.241] [HOST] INFO: SCENARIO MEMBER hand=1,2637329152,1,1,3079467776 pos=-51234.47,1555.93,2851.09
[05:52:38.739] [HOST] INFO: SCENARIO MEMBER hand=1,2637329152,1,1,3079467776 pos=-51234.47,1555.93,2851.09
[05:52:38.739] [HOST] INFO: SPIKE 34 time role=H t=3015 paused=0 fsm=1.000 hours=0.00000
[05:52:39.237] [HOST] INFO: SCENARIO MEMBER hand=1,2637329152,1,1,3079467776 pos=-51234.47,1555.93,2851.09
[05:52:39.736] [HOST] INFO: SCENARIO MEMBER hand=1,2637329152,1,1,3079467776 pos=-51234.47,1555.93,2851.09
[05:52:39.736] [HOST] INFO: SPIKE 34 time role=H t=4015 paused=0 fsm=1.000 hours=0.00000
[05:52:40.238] [HOST] INFO: SCENARIO MEMBER hand=1,2637329152,1,1,3079467776 pos=-51234.47,1555.93,2851.09
[05:52:40.744] [HOST] INFO: SCENARIO MEMBER hand=1,2637329152,1,1,3079467776 pos=-51234.47,1555.93,2851.09
[05:52:40.744] [HOST] INFO: SPIKE 34 time role=H t=5015 paused=0 fsm=1.000 hours=0.00000
[05:52:40.744] [HOST] INFO: SPIKE 34 act t=5015 pause(true) ok=1
[05:52:41.245] [HOST] INFO: SCENARIO MEMBER hand=1,2637329152,1,1,3079467776 pos=-51234.47,1555.93,2851.09
[05:52:41.745] [HOST] INFO: SCENARIO MEMBER hand=1,2637329152,1,1,3079467776 pos=-51234.47,1555.93,2851.09
[05:52:41.745] [HOST] INFO: SPIKE 34 time role=H t=6015 paused=1 fsm=1.000 hours=0.00000
[05:52:42.243] [HOST] INFO: SCENARIO MEMBER hand=1,2637329152,1,1,3079467776 pos=-51234.47,1555.93,2851.09
[05:52:42.737] [HOST] INFO: SCENARIO MEMBER hand=1,2637329152,1,1,3079467776 pos=-51234.47,1555.93,2851.09
[05:52:42.737] [HOST] INFO: SPIKE 34 time role=H t=7015 paused=1 fsm=1.000 hours=0.00000
[05:52:43.240] [HOST] INFO: SCENARIO MEMBER hand=1,2637329152,1,1,3079467776 pos=-51234.47,1555.93,2851.09
[05:52:43.743] [HOST] INFO: SCENARIO MEMBER hand=1,2637329152,1,1,3079467776 pos=-51234.47,1555.93,2851.09
[05:52:43.743] [HOST] INFO: SPIKE 34 time role=H t=8015 paused=1 fsm=1.000 hours=0.00000
[05:52:44.240] [HOST] INFO: SCENARIO MEMBER hand=1,2637329152,1,1,3079467776 pos=-51234.47,1555.93,2851.09
[05:52:44.740] [HOST] INFO: SCENARIO MEMBER hand=1,2637329152,1,1,3079467776 pos=-51234.47,1555.93,2851.09
[05:52:44.740] [HOST] INFO: SPIKE 34 time role=H t=9015 paused=1 fsm=1.000 hours=0.00000
[05:52:45.243] [HOST] INFO: SCENARIO MEMBER hand=1,2637329152,1,1,3079467776 pos=-51234.47,1555.93,2851.09
[05:52:45.738] [HOST] INFO: SCENARIO MEMBER hand=1,2637329152,1,1,3079467776 pos=-51234.47,1555.93,2851.09
[05:52:45.738] [HOST] INFO: SPIKE 34 time role=H t=10015 paused=1 fsm=1.000 hours=0.00000
[05:52:46.239] [HOST] INFO: SCENARIO MEMBER hand=1,2637329152,1,1,3079467776 pos=-51234.47,1555.93,2851.09
[05:52:46.740] [HOST] INFO: SCENARIO MEMBER hand=1,2637329152,1,1,3079467776 pos=-51234.47,1555.93,2851.09
[05:52:46.740] [HOST] INFO: SPIKE 34 time role=H t=11015 paused=1 fsm=1.000 hours=0.00000
[05:52:47.241] [HOST] INFO: SCENARIO MEMBER hand=1,2637329152,1,1,3079467776 pos=-51234.47,1555.93,2851.09
[05:52:47.736] [HOST] INFO: SCENARIO MEMBER hand=1,2637329152,1,1,3079467776 pos=-51234.47,1555.93,2851.09
[05:52:47.736] [HOST] INFO: SPIKE 34 time role=H t=12015 paused=1 fsm=1.000 hours=0.00000
[05:52:47.736] [HOST] INFO: SPIKE 34 act t=12015 unpause+speed(5) ok=1
[05:52:48.239] [HOST] INFO: SCENARIO MEMBER hand=1,2637329152,1,1,3079467776 pos=-51234.47,1555.93,2851.09
[05:52:48.475] [HOST] INFO: [taskkey] key=141 desc='Following leader' repro=0 subject=1
[05:52:48.742] [HOST] INFO: SCENARIO MEMBER hand=1,2637329152,1,1,3079467776 pos=-51234.47,1555.93,2851.09
[05:52:48.742] [HOST] INFO: SPIKE 34 time role=H t=13015 paused=0 fsm=5.000 hours=0.00000
[05:52:49.238] [HOST] INFO: SCENARIO MEMBER hand=1,2637329152,1,1,3079467776 pos=-51234.47,1555.93,2851.09
[05:52:49.738] [HOST] INFO: SCENARIO MEMBER hand=1,2637329152,1,1,3079467776 pos=-51234.47,1555.93,2851.09
[05:52:49.738] [HOST] INFO: SPIKE 34 time role=H t=14015 paused=0 fsm=5.000 hours=0.00000
[05:52:50.229] [HOST] INFO: [taskkey] key=102 desc='Making announcement' repro=0 subject=1
[05:52:50.243] [HOST] INFO: SCENARIO MEMBER hand=1,2637329152,1,1,3079467776 pos=-51231.53,1555.82,2851.86
[05:52:50.743] [HOST] INFO: SCENARIO MEMBER hand=1,2637329152,1,1,3079467776 pos=-51231.53,1555.82,2851.86
[05:52:50.743] [HOST] INFO: SPIKE 34 time role=H t=15015 paused=1 fsm=0.000 hours=0.00000
[05:52:51.239] [HOST] INFO: SCENARIO MEMBER hand=1,2637329152,1,1,3079467776 pos=-51231.53,1555.82,2851.86
[05:52:51.741] [HOST] INFO: SCENARIO MEMBER hand=1,2637329152,1,1,3079467776 pos=-51231.53,1555.82,2851.86
[05:52:51.741] [HOST] INFO: SPIKE 34 time role=H t=16015 paused=1 fsm=0.000 hours=0.00000
[05:52:52.240] [HOST] INFO: SCENARIO MEMBER hand=1,2637329152,1,1,3079467776 pos=-51231.53,1555.82,2851.86
[05:52:52.741] [HOST] INFO: SCENARIO MEMBER hand=1,2637329152,1,1,3079467776 pos=-51231.53,1555.82,2851.86
[05:52:52.741] [HOST] INFO: SPIKE 34 time role=H t=17015 paused=1 fsm=0.000 hours=0.00000
[05:52:53.242] [HOST] INFO: SCENARIO MEMBER hand=1,2637329152,1,1,3079467776 pos=-51231.53,1555.82,2851.86
[05:52:53.742] [HOST] INFO: SCENARIO MEMBER hand=1,2637329152,1,1,3079467776 pos=-51231.53,1555.82,2851.86
[05:52:53.742] [HOST] INFO: SPIKE 34 time role=H t=18015 paused=1 fsm=0.000 hours=0.00000
[05:52:54.242] [HOST] INFO: SCENARIO MEMBER hand=1,2637329152,1,1,3079467776 pos=-51231.53,1555.82,2851.86
[05:52:54.736] [HOST] INFO: SCENARIO MEMBER hand=1,2637329152,1,1,3079467776 pos=-51231.53,1555.82,2851.86
[05:52:54.736] [HOST] INFO: SPIKE 34 time role=H t=19015 paused=1 fsm=0.000 hours=0.00000
[05:52:55.238] [HOST] INFO: SCENARIO MEMBER hand=1,2637329152,1,1,3079467776 pos=-51231.53,1555.82,2851.86
[05:52:55.742] [HOST] INFO: SCENARIO MEMBER hand=1,2637329152,1,1,3079467776 pos=-51231.53,1555.82,2851.86
[05:52:55.742] [HOST] INFO: SPIKE 34 time role=H t=20015 paused=1 fsm=0.000 hours=0.00000
[05:52:55.742] [HOST] INFO: SPIKE 34 act t=20015 speed(1) ok=1
[05:52:55.840] [HOST] INFO: [taskkey] key=22 desc='Patrolling' repro=0 subject=0
[05:52:56.236] [HOST] INFO: SCENARIO MEMBER hand=1,2637329152,1,1,3079467776 pos=-51231.53,1555.82,2851.86
[05:52:56.741] [HOST] INFO: SCENARIO MEMBER hand=1,2637329152,1,1,3079467776 pos=-51231.53,1555.82,2851.86
[05:52:56.741] [HOST] INFO: SPIKE 34 time role=H t=21015 paused=0 fsm=1.000 hours=0.00000
[05:52:57.236] [HOST] INFO: SCENARIO MEMBER hand=1,2637329152,1,1,3079467776 pos=-51231.53,1555.82,2851.86
[05:52:57.744] [HOST] INFO: SCENARIO MEMBER hand=1,2637329152,1,1,3079467776 pos=-51231.53,1555.82,2851.86
[05:52:57.744] [HOST] INFO: SPIKE 34 time role=H t=22015 paused=0 fsm=1.000 hours=0.00000
[05:52:58.240] [HOST] INFO: SCENARIO MEMBER hand=1,2637329152,1,1,3079467776 pos=-51231.53,1555.82,2851.86
[05:52:58.742] [HOST] INFO: SCENARIO MEMBER hand=1,2637329152,1,1,3079467776 pos=-51232.48,1556.01,2850.59
[05:52:58.742] [HOST] INFO: SPIKE 34 time role=H t=23015 paused=0 fsm=1.000 hours=0.00000
[05:52:59.240] [HOST] INFO: SCENARIO MEMBER hand=1,2637329152,1,1,3079467776 pos=-51232.87,1556.04,2850.35
[05:52:59.738] [HOST] INFO: SCENARIO MEMBER hand=1,2637329152,1,1,3079467776 pos=-51232.87,1556.04,2850.35
[05:52:59.738] [HOST] INFO: SPIKE 34 time role=H t=24015 paused=0 fsm=1.000 hours=0.00000
[05:53:00.240] [HOST] INFO: SCENARIO MEMBER hand=1,2637329152,1,1,3079467776 pos=-51232.87,1556.04,2850.35
[05:53:00.741] [HOST] INFO: SCENARIO MEMBER hand=1,2637329152,1,1,3079467776 pos=-51232.87,1556.04,2850.35
[05:53:00.741] [HOST] INFO: SPIKE 34 time role=H t=25015 paused=0 fsm=1.000 hours=0.00000
[05:53:01.240] [HOST] INFO: SCENARIO MEMBER hand=1,2637329152,1,1,3079467776 pos=-51232.87,1556.04,2850.35
[05:53:01.742] [HOST] INFO: SCENARIO MEMBER hand=1,2637329152,1,1,3079467776 pos=-51232.87,1556.04,2850.35
[05:53:01.742] [HOST] INFO: SPIKE 34 time role=H t=26015 paused=0 fsm=1.000 hours=0.00000
[05:53:02.236] [HOST] INFO: SCENARIO MEMBER hand=1,2637329152,1,1,3079467776 pos=-51232.87,1556.04,2850.35
[05:53:02.739] [HOST] INFO: SCENARIO MEMBER hand=1,2637329152,1,1,3079467776 pos=-51232.87,1556.04,2850.35
[05:53:02.739] [HOST] INFO: SPIKE 34 time role=H t=27015 paused=0 fsm=1.000 hours=0.00000
[05:53:03.242] [HOST] INFO: SCENARIO MEMBER hand=1,2637329152,1,1,3079467776 pos=-51232.87,1556.04,2850.35
[05:53:03.737] [HOST] INFO: SCENARIO MEMBER hand=1,2637329152,1,1,3079467776 pos=-51232.87,1556.04,2850.35
[05:53:03.737] [HOST] INFO: SPIKE 34 time role=H t=28015 paused=0 fsm=1.000 hours=0.00000
[05:53:04.239] [HOST] INFO: SCENARIO MEMBER hand=1,2637329152,1,1,3079467776 pos=-51232.87,1556.04,2850.35
[05:53:04.742] [HOST] INFO: SCENARIO MEMBER hand=1,2637329152,1,1,3079467776 pos=-51232.87,1556.04,2850.35
[05:53:04.742] [HOST] INFO: SPIKE 34 time role=H t=29015 paused=0 fsm=1.000 hours=0.00000
[05:53:05.236] [HOST] INFO: SCENARIO MEMBER hand=1,2637329152,1,1,3079467776 pos=-51232.87,1556.04,2850.35
[05:53:05.722] [HOST] INFO: KenshiCoop: test duration elapsed; exiting
