[05:52:27.754] [JOIN] INFO: log opened
[05:52:27.754] [JOIN] INFO: KenshiCoop loaded! (clean rebuild)
[05:52:27.754] [JOIN] INFO: KenshiCoop: build Jun 20 2026 05:51:51
[05:52:27.754] [JOIN] INFO: KenshiCoop: role=JOIN proto=v11 port=27800 save='c'
[05:52:27.799] [JOIN] INFO: KenshiCoop: ownership ranks = {1} (bidirectional presence)
[05:52:27.845] [JOIN] INFO: KenshiCoop: auto-load armed for save 'c'
[05:52:27.845] [JOIN] INFO: KenshiCoop: test mode - self-exit 30 s after gameplay starts
[05:52:27.845] [JOIN] INFO: KenshiCoop: scenario armed 'spike'
[05:52:27.845] [JOIN] INFO: KenshiCoop: starting as CLIENT
[05:52:27.855] [JOIN] INFO: [net] connecting
[05:52:27.855] [JOIN] INFO: [net] connected to host; sent HELLO
[05:52:27.856] [JOIN] INFO: [net] peer connected id=1 (proto v11) - received WELCOME
[05:52:34.368] [JOIN] INFO: KenshiCoop: auto-load issued for save 'c' (after 5000 ms settle)
[05:52:37.238] [JOIN] INFO: handshake: peer present id=0 (local id=1)
[05:52:44.681] [JOIN] INFO: KenshiCoop: gameplay started
[05:52:44.681] [JOIN] INFO: SCENARIO spike start
[05:52:44.681] [JOIN] INFO: SPIKE 34 start id=34 host=0
[05:52:44.682] [JOIN] INFO: [gate] hand=1,524536128 host=36 local=65535  agree=0/1 (0%)
[05:52:44.682] [JOIN] INFO: [pose] rest re-arm task 65535 -> 87
[05:52:44.682] [JOIN] INFO: [pose] applyOrder hand=1,1723144576 task=87 subj=514,2909912064,0 det=1 r=2
[05:52:44.682] [JOIN] INFO: [pose] rest re-arm task 65535 -> 87
[05:52:44.682] [JOIN] INFO: [pose] applyOrder hand=1,3996215808 task=87 subj=513,1109374976,0 det=1 r=2
[05:52:44.683] [JOIN] INFO: [authority] suppress NPC hand=3,3090698240 (streamed=5 local=3 supp=1)
[05:52:44.683] [JOIN] INFO: SCENARIO RECV hand=1,2637329152,1,1,3079467776 pos=-51234.47,1547.65,2851.09
[05:52:44.691] [JOIN] INFO: [taskkey] key=87 desc='Operating machine' repro=1 subject=1
[05:52:44.691] [JOIN] INFO: [seatres] HOST task=87 npc=1,1723144576 subj=514,2909912064 ok=1 npcpos=-51206.5,2659.7 subjpos=-51206.5,2659.7 d=0.0
[05:52:44.691] [JOIN] INFO: SCENARIO RECV hand=1,2637329152,1,1,3079467776 pos=-51234.47,1555.93,2851.09
[05:52:44.742] [JOIN] INFO: [taskkey] key=1 desc='Moving' repro=0 subject=1
[05:52:45.029] [JOIN] INFO: [taskkey] key=51 desc='Stand at node' repro=0 subject=1
[05:52:45.118] [JOIN] INFO: [authority] suppress NPC hand=5,1919189504 (streamed=5 local=5 supp=2)
[05:52:45.191] [JOIN] INFO: SCENARIO RECV hand=1,2637329152,1,1,3079467776 pos=-51234.47,1555.93,2851.09
[05:52:45.513] [JOIN] INFO: [seatres] HOST task=87 npc=1,3996215808 subj=513,1109374976 ok=1 npcpos=-51194.2,2657.7 subjpos=-51194.2,2657.7 d=0.0
[05:52:45.691] [JOIN] INFO: SCENARIO RECV hand=1,2637329152,1,1,3079467776 pos=-51234.47,1555.93,2851.09
[05:52:45.691] [JOIN] INFO: SPIKE 34 time role=J t=1015 paused=0 fsm=1.000 hours=0.00000
[05:52:46.194] [JOIN] INFO: SCENARIO RECV hand=1,2637329152,1,1,3079467776 pos=-51234.47,1555.93,2851.09
[05:52:46.688] [JOIN] INFO: [gate] hand=1,524536128 host=36 local=1  agree=513/985 (52%)
[05:52:46.697] [JOIN] INFO: SCENARIO RECV hand=1,2637329152,1,1,3079467776 pos=-51234.47,1555.93,2851.09
[05:52:46.697] [JOIN] INFO: SPIKE 34 time role=J t=2015 paused=0 fsm=1.000 hours=0.00000
[05:52:47.196] [JOIN] INFO: SCENARIO RECV hand=1,2637329152,1,1,3079467776 pos=-51234.47,1555.93,2851.09
[05:52:47.692] [JOIN] INFO: SCENARIO RECV hand=1,2637329152,1,1,3079467776 pos=-51234.47,1555.93,2851.09
[05:52:47.692] [JOIN] INFO: SPIKE 34 time role=J t=3015 paused=0 fsm=1.000 hours=0.00000
[05:52:48.194] [JOIN] INFO: SCENARIO RECV hand=1,2637329152,1,1,3079467776 pos=-51234.47,1555.93,2851.09
[05:52:48.570] [JOIN] INFO: [taskkey] key=141 desc='Following leader' repro=0 subject=1
[05:52:48.694] [JOIN] INFO: [gate] hand=1,524536128 host=36 local=1  agree=1116/1990 (56%)
[05:52:48.694] [JOIN] INFO: SCENARIO RECV hand=1,2637329152,1,1,3079467776 pos=-51234.47,1555.93,2851.09
[05:52:48.694] [JOIN] INFO: SPIKE 34 time role=J t=4015 paused=0 fsm=1.000 hours=0.00000
[05:52:48.922] [JOIN] INFO: [taskkey] key=22 desc='Patrolling' repro=0 subject=0
[05:52:49.080] [JOIN] INFO: [authority] restore NPC hand=3,3090698240 (supp=1)
[05:52:49.198] [JOIN] INFO: SCENARIO RECV hand=1,2637329152,1,1,3079467776 pos=-51234.47,1555.93,2851.09
[05:52:49.720] [JOIN] INFO: SCENARIO RECV hand=1,2637329152,1,1,3079467776 pos=-51234.47,1555.93,2851.09
[05:52:49.720] [JOIN] INFO: SPIKE 34 time role=J t=5031 paused=0 fsm=1.000 hours=0.00000
[05:52:50.207] [JOIN] INFO: SCENARIO RECV hand=1,2637329152,1,1,3079467776 pos=-51231.82,1555.82,2851.84
[05:52:50.700] [JOIN] INFO: [gate] hand=1,524536128 host=36 local=1  agree=2275/5404 (42%)
[05:52:50.707] [JOIN] INFO: SCENARIO RECV hand=1,2637329152,1,1,3079467776 pos=-51231.76,1555.82,2851.84
[05:52:50.707] [JOIN] INFO: SPIKE 34 time role=J t=6031 paused=0 fsm=1.000 hours=0.00000
[05:52:51.207] [JOIN] INFO: SCENARIO RECV hand=1,2637329152,1,1,3079467776 pos=-51231.70,1555.82,2851.84
[05:52:51.708] [JOIN] INFO: SCENARIO RECV hand=1,2637329152,1,1,3079467776 pos=-51231.64,1555.82,2851.83
[05:52:51.708] [JOIN] INFO: SPIKE 34 time role=J t=7031 paused=0 fsm=1.000 hours=0.00000
[05:52:52.207] [JOIN] INFO: SCENARIO RECV hand=1,2637329152,1,1,3079467776 pos=-51231.58,1555.82,2851.83
[05:52:52.707] [JOIN] INFO: [gate] hand=1,524536128 host=36 local=65535  agree=3937/9850 (39%)
[05:52:52.707] [JOIN] INFO: SCENARIO RECV hand=1,2637329152,1,1,3079467776 pos=-51231.54,1555.82,2851.83
[05:52:52.707] [JOIN] INFO: SPIKE 34 time role=J t=8031 paused=0 fsm=1.000 hours=0.00000
[05:52:53.207] [JOIN] INFO: SCENARIO RECV hand=1,2637329152,1,1,3079467776 pos=-51231.48,1555.82,2851.83
[05:52:53.710] [JOIN] INFO: SCENARIO RECV hand=1,2637329152,1,1,3079467776 pos=-51231.45,1555.82,2851.83
[05:52:53.710] [JOIN] INFO: SPIKE 34 time role=J t=9031 paused=1 fsm=0.000 hours=0.00000
[05:52:54.206] [JOIN] INFO: SCENARIO RECV hand=1,2637329152,1,1,3079467776 pos=-51231.45,1555.82,2851.83
[05:52:54.707] [JOIN] INFO: [gate] hand=1,524536128 host=36 local=65535  agree=5565/14494 (38%)
[05:52:54.707] [JOIN] INFO: SCENARIO RECV hand=1,2637329152,1,1,3079467776 pos=-51231.45,1555.82,2851.83
[05:52:54.707] [JOIN] INFO: SPIKE 34 time role=J t=10031 paused=1 fsm=0.000 hours=0.00000
[05:52:55.205] [JOIN] INFO: SCENARIO RECV hand=1,2637329152,1,1,3079467776 pos=-51231.45,1555.82,2851.83
[05:52:55.709] [JOIN] INFO: SCENARIO RECV hand=1,2637329152,1,1,3079467776 pos=-51231.45,1555.82,2851.83
[05:52:55.709] [JOIN] INFO: SPIKE 34 time role=J t=11031 paused=1 fsm=0.000 hours=0.00000
[05:52:56.209] [JOIN] INFO: SCENARIO RECV hand=1,2637329152,1,1,3079467776 pos=-51231.45,1555.82,2851.83
[05:52:56.708] [JOIN] INFO: SCENARIO RECV hand=1,2637329152,1,1,3079467776 pos=-51231.45,1555.82,2851.83
[05:52:56.709] [JOIN] INFO: SPIKE 34 time role=J t=12031 paused=1 fsm=0.000 hours=0.00000
[05:52:56.716] [JOIN] INFO: [gate] hand=1,524536128 host=36 local=65535  agree=6901/19228 (35%)
[05:52:57.210] [JOIN] INFO: SCENARIO RECV hand=1,2637329152,1,1,3079467776 pos=-51231.45,1555.82,2851.83
[05:52:57.705] [JOIN] INFO: SCENARIO RECV hand=1,2637329152,1,1,3079467776 pos=-51231.45,1555.82,2851.83
[05:52:57.705] [JOIN] INFO: SPIKE 34 time role=J t=13031 paused=1 fsm=0.000 hours=0.00000
[05:52:58.205] [JOIN] INFO: SCENARIO RECV hand=1,2637329152,1,1,3079467776 pos=-51231.45,1555.82,2851.83
[05:52:58.706] [JOIN] INFO: SCENARIO RECV hand=1,2637329152,1,1,3079467776 pos=-51231.45,1555.82,2851.83
[05:52:58.706] [JOIN] INFO: SPIKE 34 time role=J t=14031 paused=1 fsm=0.000 hours=0.00000
[05:52:58.722] [JOIN] INFO: [gate] hand=1,524536128 host=36 local=65535  agree=7681/23908 (32%)
[05:52:59.208] [JOIN] INFO: SCENARIO RECV hand=1,2637329152,1,1,3079467776 pos=-51231.45,1555.82,2851.83
[05:52:59.709] [JOIN] INFO: SCENARIO RECV hand=1,2637329152,1,1,3079467776 pos=-51231.45,1555.82,2851.83
[05:52:59.709] [JOIN] INFO: SPIKE 34 time role=J t=15031 paused=1 fsm=0.000 hours=0.00000
[05:53:00.206] [JOIN] INFO: SCENARIO RECV hand=1,2637329152,1,1,3079467776 pos=-51231.45,1555.82,2851.83
[05:53:00.706] [JOIN] INFO: SCENARIO RECV hand=1,2637329152,1,1,3079467776 pos=-51231.45,1555.82,2851.83
[05:53:00.707] [JOIN] INFO: SPIKE 34 time role=J t=16031 paused=1 fsm=0.000 hours=0.00000
[05:53:00.729] [JOIN] INFO: [gate] hand=1,524536128 host=36 local=65535  agree=8464/28606 (29%)
[05:53:01.211] [JOIN] INFO: SCENARIO RECV hand=1,2637329152,1,1,3079467776 pos=-51231.45,1555.82,2851.83
[05:53:01.706] [JOIN] INFO: SCENARIO RECV hand=1,2637329152,1,1,3079467776 pos=-51231.45,1555.82,2851.83
[05:53:01.706] [JOIN] INFO: SPIKE 34 time role=J t=17031 paused=1 fsm=0.000 hours=0.00000
[05:53:02.210] [JOIN] INFO: SCENARIO RECV hand=1,2637329152,1,1,3079467776 pos=-51231.45,1555.82,2851.83
[05:53:02.707] [JOIN] INFO: SCENARIO RECV hand=1,2637329152,1,1,3079467776 pos=-51231.45,1555.82,2851.83
[05:53:02.707] [JOIN] INFO: SPIKE 34 time role=J t=18031 paused=1 fsm=0.000 hours=0.00000
[05:53:02.730] [JOIN] INFO: [gate] hand=1,524536128 host=36 local=65535  agree=9241/33268 (27%)
[05:53:03.208] [JOIN] INFO: SCENARIO RECV hand=1,2637329152,1,1,3079467776 pos=-51231.45,1555.82,2851.83
[05:53:03.709] [JOIN] INFO: SCENARIO RECV hand=1,2637329152,1,1,3079467776 pos=-51231.45,1555.82,2851.83
[05:53:03.709] [JOIN] INFO: SPIKE 34 time role=J t=19031 paused=1 fsm=0.000 hours=0.00000
[05:53:04.207] [JOIN] INFO: SCENARIO RECV hand=1,2637329152,1,1,3079467776 pos=-51231.45,1555.82,2851.83
[05:53:04.707] [JOIN] INFO: SCENARIO RECV hand=1,2637329152,1,1,3079467776 pos=-51231.45,1555.82,2851.83
[05:53:04.707] [JOIN] INFO: SPIKE 34 time role=J t=20031 paused=1 fsm=0.000 hours=0.00000
[05:53:04.738] [JOIN] INFO: [gate] hand=1,524536128 host=36 local=65535  agree=10024/37966 (26%)
[05:53:04.881] [JOIN] INFO: [authority] suppress NPC hand=8,161499024 (streamed=18 local=19 supp=2)
[05:53:05.211] [JOIN] INFO: SCENARIO RECV hand=1,2637329152,1,1,3079467776 pos=-51231.45,1555.82,2851.83
[05:53:05.477] [JOIN] INFO: [authority] suppress NPC hand=3,2274414080 (streamed=17 local=19 supp=3)
[05:53:05.537] [JOIN] INFO: [authority] suppress NPC hand=2,2727661056 (streamed=16 local=19 supp=4)
[05:53:05.710] [JOIN] INFO: SCENARIO RECV hand=1,2637329152,1,1,3079467776 pos=-51231.45,1555.82,2851.83
[05:53:05.710] [JOIN] INFO: SPIKE 34 time role=J t=21031 paused=1 fsm=0.000 hours=0.00000
[05:53:06.209] [JOIN] INFO: SCENARIO RECV hand=1,2637329152,1,1,3079467776 pos=-51231.45,1555.82,2851.83
[05:53:06.443] [JOIN] INFO: [authority] suppress NPC hand=1,524536128 (streamed=15 local=19 supp=5)
[05:53:06.492] [JOIN] INFO: [authority] suppress NPC hand=13,1247436544 (streamed=13 local=19 supp=6)
[05:53:06.492] [JOIN] INFO: [authority] suppress NPC hand=1,3662475520 (streamed=13 local=19 supp=7)
[05:53:06.640] [JOIN] INFO: [authority] suppress NPC hand=11,3073608448 (streamed=12 local=19 supp=8)
[05:53:06.710] [JOIN] INFO: SCENARIO RECV hand=1,2637329152,1,1,3079467776 pos=-51231.45,1555.82,2851.83
[05:53:06.710] [JOIN] INFO: SPIKE 34 time role=J t=22031 paused=1 fsm=0.000 hours=0.00000
[05:53:06.743] [JOIN] INFO: [gate] hand=3,3090698240 host=51 local=1  agree=10830/42070 (25%)
[05:53:06.844] [JOIN] INFO: [authority] suppress NPC hand=10,2733154304 (streamed=11 local=19 supp=9)
[05:53:06.893] [JOIN] INFO: [authority] suppress NPC hand=12,2005004928 (streamed=10 local=19 supp=10)
[05:53:07.042] [JOIN] INFO: [authority] suppress NPC hand=7,3511962880 (streamed=8 local=19 supp=11)
[05:53:07.042] [JOIN] INFO: [authority] suppress NPC hand=4,1159912064 (streamed=8 local=19 supp=12)
[05:53:07.210] [JOIN] INFO: SCENARIO RECV hand=1,2637329152,1,1,3079467776 pos=-51231.45,1555.82,2851.83
[05:53:07.446] [JOIN] INFO: [authority] suppress NPC hand=6,3454589952 (streamed=7 local=19 supp=13)
[05:53:07.702] [JOIN] INFO: [authority] suppress NPC hand=3,3090698240 (streamed=0 local=19 supp=14)
[05:53:07.702] [JOIN] INFO: [authority] suppress NPC hand=1,1723144576 (streamed=0 local=19 supp=15)
[05:53:07.702] [JOIN] INFO: [authority] suppress NPC hand=1,3996215808 (streamed=0 local=19 supp=16)
[05:53:07.702] [JOIN] INFO: [authority] suppress NPC hand=1,2590331904 (streamed=0 local=19 supp=17)
[05:53:07.702] [JOIN] INFO: [authority] suppress NPC hand=1,3808471552 (streamed=0 local=19 supp=18)
[05:53:07.702] [JOIN] INFO: [authority] suppress NPC hand=9,2357666048 (streamed=0 local=19 supp=19)
[05:53:07.708] [JOIN] INFO: SCENARIO RECV hand=1,2637329152,1,1,3079467776 pos=-51231.45,1555.82,2851.83
[05:53:07.708] [JOIN] INFO: SPIKE 34 time role=J t=23031 paused=1 fsm=0.000 hours=0.00000
[05:53:08.206] [JOIN] INFO: SCENARIO RECV hand=1,2637329152,1,1,3079467776 pos=-51231.45,1555.82,2851.83
[05:53:08.709] [JOIN] INFO: SCENARIO RECV hand=1,2637329152,1,1,3079467776 pos=-51231.45,1555.82,2851.83
[05:53:08.709] [JOIN] INFO: SPIKE 34 time role=J t=24031 paused=1 fsm=0.000 hours=0.00000
[05:53:09.210] [JOIN] INFO: SCENARIO RECV hand=1,2637329152,1,1,3079467776 pos=-51231.45,1555.82,2851.83
[05:53:09.705] [JOIN] INFO: SCENARIO RECV hand=1,2637329152,1,1,3079467776 pos=-51231.45,1555.82,2851.83
[05:53:09.705] [JOIN] INFO: SPIKE 34 time role=J t=25031 paused=1 fsm=0.000 hours=0.00000
[05:53:10.210] [JOIN] INFO: SCENARIO RECV hand=1,2637329152,1,1,3079467776 pos=-51231.45,1555.82,2851.83
[05:53:10.707] [JOIN] INFO: SCENARIO RECV hand=1,2637329152,1,1,3079467776 pos=-51231.45,1555.82,2851.83
[05:53:10.707] [JOIN] INFO: SPIKE 34 time role=J t=26031 paused=1 fsm=0.000 hours=0.00000
[05:53:11.151] [JOIN] INFO: [net] disconnected from host
[05:53:11.154] [JOIN] INFO: handshake: peer left id=4294967295
[05:53:11.201] [JOIN] INFO: [net] reconnecting
[05:53:11.208] [JOIN] INFO: SCENARIO RECV hand=1,2637329152,1,1,3079467776 pos=-51231.45,1555.82,2851.83
[05:53:11.705] [JOIN] INFO: SCENARIO RECV hand=1,2637329152,1,1,3079467776 pos=-51231.45,1555.82,2851.83
[05:53:11.705] [JOIN] INFO: SPIKE 34 time role=J t=27031 paused=1 fsm=0.000 hours=0.00000
[05:53:12.208] [JOIN] INFO: SCENARIO RECV hand=1,2637329152,1,1,3079467776 pos=-51231.45,1555.82,2851.83
[05:53:12.707] [JOIN] INFO: SCENARIO RECV hand=1,2637329152,1,1,3079467776 pos=-51231.45,1555.82,2851.83
[05:53:12.707] [JOIN] INFO: SPIKE 34 time role=J t=28031 paused=1 fsm=0.000 hours=0.00000
[05:53:13.210] [JOIN] INFO: SCENARIO RECV hand=1,2637329152,1,1,3079467776 pos=-51231.45,1555.82,2851.83
[05:53:13.710] [JOIN] INFO: SCENARIO RECV hand=1,2637329152,1,1,3079467776 pos=-51231.45,1555.82,2851.83
[05:53:13.710] [JOIN] INFO: SPIKE 34 time role=J t=29031 paused=1 fsm=0.000 hours=0.00000
[05:53:14.209] [JOIN] INFO: SCENARIO RECV hand=1,2637329152,1,1,3079467776 pos=-51231.45,1555.82,2851.83
[05:53:14.676] [JOIN] INFO: KenshiCoop: test duration elapsed; exiting
