[06:16:37.656] [HOST] INFO: log opened
[06:16:37.656] [HOST] INFO: KenshiCoop loaded! (clean rebuild)
[06:16:37.656] [HOST] INFO: KenshiCoop: build Jun 20 2026 06:16:20
[06:16:37.656] [HOST] INFO: KenshiCoop: role=HOST proto=v11 port=27800 save='c'
[06:16:37.706] [HOST] INFO: KenshiCoop: ownership ranks = {0} (bidirectional presence)
[06:16:37.755] [HOST] INFO: KenshiCoop: auto-load armed for save 'c'
[06:16:37.755] [HOST] INFO: KenshiCoop: test mode - self-exit 45 s after gameplay starts
[06:16:37.755] [HOST] INFO: KenshiCoop: scenario armed 'spike'
[06:16:37.756] [HOST] INFO: KenshiCoop: starting as HOST
[06:16:37.756] [HOST] INFO: [net] hosting
[06:16:44.424] [HOST] INFO: KenshiCoop: auto-load issued for save 'c' (after 5000 ms settle)
[06:16:48.304] [HOST] INFO: [net] peer connecting (awaiting HELLO)
[06:16:48.304] [HOST] INFO: [net] peer connected id=1 (proto v11)
[06:16:48.304] [HOST] INFO: handshake: peer present id=1 (local id=0)
[06:16:55.796] [HOST] INFO: KenshiCoop: gameplay started
[06:16:55.796] [HOST] INFO: SCENARIO spike start
[06:16:55.796] [HOST] INFO: SPIKE 37 start id=37 host=1
[06:16:55.798] [HOST] INFO: SCENARIO MEMBER hand=1,2637329152,1,1,3079467776 pos=-51234.47,1547.65,2851.09
[06:16:55.804] [HOST] INFO: SCENARIO MEMBER hand=1,2637329152,1,1,3079467776 pos=-51234.47,1555.93,2851.09
[06:16:55.858] [HOST] INFO: [taskkey] key=1 desc='Moving' repro=0 subject=1
[06:16:56.300] [HOST] INFO: SCENARIO MEMBER hand=1,2637329152,1,1,3079467776 pos=-51234.47,1555.93,2851.09
[06:16:56.800] [HOST] INFO: SCENARIO MEMBER hand=1,2637329152,1,1,3079467776 pos=-51234.47,1555.93,2851.09
[06:16:57.198] [HOST] INFO: [taskkey] key=51 desc='Stand at node' repro=0 subject=1
[06:16:57.301] [HOST] INFO: SCENARIO MEMBER hand=1,2637329152,1,1,3079467776 pos=-51234.47,1555.93,2851.09
[06:16:57.301] [HOST] INFO: SPIKE 37 env role=H t=1516 wind=12.5687 light=1.0000 wa=0 wastr=0.000
[06:16:57.533] [HOST] INFO: [taskkey] key=87 desc='Operating machine' repro=1 subject=1
[06:16:57.533] [HOST] INFO: [seatres] HOST task=87 npc=1,3823120128 subj=514,2909912064 ok=1 npcpos=-51213.3,2657.0 subjpos=-51206.5,2659.7 d=7.3
[06:16:57.803] [HOST] INFO: SCENARIO MEMBER hand=1,2637329152,1,1,3079467776 pos=-51234.47,1555.93,2851.09
[06:16:58.307] [HOST] INFO: SCENARIO MEMBER hand=1,2637329152,1,1,3079467776 pos=-51234.47,1555.93,2851.09
[06:16:58.806] [HOST] INFO: SCENARIO MEMBER hand=1,2637329152,1,1,3079467776 pos=-51234.47,1555.93,2851.09
[06:16:58.806] [HOST] INFO: SPIKE 37 env role=H t=3016 wind=12.5687 light=1.0000 wa=0 wastr=0.000
[06:16:59.301] [HOST] INFO: SCENARIO MEMBER hand=1,2637329152,1,1,3079467776 pos=-51234.47,1555.93,2851.09
[06:16:59.799] [HOST] INFO: SCENARIO MEMBER hand=1,2637329152,1,1,3079467776 pos=-51234.47,1555.93,2851.09
[06:17:00.307] [HOST] INFO: SCENARIO MEMBER hand=1,2637329152,1,1,3079467776 pos=-51234.47,1555.93,2851.09
[06:17:00.307] [HOST] INFO: SPIKE 37 env role=H t=4516 wind=12.5687 light=1.0000 wa=0 wastr=0.000
[06:17:00.800] [HOST] INFO: SCENARIO MEMBER hand=1,2637329152,1,1,3079467776 pos=-51234.47,1555.93,2851.09
[06:17:01.301] [HOST] INFO: SCENARIO MEMBER hand=1,2637329152,1,1,3079467776 pos=-51234.47,1555.93,2851.09
[06:17:01.802] [HOST] INFO: SCENARIO MEMBER hand=1,2637329152,1,1,3079467776 pos=-51234.47,1555.93,2851.09
[06:17:01.802] [HOST] INFO: SPIKE 37 env role=H t=6016 wind=12.5687 light=1.0000 wa=0 wastr=0.000
[06:17:02.304] [HOST] INFO: SCENARIO MEMBER hand=1,2637329152,1,1,3079467776 pos=-51234.47,1555.93,2851.09
[06:17:02.805] [HOST] INFO: SCENARIO MEMBER hand=1,2637329152,1,1,3079467776 pos=-51234.47,1555.93,2851.09
[06:17:03.304] [HOST] INFO: SCENARIO MEMBER hand=1,2637329152,1,1,3079467776 pos=-51234.47,1555.93,2851.09
[06:17:03.304] [HOST] INFO: SPIKE 37 env role=H t=7516 wind=12.5687 light=1.0000 wa=0 wastr=0.000
[06:17:03.802] [HOST] INFO: SCENARIO MEMBER hand=1,2637329152,1,1,3079467776 pos=-51234.47,1555.93,2851.09
[06:17:04.303] [HOST] INFO: SCENARIO MEMBER hand=1,2637329152,1,1,3079467776 pos=-51234.47,1555.93,2851.09
[06:17:04.799] [HOST] INFO: SCENARIO MEMBER hand=1,2637329152,1,1,3079467776 pos=-51234.47,1555.93,2851.09
[06:17:04.799] [HOST] INFO: SPIKE 37 env role=H t=9016 wind=12.5687 light=1.0000 wa=0 wastr=0.000
[06:17:05.300] [HOST] INFO: SCENARIO MEMBER hand=1,2637329152,1,1,3079467776 pos=-51234.47,1555.93,2851.09
[06:17:05.803] [HOST] INFO: SCENARIO MEMBER hand=1,2637329152,1,1,3079467776 pos=-51234.47,1555.93,2851.09
[06:17:06.167] [HOST] INFO: [taskkey] key=141 desc='Following leader' repro=0 subject=1
[06:17:06.307] [HOST] INFO: SCENARIO MEMBER hand=1,2637329152,1,1,3079467776 pos=-51234.47,1555.93,2851.09
[06:17:06.307] [HOST] INFO: SPIKE 37 env role=H t=10516 wind=12.5687 light=1.0000 wa=0 wastr=0.000
[06:17:06.803] [HOST] INFO: SCENARIO MEMBER hand=1,2637329152,1,1,3079467776 pos=-51234.47,1555.93,2851.09
[06:17:07.305] [HOST] INFO: SCENARIO MEMBER hand=1,2637329152,1,1,3079467776 pos=-51234.47,1555.93,2851.09
[06:17:07.802] [HOST] INFO: SCENARIO MEMBER hand=1,2637329152,1,1,3079467776 pos=-51234.47,1555.93,2851.09
[06:17:07.802] [HOST] INFO: SPIKE 37 env role=H t=12016 wind=12.5687 light=1.0000 wa=0 wastr=0.000
[06:17:08.302] [HOST] INFO: SCENARIO MEMBER hand=1,2637329152,1,1,3079467776 pos=-51234.47,1555.93,2851.09
[06:17:08.799] [HOST] INFO: SCENARIO MEMBER hand=1,2637329152,1,1,3079467776 pos=-51234.47,1555.93,2851.09
[06:17:09.301] [HOST] INFO: SCENARIO MEMBER hand=1,2637329152,1,1,3079467776 pos=-51234.47,1555.93,2851.09
[06:17:09.301] [HOST] INFO: SPIKE 37 env role=H t=13516 wind=12.5687 light=1.0000 wa=0 wastr=0.000
[06:17:09.803] [HOST] INFO: SCENARIO MEMBER hand=1,2637329152,1,1,3079467776 pos=-51234.47,1555.93,2851.09
[06:17:10.300] [HOST] INFO: SCENARIO MEMBER hand=1,2637329152,1,1,3079467776 pos=-51234.47,1555.93,2851.09
[06:17:10.803] [HOST] INFO: SCENARIO MEMBER hand=1,2637329152,1,1,3079467776 pos=-51234.47,1555.93,2851.09
[06:17:10.803] [HOST] INFO: SPIKE 37 env role=H t=15016 wind=12.5687 light=1.0000 wa=0 wastr=0.000
[06:17:11.303] [HOST] INFO: SCENARIO MEMBER hand=1,2637329152,1,1,3079467776 pos=-51234.47,1555.93,2851.09
[06:17:11.800] [HOST] INFO: SCENARIO MEMBER hand=1,2637329152,1,1,3079467776 pos=-51234.47,1555.93,2851.09
[06:17:12.303] [HOST] INFO: SCENARIO MEMBER hand=1,2637329152,1,1,3079467776 pos=-51234.47,1555.93,2851.09
[06:17:12.303] [HOST] INFO: SPIKE 37 env role=H t=16516 wind=12.5687 light=1.0000 wa=0 wastr=0.000
[06:17:12.804] [HOST] INFO: SCENARIO MEMBER hand=1,2637329152,1,1,3079467776 pos=-51234.47,1555.93,2851.09
[06:17:13.306] [HOST] INFO: SCENARIO MEMBER hand=1,2637329152,1,1,3079467776 pos=-51234.47,1555.93,2851.09
[06:17:13.799] [HOST] INFO: SCENARIO MEMBER hand=1,2637329152,1,1,3079467776 pos=-51234.47,1555.93,2851.09
[06:17:13.799] [HOST] INFO: SPIKE 37 env role=H t=18016 wind=12.5687 light=1.0000 wa=0 wastr=0.000
[06:17:14.304] [HOST] INFO: SCENARIO MEMBER hand=1,2637329152,1,1,3079467776 pos=-51234.47,1555.93,2851.09
[06:17:14.801] [HOST] INFO: SCENARIO MEMBER hand=1,2637329152,1,1,3079467776 pos=-51234.47,1555.93,2851.09
[06:17:15.299] [HOST] INFO: SCENARIO MEMBER hand=1,2637329152,1,1,3079467776 pos=-51234.47,1555.93,2851.09
[06:17:15.299] [HOST] INFO: SPIKE 37 env role=H t=19516 wind=12.5687 light=1.0000 wa=0 wastr=0.000
[06:17:15.800] [HOST] INFO: SCENARIO MEMBER hand=1,2637329152,1,1,3079467776 pos=-51234.47,1555.93,2851.09
[06:17:16.305] [HOST] INFO: SCENARIO MEMBER hand=1,2637329152,1,1,3079467776 pos=-51234.47,1555.93,2851.09
[06:17:16.804] [HOST] INFO: SCENARIO MEMBER hand=1,2637329152,1,1,3079467776 pos=-51232.90,1555.85,2851.66
[06:17:16.804] [HOST] INFO: SPIKE 37 env role=H t=21016 wind=12.5687 light=1.0000 wa=0 wastr=0.000
[06:17:17.032] [HOST] INFO: [taskkey] key=36 desc='Patrolling town' repro=0 subject=0
[06:17:17.299] [HOST] INFO: SCENARIO MEMBER hand=1,2637329152,1,1,3079467776 pos=-51231.01,1555.89,2851.36
[06:17:17.806] [HOST] INFO: SCENARIO MEMBER hand=1,2637329152,1,1,3079467776 pos=-51230.92,1555.90,2851.29
[06:17:17.887] [HOST] INFO: [taskkey] key=102 desc='Making announcement' repro=0 subject=1
[06:17:18.306] [HOST] INFO: SCENARIO MEMBER hand=1,2637329152,1,1,3079467776 pos=-51230.92,1555.90,2851.29
[06:17:18.306] [HOST] INFO: SPIKE 37 env role=H t=22516 wind=12.5687 light=1.0000 wa=0 wastr=0.000
[06:17:18.802] [HOST] INFO: SCENARIO MEMBER hand=1,2637329152,1,1,3079467776 pos=-51230.92,1555.90,2851.29
[06:17:19.300] [HOST] INFO: SCENARIO MEMBER hand=1,2637329152,1,1,3079467776 pos=-51230.92,1555.90,2851.29
[06:17:19.799] [HOST] INFO: SCENARIO MEMBER hand=1,2637329152,1,1,3079467776 pos=-51230.92,1555.90,2851.29
[06:17:19.799] [HOST] INFO: SPIKE 37 env role=H t=24016 wind=12.5687 light=1.0000 wa=0 wastr=0.000
[06:17:20.306] [HOST] INFO: SCENARIO MEMBER hand=1,2637329152,1,1,3079467776 pos=-51230.92,1555.90,2851.29
[06:17:20.805] [HOST] INFO: SCENARIO MEMBER hand=1,2637329152,1,1,3079467776 pos=-51230.92,1555.90,2851.29
[06:17:21.305] [HOST] INFO: SCENARIO MEMBER hand=1,2637329152,1,1,3079467776 pos=-51230.92,1555.90,2851.29
[06:17:21.305] [HOST] INFO: SPIKE 37 env role=H t=25516 wind=12.5687 light=1.0000 wa=0 wastr=0.000
[06:17:21.805] [HOST] INFO: SCENARIO MEMBER hand=1,2637329152,1,1,3079467776 pos=-51230.92,1555.90,2851.29
[06:17:22.298] [HOST] INFO: SCENARIO MEMBER hand=1,2637329152,1,1,3079467776 pos=-51230.92,1555.90,2851.29
[06:17:22.800] [HOST] INFO: SCENARIO MEMBER hand=1,2637329152,1,1,3079467776 pos=-51230.92,1555.90,2851.29
[06:17:22.800] [HOST] INFO: SPIKE 37 env role=H t=27016 wind=12.5687 light=1.0000 wa=0 wastr=0.000
[06:17:23.299] [HOST] INFO: SCENARIO MEMBER hand=1,2637329152,1,1,3079467776 pos=-51230.92,1555.90,2851.29
[06:17:23.802] [HOST] INFO: SCENARIO MEMBER hand=1,2637329152,1,1,3079467776 pos=-51230.92,1555.90,2851.29
[06:17:24.301] [HOST] INFO: SCENARIO MEMBER hand=1,2637329152,1,1,3079467776 pos=-51230.92,1555.90,2851.29
[06:17:24.301] [HOST] INFO: SPIKE 37 env role=H t=28516 wind=12.5687 light=1.0000 wa=0 wastr=0.000
[06:17:24.805] [HOST] INFO: SCENARIO MEMBER hand=1,2637329152,1,1,3079467776 pos=-51230.92,1555.90,2851.29
[06:17:25.301] [HOST] INFO: SCENARIO MEMBER hand=1,2637329152,1,1,3079467776 pos=-51230.92,1555.90,2851.29
[06:17:25.784] [HOST] INFO: SCENARIO RESULT PASS
