[06:16:48.203] [JOIN] INFO: log opened
[06:16:48.203] [JOIN] INFO: KenshiCoop loaded! (clean rebuild)
[06:16:48.203] [JOIN] INFO: KenshiCoop: build Jun 20 2026 06:16:20
[06:16:48.203] [JOIN] INFO: KenshiCoop: role=JOIN proto=v11 port=27800 save='c'
[06:16:48.250] [JOIN] INFO: KenshiCoop: ownership ranks = {1} (bidirectional presence)
[06:16:48.295] [JOIN] INFO: KenshiCoop: auto-load armed for save 'c'
[06:16:48.295] [JOIN] INFO: KenshiCoop: test mode - self-exit 45 s after gameplay starts
[06:16:48.295] [JOIN] INFO: KenshiCoop: scenario armed 'spike'
[06:16:48.295] [JOIN] INFO: KenshiCoop: starting as CLIENT
[06:16:48.303] [JOIN] INFO: [net] connecting
[06:16:48.303] [JOIN] INFO: [net] connected to host; sent HELLO
[06:16:48.304] [JOIN] INFO: [net] peer connected id=1 (proto v11) - received WELCOME
[06:16:54.675] [JOIN] INFO: KenshiCoop: auto-load issued for save 'c' (after 5000 ms settle)
[06:16:57.432] [JOIN] INFO: handshake: peer present id=0 (local id=1)
[06:17:04.847] [JOIN] INFO: KenshiCoop: gameplay started
[06:17:04.847] [JOIN] INFO: SCENARIO spike start
[06:17:04.847] [JOIN] INFO: SPIKE 37 start id=37 host=0
[06:17:04.849] [JOIN] INFO: [gate] hand=1,3823120128 host=87 local=65535  agree=0/1 (0%)
[06:17:04.849] [JOIN] INFO: [pose] rest re-arm task 65535 -> 87
[06:17:04.849] [JOIN] INFO: [pose] applyOrder hand=1,3823120128 task=87 subj=514,2909912064,0 det=1 r=2
[06:17:04.849] [JOIN] INFO: SCENARIO RECV hand=1,2637329152,1,1,3079467776 pos=-51234.47,1547.65,2851.09
[06:17:04.857] [JOIN] INFO: SCENARIO RECV hand=1,2637329152,1,1,3079467776 pos=-51234.47,1555.93,2851.09
[06:17:04.866] [JOIN] INFO: SCENARIO RECV hand=1,2637329152,1,1,3079467776 pos=-51234.47,1555.93,2851.09
[06:17:04.897] [JOIN] INFO: [taskkey] key=1 desc='Moving' repro=0 subject=0
[06:17:04.981] [JOIN] INFO: [taskkey] key=51 desc='Stand at node' repro=0 subject=1
[06:17:05.291] [JOIN] INFO: [authority] suppress NPC hand=5,1919189504 (streamed=5 local=4 supp=1)
[06:17:05.362] [JOIN] INFO: SCENARIO RECV hand=1,2637329152,1,1,3079467776 pos=-51234.47,1555.93,2851.09
[06:17:05.641] [JOIN] INFO: [authority] suppress NPC hand=1,3996215808 (streamed=5 local=5 supp=2)
[06:17:05.863] [JOIN] INFO: SCENARIO RECV hand=1,2637329152,1,1,3079467776 pos=-51234.47,1555.93,2851.09
[06:17:05.870] [JOIN] INFO: [authority] suppress NPC hand=1,524536128 (streamed=6 local=7 supp=3)
[06:17:06.364] [JOIN] INFO: SCENARIO RECV hand=1,2637329152,1,1,3079467776 pos=-51234.47,1555.93,2851.09
[06:17:06.364] [JOIN] INFO: SPIKE 37 env role=J t=1515 wind=12.5687 light=1.0000 wa=0 wastr=0.000
[06:17:06.373] [JOIN] INFO: [taskkey] key=87 desc='Operating machine' repro=1 subject=1
[06:17:06.373] [JOIN] INFO: [seatres] HOST task=87 npc=1,3823120128 subj=514,2909912064 ok=1 npcpos=-51215.0,2656.4 subjpos=-51206.5,2659.7 d=9.1
[06:17:06.382] [JOIN] INFO: [taskkey] key=141 desc='Following leader' repro=0 subject=1
[06:17:06.856] [JOIN] INFO: [gate] hand=3,3090698240 host=51 local=1  agree=591/1223 (48%)
[06:17:06.864] [JOIN] INFO: SCENARIO RECV hand=1,2637329152,1,1,3079467776 pos=-51234.47,1555.93,2851.09
[06:17:07.361] [JOIN] INFO: SCENARIO RECV hand=1,2637329152,1,1,3079467776 pos=-51234.47,1555.93,2851.09
[06:17:07.545] [JOIN] INFO: [taskkey] key=22 desc='Patrolling' repro=0 subject=0
[06:17:07.863] [JOIN] INFO: SCENARIO RECV hand=1,2637329152,1,1,3079467776 pos=-51234.47,1555.93,2851.09
[06:17:07.863] [JOIN] INFO: SPIKE 37 env role=J t=3015 wind=12.5687 light=1.0000 wa=0 wastr=0.000
[06:17:08.365] [JOIN] INFO: SCENARIO RECV hand=1,2637329152,1,1,3079467776 pos=-51234.47,1555.93,2851.09
[06:17:08.644] [JOIN] INFO: [authority] suppress NPC hand=2,2703369216 (streamed=11 local=14 supp=4)
[06:17:08.859] [JOIN] INFO: [gate] hand=1,1723144576 host=1 local=65535  agree=1669/3325 (50%)
[06:17:08.868] [JOIN] INFO: SCENARIO RECV hand=1,2637329152,1,1,3079467776 pos=-51234.47,1555.93,2851.09
[06:17:09.361] [JOIN] INFO: SCENARIO RECV hand=1,2637329152,1,1,3079467776 pos=-51234.47,1555.93,2851.09
[06:17:09.361] [JOIN] INFO: SPIKE 37 env role=J t=4515 wind=12.5687 light=1.0000 wa=0 wastr=0.000
[06:17:09.865] [JOIN] INFO: SCENARIO RECV hand=1,2637329152,1,1,3079467776 pos=-51234.47,1555.93,2851.09
[06:17:10.365] [JOIN] INFO: SCENARIO RECV hand=1,2637329152,1,1,3079467776 pos=-51234.47,1555.93,2851.09
[06:17:10.865] [JOIN] INFO: [gate] hand=1,1723144576 host=1 local=65535  agree=2602/6662 (39%)
[06:17:10.866] [JOIN] INFO: SCENARIO RECV hand=1,2637329152,1,1,3079467776 pos=-51234.47,1555.93,2851.09
[06:17:10.866] [JOIN] INFO: SPIKE 37 env role=J t=6015 wind=12.5687 light=1.0000 wa=0 wastr=0.000
[06:17:11.365] [JOIN] INFO: SCENARIO RECV hand=1,2637329152,1,1,3079467776 pos=-51234.47,1555.93,2851.09
[06:17:11.865] [JOIN] INFO: SCENARIO RECV hand=1,2637329152,1,1,3079467776 pos=-51234.47,1555.93,2851.09
[06:17:12.366] [JOIN] INFO: SCENARIO RECV hand=1,2637329152,1,1,3079467776 pos=-51234.47,1555.93,2851.09
[06:17:12.366] [JOIN] INFO: SPIKE 37 env role=J t=7515 wind=12.5687 light=1.0000 wa=0 wastr=0.000
[06:17:12.867] [JOIN] INFO: [gate] hand=1,1723144576 host=1 local=65535  agree=3275/10854 (30%)
[06:17:12.867] [JOIN] INFO: SCENARIO RECV hand=1,2637329152,1,1,3079467776 pos=-51234.47,1555.93,2851.09
[06:17:13.363] [JOIN] INFO: SCENARIO RECV hand=1,2637329152,1,1,3079467776 pos=-51234.47,1555.93,2851.09
[06:17:13.863] [JOIN] INFO: SCENARIO RECV hand=1,2637329152,1,1,3079467776 pos=-51234.47,1555.93,2851.09
[06:17:13.863] [JOIN] INFO: SPIKE 37 env role=J t=9015 wind=12.5687 light=1.0000 wa=0 wastr=0.000
[06:17:14.367] [JOIN] INFO: SCENARIO RECV hand=1,2637329152,1,1,3079467776 pos=-51234.47,1555.93,2851.09
[06:17:14.864] [JOIN] INFO: SCENARIO RECV hand=1,2637329152,1,1,3079467776 pos=-51234.47,1555.93,2851.09
[06:17:14.872] [JOIN] INFO: [gate] hand=3,3090698240 host=51 local=1  agree=4287/15000 (28%)
[06:17:15.367] [JOIN] INFO: SCENARIO RECV hand=1,2637329152,1,1,3079467776 pos=-51234.47,1555.93,2851.09
[06:17:15.367] [JOIN] INFO: SPIKE 37 env role=J t=10515 wind=12.5687 light=1.0000 wa=0 wastr=0.000
[06:17:15.865] [JOIN] INFO: SCENARIO RECV hand=1,2637329152,1,1,3079467776 pos=-51234.47,1555.93,2851.09
[06:17:16.364] [JOIN] INFO: SCENARIO RECV hand=1,2637329152,1,1,3079467776 pos=-51234.47,1555.93,2851.09
[06:17:16.866] [JOIN] INFO: SCENARIO RECV hand=1,2637329152,1,1,3079467776 pos=-51232.58,1555.93,2851.12
[06:17:16.866] [JOIN] INFO: SPIKE 37 env role=J t=12015 wind=12.5687 light=1.0000 wa=0 wastr=0.000
[06:17:16.873] [JOIN] INFO: [gate] hand=3,3090698240 host=51 local=1  agree=5224/18952 (27%)
[06:17:17.361] [JOIN] INFO: SCENARIO RECV hand=1,2637329152,1,1,3079467776 pos=-51231.01,1556.08,2850.10
[06:17:17.863] [JOIN] INFO: SCENARIO RECV hand=1,2637329152,1,1,3079467776 pos=-51230.86,1555.91,2851.25
[06:17:18.364] [JOIN] INFO: SCENARIO RECV hand=1,2637329152,1,1,3079467776 pos=-51230.86,1555.91,2851.25
[06:17:18.364] [JOIN] INFO: SPIKE 37 env role=J t=13515 wind=12.5687 light=1.0000 wa=0 wastr=0.000
[06:17:18.868] [JOIN] INFO: SCENARIO RECV hand=1,2637329152,1,1,3079467776 pos=-51230.86,1555.91,2851.25
[06:17:18.876] [JOIN] INFO: [gate] hand=1,1723144576 host=1 local=65535  agree=6695/23212 (28%)
[06:17:19.365] [JOIN] INFO: SCENARIO RECV hand=1,2637329152,1,1,3079467776 pos=-51230.86,1555.91,2851.25
[06:17:19.863] [JOIN] INFO: SCENARIO RECV hand=1,2637329152,1,1,3079467776 pos=-51230.86,1555.91,2851.25
[06:17:19.863] [JOIN] INFO: SPIKE 37 env role=J t=15015 wind=12.5687 light=1.0000 wa=0 wastr=0.000
[06:17:20.364] [JOIN] INFO: SCENARIO RECV hand=1,2637329152,1,1,3079467776 pos=-51230.86,1555.91,2851.25
[06:17:20.869] [JOIN] INFO: SCENARIO RECV hand=1,2637329152,1,1,3079467776 pos=-51230.86,1555.91,2851.25
[06:17:20.877] [JOIN] INFO: [gate] hand=1,1723144576 host=1 local=65535  agree=8734/27445 (31%)
[06:17:21.369] [JOIN] INFO: SCENARIO RECV hand=1,2637329152,1,1,3079467776 pos=-51230.86,1555.91,2851.25
[06:17:21.369] [JOIN] INFO: SPIKE 37 env role=J t=16515 wind=12.5687 light=1.0000 wa=0 wastr=0.000
[06:17:21.867] [JOIN] INFO: SCENARIO RECV hand=1,2637329152,1,1,3079467776 pos=-51230.86,1555.91,2851.25
[06:17:22.365] [JOIN] INFO: SCENARIO RECV hand=1,2637329152,1,1,3079467776 pos=-51230.86,1555.91,2851.25
[06:17:22.864] [JOIN] INFO: SCENARIO RECV hand=1,2637329152,1,1,3079467776 pos=-51230.86,1555.91,2851.25
[06:17:22.864] [JOIN] INFO: SPIKE 37 env role=J t=18015 wind=12.5687 light=1.0000 wa=0 wastr=0.000
[06:17:22.880] [JOIN] INFO: [gate] hand=3,3090698240 host=51 local=1  agree=10774/31680 (34%)
[06:17:23.364] [JOIN] INFO: SCENARIO RECV hand=1,2637329152,1,1,3079467776 pos=-51230.86,1555.91,2851.25
[06:17:23.862] [JOIN] INFO: SCENARIO RECV hand=1,2637329152,1,1,3079467776 pos=-51230.86,1555.91,2851.25
[06:17:24.363] [JOIN] INFO: SCENARIO RECV hand=1,2637329152,1,1,3079467776 pos=-51230.86,1555.91,2851.25
[06:17:24.363] [JOIN] INFO: SPIKE 37 env role=J t=19515 wind=12.5687 light=1.0000 wa=0 wastr=0.000
[06:17:24.864] [JOIN] INFO: SCENARIO RECV hand=1,2637329152,1,1,3079467776 pos=-51230.86,1555.91,2851.25
[06:17:24.890] [JOIN] INFO: [gate] hand=3,3090698240 host=51 local=1  agree=12821/35913 (35%)
[06:17:25.368] [JOIN] INFO: SCENARIO RECV hand=1,2637329152,1,1,3079467776 pos=-51230.86,1555.91,2851.25
[06:17:25.865] [JOIN] INFO: SCENARIO RECV hand=1,2637329152,1,1,3079467776 pos=-51230.86,1555.91,2851.25
[06:17:25.865] [JOIN] INFO: SPIKE 37 env role=J t=21015 wind=12.5687 light=1.0000 wa=0 wastr=0.000
[06:17:26.361] [JOIN] INFO: SCENARIO RECV hand=1,2637329152,1,1,3079467776 pos=-51230.86,1555.91,2851.25
[06:17:26.868] [JOIN] INFO: SCENARIO RECV hand=1,2637329152,1,1,3079467776 pos=-51230.86,1555.91,2851.25
[06:17:26.893] [JOIN] INFO: [gate] hand=1,1723144576 host=1 local=65535  agree=14822/40025 (37%)
[06:17:27.368] [JOIN] INFO: SCENARIO RECV hand=1,2637329152,1,1,3079467776 pos=-51230.86,1555.91,2851.25
[06:17:27.368] [JOIN] INFO: SPIKE 37 env role=J t=22515 wind=12.5687 light=1.0000 wa=0 wastr=0.000
[06:17:27.866] [JOIN] INFO: SCENARIO RECV hand=1,2637329152,1,1,3079467776 pos=-51230.86,1555.91,2851.25
[06:17:28.364] [JOIN] INFO: SCENARIO RECV hand=1,2637329152,1,1,3079467776 pos=-51230.86,1555.91,2851.25
[06:17:28.863] [JOIN] INFO: SCENARIO RECV hand=1,2637329152,1,1,3079467776 pos=-51230.86,1555.91,2851.25
[06:17:28.863] [JOIN] INFO: SPIKE 37 env role=J t=24015 wind=12.5687 light=1.0000 wa=0 wastr=0.000
[06:17:28.897] [JOIN] INFO: [gate] hand=3,3090698240 host=51 local=1  agree=16874/44243 (38%)
[06:17:29.366] [JOIN] INFO: SCENARIO RECV hand=1,2637329152,1,1,3079467776 pos=-51230.86,1555.91,2851.25
[06:17:29.866] [JOIN] INFO: SCENARIO RECV hand=1,2637329152,1,1,3079467776 pos=-51230.86,1555.91,2851.25
[06:17:30.368] [JOIN] INFO: SCENARIO RECV hand=1,2637329152,1,1,3079467776 pos=-51230.86,1555.91,2851.25
[06:17:30.368] [JOIN] INFO: SPIKE 37 env role=J t=25515 wind=12.5687 light=1.0000 wa=0 wastr=0.000
[06:17:30.863] [JOIN] INFO: SCENARIO RECV hand=1,2637329152,1,1,3079467776 pos=-51230.86,1555.91,2851.25
[06:17:30.899] [JOIN] INFO: [gate] hand=3,3090698240 host=51 local=1  agree=19004/48476 (39%)
[06:17:31.367] [JOIN] INFO: SCENARIO RECV hand=1,2637329152,1,1,3079467776 pos=-51230.86,1555.91,2851.25
[06:17:31.635] [JOIN] INFO: [authority] suppress NPC hand=1,3808471552 (streamed=18 local=22 supp=5)
[06:17:31.793] [JOIN] INFO: [authority] suppress NPC hand=1,3823120128 (streamed=0 local=22 supp=6)
[06:17:31.793] [JOIN] INFO: [authority] suppress NPC hand=1,1723144576 (streamed=0 local=22 supp=7)
[06:17:31.793] [JOIN] INFO: [authority] suppress NPC hand=1,2590331904 (streamed=0 local=22 supp=8)
[06:17:31.793] [JOIN] INFO: [authority] suppress NPC hand=7,3511962880 (streamed=0 local=22 supp=9)
[06:17:31.793] [JOIN] INFO: [authority] suppress NPC hand=1,3662475520 (streamed=0 local=22 supp=10)
[06:17:31.793] [JOIN] INFO: [authority] suppress NPC hand=10,2733154304 (streamed=0 local=22 supp=11)
[06:17:31.793] [JOIN] INFO: [authority] suppress NPC hand=6,3454589952 (streamed=0 local=22 supp=12)
[06:17:31.793] [JOIN] INFO: [authority] suppress NPC hand=9,2357666048 (streamed=0 local=22 supp=13)
[06:17:31.793] [JOIN] INFO: [authority] suppress NPC hand=8,161499024 (streamed=0 local=22 supp=14)
[06:17:31.793] [JOIN] INFO: [authority] suppress NPC hand=2,2727661056 (streamed=0 local=22 supp=15)
[06:17:31.793] [JOIN] INFO: [authority] suppress NPC hand=11,3073608448 (streamed=0 local=22 supp=16)
[06:17:31.793] [JOIN] INFO: [authority] suppress NPC hand=13,1247436544 (streamed=0 local=22 supp=17)
[06:17:31.793] [JOIN] INFO: [authority] suppress NPC hand=12,2005004928 (streamed=0 local=22 supp=18)
[06:17:31.793] [JOIN] INFO: [authority] suppress NPC hand=3,2274414080 (streamed=0 local=22 supp=19)
[06:17:31.793] [JOIN] INFO: [authority] suppress NPC hand=4,1159912064 (streamed=0 local=22 supp=20)
[06:17:31.793] [JOIN] INFO: [authority] suppress NPC hand=1,3688842752 (streamed=0 local=22 supp=21)
[06:17:31.793] [JOIN] INFO: [authority] suppress NPC hand=3,3090698240 (streamed=0 local=22 supp=22)
[06:17:31.865] [JOIN] INFO: SCENARIO RECV hand=1,2637329152,1,1,3079467776 pos=-51230.86,1555.91,2851.25
[06:17:31.865] [JOIN] INFO: SPIKE 37 env role=J t=27015 wind=12.5687 light=1.0000 wa=0 wastr=0.000
[06:17:32.362] [JOIN] INFO: SCENARIO RECV hand=1,2637329152,1,1,3079467776 pos=-51230.86,1555.91,2851.25
[06:17:32.865] [JOIN] INFO: SCENARIO RECV hand=1,2637329152,1,1,3079467776 pos=-51230.86,1555.91,2851.25
[06:17:33.365] [JOIN] INFO: SCENARIO RECV hand=1,2637329152,1,1,3079467776 pos=-51230.86,1555.91,2851.25
[06:17:33.365] [JOIN] INFO: SPIKE 37 env role=J t=28515 wind=12.5687 light=1.0000 wa=0 wastr=0.000
[06:17:33.867] [JOIN] INFO: SCENARIO RECV hand=1,2637329152,1,1,3079467776 pos=-51230.86,1555.91,2851.25
[06:17:34.365] [JOIN] INFO: SCENARIO RECV hand=1,2637329152,1,1,3079467776 pos=-51230.86,1555.91,2851.25
[06:17:34.851] [JOIN] INFO: SCENARIO SMOOTH active=12907 zeroWhileActive=1890 zeroFrac=0.146 maxStep=134.398
[06:17:34.851] [JOIN] INFO: SCENARIO ANIM translate=10932 walkTruth=10774 floatFrac=0.014
[06:17:34.851] [JOIN] INFO: SCENARIO MARCH restSamples=41088 march=153 marchFrac=0.004
[06:17:34.851] [JOIN] INFO: SCENARIO RESULT PASS
[06:17:35.635] [JOIN] INFO: [net] disconnected from host
[06:17:35.637] [JOIN] INFO: handshake: peer left id=4294967295
[06:17:35.686] [JOIN] INFO: [net] reconnecting
