[09:13:42.221] [HOST] INFO: log opened
[09:13:42.221] [HOST] INFO: KenshiCoop loaded! (clean rebuild)
[09:13:42.221] [HOST] INFO: KenshiCoop: build Jun 20 2026 09:13:10
[09:13:42.221] [HOST] INFO: KenshiCoop: role=HOST proto=v11 port=27800 save='c'
[09:13:42.263] [HOST] INFO: KenshiCoop: ownership ranks = {0} (bidirectional presence)
[09:13:42.305] [HOST] INFO: KenshiCoop: auto-load armed for save 'c'
[09:13:42.305] [HOST] INFO: KenshiCoop: test mode - self-exit 68 s after gameplay starts
[09:13:42.305] [HOST] INFO: KenshiCoop: scenario armed 'spike'
[09:13:42.305] [HOST] INFO: KenshiCoop: starting as HOST
[09:13:42.305] [HOST] INFO: [net] hosting
[09:13:49.262] [HOST] INFO: KenshiCoop: auto-load issued for save 'c' (after 5000 ms settle)
[09:13:53.425] [HOST] INFO: [net] peer connecting (awaiting HELLO)
[09:13:53.426] [HOST] INFO: [net] peer connected id=1 (proto v11)
[09:13:53.764] [HOST] INFO: handshake: peer present id=1 (local id=0)
[09:14:01.848] [HOST] INFO: KenshiCoop: gameplay started
[09:14:01.848] [HOST] INFO: SCENARIO spike start
[09:14:01.848] [HOST] INFO: SPIKE 54 start id=54 host=1 perSide=8
[09:14:01.849] [HOST] INFO: SCENARIO MEMBER hand=1,2637329152,1,1,3079467776 pos=-51234.47,1547.65,2851.09
[09:14:01.849] [HOST] INFO: SPIKE 54 smoke leader hand=1,2637329152,1,1,3079467776 pos=-51234.5,1547.6,2851.1
[09:14:01.856] [HOST] INFO: SCENARIO MEMBER hand=1,2637329152,1,1,3079467776 pos=-51234.47,1555.93,2851.09
[09:14:01.864] [HOST] INFO: SCENARIO MEMBER hand=1,2637329152,1,1,3079467776 pos=-51234.47,1555.93,2851.09
[09:14:01.892] [HOST] INFO: [taskkey] key=87 desc='Operating machine' repro=1 subject=1
[09:14:01.892] [HOST] INFO: [seatres] HOST task=87 npc=1,1723144576 subj=514,2909912064 ok=1 npcpos=-51206.5,2659.7 subjpos=-51206.5,2659.7 d=0.0
[09:14:01.954] [HOST] INFO: [taskkey] key=1 desc='Moving' repro=0 subject=1
[09:14:01.959] [HOST] INFO: [taskkey] key=51 desc='Stand at node' repro=0 subject=1
[09:14:02.365] [HOST] INFO: SCENARIO MEMBER hand=1,2637329152,1,1,3079467776 pos=-51234.47,1555.93,2851.09
[09:14:02.866] [HOST] INFO: SCENARIO MEMBER hand=1,2637329152,1,1,3079467776 pos=-51234.47,1555.93,2851.09
[09:14:03.362] [HOST] INFO: SCENARIO MEMBER hand=1,2637329152,1,1,3079467776 pos=-51234.47,1555.93,2851.09
[09:14:03.362] [HOST] INFO: SETUP(lethal): red=000000000520E550 blue=0000000005222210 hostile=1 (existing factions)
[09:14:03.364] [HOST] INFO: SETUP(lethal): perSide=8 red=8 blue=8 orders=16
[09:14:03.364] [HOST] INFO: SPIKE 54 lethal spawned perSide=8 total=16
[09:14:03.365] [HOST] INFO: SPIKE 54 lethal r(a8 f0 d0 x0) b(a8 f0 d0 x0) tgtEnemy=0 tgtFriend=0 t=1515
[09:14:03.370] [HOST] INFO: [taskkey] key=6 desc='Equipping weapon' repro=0 subject=1
[09:14:03.538] [HOST] INFO: [taskkey] key=61 desc='Attacking target unprovoked' repro=0 subject=1
[09:14:03.866] [HOST] INFO: SCENARIO MEMBER hand=1,2637329152,1,1,3079467776 pos=-51234.53,1557.64,2837.49
[09:14:03.981] [HOST] INFO: [taskkey] key=4 desc='Attacking' repro=0 subject=1
[09:14:04.369] [HOST] INFO: SCENARIO MEMBER hand=1,2637329152,1,1,3079467776 pos=-51235.81,1557.84,2835.37
[09:14:04.869] [HOST] INFO: SCENARIO MEMBER hand=1,2637329152,1,1,3079467776 pos=-51237.64,1557.93,2834.97
[09:14:04.869] [HOST] INFO: SPIKE 54 lethal r(a8 f8 d0 x0) b(a8 f8 d0 x0) tgtEnemy=16 tgtFriend=0 t=3015
[09:14:05.362] [HOST] INFO: SCENARIO MEMBER hand=1,2637329152,1,1,3079467776 pos=-51238.85,1558.12,2833.82
[09:14:05.867] [HOST] INFO: SCENARIO MEMBER hand=1,2637329152,1,1,3079467776 pos=-51239.77,1558.18,2833.72
[09:14:06.365] [HOST] INFO: SCENARIO MEMBER hand=1,2637329152,1,1,3079467776 pos=-51243.20,1557.99,2836.81
[09:14:06.365] [HOST] INFO: SPIKE 54 lethal r(a8 f8 d0 x0) b(a8 f8 d0 x0) tgtEnemy=16 tgtFriend=0 t=4515
[09:14:06.862] [HOST] INFO: SCENARIO MEMBER hand=1,2637329152,1,1,3079467776 pos=-51243.48,1557.95,2837.27
[09:14:07.369] [HOST] INFO: SCENARIO MEMBER hand=1,2637329152,1,1,3079467776 pos=-51243.64,1557.97,2837.21
[09:14:07.861] [HOST] INFO: SCENARIO MEMBER hand=1,2637329152,1,1,3079467776 pos=-51246.30,1558.36,2835.12
[09:14:07.861] [HOST] INFO: SPIKE 54 lethal r(a8 f8 d0 x0) b(a8 f8 d0 x0) tgtEnemy=16 tgtFriend=0 t=6015
[09:14:08.366] [HOST] INFO: SCENARIO MEMBER hand=1,2637329152,1,1,3079467776 pos=-51246.30,1558.36,2835.12
[09:14:08.865] [HOST] INFO: SCENARIO MEMBER hand=1,2637329152,1,1,3079467776 pos=-51246.64,1558.45,2834.73
[09:14:09.363] [HOST] INFO: SCENARIO MEMBER hand=1,2637329152,1,1,3079467776 pos=-51246.74,1558.48,2834.55
[09:14:09.363] [HOST] INFO: SPIKE 54 lethal r(a8 f8 d0 x0) b(a8 f8 d0 x0) tgtEnemy=16 tgtFriend=0 t=7515
[09:14:09.863] [HOST] INFO: SCENARIO MEMBER hand=1,2637329152,1,1,3079467776 pos=-51246.74,1558.48,2834.55
[09:14:10.362] [HOST] INFO: SCENARIO MEMBER hand=1,2637329152,1,1,3079467776 pos=-51246.74,1558.48,2834.55
[09:14:10.868] [HOST] INFO: SCENARIO MEMBER hand=1,2637329152,1,1,3079467776 pos=-51246.71,1558.53,2834.06
[09:14:10.868] [HOST] INFO: SPIKE 54 lethal r(a8 f8 d0 x0) b(a8 f8 d0 x0) tgtEnemy=16 tgtFriend=0 t=9015
[09:14:11.363] [HOST] INFO: SCENARIO MEMBER hand=1,2637329152,1,1,3079467776 pos=-51246.71,1558.60,2833.46
[09:14:11.870] [HOST] INFO: SCENARIO MEMBER hand=1,2637329152,1,1,3079467776 pos=-51246.74,1558.63,2833.23
[09:14:12.370] [HOST] INFO: SCENARIO MEMBER hand=1,2637329152,1,1,3079467776 pos=-51246.82,1558.75,2832.33
[09:14:12.370] [HOST] INFO: SPIKE 54 lethal r(a8 f8 d0 x0) b(a8 f8 d0 x0) tgtEnemy=16 tgtFriend=0 t=10515
[09:14:12.865] [HOST] INFO: SCENARIO MEMBER hand=1,2637329152,1,1,3079467776 pos=-51246.82,1558.75,2832.33
[09:14:13.370] [HOST] INFO: SCENARIO MEMBER hand=1,2637329152,1,1,3079467776 pos=-51246.82,1558.75,2832.33
[09:14:13.862] [HOST] INFO: SCENARIO MEMBER hand=1,2637329152,1,1,3079467776 pos=-51246.82,1558.75,2832.33
[09:14:13.863] [HOST] INFO: SPIKE 54 lethal r(a8 f8 d0 x0) b(a8 f8 d0 x0) tgtEnemy=16 tgtFriend=0 t=12015
[09:14:14.019] [HOST] INFO: [event] SEND id=1 ev=1 hand=1,25,776611328,1,1365966848 actor=6,3454589952 bs 0->1
[09:14:14.367] [HOST] INFO: SCENARIO MEMBER hand=1,2637329152,1,1,3079467776 pos=-51246.82,1558.75,2832.33
[09:14:14.864] [HOST] INFO: SCENARIO MEMBER hand=1,2637329152,1,1,3079467776 pos=-51246.82,1558.75,2832.33
[09:14:15.366] [HOST] INFO: SCENARIO MEMBER hand=1,2637329152,1,1,3079467776 pos=-51246.82,1558.75,2832.33
[09:14:15.366] [HOST] INFO: SPIKE 54 lethal r(a8 f7 d1 x0) b(a8 f8 d0 x0) tgtEnemy=15 tgtFriend=0 t=13515
[09:14:15.868] [HOST] INFO: SCENARIO MEMBER hand=1,2637329152,1,1,3079467776 pos=-51246.82,1558.75,2832.33
[09:14:16.368] [HOST] INFO: SCENARIO MEMBER hand=1,2637329152,1,1,3079467776 pos=-51246.82,1558.75,2832.33
[09:14:16.865] [HOST] INFO: SCENARIO MEMBER hand=1,2637329152,1,1,3079467776 pos=-51246.82,1558.75,2832.33
[09:14:16.865] [HOST] INFO: SPIKE 54 lethal r(a8 f7 d1 x0) b(a8 f8 d0 x0) tgtEnemy=15 tgtFriend=0 t=15015
[09:14:17.366] [HOST] INFO: SCENARIO MEMBER hand=1,2637329152,1,1,3079467776 pos=-51246.82,1558.75,2832.33
[09:14:17.866] [HOST] INFO: SCENARIO MEMBER hand=1,2637329152,1,1,3079467776 pos=-51246.82,1558.75,2832.33
[09:14:18.362] [HOST] INFO: SCENARIO MEMBER hand=1,2637329152,1,1,3079467776 pos=-51246.82,1558.75,2832.33
[09:14:18.362] [HOST] INFO: SPIKE 54 lethal r(a8 f7 d1 x0) b(a8 f8 d0 x0) tgtEnemy=15 tgtFriend=0 t=16515
[09:14:18.867] [HOST] INFO: SCENARIO MEMBER hand=1,2637329152,1,1,3079467776 pos=-51246.82,1558.75,2832.33
[09:14:19.365] [HOST] INFO: SCENARIO MEMBER hand=1,2637329152,1,1,3079467776 pos=-51246.82,1558.75,2832.33
[09:14:19.466] [HOST] INFO: [event] SEND id=2 ev=1 hand=1,29,160034176,1,669921856 actor=1,1673339904 bs 0->1
[09:14:19.870] [HOST] INFO: SCENARIO MEMBER hand=1,2637329152,1,1,3079467776 pos=-51246.82,1558.75,2832.33
[09:14:19.870] [HOST] INFO: SPIKE 54 lethal r(a8 f6 d2 x0) b(a8 f4 d0 x0) tgtEnemy=10 tgtFriend=0 t=18015
[09:14:20.363] [HOST] INFO: SCENARIO MEMBER hand=1,2637329152,1,1,3079467776 pos=-51246.82,1558.75,2832.33
[09:14:20.753] [HOST] INFO: [event] SEND id=3 ev=1 hand=1,9,2430419968,8,161499024 actor=3,3090698240 bs 0->1
[09:14:20.868] [HOST] INFO: SCENARIO MEMBER hand=1,2637329152,1,1,3079467776 pos=-51246.82,1558.75,2832.33
[09:14:21.871] [HOST] INFO: SCENARIO MEMBER hand=1,2637329152,1,1,3079467776 pos=-51246.82,1558.75,2832.33
[09:14:21.872] [HOST] INFO: SPIKE 54 lethal r(a8 f6 d2 x0) b(a8 f8 d0 x0) tgtEnemy=14 tgtFriend=0 t=20015
[09:14:22.370] [HOST] INFO: SCENARIO MEMBER hand=1,2637329152,1,1,3079467776 pos=-51246.82,1558.75,2832.33
[09:14:22.899] [HOST] INFO: SCENARIO MEMBER hand=1,2637329152,1,1,3079467776 pos=-51246.82,1558.75,2832.33
[09:14:23.403] [HOST] INFO: SCENARIO MEMBER hand=1,2637329152,1,1,3079467776 pos=-51246.82,1558.75,2832.33
[09:14:23.403] [HOST] INFO: SPIKE 54 lethal r(a8 f6 d2 x0) b(a8 f8 d0 x0) tgtEnemy=14 tgtFriend=0 t=21547
[09:14:23.903] [HOST] INFO: SCENARIO MEMBER hand=1,2637329152,1,1,3079467776 pos=-51246.82,1558.75,2832.33
[09:14:24.394] [HOST] INFO: SCENARIO MEMBER hand=1,2637329152,1,1,3079467776 pos=-51246.82,1558.75,2832.33
[09:14:25.025] [HOST] INFO: SCENARIO MEMBER hand=1,2637329152,1,1,3079467776 pos=-51246.82,1558.75,2832.33
[09:14:25.025] [HOST] INFO: SPIKE 54 lethal r(a8 f6 d2 x0) b(a8 f8 d0 x0) tgtEnemy=14 tgtFriend=0 t=23172
[09:14:25.584] [HOST] INFO: SCENARIO MEMBER hand=1,2637329152,1,1,3079467776 pos=-51246.82,1558.75,2832.33
[09:14:26.085] [HOST] INFO: SCENARIO MEMBER hand=1,2637329152,1,1,3079467776 pos=-51246.82,1558.75,2832.33
[09:14:26.580] [HOST] INFO: SCENARIO MEMBER hand=1,2637329152,1,1,3079467776 pos=-51246.82,1558.75,2832.33
[09:14:26.580] [HOST] INFO: SPIKE 54 lethal r(a8 f6 d2 x0) b(a8 f8 d0 x0) tgtEnemy=14 tgtFriend=0 t=24734
[09:14:27.214] [HOST] INFO: SCENARIO MEMBER hand=1,2637329152,1,1,3079467776 pos=-51246.82,1558.75,2832.33
[09:14:27.709] [HOST] INFO: SCENARIO MEMBER hand=1,2637329152,1,1,3079467776 pos=-51246.82,1558.75,2832.33
[09:14:28.257] [HOST] INFO: SCENARIO MEMBER hand=1,2637329152,1,1,3079467776 pos=-51246.82,1558.75,2832.33
[09:14:28.257] [HOST] INFO: SPIKE 54 lethal r(a8 f6 d2 x0) b(a8 f8 d0 x0) tgtEnemy=14 tgtFriend=0 t=26406
[09:14:28.756] [HOST] INFO: SCENARIO MEMBER hand=1,2637329152,1,1,3079467776 pos=-51246.82,1558.75,2832.33
[09:14:28.805] [HOST] INFO: [event] SEND id=4 ev=1 hand=1,30,1277832064,1,1124389632 actor=1,3143188480 bs 0->1
[09:14:29.040] [HOST] INFO: [taskkey] key=147 desc='Stumbling' repro=0 subject=0
[09:14:29.256] [HOST] INFO: SCENARIO MEMBER hand=1,2637329152,1,1,3079467776 pos=-51246.82,1558.75,2832.33
[09:14:29.752] [HOST] INFO: SCENARIO MEMBER hand=1,2637329152,1,1,3079467776 pos=-51246.82,1558.75,2832.33
[09:14:29.753] [HOST] INFO: SPIKE 54 lethal r(a8 f6 d2 x0) b(a8 f7 d1 x0) tgtEnemy=13 tgtFriend=0 t=27906
[09:14:30.460] [HOST] INFO: SCENARIO MEMBER hand=1,2637329152,1,1,3079467776 pos=-51246.82,1558.75,2832.33
[09:14:31.006] [HOST] INFO: SCENARIO MEMBER hand=1,2637329152,1,1,3079467776 pos=-51246.82,1558.75,2832.33
[09:14:31.566] [HOST] INFO: SCENARIO MEMBER hand=1,2637329152,1,1,3079467776 pos=-51246.82,1558.75,2832.33
[09:14:31.566] [HOST] INFO: SPIKE 54 lethal r(a8 f6 d2 x0) b(a8 f7 d1 x0) tgtEnemy=13 tgtFriend=0 t=29718
[09:14:31.939] [HOST] INFO: [event] SEND id=5 ev=1 hand=1,27,1613159168,1,3692382720 actor=1,1673339904 bs 0->9
[09:14:32.066] [HOST] INFO: SCENARIO MEMBER hand=1,2637329152,1,1,3079467776 pos=-51246.82,1558.75,2832.33
[09:14:32.611] [HOST] INFO: SCENARIO MEMBER hand=1,2637329152,1,1,3079467776 pos=-51246.82,1558.75,2832.33
[09:14:33.117] [HOST] INFO: SCENARIO MEMBER hand=1,2637329152,1,1,3079467776 pos=-51246.82,1558.75,2832.33
[09:14:33.117] [HOST] INFO: SPIKE 54 lethal r(a8 f4 d3 x0) b(a8 f6 d1 x0) tgtEnemy=10 tgtFriend=0 t=31265
[09:14:33.633] [HOST] INFO: SCENARIO MEMBER hand=1,2637329152,1,1,3079467776 pos=-51246.82,1558.75,2832.33
[09:14:34.192] [HOST] INFO: SCENARIO MEMBER hand=1,2637329152,1,1,3079467776 pos=-51246.82,1558.75,2832.33
[09:14:34.696] [HOST] INFO: SCENARIO MEMBER hand=1,2637329152,1,1,3079467776 pos=-51246.82,1558.75,2832.33
[09:14:34.696] [HOST] INFO: SPIKE 54 lethal r(a8 f4 d3 x0) b(a8 f7 d1 x0) tgtEnemy=11 tgtFriend=0 t=32843
[09:14:35.194] [HOST] INFO: SCENARIO MEMBER hand=1,2637329152,1,1,3079467776 pos=-51246.82,1558.75,2832.33
[09:14:35.275] [HOST] INFO: [event] SEND id=6 ev=1 hand=1,9,2430419968,2,2727661056 actor=5,1919189504 bs 0->1
[09:14:35.691] [HOST] INFO: SCENARIO MEMBER hand=1,2637329152,1,1,3079467776 pos=-51246.82,1558.75,2832.33
[09:14:35.772] [HOST] INFO: [taskkey] key=52 desc='Waking up' repro=0 subject=0
[09:14:36.421] [HOST] INFO: SCENARIO MEMBER hand=1,2637329152,1,1,3079467776 pos=-51246.82,1558.75,2832.33
[09:14:36.421] [HOST] INFO: SPIKE 54 lethal r(a8 f5 d3 x0) b(a8 f6 d1 x0) tgtEnemy=11 tgtFriend=0 t=34562
[09:14:36.968] [HOST] INFO: SCENARIO MEMBER hand=1,2637329152,1,1,3079467776 pos=-51246.82,1558.75,2832.33
[09:14:37.462] [HOST] INFO: SCENARIO MEMBER hand=1,2637329152,1,1,3079467776 pos=-51246.82,1558.75,2832.33
[09:14:38.017] [HOST] INFO: SCENARIO MEMBER hand=1,2637329152,1,1,3079467776 pos=-51246.82,1558.75,2832.33
[09:14:38.017] [HOST] INFO: SPIKE 54 lethal r(a8 f5 d3 x0) b(a8 f6 d1 x0) tgtEnemy=11 tgtFriend=0 t=36156
[09:14:38.507] [HOST] INFO: SCENARIO MEMBER hand=1,2637329152,1,1,3079467776 pos=-51246.82,1558.75,2832.33
[09:14:39.091] [HOST] INFO: SCENARIO MEMBER hand=1,2637329152,1,1,3079467776 pos=-51246.82,1558.75,2832.33
[09:14:39.636] [HOST] INFO: SCENARIO MEMBER hand=1,2637329152,1,1,3079467776 pos=-51246.82,1558.75,2832.33
[09:14:39.637] [HOST] INFO: SPIKE 54 lethal r(a8 f5 d3 x0) b(a8 f6 d1 x0) tgtEnemy=11 tgtFriend=0 t=37781
[09:14:40.182] [HOST] INFO: SCENARIO MEMBER hand=1,2637329152,1,1,3079467776 pos=-51246.82,1558.75,2832.33
[09:14:40.679] [HOST] INFO: SCENARIO MEMBER hand=1,2637329152,1,1,3079467776 pos=-51246.82,1558.75,2832.33
[09:14:40.837] [HOST] INFO: [event] SEND id=7 ev=1 hand=1,23,3956420864,1,3332397568 actor=1,3042480384 bs 0->1
[09:14:41.178] [HOST] INFO: SCENARIO MEMBER hand=1,2637329152,1,1,3079467776 pos=-51246.82,1558.75,2832.33
[09:14:41.178] [HOST] INFO: SPIKE 54 lethal r(a8 f5 d4 x0) b(a8 f7 d1 x0) tgtEnemy=12 tgtFriend=0 t=39328
[09:14:41.675] [HOST] INFO: SCENARIO MEMBER hand=1,2637329152,1,1,3079467776 pos=-51246.82,1558.75,2832.33
[09:14:42.334] [HOST] INFO: SCENARIO MEMBER hand=1,2637329152,1,1,3079467776 pos=-51246.82,1558.75,2832.33
[09:14:42.714] [HOST] INFO: [event] SEND id=8 ev=1 hand=1,9,2430419968,9,2357666048 actor=2,2703369216 bs 0->1
[09:14:42.834] [HOST] INFO: SCENARIO MEMBER hand=1,2637329152,1,1,3079467776 pos=-51246.82,1558.75,2832.33
[09:14:42.834] [HOST] INFO: SPIKE 54 lethal r(a8 f5 d4 x0) b(a8 f6 d1 x0) tgtEnemy=11 tgtFriend=0 t=40984
[09:14:43.355] [HOST] INFO: SCENARIO MEMBER hand=1,2637329152,1,1,3079467776 pos=-51246.82,1558.75,2832.33
[09:14:43.899] [HOST] INFO: SCENARIO MEMBER hand=1,2637329152,1,1,3079467776 pos=-51246.82,1558.75,2832.33
[09:14:44.445] [HOST] INFO: SCENARIO MEMBER hand=1,2637329152,1,1,3079467776 pos=-51246.82,1558.75,2832.33
[09:14:44.445] [HOST] INFO: SPIKE 54 lethal r(a8 f5 d4 x0) b(a8 f7 d1 x0) tgtEnemy=12 tgtFriend=0 t=42593
[09:14:45.007] [HOST] INFO: SCENARIO MEMBER hand=1,2637329152,1,1,3079467776 pos=-51246.82,1558.75,2832.33
[09:14:45.503] [HOST] INFO: SCENARIO MEMBER hand=1,2637329152,1,1,3079467776 pos=-51246.82,1558.75,2832.33
[09:14:46.053] [HOST] INFO: SCENARIO MEMBER hand=1,2637329152,1,1,3079467776 pos=-51246.82,1558.75,2832.33
[09:14:46.053] [HOST] INFO: SPIKE 54 lethal r(a8 f5 d4 x0) b(a8 f6 d1 x0) tgtEnemy=11 tgtFriend=0 t=44203
[09:14:46.551] [HOST] INFO: SCENARIO MEMBER hand=1,2637329152,1,1,3079467776 pos=-51246.82,1558.75,2832.33
[09:14:47.075] [HOST] INFO: SCENARIO MEMBER hand=1,2637329152,1,1,3079467776 pos=-51246.82,1558.75,2832.33
[09:14:47.623] [HOST] INFO: SCENARIO MEMBER hand=1,2637329152,1,1,3079467776 pos=-51246.82,1558.75,2832.33
[09:14:47.623] [HOST] INFO: SPIKE 54 lethal r(a8 f4 d4 x0) b(a8 f6 d1 x0) tgtEnemy=10 tgtFriend=0 t=45765
[09:14:48.115] [HOST] INFO: SCENARIO MEMBER hand=1,2637329152,1,1,3079467776 pos=-51246.82,1558.75,2832.33
[09:14:48.649] [HOST] INFO: SCENARIO MEMBER hand=1,2637329152,1,1,3079467776 pos=-51246.82,1558.75,2832.33
[09:14:49.209] [HOST] INFO: SCENARIO MEMBER hand=1,2637329152,1,1,3079467776 pos=-51246.82,1558.75,2832.33
[09:14:49.209] [HOST] INFO: SPIKE 54 lethal r(a8 f5 d4 x0) b(a8 f6 d1 x0) tgtEnemy=11 tgtFriend=0 t=47359
[09:14:49.712] [HOST] INFO: SCENARIO MEMBER hand=1,2637329152,1,1,3079467776 pos=-51246.82,1558.75,2832.33
[09:14:50.241] [HOST] INFO: SCENARIO MEMBER hand=1,2637329152,1,1,3079467776 pos=-51246.82,1558.75,2832.33
[09:14:50.738] [HOST] INFO: SCENARIO MEMBER hand=1,2637329152,1,1,3079467776 pos=-51246.82,1558.75,2832.33
[09:14:50.738] [HOST] INFO: SPIKE 54 lethal r(a8 f4 d4 x0) b(a8 f6 d1 x0) tgtEnemy=10 tgtFriend=0 t=48890
[09:14:51.267] [HOST] INFO: SCENARIO MEMBER hand=1,2637329152,1,1,3079467776 pos=-51246.82,1558.75,2832.33
[09:14:51.812] [HOST] INFO: SCENARIO MEMBER hand=1,2637329152,1,1,3079467776 pos=-51246.82,1558.75,2832.33
[09:14:52.371] [HOST] INFO: SCENARIO MEMBER hand=1,2637329152,1,1,3079467776 pos=-51246.82,1558.75,2832.33
[09:14:52.372] [HOST] INFO: SPIKE 54 lethal r(a8 f5 d4 x0) b(a8 f7 d1 x0) tgtEnemy=12 tgtFriend=0 t=50515
[09:14:52.865] [HOST] INFO: SCENARIO MEMBER hand=1,2637329152,1,1,3079467776 pos=-51246.82,1558.75,2832.33
[09:14:53.413] [HOST] INFO: SCENARIO MEMBER hand=1,2637329152,1,1,3079467776 pos=-51246.82,1558.75,2832.33
[09:14:53.911] [HOST] INFO: SCENARIO MEMBER hand=1,2637329152,1,1,3079467776 pos=-51246.82,1558.75,2832.33
[09:14:53.911] [HOST] INFO: SPIKE 54 lethal r(a8 f5 d4 x0) b(a8 f6 d1 x0) tgtEnemy=11 tgtFriend=0 t=52062
[09:14:54.438] [HOST] INFO: SCENARIO MEMBER hand=1,2637329152,1,1,3079467776 pos=-51246.82,1558.75,2832.33
[09:14:54.987] [HOST] INFO: SCENARIO MEMBER hand=1,2637329152,1,1,3079467776 pos=-51246.82,1558.75,2832.33
[09:14:55.487] [HOST] INFO: SCENARIO MEMBER hand=1,2637329152,1,1,3079467776 pos=-51246.82,1558.75,2832.33
[09:14:55.487] [HOST] INFO: SPIKE 54 lethal r(a8 f4 d4 x0) b(a8 f6 d1 x0) tgtEnemy=10 tgtFriend=0 t=53640
[09:14:56.013] [HOST] INFO: SCENARIO MEMBER hand=1,2637329152,1,1,3079467776 pos=-51246.82,1558.75,2832.33
[09:14:56.506] [HOST] INFO: SCENARIO MEMBER hand=1,2637329152,1,1,3079467776 pos=-51246.82,1558.75,2832.33
[09:14:57.041] [HOST] INFO: SCENARIO MEMBER hand=1,2637329152,1,1,3079467776 pos=-51246.82,1558.75,2832.33
[09:14:57.041] [HOST] INFO: SPIKE 54 lethal r(a8 f5 d4 x0) b(a8 f7 d1 x0) tgtEnemy=12 tgtFriend=0 t=55187
[09:14:57.602] [HOST] INFO: SCENARIO MEMBER hand=1,2637329152,1,1,3079467776 pos=-51246.82,1558.75,2832.33
[09:14:58.101] [HOST] INFO: SCENARIO MEMBER hand=1,2637329152,1,1,3079467776 pos=-51246.82,1558.75,2832.33
[09:14:58.645] [HOST] INFO: SCENARIO MEMBER hand=1,2637329152,1,1,3079467776 pos=-51246.82,1558.75,2832.33
[09:14:58.645] [HOST] INFO: SPIKE 54 lethal r(a8 f5 d4 x0) b(a8 f7 d1 x0) tgtEnemy=12 tgtFriend=0 t=56797
[09:14:58.757] [HOST] INFO: [event] SEND id=9 ev=1 hand=1,43,63354492,1,1673339904 actor=5,1919189504 bs 0->1
[09:14:59.144] [HOST] INFO: SCENARIO MEMBER hand=1,2637329152,1,1,3079467776 pos=-51246.82,1558.75,2832.33
[09:14:59.646] [HOST] INFO: SCENARIO MEMBER hand=1,2637329152,1,1,3079467776 pos=-51246.82,1558.75,2832.33
[09:15:00.183] [HOST] INFO: SCENARIO MEMBER hand=1,2637329152,1,1,3079467776 pos=-51246.82,1558.75,2832.33
[09:15:00.183] [HOST] INFO: SPIKE 54 lethal r(a8 f4 d4 x0) b(a8 f4 d2 x0) tgtEnemy=8 tgtFriend=0 t=58328
[09:15:00.183] [HOST] INFO: SPIKE 54 lethal-summary total=16 peakDown=6 totalDead=0 peakTgtEnemy=16 sawTgtFriend=0 casualties=1 attribOk=1 -> PASS
[09:15:00.674] [HOST] INFO: SCENARIO MEMBER hand=1,2637329152,1,1,3079467776 pos=-51246.82,1558.75,2832.33
[09:15:01.208] [HOST] INFO: SCENARIO MEMBER hand=1,2637329152,1,1,3079467776 pos=-51246.82,1558.75,2832.33
[09:15:01.768] [HOST] INFO: SCENARIO MEMBER hand=1,2637329152,1,1,3079467776 pos=-51246.82,1558.75,2832.33
[09:15:01.768] [HOST] INFO: SPIKE 54 lethal r(a8 f4 d4 x0) b(a8 f4 d2 x0) tgtEnemy=8 tgtFriend=0 t=59922
[09:15:01.851] [HOST] INFO: SCENARIO RESULT PASS
[09:15:02.896] [HOST] INFO: [event] SEND id=10 ev=1 hand=1,24,2805175808,1,3258178816 actor=1,3143188480 bs 0->9
