[06:53:50.760] [HOST] INFO: log opened
[06:53:50.760] [HOST] INFO: KenshiCoop loaded! (clean rebuild)
[06:53:50.760] [HOST] INFO: KenshiCoop: build Jun 20 2026 06:53:33
[06:53:50.760] [HOST] INFO: KenshiCoop: role=HOST proto=v11 port=27800 save='c'
[06:53:50.808] [HOST] INFO: KenshiCoop: ownership ranks = {0} (bidirectional presence)
[06:53:50.848] [HOST] INFO: KenshiCoop: auto-load armed for save 'c'
[06:53:50.848] [HOST] INFO: KenshiCoop: test mode - self-exit 25 s after gameplay starts
[06:53:50.848] [HOST] INFO: KenshiCoop: scenario armed 'spike'
[06:53:50.848] [HOST] INFO: KenshiCoop: starting as HOST
[06:53:50.848] [HOST] INFO: [net] hosting
[06:53:57.360] [HOST] INFO: KenshiCoop: auto-load issued for save 'c' (after 5000 ms settle)
[06:54:01.423] [HOST] INFO: [net] peer connecting (awaiting HELLO)
[06:54:01.423] [HOST] INFO: [net] peer connected id=1 (proto v11)
[06:54:01.776] [HOST] INFO: handshake: peer present id=1 (local id=0)
[06:54:09.608] [HOST] INFO: KenshiCoop: gameplay started
[06:54:09.608] [HOST] INFO: SCENARIO spike start
[06:54:09.608] [HOST] INFO: SPIKE 45 start id=45 host=1
[06:54:09.609] [HOST] INFO: SCENARIO MEMBER hand=1,2637329152,1,1,3079467776 pos=-51234.47,1547.65,2851.09
[06:54:09.615] [HOST] INFO: SCENARIO MEMBER hand=1,2637329152,1,1,3079467776 pos=-51234.47,1547.65,2851.09
[06:54:09.653] [HOST] INFO: [taskkey] key=1 desc='Moving' repro=0 subject=1
[06:54:10.115] [HOST] INFO: SCENARIO MEMBER hand=1,2637329152,1,1,3079467776 pos=-51234.47,1555.93,2851.09
[06:54:10.539] [HOST] INFO: [taskkey] key=51 desc='Stand at node' repro=0 subject=1
[06:54:10.615] [HOST] INFO: SCENARIO MEMBER hand=1,2637329152,1,1,3079467776 pos=-51234.47,1555.93,2851.09
[06:54:11.032] [HOST] INFO: [taskkey] key=87 desc='Operating machine' repro=1 subject=1
[06:54:11.032] [HOST] INFO: [seatres] HOST task=87 npc=1,524536128 subj=514,2909912064 ok=1 npcpos=-51199.8,2664.1 subjpos=-51206.5,2659.7 d=8.0
[06:54:11.114] [HOST] INFO: SCENARIO MEMBER hand=1,2637329152,1,1,3079467776 pos=-51234.47,1555.93,2851.09
[06:54:11.114] [HOST] INFO: SPIKE 45 name role=H t=1515 race='Greenlander'
[06:54:11.292] [HOST] INFO: [seatres] HOST task=87 npc=1,3823120128 subj=513,1109374976 ok=1 npcpos=-51212.9,2657.2 subjpos=-51194.2,2657.7 d=18.7
[06:54:11.619] [HOST] INFO: SCENARIO MEMBER hand=1,2637329152,1,1,3079467776 pos=-51234.47,1555.93,2851.09
[06:54:12.113] [HOST] INFO: SCENARIO MEMBER hand=1,2637329152,1,1,3079467776 pos=-51234.47,1555.93,2851.09
[06:54:12.621] [HOST] INFO: SCENARIO MEMBER hand=1,2637329152,1,1,3079467776 pos=-51234.47,1555.93,2851.09
[06:54:12.621] [HOST] INFO: SPIKE 45 name role=H t=3015 race='Greenlander'
[06:54:13.116] [HOST] INFO: SCENARIO MEMBER hand=1,2637329152,1,1,3079467776 pos=-51234.47,1555.93,2851.09
[06:54:13.613] [HOST] INFO: SCENARIO MEMBER hand=1,2637329152,1,1,3079467776 pos=-51234.47,1555.93,2851.09
[06:54:14.112] [HOST] INFO: SCENARIO MEMBER hand=1,2637329152,1,1,3079467776 pos=-51234.47,1555.93,2851.09
[06:54:14.112] [HOST] INFO: SPIKE 45 name role=H t=4515 race='Greenlander'
[06:54:14.616] [HOST] INFO: SCENARIO MEMBER hand=1,2637329152,1,1,3079467776 pos=-51234.47,1555.93,2851.09
[06:54:15.119] [HOST] INFO: SCENARIO MEMBER hand=1,2637329152,1,1,3079467776 pos=-51234.47,1555.93,2851.09
[06:54:15.614] [HOST] INFO: SCENARIO MEMBER hand=1,2637329152,1,1,3079467776 pos=-51234.47,1555.93,2851.09
[06:54:15.614] [HOST] INFO: SPIKE 45 name role=H t=6015 race='Greenlander'
[06:54:16.112] [HOST] INFO: SCENARIO MEMBER hand=1,2637329152,1,1,3079467776 pos=-51234.47,1555.93,2851.09
[06:54:16.618] [HOST] INFO: SCENARIO MEMBER hand=1,2637329152,1,1,3079467776 pos=-51234.47,1555.93,2851.09
[06:54:17.114] [HOST] INFO: SCENARIO MEMBER hand=1,2637329152,1,1,3079467776 pos=-51234.47,1555.93,2851.09
[06:54:17.114] [HOST] INFO: SPIKE 45 name role=H t=7515 race='Greenlander'
[06:54:17.615] [HOST] INFO: SCENARIO MEMBER hand=1,2637329152,1,1,3079467776 pos=-51234.47,1555.93,2851.09
[06:54:18.114] [HOST] INFO: SCENARIO MEMBER hand=1,2637329152,1,1,3079467776 pos=-51234.47,1555.93,2851.09
[06:54:18.615] [HOST] INFO: SCENARIO MEMBER hand=1,2637329152,1,1,3079467776 pos=-51234.47,1555.93,2851.09
[06:54:18.615] [HOST] INFO: SPIKE 45 name role=H t=9015 race='Greenlander'
[06:54:19.112] [HOST] INFO: SCENARIO MEMBER hand=1,2637329152,1,1,3079467776 pos=-51234.47,1555.93,2851.09
[06:54:19.615] [HOST] INFO: SCENARIO MEMBER hand=1,2637329152,1,1,3079467776 pos=-51234.47,1555.93,2851.09
[06:54:20.115] [HOST] INFO: SCENARIO MEMBER hand=1,2637329152,1,1,3079467776 pos=-51234.47,1555.93,2851.09
[06:54:20.115] [HOST] INFO: SPIKE 45 name role=H t=10515 race='Greenlander'
[06:54:20.424] [HOST] INFO: [taskkey] key=119 desc='Shopping' repro=0 subject=1
[06:54:20.617] [HOST] INFO: SCENARIO MEMBER hand=1,2637329152,1,1,3079467776 pos=-51234.47,1555.93,2851.09
[06:54:21.113] [HOST] INFO: SCENARIO MEMBER hand=1,2637329152,1,1,3079467776 pos=-51234.47,1555.93,2851.09
[06:54:21.614] [HOST] INFO: SCENARIO MEMBER hand=1,2637329152,1,1,3079467776 pos=-51234.47,1555.93,2851.09
[06:54:21.614] [HOST] INFO: SPIKE 45 name role=H t=12015 race='Greenlander'
[06:54:22.113] [HOST] INFO: SCENARIO MEMBER hand=1,2637329152,1,1,3079467776 pos=-51234.47,1555.93,2851.09
[06:54:22.616] [HOST] INFO: SCENARIO MEMBER hand=1,2637329152,1,1,3079467776 pos=-51234.47,1555.93,2851.09
[06:54:23.114] [HOST] INFO: SCENARIO MEMBER hand=1,2637329152,1,1,3079467776 pos=-51234.47,1555.93,2851.09
[06:54:23.114] [HOST] INFO: SPIKE 45 name role=H t=13515 race='Greenlander'
[06:54:23.617] [HOST] INFO: SCENARIO MEMBER hand=1,2637329152,1,1,3079467776 pos=-51234.47,1555.93,2851.09
[06:54:24.117] [HOST] INFO: SCENARIO MEMBER hand=1,2637329152,1,1,3079467776 pos=-51234.47,1555.93,2851.09
[06:54:24.615] [HOST] INFO: SCENARIO MEMBER hand=1,2637329152,1,1,3079467776 pos=-51234.47,1555.93,2851.09
[06:54:24.615] [HOST] INFO: SPIKE 45 name role=H t=15015 race='Greenlander'
[06:54:25.117] [HOST] INFO: SCENARIO MEMBER hand=1,2637329152,1,1,3079467776 pos=-51234.47,1555.93,2851.09
[06:54:25.616] [HOST] INFO: SCENARIO MEMBER hand=1,2637329152,1,1,3079467776 pos=-51234.47,1555.93,2851.09
[06:54:26.112] [HOST] INFO: SCENARIO MEMBER hand=1,2637329152,1,1,3079467776 pos=-51234.47,1555.93,2851.09
[06:54:26.112] [HOST] INFO: SPIKE 45 name role=H t=16515 race='Greenlander'
[06:54:26.616] [HOST] INFO: SCENARIO MEMBER hand=1,2637329152,1,1,3079467776 pos=-51234.47,1555.93,2851.09
[06:54:27.112] [HOST] INFO: SCENARIO MEMBER hand=1,2637329152,1,1,3079467776 pos=-51234.47,1555.93,2851.09
[06:54:27.611] [HOST] INFO: SCENARIO MEMBER hand=1,2637329152,1,1,3079467776 pos=-51234.47,1555.93,2851.09
[06:54:27.611] [HOST] INFO: SPIKE 45 name role=H t=18015 race='Greenlander'
[06:54:28.116] [HOST] INFO: SCENARIO MEMBER hand=1,2637329152,1,1,3079467776 pos=-51234.47,1555.93,2851.09
[06:54:28.616] [HOST] INFO: SCENARIO MEMBER hand=1,2637329152,1,1,3079467776 pos=-51234.47,1555.93,2851.09
[06:54:29.115] [HOST] INFO: SCENARIO MEMBER hand=1,2637329152,1,1,3079467776 pos=-51234.47,1555.93,2851.09
[06:54:29.115] [HOST] INFO: SPIKE 45 name role=H t=19515 race='Greenlander'
[06:54:29.613] [HOST] INFO: SCENARIO MEMBER hand=1,2637329152,1,1,3079467776 pos=-51234.47,1555.93,2851.09
[06:54:30.116] [HOST] INFO: SCENARIO MEMBER hand=1,2637329152,1,1,3079467776 pos=-51234.47,1555.93,2851.09
[06:54:30.617] [HOST] INFO: SCENARIO MEMBER hand=1,2637329152,1,1,3079467776 pos=-51234.47,1555.93,2851.09
[06:54:30.617] [HOST] INFO: SPIKE 45 name role=H t=21015 race='Greenlander'
[06:54:31.113] [HOST] INFO: SCENARIO MEMBER hand=1,2637329152,1,1,3079467776 pos=-51234.47,1555.93,2851.09
[06:54:31.617] [HOST] INFO: SCENARIO MEMBER hand=1,2637329152,1,1,3079467776 pos=-51234.47,1555.93,2851.09
[06:54:32.117] [HOST] INFO: SCENARIO MEMBER hand=1,2637329152,1,1,3079467776 pos=-51234.47,1555.93,2851.09
[06:54:32.117] [HOST] INFO: SPIKE 45 name role=H t=22515 race='Greenlander'
[06:54:32.616] [HOST] INFO: SCENARIO MEMBER hand=1,2637329152,1,1,3079467776 pos=-51234.47,1555.93,2851.09
[06:54:33.116] [HOST] INFO: SCENARIO MEMBER hand=1,2637329152,1,1,3079467776 pos=-51234.47,1555.93,2851.09
[06:54:33.618] [HOST] INFO: SCENARIO MEMBER hand=1,2637329152,1,1,3079467776 pos=-51234.47,1555.93,2851.09
[06:54:33.618] [HOST] INFO: SPIKE 45 name role=H t=24015 race='Greenlander'
[06:54:34.115] [HOST] INFO: SCENARIO MEMBER hand=1,2637329152,1,1,3079467776 pos=-51234.47,1555.93,2851.09
[06:54:34.602] [HOST] INFO: KenshiCoop: test duration elapsed; exiting
