[06:54:01.316] [JOIN] INFO: log opened
[06:54:01.316] [JOIN] INFO: KenshiCoop loaded! (clean rebuild)
[06:54:01.316] [JOIN] INFO: KenshiCoop: build Jun 20 2026 06:53:33
[06:54:01.316] [JOIN] INFO: KenshiCoop: role=JOIN proto=v11 port=27800 save='c'
[06:54:01.370] [JOIN] INFO: KenshiCoop: ownership ranks = {1} (bidirectional presence)
[06:54:01.416] [JOIN] INFO: KenshiCoop: auto-load armed for save 'c'
[06:54:01.416] [JOIN] INFO: KenshiCoop: test mode - self-exit 25 s after gameplay starts
[06:54:01.416] [JOIN] INFO: KenshiCoop: scenario armed 'spike'
[06:54:01.416] [JOIN] INFO: KenshiCoop: starting as CLIENT
[06:54:01.422] [JOIN] INFO: [net] connecting
[06:54:01.422] [JOIN] INFO: [net] connected to host; sent HELLO
[06:54:01.423] [JOIN] INFO: [net] peer connected id=1 (proto v11) - received WELCOME
[06:54:07.900] [JOIN] INFO: KenshiCoop: auto-load issued for save 'c' (after 5000 ms settle)
[06:54:10.736] [JOIN] INFO: handshake: peer present id=0 (local id=1)
[06:54:18.268] [JOIN] INFO: KenshiCoop: gameplay started
[06:54:18.268] [JOIN] INFO: SCENARIO spike start
[06:54:18.268] [JOIN] INFO: SPIKE 45 start id=45 host=0
[06:54:18.270] [JOIN] INFO: [gate] hand=1,524536128 host=87 local=65535  agree=0/1 (0%)
[06:54:18.270] [JOIN] INFO: [pose] rest re-arm task 65535 -> 87
[06:54:18.270] [JOIN] INFO: [pose] applyOrder hand=1,524536128 task=87 subj=514,2909912064,0 det=1 r=2
[06:54:18.270] [JOIN] INFO: [pose] rest re-arm task 65535 -> 87
[06:54:18.270] [JOIN] INFO: [pose] applyOrder hand=1,3823120128 task=87 subj=513,1109374976,0 det=1 r=2
[06:54:18.270] [JOIN] INFO: [authority] suppress NPC hand=1,1723144576 (streamed=6 local=3 supp=1)
[06:54:18.270] [JOIN] INFO: SCENARIO RECV hand=1,2637329152,1,1,3079467776 pos=-51234.47,1547.65,2851.09
[06:54:18.278] [JOIN] INFO: SCENARIO RECV hand=1,2637329152,1,1,3079467776 pos=-51234.47,1555.93,2851.09
[06:54:18.285] [JOIN] INFO: SCENARIO RECV hand=1,2637329152,1,1,3079467776 pos=-51234.47,1555.93,2851.09
[06:54:18.319] [JOIN] INFO: [taskkey] key=1 desc='Moving' repro=0 subject=1
[06:54:18.419] [JOIN] INFO: [taskkey] key=51 desc='Stand at node' repro=0 subject=1
[06:54:18.731] [JOIN] INFO: [authority] suppress NPC hand=5,1919189504 (streamed=6 local=5 supp=2)
[06:54:18.786] [JOIN] INFO: SCENARIO RECV hand=1,2637329152,1,1,3079467776 pos=-51234.47,1555.93,2851.09
[06:54:19.286] [JOIN] INFO: SCENARIO RECV hand=1,2637329152,1,1,3079467776 pos=-51234.47,1555.93,2851.09
[06:54:19.443] [JOIN] INFO: [taskkey] key=87 desc='Operating machine' repro=1 subject=1
[06:54:19.443] [JOIN] INFO: [seatres] HOST task=87 npc=1,3823120128 subj=513,1109374976 ok=1 npcpos=-51194.2,2657.7 subjpos=-51194.2,2657.7 d=0.0
[06:54:19.733] [JOIN] INFO: [seatres] HOST task=87 npc=1,524536128 subj=514,2909912064 ok=1 npcpos=-51199.6,2664.4 subjpos=-51206.5,2659.7 d=8.4
[06:54:19.785] [JOIN] INFO: SCENARIO RECV hand=1,2637329152,1,1,3079467776 pos=-51234.47,1555.93,2851.09
[06:54:19.785] [JOIN] INFO: SPIKE 45 name role=J t=1515 race='Greenlander'
[06:54:19.960] [JOIN] INFO: [authority] suppress NPC hand=1,1667968768 (streamed=6 local=8 supp=3)
[06:54:20.274] [JOIN] INFO: [gate] hand=3,3090698240 host=51 local=1  agree=590/1199 (49%)
[06:54:20.284] [JOIN] INFO: SCENARIO RECV hand=1,2637329152,1,1,3079467776 pos=-51234.47,1555.93,2851.09
[06:54:20.791] [JOIN] INFO: SCENARIO RECV hand=1,2637329152,1,1,3079467776 pos=-51234.47,1555.93,2851.09
[06:54:21.284] [JOIN] INFO: SCENARIO RECV hand=1,2637329152,1,1,3079467776 pos=-51234.47,1555.93,2851.09
[06:54:21.284] [JOIN] INFO: SPIKE 45 name role=J t=3015 race='Greenlander'
[06:54:21.785] [JOIN] INFO: SCENARIO RECV hand=1,2637329152,1,1,3079467776 pos=-51234.47,1555.93,2851.09
[06:54:22.277] [JOIN] INFO: [gate] hand=3,3090698240 host=51 local=1  agree=1337/2429 (55%)
[06:54:22.284] [JOIN] INFO: SCENARIO RECV hand=1,2637329152,1,1,3079467776 pos=-51234.47,1555.93,2851.09
[06:54:22.788] [JOIN] INFO: SCENARIO RECV hand=1,2637329152,1,1,3079467776 pos=-51234.47,1555.93,2851.09
[06:54:22.788] [JOIN] INFO: SPIKE 45 name role=J t=4515 race='Greenlander'
[06:54:23.284] [JOIN] INFO: SCENARIO RECV hand=1,2637329152,1,1,3079467776 pos=-51234.47,1555.93,2851.09
[06:54:23.788] [JOIN] INFO: SCENARIO RECV hand=1,2637329152,1,1,3079467776 pos=-51234.47,1555.93,2851.09
[06:54:24.281] [JOIN] INFO: [gate] hand=3,3090698240 host=51 local=1  agree=2230/3639 (61%)
[06:54:24.290] [JOIN] INFO: SCENARIO RECV hand=1,2637329152,1,1,3079467776 pos=-51234.47,1555.93,2851.09
[06:54:24.290] [JOIN] INFO: SPIKE 45 name role=J t=6015 race='Greenlander'
[06:54:24.785] [JOIN] INFO: SCENARIO RECV hand=1,2637329152,1,1,3079467776 pos=-51234.47,1555.93,2851.09
[06:54:25.288] [JOIN] INFO: SCENARIO RECV hand=1,2637329152,1,1,3079467776 pos=-51234.47,1555.93,2851.09
[06:54:25.785] [JOIN] INFO: SCENARIO RECV hand=1,2637329152,1,1,3079467776 pos=-51234.47,1555.93,2851.09
[06:54:25.785] [JOIN] INFO: SPIKE 45 name role=J t=7515 race='Greenlander'
[06:54:26.283] [JOIN] INFO: [gate] hand=3,3090698240 host=51 local=1  agree=3170/4979 (63%)
[06:54:26.283] [JOIN] INFO: SCENARIO RECV hand=1,2637329152,1,1,3079467776 pos=-51234.47,1555.93,2851.09
[06:54:26.788] [JOIN] INFO: SCENARIO RECV hand=1,2637329152,1,1,3079467776 pos=-51234.47,1555.93,2851.09
[06:54:27.284] [JOIN] INFO: SCENARIO RECV hand=1,2637329152,1,1,3079467776 pos=-51234.47,1555.93,2851.09
[06:54:27.284] [JOIN] INFO: SPIKE 45 name role=J t=9015 race='Greenlander'
[06:54:27.785] [JOIN] INFO: SCENARIO RECV hand=1,2637329152,1,1,3079467776 pos=-51234.47,1555.93,2851.09
[06:54:28.290] [JOIN] INFO: [gate] hand=3,3090698240 host=51 local=1  agree=4168/6334 (65%)
[06:54:28.290] [JOIN] INFO: SCENARIO RECV hand=1,2637329152,1,1,3079467776 pos=-51234.47,1555.93,2851.09
[06:54:28.784] [JOIN] INFO: SCENARIO RECV hand=1,2637329152,1,1,3079467776 pos=-51234.47,1555.93,2851.09
[06:54:28.784] [JOIN] INFO: SPIKE 45 name role=J t=10515 race='Greenlander'
[06:54:29.285] [JOIN] INFO: SCENARIO RECV hand=1,2637329152,1,1,3079467776 pos=-51234.47,1555.93,2851.09
[06:54:29.788] [JOIN] INFO: SCENARIO RECV hand=1,2637329152,1,1,3079467776 pos=-51234.47,1555.93,2851.09
[06:54:30.290] [JOIN] INFO: SCENARIO RECV hand=1,2637329152,1,1,3079467776 pos=-51234.47,1555.93,2851.09
[06:54:30.290] [JOIN] INFO: SPIKE 45 name role=J t=12015 race='Greenlander'
[06:54:30.297] [JOIN] INFO: [gate] hand=3,3090698240 host=51 local=1  agree=5189/7659 (67%)
[06:54:30.789] [JOIN] INFO: SCENARIO RECV hand=1,2637329152,1,1,3079467776 pos=-51234.47,1555.93,2851.09
[06:54:31.112] [JOIN] INFO: [authority] suppress NPC hand=1,3996215808 (streamed=5 local=8 supp=4)
[06:54:31.288] [JOIN] INFO: SCENARIO RECV hand=1,2637329152,1,1,3079467776 pos=-51234.47,1555.93,2851.09
[06:54:31.786] [JOIN] INFO: SCENARIO RECV hand=1,2637329152,1,1,3079467776 pos=-51234.47,1555.93,2851.09
[06:54:31.786] [JOIN] INFO: SPIKE 45 name role=J t=13515 race='Greenlander'
[06:54:32.286] [JOIN] INFO: SCENARIO RECV hand=1,2637329152,1,1,3079467776 pos=-51234.47,1555.93,2851.09
[06:54:32.301] [JOIN] INFO: [gate] hand=3,3090698240 host=51 local=1  agree=6099/8839 (69%)
[06:54:32.787] [JOIN] INFO: SCENARIO RECV hand=1,2637329152,1,1,3079467776 pos=-51234.47,1555.93,2851.09
[06:54:33.289] [JOIN] INFO: SCENARIO RECV hand=1,2637329152,1,1,3079467776 pos=-51234.47,1555.93,2851.09
[06:54:33.289] [JOIN] INFO: SPIKE 45 name role=J t=15015 race='Greenlander'
[06:54:33.787] [JOIN] INFO: SCENARIO RECV hand=1,2637329152,1,1,3079467776 pos=-51234.47,1555.93,2851.09
[06:54:34.283] [JOIN] INFO: SCENARIO RECV hand=1,2637329152,1,1,3079467776 pos=-51234.47,1555.93,2851.09
[06:54:34.307] [JOIN] INFO: [gate] hand=3,3090698240 host=51 local=1  agree=6906/9915 (69%)
[06:54:34.786] [JOIN] INFO: SCENARIO RECV hand=1,2637329152,1,1,3079467776 pos=-51234.47,1555.93,2851.09
[06:54:34.786] [JOIN] INFO: SPIKE 45 name role=J t=16515 race='Greenlander'
[06:54:35.287] [JOIN] INFO: SCENARIO RECV hand=1,2637329152,1,1,3079467776 pos=-51234.47,1555.93,2851.09
[06:54:35.787] [JOIN] INFO: SCENARIO RECV hand=1,2637329152,1,1,3079467776 pos=-51234.47,1555.93,2851.09
[06:54:36.289] [JOIN] INFO: SCENARIO RECV hand=1,2637329152,1,1,3079467776 pos=-51234.47,1555.93,2851.09
[06:54:36.289] [JOIN] INFO: SPIKE 45 name role=J t=18015 race='Greenlander'
[06:54:36.314] [JOIN] INFO: [gate] hand=3,3090698240 host=51 local=1  agree=7746/11035 (70%)
[06:54:36.590] [JOIN] INFO: [authority] suppress NPC hand=1,3823120128 (streamed=0 local=8 supp=5)
[06:54:36.590] [JOIN] INFO: [authority] suppress NPC hand=1,524536128 (streamed=0 local=8 supp=6)
[06:54:36.590] [JOIN] INFO: [authority] suppress NPC hand=3,3090698240 (streamed=0 local=8 supp=7)
[06:54:36.590] [JOIN] INFO: [authority] suppress NPC hand=1,2590331904 (streamed=0 local=8 supp=8)
[06:54:36.783] [JOIN] INFO: SCENARIO RECV hand=1,2637329152,1,1,3079467776 pos=-51234.47,1555.93,2851.09
[06:54:37.287] [JOIN] INFO: SCENARIO RECV hand=1,2637329152,1,1,3079467776 pos=-51234.47,1555.93,2851.09
[06:54:37.378] [JOIN] INFO: [authority] suppress NPC hand=1,3808471552 (streamed=0 local=9 supp=9)
[06:54:37.789] [JOIN] INFO: SCENARIO RECV hand=1,2637329152,1,1,3079467776 pos=-51234.47,1555.93,2851.09
[06:54:37.789] [JOIN] INFO: SPIKE 45 name role=J t=19515 race='Greenlander'
[06:54:38.288] [JOIN] INFO: SCENARIO RECV hand=1,2637329152,1,1,3079467776 pos=-51234.47,1555.93,2851.09
[06:54:38.786] [JOIN] INFO: SCENARIO RECV hand=1,2637329152,1,1,3079467776 pos=-51234.47,1555.93,2851.09
[06:54:39.289] [JOIN] INFO: SCENARIO RECV hand=1,2637329152,1,1,3079467776 pos=-51234.47,1555.93,2851.09
[06:54:39.289] [JOIN] INFO: SPIKE 45 name role=J t=21015 race='Greenlander'
[06:54:39.783] [JOIN] INFO: SCENARIO RECV hand=1,2637329152,1,1,3079467776 pos=-51234.47,1555.93,2851.09
[06:54:40.190] [JOIN] INFO: [net] disconnected from host
[06:54:40.191] [JOIN] INFO: handshake: peer left id=4294967295
[06:54:40.241] [JOIN] INFO: [net] reconnecting
[06:54:40.286] [JOIN] INFO: SCENARIO RECV hand=1,2637329152,1,1,3079467776 pos=-51234.47,1555.93,2851.09
[06:54:40.788] [JOIN] INFO: SCENARIO RECV hand=1,2637329152,1,1,3079467776 pos=-51234.47,1555.93,2851.09
[06:54:40.788] [JOIN] INFO: SPIKE 45 name role=J t=22515 race='Greenlander'
[06:54:41.288] [JOIN] INFO: SCENARIO RECV hand=1,2637329152,1,1,3079467776 pos=-51234.47,1555.93,2851.09
[06:54:41.785] [JOIN] INFO: SCENARIO RECV hand=1,2637329152,1,1,3079467776 pos=-51234.47,1555.93,2851.09
[06:54:42.286] [JOIN] INFO: SCENARIO RECV hand=1,2637329152,1,1,3079467776 pos=-51234.47,1555.93,2851.09
[06:54:42.286] [JOIN] INFO: SPIKE 45 name role=J t=24015 race='Greenlander'
[06:54:42.783] [JOIN] INFO: SCENARIO RECV hand=1,2637329152,1,1,3079467776 pos=-51234.47,1555.93,2851.09
[06:54:43.273] [JOIN] INFO: KenshiCoop: test duration elapsed; exiting
