[06:45:04.373] [HOST] INFO: log opened
[06:45:04.373] [HOST] INFO: KenshiCoop loaded! (clean rebuild)
[06:45:04.373] [HOST] INFO: KenshiCoop: build Jun 20 2026 06:44:46
[06:45:04.373] [HOST] INFO: KenshiCoop: role=HOST proto=v11 port=27800 save='c'
[06:45:04.422] [HOST] INFO: KenshiCoop: ownership ranks = {0} (bidirectional presence)
[06:45:04.473] [HOST] INFO: KenshiCoop: auto-load armed for save 'c'
[06:45:04.473] [HOST] INFO: KenshiCoop: test mode - self-exit 30 s after gameplay starts
[06:45:04.473] [HOST] INFO: KenshiCoop: scenario armed 'spike'
[06:45:04.473] [HOST] INFO: KenshiCoop: starting as HOST
[06:45:04.473] [HOST] INFO: [net] hosting
[06:45:11.137] [HOST] INFO: KenshiCoop: auto-load issued for save 'c' (after 5000 ms settle)
[06:45:14.990] [HOST] INFO: [net] peer connecting (awaiting HELLO)
[06:45:14.990] [HOST] INFO: [net] peer connected id=1 (proto v11)
[06:45:15.776] [HOST] INFO: handshake: peer present id=1 (local id=0)
[06:45:23.244] [HOST] INFO: KenshiCoop: gameplay started
[06:45:23.244] [HOST] INFO: SCENARIO spike start
[06:45:23.244] [HOST] INFO: SPIKE 43 start id=43 host=1
[06:45:23.245] [HOST] INFO: SCENARIO MEMBER hand=1,2637329152,1,1,3079467776 pos=-51234.47,1547.65,2851.09
[06:45:23.253] [HOST] INFO: SCENARIO MEMBER hand=1,2637329152,1,1,3079467776 pos=-51234.47,1547.65,2851.09
[06:45:23.294] [HOST] INFO: [taskkey] key=1 desc='Moving' repro=0 subject=1
[06:45:23.380] [HOST] INFO: [taskkey] key=51 desc='Stand at node' repro=0 subject=1
[06:45:23.754] [HOST] INFO: SCENARIO MEMBER hand=1,2637329152,1,1,3079467776 pos=-51234.47,1555.93,2851.09
[06:45:24.252] [HOST] INFO: SCENARIO MEMBER hand=1,2637329152,1,1,3079467776 pos=-51234.47,1555.93,2851.09
[06:45:24.518] [HOST] INFO: [taskkey] key=87 desc='Operating machine' repro=1 subject=1
[06:45:24.518] [HOST] INFO: [seatres] HOST task=87 npc=1,3996215808 subj=514,2909912064 ok=1 npcpos=-51199.8,2664.3 subjpos=-51206.5,2659.7 d=8.1
[06:45:24.755] [HOST] INFO: SCENARIO MEMBER hand=1,2637329152,1,1,3079467776 pos=-51234.47,1555.93,2851.09
[06:45:24.755] [HOST] INFO: SPIKE 43 zone role=H t=1516 zmgr=00007FF471EB0018 zmap=00007FF471F235E0 inzone=1
[06:45:25.254] [HOST] INFO: SCENARIO MEMBER hand=1,2637329152,1,1,3079467776 pos=-51234.47,1555.93,2851.09
[06:45:25.758] [HOST] INFO: SCENARIO MEMBER hand=1,2637329152,1,1,3079467776 pos=-51234.47,1555.93,2851.09
[06:45:26.257] [HOST] INFO: SCENARIO MEMBER hand=1,2637329152,1,1,3079467776 pos=-51234.47,1555.93,2851.09
[06:45:26.257] [HOST] INFO: SPIKE 43 zone role=H t=3016 zmgr=00007FF471EB0018 zmap=00007FF471F235E0 inzone=1
[06:45:26.756] [HOST] INFO: SCENARIO MEMBER hand=1,2637329152,1,1,3079467776 pos=-51234.47,1555.93,2851.09
[06:45:27.256] [HOST] INFO: SCENARIO MEMBER hand=1,2637329152,1,1,3079467776 pos=-51234.47,1555.93,2851.09
[06:45:27.756] [HOST] INFO: SCENARIO MEMBER hand=1,2637329152,1,1,3079467776 pos=-51234.47,1555.93,2851.09
[06:45:27.756] [HOST] INFO: SPIKE 43 zone role=H t=4516 zmgr=00007FF471EB0018 zmap=00007FF471F235E0 inzone=1
[06:45:28.260] [HOST] INFO: SCENARIO MEMBER hand=1,2637329152,1,1,3079467776 pos=-51234.47,1555.93,2851.09
[06:45:28.754] [HOST] INFO: SCENARIO MEMBER hand=1,2637329152,1,1,3079467776 pos=-51234.47,1555.93,2851.09
[06:45:29.256] [HOST] INFO: SCENARIO MEMBER hand=1,2637329152,1,1,3079467776 pos=-51234.47,1555.93,2851.09
[06:45:29.256] [HOST] INFO: SPIKE 43 zone role=H t=6016 zmgr=00007FF471EB0018 zmap=00007FF471F235E0 inzone=1
[06:45:29.753] [HOST] INFO: SCENARIO MEMBER hand=1,2637329152,1,1,3079467776 pos=-51234.47,1555.93,2851.09
[06:45:30.252] [HOST] INFO: SCENARIO MEMBER hand=1,2637329152,1,1,3079467776 pos=-51234.47,1555.93,2851.09
[06:45:30.756] [HOST] INFO: SCENARIO MEMBER hand=1,2637329152,1,1,3079467776 pos=-51234.47,1555.93,2851.09
[06:45:30.756] [HOST] INFO: SPIKE 43 zone role=H t=7516 zmgr=00007FF471EB0018 zmap=00007FF471F235E0 inzone=1
[06:45:31.252] [HOST] INFO: SCENARIO MEMBER hand=1,2637329152,1,1,3079467776 pos=-51234.47,1555.93,2851.09
[06:45:31.753] [HOST] INFO: SCENARIO MEMBER hand=1,2637329152,1,1,3079467776 pos=-51234.47,1555.93,2851.09
[06:45:32.260] [HOST] INFO: SCENARIO MEMBER hand=1,2637329152,1,1,3079467776 pos=-51234.47,1555.93,2851.09
[06:45:32.260] [HOST] INFO: SPIKE 43 zone role=H t=9016 zmgr=00007FF471EB0018 zmap=00007FF471F235E0 inzone=1
[06:45:32.757] [HOST] INFO: SCENARIO MEMBER hand=1,2637329152,1,1,3079467776 pos=-51234.47,1555.93,2851.09
[06:45:33.252] [HOST] INFO: SCENARIO MEMBER hand=1,2637329152,1,1,3079467776 pos=-51234.47,1555.93,2851.09
[06:45:33.752] [HOST] INFO: SCENARIO MEMBER hand=1,2637329152,1,1,3079467776 pos=-51234.47,1555.93,2851.09
[06:45:33.752] [HOST] INFO: SPIKE 43 zone role=H t=10516 zmgr=00007FF471EB0018 zmap=00007FF471F235E0 inzone=1
[06:45:34.260] [HOST] INFO: SCENARIO MEMBER hand=1,2637329152,1,1,3079467776 pos=-51234.47,1555.93,2851.09
[06:45:34.753] [HOST] INFO: SCENARIO MEMBER hand=1,2637329152,1,1,3079467776 pos=-51234.47,1555.93,2851.09
[06:45:35.252] [HOST] INFO: SCENARIO MEMBER hand=1,2637329152,1,1,3079467776 pos=-51234.47,1555.93,2851.09
[06:45:35.252] [HOST] INFO: SPIKE 43 zone role=H t=12016 zmgr=00007FF471EB0018 zmap=00007FF471F235E0 inzone=1
[06:45:35.753] [HOST] INFO: SCENARIO MEMBER hand=1,2637329152,1,1,3079467776 pos=-51234.47,1555.93,2851.09
[06:45:36.256] [HOST] INFO: SCENARIO MEMBER hand=1,2637329152,1,1,3079467776 pos=-51234.47,1555.93,2851.09
[06:45:36.756] [HOST] INFO: SCENARIO MEMBER hand=1,2637329152,1,1,3079467776 pos=-51234.47,1555.93,2851.09
[06:45:36.756] [HOST] INFO: SPIKE 43 zone role=H t=13516 zmgr=00007FF471EB0018 zmap=00007FF471F235E0 inzone=1
[06:45:37.259] [HOST] INFO: SCENARIO MEMBER hand=1,2637329152,1,1,3079467776 pos=-51234.47,1555.93,2851.09
[06:45:37.755] [HOST] INFO: SCENARIO MEMBER hand=1,2637329152,1,1,3079467776 pos=-51234.47,1555.93,2851.09
[06:45:38.254] [HOST] INFO: SCENARIO MEMBER hand=1,2637329152,1,1,3079467776 pos=-51234.47,1555.93,2851.09
[06:45:38.254] [HOST] INFO: SPIKE 43 zone role=H t=15016 zmgr=00007FF471EB0018 zmap=00007FF471F235E0 inzone=1
[06:45:38.753] [HOST] INFO: SCENARIO MEMBER hand=1,2637329152,1,1,3079467776 pos=-51234.47,1555.93,2851.09
[06:45:39.253] [HOST] INFO: SCENARIO MEMBER hand=1,2637329152,1,1,3079467776 pos=-51234.47,1555.93,2851.09
[06:45:39.759] [HOST] INFO: SCENARIO MEMBER hand=1,2637329152,1,1,3079467776 pos=-51234.47,1555.93,2851.09
[06:45:39.759] [HOST] INFO: SPIKE 43 zone role=H t=16516 zmgr=00007FF471EB0018 zmap=00007FF471F235E0 inzone=1
[06:45:40.258] [HOST] INFO: SCENARIO MEMBER hand=1,2637329152,1,1,3079467776 pos=-51234.47,1555.93,2851.09
[06:45:40.758] [HOST] INFO: SCENARIO MEMBER hand=1,2637329152,1,1,3079467776 pos=-51234.47,1555.93,2851.09
[06:45:41.253] [HOST] INFO: SCENARIO MEMBER hand=1,2637329152,1,1,3079467776 pos=-51234.47,1555.93,2851.09
[06:45:41.253] [HOST] INFO: SPIKE 43 zone role=H t=18016 zmgr=00007FF471EB0018 zmap=00007FF471F235E0 inzone=1
[06:45:41.755] [HOST] INFO: SCENARIO MEMBER hand=1,2637329152,1,1,3079467776 pos=-51234.47,1555.93,2851.09
[06:45:42.259] [HOST] INFO: SCENARIO MEMBER hand=1,2637329152,1,1,3079467776 pos=-51234.47,1555.93,2851.09
[06:45:42.759] [HOST] INFO: SCENARIO MEMBER hand=1,2637329152,1,1,3079467776 pos=-51234.47,1555.93,2851.09
[06:45:42.759] [HOST] INFO: SPIKE 43 zone role=H t=19516 zmgr=00007FF471EB0018 zmap=00007FF471F235E0 inzone=1
[06:45:43.255] [HOST] INFO: SCENARIO MEMBER hand=1,2637329152,1,1,3079467776 pos=-51234.47,1555.93,2851.09
[06:45:43.756] [HOST] INFO: SCENARIO MEMBER hand=1,2637329152,1,1,3079467776 pos=-51234.47,1555.93,2851.09
[06:45:44.255] [HOST] INFO: SCENARIO MEMBER hand=1,2637329152,1,1,3079467776 pos=-51234.47,1555.93,2851.09
[06:45:44.255] [HOST] INFO: SPIKE 43 zone role=H t=21016 zmgr=00007FF471EB0018 zmap=00007FF471F235E0 inzone=1
[06:45:44.754] [HOST] INFO: SCENARIO MEMBER hand=1,2637329152,1,1,3079467776 pos=-51234.47,1555.93,2851.09
[06:45:45.259] [HOST] INFO: SCENARIO MEMBER hand=1,2637329152,1,1,3079467776 pos=-51234.47,1555.93,2851.09
[06:45:45.757] [HOST] INFO: SCENARIO MEMBER hand=1,2637329152,1,1,3079467776 pos=-51234.47,1555.93,2851.09
[06:45:45.757] [HOST] INFO: SPIKE 43 zone role=H t=22516 zmgr=00007FF471EB0018 zmap=00007FF471F235E0 inzone=1
[06:45:46.257] [HOST] INFO: SCENARIO MEMBER hand=1,2637329152,1,1,3079467776 pos=-51234.47,1555.93,2851.09
[06:45:46.756] [HOST] INFO: SCENARIO MEMBER hand=1,2637329152,1,1,3079467776 pos=-51234.47,1555.93,2851.09
[06:45:47.256] [HOST] INFO: SCENARIO MEMBER hand=1,2637329152,1,1,3079467776 pos=-51234.47,1555.93,2851.09
[06:45:47.256] [HOST] INFO: SPIKE 43 zone role=H t=24016 zmgr=00007FF471EB0018 zmap=00007FF471F235E0 inzone=1
[06:45:47.753] [HOST] INFO: SCENARIO MEMBER hand=1,2637329152,1,1,3079467776 pos=-51234.47,1555.93,2851.09
[06:45:48.257] [HOST] INFO: SCENARIO MEMBER hand=1,2637329152,1,1,3079467776 pos=-51234.47,1555.93,2851.09
[06:45:48.758] [HOST] INFO: SCENARIO MEMBER hand=1,2637329152,1,1,3079467776 pos=-51234.47,1555.93,2851.09
[06:45:48.758] [HOST] INFO: SPIKE 43 zone role=H t=25516 zmgr=00007FF471EB0018 zmap=00007FF471F235E0 inzone=1
[06:45:49.255] [HOST] INFO: SCENARIO MEMBER hand=1,2637329152,1,1,3079467776 pos=-51234.47,1555.93,2851.09
[06:45:49.758] [HOST] INFO: SCENARIO MEMBER hand=1,2637329152,1,1,3079467776 pos=-51234.47,1555.93,2851.09
[06:45:50.252] [HOST] INFO: SCENARIO MEMBER hand=1,2637329152,1,1,3079467776 pos=-51234.47,1555.93,2851.09
[06:45:50.252] [HOST] INFO: SPIKE 43 zone role=H t=27016 zmgr=00007FF471EB0018 zmap=00007FF471F235E0 inzone=1
[06:45:50.758] [HOST] INFO: SCENARIO MEMBER hand=1,2637329152,1,1,3079467776 pos=-51234.47,1555.93,2851.09
[06:45:51.253] [HOST] INFO: SCENARIO MEMBER hand=1,2637329152,1,1,3079467776 pos=-51234.47,1555.93,2851.09
[06:45:51.753] [HOST] INFO: SCENARIO MEMBER hand=1,2637329152,1,1,3079467776 pos=-51234.47,1555.93,2851.09
[06:45:51.753] [HOST] INFO: SPIKE 43 zone role=H t=28516 zmgr=00007FF471EB0018 zmap=00007FF471F235E0 inzone=1
[06:45:52.259] [HOST] INFO: SCENARIO MEMBER hand=1,2637329152,1,1,3079467776 pos=-51234.47,1555.93,2851.09
[06:45:52.757] [HOST] INFO: SCENARIO MEMBER hand=1,2637329152,1,1,3079467776 pos=-51234.47,1555.93,2851.09
[06:45:53.240] [HOST] INFO: KenshiCoop: test duration elapsed; exiting
