[06:45:14.902] [JOIN] INFO: log opened
[06:45:14.902] [JOIN] INFO: KenshiCoop loaded! (clean rebuild)
[06:45:14.902] [JOIN] INFO: KenshiCoop: build Jun 20 2026 06:44:46
[06:45:14.902] [JOIN] INFO: KenshiCoop: role=JOIN proto=v11 port=27800 save='c'
[06:45:14.942] [JOIN] INFO: KenshiCoop: ownership ranks = {1} (bidirectional presence)
[06:45:14.983] [JOIN] INFO: KenshiCoop: auto-load armed for save 'c'
[06:45:14.983] [JOIN] INFO: KenshiCoop: test mode - self-exit 30 s after gameplay starts
[06:45:14.983] [JOIN] INFO: KenshiCoop: scenario armed 'spike'
[06:45:14.983] [JOIN] INFO: KenshiCoop: starting as CLIENT
[06:45:14.989] [JOIN] INFO: [net] connecting
[06:45:14.990] [JOIN] INFO: [net] connected to host; sent HELLO
[06:45:14.990] [JOIN] INFO: [net] peer connected id=1 (proto v11) - received WELCOME
[06:45:21.597] [JOIN] INFO: KenshiCoop: auto-load issued for save 'c' (after 5000 ms settle)
[06:45:24.365] [JOIN] INFO: handshake: peer present id=0 (local id=1)
[06:45:31.954] [JOIN] INFO: KenshiCoop: gameplay started
[06:45:31.955] [JOIN] INFO: SCENARIO spike start
[06:45:31.955] [JOIN] INFO: SPIKE 43 start id=43 host=0
[06:45:31.956] [JOIN] INFO: [gate] hand=1,1667968768 host=1 local=65535  agree=0/1 (0%)
[06:45:31.956] [JOIN] INFO: [pose] rest re-arm task 65535 -> 87
[06:45:31.956] [JOIN] INFO: [pose] applyOrder hand=1,3996215808 task=87 subj=514,2909912064,0 det=1 r=2
[06:45:31.956] [JOIN] INFO: [authority] suppress NPC hand=1,1723144576 (streamed=5 local=3 supp=1)
[06:45:31.956] [JOIN] INFO: SCENARIO RECV hand=1,2637329152,1,1,3079467776 pos=-51234.47,1547.65,2851.09
[06:45:32.025] [JOIN] INFO: [taskkey] key=1 desc='Moving' repro=0 subject=0
[06:45:32.105] [JOIN] INFO: [taskkey] key=51 desc='Stand at node' repro=0 subject=1
[06:45:32.458] [JOIN] INFO: SCENARIO RECV hand=1,2637329152,1,1,3079467776 pos=-51234.47,1555.93,2851.09
[06:45:32.963] [JOIN] INFO: SCENARIO RECV hand=1,2637329152,1,1,3079467776 pos=-51234.47,1555.93,2851.09
[06:45:33.025] [JOIN] INFO: [authority] suppress NPC hand=1,524536128 (streamed=5 local=6 supp=2)
[06:45:33.300] [JOIN] INFO: [taskkey] key=87 desc='Operating machine' repro=1 subject=1
[06:45:33.300] [JOIN] INFO: [seatres] HOST task=87 npc=1,3996215808 subj=514,2909912064 ok=1 npcpos=-51200.5,2664.4 subjpos=-51206.5,2659.7 d=7.6
[06:45:33.459] [JOIN] INFO: SCENARIO RECV hand=1,2637329152,1,1,3079467776 pos=-51234.47,1555.93,2851.09
[06:45:33.459] [JOIN] INFO: SPIKE 43 zone role=J t=1516 zmgr=00007FF4E9120018 zmap=00007FF4E91935E0 inzone=1
[06:45:33.960] [JOIN] INFO: [gate] hand=1,1667968768 host=1 local=65535  agree=331/957 (34%)
[06:45:33.960] [JOIN] INFO: SCENARIO RECV hand=1,2637329152,1,1,3079467776 pos=-51234.47,1555.93,2851.09
[06:45:34.461] [JOIN] INFO: SCENARIO RECV hand=1,2637329152,1,1,3079467776 pos=-51234.47,1555.93,2851.09
[06:45:34.958] [JOIN] INFO: SCENARIO RECV hand=1,2637329152,1,1,3079467776 pos=-51234.47,1555.93,2851.09
[06:45:34.958] [JOIN] INFO: SPIKE 43 zone role=J t=3016 zmgr=00007FF4E9120018 zmap=00007FF4E91935E0 inzone=1
[06:45:35.461] [JOIN] INFO: SCENARIO RECV hand=1,2637329152,1,1,3079467776 pos=-51234.47,1555.93,2851.09
[06:45:35.958] [JOIN] INFO: SCENARIO RECV hand=1,2637329152,1,1,3079467776 pos=-51234.47,1555.93,2851.09
[06:45:35.966] [JOIN] INFO: [gate] hand=1,1667968768 host=1 local=65535  agree=911/1965 (46%)
[06:45:36.461] [JOIN] INFO: SCENARIO RECV hand=1,2637329152,1,1,3079467776 pos=-51234.47,1555.93,2851.09
[06:45:36.461] [JOIN] INFO: SPIKE 43 zone role=J t=4516 zmgr=00007FF4E9120018 zmap=00007FF4E91935E0 inzone=1
[06:45:36.956] [JOIN] INFO: SCENARIO RECV hand=1,2637329152,1,1,3079467776 pos=-51234.47,1555.93,2851.09
[06:45:37.460] [JOIN] INFO: SCENARIO RECV hand=1,2637329152,1,1,3079467776 pos=-51234.47,1555.93,2851.09
[06:45:37.956] [JOIN] INFO: SCENARIO RECV hand=1,2637329152,1,1,3079467776 pos=-51234.47,1555.93,2851.09
[06:45:37.956] [JOIN] INFO: SPIKE 43 zone role=J t=6016 zmgr=00007FF4E9120018 zmap=00007FF4E91935E0 inzone=1
[06:45:37.970] [JOIN] INFO: [gate] hand=1,2590331904 host=51 local=1  agree=1610/2938 (54%)
[06:45:38.459] [JOIN] INFO: SCENARIO RECV hand=1,2637329152,1,1,3079467776 pos=-51234.47,1555.93,2851.09
[06:45:38.960] [JOIN] INFO: SCENARIO RECV hand=1,2637329152,1,1,3079467776 pos=-51234.47,1555.93,2851.09
[06:45:39.460] [JOIN] INFO: SCENARIO RECV hand=1,2637329152,1,1,3079467776 pos=-51234.47,1555.93,2851.09
[06:45:39.460] [JOIN] INFO: SPIKE 43 zone role=J t=7516 zmgr=00007FF4E9120018 zmap=00007FF4E91935E0 inzone=1
[06:45:39.955] [JOIN] INFO: SCENARIO RECV hand=1,2637329152,1,1,3079467776 pos=-51234.47,1555.93,2851.09
[06:45:39.971] [JOIN] INFO: [gate] hand=1,2590331904 host=51 local=1  agree=2426/4026 (60%)
[06:45:40.458] [JOIN] INFO: SCENARIO RECV hand=1,2637329152,1,1,3079467776 pos=-51234.47,1555.93,2851.09
[06:45:40.961] [JOIN] INFO: [taskkey] key=141 desc='Following leader' repro=0 subject=1
[06:45:40.961] [JOIN] INFO: [authority] suppress NPC hand=6,3454589952 (streamed=5 local=7 supp=3)
[06:45:40.961] [JOIN] INFO: SCENARIO RECV hand=1,2637329152,1,1,3079467776 pos=-51234.47,1555.93,2851.09
[06:45:40.961] [JOIN] INFO: SPIKE 43 zone role=J t=9016 zmgr=00007FF4E9120018 zmap=00007FF4E91935E0 inzone=1
[06:45:41.254] [JOIN] INFO: [authority] suppress NPC hand=3,2274414080 (streamed=5 local=8 supp=4)
[06:45:41.268] [JOIN] INFO: [authority] suppress NPC hand=1,3662475520 (streamed=5 local=9 supp=5)
[06:45:41.457] [JOIN] INFO: SCENARIO RECV hand=1,2637329152,1,1,3079467776 pos=-51234.47,1555.93,2851.09
[06:45:41.837] [JOIN] INFO: [authority] suppress NPC hand=7,3511962880 (streamed=5 local=10 supp=6)
[06:45:41.963] [JOIN] INFO: SCENARIO RECV hand=1,2637329152,1,1,3079467776 pos=-51234.47,1555.93,2851.09
[06:45:41.972] [JOIN] INFO: [gate] hand=1,2590331904 host=51 local=1  agree=3239/5110 (63%)
[06:45:42.102] [JOIN] INFO: [authority] suppress NPC hand=2,2727661056 (streamed=5 local=11 supp=7)
[06:45:42.462] [JOIN] INFO: SCENARIO RECV hand=1,2637329152,1,1,3079467776 pos=-51234.47,1555.93,2851.09
[06:45:42.462] [JOIN] INFO: SPIKE 43 zone role=J t=10516 zmgr=00007FF4E9120018 zmap=00007FF4E91935E0 inzone=1
[06:45:42.961] [JOIN] INFO: SCENARIO RECV hand=1,2637329152,1,1,3079467776 pos=-51234.47,1555.93,2851.09
[06:45:43.458] [JOIN] INFO: SCENARIO RECV hand=1,2637329152,1,1,3079467776 pos=-51234.47,1555.93,2851.09
[06:45:43.960] [JOIN] INFO: SCENARIO RECV hand=1,2637329152,1,1,3079467776 pos=-51234.47,1555.93,2851.09
[06:45:43.960] [JOIN] INFO: SPIKE 43 zone role=J t=12016 zmgr=00007FF4E9120018 zmap=00007FF4E91935E0 inzone=1
[06:45:43.976] [JOIN] INFO: [gate] hand=1,2590331904 host=51 local=1  agree=4055/6198 (65%)
[06:45:44.456] [JOIN] INFO: SCENARIO RECV hand=1,2637329152,1,1,3079467776 pos=-51234.47,1555.93,2851.09
[06:45:44.961] [JOIN] INFO: SCENARIO RECV hand=1,2637329152,1,1,3079467776 pos=-51234.47,1555.93,2851.09
[06:45:45.455] [JOIN] INFO: SCENARIO RECV hand=1,2637329152,1,1,3079467776 pos=-51234.47,1555.93,2851.09
[06:45:45.455] [JOIN] INFO: SPIKE 43 zone role=J t=13516 zmgr=00007FF4E9120018 zmap=00007FF4E91935E0 inzone=1
[06:45:45.493] [JOIN] INFO: [authority] suppress NPC hand=1,3808471552 (streamed=5 local=12 supp=8)
[06:45:45.955] [JOIN] INFO: SCENARIO RECV hand=1,2637329152,1,1,3079467776 pos=-51234.47,1555.93,2851.09
[06:45:45.977] [JOIN] INFO: [gate] hand=1,2590331904 host=51 local=1  agree=4871/7286 (66%)
[06:45:46.458] [JOIN] INFO: SCENARIO RECV hand=1,2637329152,1,1,3079467776 pos=-51234.47,1555.93,2851.09
[06:45:46.585] [JOIN] INFO: [authority] suppress NPC hand=11,3073608448 (streamed=5 local=13 supp=9)
[06:45:46.956] [JOIN] INFO: SCENARIO RECV hand=1,2637329152,1,1,3079467776 pos=-51234.47,1555.93,2851.09
[06:45:46.956] [JOIN] INFO: SPIKE 43 zone role=J t=15016 zmgr=00007FF4E9120018 zmap=00007FF4E91935E0 inzone=1
[06:45:47.462] [JOIN] INFO: SCENARIO RECV hand=1,2637329152,1,1,3079467776 pos=-51234.47,1555.93,2851.09
[06:45:47.961] [JOIN] INFO: SCENARIO RECV hand=1,2637329152,1,1,3079467776 pos=-51234.47,1555.93,2851.09
[06:45:47.984] [JOIN] INFO: [gate] hand=1,2590331904 host=51 local=1  agree=5675/8358 (67%)
[06:45:48.457] [JOIN] INFO: SCENARIO RECV hand=1,2637329152,1,1,3079467776 pos=-51234.47,1555.93,2851.09
[06:45:48.457] [JOIN] INFO: SPIKE 43 zone role=J t=16516 zmgr=00007FF4E9120018 zmap=00007FF4E91935E0 inzone=1
[06:45:48.958] [JOIN] INFO: SCENARIO RECV hand=1,2637329152,1,1,3079467776 pos=-51234.47,1555.93,2851.09
[06:45:49.461] [JOIN] INFO: SCENARIO RECV hand=1,2637329152,1,1,3079467776 pos=-51234.47,1555.93,2851.09
[06:45:49.961] [JOIN] INFO: [authority] restore NPC hand=1,3808471552 (supp=8)
[06:45:49.961] [JOIN] INFO: SCENARIO RECV hand=1,2637329152,1,1,3079467776 pos=-51234.47,1555.93,2851.09
[06:45:49.961] [JOIN] INFO: SPIKE 43 zone role=J t=18016 zmgr=00007FF4E9120018 zmap=00007FF4E91935E0 inzone=1
[06:45:49.991] [JOIN] INFO: [gate] hand=1,2590331904 host=51 local=1  agree=6465/9430 (68%)
[06:45:50.457] [JOIN] INFO: SCENARIO RECV hand=1,2637329152,1,1,3079467776 pos=-51234.47,1555.93,2851.09
[06:45:50.957] [JOIN] INFO: [authority] suppress NPC hand=1,1667968768 (streamed=5 local=13 supp=9)
[06:45:50.957] [JOIN] INFO: SCENARIO RECV hand=1,2637329152,1,1,3079467776 pos=-51234.47,1555.93,2851.09
[06:45:51.454] [JOIN] INFO: [authority] suppress NPC hand=12,2005004928 (streamed=5 local=14 supp=10)
[06:45:51.455] [JOIN] INFO: SCENARIO RECV hand=1,2637329152,1,1,3079467776 pos=-51234.47,1555.93,2851.09
[06:45:51.455] [JOIN] INFO: SPIKE 43 zone role=J t=19516 zmgr=00007FF4E9120018 zmap=00007FF4E91935E0 inzone=1
[06:45:51.956] [JOIN] INFO: SCENARIO RECV hand=1,2637329152,1,1,3079467776 pos=-51234.47,1555.93,2851.09
[06:45:51.995] [JOIN] INFO: [gate] hand=1,2590331904 host=51 local=1  agree=7302/10620 (68%)
[06:45:52.460] [JOIN] INFO: SCENARIO RECV hand=1,2637329152,1,1,3079467776 pos=-51234.47,1555.93,2851.09
[06:45:52.962] [JOIN] INFO: SCENARIO RECV hand=1,2637329152,1,1,3079467776 pos=-51234.47,1555.93,2851.09
[06:45:52.962] [JOIN] INFO: SPIKE 43 zone role=J t=21016 zmgr=00007FF4E9120018 zmap=00007FF4E91935E0 inzone=1
[06:45:53.457] [JOIN] INFO: SCENARIO RECV hand=1,2637329152,1,1,3079467776 pos=-51234.47,1555.93,2851.09
[06:45:53.958] [JOIN] INFO: SCENARIO RECV hand=1,2637329152,1,1,3079467776 pos=-51234.47,1555.93,2851.09
[06:45:53.999] [JOIN] INFO: [gate] hand=1,2590331904 host=51 local=1  agree=8019/11664 (68%)
[06:45:54.457] [JOIN] INFO: SCENARIO RECV hand=1,2637329152,1,1,3079467776 pos=-51234.47,1555.93,2851.09
[06:45:54.457] [JOIN] INFO: SPIKE 43 zone role=J t=22516 zmgr=00007FF4E9120018 zmap=00007FF4E91935E0 inzone=1
[06:45:54.958] [JOIN] INFO: SCENARIO RECV hand=1,2637329152,1,1,3079467776 pos=-51234.47,1555.93,2851.09
[06:45:55.196] [JOIN] INFO: [authority] suppress NPC hand=3,3090698240 (streamed=0 local=14 supp=11)
[06:45:55.196] [JOIN] INFO: [authority] suppress NPC hand=1,3996215808 (streamed=0 local=14 supp=12)
[06:45:55.196] [JOIN] INFO: [authority] suppress NPC hand=1,3808471552 (streamed=0 local=14 supp=13)
[06:45:55.196] [JOIN] INFO: [authority] suppress NPC hand=1,2590331904 (streamed=0 local=14 supp=14)
[06:45:55.461] [JOIN] INFO: SCENARIO RECV hand=1,2637329152,1,1,3079467776 pos=-51234.47,1555.93,2851.09
[06:45:55.957] [JOIN] INFO: SCENARIO RECV hand=1,2637329152,1,1,3079467776 pos=-51234.47,1555.93,2851.09
[06:45:55.957] [JOIN] INFO: SPIKE 43 zone role=J t=24016 zmgr=00007FF4E9120018 zmap=00007FF4E91935E0 inzone=1
[06:45:56.457] [JOIN] INFO: SCENARIO RECV hand=1,2637329152,1,1,3079467776 pos=-51234.47,1555.93,2851.09
[06:45:56.959] [JOIN] INFO: SCENARIO RECV hand=1,2637329152,1,1,3079467776 pos=-51234.47,1555.93,2851.09
[06:45:57.455] [JOIN] INFO: SCENARIO RECV hand=1,2637329152,1,1,3079467776 pos=-51234.47,1555.93,2851.09
[06:45:57.455] [JOIN] INFO: SPIKE 43 zone role=J t=25516 zmgr=00007FF4E9120018 zmap=00007FF4E91935E0 inzone=1
[06:45:57.960] [JOIN] INFO: SCENARIO RECV hand=1,2637329152,1,1,3079467776 pos=-51234.47,1555.93,2851.09
[06:45:58.457] [JOIN] INFO: SCENARIO RECV hand=1,2637329152,1,1,3079467776 pos=-51234.47,1555.93,2851.09
[06:45:58.803] [JOIN] INFO: [net] disconnected from host
[06:45:58.805] [JOIN] INFO: handshake: peer left id=4294967295
[06:45:58.853] [JOIN] INFO: [net] reconnecting
[06:45:58.961] [JOIN] INFO: SCENARIO RECV hand=1,2637329152,1,1,3079467776 pos=-51234.47,1555.93,2851.09
[06:45:58.961] [JOIN] INFO: SPIKE 43 zone role=J t=27016 zmgr=00007FF4E9120018 zmap=00007FF4E91935E0 inzone=1
[06:45:59.059] [JOIN] INFO: [authority] suppress NPC hand=8,161499024 (streamed=0 local=15 supp=15)
[06:45:59.455] [JOIN] INFO: SCENARIO RECV hand=1,2637329152,1,1,3079467776 pos=-51234.47,1555.93,2851.09
[06:45:59.958] [JOIN] INFO: SCENARIO RECV hand=1,2637329152,1,1,3079467776 pos=-51234.47,1555.93,2851.09
[06:46:00.460] [JOIN] INFO: SCENARIO RECV hand=1,2637329152,1,1,3079467776 pos=-51234.47,1555.93,2851.09
[06:46:00.460] [JOIN] INFO: SPIKE 43 zone role=J t=28516 zmgr=00007FF4E9120018 zmap=00007FF4E91935E0 inzone=1
[06:46:00.958] [JOIN] INFO: SCENARIO RECV hand=1,2637329152,1,1,3079467776 pos=-51234.47,1555.93,2851.09
[06:46:01.457] [JOIN] INFO: SCENARIO RECV hand=1,2637329152,1,1,3079467776 pos=-51234.47,1555.93,2851.09
[06:46:01.943] [JOIN] INFO: KenshiCoop: test duration elapsed; exiting
