[12:14:04.861] [HOST] INFO: log opened
[12:14:04.861] [HOST] INFO: KenshiCoop loaded! (clean rebuild)
[12:14:04.861] [HOST] INFO: KenshiCoop: build Jul  4 2026 12:13:16
[12:14:04.861] [HOST] INFO: KenshiCoop: role=HOST proto=v11 port=27800 save='c'
[12:14:04.907] [HOST] INFO: KenshiCoop: ownership ranks = {0} (bidirectional presence)
[12:14:04.946] [HOST] INFO: KenshiCoop: auto-load armed for save 'c'
[12:14:04.946] [HOST] INFO: KenshiCoop: test mode - self-exit 32 s after gameplay starts
[12:14:04.946] [HOST] INFO: KenshiCoop: scenario armed 'spike'
[12:14:04.946] [HOST] INFO: KenshiCoop: starting as HOST
[12:14:04.946] [HOST] INFO: [net] hosting
[12:14:14.013] [HOST] INFO: KenshiCoop: auto-load issued for save 'c' (after 5000 ms settle)
[12:14:16.153] [HOST] INFO: [net] peer connecting (awaiting HELLO)
[12:14:16.153] [HOST] INFO: [net] peer connected id=1 (proto v11)
[12:14:18.107] [HOST] INFO: handshake: peer present id=1 (local id=0)
[12:14:31.510] [HOST] INFO: KenshiCoop: gameplay started
[12:14:31.511] [HOST] INFO: SCENARIO spike start
[12:14:31.511] [HOST] INFO: SPIKE 56bake start id=56bake host=1 perSide=20
[12:14:31.512] [HOST] INFO: SCENARIO MEMBER hand=1,2637329152,1,1,3079467776 pos=-51234.47,1547.65,2851.09
[12:14:31.512] [HOST] INFO: SPIKE 56bake smoke leader hand=1,2637329152,1,1,3079467776 pos=-51234.5,1547.6,2851.1
[12:14:31.518] [HOST] INFO: SCENARIO MEMBER hand=1,2637329152,1,1,3079467776 pos=-51234.47,1547.65,2851.09
[12:14:31.526] [HOST] INFO: SCENARIO MEMBER hand=1,2637329152,1,1,3079467776 pos=-51234.47,1555.93,2851.09
[12:14:31.566] [HOST] INFO: [taskkey] key=87 desc='Operating machine' repro=1 subject=1
[12:14:31.566] [HOST] INFO: [seatres] HOST task=87 npc=1,1723144576 subj=514,2909912064 ok=1 npcpos=-51206.5,2659.7 subjpos=-51206.5,2659.7 d=0.0
[12:14:31.675] [HOST] INFO: [taskkey] key=1 desc='Moving' repro=0 subject=1
[12:14:32.028] [HOST] INFO: SCENARIO MEMBER hand=1,2637329152,1,1,3079467776 pos=-51234.47,1555.93,2851.09
[12:14:32.527] [HOST] INFO: SCENARIO MEMBER hand=1,2637329152,1,1,3079467776 pos=-51234.47,1555.93,2851.09
[12:14:32.898] [HOST] INFO: [taskkey] key=51 desc='Stand at node' repro=0 subject=1
[12:14:32.907] [HOST] INFO: [seatres] HOST task=87 npc=1,3996215808 subj=513,1109374976 ok=1 npcpos=-51201.2,2664.1 subjpos=-51194.2,2657.7 d=9.5
[12:14:33.033] [HOST] INFO: SCENARIO MEMBER hand=1,2637329152,1,1,3079467776 pos=-51234.47,1555.93,2851.09
[12:14:33.526] [HOST] INFO: SCENARIO MEMBER hand=1,2637329152,1,1,3079467776 pos=-51234.47,1555.93,2851.09
[12:14:34.028] [HOST] INFO: SCENARIO MEMBER hand=1,2637329152,1,1,3079467776 pos=-51234.47,1555.93,2851.09
[12:14:34.524] [HOST] INFO: SCENARIO MEMBER hand=1,2637329152,1,1,3079467776 pos=-51234.47,1555.93,2851.09
[12:14:34.524] [HOST] INFO: SETUP(lethal): red=000000007516D7B0 blue=00000000750D8940 hostile=1 clusters=3
[12:14:34.532] [HOST] INFO: SETUP(lethal): perSide=20 red=20 blue=20 orders=40
[12:14:34.532] [HOST] INFO: SPIKE 56bake bake56 spawned=40 perSide=20
[12:14:34.538] [HOST] INFO: [taskkey] key=6 desc='Equipping weapon' repro=0 subject=1
[12:14:34.652] [HOST] INFO: [taskkey] key=61 desc='Attacking target unprovoked' repro=0 subject=1
[12:14:35.024] [HOST] INFO: SCENARIO MEMBER hand=1,2637329152,1,1,3079467776 pos=-51240.91,1556.16,2850.29
[12:14:35.524] [HOST] INFO: SCENARIO MEMBER hand=1,2637329152,1,1,3079467776 pos=-51247.64,1557.12,2846.51
[12:14:35.642] [HOST] INFO: [taskkey] key=4 desc='Attacking' repro=0 subject=1
[12:14:36.031] [HOST] INFO: SCENARIO MEMBER hand=1,2637329152,1,1,3079467776 pos=-51248.83,1557.23,2846.91
[12:14:36.534] [HOST] INFO: SCENARIO MEMBER hand=1,2637329152,1,1,3079467776 pos=-51249.63,1557.27,2847.35
[12:14:37.047] [HOST] INFO: SCENARIO MEMBER hand=1,2637329152,1,1,3079467776 pos=-51251.18,1557.36,2848.00
[12:14:37.546] [HOST] INFO: SCENARIO MEMBER hand=1,2637329152,1,1,3079467776 pos=-51253.96,1557.70,2847.92
[12:14:38.042] [HOST] INFO: SCENARIO MEMBER hand=1,2637329152,1,1,3079467776 pos=-51256.59,1558.09,2847.25
[12:14:38.545] [HOST] INFO: SCENARIO MEMBER hand=1,2637329152,1,1,3079467776 pos=-51256.64,1558.08,2847.36
[12:14:39.045] [HOST] INFO: SCENARIO MEMBER hand=1,2637329152,1,1,3079467776 pos=-51257.11,1558.16,2847.22
[12:14:39.540] [HOST] INFO: SCENARIO MEMBER hand=1,2637329152,1,1,3079467776 pos=-51257.11,1558.16,2847.22
[12:14:40.040] [HOST] INFO: SCENARIO MEMBER hand=1,2637329152,1,1,3079467776 pos=-51257.11,1558.16,2847.22
[12:14:40.548] [HOST] INFO: SCENARIO MEMBER hand=1,2637329152,1,1,3079467776 pos=-51257.11,1558.16,2847.22
[12:14:41.040] [HOST] INFO: SCENARIO MEMBER hand=1,2637329152,1,1,3079467776 pos=-51257.11,1558.16,2847.22
[12:14:41.546] [HOST] INFO: SCENARIO MEMBER hand=1,2637329152,1,1,3079467776 pos=-51256.07,1557.92,2848.13
[12:14:42.049] [HOST] INFO: SCENARIO MEMBER hand=1,2637329152,1,1,3079467776 pos=-51256.07,1557.92,2848.13
[12:14:42.259] [HOST] INFO: [event] SEND id=1 ev=1 hand=1,61,2682251008,1,3805420032 actor=1,3917236224 bs 0->1
[12:14:42.316] [HOST] INFO: [event] SEND id=2 ev=1 hand=1,58,1453491200,1,2148071168 actor=1,2962890752 bs 0->1
[12:14:42.546] [HOST] INFO: SCENARIO MEMBER hand=1,2637329152,1,1,3079467776 pos=-51255.63,1557.81,2848.52
[12:14:43.040] [HOST] INFO: SCENARIO MEMBER hand=1,2637329152,1,1,3079467776 pos=-51255.63,1557.81,2848.52
[12:14:43.547] [HOST] INFO: SCENARIO MEMBER hand=1,2637329152,1,1,3079467776 pos=-51255.63,1557.81,2848.52
[12:14:44.039] [HOST] INFO: SCENARIO MEMBER hand=1,2637329152,1,1,3079467776 pos=-51255.63,1557.81,2848.52
[12:14:44.542] [HOST] INFO: [event] SEND id=3 ev=1 hand=1,51,2474609408,1,1862304640 actor=1,576171904 bs 0->1
[12:14:44.545] [HOST] INFO: SCENARIO MEMBER hand=1,2637329152,1,1,3079467776 pos=-51255.63,1557.81,2848.52
[12:14:44.842] [HOST] INFO: [event] SEND id=4 ev=1 hand=1,44,1138305664,1,729858368 actor=1,1147827200 bs 0->1
[12:14:45.044] [HOST] INFO: SCENARIO MEMBER hand=1,2637329152,1,1,3079467776 pos=-51255.63,1557.81,2848.52
[12:14:45.543] [HOST] INFO: SCENARIO MEMBER hand=1,2637329152,1,1,3079467776 pos=-51255.59,1557.49,2850.88
[12:14:45.543] [HOST] INFO: SPIKE 56bake bake56 bakeSave issued=1 near80=41 fighting=34 down=4 t=14031
[12:14:45.913] [HOST] INFO: [event] SEND id=5 ev=1 hand=1,29,695922880,1,3141601536 actor=1,3205810432 bs 0->1
[12:14:46.046] [HOST] INFO: SCENARIO MEMBER hand=1,2637329152,1,1,3079467776 pos=-51255.23,1557.31,2851.93
[12:14:46.543] [HOST] INFO: SCENARIO MEMBER hand=1,2637329152,1,1,3079467776 pos=-51254.82,1557.22,2852.27
[12:14:47.045] [HOST] INFO: SCENARIO MEMBER hand=1,2637329152,1,1,3079467776 pos=-51254.56,1557.29,2851.48
[12:14:47.542] [HOST] INFO: SCENARIO MEMBER hand=1,2637329152,1,1,3079467776 pos=-51254.56,1557.29,2851.48
[12:14:48.043] [HOST] INFO: SCENARIO MEMBER hand=1,2637329152,1,1,3079467776 pos=-51254.61,1557.32,2851.35
[12:14:48.540] [HOST] INFO: SCENARIO MEMBER hand=1,2637329152,1,1,3079467776 pos=-51254.71,1557.39,2850.91
[12:14:48.800] [HOST] INFO: [event] SEND id=6 ev=1 hand=1,64,2458374144,1,3244872960 actor=1,2500976640 bs 0->9
[12:14:49.047] [HOST] INFO: SCENARIO MEMBER hand=1,2637329152,1,1,3079467776 pos=-51254.71,1557.39,2850.91
[12:14:49.545] [HOST] INFO: SCENARIO MEMBER hand=1,2637329152,1,1,3079467776 pos=-51254.71,1557.39,2850.91
[12:14:50.049] [HOST] INFO: SCENARIO MEMBER hand=1,2637329152,1,1,3079467776 pos=-51254.71,1557.39,2850.91
[12:14:50.545] [HOST] INFO: SCENARIO MEMBER hand=1,2637329152,1,1,3079467776 pos=-51254.14,1557.29,2851.14
[12:14:51.043] [HOST] INFO: SCENARIO MEMBER hand=1,2637329152,1,1,3079467776 pos=-51253.65,1557.13,2851.89
[12:14:51.205] [HOST] INFO: [taskkey] key=52 desc='Waking up' repro=0 subject=0
[12:14:51.547] [HOST] INFO: SCENARIO MEMBER hand=1,2637329152,1,1,3079467776 pos=-51253.65,1557.13,2851.89
[12:14:52.048] [HOST] INFO: SCENARIO MEMBER hand=1,2637329152,1,1,3079467776 pos=-51253.65,1557.13,2851.89
[12:14:52.548] [HOST] INFO: SCENARIO MEMBER hand=1,2637329152,1,1,3079467776 pos=-51253.65,1557.13,2851.89
[12:14:53.048] [HOST] INFO: SCENARIO MEMBER hand=1,2637329152,1,1,3079467776 pos=-51253.65,1557.13,2851.89
[12:14:53.543] [HOST] INFO: SCENARIO MEMBER hand=1,2637329152,1,1,3079467776 pos=-51253.65,1557.13,2851.89
[12:14:54.044] [HOST] INFO: SCENARIO MEMBER hand=1,2637329152,1,1,3079467776 pos=-51253.43,1557.10,2851.86
[12:14:54.173] [HOST] INFO: [event] SEND id=7 ev=1 hand=1,47,838378880,1,1625122048 actor=1,3201049856 bs 0->1
[12:14:54.541] [HOST] INFO: SCENARIO MEMBER hand=1,2637329152,1,1,3079467776 pos=-51253.15,1557.05,2851.87
[12:14:55.046] [HOST] INFO: SCENARIO MEMBER hand=1,2637329152,1,1,3079467776 pos=-51253.15,1557.05,2851.87
[12:14:55.543] [HOST] INFO: SCENARIO MEMBER hand=1,2637329152,1,1,3079467776 pos=-51253.15,1557.05,2851.87
[12:14:56.044] [HOST] INFO: SCENARIO MEMBER hand=1,2637329152,1,1,3079467776 pos=-51252.73,1557.11,2851.16
[12:14:56.548] [HOST] INFO: SCENARIO MEMBER hand=1,2637329152,1,1,3079467776 pos=-51250.51,1557.40,2847.16
[12:14:57.045] [HOST] INFO: SCENARIO MEMBER hand=1,2637329152,1,1,3079467776 pos=-51250.21,1557.46,2846.41
[12:14:57.514] [HOST] INFO: SCENARIO RESULT PASS
[12:14:59.819] [HOST] INFO: [taskkey] key=147 desc='Stumbling' repro=0 subject=0
[12:15:00.202] [HOST] INFO: [event] SEND id=8 ev=1 hand=1,40,49682616,1,2328613376 actor=1,812133760 bs 0->1
[12:15:01.188] [HOST] INFO: [event] SEND id=9 ev=1 hand=1,53,945922880,1,3807373056 actor=1,3917236224 bs 0->1
