[08:49:58.398] [HOST] INFO: log opened
[08:49:58.398] [HOST] INFO: KenshiCoop loaded! (clean rebuild)
[08:49:58.398] [HOST] INFO: KenshiCoop: build Jun 20 2026 08:49:18
[08:49:58.398] [HOST] INFO: KenshiCoop: role=HOST proto=v11 port=27800 save='c'
[08:49:58.441] [HOST] INFO: KenshiCoop: ownership ranks = {0} (bidirectional presence)
[08:49:58.485] [HOST] INFO: KenshiCoop: auto-load armed for save 'c'
[08:49:58.485] [HOST] INFO: KenshiCoop: test mode - self-exit 58 s after gameplay starts
[08:49:58.485] [HOST] INFO: KenshiCoop: scenario armed 'spike'
[08:49:58.485] [HOST] INFO: KenshiCoop: starting as HOST
[08:49:58.485] [HOST] INFO: [net] hosting
[08:50:04.989] [HOST] INFO: KenshiCoop: auto-load issued for save 'c' (after 5000 ms settle)
[08:50:09.248] [HOST] INFO: [net] peer connecting (awaiting HELLO)
[08:50:09.248] [HOST] INFO: [net] peer connected id=1 (proto v11)
[08:50:09.279] [HOST] INFO: handshake: peer present id=1 (local id=0)
[08:50:16.377] [HOST] INFO: KenshiCoop: gameplay started
[08:50:16.377] [HOST] INFO: SCENARIO spike start
[08:50:16.377] [HOST] INFO: SPIKE 53 start id=53 host=1 perSide=20
[08:50:16.378] [HOST] INFO: SCENARIO MEMBER hand=1,2637329152,1,1,3079467776 pos=-51234.47,1547.65,2851.09
[08:50:16.378] [HOST] INFO: SPIKE 53 smoke leader hand=1,2637329152,1,1,3079467776 pos=-51234.5,1547.6,2851.1
[08:50:16.385] [HOST] INFO: SCENARIO MEMBER hand=1,2637329152,1,1,3079467776 pos=-51234.47,1547.65,2851.09
[08:50:16.392] [HOST] INFO: SCENARIO MEMBER hand=1,2637329152,1,1,3079467776 pos=-51234.47,1555.93,2851.09
[08:50:16.398] [HOST] INFO: SCENARIO MEMBER hand=1,2637329152,1,1,3079467776 pos=-51234.47,1555.93,2851.09
[08:50:16.418] [HOST] INFO: [taskkey] key=87 desc='Operating machine' repro=1 subject=1
[08:50:16.418] [HOST] INFO: [seatres] HOST task=87 npc=1,1723144576 subj=514,2909912064 ok=1 npcpos=-51206.5,2659.7 subjpos=-51206.5,2659.7 d=0.0
[08:50:16.485] [HOST] INFO: [taskkey] key=1 desc='Moving' repro=0 subject=1
[08:50:16.625] [HOST] INFO: [taskkey] key=51 desc='Stand at node' repro=0 subject=1
[08:50:16.897] [HOST] INFO: SCENARIO MEMBER hand=1,2637329152,1,1,3079467776 pos=-51234.47,1555.93,2851.09
[08:50:17.397] [HOST] INFO: SCENARIO MEMBER hand=1,2637329152,1,1,3079467776 pos=-51234.47,1555.93,2851.09
[08:50:17.696] [HOST] INFO: [seatres] HOST task=87 npc=1,3996215808 subj=513,1109374976 ok=1 npcpos=-51199.1,2664.3 subjpos=-51194.2,2657.7 d=8.3
[08:50:17.897] [HOST] INFO: SCENARIO MEMBER hand=1,2637329152,1,1,3079467776 pos=-51234.47,1555.93,2851.09
[08:50:17.897] [HOST] INFO: SETUP: faction scan found 52 loaded NPC(s) within 6000u
[08:50:17.897] [HOST] INFO: SETUP(battle): using nearby non-player faction (peaceful base)
[08:50:17.906] [HOST] INFO: SETUP(battle): perSide=20 red=20 blue=20 orders=40
[08:50:17.906] [HOST] INFO: SPIKE 53 jfps HOST battle spawned perSide=20 total=40
[08:50:17.906] [HOST] INFO: SPIKE 53 jfps HOST t=1516 alive=40 fighting=0
[08:50:17.913] [HOST] INFO: [taskkey] key=6 desc='Equipping weapon' repro=0 subject=1
[08:50:17.973] [HOST] INFO: [taskkey] key=61 desc='Attacking target unprovoked' repro=0 subject=1
[08:50:18.399] [HOST] INFO: SCENARIO MEMBER hand=1,2637329152,1,1,3079467776 pos=-51238.95,1556.93,2845.49
[08:50:18.878] [HOST] INFO: [taskkey] key=4 desc='Attacking' repro=0 subject=1
[08:50:18.900] [HOST] INFO: SCENARIO MEMBER hand=1,2637329152,1,1,3079467776 pos=-51239.21,1556.98,2845.21
[08:50:18.900] [HOST] INFO: SPIKE 53 jfps HOST t=2516 alive=40 fighting=40
[08:50:19.399] [HOST] INFO: SCENARIO MEMBER hand=1,2637329152,1,1,3079467776 pos=-51239.20,1557.09,2844.57
[08:50:19.894] [HOST] INFO: SCENARIO MEMBER hand=1,2637329152,1,1,3079467776 pos=-51240.24,1557.31,2842.64
[08:50:19.894] [HOST] INFO: SPIKE 53 jfps HOST t=3516 alive=40 fighting=40
[08:50:20.395] [HOST] INFO: SCENARIO MEMBER hand=1,2637329152,1,1,3079467776 pos=-51242.23,1557.43,2841.58
[08:50:20.893] [HOST] INFO: SCENARIO MEMBER hand=1,2637329152,1,1,3079467776 pos=-51243.22,1557.44,2841.62
[08:50:20.893] [HOST] INFO: SPIKE 53 jfps HOST t=4516 alive=40 fighting=40
[08:50:21.397] [HOST] INFO: SCENARIO MEMBER hand=1,2637329152,1,1,3079467776 pos=-51242.75,1557.62,2839.83
[08:50:21.900] [HOST] INFO: SCENARIO MEMBER hand=1,2637329152,1,1,3079467776 pos=-51244.69,1558.06,2836.88
[08:50:21.900] [HOST] INFO: SPIKE 53 jfps HOST t=5516 alive=40 fighting=40
[08:50:22.398] [HOST] INFO: SCENARIO MEMBER hand=1,2637329152,1,1,3079467776 pos=-51244.69,1558.06,2836.88
[08:50:22.896] [HOST] INFO: SCENARIO MEMBER hand=1,2637329152,1,1,3079467776 pos=-51244.69,1558.06,2836.88
[08:50:22.896] [HOST] INFO: SPIKE 53 jfps HOST t=6516 alive=40 fighting=40
[08:50:23.401] [HOST] INFO: SCENARIO MEMBER hand=1,2637329152,1,1,3079467776 pos=-51244.69,1558.06,2836.88
[08:50:23.895] [HOST] INFO: SCENARIO MEMBER hand=1,2637329152,1,1,3079467776 pos=-51244.69,1558.06,2836.88
[08:50:23.895] [HOST] INFO: SPIKE 53 jfps HOST t=7516 alive=40 fighting=40
[08:50:24.400] [HOST] INFO: SCENARIO MEMBER hand=1,2637329152,1,1,3079467776 pos=-51244.69,1558.06,2836.88
[08:50:24.902] [HOST] INFO: SCENARIO MEMBER hand=1,2637329152,1,1,3079467776 pos=-51244.69,1558.06,2836.88
[08:50:24.902] [HOST] INFO: SPIKE 53 jfps HOST t=8516 alive=40 fighting=40
[08:50:25.396] [HOST] INFO: SCENARIO MEMBER hand=1,2637329152,1,1,3079467776 pos=-51246.78,1558.19,2837.09
[08:50:25.899] [HOST] INFO: SCENARIO MEMBER hand=1,2637329152,1,1,3079467776 pos=-51251.54,1558.44,2839.71
[08:50:25.899] [HOST] INFO: SPIKE 53 jfps HOST t=9516 alive=40 fighting=40
[08:50:26.399] [HOST] INFO: SCENARIO MEMBER hand=1,2637329152,1,1,3079467776 pos=-51255.96,1558.59,2842.83
[08:50:26.895] [HOST] INFO: SCENARIO MEMBER hand=1,2637329152,1,1,3079467776 pos=-51258.16,1558.37,2846.53
[08:50:26.895] [HOST] INFO: SPIKE 53 jfps HOST t=10516 alive=40 fighting=40
[08:50:27.393] [HOST] INFO: SCENARIO MEMBER hand=1,2637329152,1,1,3079467776 pos=-51258.81,1558.34,2847.36
[08:50:27.899] [HOST] INFO: SCENARIO MEMBER hand=1,2637329152,1,1,3079467776 pos=-51258.81,1558.34,2847.36
[08:50:27.899] [HOST] INFO: SPIKE 53 jfps HOST t=11516 alive=40 fighting=40
[08:50:28.394] [HOST] INFO: SCENARIO MEMBER hand=1,2637329152,1,1,3079467776 pos=-51259.09,1558.44,2846.81
[08:50:28.899] [HOST] INFO: SCENARIO MEMBER hand=1,2637329152,1,1,3079467776 pos=-51259.68,1558.64,2845.81
[08:50:28.900] [HOST] INFO: SPIKE 53 jfps HOST t=12516 alive=40 fighting=40
[08:50:29.393] [HOST] INFO: SCENARIO MEMBER hand=1,2637329152,1,1,3079467776 pos=-51261.77,1559.13,2844.00
[08:50:29.901] [HOST] INFO: SCENARIO MEMBER hand=1,2637329152,1,1,3079467776 pos=-51264.26,1559.59,2841.69
[08:50:29.901] [HOST] INFO: SPIKE 53 jfps HOST t=13516 alive=40 fighting=40
[08:50:30.059] [HOST] INFO: [taskkey] key=119 desc='Shopping' repro=0 subject=1
[08:50:30.398] [HOST] INFO: SCENARIO MEMBER hand=1,2637329152,1,1,3079467776 pos=-51264.30,1559.61,2841.50
[08:50:30.898] [HOST] INFO: SCENARIO MEMBER hand=1,2637329152,1,1,3079467776 pos=-51262.12,1559.61,2838.75
[08:50:30.899] [HOST] INFO: SPIKE 53 jfps HOST t=14516 alive=40 fighting=40
[08:50:31.392] [HOST] INFO: SCENARIO MEMBER hand=1,2637329152,1,1,3079467776 pos=-51262.09,1559.62,2838.52
[08:50:31.899] [HOST] INFO: SCENARIO MEMBER hand=1,2637329152,1,1,3079467776 pos=-51262.09,1559.62,2838.52
[08:50:31.899] [HOST] INFO: SPIKE 53 jfps HOST t=15516 alive=40 fighting=40
[08:50:32.399] [HOST] INFO: SCENARIO MEMBER hand=1,2637329152,1,1,3079467776 pos=-51262.09,1559.62,2838.52
[08:50:32.900] [HOST] INFO: SCENARIO MEMBER hand=1,2637329152,1,1,3079467776 pos=-51262.09,1559.62,2838.52
[08:50:32.900] [HOST] INFO: SPIKE 53 jfps HOST t=16516 alive=40 fighting=40
[08:50:33.401] [HOST] INFO: SCENARIO MEMBER hand=1,2637329152,1,1,3079467776 pos=-51262.09,1559.62,2838.52
[08:50:33.892] [HOST] INFO: SCENARIO MEMBER hand=1,2637329152,1,1,3079467776 pos=-51262.09,1559.62,2838.52
[08:50:33.892] [HOST] INFO: SPIKE 53 jfps HOST t=17516 alive=40 fighting=40
[08:50:34.396] [HOST] INFO: SCENARIO MEMBER hand=1,2637329152,1,1,3079467776 pos=-51262.09,1559.62,2838.52
[08:50:34.898] [HOST] INFO: SCENARIO MEMBER hand=1,2637329152,1,1,3079467776 pos=-51262.09,1559.62,2838.52
[08:50:34.898] [HOST] INFO: SPIKE 53 jfps HOST t=18516 alive=40 fighting=40
[08:50:35.400] [HOST] INFO: SCENARIO MEMBER hand=1,2637329152,1,1,3079467776 pos=-51262.78,1559.63,2839.17
[08:50:35.900] [HOST] INFO: SCENARIO MEMBER hand=1,2637329152,1,1,3079467776 pos=-51263.41,1559.59,2840.35
[08:50:35.900] [HOST] INFO: SPIKE 53 jfps HOST t=19516 alive=40 fighting=40
[08:50:36.393] [HOST] INFO: SCENARIO MEMBER hand=1,2637329152,1,1,3079467776 pos=-51263.41,1559.59,2840.35
[08:50:37.690] [HOST] INFO: SCENARIO MEMBER hand=1,2637329152,1,1,3079467776 pos=-51263.41,1559.59,2840.35
[08:50:37.690] [HOST] INFO: SPIKE 53 jfps HOST t=21312 alive=40 fighting=40
[08:50:38.193] [HOST] INFO: SCENARIO MEMBER hand=1,2637329152,1,1,3079467776 pos=-51263.41,1559.59,2840.35
[08:50:38.697] [HOST] INFO: SCENARIO MEMBER hand=1,2637329152,1,1,3079467776 pos=-51263.41,1559.59,2840.35
[08:50:38.697] [HOST] INFO: SPIKE 53 jfps HOST t=22312 alive=40 fighting=40
[08:50:39.198] [HOST] INFO: SCENARIO MEMBER hand=1,2637329152,1,1,3079467776 pos=-51263.41,1559.59,2840.35
[08:50:39.232] [HOST] INFO: [event] SEND id=1 ev=1 hand=1,23,2111694336,1,3078002944 actor=2,2703369216 bs 0->1
[08:50:39.695] [HOST] INFO: SCENARIO MEMBER hand=1,2637329152,1,1,3079467776 pos=-51263.41,1559.59,2840.35
[08:50:39.695] [HOST] INFO: SPIKE 53 jfps HOST t=23312 alive=40 fighting=39
[08:50:40.315] [HOST] INFO: SCENARIO MEMBER hand=1,2637329152,1,1,3079467776 pos=-51263.41,1559.59,2840.35
[08:50:40.817] [HOST] INFO: SCENARIO MEMBER hand=1,2637329152,1,1,3079467776 pos=-51263.41,1559.59,2840.35
[08:50:40.817] [HOST] INFO: SPIKE 53 jfps HOST t=24437 alive=40 fighting=39
[08:50:41.354] [HOST] INFO: SCENARIO MEMBER hand=1,2637329152,1,1,3079467776 pos=-51263.41,1559.59,2840.35
[08:50:41.852] [HOST] INFO: SCENARIO MEMBER hand=1,2637329152,1,1,3079467776 pos=-51263.41,1559.59,2840.35
[08:50:41.852] [HOST] INFO: SPIKE 53 jfps HOST t=25469 alive=40 fighting=39
[08:50:42.381] [HOST] INFO: SCENARIO MEMBER hand=1,2637329152,1,1,3079467776 pos=-51263.41,1559.59,2840.35
[08:50:42.944] [HOST] INFO: SCENARIO MEMBER hand=1,2637329152,1,1,3079467776 pos=-51263.41,1559.59,2840.35
[08:50:42.944] [HOST] INFO: SPIKE 53 jfps HOST t=26562 alive=40 fighting=39
[08:50:43.444] [HOST] INFO: SCENARIO MEMBER hand=1,2637329152,1,1,3079467776 pos=-51263.41,1559.59,2840.35
[08:50:43.991] [HOST] INFO: SCENARIO MEMBER hand=1,2637329152,1,1,3079467776 pos=-51263.41,1559.59,2840.35
[08:50:43.991] [HOST] INFO: SPIKE 53 jfps HOST t=27609 alive=40 fighting=39
[08:50:44.487] [HOST] INFO: SCENARIO MEMBER hand=1,2637329152,1,1,3079467776 pos=-51263.41,1559.59,2840.35
[08:50:45.049] [HOST] INFO: SCENARIO MEMBER hand=1,2637329152,1,1,3079467776 pos=-51263.41,1559.59,2840.35
[08:50:45.050] [HOST] INFO: SPIKE 53 jfps HOST t=28672 alive=40 fighting=39
[08:50:45.556] [HOST] INFO: SCENARIO MEMBER hand=1,2637329152,1,1,3079467776 pos=-51263.41,1559.59,2840.35
[08:50:46.076] [HOST] INFO: SCENARIO MEMBER hand=1,2637329152,1,1,3079467776 pos=-51263.41,1559.59,2840.35
[08:50:46.076] [HOST] INFO: SPIKE 53 jfps HOST t=29687 alive=40 fighting=39
[08:50:46.566] [HOST] INFO: SCENARIO MEMBER hand=1,2637329152,1,1,3079467776 pos=-51263.41,1559.59,2840.35
[08:50:47.103] [HOST] INFO: SCENARIO MEMBER hand=1,2637329152,1,1,3079467776 pos=-51263.41,1559.59,2840.35
[08:50:47.103] [HOST] INFO: SPIKE 53 jfps HOST t=30719 alive=40 fighting=39
[08:50:47.598] [HOST] INFO: SCENARIO MEMBER hand=1,2637329152,1,1,3079467776 pos=-51263.41,1559.59,2840.35
[08:50:48.472] [HOST] INFO: SCENARIO MEMBER hand=1,2637329152,1,1,3079467776 pos=-51263.41,1559.59,2840.35
[08:50:48.472] [HOST] INFO: SPIKE 53 jfps HOST t=32094 alive=40 fighting=39
[08:50:48.974] [HOST] INFO: SCENARIO MEMBER hand=1,2637329152,1,1,3079467776 pos=-51263.41,1559.59,2840.35
[08:50:49.505] [HOST] INFO: SCENARIO MEMBER hand=1,2637329152,1,1,3079467776 pos=-51263.41,1559.59,2840.35
[08:50:49.505] [HOST] INFO: SPIKE 53 jfps HOST t=33125 alive=40 fighting=39
[08:50:50.003] [HOST] INFO: SCENARIO MEMBER hand=1,2637329152,1,1,3079467776 pos=-51263.41,1559.59,2840.35
[08:50:50.527] [HOST] INFO: SCENARIO MEMBER hand=1,2637329152,1,1,3079467776 pos=-51263.41,1559.59,2840.35
[08:50:50.527] [HOST] INFO: SPIKE 53 jfps HOST t=34141 alive=40 fighting=39
[08:50:51.020] [HOST] INFO: SCENARIO MEMBER hand=1,2637329152,1,1,3079467776 pos=-51263.41,1559.59,2840.35
[08:50:51.526] [HOST] INFO: SCENARIO MEMBER hand=1,2637329152,1,1,3079467776 pos=-51263.41,1559.59,2840.35
[08:50:51.526] [HOST] INFO: SPIKE 53 jfps HOST t=35141 alive=40 fighting=39
[08:50:52.243] [HOST] INFO: SCENARIO MEMBER hand=1,2637329152,1,1,3079467776 pos=-51263.41,1559.59,2840.35
[08:50:52.737] [HOST] INFO: SCENARIO MEMBER hand=1,2637329152,1,1,3079467776 pos=-51263.41,1559.59,2840.35
[08:50:52.737] [HOST] INFO: SPIKE 53 jfps HOST t=36359 alive=40 fighting=39
[08:50:53.286] [HOST] INFO: SCENARIO MEMBER hand=1,2637329152,1,1,3079467776 pos=-51263.41,1559.59,2840.35
[08:50:53.790] [HOST] INFO: SCENARIO MEMBER hand=1,2637329152,1,1,3079467776 pos=-51263.41,1559.59,2840.35
[08:50:53.790] [HOST] INFO: SPIKE 53 jfps HOST t=37406 alive=40 fighting=39
[08:50:54.318] [HOST] INFO: SCENARIO MEMBER hand=1,2637329152,1,1,3079467776 pos=-51263.41,1559.59,2840.35
[08:50:54.817] [HOST] INFO: SCENARIO MEMBER hand=1,2637329152,1,1,3079467776 pos=-51263.41,1559.59,2840.35
[08:50:54.817] [HOST] INFO: SPIKE 53 jfps HOST t=38437 alive=40 fighting=39
[08:50:55.348] [HOST] INFO: SCENARIO MEMBER hand=1,2637329152,1,1,3079467776 pos=-51263.41,1559.59,2840.35
[08:50:55.520] [HOST] INFO: [event] SEND id=2 ev=1 hand=1,53,453613280,1,733032256 actor=1,2590331904 bs 0->9
[08:50:55.607] [HOST] INFO: [taskkey] key=67 desc='Running' repro=0 subject=1
[08:50:55.803] [HOST] INFO: [taskkey] key=240 desc='Capture Target' repro=0 subject=1
[08:50:55.851] [HOST] INFO: SCENARIO MEMBER hand=1,2637329152,1,1,3079467776 pos=-51263.41,1559.59,2840.35
[08:50:55.851] [HOST] INFO: SPIKE 53 jfps HOST t=39469 alive=40 fighting=38
[08:50:56.374] [HOST] INFO: SCENARIO MEMBER hand=1,2637329152,1,1,3079467776 pos=-51263.41,1559.59,2840.35
[08:50:56.866] [HOST] INFO: SCENARIO MEMBER hand=1,2637329152,1,1,3079467776 pos=-51263.41,1559.59,2840.35
[08:50:56.866] [HOST] INFO: SPIKE 53 jfps HOST t=40484 alive=40 fighting=38
[08:50:57.403] [HOST] INFO: SCENARIO MEMBER hand=1,2637329152,1,1,3079467776 pos=-51263.41,1559.59,2840.35
[08:50:57.705] [HOST] INFO: [taskkey] key=224 desc='Intruder out' repro=0 subject=0
[08:50:57.893] [HOST] INFO: SCENARIO MEMBER hand=1,2637329152,1,1,3079467776 pos=-51263.41,1559.59,2840.35
[08:50:57.893] [HOST] INFO: SPIKE 53 jfps HOST t=41516 alive=40 fighting=38
[08:50:58.448] [HOST] INFO: SCENARIO MEMBER hand=1,2637329152,1,1,3079467776 pos=-51263.41,1559.59,2840.35
[08:50:58.941] [HOST] INFO: SCENARIO MEMBER hand=1,2637329152,1,1,3079467776 pos=-51263.41,1559.59,2840.35
[08:50:58.941] [HOST] INFO: SPIKE 53 jfps HOST t=42562 alive=40 fighting=38
[08:50:59.495] [HOST] INFO: SCENARIO MEMBER hand=1,2637329152,1,1,3079467776 pos=-51263.41,1559.59,2840.35
[08:50:59.987] [HOST] INFO: SCENARIO MEMBER hand=1,2637329152,1,1,3079467776 pos=-51263.41,1559.59,2840.35
[08:50:59.987] [HOST] INFO: SPIKE 53 jfps HOST t=43609 alive=40 fighting=38
[08:51:00.489] [HOST] INFO: SCENARIO MEMBER hand=1,2637329152,1,1,3079467776 pos=-51263.41,1559.59,2840.35
[08:51:01.380] [HOST] INFO: SCENARIO MEMBER hand=1,2637329152,1,1,3079467776 pos=-51263.41,1559.59,2840.35
[08:51:01.380] [HOST] INFO: SPIKE 53 jfps HOST t=45000 alive=40 fighting=38
[08:51:01.883] [HOST] INFO: SCENARIO MEMBER hand=1,2637329152,1,1,3079467776 pos=-51263.88,1559.74,2838.50
[08:51:01.908] [HOST] INFO: [event] SEND id=3 ev=1 hand=1,54,3177856512,1,1827026304 actor=2,2703369216 bs 0->1
[08:51:02.407] [HOST] INFO: SCENARIO MEMBER hand=1,2637329152,1,1,3079467776 pos=-51263.91,1559.76,2838.26
[08:51:02.407] [HOST] INFO: SPIKE 53 jfps HOST t=46016 alive=40 fighting=38
[08:51:02.893] [HOST] INFO: SCENARIO MEMBER hand=1,2637329152,1,1,3079467776 pos=-51263.94,1559.92,2835.91
[08:51:03.440] [HOST] INFO: SCENARIO MEMBER hand=1,2637329152,1,1,3079467776 pos=-51263.90,1559.94,2835.62
[08:51:03.440] [HOST] INFO: SPIKE 53 jfps HOST t=47062 alive=40 fighting=38
[08:51:03.944] [HOST] INFO: SCENARIO MEMBER hand=1,2637329152,1,1,3079467776 pos=-51263.79,1559.98,2834.88
[08:51:04.444] [HOST] INFO: SCENARIO MEMBER hand=1,2637329152,1,1,3079467776 pos=-51263.79,1559.98,2834.88
[08:51:04.444] [HOST] INFO: SPIKE 53 jfps HOST t=48062 alive=40 fighting=38
[08:51:05.135] [HOST] INFO: SCENARIO MEMBER hand=1,2637329152,1,1,3079467776 pos=-51263.78,1559.99,2834.66
[08:51:05.633] [HOST] INFO: SCENARIO MEMBER hand=1,2637329152,1,1,3079467776 pos=-51263.78,1559.99,2834.66
[08:51:05.633] [HOST] INFO: SPIKE 53 jfps HOST t=49250 alive=40 fighting=38
[08:51:06.182] [HOST] INFO: SCENARIO MEMBER hand=1,2637329152,1,1,3079467776 pos=-51263.78,1559.99,2834.66
[08:51:06.377] [HOST] INFO: SCENARIO RESULT PASS
