[08:50:09.135] [JOIN] INFO: log opened
[08:50:09.135] [JOIN] INFO: KenshiCoop loaded! (clean rebuild)
[08:50:09.135] [JOIN] INFO: KenshiCoop: build Jun 20 2026 08:49:18
[08:50:09.135] [JOIN] INFO: KenshiCoop: role=JOIN proto=v11 port=27800 save='c'
[08:50:09.185] [JOIN] INFO: KenshiCoop: ownership ranks = {1} (bidirectional presence)
[08:50:09.239] [JOIN] INFO: KenshiCoop: auto-load armed for save 'c'
[08:50:09.239] [JOIN] INFO: KenshiCoop: test mode - self-exit 58 s after gameplay starts
[08:50:09.239] [JOIN] INFO: KenshiCoop: scenario armed 'spike'
[08:50:09.239] [JOIN] INFO: KenshiCoop: starting as CLIENT
[08:50:09.247] [JOIN] INFO: [net] connecting
[08:50:09.247] [JOIN] INFO: [net] connected to host; sent HELLO
[08:50:09.248] [JOIN] INFO: [net] peer connected id=1 (proto v11) - received WELCOME
[08:50:15.708] [JOIN] INFO: KenshiCoop: auto-load issued for save 'c' (after 5000 ms settle)
[08:50:18.800] [JOIN] INFO: handshake: peer present id=0 (local id=1)
[08:50:28.287] [JOIN] INFO: KenshiCoop: gameplay started
[08:50:28.288] [JOIN] INFO: SCENARIO spike start
[08:50:28.288] [JOIN] INFO: SPIKE 53 start id=53 host=0 perSide=20
[08:50:28.290] [JOIN] INFO: [gate] hand=1,1723144576 host=87 local=65535  agree=0/1 (0%)
[08:50:28.290] [JOIN] INFO: [pose] rest re-arm task 65535 -> 87
[08:50:28.290] [JOIN] INFO: [pose] applyOrder hand=1,1723144576 task=87 subj=514,2909912064,0 det=1 r=2
[08:50:28.290] [JOIN] INFO: [combat] order hand=1,2590331904 tgt=1,733032256 localFight=0 r=1
[08:50:28.290] [JOIN] INFO: [combat] order hand=2,2703369216 tgt=1,733032256 localFight=0 r=1
[08:50:28.290] [JOIN] INFO: [combat] order hand=3,3090698240 tgt=1,733032256 localFight=0 r=1
[08:50:28.290] [JOIN] INFO: [combat] order hand=4,1276245120 tgt=1,733032256 localFight=0 r=1
[08:50:28.290] [JOIN] INFO: [combat] order hand=5,1919189504 tgt=1,733032256 localFight=0 r=1
[08:50:28.290] [JOIN] INFO: [pose] rest re-arm task 65535 -> 87
[08:50:28.290] [JOIN] INFO: [pose] applyOrder hand=1,3996215808 task=87 subj=513,1109374976,0 det=1 r=2
[08:50:28.290] [JOIN] INFO: [authority] suppress NPC hand=1,916259776 (streamed=49 local=3 supp=1)
[08:50:28.290] [JOIN] INFO: [authority] suppress NPC hand=1,3174560512 (streamed=49 local=3 supp=2)
[08:50:28.290] [JOIN] INFO: SCENARIO RECV hand=1,2637329152,1,1,3079467776 pos=-51234.47,1547.65,2851.09
[08:50:28.290] [JOIN] INFO: SPIKE 53 smoke leader hand=1,2637329152,1,1,3079467776 pos=-51234.5,1547.6,2851.1
[08:50:28.299] [JOIN] INFO: [taskkey] key=87 desc='Operating machine' repro=1 subject=1
[08:50:28.299] [JOIN] INFO: [seatres] HOST task=87 npc=1,1723144576 subj=514,2909912064 ok=1 npcpos=-51206.5,2659.7 subjpos=-51206.5,2659.7 d=0.0
[08:50:28.299] [JOIN] INFO: SCENARIO RECV hand=1,2637329152,1,1,3079467776 pos=-51259.03,1558.41,2846.97
[08:50:28.332] [JOIN] INFO: [taskkey] key=1 desc='Moving' repro=0 subject=0
[08:50:28.339] [JOIN] INFO: [authority] suppress NPC hand=1,2798828032 (streamed=49 local=6 supp=3)
[08:50:28.339] [JOIN] INFO: [authority] suppress NPC hand=1,164916992 (streamed=49 local=6 supp=4)
[08:50:28.801] [JOIN] INFO: SCENARIO RECV hand=1,2637329152,1,1,3079467776 pos=-51259.32,1558.53,2846.37
[08:50:29.150] [JOIN] INFO: [seatres] HOST task=87 npc=1,3996215808 subj=513,1109374976 ok=1 npcpos=-51194.2,2657.7 subjpos=-51194.2,2657.7 d=0.0
[08:50:29.301] [JOIN] INFO: SCENARIO RECV hand=1,2637329152,1,1,3079467776 pos=-51262.65,1559.39,2842.64
[08:50:29.302] [JOIN] INFO: SPIKE 53 jfps JOIN t=1016 frames=130 dt=1.00 fps=130.0 seen=8 warmup
[08:50:29.793] [JOIN] INFO: [combat] order hand=1,2590331904 tgt=1,733032256 localFight=0 r=1
[08:50:29.793] [JOIN] INFO: [combat] order hand=2,2703369216 tgt=1,733032256 localFight=0 r=1
[08:50:29.793] [JOIN] INFO: [combat] order hand=3,3090698240 tgt=1,733032256 localFight=0 r=1
[08:50:29.793] [JOIN] INFO: [combat] order hand=4,1276245120 tgt=1,733032256 localFight=0 r=1
[08:50:29.793] [JOIN] INFO: [combat] order hand=5,1919189504 tgt=1,733032256 localFight=0 r=1
[08:50:29.803] [JOIN] INFO: SCENARIO RECV hand=1,2637329152,1,1,3079467776 pos=-51267.39,1560.26,2840.14
[08:50:30.297] [JOIN] INFO: [gate] hand=1,1667968768 host=119 local=1  agree=765/950 (80%)
[08:50:30.304] [JOIN] INFO: SCENARIO RECV hand=1,2637329152,1,1,3079467776 pos=-51264.11,1559.57,2841.54
[08:50:30.304] [JOIN] INFO: SPIKE 53 jfps JOIN t=2016 frames=127 dt=1.00 fps=127.0 seen=8 warmup
[08:50:30.800] [JOIN] INFO: SCENARIO RECV hand=1,2637329152,1,1,3079467776 pos=-51259.48,1559.55,2837.08
[08:50:31.296] [JOIN] INFO: [combat] order hand=1,2590331904 tgt=1,733032256 localFight=0 r=1
[08:50:31.296] [JOIN] INFO: [combat] order hand=2,2703369216 tgt=1,733032256 localFight=0 r=1
[08:50:31.296] [JOIN] INFO: [combat] order hand=3,3090698240 tgt=1,733032256 localFight=0 r=1
[08:50:31.296] [JOIN] INFO: [combat] order hand=4,1276245120 tgt=1,733032256 localFight=0 r=1
[08:50:31.296] [JOIN] INFO: [combat] order hand=5,1919189504 tgt=1,733032256 localFight=0 r=1
[08:50:31.304] [JOIN] INFO: SCENARIO RECV hand=1,2637329152,1,1,3079467776 pos=-51262.61,1559.65,2838.69
[08:50:31.304] [JOIN] INFO: SPIKE 53 jfps JOIN t=3016 frames=125 dt=1.00 fps=125.0 seen=8 warmup
[08:50:31.805] [JOIN] INFO: SCENARIO RECV hand=1,2637329152,1,1,3079467776 pos=-51262.61,1559.65,2838.69
[08:50:32.303] [JOIN] INFO: SCENARIO RECV hand=1,2637329152,1,1,3079467776 pos=-51262.61,1559.65,2838.69
[08:50:32.304] [JOIN] INFO: SPIKE 53 jfps JOIN t=4016 frames=125 dt=1.00 fps=125.0 seen=8 BAND
[08:50:32.796] [JOIN] INFO: [combat] order hand=1,2590331904 tgt=1,733032256 localFight=0 r=1
[08:50:32.796] [JOIN] INFO: [combat] order hand=2,2703369216 tgt=1,733032256 localFight=0 r=1
[08:50:32.796] [JOIN] INFO: [combat] order hand=3,3090698240 tgt=1,733032256 localFight=0 r=1
[08:50:32.796] [JOIN] INFO: [combat] order hand=4,1276245120 tgt=1,733032256 localFight=0 r=1
[08:50:32.796] [JOIN] INFO: [combat] order hand=5,1919189504 tgt=1,733032256 localFight=0 r=1
[08:50:32.804] [JOIN] INFO: SCENARIO RECV hand=1,2637329152,1,1,3079467776 pos=-51262.61,1559.65,2838.69
[08:50:32.828] [JOIN] INFO: [authority] suppress NPC hand=1,3808471552 (streamed=49 local=8 supp=5)
[08:50:33.301] [JOIN] INFO: SCENARIO RECV hand=1,2637329152,1,1,3079467776 pos=-51262.61,1559.65,2838.69
[08:50:33.301] [JOIN] INFO: SPIKE 53 jfps JOIN t=5016 frames=125 dt=1.00 fps=125.0 seen=8 BAND
[08:50:33.806] [JOIN] INFO: SCENARIO RECV hand=1,2637329152,1,1,3079467776 pos=-51262.61,1559.65,2838.69
[08:50:34.302] [JOIN] INFO: [combat] order hand=1,2590331904 tgt=1,733032256 localFight=0 r=1
[08:50:34.302] [JOIN] INFO: [combat] order hand=2,2703369216 tgt=1,3078002944 localFight=0 r=1
[08:50:34.302] [JOIN] INFO: [combat] order hand=3,3090698240 tgt=1,733032256 localFight=0 r=1
[08:50:34.302] [JOIN] INFO: [combat] order hand=4,1276245120 tgt=1,733032256 localFight=0 r=1
[08:50:34.302] [JOIN] INFO: [combat] order hand=5,1919189504 tgt=1,733032256 localFight=0 r=1
[08:50:34.302] [JOIN] INFO: SCENARIO RECV hand=1,2637329152,1,1,3079467776 pos=-51262.61,1559.65,2838.69
[08:50:34.302] [JOIN] INFO: SPIKE 53 jfps JOIN t=6016 frames=102 dt=1.00 fps=102.0 seen=8 BAND
[08:50:34.803] [JOIN] INFO: SCENARIO RECV hand=1,2637329152,1,1,3079467776 pos=-51262.61,1559.65,2838.69
[08:50:35.305] [JOIN] INFO: SCENARIO RECV hand=1,2637329152,1,1,3079467776 pos=-51262.61,1559.65,2838.69
[08:50:35.305] [JOIN] INFO: SPIKE 53 jfps JOIN t=7016 frames=131 dt=1.00 fps=131.0 seen=7 BAND
[08:50:35.799] [JOIN] INFO: SCENARIO RECV hand=1,2637329152,1,1,3079467776 pos=-51263.40,1559.58,2840.44
[08:50:35.806] [JOIN] INFO: [combat] order hand=1,2590331904 tgt=1,733032256 localFight=0 r=1
[08:50:35.806] [JOIN] INFO: [combat] order hand=2,2703369216 tgt=1,3078002944 localFight=0 r=1
[08:50:35.806] [JOIN] INFO: [combat] order hand=3,3090698240 tgt=1,733032256 localFight=0 r=1
[08:50:35.806] [JOIN] INFO: [combat] order hand=4,1276245120 tgt=1,733032256 localFight=0 r=1
[08:50:35.806] [JOIN] INFO: [combat] order hand=5,1919189504 tgt=1,733032256 localFight=0 r=1
[08:50:36.303] [JOIN] INFO: SCENARIO RECV hand=1,2637329152,1,1,3079467776 pos=-51263.40,1559.58,2840.44
[08:50:36.304] [JOIN] INFO: SPIKE 53 jfps JOIN t=8016 frames=130 dt=1.00 fps=130.0 seen=7 BAND
[08:50:37.674] [JOIN] INFO: [combat] order hand=1,2590331904 tgt=1,733032256 localFight=0 r=1
[08:50:37.674] [JOIN] INFO: [combat] order hand=2,2703369216 tgt=1,3078002944 localFight=0 r=1
[08:50:37.674] [JOIN] INFO: [combat] order hand=3,3090698240 tgt=1,733032256 localFight=0 r=1
[08:50:37.674] [JOIN] INFO: [combat] order hand=4,1276245120 tgt=1,733032256 localFight=0 r=1
[08:50:37.674] [JOIN] INFO: [combat] order hand=5,1919189504 tgt=1,733032256 localFight=0 r=1
[08:50:37.674] [JOIN] INFO: SCENARIO RECV hand=1,2637329152,1,1,3079467776 pos=-51263.40,1559.58,2840.44
[08:50:37.674] [JOIN] INFO: SPIKE 53 jfps JOIN t=9391 frames=56 dt=1.38 fps=40.7 seen=7 BAND
[08:50:38.178] [JOIN] INFO: SCENARIO RECV hand=1,2637329152,1,1,3079467776 pos=-51263.40,1559.58,2840.44
[08:50:38.677] [JOIN] INFO: SCENARIO RECV hand=1,2637329152,1,1,3079467776 pos=-51263.40,1559.58,2840.44
[08:50:38.677] [JOIN] INFO: SPIKE 53 jfps JOIN t=10391 frames=102 dt=1.00 fps=102.0 seen=7 BAND
[08:50:39.173] [JOIN] INFO: SCENARIO RECV hand=1,2637329152,1,1,3079467776 pos=-51263.40,1559.58,2840.44
[08:50:39.184] [JOIN] INFO: [combat] order hand=1,2590331904 tgt=1,733032256 localFight=0 r=1
[08:50:39.184] [JOIN] INFO: [combat] order hand=2,2703369216 tgt=1,3078002944 localFight=0 r=1
[08:50:39.184] [JOIN] INFO: [combat] order hand=3,3090698240 tgt=1,733032256 localFight=0 r=1
[08:50:39.184] [JOIN] INFO: [combat] order hand=4,1276245120 tgt=1,733032256 localFight=0 r=1
[08:50:39.184] [JOIN] INFO: [combat] order hand=5,1919189504 tgt=1,733032256 localFight=0 r=1
[08:50:39.267] [JOIN] INFO: [event] RECV id=1 ev=1 owner=0 hand=1,23,2111694336,1,3078002944 actor=2,2703369216
[08:50:39.677] [JOIN] INFO: SCENARIO RECV hand=1,2637329152,1,1,3079467776 pos=-51263.40,1559.58,2840.44
[08:50:39.677] [JOIN] INFO: SPIKE 53 jfps JOIN t=11391 frames=94 dt=1.00 fps=94.0 seen=7 BAND
[08:50:40.314] [JOIN] INFO: SCENARIO RECV hand=1,2637329152,1,1,3079467776 pos=-51263.40,1559.58,2840.44
[08:50:40.691] [JOIN] INFO: [combat] order hand=1,2590331904 tgt=1,733032256 localFight=0 r=1
[08:50:40.692] [JOIN] INFO: [combat] order hand=2,2703369216 tgt=1,733032256 localFight=0 r=1
[08:50:40.692] [JOIN] INFO: [combat] order hand=3,3090698240 tgt=1,733032256 localFight=0 r=1
[08:50:40.692] [JOIN] INFO: [combat] order hand=4,1276245120 tgt=1,733032256 localFight=0 r=1
[08:50:40.692] [JOIN] INFO: [combat] order hand=5,1919189504 tgt=1,733032256 localFight=0 r=1
[08:50:40.808] [JOIN] INFO: SCENARIO RECV hand=1,2637329152,1,1,3079467776 pos=-51263.40,1559.58,2840.44
[08:50:40.808] [JOIN] INFO: SPIKE 53 jfps JOIN t=12516 frames=75 dt=1.13 fps=66.7 seen=7 BAND
[08:50:41.353] [JOIN] INFO: SCENARIO RECV hand=1,2637329152,1,1,3079467776 pos=-51263.40,1559.58,2840.44
[08:50:41.848] [JOIN] INFO: SCENARIO RECV hand=1,2637329152,1,1,3079467776 pos=-51263.40,1559.58,2840.44
[08:50:41.848] [JOIN] INFO: SPIKE 53 jfps JOIN t=13563 frames=72 dt=1.05 fps=68.8 seen=7 BAND
[08:50:42.381] [JOIN] INFO: [combat] order hand=1,2590331904 tgt=1,733032256 localFight=0 r=1
[08:50:42.381] [JOIN] INFO: [combat] order hand=2,2703369216 tgt=1,733032256 localFight=0 r=1
[08:50:42.381] [JOIN] INFO: [combat] order hand=3,3090698240 tgt=1,733032256 localFight=0 r=1
[08:50:42.381] [JOIN] INFO: [combat] order hand=4,1276245120 tgt=1,733032256 localFight=0 r=1
[08:50:42.381] [JOIN] INFO: [combat] order hand=5,1919189504 tgt=1,733032256 localFight=0 r=1
[08:50:42.381] [JOIN] INFO: SCENARIO RECV hand=1,2637329152,1,1,3079467776 pos=-51263.40,1559.58,2840.44
[08:50:42.943] [JOIN] INFO: SCENARIO RECV hand=1,2637329152,1,1,3079467776 pos=-51263.40,1559.58,2840.44
[08:50:42.943] [JOIN] INFO: SPIKE 53 jfps JOIN t=14656 frames=15 dt=1.09 fps=13.7 seen=7 BAND
[08:50:43.209] [JOIN] INFO: [authority] suppress NPC hand=1,1667968768 (streamed=48 local=8 supp=6)
[08:50:43.440] [JOIN] INFO: SCENARIO RECV hand=1,2637329152,1,1,3079467776 pos=-51263.40,1559.58,2840.44
[08:50:43.991] [JOIN] INFO: [combat] order hand=1,2590331904 tgt=1,733032256 localFight=0 r=1
[08:50:43.991] [JOIN] INFO: [combat] order hand=2,2703369216 tgt=1,733032256 localFight=0 r=1
[08:50:43.991] [JOIN] INFO: [combat] order hand=3,3090698240 tgt=1,733032256 localFight=0 r=1
[08:50:43.991] [JOIN] INFO: [combat] order hand=4,1276245120 tgt=1,733032256 localFight=0 r=1
[08:50:43.991] [JOIN] INFO: [combat] order hand=5,1919189504 tgt=1,733032256 localFight=0 r=1
[08:50:43.991] [JOIN] INFO: SCENARIO RECV hand=1,2637329152,1,1,3079467776 pos=-51263.40,1559.58,2840.44
[08:50:43.991] [JOIN] INFO: SPIKE 53 jfps JOIN t=15703 frames=76 dt=1.05 fps=72.6 seen=8 BAND
[08:50:44.490] [JOIN] INFO: SCENARIO RECV hand=1,2637329152,1,1,3079467776 pos=-51263.40,1559.58,2840.44
[08:50:45.050] [JOIN] INFO: SCENARIO RECV hand=1,2637329152,1,1,3079467776 pos=-51263.40,1559.58,2840.44
[08:50:45.050] [JOIN] INFO: SPIKE 53 jfps JOIN t=16766 frames=44 dt=1.06 fps=41.4 seen=8 BAND
[08:50:45.496] [JOIN] INFO: [combat] order hand=1,2590331904 tgt=1,733032256 localFight=0 r=1
[08:50:45.496] [JOIN] INFO: [combat] order hand=2,2703369216 tgt=1,733032256 localFight=0 r=1
[08:50:45.496] [JOIN] INFO: [combat] order hand=3,3090698240 tgt=1,733032256 localFight=0 r=1
[08:50:45.496] [JOIN] INFO: [combat] order hand=4,1276245120 tgt=1,733032256 localFight=0 r=1
[08:50:45.496] [JOIN] INFO: [combat] order hand=5,1919189504 tgt=1,733032256 localFight=0 r=1
[08:50:45.549] [JOIN] INFO: SCENARIO RECV hand=1,2637329152,1,1,3079467776 pos=-51263.40,1559.58,2840.44
[08:50:46.075] [JOIN] INFO: SCENARIO RECV hand=1,2637329152,1,1,3079467776 pos=-51263.40,1559.58,2840.44
[08:50:46.075] [JOIN] INFO: SPIKE 53 jfps JOIN t=17781 frames=70 dt=1.01 fps=69.0 seen=8 BAND
[08:50:46.570] [JOIN] INFO: SCENARIO RECV hand=1,2637329152,1,1,3079467776 pos=-51263.40,1559.58,2840.44
[08:50:47.103] [JOIN] INFO: [combat] order hand=1,2590331904 tgt=1,733032256 localFight=0 r=1
[08:50:47.103] [JOIN] INFO: [combat] order hand=2,2703369216 tgt=1,733032256 localFight=0 r=1
[08:50:47.103] [JOIN] INFO: [combat] order hand=3,3090698240 tgt=1,733032256 localFight=0 r=1
[08:50:47.103] [JOIN] INFO: [combat] order hand=4,1276245120 tgt=1,733032256 localFight=0 r=1
[08:50:47.103] [JOIN] INFO: [combat] order hand=5,1919189504 tgt=1,733032256 localFight=0 r=1
[08:50:47.103] [JOIN] INFO: SCENARIO RECV hand=1,2637329152,1,1,3079467776 pos=-51263.40,1559.58,2840.44
[08:50:47.103] [JOIN] INFO: SPIKE 53 jfps JOIN t=18813 frames=44 dt=1.03 fps=42.6 seen=8 BAND
[08:50:47.603] [JOIN] INFO: SCENARIO RECV hand=1,2637329152,1,1,3079467776 pos=-51263.40,1559.58,2840.44
[08:50:48.471] [JOIN] INFO: SCENARIO RECV hand=1,2637329152,1,1,3079467776 pos=-51263.40,1559.58,2840.44
[08:50:48.471] [JOIN] INFO: SPIKE 53 jfps JOIN t=20188 frames=123 dt=1.38 fps=89.5 seen=8 BAND
[08:50:48.606] [JOIN] INFO: [combat] order hand=1,2590331904 tgt=1,733032256 localFight=0 r=1
[08:50:48.606] [JOIN] INFO: [combat] order hand=2,2703369216 tgt=1,733032256 localFight=0 r=1
[08:50:48.606] [JOIN] INFO: [combat] order hand=3,3090698240 tgt=1,733032256 localFight=0 r=1
[08:50:48.606] [JOIN] INFO: [combat] order hand=4,1276245120 tgt=1,733032256 localFight=0 r=1
[08:50:48.606] [JOIN] INFO: [combat] order hand=5,1919189504 tgt=1,733032256 localFight=0 r=1
[08:50:48.975] [JOIN] INFO: SCENARIO RECV hand=1,2637329152,1,1,3079467776 pos=-51263.40,1559.58,2840.44
[08:50:49.504] [JOIN] INFO: SCENARIO RECV hand=1,2637329152,1,1,3079467776 pos=-51263.40,1559.58,2840.44
[08:50:49.504] [JOIN] INFO: SPIKE 53 jfps JOIN t=21219 frames=70 dt=1.03 fps=67.9 seen=8 BAND
[08:50:50.004] [JOIN] INFO: SCENARIO RECV hand=1,2637329152,1,1,3079467776 pos=-51263.40,1559.58,2840.44
[08:50:50.525] [JOIN] INFO: [combat] order hand=1,2590331904 tgt=1,733032256 localFight=0 r=1
[08:50:50.526] [JOIN] INFO: [combat] order hand=2,2703369216 tgt=1,733032256 localFight=0 r=1
[08:50:50.526] [JOIN] INFO: [combat] order hand=3,3090698240 tgt=1,733032256 localFight=0 r=1
[08:50:50.526] [JOIN] INFO: [combat] order hand=4,1276245120 tgt=1,733032256 localFight=0 r=1
[08:50:50.526] [JOIN] INFO: [combat] order hand=5,1919189504 tgt=1,733032256 localFight=0 r=1
[08:50:50.526] [JOIN] INFO: SCENARIO RECV hand=1,2637329152,1,1,3079467776 pos=-51263.40,1559.58,2840.44
[08:50:50.526] [JOIN] INFO: SPIKE 53 jfps JOIN t=22235 frames=80 dt=1.02 fps=78.7 seen=8 BAND
[08:50:51.021] [JOIN] INFO: SCENARIO RECV hand=1,2637329152,1,1,3079467776 pos=-51263.40,1559.58,2840.44
[08:50:51.525] [JOIN] INFO: SCENARIO RECV hand=1,2637329152,1,1,3079467776 pos=-51263.40,1559.58,2840.44
[08:50:51.525] [JOIN] INFO: SPIKE 53 jfps JOIN t=23235 frames=140 dt=1.00 fps=140.0 seen=8 BAND
[08:50:52.244] [JOIN] INFO: [combat] order hand=1,2590331904 tgt=1,733032256 localFight=0 r=1
[08:50:52.244] [JOIN] INFO: [combat] order hand=2,2703369216 tgt=1,733032256 localFight=0 r=1
[08:50:52.244] [JOIN] INFO: [combat] order hand=3,3090698240 tgt=1,733032256 localFight=0 r=1
[08:50:52.244] [JOIN] INFO: [combat] order hand=4,1276245120 tgt=1,733032256 localFight=0 r=1
[08:50:52.244] [JOIN] INFO: [combat] order hand=5,1919189504 tgt=1,733032256 localFight=0 r=1
[08:50:52.244] [JOIN] INFO: SCENARIO RECV hand=1,2637329152,1,1,3079467776 pos=-51263.40,1559.58,2840.44
[08:50:52.739] [JOIN] INFO: SCENARIO RECV hand=1,2637329152,1,1,3079467776 pos=-51263.40,1559.58,2840.44
[08:50:52.739] [JOIN] INFO: SPIKE 53 jfps JOIN t=24453 frames=76 dt=1.22 fps=62.4 seen=8 BAND
[08:50:53.287] [JOIN] INFO: SCENARIO RECV hand=1,2637329152,1,1,3079467776 pos=-51263.40,1559.58,2840.44
[08:50:53.748] [JOIN] INFO: [combat] order hand=1,2590331904 tgt=1,733032256 localFight=0 r=1
[08:50:53.748] [JOIN] INFO: [combat] order hand=2,2703369216 tgt=1,733032256 localFight=0 r=1
[08:50:53.748] [JOIN] INFO: [combat] order hand=3,3090698240 tgt=1,733032256 localFight=0 r=1
[08:50:53.748] [JOIN] INFO: [combat] order hand=4,1276245120 tgt=1,733032256 localFight=0 r=1
[08:50:53.748] [JOIN] INFO: [combat] order hand=5,1919189504 tgt=1,733032256 localFight=0 r=1
[08:50:53.790] [JOIN] INFO: SCENARIO RECV hand=1,2637329152,1,1,3079467776 pos=-51263.40,1559.58,2840.44
[08:50:53.790] [JOIN] INFO: SPIKE 53 jfps JOIN t=25500 frames=81 dt=1.05 fps=77.4 seen=8 BAND
[08:50:54.319] [JOIN] INFO: SCENARIO RECV hand=1,2637329152,1,1,3079467776 pos=-51263.40,1559.58,2840.44
[08:50:54.816] [JOIN] INFO: SCENARIO RECV hand=1,2637329152,1,1,3079467776 pos=-51263.40,1559.58,2840.44
[08:50:54.816] [JOIN] INFO: SPIKE 53 jfps JOIN t=26531 frames=53 dt=1.03 fps=51.4 seen=8 BAND
[08:50:55.349] [JOIN] INFO: [combat] order hand=1,2590331904 tgt=1,733032256 localFight=0 r=1
[08:50:55.349] [JOIN] INFO: [combat] order hand=2,2703369216 tgt=1,733032256 localFight=0 r=1
[08:50:55.349] [JOIN] INFO: [combat] order hand=3,3090698240 tgt=1,733032256 localFight=0 r=1
[08:50:55.349] [JOIN] INFO: [combat] order hand=4,1276245120 tgt=1,733032256 localFight=0 r=1
[08:50:55.349] [JOIN] INFO: [combat] order hand=5,1919189504 tgt=1,733032256 localFight=0 r=1
[08:50:55.349] [JOIN] INFO: SCENARIO RECV hand=1,2637329152,1,1,3079467776 pos=-51263.40,1559.58,2840.44
[08:50:55.537] [JOIN] INFO: [event] RECV id=2 ev=1 owner=0 hand=1,53,453613280,1,733032256 actor=1,2590331904
[08:50:55.645] [JOIN] INFO: [gate] hand=5,1919189504 host=67 local=1  agree=5835/6125 (95%)
[08:50:55.695] [JOIN] INFO: [combat] order hand=4,1276245120 tgt=1,2431030272 localFight=0 r=1
[08:50:55.746] [JOIN] INFO: [combat] order hand=3,3090698240 tgt=1,2544189440 localFight=0 r=1
[08:50:55.845] [JOIN] INFO: [combat] order hand=1,2590331904 tgt=1,2431030272 localFight=0 r=1
[08:50:55.846] [JOIN] INFO: SCENARIO RECV hand=1,2637329152,1,1,3079467776 pos=-51263.40,1559.58,2840.44
[08:50:55.846] [JOIN] INFO: SPIKE 53 jfps JOIN t=27563 frames=78 dt=1.03 fps=75.6 seen=8 BAND
[08:50:56.373] [JOIN] INFO: [combat] order hand=2,2703369216 tgt=1,3006713856 localFight=0 r=1
[08:50:56.373] [JOIN] INFO: SCENARIO RECV hand=1,2637329152,1,1,3079467776 pos=-51263.40,1559.58,2840.44
[08:50:56.864] [JOIN] INFO: SCENARIO RECV hand=1,2637329152,1,1,3079467776 pos=-51263.40,1559.58,2840.44
[08:50:56.864] [JOIN] INFO: SPIKE 53 jfps JOIN t=28578 frames=53 dt=1.01 fps=52.2 seen=8 BAND
[08:50:57.403] [JOIN] INFO: [combat] order hand=1,2590331904 tgt=1,2431030272 localFight=0 r=1
[08:50:57.403] [JOIN] INFO: [combat] order hand=3,3090698240 tgt=1,2544189440 localFight=0 r=1
[08:50:57.403] [JOIN] INFO: SCENARIO RECV hand=1,2637329152,1,1,3079467776 pos=-51263.40,1559.58,2840.44
[08:50:57.410] [JOIN] INFO: [combat] order hand=4,1276245120 tgt=1,2431030272 localFight=0 r=1
[08:50:57.653] [JOIN] INFO: [gate] hand=5,1919189504 host=65535 local=1  agree=6123/6591 (92%)
[08:50:57.874] [JOIN] INFO: [combat] order hand=2,2703369216 tgt=1,1827026304 localFight=0 r=1
[08:50:57.897] [JOIN] INFO: SCENARIO RECV hand=1,2637329152,1,1,3079467776 pos=-51263.40,1559.58,2840.44
[08:50:57.897] [JOIN] INFO: SPIKE 53 jfps JOIN t=29610 frames=83 dt=1.03 fps=80.4 seen=8 BAND
[08:50:58.448] [JOIN] INFO: SCENARIO RECV hand=1,2637329152,1,1,3079467776 pos=-51263.40,1559.58,2840.44
[08:50:58.903] [JOIN] INFO: [combat] order hand=1,2590331904 tgt=1,2431030272 localFight=0 r=1
[08:50:58.903] [JOIN] INFO: [combat] order hand=3,3090698240 tgt=1,2431030272 localFight=0 r=1
[08:50:58.910] [JOIN] INFO: [combat] order hand=4,1276245120 tgt=1,2431030272 localFight=0 r=1
[08:50:58.946] [JOIN] INFO: SCENARIO RECV hand=1,2637329152,1,1,3079467776 pos=-51263.40,1559.58,2840.44
[08:50:58.946] [JOIN] INFO: SPIKE 53 jfps JOIN t=30656 frames=55 dt=1.05 fps=52.6 seen=8 BAND
[08:50:59.494] [JOIN] INFO: [combat] order hand=2,2703369216 tgt=1,1827026304 localFight=0 r=1
[08:50:59.494] [JOIN] INFO: SCENARIO RECV hand=1,2637329152,1,1,3079467776 pos=-51263.40,1559.58,2840.44
[08:50:59.659] [JOIN] INFO: [gate] hand=5,1919189504 host=224 local=1  agree=6371/6963 (91%)
[08:50:59.918] [JOIN] INFO: [authority] suppress NPC hand=1,3688842752 (streamed=48 local=9 supp=7)
[08:50:59.988] [JOIN] INFO: SCENARIO RECV hand=1,2637329152,1,1,3079467776 pos=-51263.40,1559.58,2840.44
[08:50:59.988] [JOIN] INFO: SPIKE 53 jfps JOIN t=31703 frames=81 dt=1.05 fps=77.4 seen=9 BAND
[08:51:00.407] [JOIN] INFO: [combat] order hand=1,2590331904 tgt=1,2431030272 localFight=0 r=1
[08:51:00.407] [JOIN] INFO: [combat] order hand=3,3090698240 tgt=1,2431030272 localFight=0 r=1
[08:51:00.414] [JOIN] INFO: [combat] order hand=4,1276245120 tgt=1,2431030272 localFight=0 r=1
[08:51:00.491] [JOIN] INFO: SCENARIO RECV hand=1,2637329152,1,1,3079467776 pos=-51263.40,1559.58,2840.44
[08:51:00.547] [JOIN] INFO: [combat] order hand=5,1919189504 tgt=1,2734130944 localFight=0 r=1
[08:51:01.380] [JOIN] INFO: [combat] order hand=2,2703369216 tgt=1,1827026304 localFight=0 r=1
[08:51:01.381] [JOIN] INFO: SCENARIO RECV hand=1,2637329152,1,1,3079467776 pos=-51263.40,1559.58,2840.44
[08:51:01.381] [JOIN] INFO: SPIKE 53 jfps JOIN t=33094 frames=119 dt=1.39 fps=85.5 seen=9 BAND
[08:51:01.762] [JOIN] INFO: [authority] suppress NPC hand=1,753417984 (streamed=48 local=9 supp=8)
[08:51:01.877] [JOIN] INFO: SCENARIO RECV hand=1,2637329152,1,1,3079467776 pos=-51263.87,1559.71,2839.04
[08:51:01.906] [JOIN] INFO: [combat] order hand=1,2590331904 tgt=1,2431030272 localFight=0 r=1
[08:51:01.906] [JOIN] INFO: [combat] order hand=3,3090698240 tgt=1,2431030272 localFight=0 r=1
[08:51:01.920] [JOIN] INFO: [combat] order hand=4,1276245120 tgt=1,2431030272 localFight=0 r=1
[08:51:02.405] [JOIN] INFO: [event] RECV id=3 ev=1 owner=0 hand=1,54,3177856512,1,1827026304 actor=2,2703369216
[08:51:02.406] [JOIN] INFO: [combat] order hand=5,1919189504 tgt=1,2734130944 localFight=0 r=1
[08:51:02.406] [JOIN] INFO: SCENARIO RECV hand=1,2637329152,1,1,3079467776 pos=-51263.91,1559.73,2838.76
[08:51:02.406] [JOIN] INFO: SPIKE 53 jfps JOIN t=34110 frames=75 dt=1.02 fps=73.8 seen=9 BAND
[08:51:02.884] [JOIN] INFO: [combat] order hand=2,2703369216 tgt=1,2431030272 localFight=0 r=1
[08:51:02.894] [JOIN] INFO: SCENARIO RECV hand=1,2637329152,1,1,3079467776 pos=-51264.30,1560.01,2835.46
[08:51:03.439] [JOIN] INFO: [combat] order hand=1,2590331904 tgt=1,2431030272 localFight=0 r=1
[08:51:03.439] [JOIN] INFO: [combat] order hand=3,3090698240 tgt=1,2431030272 localFight=0 r=1
[08:51:03.439] [JOIN] INFO: [combat] order hand=4,1276245120 tgt=1,2431030272 localFight=0 r=1
[08:51:03.439] [JOIN] INFO: SCENARIO RECV hand=1,2637329152,1,1,3079467776 pos=-51264.30,1560.01,2835.46
[08:51:03.439] [JOIN] INFO: SPIKE 53 jfps JOIN t=35141 frames=44 dt=1.03 fps=42.7 seen=10 BAND
[08:51:03.908] [JOIN] INFO: [combat] order hand=5,1919189504 tgt=1,2734130944 localFight=0 r=1
[08:51:03.929] [JOIN] INFO: SCENARIO RECV hand=1,2637329152,1,1,3079467776 pos=-51263.63,1559.99,2834.60
[08:51:04.389] [JOIN] INFO: [combat] order hand=2,2703369216 tgt=1,2431030272 localFight=0 r=1
[08:51:04.425] [JOIN] INFO: SCENARIO RECV hand=1,2637329152,1,1,3079467776 pos=-51263.63,1559.99,2834.60
[08:51:04.425] [JOIN] INFO: SPIKE 53 jfps JOIN t=36141 frames=142 dt=1.00 fps=142.0 seen=10 BAND
[08:51:05.135] [JOIN] INFO: [combat] order hand=1,2590331904 tgt=1,2431030272 localFight=0 r=1
[08:51:05.135] [JOIN] INFO: [combat] order hand=3,3090698240 tgt=1,2431030272 localFight=0 r=1
[08:51:05.135] [JOIN] INFO: [combat] order hand=4,1276245120 tgt=1,2431030272 localFight=0 r=1
[08:51:05.135] [JOIN] INFO: SCENARIO RECV hand=1,2637329152,1,1,3079467776 pos=-51263.78,1559.99,2834.69
[08:51:05.410] [JOIN] INFO: [combat] order hand=5,1919189504 tgt=1,2431030272 localFight=0 r=1
[08:51:05.630] [JOIN] INFO: SCENARIO RECV hand=1,2637329152,1,1,3079467776 pos=-51263.78,1559.99,2834.69
[08:51:05.630] [JOIN] INFO: SPIKE 53 jfps JOIN t=37344 frames=104 dt=1.20 fps=86.5 seen=10 BAND
[08:51:06.182] [JOIN] INFO: [combat] order hand=2,2703369216 tgt=1,2431030272 localFight=0 r=1
[08:51:06.182] [JOIN] INFO: SCENARIO RECV hand=1,2637329152,1,1,3079467776 pos=-51263.78,1559.99,2834.69
[08:51:06.641] [JOIN] INFO: [combat] order hand=1,2590331904 tgt=1,2431030272 localFight=0 r=1
[08:51:06.641] [JOIN] INFO: [combat] order hand=3,3090698240 tgt=1,2431030272 localFight=0 r=1
[08:51:06.641] [JOIN] INFO: [combat] order hand=4,1276245120 tgt=1,2431030272 localFight=0 r=1
[08:51:06.678] [JOIN] INFO: SCENARIO RECV hand=1,2637329152,1,1,3079467776 pos=-51263.78,1559.99,2834.69
[08:51:06.678] [JOIN] INFO: SPIKE 53 jfps JOIN t=38391 frames=81 dt=1.05 fps=77.4 seen=10 BAND
[08:51:07.209] [JOIN] INFO: [combat] order hand=5,1919189504 tgt=1,2431030272 localFight=0 r=1
[08:51:07.209] [JOIN] INFO: SCENARIO RECV hand=1,2637329152,1,1,3079467776 pos=-51263.78,1559.99,2834.69
[08:51:07.686] [JOIN] INFO: [combat] order hand=2,2703369216 tgt=1,2431030272 localFight=0 r=1
[08:51:07.705] [JOIN] INFO: SCENARIO RECV hand=1,2637329152,1,1,3079467776 pos=-51263.78,1559.99,2834.69
[08:51:07.705] [JOIN] INFO: SPIKE 53 jfps JOIN t=39422 frames=84 dt=1.03 fps=81.5 seen=10 BAND
[08:51:07.705] [JOIN] INFO: SPIKE 53 jfps-summary JOIN samples=34 avgFps=80.0 minFps=13.7 peakSeen=10
[08:51:08.360] [JOIN] INFO: [combat] order hand=1,2590331904 tgt=1,2431030272 localFight=0 r=1
[08:51:08.360] [JOIN] INFO: [combat] order hand=3,3090698240 tgt=1,2431030272 localFight=0 r=1
[08:51:08.360] [JOIN] INFO: [combat] order hand=4,1276245120 tgt=1,2431030272 localFight=0 r=1
[08:51:08.360] [JOIN] INFO: SCENARIO RECV hand=1,2637329152,1,1,3079467776 pos=-51263.78,1559.99,2834.69
[08:51:08.360] [JOIN] INFO: SCENARIO SMOOTH active=1411 zeroWhileActive=335 zeroFrac=0.237 maxStep=452.652
[08:51:08.360] [JOIN] INFO: SCENARIO ANIM translate=1061 walkTruth=1007 floatFrac=0.051
[08:51:08.360] [JOIN] INFO: SCENARIO MARCH restSamples=10398 march=70 marchFrac=0.007
[08:51:08.360] [JOIN] INFO: SCENARIO RESULT PASS
[08:51:08.710] [JOIN] INFO: [combat] order hand=5,1919189504 tgt=1,2431030272 localFight=0 r=1
[08:51:09.451] [JOIN] INFO: [combat] order hand=2,2703369216 tgt=1,2431030272 localFight=0 r=1
[08:51:09.865] [JOIN] INFO: [combat] order hand=1,2590331904 tgt=1,2431030272 localFight=0 r=1
[08:51:09.865] [JOIN] INFO: [combat] order hand=3,3090698240 tgt=1,2431030272 localFight=0 r=1
[08:51:09.865] [JOIN] INFO: [combat] order hand=4,1276245120 tgt=1,2431030272 localFight=0 r=1
[08:51:10.477] [JOIN] INFO: [combat] order hand=5,1919189504 tgt=1,2431030272 localFight=0 r=1
[08:51:10.953] [JOIN] INFO: [combat] order hand=2,2703369216 tgt=1,2431030272 localFight=0 r=1
[08:51:11.371] [JOIN] INFO: [combat] order hand=1,2590331904 tgt=1,2431030272 localFight=0 r=1
[08:51:11.371] [JOIN] INFO: [combat] order hand=3,3090698240 tgt=1,2431030272 localFight=0 r=1
[08:51:11.371] [JOIN] INFO: [combat] order hand=4,1276245120 tgt=1,2431030272 localFight=0 r=1
[08:51:11.982] [JOIN] INFO: [combat] order hand=5,1919189504 tgt=1,2431030272 localFight=0 r=1
