[06:00:42.624] [HOST] INFO: log opened
[06:00:42.624] [HOST] INFO: KenshiCoop loaded! (clean rebuild)
[06:00:42.624] [HOST] INFO: KenshiCoop: build Jun 20 2026 06:00:08
[06:00:42.625] [HOST] INFO: KenshiCoop: role=HOST proto=v11 port=27800 save='c'
[06:00:42.675] [HOST] INFO: KenshiCoop: ownership ranks = {0} (bidirectional presence)
[06:00:42.722] [HOST] INFO: KenshiCoop: auto-load armed for save 'c'
[06:00:42.723] [HOST] INFO: KenshiCoop: test mode - self-exit 22 s after gameplay starts
[06:00:42.723] [HOST] INFO: KenshiCoop: scenario armed 'spike'
[06:00:42.723] [HOST] INFO: KenshiCoop: starting as HOST
[06:00:42.723] [HOST] INFO: [net] hosting
[06:00:49.308] [HOST] INFO: KenshiCoop: auto-load issued for save 'c' (after 5000 ms settle)
[06:00:53.366] [HOST] INFO: [net] peer connecting (awaiting HELLO)
[06:00:53.366] [HOST] INFO: [net] peer connected id=1 (proto v11)
[06:00:53.558] [HOST] INFO: handshake: peer present id=1 (local id=0)
[06:01:01.298] [HOST] INFO: KenshiCoop: gameplay started
[06:01:01.298] [HOST] INFO: SCENARIO spike start
[06:01:01.298] [HOST] INFO: SPIKE 35 start id=35 host=1
[06:01:01.300] [HOST] INFO: SCENARIO MEMBER hand=1,2637329152,1,1,3079467776 pos=-51234.47,1547.65,2851.09
[06:01:01.356] [HOST] INFO: [taskkey] key=1 desc='Moving' repro=0 subject=1
[06:01:01.413] [HOST] INFO: [taskkey] key=51 desc='Stand at node' repro=0 subject=1
[06:01:01.804] [HOST] INFO: SCENARIO MEMBER hand=1,2637329152,1,1,3079467776 pos=-51234.47,1555.93,2851.09
[06:01:02.301] [HOST] INFO: SCENARIO MEMBER hand=1,2637329152,1,1,3079467776 pos=-51234.47,1555.93,2851.09
[06:01:02.301] [HOST] INFO: SPIKE 35 cam role=H t=1016 pos=-51316.7,1646.9,2739.4 yaw=0.00 pitch=0.00 alt=0.0 freecam=0
[06:01:02.612] [HOST] INFO: [taskkey] key=87 desc='Operating machine' repro=1 subject=1
[06:01:02.612] [HOST] INFO: [seatres] HOST task=87 npc=1,3996215808 subj=514,2909912064 ok=1 npcpos=-51200.4,2664.2 subjpos=-51206.5,2659.7 d=7.5
[06:01:02.799] [HOST] INFO: SCENARIO MEMBER hand=1,2637329152,1,1,3079467776 pos=-51234.47,1555.93,2851.09
[06:01:03.302] [HOST] INFO: SCENARIO MEMBER hand=1,2637329152,1,1,3079467776 pos=-51234.47,1555.93,2851.09
[06:01:03.302] [HOST] INFO: SPIKE 35 cam role=H t=2016 pos=-51316.7,1646.9,2739.4 yaw=0.00 pitch=0.00 alt=0.0 freecam=0
[06:01:03.803] [HOST] INFO: SCENARIO MEMBER hand=1,2637329152,1,1,3079467776 pos=-51234.47,1555.93,2851.09
[06:01:04.303] [HOST] INFO: SCENARIO MEMBER hand=1,2637329152,1,1,3079467776 pos=-51234.47,1555.93,2851.09
[06:01:04.303] [HOST] INFO: SPIKE 35 cam role=H t=3016 pos=-51316.7,1646.9,2739.4 yaw=0.00 pitch=0.00 alt=0.0 freecam=0
[06:01:04.800] [HOST] INFO: SCENARIO MEMBER hand=1,2637329152,1,1,3079467776 pos=-51234.47,1555.93,2851.09
[06:01:05.305] [HOST] INFO: SCENARIO MEMBER hand=1,2637329152,1,1,3079467776 pos=-51234.47,1555.93,2851.09
[06:01:05.305] [HOST] INFO: SPIKE 35 cam role=H t=4016 pos=-51316.7,1646.9,2739.4 yaw=0.00 pitch=0.00 alt=0.0 freecam=0
[06:01:05.305] [HOST] INFO: SPIKE 35 act t=4016 focusLeader ok=1
[06:01:05.805] [HOST] INFO: SCENARIO MEMBER hand=1,2637329152,1,1,3079467776 pos=-51234.47,1555.93,2851.09
[06:01:06.309] [HOST] INFO: SCENARIO MEMBER hand=1,2637329152,1,1,3079467776 pos=-51234.47,1555.93,2851.09
[06:01:06.309] [HOST] INFO: SPIKE 35 cam role=H t=5016 pos=-51211.2,1567.8,2883.6 yaw=0.00 pitch=0.00 alt=0.0 freecam=0
[06:01:06.806] [HOST] INFO: SCENARIO MEMBER hand=1,2637329152,1,1,3079467776 pos=-51234.47,1555.93,2851.09
[06:01:07.302] [HOST] INFO: SCENARIO MEMBER hand=1,2637329152,1,1,3079467776 pos=-51234.47,1555.93,2851.09
[06:01:07.302] [HOST] INFO: SPIKE 35 cam role=H t=6016 pos=-51211.2,1567.8,2883.6 yaw=0.00 pitch=0.00 alt=0.0 freecam=0
[06:01:07.800] [HOST] INFO: SCENARIO MEMBER hand=1,2637329152,1,1,3079467776 pos=-51234.47,1555.93,2851.09
[06:01:08.299] [HOST] INFO: SCENARIO MEMBER hand=1,2637329152,1,1,3079467776 pos=-51234.47,1555.93,2851.09
[06:01:08.299] [HOST] INFO: SPIKE 35 cam role=H t=7016 pos=-51211.2,1567.8,2883.6 yaw=0.00 pitch=0.00 alt=0.0 freecam=0
[06:01:08.799] [HOST] INFO: SCENARIO MEMBER hand=1,2637329152,1,1,3079467776 pos=-51234.47,1555.93,2851.09
[06:01:09.306] [HOST] INFO: SCENARIO MEMBER hand=1,2637329152,1,1,3079467776 pos=-51234.47,1555.93,2851.09
[06:01:09.306] [HOST] INFO: SPIKE 35 cam role=H t=8016 pos=-51211.2,1567.8,2883.6 yaw=0.00 pitch=0.00 alt=0.0 freecam=0
[06:01:09.306] [HOST] INFO: SPIKE 35 act t=8016 freecam(on) ok=1
[06:01:09.805] [HOST] INFO: SCENARIO MEMBER hand=1,2637329152,1,1,3079467776 pos=-51234.47,1555.93,2851.09
[06:01:10.304] [HOST] INFO: SCENARIO MEMBER hand=1,2637329152,1,1,3079467776 pos=-51234.47,1555.93,2851.09
[06:01:10.304] [HOST] INFO: SPIKE 35 cam role=H t=9016 pos=-51211.2,1567.8,2883.6 yaw=0.00 pitch=0.00 alt=0.0 freecam=1
[06:01:10.801] [HOST] INFO: SCENARIO MEMBER hand=1,2637329152,1,1,3079467776 pos=-51234.47,1555.93,2851.09
[06:01:11.305] [HOST] INFO: SCENARIO MEMBER hand=1,2637329152,1,1,3079467776 pos=-51234.47,1555.93,2851.09
[06:01:11.305] [HOST] INFO: SPIKE 35 cam role=H t=10016 pos=-51211.2,1567.8,2883.6 yaw=0.00 pitch=0.00 alt=0.0 freecam=1
[06:01:11.802] [HOST] INFO: SCENARIO MEMBER hand=1,2637329152,1,1,3079467776 pos=-51234.47,1555.93,2851.09
[06:01:12.300] [HOST] INFO: SCENARIO MEMBER hand=1,2637329152,1,1,3079467776 pos=-51234.47,1555.93,2851.09
[06:01:12.300] [HOST] INFO: SPIKE 35 cam role=H t=11016 pos=-51211.2,1567.8,2883.6 yaw=0.00 pitch=0.00 alt=0.0 freecam=1
[06:01:12.799] [HOST] INFO: SCENARIO MEMBER hand=1,2637329152,1,1,3079467776 pos=-51234.47,1555.93,2851.09
[06:01:13.018] [HOST] INFO: [taskkey] key=141 desc='Following leader' repro=0 subject=1
[06:01:13.303] [HOST] INFO: SCENARIO MEMBER hand=1,2637329152,1,1,3079467776 pos=-51234.47,1555.93,2851.09
[06:01:13.303] [HOST] INFO: SPIKE 35 cam role=H t=12016 pos=-51211.2,1567.8,2883.6 yaw=0.00 pitch=0.00 alt=0.0 freecam=1
[06:01:13.303] [HOST] INFO: SPIKE 35 act t=12016 teleport(+2000,+2000) ok=1
[06:01:13.805] [HOST] INFO: SCENARIO MEMBER hand=1,2637329152,1,1,3079467776 pos=-51234.47,1555.93,2851.09
[06:01:14.304] [HOST] INFO: SCENARIO MEMBER hand=1,2637329152,1,1,3079467776 pos=-51234.47,1555.93,2851.09
[06:01:14.304] [HOST] INFO: SPIKE 35 cam role=H t=13016 pos=-49647.1,1565.2,4445.7 yaw=0.00 pitch=0.00 alt=0.0 freecam=1
[06:01:14.805] [HOST] INFO: SCENARIO MEMBER hand=1,2637329152,1,1,3079467776 pos=-51234.47,1555.93,2851.09
[06:01:15.304] [HOST] INFO: SCENARIO MEMBER hand=1,2637329152,1,1,3079467776 pos=-51234.47,1555.93,2851.09
[06:01:15.304] [HOST] INFO: SPIKE 35 cam role=H t=14016 pos=-49647.1,1565.2,4445.7 yaw=0.00 pitch=0.00 alt=0.0 freecam=1
[06:01:15.800] [HOST] INFO: SCENARIO MEMBER hand=1,2637329152,1,1,3079467776 pos=-51234.47,1555.93,2851.09
[06:01:16.218] [HOST] INFO: [taskkey] key=22 desc='Patrolling' repro=0 subject=0
[06:01:16.300] [HOST] INFO: SCENARIO MEMBER hand=1,2637329152,1,1,3079467776 pos=-51234.47,1555.93,2851.09
[06:01:16.300] [HOST] INFO: SPIKE 35 cam role=H t=15016 pos=-49647.1,1565.2,4445.7 yaw=0.00 pitch=0.00 alt=0.0 freecam=1
[06:01:16.809] [HOST] INFO: SCENARIO MEMBER hand=1,2637329152,1,1,3079467776 pos=-51234.47,1555.93,2851.09
[06:01:17.308] [HOST] INFO: SCENARIO MEMBER hand=1,2637329152,1,1,3079467776 pos=-51234.47,1555.93,2851.09
[06:01:17.308] [HOST] INFO: SPIKE 35 cam role=H t=16016 pos=-49647.1,1565.2,4445.7 yaw=0.00 pitch=0.00 alt=0.0 freecam=1
[06:01:17.308] [HOST] INFO: SPIKE 35 act t=16016 freecam(off) ok=1
[06:01:17.806] [HOST] INFO: SCENARIO MEMBER hand=1,2637329152,1,1,3079467776 pos=-51234.47,1555.93,2851.09
[06:01:18.300] [HOST] INFO: SCENARIO MEMBER hand=1,2637329152,1,1,3079467776 pos=-51234.47,1555.93,2851.09
[06:01:18.300] [HOST] INFO: SPIKE 35 cam role=H t=17016 pos=-49647.1,1601.4,4445.7 yaw=0.00 pitch=0.00 alt=0.0 freecam=0
[06:01:18.805] [HOST] INFO: SCENARIO MEMBER hand=1,2637329152,1,1,3079467776 pos=-51234.47,1555.93,2851.09
[06:01:19.302] [HOST] INFO: SCENARIO MEMBER hand=1,2637329152,1,1,3079467776 pos=-51234.47,1555.93,2851.09
[06:01:19.302] [HOST] INFO: SPIKE 35 cam role=H t=18016 pos=-49647.1,1601.4,4445.7 yaw=0.00 pitch=0.00 alt=0.0 freecam=0
[06:01:19.807] [HOST] INFO: SCENARIO MEMBER hand=1,2637329152,1,1,3079467776 pos=-51234.47,1555.93,2851.09
[06:01:20.303] [HOST] INFO: SCENARIO MEMBER hand=1,2637329152,1,1,3079467776 pos=-51234.47,1555.93,2851.09
[06:01:20.303] [HOST] INFO: SPIKE 35 cam role=H t=19016 pos=-49647.1,1601.4,4445.7 yaw=0.00 pitch=0.00 alt=0.0 freecam=0
[06:01:20.802] [HOST] INFO: SCENARIO MEMBER hand=1,2637329152,1,1,3079467776 pos=-51234.47,1555.93,2851.09
[06:01:21.303] [HOST] INFO: SCENARIO MEMBER hand=1,2637329152,1,1,3079467776 pos=-51234.47,1555.93,2851.09
[06:01:21.303] [HOST] INFO: SPIKE 35 cam role=H t=20016 pos=-49647.1,1601.4,4445.7 yaw=0.00 pitch=0.00 alt=0.0 freecam=0
[06:01:21.799] [HOST] INFO: SCENARIO MEMBER hand=1,2637329152,1,1,3079467776 pos=-51234.47,1555.93,2851.09
[06:01:22.308] [HOST] INFO: SCENARIO MEMBER hand=1,2637329152,1,1,3079467776 pos=-51234.47,1555.93,2851.09
[06:01:22.309] [HOST] INFO: SPIKE 35 cam role=H t=21016 pos=-49647.1,1601.4,4445.7 yaw=0.00 pitch=0.00 alt=0.0 freecam=0
[06:01:22.803] [HOST] INFO: SCENARIO MEMBER hand=1,2637329152,1,1,3079467776 pos=-51234.47,1555.93,2851.09
[06:01:23.288] [HOST] INFO: KenshiCoop: test duration elapsed; exiting
