[08:26:43.610] [HOST] INFO: log opened
[08:26:43.610] [HOST] INFO: KenshiCoop loaded! (clean rebuild)
[08:26:43.610] [HOST] INFO: KenshiCoop: build Jun 20 2026 08:25:16
[08:26:43.610] [HOST] INFO: KenshiCoop: role=HOST proto=v11 port=27800 save='c'
[08:26:43.649] [HOST] INFO: KenshiCoop: ownership ranks = {0} (bidirectional presence)
[08:26:43.688] [HOST] INFO: KenshiCoop: auto-load armed for save 'c'
[08:26:43.688] [HOST] INFO: KenshiCoop: test mode - self-exit 80 s after gameplay starts
[08:26:43.688] [HOST] INFO: KenshiCoop: scenario armed 'spike'
[08:26:43.688] [HOST] INFO: KenshiCoop: starting as HOST
[08:26:43.689] [HOST] INFO: [net] hosting
[08:26:50.178] [HOST] INFO: KenshiCoop: auto-load issued for save 'c' (after 5000 ms settle)
[08:26:54.807] [HOST] INFO: [net] peer connecting (awaiting HELLO)
[08:26:54.807] [HOST] INFO: [net] peer connected id=1 (proto v11)
[08:26:54.810] [HOST] INFO: handshake: peer present id=1 (local id=0)
[08:27:03.315] [HOST] INFO: KenshiCoop: gameplay started
[08:27:03.315] [HOST] INFO: SCENARIO spike start
[08:27:03.315] [HOST] INFO: SPIKE 51 start id=51 host=1
[08:27:03.316] [HOST] INFO: SCENARIO MEMBER hand=1,2637329152,1,1,3079467776 pos=-51234.47,1547.65,2851.09
[08:27:03.316] [HOST] INFO: SPIKE 51 smoke leader hand=1,2637329152,1,1,3079467776 pos=-51234.5,1547.6,2851.1
[08:27:03.316] [HOST] INFO: SPIKE 51 census role=H t=0 seen=3
[08:27:03.324] [HOST] INFO: SCENARIO MEMBER hand=1,2637329152,1,1,3079467776 pos=-51234.47,1547.65,2851.09
[08:27:03.324] [HOST] INFO: SPIKE 51 census role=H t=0 seen=3
[08:27:03.331] [HOST] INFO: SCENARIO MEMBER hand=1,2637329152,1,1,3079467776 pos=-51234.47,1555.93,2851.09
[08:27:03.331] [HOST] INFO: SPIKE 51 census role=H t=16 seen=3
[08:27:03.364] [HOST] INFO: [taskkey] key=1 desc='Moving' repro=0 subject=1
[08:27:03.551] [HOST] INFO: [taskkey] key=51 desc='Stand at node' repro=0 subject=1
[08:27:03.834] [HOST] INFO: SCENARIO MEMBER hand=1,2637329152,1,1,3079467776 pos=-51234.47,1555.93,2851.09
[08:27:04.334] [HOST] INFO: SCENARIO MEMBER hand=1,2637329152,1,1,3079467776 pos=-51234.47,1555.93,2851.09
[08:27:04.334] [HOST] INFO: SPIKE 51 census role=H t=1016 seen=5
[08:27:04.584] [HOST] INFO: [taskkey] key=87 desc='Operating machine' repro=1 subject=1
[08:27:04.584] [HOST] INFO: [seatres] HOST task=87 npc=1,3996215808 subj=514,2909912064 ok=1 npcpos=-51199.7,2664.2 subjpos=-51206.5,2659.7 d=8.1
[08:27:04.832] [HOST] INFO: SCENARIO MEMBER hand=1,2637329152,1,1,3079467776 pos=-51234.47,1555.93,2851.09
[08:27:04.833] [HOST] INFO: SETUP: faction scan found 52 loaded NPC(s) within 6000u
[08:27:04.833] [HOST] INFO: SETUP(battle): using nearby non-player faction (peaceful base)
[08:27:04.837] [HOST] INFO: SETUP(battle): perSide=10 red=10 blue=10 orders=20
[08:27:04.837] [HOST] INFO: SPIKE 51 battle spawned perSide=10 total=20
[08:27:04.868] [HOST] INFO: [taskkey] key=6 desc='Equipping weapon' repro=0 subject=1
[08:27:04.894] [HOST] INFO: [taskkey] key=61 desc='Attacking target unprovoked' repro=0 subject=1
[08:27:05.334] [HOST] INFO: SCENARIO MEMBER hand=1,2637329152,1,1,3079467776 pos=-51238.10,1557.43,2840.77
[08:27:05.334] [HOST] INFO: SPIKE 51 census role=H t=2016 seen=25
[08:27:05.334] [HOST] INFO: SPIKE 51 battle r(a10 f10 w0) b(a10 f10 w0) fighting=20 alive=20/20
[08:27:05.833] [HOST] INFO: SCENARIO MEMBER hand=1,2637329152,1,1,3079467776 pos=-51241.76,1557.87,2837.26
[08:27:06.334] [HOST] INFO: SCENARIO MEMBER hand=1,2637329152,1,1,3079467776 pos=-51244.23,1557.96,2837.54
[08:27:06.334] [HOST] INFO: SPIKE 51 census role=H t=3016 seen=24
[08:27:06.334] [HOST] INFO: SPIKE 51 battle r(a10 f10 w0) b(a10 f10 w0) fighting=20 alive=20/20
[08:27:06.831] [HOST] INFO: SCENARIO MEMBER hand=1,2637329152,1,1,3079467776 pos=-51244.27,1557.96,2837.56
[08:27:07.331] [HOST] INFO: SCENARIO MEMBER hand=1,2637329152,1,1,3079467776 pos=-51242.07,1558.04,2835.89
[08:27:07.331] [HOST] INFO: SPIKE 51 census role=H t=4016 seen=23
[08:27:07.331] [HOST] INFO: SPIKE 51 battle r(a10 f10 w0) b(a10 f10 w0) fighting=20 alive=20/20
[08:27:07.837] [HOST] INFO: SCENARIO MEMBER hand=1,2637329152,1,1,3079467776 pos=-51241.70,1558.17,2834.65
[08:27:08.339] [HOST] INFO: SCENARIO MEMBER hand=1,2637329152,1,1,3079467776 pos=-51241.70,1558.17,2834.65
[08:27:08.339] [HOST] INFO: SPIKE 51 census role=H t=5016 seen=23
[08:27:08.339] [HOST] INFO: SPIKE 51 battle r(a10 f10 w0) b(a10 f10 w0) fighting=20 alive=20/20
[08:27:08.835] [HOST] INFO: SCENARIO MEMBER hand=1,2637329152,1,1,3079467776 pos=-51241.70,1558.17,2834.65
[08:27:09.332] [HOST] INFO: SCENARIO MEMBER hand=1,2637329152,1,1,3079467776 pos=-51241.70,1558.17,2834.65
[08:27:09.332] [HOST] INFO: SPIKE 51 census role=H t=6016 seen=24
[08:27:09.332] [HOST] INFO: SPIKE 51 battle r(a10 f10 w0) b(a10 f10 w0) fighting=20 alive=20/20
[08:27:09.832] [HOST] INFO: SCENARIO MEMBER hand=1,2637329152,1,1,3079467776 pos=-51241.70,1558.17,2834.65
[08:27:10.332] [HOST] INFO: SCENARIO MEMBER hand=1,2637329152,1,1,3079467776 pos=-51241.70,1558.17,2834.65
[08:27:10.332] [HOST] INFO: SPIKE 51 census role=H t=7016 seen=24
[08:27:10.332] [HOST] INFO: SPIKE 51 battle r(a10 f10 w0) b(a10 f10 w0) fighting=20 alive=20/20
[08:27:10.836] [HOST] INFO: SCENARIO MEMBER hand=1,2637329152,1,1,3079467776 pos=-51241.70,1558.17,2834.59
[08:27:11.330] [HOST] INFO: SCENARIO MEMBER hand=1,2637329152,1,1,3079467776 pos=-51241.70,1558.20,2834.34
[08:27:11.330] [HOST] INFO: SPIKE 51 census role=H t=8016 seen=25
[08:27:11.330] [HOST] INFO: SPIKE 51 battle r(a10 f10 w0) b(a10 f10 w0) fighting=20 alive=20/20
[08:27:11.836] [HOST] INFO: SCENARIO MEMBER hand=1,2637329152,1,1,3079467776 pos=-51241.70,1558.22,2834.20
[08:27:12.332] [HOST] INFO: SCENARIO MEMBER hand=1,2637329152,1,1,3079467776 pos=-51241.70,1558.22,2834.20
[08:27:12.332] [HOST] INFO: SPIKE 51 census role=H t=9016 seen=24
[08:27:12.332] [HOST] INFO: SPIKE 51 battle r(a10 f10 w0) b(a10 f10 w0) fighting=20 alive=20/20
[08:27:12.837] [HOST] INFO: SCENARIO MEMBER hand=1,2637329152,1,1,3079467776 pos=-51241.85,1558.29,2833.69
[08:27:13.334] [HOST] INFO: SCENARIO MEMBER hand=1,2637329152,1,1,3079467776 pos=-51241.88,1558.30,2833.59
[08:27:13.334] [HOST] INFO: SPIKE 51 census role=H t=10016 seen=25
[08:27:13.334] [HOST] INFO: SPIKE 51 battle r(a10 f10 w0) b(a10 f10 w0) fighting=20 alive=20/20
[08:27:13.833] [HOST] INFO: SCENARIO MEMBER hand=1,2637329152,1,1,3079467776 pos=-51241.88,1558.30,2833.59
[08:27:14.332] [HOST] INFO: SCENARIO MEMBER hand=1,2637329152,1,1,3079467776 pos=-51241.88,1558.30,2833.59
[08:27:14.332] [HOST] INFO: SPIKE 51 census role=H t=11016 seen=25
[08:27:14.332] [HOST] INFO: SPIKE 51 battle r(a10 f10 w0) b(a10 f10 w0) fighting=20 alive=20/20
[08:27:14.837] [HOST] INFO: SCENARIO MEMBER hand=1,2637329152,1,1,3079467776 pos=-51241.88,1558.30,2833.59
[08:27:15.332] [HOST] INFO: SCENARIO MEMBER hand=1,2637329152,1,1,3079467776 pos=-51241.88,1558.30,2833.59
[08:27:15.332] [HOST] INFO: SPIKE 51 census role=H t=12016 seen=25
[08:27:15.332] [HOST] INFO: SPIKE 51 battle r(a10 f10 w0) b(a10 f10 w0) fighting=20 alive=20/20
[08:27:15.838] [HOST] INFO: SCENARIO MEMBER hand=1,2637329152,1,1,3079467776 pos=-51241.88,1558.30,2833.59
[08:27:16.334] [HOST] INFO: SCENARIO MEMBER hand=1,2637329152,1,1,3079467776 pos=-51241.88,1558.30,2833.59
[08:27:16.334] [HOST] INFO: SPIKE 51 census role=H t=13016 seen=25
[08:27:16.334] [HOST] INFO: SPIKE 51 battle r(a10 f10 w0) b(a10 f10 w0) fighting=20 alive=20/20
[08:27:16.834] [HOST] INFO: SCENARIO MEMBER hand=1,2637329152,1,1,3079467776 pos=-51241.88,1558.30,2833.59
[08:27:17.333] [HOST] INFO: SCENARIO MEMBER hand=1,2637329152,1,1,3079467776 pos=-51241.88,1558.30,2833.59
[08:27:17.333] [HOST] INFO: SPIKE 51 census role=H t=14016 seen=24
[08:27:17.333] [HOST] INFO: SPIKE 51 battle r(a10 f10 w0) b(a10 f10 w0) fighting=20 alive=20/20
[08:27:17.835] [HOST] INFO: SCENARIO MEMBER hand=1,2637329152,1,1,3079467776 pos=-51241.88,1558.30,2833.59
[08:27:18.332] [HOST] INFO: SCENARIO MEMBER hand=1,2637329152,1,1,3079467776 pos=-51241.88,1558.30,2833.59
[08:27:18.333] [HOST] INFO: SPIKE 51 census role=H t=15016 seen=25
[08:27:18.333] [HOST] INFO: SPIKE 51 battle r(a10 f10 w0) b(a10 f10 w0) fighting=20 alive=20/20
[08:27:18.830] [HOST] INFO: SCENARIO MEMBER hand=1,2637329152,1,1,3079467776 pos=-51241.88,1558.30,2833.59
[08:27:19.338] [HOST] INFO: SCENARIO MEMBER hand=1,2637329152,1,1,3079467776 pos=-51241.88,1558.30,2833.59
[08:27:19.338] [HOST] INFO: SPIKE 51 census role=H t=16016 seen=25
[08:27:19.338] [HOST] INFO: SPIKE 51 battle r(a10 f10 w0) b(a10 f10 w0) fighting=20 alive=20/20
[08:27:19.830] [HOST] INFO: SCENARIO MEMBER hand=1,2637329152,1,1,3079467776 pos=-51241.88,1558.30,2833.59
[08:27:20.330] [HOST] INFO: SCENARIO MEMBER hand=1,2637329152,1,1,3079467776 pos=-51241.88,1558.30,2833.59
[08:27:20.330] [HOST] INFO: SPIKE 51 census role=H t=17016 seen=25
[08:27:20.330] [HOST] INFO: SPIKE 51 battle r(a10 f10 w0) b(a10 f10 w0) fighting=20 alive=20/20
[08:27:20.838] [HOST] INFO: SCENARIO MEMBER hand=1,2637329152,1,1,3079467776 pos=-51241.88,1558.30,2833.59
[08:27:21.333] [HOST] INFO: SCENARIO MEMBER hand=1,2637329152,1,1,3079467776 pos=-51241.88,1558.30,2833.59
[08:27:21.333] [HOST] INFO: SPIKE 51 census role=H t=18016 seen=24
[08:27:21.333] [HOST] INFO: SPIKE 51 battle r(a10 f10 w0) b(a10 f10 w0) fighting=20 alive=20/20
[08:27:21.838] [HOST] INFO: SCENARIO MEMBER hand=1,2637329152,1,1,3079467776 pos=-51241.88,1558.30,2833.59
[08:27:22.330] [HOST] INFO: SCENARIO MEMBER hand=1,2637329152,1,1,3079467776 pos=-51241.88,1558.30,2833.59
[08:27:22.330] [HOST] INFO: SPIKE 51 census role=H t=19016 seen=24
[08:27:22.330] [HOST] INFO: SPIKE 51 battle r(a10 f10 w0) b(a10 f10 w0) fighting=20 alive=20/20
[08:27:23.667] [HOST] INFO: SCENARIO MEMBER hand=1,2637329152,1,1,3079467776 pos=-51241.88,1558.30,2833.59
[08:27:23.667] [HOST] INFO: SPIKE 51 census role=H t=20344 seen=24
[08:27:23.667] [HOST] INFO: SPIKE 51 battle r(a10 f10 w0) b(a10 f10 w0) fighting=20 alive=20/20
[08:27:24.555] [HOST] INFO: SCENARIO MEMBER hand=1,2637329152,1,1,3079467776 pos=-51241.88,1558.30,2833.59
[08:27:25.056] [HOST] INFO: SCENARIO MEMBER hand=1,2637329152,1,1,3079467776 pos=-51241.88,1558.30,2833.59
[08:27:25.056] [HOST] INFO: SPIKE 51 census role=H t=21735 seen=24
[08:27:25.056] [HOST] INFO: SPIKE 51 battle r(a10 f10 w0) b(a10 f10 w0) fighting=20 alive=20/20
[08:27:25.599] [HOST] INFO: SCENARIO MEMBER hand=1,2637329152,1,1,3079467776 pos=-51241.88,1558.30,2833.59
[08:27:26.102] [HOST] INFO: SCENARIO MEMBER hand=1,2637329152,1,1,3079467776 pos=-51241.88,1558.30,2833.59
[08:27:26.102] [HOST] INFO: SPIKE 51 census role=H t=22782 seen=24
[08:27:26.102] [HOST] INFO: SPIKE 51 battle r(a10 f10 w0) b(a10 f10 w0) fighting=20 alive=20/20
[08:27:26.643] [HOST] INFO: SCENARIO MEMBER hand=1,2637329152,1,1,3079467776 pos=-51241.88,1558.30,2833.59
[08:27:27.146] [HOST] INFO: SCENARIO MEMBER hand=1,2637329152,1,1,3079467776 pos=-51241.88,1558.30,2833.59
[08:27:27.146] [HOST] INFO: SPIKE 51 census role=H t=23829 seen=24
[08:27:27.146] [HOST] INFO: SPIKE 51 battle r(a10 f10 w0) b(a10 f10 w0) fighting=20 alive=20/20
[08:27:27.652] [HOST] INFO: SCENARIO MEMBER hand=1,2637329152,1,1,3079467776 pos=-51241.88,1558.30,2833.59
[08:27:28.144] [HOST] INFO: SCENARIO MEMBER hand=1,2637329152,1,1,3079467776 pos=-51241.88,1558.30,2833.59
[08:27:28.144] [HOST] INFO: SPIKE 51 census role=H t=24829 seen=24
[08:27:28.144] [HOST] INFO: SPIKE 51 battle r(a10 f10 w0) b(a10 f10 w0) fighting=20 alive=20/20
[08:27:28.649] [HOST] INFO: SCENARIO MEMBER hand=1,2637329152,1,1,3079467776 pos=-51241.88,1558.30,2833.59
[08:27:29.344] [HOST] INFO: SCENARIO MEMBER hand=1,2637329152,1,1,3079467776 pos=-51241.88,1558.30,2833.59
[08:27:29.344] [HOST] INFO: SPIKE 51 census role=H t=26016 seen=24
[08:27:29.344] [HOST] INFO: SPIKE 51 battle r(a10 f10 w0) b(a10 f10 w0) fighting=20 alive=20/20
[08:27:29.897] [HOST] INFO: SCENARIO MEMBER hand=1,2637329152,1,1,3079467776 pos=-51241.88,1558.30,2833.59
[08:27:30.395] [HOST] INFO: SCENARIO MEMBER hand=1,2637329152,1,1,3079467776 pos=-51241.88,1558.30,2833.59
[08:27:30.395] [HOST] INFO: SPIKE 51 census role=H t=27079 seen=24
[08:27:30.395] [HOST] INFO: SPIKE 51 battle r(a10 f10 w0) b(a10 f10 w0) fighting=20 alive=20/20
[08:27:30.942] [HOST] INFO: SCENARIO MEMBER hand=1,2637329152,1,1,3079467776 pos=-51241.88,1558.30,2833.59
[08:27:31.441] [HOST] INFO: SCENARIO MEMBER hand=1,2637329152,1,1,3079467776 pos=-51241.88,1558.30,2833.59
[08:27:31.441] [HOST] INFO: SPIKE 51 census role=H t=28125 seen=24
[08:27:31.441] [HOST] INFO: SPIKE 51 battle r(a10 f10 w0) b(a10 f10 w0) fighting=20 alive=20/20
[08:27:31.946] [HOST] INFO: SCENARIO MEMBER hand=1,2637329152,1,1,3079467776 pos=-51241.88,1558.30,2833.59
[08:27:32.583] [HOST] INFO: SCENARIO MEMBER hand=1,2637329152,1,1,3079467776 pos=-51241.88,1558.30,2833.59
[08:27:32.583] [HOST] INFO: SPIKE 51 census role=H t=29266 seen=24
[08:27:32.583] [HOST] INFO: SPIKE 51 battle r(a10 f10 w0) b(a10 f10 w0) fighting=20 alive=20/20
[08:27:33.088] [HOST] INFO: SCENARIO MEMBER hand=1,2637329152,1,1,3079467776 pos=-51242.00,1558.38,2832.94
[08:27:33.587] [HOST] INFO: SCENARIO MEMBER hand=1,2637329152,1,1,3079467776 pos=-51242.00,1558.38,2832.94
[08:27:33.587] [HOST] INFO: SPIKE 51 census role=H t=30266 seen=24
[08:27:33.587] [HOST] INFO: SPIKE 51 battle r(a10 f10 w0) b(a10 f10 w0) fighting=20 alive=20/20
[08:27:34.192] [HOST] INFO: SCENARIO MEMBER hand=1,2637329152,1,1,3079467776 pos=-51242.00,1558.38,2832.94
[08:27:34.691] [HOST] INFO: SCENARIO MEMBER hand=1,2637329152,1,1,3079467776 pos=-51242.00,1558.38,2832.94
[08:27:34.691] [HOST] INFO: SPIKE 51 census role=H t=31375 seen=24
[08:27:34.691] [HOST] INFO: SPIKE 51 battle r(a10 f10 w0) b(a10 f10 w0) fighting=20 alive=20/20
[08:27:35.219] [HOST] INFO: SCENARIO MEMBER hand=1,2637329152,1,1,3079467776 pos=-51242.00,1558.38,2832.94
[08:27:35.762] [HOST] INFO: SCENARIO MEMBER hand=1,2637329152,1,1,3079467776 pos=-51242.00,1558.38,2832.94
[08:27:35.762] [HOST] INFO: SPIKE 51 census role=H t=32438 seen=24
[08:27:35.762] [HOST] INFO: SPIKE 51 battle r(a10 f10 w0) b(a10 f10 w0) fighting=20 alive=20/20
[08:27:36.309] [HOST] INFO: SCENARIO MEMBER hand=1,2637329152,1,1,3079467776 pos=-51242.00,1558.38,2832.94
[08:27:36.804] [HOST] INFO: SCENARIO MEMBER hand=1,2637329152,1,1,3079467776 pos=-51242.00,1558.38,2832.94
[08:27:36.804] [HOST] INFO: SPIKE 51 census role=H t=33485 seen=24
[08:27:36.804] [HOST] INFO: SPIKE 51 battle r(a10 f10 w0) b(a10 f10 w0) fighting=20 alive=20/20
[08:27:37.441] [HOST] INFO: SCENARIO MEMBER hand=1,2637329152,1,1,3079467776 pos=-51242.00,1558.38,2832.94
[08:27:37.944] [HOST] INFO: SCENARIO MEMBER hand=1,2637329152,1,1,3079467776 pos=-51242.00,1558.38,2832.94
[08:27:37.944] [HOST] INFO: SPIKE 51 census role=H t=34625 seen=24
[08:27:37.944] [HOST] INFO: SPIKE 51 battle r(a10 f10 w0) b(a10 f10 w0) fighting=20 alive=20/20
[08:27:38.466] [HOST] INFO: SCENARIO MEMBER hand=1,2637329152,1,1,3079467776 pos=-51242.00,1558.38,2832.94
[08:27:38.961] [HOST] INFO: SCENARIO MEMBER hand=1,2637329152,1,1,3079467776 pos=-51242.00,1558.38,2832.94
[08:27:38.961] [HOST] INFO: SPIKE 51 census role=H t=35641 seen=24
[08:27:38.961] [HOST] INFO: SPIKE 51 battle r(a10 f10 w0) b(a10 f10 w0) fighting=20 alive=20/20
[08:27:39.506] [HOST] INFO: SCENARIO MEMBER hand=1,2637329152,1,1,3079467776 pos=-51242.00,1558.38,2832.94
[08:27:40.009] [HOST] INFO: SCENARIO MEMBER hand=1,2637329152,1,1,3079467776 pos=-51242.00,1558.38,2832.94
[08:27:40.009] [HOST] INFO: SPIKE 51 census role=H t=36688 seen=24
[08:27:40.009] [HOST] INFO: SPIKE 51 battle r(a10 f10 w0) b(a10 f10 w0) fighting=20 alive=20/20
[08:27:40.549] [HOST] INFO: SCENARIO MEMBER hand=1,2637329152,1,1,3079467776 pos=-51242.00,1558.38,2832.94
[08:27:41.055] [HOST] INFO: SCENARIO MEMBER hand=1,2637329152,1,1,3079467776 pos=-51242.00,1558.38,2832.94
[08:27:41.055] [HOST] INFO: SPIKE 51 census role=H t=37735 seen=24
[08:27:41.055] [HOST] INFO: SPIKE 51 battle r(a10 f10 w0) b(a10 f10 w0) fighting=20 alive=20/20
[08:27:41.580] [HOST] INFO: SCENARIO MEMBER hand=1,2637329152,1,1,3079467776 pos=-51242.00,1558.38,2832.94
[08:27:42.123] [HOST] INFO: SCENARIO MEMBER hand=1,2637329152,1,1,3079467776 pos=-51242.00,1558.38,2832.94
[08:27:42.123] [HOST] INFO: SPIKE 51 census role=H t=38797 seen=24
[08:27:42.123] [HOST] INFO: SPIKE 51 battle r(a10 f10 w0) b(a10 f10 w0) fighting=20 alive=20/20
[08:27:42.670] [HOST] INFO: SCENARIO MEMBER hand=1,2637329152,1,1,3079467776 pos=-51242.00,1558.38,2832.94
[08:27:43.216] [HOST] INFO: SCENARIO MEMBER hand=1,2637329152,1,1,3079467776 pos=-51242.00,1558.38,2832.94
[08:27:43.216] [HOST] INFO: SPIKE 51 census role=H t=39891 seen=24
[08:27:43.216] [HOST] INFO: SPIKE 51 battle r(a10 f10 w0) b(a10 f10 w0) fighting=20 alive=20/20
[08:27:43.763] [HOST] INFO: SCENARIO MEMBER hand=1,2637329152,1,1,3079467776 pos=-51242.00,1558.38,2832.94
[08:27:44.255] [HOST] INFO: SCENARIO MEMBER hand=1,2637329152,1,1,3079467776 pos=-51242.00,1558.38,2832.94
[08:27:44.255] [HOST] INFO: SPIKE 51 census role=H t=40938 seen=24
[08:27:44.255] [HOST] INFO: SPIKE 51 battle r(a10 f10 w0) b(a10 f10 w0) fighting=20 alive=20/20
[08:27:44.758] [HOST] INFO: SCENARIO MEMBER hand=1,2637329152,1,1,3079467776 pos=-51242.00,1558.38,2832.94
[08:27:45.553] [HOST] INFO: SCENARIO MEMBER hand=1,2637329152,1,1,3079467776 pos=-51242.00,1558.38,2832.94
[08:27:45.553] [HOST] INFO: SPIKE 51 census role=H t=42235 seen=24
[08:27:45.553] [HOST] INFO: SPIKE 51 battle r(a10 f10 w0) b(a10 f10 w0) fighting=20 alive=20/20
[08:27:46.053] [HOST] INFO: SCENARIO MEMBER hand=1,2637329152,1,1,3079467776 pos=-51242.00,1558.38,2832.94
[08:27:46.575] [HOST] INFO: SCENARIO MEMBER hand=1,2637329152,1,1,3079467776 pos=-51242.00,1558.38,2832.94
[08:27:46.575] [HOST] INFO: SPIKE 51 census role=H t=43250 seen=24
[08:27:46.575] [HOST] INFO: SPIKE 51 battle r(a10 f10 w0) b(a10 f10 w0) fighting=20 alive=20/20
[08:27:47.122] [HOST] INFO: SCENARIO MEMBER hand=1,2637329152,1,1,3079467776 pos=-51242.00,1558.38,2832.94
[08:27:47.616] [HOST] INFO: SCENARIO MEMBER hand=1,2637329152,1,1,3079467776 pos=-51242.00,1558.38,2832.94
[08:27:47.616] [HOST] INFO: SPIKE 51 census role=H t=44297 seen=24
[08:27:47.616] [HOST] INFO: SPIKE 51 battle r(a10 f10 w0) b(a10 f10 w0) fighting=20 alive=20/20
[08:27:48.147] [HOST] INFO: SCENARIO MEMBER hand=1,2637329152,1,1,3079467776 pos=-51242.00,1558.38,2832.94
[08:27:48.710] [HOST] INFO: SCENARIO MEMBER hand=1,2637329152,1,1,3079467776 pos=-51242.00,1558.38,2832.94
[08:27:48.710] [HOST] INFO: SPIKE 51 census role=H t=45391 seen=24
[08:27:48.710] [HOST] INFO: SPIKE 51 battle r(a10 f10 w0) b(a10 f10 w0) fighting=20 alive=20/20
[08:27:48.893] [HOST] INFO: [seatres] HOST task=87 npc=1,524536128 subj=515,1040527360 ok=1 npcpos=-51208.8,2634.7 subjpos=-51208.8,2634.7 d=0.0
[08:27:49.205] [HOST] INFO: SCENARIO MEMBER hand=1,2637329152,1,1,3079467776 pos=-51243.69,1558.64,2831.45
[08:27:49.754] [HOST] INFO: SCENARIO MEMBER hand=1,2637329152,1,1,3079467776 pos=-51243.69,1558.64,2831.45
[08:27:49.754] [HOST] INFO: SPIKE 51 census role=H t=46438 seen=25
[08:27:49.754] [HOST] INFO: SPIKE 51 battle r(a10 f10 w0) b(a10 f10 w0) fighting=20 alive=20/20
[08:27:50.254] [HOST] INFO: SCENARIO MEMBER hand=1,2637329152,1,1,3079467776 pos=-51243.69,1558.64,2831.45
[08:27:50.781] [HOST] INFO: SCENARIO MEMBER hand=1,2637329152,1,1,3079467776 pos=-51243.69,1558.64,2831.45
[08:27:50.781] [HOST] INFO: SPIKE 51 census role=H t=47454 seen=25
[08:27:50.781] [HOST] INFO: SPIKE 51 battle r(a10 f10 w0) b(a10 f10 w0) fighting=20 alive=20/20
[08:27:51.276] [HOST] INFO: SCENARIO MEMBER hand=1,2637329152,1,1,3079467776 pos=-51245.16,1558.75,2831.12
[08:27:51.821] [HOST] INFO: SCENARIO MEMBER hand=1,2637329152,1,1,3079467776 pos=-51245.16,1558.75,2831.12
[08:27:51.821] [HOST] INFO: SPIKE 51 census role=H t=48500 seen=25
[08:27:51.821] [HOST] INFO: SPIKE 51 battle r(a10 f10 w0) b(a10 f10 w0) fighting=20 alive=20/20
[08:27:52.319] [HOST] INFO: SCENARIO MEMBER hand=1,2637329152,1,1,3079467776 pos=-51245.16,1558.75,2831.12
[08:27:52.846] [HOST] INFO: SCENARIO MEMBER hand=1,2637329152,1,1,3079467776 pos=-51245.16,1558.75,2831.12
[08:27:52.846] [HOST] INFO: SPIKE 51 census role=H t=49532 seen=25
[08:27:52.846] [HOST] INFO: SPIKE 51 battle r(a10 f10 w0) b(a10 f10 w0) fighting=20 alive=20/20
[08:27:53.393] [HOST] INFO: SCENARIO MEMBER hand=1,2637329152,1,1,3079467776 pos=-51245.16,1558.75,2831.12
[08:27:53.900] [HOST] INFO: SCENARIO MEMBER hand=1,2637329152,1,1,3079467776 pos=-51245.16,1558.75,2831.12
[08:27:53.900] [HOST] INFO: SPIKE 51 census role=H t=50579 seen=25
[08:27:53.900] [HOST] INFO: SPIKE 51 battle r(a10 f10 w0) b(a10 f10 w0) fighting=20 alive=20/20
[08:27:54.422] [HOST] INFO: SCENARIO MEMBER hand=1,2637329152,1,1,3079467776 pos=-51245.16,1558.75,2831.12
[08:27:54.741] [HOST] INFO: [seatres] HOST task=87 npc=1,3808471552 subj=511,656249984 ok=1 npcpos=-51172.2,2641.8 subjpos=-51172.2,2641.8 d=0.0
[08:27:54.916] [HOST] INFO: SCENARIO MEMBER hand=1,2637329152,1,1,3079467776 pos=-51246.22,1559.45,2825.43
[08:27:54.916] [HOST] INFO: SPIKE 51 census role=H t=51594 seen=26
[08:27:54.916] [HOST] INFO: SPIKE 51 battle r(a10 f10 w0) b(a10 f10 w0) fighting=20 alive=20/20
[08:27:55.809] [HOST] INFO: SCENARIO MEMBER hand=1,2637329152,1,1,3079467776 pos=-51245.90,1559.53,2824.17
[08:27:56.301] [HOST] INFO: SCENARIO MEMBER hand=1,2637329152,1,1,3079467776 pos=-51245.90,1559.53,2824.17
[08:27:56.301] [HOST] INFO: SPIKE 51 census role=H t=52985 seen=26
[08:27:56.301] [HOST] INFO: SPIKE 51 battle r(a10 f10 w0) b(a10 f10 w0) fighting=20 alive=20/20
[08:27:56.842] [HOST] INFO: SCENARIO MEMBER hand=1,2637329152,1,1,3079467776 pos=-51245.90,1559.53,2824.17
[08:27:57.330] [HOST] INFO: SCENARIO MEMBER hand=1,2637329152,1,1,3079467776 pos=-51245.90,1559.53,2824.17
[08:27:57.330] [HOST] INFO: SPIKE 51 census role=H t=54016 seen=26
[08:27:57.330] [HOST] INFO: SPIKE 51 battle r(a10 f10 w0) b(a10 f10 w0) fighting=20 alive=20/20
[08:27:57.871] [HOST] INFO: SCENARIO MEMBER hand=1,2637329152,1,1,3079467776 pos=-51245.90,1559.53,2824.17
[08:27:58.362] [HOST] INFO: SCENARIO MEMBER hand=1,2637329152,1,1,3079467776 pos=-51245.90,1559.53,2824.17
[08:27:58.362] [HOST] INFO: SPIKE 51 census role=H t=55047 seen=26
[08:27:58.362] [HOST] INFO: SPIKE 51 battle r(a10 f10 w0) b(a10 f10 w0) fighting=20 alive=20/20
[08:27:58.911] [HOST] INFO: SCENARIO MEMBER hand=1,2637329152,1,1,3079467776 pos=-51245.90,1559.53,2824.17
[08:27:59.412] [HOST] INFO: SCENARIO MEMBER hand=1,2637329152,1,1,3079467776 pos=-51245.90,1559.53,2824.17
[08:27:59.412] [HOST] INFO: SPIKE 51 census role=H t=56094 seen=26
[08:27:59.412] [HOST] INFO: SPIKE 51 battle r(a10 f10 w0) b(a10 f10 w0) fighting=20 alive=20/20
[08:27:59.911] [HOST] INFO: SCENARIO MEMBER hand=1,2637329152,1,1,3079467776 pos=-51245.90,1559.53,2824.17
[08:28:00.652] [HOST] INFO: SCENARIO MEMBER hand=1,2637329152,1,1,3079467776 pos=-51245.90,1559.53,2824.17
[08:28:00.652] [HOST] INFO: SPIKE 51 census role=H t=57329 seen=26
[08:28:00.652] [HOST] INFO: SPIKE 51 battle r(a10 f10 w0) b(a10 f10 w0) fighting=20 alive=20/20
[08:28:01.147] [HOST] INFO: SCENARIO MEMBER hand=1,2637329152,1,1,3079467776 pos=-51245.90,1559.53,2824.17
[08:28:01.697] [HOST] INFO: SCENARIO MEMBER hand=1,2637329152,1,1,3079467776 pos=-51245.90,1559.53,2824.17
[08:28:01.697] [HOST] INFO: SPIKE 51 census role=H t=58375 seen=26
[08:28:01.697] [HOST] INFO: SPIKE 51 battle r(a10 f10 w0) b(a10 f10 w0) fighting=20 alive=20/20
[08:28:02.189] [HOST] INFO: SCENARIO MEMBER hand=1,2637329152,1,1,3079467776 pos=-51249.75,1559.49,2828.16
[08:28:02.719] [HOST] INFO: SCENARIO MEMBER hand=1,2637329152,1,1,3079467776 pos=-51249.89,1559.50,2828.20
[08:28:02.720] [HOST] INFO: SPIKE 51 census role=H t=59391 seen=25
[08:28:02.720] [HOST] INFO: SPIKE 51 battle r(a10 f10 w0) b(a10 f10 w0) fighting=20 alive=20/20
[08:28:03.268] [HOST] INFO: SCENARIO MEMBER hand=1,2637329152,1,1,3079467776 pos=-51249.96,1559.50,2828.22
[08:28:03.767] [HOST] INFO: SCENARIO MEMBER hand=1,2637329152,1,1,3079467776 pos=-51249.96,1559.50,2828.22
[08:28:03.767] [HOST] INFO: SPIKE 51 census role=H t=60454 seen=25
[08:28:03.767] [HOST] INFO: SPIKE 51 battle r(a10 f10 w0) b(a10 f10 w0) fighting=20 alive=20/20
[08:28:04.311] [HOST] INFO: SCENARIO MEMBER hand=1,2637329152,1,1,3079467776 pos=-51249.96,1559.50,2828.22
[08:28:04.359] [HOST] INFO: [net] peer disconnected id=1
[08:28:04.361] [HOST] INFO: handshake: peer left id=1
[08:28:04.799] [HOST] INFO: SCENARIO MEMBER hand=1,2637329152,1,1,3079467776 pos=-51249.96,1559.50,2828.22
[08:28:04.799] [HOST] INFO: SPIKE 51 census role=H t=61485 seen=25
[08:28:04.799] [HOST] INFO: SPIKE 51 battle r(a10 f10 w0) b(a10 f10 w0) fighting=20 alive=20/20
[08:28:05.338] [HOST] INFO: SCENARIO MEMBER hand=1,2637329152,1,1,3079467776 pos=-51249.96,1559.50,2828.22
[08:28:05.887] [HOST] INFO: SCENARIO MEMBER hand=1,2637329152,1,1,3079467776 pos=-51249.96,1559.50,2828.22
[08:28:05.887] [HOST] INFO: SPIKE 51 census role=H t=62563 seen=25
[08:28:05.887] [HOST] INFO: SPIKE 51 battle r(a10 f10 w0) b(a10 f10 w0) fighting=20 alive=20/20
[08:28:06.378] [HOST] INFO: SCENARIO MEMBER hand=1,2637329152,1,1,3079467776 pos=-51249.96,1559.50,2828.22
[08:28:06.946] [HOST] INFO: SCENARIO MEMBER hand=1,2637329152,1,1,3079467776 pos=-51249.96,1559.50,2828.22
[08:28:06.946] [HOST] INFO: SPIKE 51 census role=H t=63625 seen=25
[08:28:06.946] [HOST] INFO: SPIKE 51 battle r(a10 f10 w0) b(a10 f10 w0) fighting=20 alive=20/20
[08:28:07.441] [HOST] INFO: SCENARIO MEMBER hand=1,2637329152,1,1,3079467776 pos=-51249.96,1559.50,2828.22
[08:28:07.939] [HOST] INFO: SCENARIO MEMBER hand=1,2637329152,1,1,3079467776 pos=-51249.96,1559.50,2828.22
[08:28:07.939] [HOST] INFO: SPIKE 51 census role=H t=64625 seen=25
[08:28:07.939] [HOST] INFO: SPIKE 51 battle r(a10 f10 w0) b(a10 f10 w0) fighting=20 alive=20/20
[08:28:08.534] [HOST] INFO: SCENARIO MEMBER hand=1,2637329152,1,1,3079467776 pos=-51249.96,1559.50,2828.22
[08:28:09.033] [HOST] INFO: SCENARIO MEMBER hand=1,2637329152,1,1,3079467776 pos=-51249.96,1559.50,2828.22
[08:28:09.033] [HOST] INFO: SPIKE 51 census role=H t=65719 seen=25
[08:28:09.033] [HOST] INFO: SPIKE 51 battle r(a10 f10 w0) b(a10 f10 w0) fighting=20 alive=20/20
[08:28:09.584] [HOST] INFO: SCENARIO MEMBER hand=1,2637329152,1,1,3079467776 pos=-51249.96,1559.50,2828.22
[08:28:10.086] [HOST] INFO: SCENARIO MEMBER hand=1,2637329152,1,1,3079467776 pos=-51249.96,1559.50,2828.22
[08:28:10.086] [HOST] INFO: SPIKE 51 census role=H t=66766 seen=25
[08:28:10.086] [HOST] INFO: SPIKE 51 battle r(a10 f10 w0) b(a10 f10 w0) fighting=20 alive=20/20
[08:28:10.628] [HOST] INFO: SCENARIO MEMBER hand=1,2637329152,1,1,3079467776 pos=-51249.96,1559.50,2828.22
[08:28:11.129] [HOST] INFO: SCENARIO MEMBER hand=1,2637329152,1,1,3079467776 pos=-51249.96,1559.50,2828.22
[08:28:11.129] [HOST] INFO: SPIKE 51 census role=H t=67813 seen=25
[08:28:11.129] [HOST] INFO: SPIKE 51 battle r(a10 f10 w0) b(a10 f10 w0) fighting=20 alive=20/20
[08:28:11.129] [HOST] INFO: SPIKE 51 verdict HOST total=20 peakFighting=20 casualty=0 -> FAIL
[08:28:11.654] [HOST] INFO: SCENARIO MEMBER hand=1,2637329152,1,1,3079467776 pos=-51249.96,1559.50,2828.22
[08:28:12.199] [HOST] INFO: SCENARIO MEMBER hand=1,2637329152,1,1,3079467776 pos=-51249.96,1559.50,2828.22
[08:28:12.199] [HOST] INFO: SPIKE 51 census role=H t=68875 seen=25
[08:28:12.199] [HOST] INFO: SPIKE 51 battle r(a10 f10 w0) b(a10 f10 w0) fighting=20 alive=20/20
[08:28:12.747] [HOST] INFO: SCENARIO MEMBER hand=1,2637329152,1,1,3079467776 pos=-51249.96,1559.50,2828.22
[08:28:13.236] [HOST] INFO: SCENARIO MEMBER hand=1,2637329152,1,1,3079467776 pos=-51249.96,1559.50,2828.22
[08:28:13.237] [HOST] INFO: SPIKE 51 census role=H t=69922 seen=25
[08:28:13.237] [HOST] INFO: SPIKE 51 battle r(a10 f10 w0) b(a10 f10 w0) fighting=20 alive=20/20
[08:28:13.786] [HOST] INFO: SCENARIO MEMBER hand=1,2637329152,1,1,3079467776 pos=-51249.96,1559.50,2828.22
[08:28:13.786] [HOST] INFO: SCENARIO RESULT FAIL
