[08:26:54.706] [JOIN] INFO: log opened
[08:26:54.707] [JOIN] INFO: KenshiCoop loaded! (clean rebuild)
[08:26:54.707] [JOIN] INFO: KenshiCoop: build Jun 20 2026 08:25:16
[08:26:54.707] [JOIN] INFO: KenshiCoop: role=JOIN proto=v11 port=27800 save='c'
[08:26:54.751] [JOIN] INFO: KenshiCoop: ownership ranks = {1} (bidirectional presence)
[08:26:54.799] [JOIN] INFO: KenshiCoop: auto-load armed for save 'c'
[08:26:54.799] [JOIN] INFO: KenshiCoop: test mode - self-exit 80 s after gameplay starts
[08:26:54.799] [JOIN] INFO: KenshiCoop: scenario armed 'spike'
[08:26:54.799] [JOIN] INFO: KenshiCoop: starting as CLIENT
[08:26:54.806] [JOIN] INFO: [net] connecting
[08:26:54.807] [JOIN] INFO: [net] connected to host; sent HELLO
[08:26:54.807] [JOIN] INFO: [net] peer connected id=1 (proto v11) - received WELCOME
[08:27:01.592] [JOIN] INFO: KenshiCoop: auto-load issued for save 'c' (after 5000 ms settle)
[08:27:04.743] [JOIN] INFO: handshake: peer present id=0 (local id=1)
[08:27:14.027] [JOIN] INFO: KenshiCoop: gameplay started
[08:27:14.028] [JOIN] INFO: SCENARIO spike start
[08:27:14.028] [JOIN] INFO: SPIKE 51 start id=51 host=0
[08:27:14.030] [JOIN] INFO: [gate] hand=1,2590331904 host=51 local=65535  agree=0/1 (0%)
[08:27:14.030] [JOIN] INFO: [pose] rest re-arm task 65535 -> 87
[08:27:14.030] [JOIN] INFO: [pose] applyOrder hand=1,3996215808 task=87 subj=514,2909912064,0 det=1 r=2
[08:27:14.030] [JOIN] INFO: [authority] suppress NPC hand=1,1723144576 (streamed=26 local=3 supp=1)
[08:27:14.030] [JOIN] INFO: [authority] suppress NPC hand=3,3090698240 (streamed=26 local=3 supp=2)
[08:27:14.030] [JOIN] INFO: SCENARIO RECV hand=1,2637329152,1,1,3079467776 pos=-51234.47,1547.65,2851.09
[08:27:14.030] [JOIN] INFO: SPIKE 51 smoke leader hand=1,2637329152,1,1,3079467776 pos=-51234.5,1547.6,2851.1
[08:27:14.030] [JOIN] INFO: SPIKE 51 census role=J t=0 seen=3
[08:27:14.037] [JOIN] INFO: SCENARIO RECV hand=1,2637329152,1,1,3079467776 pos=-51241.88,1558.30,2833.59
[08:27:14.037] [JOIN] INFO: SPIKE 51 census role=J t=15 seen=4
[08:27:14.163] [JOIN] INFO: [taskkey] key=51 desc='Stand at node' repro=0 subject=1
[08:27:14.163] [JOIN] INFO: [taskkey] key=1 desc='Moving' repro=0 subject=1
[08:27:14.541] [JOIN] INFO: [authority] suppress NPC hand=1,524536128 (streamed=26 local=7 supp=3)
[08:27:14.541] [JOIN] INFO: SCENARIO RECV hand=1,2637329152,1,1,3079467776 pos=-51241.88,1558.30,2833.59
[08:27:15.039] [JOIN] INFO: SCENARIO RECV hand=1,2637329152,1,1,3079467776 pos=-51241.88,1558.30,2833.59
[08:27:15.039] [JOIN] INFO: SPIKE 51 census role=J t=1015 seen=7
[08:27:15.370] [JOIN] INFO: [taskkey] key=87 desc='Operating machine' repro=1 subject=1
[08:27:15.370] [JOIN] INFO: [seatres] HOST task=87 npc=1,3996215808 subj=514,2909912064 ok=1 npcpos=-51200.7,2664.2 subjpos=-51206.5,2659.7 d=7.3
[08:27:15.538] [JOIN] INFO: SCENARIO RECV hand=1,2637329152,1,1,3079467776 pos=-51241.88,1558.30,2833.59
[08:27:16.035] [JOIN] INFO: [gate] hand=4,1276245120 host=51 local=1  agree=329/1042 (31%)
[08:27:16.035] [JOIN] INFO: SCENARIO RECV hand=1,2637329152,1,1,3079467776 pos=-51241.88,1558.30,2833.59
[08:27:16.035] [JOIN] INFO: SPIKE 51 census role=J t=2015 seen=7
[08:27:16.540] [JOIN] INFO: SCENARIO RECV hand=1,2637329152,1,1,3079467776 pos=-51241.88,1558.30,2833.59
[08:27:17.033] [JOIN] INFO: SCENARIO RECV hand=1,2637329152,1,1,3079467776 pos=-51241.88,1558.30,2833.59
[08:27:17.033] [JOIN] INFO: SPIKE 51 census role=J t=3015 seen=7
[08:27:17.536] [JOIN] INFO: SCENARIO RECV hand=1,2637329152,1,1,3079467776 pos=-51241.88,1558.30,2833.59
[08:27:18.038] [JOIN] INFO: [gate] hand=4,1276245120 host=51 local=1  agree=847/2078 (40%)
[08:27:18.038] [JOIN] INFO: SCENARIO RECV hand=1,2637329152,1,1,3079467776 pos=-51241.88,1558.30,2833.59
[08:27:18.038] [JOIN] INFO: SPIKE 51 census role=J t=4015 seen=7
[08:27:18.305] [JOIN] INFO: [authority] restore NPC hand=3,3090698240 (supp=2)
[08:27:18.534] [JOIN] INFO: SCENARIO RECV hand=1,2637329152,1,1,3079467776 pos=-51241.88,1558.30,2833.59
[08:27:19.034] [JOIN] INFO: SCENARIO RECV hand=1,2637329152,1,1,3079467776 pos=-51241.88,1558.30,2833.59
[08:27:19.034] [JOIN] INFO: SPIKE 51 census role=J t=5015 seen=7
[08:27:19.535] [JOIN] INFO: SCENARIO RECV hand=1,2637329152,1,1,3079467776 pos=-51241.88,1558.30,2833.59
[08:27:20.037] [JOIN] INFO: SCENARIO RECV hand=1,2637329152,1,1,3079467776 pos=-51241.88,1558.30,2833.59
[08:27:20.037] [JOIN] INFO: SPIKE 51 census role=J t=6015 seen=7
[08:27:20.044] [JOIN] INFO: [gate] hand=3,3090698240 host=1 local=65535  agree=1490/3241 (45%)
[08:27:20.539] [JOIN] INFO: SCENARIO RECV hand=1,2637329152,1,1,3079467776 pos=-51241.88,1558.30,2833.59
[08:27:21.035] [JOIN] INFO: SCENARIO RECV hand=1,2637329152,1,1,3079467776 pos=-51241.88,1558.30,2833.59
[08:27:21.035] [JOIN] INFO: SPIKE 51 census role=J t=7015 seen=6
[08:27:21.535] [JOIN] INFO: SCENARIO RECV hand=1,2637329152,1,1,3079467776 pos=-51241.88,1558.30,2833.59
[08:27:22.036] [JOIN] INFO: SCENARIO RECV hand=1,2637329152,1,1,3079467776 pos=-51241.88,1558.30,2833.59
[08:27:22.037] [JOIN] INFO: SPIKE 51 census role=J t=8015 seen=7
[08:27:22.052] [JOIN] INFO: [gate] hand=3,3090698240 host=51 local=1  agree=2276/4596 (49%)
[08:27:22.540] [JOIN] INFO: SCENARIO RECV hand=1,2637329152,1,1,3079467776 pos=-51241.88,1558.30,2833.59
[08:27:23.667] [JOIN] INFO: SCENARIO RECV hand=1,2637329152,1,1,3079467776 pos=-51241.88,1558.30,2833.59
[08:27:23.667] [JOIN] INFO: SPIKE 51 census role=J t=9640 seen=6
[08:27:23.737] [JOIN] INFO: [authority] suppress NPC hand=5,1919189504 (streamed=25 local=7 supp=3)
[08:27:24.554] [JOIN] INFO: [gate] hand=3,3090698240 host=51 local=1  agree=2624/5204 (50%)
[08:27:24.554] [JOIN] INFO: SCENARIO RECV hand=1,2637329152,1,1,3079467776 pos=-51241.88,1558.30,2833.59
[08:27:25.051] [JOIN] INFO: SCENARIO RECV hand=1,2637329152,1,1,3079467776 pos=-51241.88,1558.30,2833.59
[08:27:25.051] [JOIN] INFO: SPIKE 51 census role=J t=11031 seen=7
[08:27:25.600] [JOIN] INFO: SCENARIO RECV hand=1,2637329152,1,1,3079467776 pos=-51241.88,1558.30,2833.59
[08:27:26.098] [JOIN] INFO: SCENARIO RECV hand=1,2637329152,1,1,3079467776 pos=-51241.88,1558.30,2833.59
[08:27:26.098] [JOIN] INFO: SPIKE 51 census role=J t=12078 seen=7
[08:27:26.643] [JOIN] INFO: [gate] hand=3,3090698240 host=51 local=1  agree=2864/5684 (50%)
[08:27:26.643] [JOIN] INFO: SCENARIO RECV hand=1,2637329152,1,1,3079467776 pos=-51241.88,1558.30,2833.59
[08:27:27.149] [JOIN] INFO: SCENARIO RECV hand=1,2637329152,1,1,3079467776 pos=-51241.88,1558.30,2833.59
[08:27:27.149] [JOIN] INFO: SPIKE 51 census role=J t=13125 seen=7
[08:27:27.652] [JOIN] INFO: SCENARIO RECV hand=1,2637329152,1,1,3079467776 pos=-51241.88,1558.30,2833.59
[08:27:28.147] [JOIN] INFO: SCENARIO RECV hand=1,2637329152,1,1,3079467776 pos=-51241.88,1558.30,2833.59
[08:27:28.147] [JOIN] INFO: SPIKE 51 census role=J t=14125 seen=7
[08:27:28.650] [JOIN] INFO: [gate] hand=3,3090698240 host=51 local=1  agree=3238/6432 (50%)
[08:27:28.650] [JOIN] INFO: SCENARIO RECV hand=1,2637329152,1,1,3079467776 pos=-51241.88,1558.30,2833.59
[08:27:29.342] [JOIN] INFO: SCENARIO RECV hand=1,2637329152,1,1,3079467776 pos=-51241.88,1558.30,2833.59
[08:27:29.343] [JOIN] INFO: SPIKE 51 census role=J t=15312 seen=7
[08:27:29.895] [JOIN] INFO: SCENARIO RECV hand=1,2637329152,1,1,3079467776 pos=-51241.88,1558.30,2833.59
[08:27:30.393] [JOIN] INFO: SCENARIO RECV hand=1,2637329152,1,1,3079467776 pos=-51241.88,1558.30,2833.59
[08:27:30.393] [JOIN] INFO: SPIKE 51 census role=J t=16375 seen=7
[08:27:30.941] [JOIN] INFO: [gate] hand=3,3090698240 host=51 local=1  agree=3462/6880 (50%)
[08:27:30.941] [JOIN] INFO: SCENARIO RECV hand=1,2637329152,1,1,3079467776 pos=-51241.88,1558.30,2833.59
[08:27:31.442] [JOIN] INFO: SCENARIO RECV hand=1,2637329152,1,1,3079467776 pos=-51241.88,1558.30,2833.59
[08:27:31.442] [JOIN] INFO: SPIKE 51 census role=J t=17421 seen=7
[08:27:31.464] [JOIN] INFO: [authority] suppress NPC hand=1,3808471552 (streamed=25 local=8 supp=4)
[08:27:31.941] [JOIN] INFO: SCENARIO RECV hand=1,2637329152,1,1,3079467776 pos=-51241.88,1558.30,2833.59
[08:27:32.582] [JOIN] INFO: SCENARIO RECV hand=1,2637329152,1,1,3079467776 pos=-51241.88,1558.30,2833.59
[08:27:32.582] [JOIN] INFO: SPIKE 51 census role=J t=18562 seen=8
[08:27:32.943] [JOIN] INFO: [gate] hand=3,3090698240 host=51 local=1  agree=3866/7688 (50%)
[08:27:33.080] [JOIN] INFO: SCENARIO RECV hand=1,2637329152,1,1,3079467776 pos=-51242.00,1558.37,2833.04
[08:27:33.585] [JOIN] INFO: SCENARIO RECV hand=1,2637329152,1,1,3079467776 pos=-51242.00,1558.37,2833.04
[08:27:33.585] [JOIN] INFO: SPIKE 51 census role=J t=19562 seen=8
[08:27:34.191] [JOIN] INFO: SCENARIO RECV hand=1,2637329152,1,1,3079467776 pos=-51242.00,1558.37,2833.04
[08:27:34.691] [JOIN] INFO: SCENARIO RECV hand=1,2637329152,1,1,3079467776 pos=-51242.00,1558.37,2833.04
[08:27:34.691] [JOIN] INFO: SPIKE 51 census role=J t=20671 seen=8
[08:27:35.218] [JOIN] INFO: [gate] hand=3,3090698240 host=51 local=1  agree=4154/8264 (50%)
[08:27:35.219] [JOIN] INFO: SCENARIO RECV hand=1,2637329152,1,1,3079467776 pos=-51242.00,1558.37,2833.04
[08:27:35.762] [JOIN] INFO: SCENARIO RECV hand=1,2637329152,1,1,3079467776 pos=-51242.00,1558.37,2833.04
[08:27:35.762] [JOIN] INFO: SPIKE 51 census role=J t=21734 seen=8
[08:27:36.309] [JOIN] INFO: SCENARIO RECV hand=1,2637329152,1,1,3079467776 pos=-51242.00,1558.37,2833.04
[08:27:36.803] [JOIN] INFO: SCENARIO RECV hand=1,2637329152,1,1,3079467776 pos=-51242.00,1558.37,2833.04
[08:27:36.803] [JOIN] INFO: SPIKE 51 census role=J t=22781 seen=8
[08:27:37.440] [JOIN] INFO: [gate] hand=3,3090698240 host=51 local=1  agree=4374/8704 (50%)
[08:27:37.440] [JOIN] INFO: SCENARIO RECV hand=1,2637329152,1,1,3079467776 pos=-51242.00,1558.37,2833.04
[08:27:37.941] [JOIN] INFO: SCENARIO RECV hand=1,2637329152,1,1,3079467776 pos=-51242.00,1558.37,2833.04
[08:27:37.941] [JOIN] INFO: SPIKE 51 census role=J t=23921 seen=8
[08:27:38.467] [JOIN] INFO: SCENARIO RECV hand=1,2637329152,1,1,3079467776 pos=-51242.00,1558.37,2833.04
[08:27:38.955] [JOIN] INFO: SCENARIO RECV hand=1,2637329152,1,1,3079467776 pos=-51242.00,1558.37,2833.04
[08:27:38.955] [JOIN] INFO: SPIKE 51 census role=J t=24937 seen=8
[08:27:39.505] [JOIN] INFO: [gate] hand=3,3090698240 host=51 local=1  agree=4670/9296 (50%)
[08:27:39.505] [JOIN] INFO: SCENARIO RECV hand=1,2637329152,1,1,3079467776 pos=-51242.00,1558.37,2833.04
[08:27:40.009] [JOIN] INFO: SCENARIO RECV hand=1,2637329152,1,1,3079467776 pos=-51242.00,1558.37,2833.04
[08:27:40.009] [JOIN] INFO: SPIKE 51 census role=J t=25984 seen=8
[08:27:40.548] [JOIN] INFO: SCENARIO RECV hand=1,2637329152,1,1,3079467776 pos=-51242.00,1558.37,2833.04
[08:27:41.055] [JOIN] INFO: SCENARIO RECV hand=1,2637329152,1,1,3079467776 pos=-51242.00,1558.37,2833.04
[08:27:41.055] [JOIN] INFO: SPIKE 51 census role=J t=27031 seen=8
[08:27:41.580] [JOIN] INFO: [gate] hand=3,3090698240 host=51 local=1  agree=4966/9888 (50%)
[08:27:41.580] [JOIN] INFO: SCENARIO RECV hand=1,2637329152,1,1,3079467776 pos=-51242.00,1558.37,2833.04
[08:27:42.122] [JOIN] INFO: SCENARIO RECV hand=1,2637329152,1,1,3079467776 pos=-51242.00,1558.37,2833.04
[08:27:42.122] [JOIN] INFO: SPIKE 51 census role=J t=28093 seen=8
[08:27:42.670] [JOIN] INFO: SCENARIO RECV hand=1,2637329152,1,1,3079467776 pos=-51242.00,1558.37,2833.04
[08:27:43.217] [JOIN] INFO: SCENARIO RECV hand=1,2637329152,1,1,3079467776 pos=-51242.00,1558.37,2833.04
[08:27:43.217] [JOIN] INFO: SPIKE 51 census role=J t=29187 seen=8
[08:27:43.762] [JOIN] INFO: [gate] hand=3,3090698240 host=51 local=1  agree=5046/10048 (50%)
[08:27:43.762] [JOIN] INFO: SCENARIO RECV hand=1,2637329152,1,1,3079467776 pos=-51242.00,1558.37,2833.04
[08:27:44.254] [JOIN] INFO: SCENARIO RECV hand=1,2637329152,1,1,3079467776 pos=-51242.00,1558.37,2833.04
[08:27:44.254] [JOIN] INFO: SPIKE 51 census role=J t=30234 seen=8
[08:27:44.753] [JOIN] INFO: SCENARIO RECV hand=1,2637329152,1,1,3079467776 pos=-51242.00,1558.37,2833.04
[08:27:45.553] [JOIN] INFO: SCENARIO RECV hand=1,2637329152,1,1,3079467776 pos=-51242.00,1558.37,2833.04
[08:27:45.553] [JOIN] INFO: SPIKE 51 census role=J t=31531 seen=8
[08:27:45.765] [JOIN] INFO: [gate] hand=3,3090698240 host=51 local=1  agree=5444/10844 (50%)
[08:27:46.053] [JOIN] INFO: SCENARIO RECV hand=1,2637329152,1,1,3079467776 pos=-51242.00,1558.37,2833.04
[08:27:46.575] [JOIN] INFO: SCENARIO RECV hand=1,2637329152,1,1,3079467776 pos=-51242.00,1558.37,2833.04
[08:27:46.575] [JOIN] INFO: SPIKE 51 census role=J t=32546 seen=8
[08:27:47.122] [JOIN] INFO: SCENARIO RECV hand=1,2637329152,1,1,3079467776 pos=-51242.00,1558.37,2833.04
[08:27:47.612] [JOIN] INFO: SCENARIO RECV hand=1,2637329152,1,1,3079467776 pos=-51242.00,1558.37,2833.04
[08:27:47.612] [JOIN] INFO: SPIKE 51 census role=J t=33593 seen=8
[08:27:48.147] [JOIN] INFO: [gate] hand=3,3090698240 host=51 local=1  agree=5694/11344 (50%)
[08:27:48.147] [JOIN] INFO: SCENARIO RECV hand=1,2637329152,1,1,3079467776 pos=-51242.00,1558.37,2833.04
[08:27:48.710] [JOIN] INFO: SCENARIO RECV hand=1,2637329152,1,1,3079467776 pos=-51242.00,1558.37,2833.04
[08:27:48.710] [JOIN] INFO: SPIKE 51 census role=J t=34687 seen=8
[08:27:48.916] [JOIN] INFO: [pose] rest re-arm task 65535 -> 87
[08:27:48.916] [JOIN] INFO: [pose] applyOrder hand=1,524536128 task=87 subj=515,1040527360,0 det=1 r=2
[08:27:48.916] [JOIN] INFO: [authority] restore NPC hand=1,524536128 (supp=3)
[08:27:49.206] [JOIN] INFO: SCENARIO RECV hand=1,2637329152,1,1,3079467776 pos=-51244.13,1558.68,2831.24
[08:27:49.754] [JOIN] INFO: SCENARIO RECV hand=1,2637329152,1,1,3079467776 pos=-51244.13,1558.68,2831.24
[08:27:49.754] [JOIN] INFO: SPIKE 51 census role=J t=35734 seen=8
[08:27:50.149] [JOIN] INFO: [gate] hand=1,524536128 host=87 local=1  agree=5967/11988 (49%)
[08:27:50.255] [JOIN] INFO: SCENARIO RECV hand=1,2637329152,1,1,3079467776 pos=-51244.13,1558.68,2831.24
[08:27:50.262] [JOIN] INFO: [seatres] HOST task=87 npc=1,524536128 subj=515,1040527360 ok=1 npcpos=-51203.0,2637.2 subjpos=-51208.8,2634.7 d=6.3
[08:27:50.781] [JOIN] INFO: SCENARIO RECV hand=1,2637329152,1,1,3079467776 pos=-51244.13,1558.68,2831.24
[08:27:50.781] [JOIN] INFO: SPIKE 51 census role=J t=36750 seen=8
[08:27:51.269] [JOIN] INFO: SCENARIO RECV hand=1,2637329152,1,1,3079467776 pos=-51244.98,1558.73,2831.25
[08:27:51.821] [JOIN] INFO: SCENARIO RECV hand=1,2637329152,1,1,3079467776 pos=-51244.98,1558.73,2831.25
[08:27:51.821] [JOIN] INFO: SPIKE 51 census role=J t=37796 seen=8
[08:27:51.821] [JOIN] INFO: SPIKE 51 verdict JOIN peakRecv=8 -> PASS
[08:27:52.151] [JOIN] INFO: [gate] hand=3,3090698240 host=51 local=1  agree=6348/12645 (50%)
[08:27:52.318] [JOIN] INFO: SCENARIO RECV hand=1,2637329152,1,1,3079467776 pos=-51244.98,1558.73,2831.25
[08:27:52.845] [JOIN] INFO: SCENARIO RECV hand=1,2637329152,1,1,3079467776 pos=-51244.98,1558.73,2831.25
[08:27:52.845] [JOIN] INFO: SPIKE 51 census role=J t=38828 seen=8
[08:27:53.392] [JOIN] INFO: SCENARIO RECV hand=1,2637329152,1,1,3079467776 pos=-51244.98,1558.73,2831.25
[08:27:53.878] [JOIN] INFO: SCENARIO RECV hand=1,2637329152,1,1,3079467776 pos=-51244.98,1558.73,2831.25
[08:27:53.878] [JOIN] INFO: SPIKE 51 census role=J t=39859 seen=8
[08:27:54.422] [JOIN] INFO: [gate] hand=3,3090698240 host=51 local=1  agree=6681/13200 (50%)
[08:27:54.422] [JOIN] INFO: SCENARIO RECV hand=1,2637329152,1,1,3079467776 pos=-51244.98,1558.73,2831.25
[08:27:54.422] [JOIN] INFO: SCENARIO SMOOTH active=219 zeroWhileActive=132 zeroFrac=0.603 maxStep=52.528
[08:27:54.422] [JOIN] INFO: SCENARIO ANIM translate=83 walkTruth=78 floatFrac=0.060
[08:27:54.422] [JOIN] INFO: SCENARIO MARCH restSamples=16050 march=244 marchFrac=0.015
[08:27:54.422] [JOIN] INFO: SCENARIO RESULT PASS
[08:27:54.767] [JOIN] INFO: [pose] rest re-arm task 65535 -> 87
[08:27:54.767] [JOIN] INFO: [pose] applyOrder hand=1,3808471552 task=87 subj=511,656249984,0 det=1 r=2
[08:27:54.767] [JOIN] INFO: [authority] restore NPC hand=1,3808471552 (supp=2)
[08:27:56.842] [JOIN] INFO: [gate] hand=3,3090698240 host=51 local=1  agree=7254/14297 (50%)
