[07:55:10.931] [HOST] INFO: log opened
[07:55:10.931] [HOST] INFO: KenshiCoop loaded! (clean rebuild)
[07:55:10.931] [HOST] INFO: KenshiCoop: build Jun 20 2026 07:54:52
[07:55:10.931] [HOST] INFO: KenshiCoop: role=HOST proto=v11 port=27800 save='c'
[07:55:10.974] [HOST] INFO: KenshiCoop: ownership ranks = {0} (bidirectional presence)
[07:55:11.013] [HOST] INFO: KenshiCoop: auto-load armed for save 'c'
[07:55:11.014] [HOST] INFO: KenshiCoop: test mode - self-exit 16 s after gameplay starts
[07:55:11.014] [HOST] INFO: KenshiCoop: scenario armed 'spike'
[07:55:11.014] [HOST] INFO: KenshiCoop: starting as HOST
[07:55:11.014] [HOST] INFO: [net] hosting
[07:55:17.392] [HOST] INFO: KenshiCoop: auto-load issued for save 'c' (after 5000 ms settle)
[07:55:21.771] [HOST] INFO: [net] peer connecting (awaiting HELLO)
[07:55:21.771] [HOST] INFO: [net] peer connected id=1 (proto v11)
[07:55:21.776] [HOST] INFO: handshake: peer present id=1 (local id=0)
[07:55:28.349] [HOST] INFO: KenshiCoop: gameplay started
[07:55:28.349] [HOST] INFO: SCENARIO spike start
[07:55:28.349] [HOST] INFO: SPIKE 48 start id=48 host=1
[07:55:28.350] [HOST] INFO: SCENARIO MEMBER hand=1,2637329152,1,1,3079467776 pos=-51234.47,1547.65,2851.09
[07:55:28.350] [HOST] INFO: SPIKE 48 status role=H t=0 label=000000000AAF3400 text="CONN peers=1 rtt=1ms"
[07:55:28.357] [HOST] INFO: SCENARIO MEMBER hand=1,2637329152,1,1,3079467776 pos=-51234.47,1547.65,2851.09
[07:55:28.364] [HOST] INFO: SCENARIO MEMBER hand=1,2637329152,1,1,3079467776 pos=-51234.47,1555.93,2851.09
[07:55:28.392] [HOST] INFO: [taskkey] key=1 desc='Moving' repro=0 subject=1
[07:55:28.460] [HOST] INFO: [taskkey] key=51 desc='Stand at node' repro=0 subject=1
[07:55:28.865] [HOST] INFO: SCENARIO MEMBER hand=1,2637329152,1,1,3079467776 pos=-51234.47,1555.93,2851.09
[07:55:29.367] [HOST] INFO: SCENARIO MEMBER hand=1,2637329152,1,1,3079467776 pos=-51234.47,1555.93,2851.09
[07:55:29.367] [HOST] INFO: SPIKE 48 conn role=H t=1015 peers=1 rtt=1ms
[07:55:29.649] [HOST] INFO: [taskkey] key=87 desc='Operating machine' repro=1 subject=1
[07:55:29.649] [HOST] INFO: [seatres] HOST task=87 npc=1,3996215808 subj=514,2909912064 ok=1 npcpos=-51200.6,2664.1 subjpos=-51206.5,2659.7 d=7.4
[07:55:29.866] [HOST] INFO: SCENARIO MEMBER hand=1,2637329152,1,1,3079467776 pos=-51234.47,1555.93,2851.09
[07:55:29.866] [HOST] INFO: SPIKE 48 fixed role=H t=1515 label=00000000DE1DE580
[07:55:30.366] [HOST] INFO: SCENARIO MEMBER hand=1,2637329152,1,1,3079467776 pos=-51234.47,1555.93,2851.09
[07:55:30.366] [HOST] INFO: SPIKE 48 conn role=H t=2015 peers=1 rtt=1ms
[07:55:30.459] [HOST] INFO: [taskkey] key=36 desc='Patrolling town' repro=0 subject=0
[07:55:30.866] [HOST] INFO: SCENARIO MEMBER hand=1,2637329152,1,1,3079467776 pos=-51234.47,1555.93,2851.09
[07:55:31.368] [HOST] INFO: SCENARIO MEMBER hand=1,2637329152,1,1,3079467776 pos=-51234.47,1555.93,2851.09
[07:55:31.368] [HOST] INFO: SPIKE 48 conn role=H t=3015 peers=1 rtt=1ms
[07:55:31.886] [HOST] INFO: SCENARIO MEMBER hand=1,2637329152,1,1,3079467776 pos=-51234.47,1555.93,2851.09
[07:55:32.387] [HOST] INFO: SCENARIO MEMBER hand=1,2637329152,1,1,3079467776 pos=-51234.47,1555.93,2851.09
[07:55:32.387] [HOST] INFO: SPIKE 48 conn role=H t=4031 peers=1 rtt=1ms
[07:55:32.879] [HOST] INFO: SCENARIO MEMBER hand=1,2637329152,1,1,3079467776 pos=-51234.47,1555.93,2851.09
[07:55:33.380] [HOST] INFO: SCENARIO MEMBER hand=1,2637329152,1,1,3079467776 pos=-51234.47,1555.93,2851.09
[07:55:33.380] [HOST] INFO: SPIKE 48 conn role=H t=5031 peers=1 rtt=1ms
[07:55:33.880] [HOST] INFO: SCENARIO MEMBER hand=1,2637329152,1,1,3079467776 pos=-51234.47,1555.93,2851.09
[07:55:34.383] [HOST] INFO: SCENARIO MEMBER hand=1,2637329152,1,1,3079467776 pos=-51234.47,1555.93,2851.09
[07:55:34.383] [HOST] INFO: SPIKE 48 conn role=H t=6031 peers=1 rtt=1ms
[07:55:34.884] [HOST] INFO: SCENARIO MEMBER hand=1,2637329152,1,1,3079467776 pos=-51234.47,1555.93,2851.09
[07:55:35.384] [HOST] INFO: SCENARIO MEMBER hand=1,2637329152,1,1,3079467776 pos=-51234.47,1555.93,2851.09
[07:55:35.384] [HOST] INFO: SPIKE 48 conn role=H t=7031 peers=1 rtt=1ms
[07:55:35.877] [HOST] INFO: SCENARIO MEMBER hand=1,2637329152,1,1,3079467776 pos=-51234.47,1555.93,2851.09
[07:55:36.378] [HOST] INFO: SCENARIO MEMBER hand=1,2637329152,1,1,3079467776 pos=-51234.47,1555.93,2851.09
[07:55:36.378] [HOST] INFO: SPIKE 48 conn role=H t=8031 peers=1 rtt=1ms
[07:55:36.877] [HOST] INFO: SCENARIO MEMBER hand=1,2637329152,1,1,3079467776 pos=-51234.47,1555.93,2851.09
[07:55:37.377] [HOST] INFO: SCENARIO MEMBER hand=1,2637329152,1,1,3079467776 pos=-51234.47,1555.93,2851.09
[07:55:37.377] [HOST] INFO: SPIKE 48 conn role=H t=9031 peers=1 rtt=1ms
[07:55:37.880] [HOST] INFO: SCENARIO MEMBER hand=1,2637329152,1,1,3079467776 pos=-51234.47,1555.93,2851.09
[07:55:38.383] [HOST] INFO: SCENARIO MEMBER hand=1,2637329152,1,1,3079467776 pos=-51234.47,1555.93,2851.09
[07:55:38.383] [HOST] INFO: SPIKE 48 conn role=H t=10031 peers=1 rtt=1ms
[07:55:38.882] [HOST] INFO: SCENARIO MEMBER hand=1,2637329152,1,1,3079467776 pos=-51234.47,1555.93,2851.09
[07:55:39.381] [HOST] INFO: SCENARIO MEMBER hand=1,2637329152,1,1,3079467776 pos=-51234.47,1555.93,2851.09
[07:55:39.381] [HOST] INFO: SPIKE 48 conn role=H t=11031 peers=1 rtt=1ms
[07:55:39.883] [HOST] INFO: SCENARIO MEMBER hand=1,2637329152,1,1,3079467776 pos=-51234.47,1555.93,2851.09
[07:55:40.381] [HOST] INFO: SCENARIO MEMBER hand=1,2637329152,1,1,3079467776 pos=-51234.47,1555.93,2851.09
[07:55:40.381] [HOST] INFO: SPIKE 48 conn role=H t=12031 peers=1 rtt=1ms
[07:55:40.877] [HOST] INFO: SCENARIO MEMBER hand=1,2637329152,1,1,3079467776 pos=-51234.47,1555.93,2851.09
[07:55:41.379] [HOST] INFO: SCENARIO MEMBER hand=1,2637329152,1,1,3079467776 pos=-51234.47,1555.93,2851.09
[07:55:41.379] [HOST] INFO: SPIKE 48 conn role=H t=13031 peers=1 rtt=1ms
[07:55:41.878] [HOST] INFO: SCENARIO MEMBER hand=1,2637329152,1,1,3079467776 pos=-51234.47,1555.93,2851.09
[07:55:42.378] [HOST] INFO: SCENARIO MEMBER hand=1,2637329152,1,1,3079467776 pos=-51234.47,1555.93,2851.09
[07:55:42.378] [HOST] INFO: SPIKE 48 conn role=H t=14031 peers=1 rtt=1ms
[07:55:42.880] [HOST] INFO: SCENARIO MEMBER hand=1,2637329152,1,1,3079467776 pos=-51234.47,1555.93,2851.09
[07:55:43.383] [HOST] INFO: SCENARIO MEMBER hand=1,2637329152,1,1,3079467776 pos=-51234.47,1555.93,2851.09
[07:55:43.383] [HOST] INFO: SPIKE 48 conn role=H t=15031 peers=1 rtt=1ms
[07:55:43.877] [HOST] INFO: SCENARIO MEMBER hand=1,2637329152,1,1,3079467776 pos=-51234.47,1555.93,2851.09
[07:55:44.352] [HOST] INFO: KenshiCoop: test duration elapsed; exiting
