[07:55:21.681] [JOIN] INFO: log opened
[07:55:21.681] [JOIN] INFO: KenshiCoop loaded! (clean rebuild)
[07:55:21.681] [JOIN] INFO: KenshiCoop: build Jun 20 2026 07:54:52
[07:55:21.681] [JOIN] INFO: KenshiCoop: role=JOIN proto=v11 port=27800 save='c'
[07:55:21.720] [JOIN] INFO: KenshiCoop: ownership ranks = {1} (bidirectional presence)
[07:55:21.762] [JOIN] INFO: KenshiCoop: auto-load armed for save 'c'
[07:55:21.762] [JOIN] INFO: KenshiCoop: test mode - self-exit 16 s after gameplay starts
[07:55:21.762] [JOIN] INFO: KenshiCoop: scenario armed 'spike'
[07:55:21.762] [JOIN] INFO: KenshiCoop: starting as CLIENT
[07:55:21.770] [JOIN] INFO: [net] connecting
[07:55:21.770] [JOIN] INFO: [net] connected to host; sent HELLO
[07:55:21.771] [JOIN] INFO: [net] peer connected id=1 (proto v11) - received WELCOME
[07:55:27.980] [JOIN] INFO: KenshiCoop: auto-load issued for save 'c' (after 5000 ms settle)
[07:55:30.787] [JOIN] INFO: handshake: peer present id=0 (local id=1)
[07:55:38.310] [JOIN] INFO: KenshiCoop: gameplay started
[07:55:38.311] [JOIN] INFO: SCENARIO spike start
[07:55:38.311] [JOIN] INFO: SPIKE 48 start id=48 host=0
[07:55:38.313] [JOIN] INFO: [gate] hand=1,524536128 host=36 local=65535  agree=0/1 (0%)
[07:55:38.313] [JOIN] INFO: [pose] rest re-arm task 65535 -> 87
[07:55:38.313] [JOIN] INFO: [pose] applyOrder hand=1,3996215808 task=87 subj=514,2909912064,0 det=1 r=2
[07:55:38.313] [JOIN] INFO: [authority] suppress NPC hand=1,1723144576 (streamed=4 local=3 supp=1)
[07:55:38.313] [JOIN] INFO: [authority] suppress NPC hand=3,3090698240 (streamed=4 local=3 supp=2)
[07:55:38.313] [JOIN] INFO: SCENARIO RECV hand=1,2637329152,1,1,3079467776 pos=-51234.47,1547.65,2851.09
[07:55:38.313] [JOIN] INFO: SPIKE 48 status role=J t=0 label=000000000A692EB0 text="CONN peers=1 rtt=1ms"
[07:55:38.322] [JOIN] INFO: SCENARIO RECV hand=1,2637329152,1,1,3079467776 pos=-51234.47,1555.93,2851.09
[07:55:38.380] [JOIN] INFO: [taskkey] key=1 desc='Moving' repro=0 subject=0
[07:55:38.459] [JOIN] INFO: [taskkey] key=51 desc='Stand at node' repro=0 subject=1
[07:55:38.818] [JOIN] INFO: SCENARIO RECV hand=1,2637329152,1,1,3079467776 pos=-51234.47,1555.93,2851.09
[07:55:38.825] [JOIN] INFO: [authority] suppress NPC hand=5,1919189504 (streamed=4 local=5 supp=3)
[07:55:39.317] [JOIN] INFO: SCENARIO RECV hand=1,2637329152,1,1,3079467776 pos=-51234.47,1555.93,2851.09
[07:55:39.317] [JOIN] INFO: SPIKE 48 conn role=J t=1015 peers=1 rtt=1ms
[07:55:39.655] [JOIN] INFO: [taskkey] key=87 desc='Operating machine' repro=1 subject=1
[07:55:39.655] [JOIN] INFO: [seatres] HOST task=87 npc=1,3996215808 subj=514,2909912064 ok=1 npcpos=-51200.9,2664.1 subjpos=-51206.5,2659.7 d=7.1
[07:55:39.663] [JOIN] INFO: [authority] suppress NPC hand=1,3823120128 (streamed=4 local=7 supp=4)
[07:55:39.820] [JOIN] INFO: SCENARIO RECV hand=1,2637329152,1,1,3079467776 pos=-51234.47,1555.93,2851.09
[07:55:39.820] [JOIN] INFO: SPIKE 48 fixed role=J t=1515 label=000000015806FA30
[07:55:40.314] [JOIN] INFO: [gate] hand=1,524536128 host=36 local=65535  agree=320/769 (41%)
[07:55:40.314] [JOIN] INFO: SCENARIO RECV hand=1,2637329152,1,1,3079467776 pos=-51234.47,1555.93,2851.09
[07:55:40.314] [JOIN] INFO: SPIKE 48 conn role=J t=2015 peers=1 rtt=1ms
[07:55:40.815] [JOIN] INFO: SCENARIO RECV hand=1,2637329152,1,1,3079467776 pos=-51234.47,1555.93,2851.09
[07:55:41.316] [JOIN] INFO: SCENARIO RECV hand=1,2637329152,1,1,3079467776 pos=-51234.47,1555.93,2851.09
[07:55:41.316] [JOIN] INFO: SPIKE 48 conn role=J t=3015 peers=1 rtt=1ms
[07:55:41.820] [JOIN] INFO: SCENARIO RECV hand=1,2637329152,1,1,3079467776 pos=-51234.47,1555.93,2851.09
[07:55:42.317] [JOIN] INFO: [gate] hand=1,524536128 host=36 local=65535  agree=856/1573 (54%)
[07:55:42.317] [JOIN] INFO: SCENARIO RECV hand=1,2637329152,1,1,3079467776 pos=-51234.47,1555.93,2851.09
[07:55:42.317] [JOIN] INFO: SPIKE 48 conn role=J t=4015 peers=1 rtt=1ms
[07:55:42.819] [JOIN] INFO: SCENARIO RECV hand=1,2637329152,1,1,3079467776 pos=-51234.47,1555.93,2851.09
[07:55:43.322] [JOIN] INFO: SCENARIO RECV hand=1,2637329152,1,1,3079467776 pos=-51234.47,1555.93,2851.09
[07:55:43.322] [JOIN] INFO: SPIKE 48 conn role=J t=5015 peers=1 rtt=1ms
[07:55:43.822] [JOIN] INFO: SCENARIO RECV hand=1,2637329152,1,1,3079467776 pos=-51234.47,1555.93,2851.09
[07:55:44.320] [JOIN] INFO: [gate] hand=1,524536128 host=36 local=65535  agree=1346/2308 (58%)
[07:55:44.320] [JOIN] INFO: SCENARIO RECV hand=1,2637329152,1,1,3079467776 pos=-51234.47,1555.93,2851.09
[07:55:44.320] [JOIN] INFO: SPIKE 48 conn role=J t=6015 peers=1 rtt=1ms
[07:55:44.821] [JOIN] INFO: SCENARIO RECV hand=1,2637329152,1,1,3079467776 pos=-51234.47,1555.93,2851.09
[07:55:45.051] [JOIN] INFO: [authority] suppress NPC hand=4,1276245120 (streamed=4 local=8 supp=5)
[07:55:45.318] [JOIN] INFO: SCENARIO RECV hand=1,2637329152,1,1,3079467776 pos=-51234.47,1555.93,2851.09
[07:55:45.318] [JOIN] INFO: SPIKE 48 conn role=J t=7015 peers=1 rtt=1ms
[07:55:45.815] [JOIN] INFO: SCENARIO RECV hand=1,2637329152,1,1,3079467776 pos=-51234.47,1555.93,2851.09
[07:55:46.314] [JOIN] INFO: [authority] suppress NPC hand=1,3996215808 (streamed=0 local=8 supp=6)
[07:55:46.314] [JOIN] INFO: [authority] suppress NPC hand=1,2590331904 (streamed=0 local=8 supp=7)
[07:55:46.314] [JOIN] INFO: [authority] suppress NPC hand=1,524536128 (streamed=0 local=8 supp=8)
[07:55:46.314] [JOIN] INFO: SCENARIO RECV hand=1,2637329152,1,1,3079467776 pos=-51234.47,1555.93,2851.09
[07:55:46.314] [JOIN] INFO: SPIKE 48 conn role=J t=8015 peers=1 rtt=1ms
[07:55:46.739] [JOIN] INFO: [taskkey] key=141 desc='Following leader' repro=0 subject=1
[07:55:46.739] [JOIN] INFO: [authority] suppress NPC hand=8,161499024 (streamed=0 local=9 supp=9)
[07:55:46.819] [JOIN] INFO: SCENARIO RECV hand=1,2637329152,1,1,3079467776 pos=-51234.47,1555.93,2851.09
[07:55:47.317] [JOIN] INFO: SCENARIO RECV hand=1,2637329152,1,1,3079467776 pos=-51234.47,1555.93,2851.09
[07:55:47.317] [JOIN] INFO: SPIKE 48 conn role=J t=9015 peers=1 rtt=1ms
[07:55:47.363] [JOIN] INFO: [authority] suppress NPC hand=11,3073608448 (streamed=0 local=10 supp=10)
[07:55:47.420] [JOIN] INFO: [authority] suppress NPC hand=6,3454589952 (streamed=0 local=11 supp=11)
[07:55:47.819] [JOIN] INFO: SCENARIO RECV hand=1,2637329152,1,1,3079467776 pos=-51234.47,1555.93,2851.09
[07:55:47.824] [JOIN] INFO: [taskkey] key=22 desc='Patrolling' repro=0 subject=0
[07:55:47.824] [JOIN] INFO: [authority] suppress NPC hand=1,3662475520 (streamed=0 local=12 supp=12)
[07:55:47.868] [JOIN] INFO: [authority] suppress NPC hand=10,2733154304 (streamed=0 local=13 supp=13)
[07:55:48.317] [JOIN] INFO: SCENARIO RECV hand=1,2637329152,1,1,3079467776 pos=-51234.47,1555.93,2851.09
[07:55:48.317] [JOIN] INFO: SPIKE 48 conn role=J t=10015 peers=1 rtt=1ms
[07:55:48.818] [JOIN] INFO: SCENARIO RECV hand=1,2637329152,1,1,3079467776 pos=-51234.47,1555.93,2851.09
[07:55:49.316] [JOIN] INFO: SCENARIO RECV hand=1,2637329152,1,1,3079467776 pos=-51234.47,1555.93,2851.09
[07:55:49.316] [JOIN] INFO: SPIKE 48 conn role=J t=11015 peers=1 rtt=1ms
[07:55:49.816] [JOIN] INFO: SCENARIO RECV hand=1,2637329152,1,1,3079467776 pos=-51234.47,1555.93,2851.09
[07:55:49.923] [JOIN] INFO: [net] disconnected from host
[07:55:49.924] [JOIN] INFO: handshake: peer left id=4294967295
[07:55:49.974] [JOIN] INFO: [net] reconnecting
[07:55:50.318] [JOIN] INFO: SCENARIO RECV hand=1,2637329152,1,1,3079467776 pos=-51234.47,1555.93,2851.09
[07:55:50.318] [JOIN] INFO: SPIKE 48 conn role=J t=12015 peers=0 rtt=0ms
[07:55:50.819] [JOIN] INFO: SCENARIO RECV hand=1,2637329152,1,1,3079467776 pos=-51234.47,1555.93,2851.09
[07:55:51.317] [JOIN] INFO: SCENARIO RECV hand=1,2637329152,1,1,3079467776 pos=-51234.47,1555.93,2851.09
[07:55:51.317] [JOIN] INFO: SPIKE 48 conn role=J t=13015 peers=0 rtt=0ms
[07:55:51.818] [JOIN] INFO: SCENARIO RECV hand=1,2637329152,1,1,3079467776 pos=-51234.47,1555.93,2851.09
[07:55:52.319] [JOIN] INFO: SCENARIO RECV hand=1,2637329152,1,1,3079467776 pos=-51234.47,1555.93,2851.09
[07:55:52.319] [JOIN] INFO: SPIKE 48 conn role=J t=14015 peers=0 rtt=0ms
[07:55:52.816] [JOIN] INFO: SCENARIO RECV hand=1,2637329152,1,1,3079467776 pos=-51234.47,1555.93,2851.09
[07:55:53.317] [JOIN] INFO: SCENARIO RECV hand=1,2637329152,1,1,3079467776 pos=-51234.47,1555.93,2851.09
[07:55:53.317] [JOIN] INFO: SPIKE 48 conn role=J t=15015 peers=0 rtt=0ms
[07:55:53.815] [JOIN] INFO: SCENARIO RECV hand=1,2637329152,1,1,3079467776 pos=-51234.47,1555.93,2851.09
[07:55:54.300] [JOIN] INFO: KenshiCoop: test duration elapsed; exiting
