[23:13:45.312] [HOST] INFO: log opened
[23:13:45.312] [HOST] INFO: KenshiCoop loaded! (clean rebuild)
[23:13:45.312] [HOST] INFO: KenshiCoop: build Jun 19 2026 23:13:18
[23:13:45.312] [HOST] INFO: KenshiCoop: role=HOST proto=v11 port=27800 save='down1'
[23:13:45.366] [HOST] INFO: KenshiCoop: ownership ranks = {0} (bidirectional presence)
[23:13:45.421] [HOST] INFO: KenshiCoop: auto-load armed for save 'down1'
[23:13:45.421] [HOST] INFO: KenshiCoop: test mode - self-exit 30 s after gameplay starts
[23:13:45.421] [HOST] INFO: KenshiCoop: scenario armed 'spike'
[23:13:45.421] [HOST] INFO: KenshiCoop: starting as HOST
[23:13:45.422] [HOST] INFO: [net] hosting
[23:13:51.997] [HOST] INFO: KenshiCoop: auto-load issued for save 'down1' (after 5000 ms settle)
[23:13:55.987] [HOST] INFO: [net] peer connecting (awaiting HELLO)
[23:13:55.987] [HOST] INFO: [net] peer connected id=1 (proto v11)
[23:13:56.046] [HOST] INFO: handshake: peer present id=1 (local id=0)
[23:14:03.571] [HOST] INFO: KenshiCoop: gameplay started
[23:14:03.571] [HOST] INFO: SCENARIO spike start
[23:14:03.571] [HOST] INFO: SPIKE 22 start id=22 host=1
[23:14:03.571] [HOST] INFO: SPIKE 22 medical pin role=H ok=1 hand=1,19,3600952064,1,2897704960
[23:14:03.571] [HOST] INFO: SPIKE 22 baseline role=H near=2
[23:14:03.572] [HOST] INFO: SCENARIO MEMBER hand=1,2637329152,1,1,3079467776 pos=-50876.97,1557.25,3669.01
[23:14:03.572] [HOST] INFO: SPIKE 22 med role=H t=15 blood=75.8 bleed=0.00 ko=0.0 unc=0 dead=0 crip=0 LA=100/-1 RA=100/-1 LL=100/-1 RL=100/-1
[23:14:03.593] [HOST] INFO: [taskkey] key=22 desc='Patrolling' repro=0 subject=0
[23:14:03.619] [HOST] INFO: [taskkey] key=1 desc='Moving' repro=0 subject=1
[23:14:04.071] [HOST] INFO: SCENARIO MEMBER hand=1,2637329152,1,1,3079467776 pos=-50876.28,1553.28,3668.73
[23:14:04.071] [HOST] INFO: SPIKE 22 med role=H t=515 blood=75.8 bleed=0.00 ko=0.0 unc=0 dead=0 crip=0 LA=100/-1 RA=100/-1 LL=100/-1 RL=100/-1
[23:14:04.574] [HOST] INFO: SCENARIO MEMBER hand=1,2637329152,1,1,3079467776 pos=-50876.28,1553.28,3668.73
[23:14:04.574] [HOST] INFO: SPIKE 22 census role=H t=1015 fps=150.7 near=2 spawnedN=0
[23:14:04.574] [HOST] INFO: SPIKE 22 med role=H t=1015 blood=75.8 bleed=0.00 ko=0.0 unc=0 dead=0 crip=0 LA=100/-1 RA=100/-1 LL=100/-1 RL=100/-1
[23:14:05.071] [HOST] INFO: SCENARIO MEMBER hand=1,2637329152,1,1,3079467776 pos=-50876.28,1553.28,3668.73
[23:14:05.072] [HOST] INFO: SPIKE 22 med role=H t=1515 blood=75.8 bleed=0.00 ko=0.0 unc=0 dead=0 crip=0 LA=100/-1 RA=100/-1 LL=100/-1 RL=100/-1
[23:14:05.576] [HOST] INFO: SCENARIO MEMBER hand=1,2637329152,1,1,3079467776 pos=-50876.28,1553.28,3668.73
[23:14:05.576] [HOST] INFO: SPIKE 22 census role=H t=2015 fps=142.0 near=2 spawnedN=0
[23:14:05.576] [HOST] INFO: SPIKE 22 med role=H t=2015 blood=75.8 bleed=0.00 ko=0.0 unc=0 dead=0 crip=0 LA=100/-1 RA=100/-1 LL=100/-1 RL=100/-1
[23:14:06.083] [HOST] INFO: SCENARIO MEMBER hand=1,2637329152,1,1,3079467776 pos=-50876.28,1553.28,3668.73
[23:14:06.083] [HOST] INFO: SPIKE 22 med role=H t=2515 blood=75.8 bleed=0.00 ko=0.0 unc=0 dead=0 crip=0 LA=100/-1 RA=100/-1 LL=100/-1 RL=100/-1
[23:14:06.575] [HOST] INFO: SCENARIO MEMBER hand=1,2637329152,1,1,3079467776 pos=-50876.28,1553.28,3668.73
[23:14:06.575] [HOST] INFO: SPIKE 22 census role=H t=3015 fps=103.0 near=1 spawnedN=0
[23:14:06.575] [HOST] INFO: SPIKE 22 med role=H t=3015 blood=75.8 bleed=0.00 ko=0.0 unc=0 dead=0 crip=0 LA=100/-1 RA=100/-1 LL=100/-1 RL=100/-1
[23:14:07.074] [HOST] INFO: SCENARIO MEMBER hand=1,2637329152,1,1,3079467776 pos=-50876.28,1553.28,3668.73
[23:14:07.074] [HOST] INFO: SPIKE 22 med role=H t=3515 blood=75.8 bleed=0.00 ko=0.0 unc=0 dead=0 crip=0 LA=100/-1 RA=100/-1 LL=100/-1 RL=100/-1
[23:14:07.576] [HOST] INFO: SCENARIO MEMBER hand=1,2637329152,1,1,3079467776 pos=-50876.28,1553.28,3668.73
[23:14:07.576] [HOST] INFO: SPIKE 22 census role=H t=4015 fps=109.0 near=1 spawnedN=0
[23:14:07.576] [HOST] INFO: SPIKE 22 induce t=4015 wound blood<=40
[23:14:07.576] [HOST] INFO: SPIKE 22 med role=H t=4015 blood=40.0 bleed=0.00 ko=0.0 unc=0 dead=0 crip=0 LA=100/-1 RA=100/-1 LL=100/-1 RL=100/-1
[23:14:08.073] [HOST] INFO: SCENARIO MEMBER hand=1,2637329152,1,1,3079467776 pos=-50876.28,1553.28,3668.73
[23:14:08.073] [HOST] INFO: SPIKE 22 med role=H t=4515 blood=40.0 bleed=0.00 ko=0.0 unc=0 dead=0 crip=0 LA=100/-1 RA=100/-1 LL=100/-1 RL=100/-1
[23:14:08.585] [HOST] INFO: SCENARIO MEMBER hand=1,2637329152,1,1,3079467776 pos=-50876.28,1553.28,3668.73
[23:14:08.585] [HOST] INFO: SPIKE 22 census role=H t=5015 fps=110.0 near=1 spawnedN=0
[23:14:08.585] [HOST] INFO: SPIKE 22 med role=H t=5015 blood=40.0 bleed=0.00 ko=0.0 unc=0 dead=0 crip=0 LA=100/-1 RA=100/-1 LL=100/-1 RL=100/-1
[23:14:09.080] [HOST] INFO: SCENARIO MEMBER hand=1,2637329152,1,1,3079467776 pos=-50876.28,1553.28,3668.73
[23:14:09.080] [HOST] INFO: SPIKE 22 med role=H t=5515 blood=40.1 bleed=0.00 ko=0.0 unc=0 dead=0 crip=0 LA=100/-1 RA=100/-1 LL=100/-1 RL=100/-1
[23:14:09.572] [HOST] INFO: SCENARIO MEMBER hand=1,2637329152,1,1,3079467776 pos=-50876.28,1553.28,3668.73
[23:14:09.572] [HOST] INFO: SPIKE 22 census role=H t=6015 fps=81.0 near=1 spawnedN=0
[23:14:09.572] [HOST] INFO: SPIKE 22 med role=H t=6015 blood=40.1 bleed=0.00 ko=0.0 unc=0 dead=0 crip=0 LA=100/-1 RA=100/-1 LL=100/-1 RL=100/-1
[23:14:10.079] [HOST] INFO: SCENARIO MEMBER hand=1,2637329152,1,1,3079467776 pos=-50876.28,1553.28,3668.73
[23:14:10.079] [HOST] INFO: SPIKE 22 med role=H t=6515 blood=40.1 bleed=0.00 ko=0.0 unc=0 dead=0 crip=0 LA=100/-1 RA=100/-1 LL=100/-1 RL=100/-1
[23:14:10.573] [HOST] INFO: SCENARIO MEMBER hand=1,2637329152,1,1,3079467776 pos=-50876.28,1553.28,3668.73
[23:14:10.573] [HOST] INFO: SPIKE 22 census role=H t=7015 fps=117.0 near=1 spawnedN=0
[23:14:10.573] [HOST] INFO: SPIKE 22 med role=H t=7015 blood=40.1 bleed=0.00 ko=0.0 unc=0 dead=0 crip=0 LA=100/-1 RA=100/-1 LL=100/-1 RL=100/-1
[23:14:11.078] [HOST] INFO: SCENARIO MEMBER hand=1,2637329152,1,1,3079467776 pos=-50876.28,1553.28,3668.73
[23:14:11.078] [HOST] INFO: SPIKE 22 med role=H t=7515 blood=40.1 bleed=0.00 ko=0.0 unc=0 dead=0 crip=0 LA=100/-1 RA=100/-1 LL=100/-1 RL=100/-1
[23:14:11.572] [HOST] INFO: SCENARIO MEMBER hand=1,2637329152,1,1,3079467776 pos=-50876.28,1553.28,3668.73
[23:14:11.572] [HOST] INFO: SPIKE 22 census role=H t=8015 fps=125.0 near=1 spawnedN=0
[23:14:11.572] [HOST] INFO: SPIKE 22 med role=H t=8015 blood=40.2 bleed=0.00 ko=0.0 unc=0 dead=0 crip=0 LA=100/-1 RA=100/-1 LL=100/-1 RL=100/-1
[23:14:12.074] [HOST] INFO: SCENARIO MEMBER hand=1,2637329152,1,1,3079467776 pos=-50876.28,1553.28,3668.73
[23:14:12.074] [HOST] INFO: SPIKE 22 med role=H t=8515 blood=40.2 bleed=0.00 ko=0.0 unc=0 dead=0 crip=0 LA=100/-1 RA=100/-1 LL=100/-1 RL=100/-1
[23:14:12.575] [HOST] INFO: SCENARIO MEMBER hand=1,2637329152,1,1,3079467776 pos=-50876.28,1553.28,3668.73
[23:14:12.575] [HOST] INFO: SPIKE 22 census role=H t=9015 fps=132.0 near=1 spawnedN=0
[23:14:12.575] [HOST] INFO: SPIKE 22 induce t=9015 sever LEFT_ARM->STUMP
[23:14:12.575] [HOST] INFO: SPIKE 22 med role=H t=9015 blood=40.2 bleed=0.00 ko=0.0 unc=0 dead=0 crip=0 LA=0/-1 RA=100/-1 LL=100/-1 RL=100/-1
[23:14:13.075] [HOST] INFO: SCENARIO MEMBER hand=1,2637329152,1,1,3079467776 pos=-50876.28,1553.28,3668.73
[23:14:13.075] [HOST] INFO: SPIKE 22 med role=H t=9515 blood=40.2 bleed=0.00 ko=0.0 unc=0 dead=0 crip=0 LA=-0/-1 RA=100/-1 LL=100/-1 RL=100/-1
[23:14:13.579] [HOST] INFO: SCENARIO MEMBER hand=1,2637329152,1,1,3079467776 pos=-50876.28,1553.28,3668.73
[23:14:13.579] [HOST] INFO: SPIKE 22 census role=H t=10015 fps=128.0 near=1 spawnedN=0
[23:14:13.579] [HOST] INFO: SPIKE 22 med role=H t=10015 blood=40.3 bleed=0.00 ko=0.0 unc=0 dead=0 crip=0 LA=-0/-1 RA=100/-1 LL=100/-1 RL=100/-1
[23:14:14.071] [HOST] INFO: SCENARIO MEMBER hand=1,2637329152,1,1,3079467776 pos=-50876.28,1553.28,3668.73
[23:14:14.071] [HOST] INFO: SPIKE 22 med role=H t=10515 blood=40.3 bleed=0.00 ko=0.0 unc=0 dead=0 crip=0 LA=-0/-1 RA=100/-1 LL=100/-1 RL=100/-1
[23:14:14.575] [HOST] INFO: SCENARIO MEMBER hand=1,2637329152,1,1,3079467776 pos=-50876.28,1553.28,3668.73
[23:14:14.575] [HOST] INFO: SPIKE 22 census role=H t=11015 fps=121.0 near=1 spawnedN=0
[23:14:14.575] [HOST] INFO: SPIKE 22 med role=H t=11015 blood=40.3 bleed=0.00 ko=0.0 unc=0 dead=0 crip=0 LA=-0/-1 RA=100/-1 LL=100/-1 RL=100/-1
[23:14:15.074] [HOST] INFO: SCENARIO MEMBER hand=1,2637329152,1,1,3079467776 pos=-50876.28,1553.28,3668.73
[23:14:15.074] [HOST] INFO: SPIKE 22 med role=H t=11515 blood=40.3 bleed=0.00 ko=0.0 unc=0 dead=0 crip=0 LA=-0/-1 RA=100/-1 LL=100/-1 RL=100/-1
[23:14:15.574] [HOST] INFO: SCENARIO MEMBER hand=1,2637329152,1,1,3079467776 pos=-50876.28,1553.28,3668.73
[23:14:15.574] [HOST] INFO: SPIKE 22 census role=H t=12015 fps=120.0 near=1 spawnedN=0
[23:14:15.574] [HOST] INFO: SPIKE 22 med role=H t=12015 blood=40.3 bleed=0.00 ko=0.0 unc=0 dead=0 crip=0 LA=-0/-1 RA=100/-1 LL=100/-1 RL=100/-1
[23:14:16.075] [HOST] INFO: SCENARIO MEMBER hand=1,2637329152,1,1,3079467776 pos=-50876.28,1553.28,3668.73
[23:14:16.075] [HOST] INFO: SPIKE 22 med role=H t=12515 blood=40.4 bleed=0.00 ko=0.0 unc=0 dead=0 crip=0 LA=-1/-1 RA=100/-1 LL=100/-1 RL=100/-1
[23:14:16.573] [HOST] INFO: SCENARIO MEMBER hand=1,2637329152,1,1,3079467776 pos=-50876.28,1553.28,3668.73
[23:14:16.573] [HOST] INFO: SPIKE 22 census role=H t=13015 fps=128.0 near=1 spawnedN=0
[23:14:16.573] [HOST] INFO: SPIKE 22 med role=H t=13015 blood=40.4 bleed=0.00 ko=0.0 unc=0 dead=0 crip=0 LA=-1/-1 RA=100/-1 LL=100/-1 RL=100/-1
[23:14:17.075] [HOST] INFO: SCENARIO MEMBER hand=1,2637329152,1,1,3079467776 pos=-50876.28,1553.28,3668.73
[23:14:17.075] [HOST] INFO: SPIKE 22 med role=H t=13515 blood=40.4 bleed=0.00 ko=0.0 unc=0 dead=0 crip=0 LA=-1/-1 RA=100/-1 LL=100/-1 RL=100/-1
[23:14:17.574] [HOST] INFO: SCENARIO MEMBER hand=1,2637329152,1,1,3079467776 pos=-50876.28,1553.28,3668.73
[23:14:17.575] [HOST] INFO: SPIKE 22 census role=H t=14015 fps=130.0 near=1 spawnedN=0
[23:14:17.575] [HOST] INFO: SPIKE 22 induce t=14015 wound blood<=5 (bleed-out)
[23:14:17.575] [HOST] INFO: SPIKE 22 med role=H t=14015 blood=5.0 bleed=0.00 ko=0.0 unc=0 dead=0 crip=0 LA=-1/-1 RA=100/-1 LL=100/-1 RL=100/-1
[23:14:18.073] [HOST] INFO: SCENARIO MEMBER hand=1,2637329152,1,1,3079467776 pos=-50876.28,1553.28,3668.73
[23:14:18.073] [HOST] INFO: SPIKE 22 med role=H t=14515 blood=5.0 bleed=0.00 ko=0.0 unc=0 dead=0 crip=0 LA=-1/-1 RA=100/-1 LL=100/-1 RL=100/-1
[23:14:18.578] [HOST] INFO: SCENARIO MEMBER hand=1,2637329152,1,1,3079467776 pos=-50876.28,1553.28,3668.73
[23:14:18.578] [HOST] INFO: SPIKE 22 census role=H t=15015 fps=133.0 near=1 spawnedN=0
[23:14:18.578] [HOST] INFO: SPIKE 22 med role=H t=15015 blood=5.0 bleed=0.00 ko=0.0 unc=0 dead=0 crip=0 LA=-1/-1 RA=100/-1 LL=100/-1 RL=100/-1
[23:14:19.075] [HOST] INFO: SCENARIO MEMBER hand=1,2637329152,1,1,3079467776 pos=-50876.28,1553.28,3668.73
[23:14:19.075] [HOST] INFO: SPIKE 22 med role=H t=15515 blood=5.1 bleed=0.00 ko=0.0 unc=0 dead=0 crip=0 LA=-1/-1 RA=100/-1 LL=100/-1 RL=100/-1
[23:14:19.576] [HOST] INFO: SCENARIO MEMBER hand=1,2637329152,1,1,3079467776 pos=-50876.28,1553.28,3668.73
[23:14:19.576] [HOST] INFO: SPIKE 22 census role=H t=16015 fps=130.0 near=1 spawnedN=0
[23:14:19.576] [HOST] INFO: SPIKE 22 med role=H t=16015 blood=5.1 bleed=0.00 ko=0.0 unc=0 dead=0 crip=0 LA=-1/-1 RA=100/-1 LL=100/-1 RL=100/-1
[23:14:20.072] [HOST] INFO: SCENARIO MEMBER hand=1,2637329152,1,1,3079467776 pos=-50876.28,1553.28,3668.73
[23:14:20.072] [HOST] INFO: SPIKE 22 med role=H t=16515 blood=5.1 bleed=0.00 ko=0.0 unc=0 dead=0 crip=0 LA=-1/-1 RA=100/-1 LL=100/-1 RL=100/-1
[23:14:20.577] [HOST] INFO: SCENARIO MEMBER hand=1,2637329152,1,1,3079467776 pos=-50876.28,1553.28,3668.73
[23:14:20.577] [HOST] INFO: SPIKE 22 census role=H t=17015 fps=131.0 near=1 spawnedN=0
[23:14:20.577] [HOST] INFO: SPIKE 22 med role=H t=17015 blood=5.1 bleed=0.00 ko=0.0 unc=0 dead=0 crip=0 LA=-1/-1 RA=100/-1 LL=100/-1 RL=100/-1
[23:14:21.079] [HOST] INFO: SCENARIO MEMBER hand=1,2637329152,1,1,3079467776 pos=-50876.28,1553.28,3668.73
[23:14:21.079] [HOST] INFO: SPIKE 22 med role=H t=17515 blood=5.1 bleed=0.00 ko=0.0 unc=0 dead=0 crip=0 LA=-1/-1 RA=100/-1 LL=100/-1 RL=100/-1
[23:14:21.575] [HOST] INFO: SCENARIO MEMBER hand=1,2637329152,1,1,3079467776 pos=-50876.28,1553.28,3668.73
[23:14:21.575] [HOST] INFO: SPIKE 22 census role=H t=18015 fps=128.0 near=1 spawnedN=0
[23:14:21.575] [HOST] INFO: SPIKE 22 med role=H t=18015 blood=5.2 bleed=0.00 ko=0.0 unc=0 dead=0 crip=0 LA=-1/-1 RA=100/-1 LL=100/-1 RL=100/-1
[23:14:22.073] [HOST] INFO: SCENARIO MEMBER hand=1,2637329152,1,1,3079467776 pos=-50876.28,1553.28,3668.73
[23:14:22.073] [HOST] INFO: SPIKE 22 med role=H t=18515 blood=5.2 bleed=0.00 ko=0.0 unc=0 dead=0 crip=0 LA=-1/-1 RA=100/-1 LL=100/-1 RL=100/-1
[23:14:22.578] [HOST] INFO: SCENARIO MEMBER hand=1,2637329152,1,1,3079467776 pos=-50876.28,1553.28,3668.73
[23:14:22.578] [HOST] INFO: SPIKE 22 census role=H t=19015 fps=129.0 near=1 spawnedN=0
[23:14:22.578] [HOST] INFO: SPIKE 22 induce t=19015 knockDown
[23:14:22.578] [HOST] INFO: SPIKE 22 med role=H t=19015 blood=5.2 bleed=0.00 ko=8.0 unc=0 dead=0 crip=0 LA=-2/-1 RA=100/-1 LL=100/-1 RL=100/-1
[23:14:23.073] [HOST] INFO: SCENARIO MEMBER hand=1,2637329152,1,1,3079467776 pos=-50876.28,1553.28,3668.73
[23:14:23.073] [HOST] INFO: SPIKE 22 med role=H t=19515 blood=5.2 bleed=0.00 ko=7.4 unc=1 dead=0 crip=0 LA=-2/-1 RA=100/-1 LL=100/-1 RL=100/-1
[23:14:23.578] [HOST] INFO: SCENARIO MEMBER hand=1,2637329152,1,1,3079467776 pos=-50876.28,1553.28,3668.73
[23:14:23.579] [HOST] INFO: SPIKE 22 census role=H t=20015 fps=125.0 near=0 spawnedN=0
[23:14:23.579] [HOST] INFO: SPIKE 22 med role=H t=20015 blood=5.2 bleed=0.00 ko=6.9 unc=1 dead=0 crip=0 LA=-2/-1 RA=100/-1 LL=100/-1 RL=100/-1
[23:14:24.074] [HOST] INFO: SCENARIO MEMBER hand=1,2637329152,1,1,3079467776 pos=-50876.28,1553.28,3668.73
[23:14:24.074] [HOST] INFO: SPIKE 22 med role=H t=20515 blood=5.3 bleed=0.00 ko=6.3 unc=1 dead=0 crip=0 LA=-2/-1 RA=100/-1 LL=100/-1 RL=100/-1
[23:14:24.572] [HOST] INFO: SCENARIO MEMBER hand=1,2637329152,1,1,3079467776 pos=-50876.28,1553.28,3668.73
[23:14:24.572] [HOST] INFO: SPIKE 22 census role=H t=21015 fps=125.0 near=0 spawnedN=0
[23:14:24.572] [HOST] INFO: SPIKE 22 med role=H t=21015 blood=5.3 bleed=0.00 ko=5.8 unc=1 dead=0 crip=0 LA=-2/-1 RA=100/-1 LL=100/-1 RL=100/-1
[23:14:25.072] [HOST] INFO: SCENARIO MEMBER hand=1,2637329152,1,1,3079467776 pos=-50876.28,1553.28,3668.73
[23:14:25.072] [HOST] INFO: SPIKE 22 med role=H t=21515 blood=5.3 bleed=0.00 ko=5.4 unc=1 dead=0 crip=0 LA=-2/-1 RA=100/-1 LL=100/-1 RL=100/-1
[23:14:25.575] [HOST] INFO: SCENARIO MEMBER hand=1,2637329152,1,1,3079467776 pos=-50876.28,1553.28,3668.73
[23:14:25.575] [HOST] INFO: SPIKE 22 census role=H t=22015 fps=129.0 near=0 spawnedN=0
[23:14:25.575] [HOST] INFO: SPIKE 22 med role=H t=22015 blood=5.3 bleed=0.00 ko=4.9 unc=1 dead=0 crip=0 LA=-2/-1 RA=100/-1 LL=100/-1 RL=100/-1
[23:14:26.073] [HOST] INFO: SCENARIO MEMBER hand=1,2637329152,1,1,3079467776 pos=-50876.28,1553.28,3668.73
[23:14:26.073] [HOST] INFO: SPIKE 22 med role=H t=22515 blood=5.4 bleed=0.00 ko=4.4 unc=1 dead=0 crip=0 LA=-2/-1 RA=100/-1 LL=100/-1 RL=100/-1
[23:14:26.576] [HOST] INFO: SCENARIO MEMBER hand=1,2637329152,1,1,3079467776 pos=-50876.28,1553.28,3668.73
[23:14:26.576] [HOST] INFO: SPIKE 22 census role=H t=23015 fps=128.0 near=0 spawnedN=0
[23:14:26.576] [HOST] INFO: SPIKE 22 med role=H t=23015 blood=5.4 bleed=0.00 ko=3.8 unc=1 dead=0 crip=0 LA=-2/-1 RA=100/-1 LL=100/-1 RL=100/-1
[23:14:27.077] [HOST] INFO: SCENARIO MEMBER hand=1,2637329152,1,1,3079467776 pos=-50876.28,1553.28,3668.73
[23:14:27.077] [HOST] INFO: SPIKE 22 med role=H t=23515 blood=5.4 bleed=0.00 ko=3.3 unc=1 dead=0 crip=0 LA=-2/-1 RA=100/-1 LL=100/-1 RL=100/-1
[23:14:27.577] [HOST] INFO: SCENARIO MEMBER hand=1,2637329152,1,1,3079467776 pos=-50876.28,1553.28,3668.73
[23:14:27.577] [HOST] INFO: SPIKE 22 census role=H t=24015 fps=127.0 near=0 spawnedN=0
[23:14:27.577] [HOST] INFO: SPIKE 22 induce t=24015 killSubject
[23:14:27.577] [HOST] INFO: SPIKE 22 med role=H t=24015 blood=0.0 bleed=0.00 ko=8.0 unc=1 dead=1 crip=0 LA=-2/-1 RA=100/-1 LL=100/-1 RL=100/-1
[23:14:28.076] [HOST] INFO: SCENARIO MEMBER hand=1,2637329152,1,1,3079467776 pos=-50876.28,1553.28,3668.73
[23:14:28.076] [HOST] INFO: SPIKE 22 med role=H t=24515 blood=0.0 bleed=0.00 ko=8.0 unc=1 dead=1 crip=0 LA=-2/-1 RA=100/-1 LL=100/-1 RL=100/-1
[23:14:28.572] [HOST] INFO: SCENARIO MEMBER hand=1,2637329152,1,1,3079467776 pos=-50876.28,1553.28,3668.73
[23:14:28.572] [HOST] INFO: SPIKE 22 census role=H t=25015 fps=127.0 near=0 spawnedN=0
[23:14:28.572] [HOST] INFO: SPIKE 22 med role=H t=25015 blood=0.0 bleed=0.00 ko=8.0 unc=1 dead=1 crip=0 LA=-2/-1 RA=100/-1 LL=100/-1 RL=100/-1
[23:14:29.073] [HOST] INFO: SCENARIO MEMBER hand=1,2637329152,1,1,3079467776 pos=-50876.28,1553.28,3668.73
[23:14:29.073] [HOST] INFO: SPIKE 22 med role=H t=25515 blood=0.0 bleed=0.00 ko=8.0 unc=1 dead=1 crip=0 LA=-2/-1 RA=100/-1 LL=100/-1 RL=100/-1
[23:14:29.571] [HOST] INFO: SCENARIO MEMBER hand=1,2637329152,1,1,3079467776 pos=-50876.28,1553.28,3668.73
[23:14:29.571] [HOST] INFO: SPIKE 22 census role=H t=26015 fps=126.0 near=0 spawnedN=0
[23:14:29.571] [HOST] INFO: SPIKE 22 med role=H t=26015 blood=0.0 bleed=0.00 ko=8.0 unc=1 dead=1 crip=0 LA=-2/-1 RA=100/-1 LL=100/-1 RL=100/-1
[23:14:30.074] [HOST] INFO: SCENARIO MEMBER hand=1,2637329152,1,1,3079467776 pos=-50876.28,1553.28,3668.73
[23:14:30.074] [HOST] INFO: SPIKE 22 med role=H t=26515 blood=0.0 bleed=0.00 ko=8.0 unc=1 dead=1 crip=0 LA=-2/-1 RA=100/-1 LL=100/-1 RL=100/-1
[23:14:30.573] [HOST] INFO: SCENARIO MEMBER hand=1,2637329152,1,1,3079467776 pos=-50876.28,1553.28,3668.73
[23:14:30.573] [HOST] INFO: SPIKE 22 census role=H t=27015 fps=128.0 near=0 spawnedN=0
[23:14:30.573] [HOST] INFO: SPIKE 22 med role=H t=27015 blood=0.0 bleed=0.00 ko=8.0 unc=1 dead=1 crip=0 LA=-2/-1 RA=100/-1 LL=100/-1 RL=100/-1
[23:14:31.072] [HOST] INFO: SCENARIO MEMBER hand=1,2637329152,1,1,3079467776 pos=-50876.28,1553.28,3668.73
[23:14:31.072] [HOST] INFO: SPIKE 22 med role=H t=27515 blood=0.0 bleed=0.00 ko=8.0 unc=1 dead=1 crip=0 LA=-2/-1 RA=100/-1 LL=100/-1 RL=100/-1
[23:14:31.576] [HOST] INFO: SCENARIO MEMBER hand=1,2637329152,1,1,3079467776 pos=-50876.28,1553.28,3668.73
[23:14:31.576] [HOST] INFO: SPIKE 22 census role=H t=28015 fps=127.0 near=0 spawnedN=0
[23:14:31.576] [HOST] INFO: SPIKE 22 med role=H t=28015 blood=0.0 bleed=0.00 ko=8.0 unc=1 dead=1 crip=0 LA=-2/-1 RA=100/-1 LL=100/-1 RL=100/-1
[23:14:32.072] [HOST] INFO: SCENARIO MEMBER hand=1,2637329152,1,1,3079467776 pos=-50876.28,1553.28,3668.73
[23:14:32.072] [HOST] INFO: SPIKE 22 med role=H t=28515 blood=0.0 bleed=0.00 ko=8.0 unc=1 dead=1 crip=0 LA=-2/-1 RA=100/-1 LL=100/-1 RL=100/-1
[23:14:32.572] [HOST] INFO: SCENARIO MEMBER hand=1,2637329152,1,1,3079467776 pos=-50876.28,1553.28,3668.73
[23:14:32.572] [HOST] INFO: SPIKE 22 census role=H t=29015 fps=127.0 near=0 spawnedN=0
[23:14:32.572] [HOST] INFO: SPIKE 22 med role=H t=29015 blood=0.0 bleed=0.00 ko=8.0 unc=1 dead=1 crip=0 LA=-2/-1 RA=100/-1 LL=100/-1 RL=100/-1
[23:14:33.073] [HOST] INFO: SCENARIO MEMBER hand=1,2637329152,1,1,3079467776 pos=-50876.28,1553.28,3668.73
[23:14:33.073] [HOST] INFO: SPIKE 22 med role=H t=29515 blood=0.0 bleed=0.00 ko=8.0 unc=1 dead=1 crip=0 LA=-2/-1 RA=100/-1 LL=100/-1 RL=100/-1
[23:14:33.556] [HOST] INFO: SCENARIO RESULT PASS
[23:14:33.563] [HOST] INFO: KenshiCoop: test duration elapsed; exiting
