[23:13:55.859] [JOIN] INFO: log opened
[23:13:55.859] [JOIN] INFO: KenshiCoop loaded! (clean rebuild)
[23:13:55.859] [JOIN] INFO: KenshiCoop: build Jun 19 2026 23:13:18
[23:13:55.859] [JOIN] INFO: KenshiCoop: role=JOIN proto=v11 port=27800 save='down1'
[23:13:55.920] [JOIN] INFO: KenshiCoop: ownership ranks = {1} (bidirectional presence)
[23:13:55.975] [JOIN] INFO: KenshiCoop: auto-load armed for save 'down1'
[23:13:55.975] [JOIN] INFO: KenshiCoop: test mode - self-exit 30 s after gameplay starts
[23:13:55.975] [JOIN] INFO: KenshiCoop: scenario armed 'spike'
[23:13:55.975] [JOIN] INFO: KenshiCoop: starting as CLIENT
[23:13:55.987] [JOIN] INFO: [net] connecting
[23:13:55.987] [JOIN] INFO: [net] connected to host; sent HELLO
[23:13:55.988] [JOIN] INFO: [net] peer connected id=1 (proto v11) - received WELCOME
[23:14:02.243] [JOIN] INFO: KenshiCoop: auto-load issued for save 'down1' (after 5000 ms settle)
[23:14:05.049] [JOIN] INFO: handshake: peer present id=0 (local id=1)
[23:14:12.595] [JOIN] INFO: KenshiCoop: gameplay started
[23:14:12.595] [JOIN] INFO: SCENARIO spike start
[23:14:12.595] [JOIN] INFO: SPIKE 22 start id=22 host=0
[23:14:12.595] [JOIN] INFO: SPIKE 22 medical pin role=J ok=1 hand=1,19,3600952064,1,2897704960
[23:14:12.595] [JOIN] INFO: SPIKE 22 baseline role=J near=2
[23:14:12.597] [JOIN] INFO: [gate] hand=1,3823120128 host=1 local=65535  agree=0/1 (0%)
[23:14:12.597] [JOIN] INFO: [authority] suppress NPC hand=1,2897704960 (streamed=2 local=2 supp=1)
[23:14:12.597] [JOIN] INFO: SCENARIO RECV hand=1,2637329152,1,1,3079467776 pos=-50876.97,1557.25,3669.01
[23:14:12.597] [JOIN] INFO: SPIKE 22 med role=J t=0 blood=75.8 bleed=0.00 ko=0.0 unc=0 dead=0 crip=0 LA=100/-1 RA=100/-1 LL=100/-1 RL=100/-1
[23:14:12.606] [JOIN] INFO: SCENARIO RECV hand=1,2637329152,1,1,3079467776 pos=-50876.28,1553.28,3668.73
[23:14:12.606] [JOIN] INFO: SPIKE 22 med role=J t=15 blood=75.8 bleed=0.00 ko=0.0 unc=0 dead=0 crip=0 LA=100/-1 RA=100/-1 LL=100/-1 RL=100/-1
[23:14:12.689] [JOIN] INFO: [taskkey] key=1 desc='Moving' repro=0 subject=0
[23:14:13.104] [JOIN] INFO: SCENARIO RECV hand=1,2637329152,1,1,3079467776 pos=-50876.28,1553.28,3668.73
[23:14:13.104] [JOIN] INFO: SPIKE 22 med role=J t=515 blood=75.8 bleed=0.00 ko=0.0 unc=0 dead=0 crip=0 LA=100/-1 RA=100/-1 LL=100/-1 RL=100/-1
[23:14:13.605] [JOIN] INFO: SCENARIO RECV hand=1,2637329152,1,1,3079467776 pos=-50876.28,1553.28,3668.73
[23:14:13.605] [JOIN] INFO: SPIKE 22 census role=J t=1015 fps=127.1 near=2 spawnedN=0
[23:14:13.605] [JOIN] INFO: SPIKE 22 med role=J t=1015 blood=75.8 bleed=0.00 ko=0.0 unc=0 dead=0 crip=0 LA=100/-1 RA=100/-1 LL=100/-1 RL=100/-1
[23:14:14.110] [JOIN] INFO: SCENARIO RECV hand=1,2637329152,1,1,3079467776 pos=-50876.28,1553.28,3668.73
[23:14:14.110] [JOIN] INFO: SPIKE 22 med role=J t=1515 blood=75.8 bleed=0.00 ko=0.0 unc=0 dead=0 crip=0 LA=100/-1 RA=100/-1 LL=100/-1 RL=100/-1
[23:14:14.599] [JOIN] INFO: [gate] hand=1,3823120128 host=1 local=65535  agree=31/249 (12%)
[23:14:14.608] [JOIN] INFO: SCENARIO RECV hand=1,2637329152,1,1,3079467776 pos=-50876.28,1553.28,3668.73
[23:14:14.608] [JOIN] INFO: SPIKE 22 census role=J t=2015 fps=121.0 near=2 spawnedN=0
[23:14:14.608] [JOIN] INFO: SPIKE 22 med role=J t=2015 blood=75.8 bleed=0.00 ko=0.0 unc=0 dead=0 crip=0 LA=100/-1 RA=100/-1 LL=100/-1 RL=100/-1
[23:14:15.104] [JOIN] INFO: SCENARIO RECV hand=1,2637329152,1,1,3079467776 pos=-50876.28,1553.28,3668.73
[23:14:15.104] [JOIN] INFO: SPIKE 22 med role=J t=2515 blood=75.8 bleed=0.00 ko=0.0 unc=0 dead=0 crip=0 LA=100/-1 RA=100/-1 LL=100/-1 RL=100/-1
[23:14:15.604] [JOIN] INFO: SCENARIO RECV hand=1,2637329152,1,1,3079467776 pos=-50876.28,1553.28,3668.73
[23:14:15.604] [JOIN] INFO: SPIKE 22 census role=J t=3015 fps=120.0 near=2 spawnedN=0
[23:14:15.604] [JOIN] INFO: SPIKE 22 med role=J t=3015 blood=75.8 bleed=0.00 ko=0.0 unc=0 dead=0 crip=0 LA=100/-1 RA=100/-1 LL=100/-1 RL=100/-1
[23:14:16.104] [JOIN] INFO: SCENARIO RECV hand=1,2637329152,1,1,3079467776 pos=-50876.28,1553.28,3668.73
[23:14:16.104] [JOIN] INFO: SPIKE 22 med role=J t=3515 blood=75.8 bleed=0.00 ko=0.0 unc=0 dead=0 crip=0 LA=100/-1 RA=100/-1 LL=100/-1 RL=100/-1
[23:14:16.602] [JOIN] INFO: [gate] hand=1,3823120128 host=1 local=65535  agree=62/498 (12%)
[23:14:16.609] [JOIN] INFO: SCENARIO RECV hand=1,2637329152,1,1,3079467776 pos=-50876.28,1553.28,3668.73
[23:14:16.609] [JOIN] INFO: SPIKE 22 census role=J t=4015 fps=129.0 near=2 spawnedN=0
[23:14:16.609] [JOIN] INFO: SPIKE 22 med role=J t=4015 blood=75.8 bleed=0.00 ko=0.0 unc=0 dead=0 crip=0 LA=100/-1 RA=100/-1 LL=100/-1 RL=100/-1
[23:14:17.108] [JOIN] INFO: SCENARIO RECV hand=1,2637329152,1,1,3079467776 pos=-50876.28,1553.28,3668.73
[23:14:17.108] [JOIN] INFO: SPIKE 22 med role=J t=4515 blood=75.8 bleed=0.00 ko=0.0 unc=0 dead=0 crip=0 LA=100/-1 RA=100/-1 LL=100/-1 RL=100/-1
[23:14:17.605] [JOIN] INFO: SCENARIO RECV hand=1,2637329152,1,1,3079467776 pos=-50876.28,1553.28,3668.73
[23:14:17.605] [JOIN] INFO: SPIKE 22 census role=J t=5015 fps=129.0 near=2 spawnedN=0
[23:14:17.605] [JOIN] INFO: SPIKE 22 med role=J t=5015 blood=75.8 bleed=0.00 ko=0.0 unc=0 dead=0 crip=0 LA=100/-1 RA=100/-1 LL=100/-1 RL=100/-1
[23:14:18.110] [JOIN] INFO: SCENARIO RECV hand=1,2637329152,1,1,3079467776 pos=-50876.28,1553.28,3668.73
[23:14:18.110] [JOIN] INFO: SPIKE 22 med role=J t=5515 blood=75.8 bleed=0.00 ko=0.0 unc=0 dead=0 crip=0 LA=100/-1 RA=100/-1 LL=100/-1 RL=100/-1
[23:14:18.605] [JOIN] INFO: SCENARIO RECV hand=1,2637329152,1,1,3079467776 pos=-50876.28,1553.28,3668.73
[23:14:18.606] [JOIN] INFO: SPIKE 22 census role=J t=6015 fps=110.0 near=2 spawnedN=0
[23:14:18.606] [JOIN] INFO: SPIKE 22 med role=J t=6015 blood=75.8 bleed=0.00 ko=0.0 unc=0 dead=0 crip=0 LA=100/-1 RA=100/-1 LL=100/-1 RL=100/-1
[23:14:18.674] [JOIN] INFO: [gate] hand=1,3823120128 host=1 local=65535  agree=204/747 (27%)
[23:14:19.104] [JOIN] INFO: SCENARIO RECV hand=1,2637329152,1,1,3079467776 pos=-50876.28,1553.28,3668.73
[23:14:19.104] [JOIN] INFO: SPIKE 22 med role=J t=6515 blood=75.8 bleed=0.00 ko=0.0 unc=0 dead=0 crip=0 LA=100/-1 RA=100/-1 LL=100/-1 RL=100/-1
[23:14:19.603] [JOIN] INFO: SCENARIO RECV hand=1,2637329152,1,1,3079467776 pos=-50876.28,1553.28,3668.73
[23:14:19.603] [JOIN] INFO: SPIKE 22 census role=J t=7015 fps=132.0 near=2 spawnedN=0
[23:14:19.603] [JOIN] INFO: SPIKE 22 med role=J t=7015 blood=75.8 bleed=0.00 ko=0.0 unc=0 dead=0 crip=0 LA=100/-1 RA=100/-1 LL=100/-1 RL=100/-1
[23:14:20.104] [JOIN] INFO: SCENARIO RECV hand=1,2637329152,1,1,3079467776 pos=-50876.28,1553.28,3668.73
[23:14:20.104] [JOIN] INFO: SPIKE 22 med role=J t=7515 blood=75.8 bleed=0.00 ko=0.0 unc=0 dead=0 crip=0 LA=100/-1 RA=100/-1 LL=100/-1 RL=100/-1
[23:14:20.608] [JOIN] INFO: SCENARIO RECV hand=1,2637329152,1,1,3079467776 pos=-50876.28,1553.28,3668.73
[23:14:20.608] [JOIN] INFO: SPIKE 22 census role=J t=8015 fps=136.0 near=2 spawnedN=0
[23:14:20.608] [JOIN] INFO: SPIKE 22 med role=J t=8015 blood=75.8 bleed=0.00 ko=0.0 unc=0 dead=0 crip=0 LA=100/-1 RA=100/-1 LL=100/-1 RL=100/-1
[23:14:20.705] [JOIN] INFO: [gate] hand=1,3823120128 host=1 local=65535  agree=380/1019 (37%)
[23:14:21.106] [JOIN] INFO: SCENARIO RECV hand=1,2637329152,1,1,3079467776 pos=-50876.28,1553.28,3668.73
[23:14:21.106] [JOIN] INFO: SPIKE 22 med role=J t=8515 blood=75.8 bleed=0.00 ko=0.0 unc=0 dead=0 crip=0 LA=100/-1 RA=100/-1 LL=100/-1 RL=100/-1
[23:14:21.606] [JOIN] INFO: SCENARIO RECV hand=1,2637329152,1,1,3079467776 pos=-50876.28,1553.28,3668.73
[23:14:21.606] [JOIN] INFO: SPIKE 22 census role=J t=9015 fps=134.0 near=2 spawnedN=0
[23:14:21.606] [JOIN] INFO: SPIKE 22 med role=J t=9015 blood=75.8 bleed=0.00 ko=0.0 unc=0 dead=0 crip=0 LA=100/-1 RA=100/-1 LL=100/-1 RL=100/-1
[23:14:22.109] [JOIN] INFO: SCENARIO RECV hand=1,2637329152,1,1,3079467776 pos=-50876.28,1553.28,3668.73
[23:14:22.109] [JOIN] INFO: SPIKE 22 med role=J t=9515 blood=75.8 bleed=0.00 ko=0.0 unc=0 dead=0 crip=0 LA=100/-1 RA=100/-1 LL=100/-1 RL=100/-1
[23:14:22.606] [JOIN] INFO: SCENARIO RECV hand=1,2637329152,1,1,3079467776 pos=-50876.28,1553.28,3668.73
[23:14:22.606] [JOIN] INFO: SPIKE 22 census role=J t=10015 fps=133.0 near=2 spawnedN=0
[23:14:22.606] [JOIN] INFO: SPIKE 22 med role=J t=10015 blood=75.8 bleed=0.00 ko=0.0 unc=0 dead=0 crip=0 LA=100/-1 RA=100/-1 LL=100/-1 RL=100/-1
[23:14:22.776] [JOIN] INFO: [gate] hand=1,3823120128 host=1 local=65535  agree=581/1296 (44%)
[23:14:23.109] [JOIN] INFO: SCENARIO RECV hand=1,2637329152,1,1,3079467776 pos=-50876.28,1553.28,3668.73
[23:14:23.109] [JOIN] INFO: SPIKE 22 med role=J t=10515 blood=75.8 bleed=0.00 ko=0.0 unc=0 dead=0 crip=0 LA=100/-1 RA=100/-1 LL=100/-1 RL=100/-1
[23:14:23.606] [JOIN] INFO: SCENARIO RECV hand=1,2637329152,1,1,3079467776 pos=-50876.28,1553.28,3668.73
[23:14:23.606] [JOIN] INFO: SPIKE 22 census role=J t=11015 fps=130.0 near=1 spawnedN=0
[23:14:23.606] [JOIN] INFO: SPIKE 22 med role=J t=11015 blood=75.8 bleed=0.00 ko=0.0 unc=0 dead=0 crip=0 LA=100/-1 RA=100/-1 LL=100/-1 RL=100/-1
[23:14:24.107] [JOIN] INFO: SCENARIO RECV hand=1,2637329152,1,1,3079467776 pos=-50876.28,1553.28,3668.73
[23:14:24.107] [JOIN] INFO: SPIKE 22 med role=J t=11515 blood=75.8 bleed=0.00 ko=0.0 unc=0 dead=0 crip=0 LA=100/-1 RA=100/-1 LL=100/-1 RL=100/-1
[23:14:24.610] [JOIN] INFO: SCENARIO RECV hand=1,2637329152,1,1,3079467776 pos=-50876.28,1553.28,3668.73
[23:14:24.610] [JOIN] INFO: SPIKE 22 census role=J t=12015 fps=131.0 near=2 spawnedN=0
[23:14:24.610] [JOIN] INFO: SPIKE 22 med role=J t=12015 blood=75.8 bleed=0.00 ko=0.0 unc=0 dead=0 crip=0 LA=100/-1 RA=100/-1 LL=100/-1 RL=100/-1
[23:14:24.928] [JOIN] INFO: [authority] suppress NPC hand=1,3823120128 (streamed=1 local=2 supp=2)
[23:14:25.107] [JOIN] INFO: SCENARIO RECV hand=1,2637329152,1,1,3079467776 pos=-50876.28,1553.28,3668.73
[23:14:25.107] [JOIN] INFO: SPIKE 22 med role=J t=12515 blood=75.8 bleed=0.00 ko=0.0 unc=0 dead=0 crip=0 LA=100/-1 RA=100/-1 LL=100/-1 RL=100/-1
[23:14:25.608] [JOIN] INFO: SCENARIO RECV hand=1,2637329152,1,1,3079467776 pos=-50876.28,1553.28,3668.73
[23:14:25.608] [JOIN] INFO: SPIKE 22 census role=J t=13015 fps=132.0 near=2 spawnedN=0
[23:14:25.608] [JOIN] INFO: SPIKE 22 med role=J t=13015 blood=75.8 bleed=0.00 ko=0.0 unc=0 dead=0 crip=0 LA=100/-1 RA=100/-1 LL=100/-1 RL=100/-1
[23:14:26.107] [JOIN] INFO: SCENARIO RECV hand=1,2637329152,1,1,3079467776 pos=-50876.28,1553.28,3668.73
[23:14:26.107] [JOIN] INFO: SPIKE 22 med role=J t=13515 blood=75.8 bleed=0.00 ko=0.0 unc=0 dead=0 crip=0 LA=100/-1 RA=100/-1 LL=100/-1 RL=100/-1
[23:14:26.603] [JOIN] INFO: SCENARIO RECV hand=1,2637329152,1,1,3079467776 pos=-50876.28,1553.28,3668.73
[23:14:26.603] [JOIN] INFO: SPIKE 22 census role=J t=14015 fps=132.0 near=2 spawnedN=0
[23:14:26.603] [JOIN] INFO: SPIKE 22 med role=J t=14015 blood=75.8 bleed=0.00 ko=0.0 unc=0 dead=0 crip=0 LA=100/-1 RA=100/-1 LL=100/-1 RL=100/-1
[23:14:27.108] [JOIN] INFO: SCENARIO RECV hand=1,2637329152,1,1,3079467776 pos=-50876.28,1553.28,3668.73
[23:14:27.108] [JOIN] INFO: SPIKE 22 med role=J t=14515 blood=75.8 bleed=0.00 ko=0.0 unc=0 dead=0 crip=0 LA=100/-1 RA=100/-1 LL=100/-1 RL=100/-1
[23:14:27.606] [JOIN] INFO: SCENARIO RECV hand=1,2637329152,1,1,3079467776 pos=-50876.28,1553.28,3668.73
[23:14:27.606] [JOIN] INFO: SPIKE 22 census role=J t=15015 fps=133.0 near=2 spawnedN=0
[23:14:27.606] [JOIN] INFO: SPIKE 22 med role=J t=15015 blood=75.8 bleed=0.00 ko=0.0 unc=0 dead=0 crip=0 LA=100/-1 RA=100/-1 LL=100/-1 RL=100/-1
[23:14:28.104] [JOIN] INFO: SCENARIO RECV hand=1,2637329152,1,1,3079467776 pos=-50876.28,1553.28,3668.73
[23:14:28.105] [JOIN] INFO: SPIKE 22 med role=J t=15515 blood=75.8 bleed=0.00 ko=0.0 unc=0 dead=0 crip=0 LA=100/-1 RA=100/-1 LL=100/-1 RL=100/-1
[23:14:28.605] [JOIN] INFO: SCENARIO RECV hand=1,2637329152,1,1,3079467776 pos=-50876.28,1553.28,3668.73
[23:14:28.605] [JOIN] INFO: SPIKE 22 census role=J t=16015 fps=132.0 near=2 spawnedN=0
[23:14:28.605] [JOIN] INFO: SPIKE 22 med role=J t=16015 blood=75.8 bleed=0.00 ko=0.0 unc=0 dead=0 crip=0 LA=100/-1 RA=100/-1 LL=100/-1 RL=100/-1
[23:14:29.109] [JOIN] INFO: SCENARIO RECV hand=1,2637329152,1,1,3079467776 pos=-50876.28,1553.28,3668.73
[23:14:29.109] [JOIN] INFO: SPIKE 22 med role=J t=16515 blood=75.8 bleed=0.00 ko=0.0 unc=0 dead=0 crip=0 LA=100/-1 RA=100/-1 LL=100/-1 RL=100/-1
[23:14:29.605] [JOIN] INFO: SCENARIO RECV hand=1,2637329152,1,1,3079467776 pos=-50876.28,1553.28,3668.73
[23:14:29.605] [JOIN] INFO: SPIKE 22 census role=J t=17015 fps=132.0 near=2 spawnedN=0
[23:14:29.605] [JOIN] INFO: SPIKE 22 med role=J t=17015 blood=75.8 bleed=0.00 ko=0.0 unc=0 dead=0 crip=0 LA=100/-1 RA=100/-1 LL=100/-1 RL=100/-1
[23:14:30.105] [JOIN] INFO: SCENARIO RECV hand=1,2637329152,1,1,3079467776 pos=-50876.28,1553.28,3668.73
[23:14:30.105] [JOIN] INFO: SPIKE 22 med role=J t=17515 blood=75.8 bleed=0.00 ko=0.0 unc=0 dead=0 crip=0 LA=100/-1 RA=100/-1 LL=100/-1 RL=100/-1
[23:14:30.608] [JOIN] INFO: SCENARIO RECV hand=1,2637329152,1,1,3079467776 pos=-50876.28,1553.28,3668.73
[23:14:30.608] [JOIN] INFO: SPIKE 22 census role=J t=18015 fps=133.0 near=2 spawnedN=0
[23:14:30.608] [JOIN] INFO: SPIKE 22 med role=J t=18015 blood=75.8 bleed=0.00 ko=0.0 unc=0 dead=0 crip=0 LA=100/-1 RA=100/-1 LL=100/-1 RL=100/-1
[23:14:31.103] [JOIN] INFO: SCENARIO RECV hand=1,2637329152,1,1,3079467776 pos=-50876.28,1553.28,3668.73
[23:14:31.103] [JOIN] INFO: SPIKE 22 med role=J t=18515 blood=75.8 bleed=0.00 ko=0.0 unc=0 dead=0 crip=0 LA=100/-1 RA=100/-1 LL=100/-1 RL=100/-1
[23:14:31.608] [JOIN] INFO: SCENARIO RECV hand=1,2637329152,1,1,3079467776 pos=-50876.28,1553.28,3668.73
[23:14:31.608] [JOIN] INFO: SPIKE 22 census role=J t=19015 fps=133.0 near=2 spawnedN=0
[23:14:31.608] [JOIN] INFO: SPIKE 22 med role=J t=19015 blood=75.8 bleed=0.00 ko=0.0 unc=0 dead=0 crip=0 LA=100/-1 RA=100/-1 LL=100/-1 RL=100/-1
[23:14:32.107] [JOIN] INFO: SCENARIO RECV hand=1,2637329152,1,1,3079467776 pos=-50876.28,1553.28,3668.73
[23:14:32.108] [JOIN] INFO: SPIKE 22 med role=J t=19515 blood=75.8 bleed=0.00 ko=0.0 unc=0 dead=0 crip=0 LA=100/-1 RA=100/-1 LL=100/-1 RL=100/-1
[23:14:32.608] [JOIN] INFO: SCENARIO RECV hand=1,2637329152,1,1,3079467776 pos=-50876.28,1553.28,3668.73
[23:14:32.608] [JOIN] INFO: SPIKE 22 census role=J t=20015 fps=133.0 near=2 spawnedN=0
[23:14:32.608] [JOIN] INFO: SPIKE 22 med role=J t=20015 blood=75.8 bleed=0.00 ko=0.0 unc=0 dead=0 crip=0 LA=100/-1 RA=100/-1 LL=100/-1 RL=100/-1
[23:14:33.109] [JOIN] INFO: SCENARIO RECV hand=1,2637329152,1,1,3079467776 pos=-50876.28,1553.28,3668.73
[23:14:33.109] [JOIN] INFO: SPIKE 22 med role=J t=20515 blood=75.8 bleed=0.00 ko=0.0 unc=0 dead=0 crip=0 LA=100/-1 RA=100/-1 LL=100/-1 RL=100/-1
[23:14:33.607] [JOIN] INFO: SCENARIO RECV hand=1,2637329152,1,1,3079467776 pos=-50876.28,1553.28,3668.73
[23:14:33.607] [JOIN] INFO: SPIKE 22 census role=J t=21015 fps=132.0 near=2 spawnedN=0
[23:14:33.607] [JOIN] INFO: SPIKE 22 med role=J t=21015 blood=75.8 bleed=0.00 ko=0.0 unc=0 dead=0 crip=0 LA=100/-1 RA=100/-1 LL=100/-1 RL=100/-1
[23:14:34.107] [JOIN] INFO: SCENARIO RECV hand=1,2637329152,1,1,3079467776 pos=-50876.28,1553.28,3668.73
[23:14:34.107] [JOIN] INFO: SPIKE 22 med role=J t=21515 blood=75.8 bleed=0.00 ko=0.0 unc=0 dead=0 crip=0 LA=100/-1 RA=100/-1 LL=100/-1 RL=100/-1
[23:14:34.606] [JOIN] INFO: SCENARIO RECV hand=1,2637329152,1,1,3079467776 pos=-50876.28,1553.28,3668.73
[23:14:34.606] [JOIN] INFO: SPIKE 22 census role=J t=22015 fps=139.0 near=2 spawnedN=0
[23:14:34.606] [JOIN] INFO: SPIKE 22 med role=J t=22015 blood=75.8 bleed=0.00 ko=0.0 unc=0 dead=0 crip=0 LA=100/-1 RA=100/-1 LL=100/-1 RL=100/-1
[23:14:35.108] [JOIN] INFO: SCENARIO RECV hand=1,2637329152,1,1,3079467776 pos=-50876.28,1553.28,3668.73
[23:14:35.108] [JOIN] INFO: SPIKE 22 med role=J t=22515 blood=75.8 bleed=0.00 ko=0.0 unc=0 dead=0 crip=0 LA=100/-1 RA=100/-1 LL=100/-1 RL=100/-1
[23:14:35.607] [JOIN] INFO: SCENARIO RECV hand=1,2637329152,1,1,3079467776 pos=-50876.28,1553.28,3668.73
[23:14:35.607] [JOIN] INFO: SPIKE 22 census role=J t=23015 fps=166.0 near=2 spawnedN=0
[23:14:35.607] [JOIN] INFO: SPIKE 22 med role=J t=23015 blood=75.8 bleed=0.00 ko=0.0 unc=0 dead=0 crip=0 LA=100/-1 RA=100/-1 LL=100/-1 RL=100/-1
[23:14:36.107] [JOIN] INFO: SCENARIO RECV hand=1,2637329152,1,1,3079467776 pos=-50876.28,1553.28,3668.73
[23:14:36.107] [JOIN] INFO: SPIKE 22 med role=J t=23515 blood=75.8 bleed=0.00 ko=0.0 unc=0 dead=0 crip=0 LA=100/-1 RA=100/-1 LL=100/-1 RL=100/-1
[23:14:36.602] [JOIN] INFO: SCENARIO RECV hand=1,2637329152,1,1,3079467776 pos=-50876.28,1553.28,3668.73
[23:14:36.602] [JOIN] INFO: SPIKE 22 census role=J t=24015 fps=171.0 near=2 spawnedN=0
[23:14:36.602] [JOIN] INFO: SPIKE 22 med role=J t=24015 blood=75.8 bleed=0.00 ko=0.0 unc=0 dead=0 crip=0 LA=100/-1 RA=100/-1 LL=100/-1 RL=100/-1
[23:14:37.107] [JOIN] INFO: SCENARIO RECV hand=1,2637329152,1,1,3079467776 pos=-50876.28,1553.28,3668.73
[23:14:37.107] [JOIN] INFO: SPIKE 22 med role=J t=24515 blood=75.8 bleed=0.00 ko=0.0 unc=0 dead=0 crip=0 LA=100/-1 RA=100/-1 LL=100/-1 RL=100/-1
[23:14:37.604] [JOIN] INFO: SCENARIO RECV hand=1,2637329152,1,1,3079467776 pos=-50876.28,1553.28,3668.73
[23:14:37.604] [JOIN] INFO: SPIKE 22 census role=J t=25015 fps=173.0 near=2 spawnedN=0
[23:14:37.604] [JOIN] INFO: SPIKE 22 med role=J t=25015 blood=75.8 bleed=0.00 ko=0.0 unc=0 dead=0 crip=0 LA=100/-1 RA=100/-1 LL=100/-1 RL=100/-1
[23:14:38.108] [JOIN] INFO: SCENARIO RECV hand=1,2637329152,1,1,3079467776 pos=-50876.28,1553.28,3668.73
[23:14:38.108] [JOIN] INFO: SPIKE 22 med role=J t=25515 blood=75.8 bleed=0.00 ko=0.0 unc=0 dead=0 crip=0 LA=100/-1 RA=100/-1 LL=100/-1 RL=100/-1
[23:14:38.603] [JOIN] INFO: SCENARIO RECV hand=1,2637329152,1,1,3079467776 pos=-50876.28,1553.28,3668.73
[23:14:38.603] [JOIN] INFO: SPIKE 22 census role=J t=26015 fps=173.0 near=2 spawnedN=0
[23:14:38.603] [JOIN] INFO: SPIKE 22 med role=J t=26015 blood=75.8 bleed=0.00 ko=0.0 unc=0 dead=0 crip=0 LA=100/-1 RA=100/-1 LL=100/-1 RL=100/-1
[23:14:39.106] [JOIN] INFO: SCENARIO RECV hand=1,2637329152,1,1,3079467776 pos=-50876.28,1553.28,3668.73
[23:14:39.106] [JOIN] INFO: SPIKE 22 med role=J t=26515 blood=75.8 bleed=0.00 ko=0.0 unc=0 dead=0 crip=0 LA=100/-1 RA=100/-1 LL=100/-1 RL=100/-1
[23:14:39.279] [JOIN] INFO: [net] disconnected from host
[23:14:39.281] [JOIN] INFO: handshake: peer left id=4294967295
[23:14:39.330] [JOIN] INFO: [net] reconnecting
[23:14:39.604] [JOIN] INFO: SCENARIO RECV hand=1,2637329152,1,1,3079467776 pos=-50876.28,1553.28,3668.73
[23:14:39.604] [JOIN] INFO: SPIKE 22 census role=J t=27015 fps=171.0 near=2 spawnedN=0
[23:14:39.604] [JOIN] INFO: SPIKE 22 med role=J t=27015 blood=75.8 bleed=0.00 ko=0.0 unc=0 dead=0 crip=0 LA=100/-1 RA=100/-1 LL=100/-1 RL=100/-1
[23:14:40.104] [JOIN] INFO: SCENARIO RECV hand=1,2637329152,1,1,3079467776 pos=-50876.28,1553.28,3668.73
[23:14:40.104] [JOIN] INFO: SPIKE 22 med role=J t=27515 blood=75.8 bleed=0.00 ko=0.0 unc=0 dead=0 crip=0 LA=100/-1 RA=100/-1 LL=100/-1 RL=100/-1
[23:14:40.604] [JOIN] INFO: SCENARIO RECV hand=1,2637329152,1,1,3079467776 pos=-50876.28,1553.28,3668.73
[23:14:40.604] [JOIN] INFO: SPIKE 22 census role=J t=28015 fps=174.0 near=2 spawnedN=0
[23:14:40.604] [JOIN] INFO: SPIKE 22 med role=J t=28015 blood=75.8 bleed=0.00 ko=0.0 unc=0 dead=0 crip=0 LA=100/-1 RA=100/-1 LL=100/-1 RL=100/-1
[23:14:41.106] [JOIN] INFO: SCENARIO RECV hand=1,2637329152,1,1,3079467776 pos=-50876.28,1553.28,3668.73
[23:14:41.106] [JOIN] INFO: SPIKE 22 med role=J t=28515 blood=75.8 bleed=0.00 ko=0.0 unc=0 dead=0 crip=0 LA=100/-1 RA=100/-1 LL=100/-1 RL=100/-1
[23:14:41.605] [JOIN] INFO: SCENARIO RECV hand=1,2637329152,1,1,3079467776 pos=-50876.28,1553.28,3668.73
[23:14:41.605] [JOIN] INFO: SPIKE 22 census role=J t=29015 fps=173.0 near=2 spawnedN=0
[23:14:41.605] [JOIN] INFO: SPIKE 22 med role=J t=29015 blood=75.8 bleed=0.00 ko=0.0 unc=0 dead=0 crip=0 LA=100/-1 RA=100/-1 LL=100/-1 RL=100/-1
[23:14:42.102] [JOIN] INFO: SCENARIO RECV hand=1,2637329152,1,1,3079467776 pos=-50876.28,1553.28,3668.73
[23:14:42.102] [JOIN] INFO: SPIKE 22 med role=J t=29515 blood=75.8 bleed=0.00 ko=0.0 unc=0 dead=0 crip=0 LA=100/-1 RA=100/-1 LL=100/-1 RL=100/-1
[23:14:42.589] [JOIN] INFO: KenshiCoop: test duration elapsed; exiting
