[23:01:34.506] [HOST] INFO: log opened
[23:01:34.506] [HOST] INFO: KenshiCoop loaded! (clean rebuild)
[23:01:34.506] [HOST] INFO: KenshiCoop: build Jun 19 2026 22:58:46
[23:01:34.507] [HOST] INFO: KenshiCoop: role=HOST proto=v11 port=27800 save='c'
[23:01:34.566] [HOST] INFO: KenshiCoop: ownership ranks = {0} (bidirectional presence)
[23:01:34.626] [HOST] INFO: KenshiCoop: auto-load armed for save 'c'
[23:01:34.626] [HOST] INFO: KenshiCoop: test mode - self-exit 58 s after gameplay starts
[23:01:34.626] [HOST] INFO: KenshiCoop: scenario armed 'spike'
[23:01:34.626] [HOST] INFO: KenshiCoop: starting as HOST
[23:01:34.626] [HOST] INFO: [net] hosting
[23:01:41.089] [HOST] INFO: KenshiCoop: auto-load issued for save 'c' (after 5000 ms settle)
[23:01:45.318] [HOST] INFO: [net] peer connecting (awaiting HELLO)
[23:01:45.318] [HOST] INFO: [net] peer connected id=1 (proto v11)
[23:01:45.345] [HOST] INFO: handshake: peer present id=1 (local id=0)
[23:01:52.326] [HOST] INFO: KenshiCoop: gameplay started
[23:01:52.327] [HOST] INFO: SCENARIO spike start
[23:01:52.327] [HOST] INFO: SPIKE 8 start id=8 host=1
[23:01:52.327] [HOST] INFO: SPIKE 8 baseline role=H near=3
[23:01:52.329] [HOST] INFO: SCENARIO MEMBER hand=1,2637329152,1,1,3079467776 pos=-51234.47,1547.65,2851.09
[23:01:52.336] [HOST] INFO: SCENARIO MEMBER hand=1,2637329152,1,1,3079467776 pos=-51234.47,1555.93,2851.09
[23:01:52.343] [HOST] INFO: SCENARIO MEMBER hand=1,2637329152,1,1,3079467776 pos=-51234.47,1555.93,2851.09
[23:01:52.372] [HOST] INFO: [taskkey] key=87 desc='Operating machine' repro=1 subject=1
[23:01:52.372] [HOST] INFO: [seatres] HOST task=87 npc=1,1723144576 subj=514,2909912064 ok=1 npcpos=-51206.5,2659.7 subjpos=-51206.5,2659.7 d=0.0
[23:01:52.443] [HOST] INFO: [taskkey] key=1 desc='Moving' repro=0 subject=1
[23:01:52.443] [HOST] INFO: [taskkey] key=51 desc='Stand at node' repro=0 subject=1
[23:01:52.838] [HOST] INFO: SCENARIO MEMBER hand=1,2637329152,1,1,3079467776 pos=-51234.47,1555.93,2851.09
[23:01:53.340] [HOST] INFO: SCENARIO MEMBER hand=1,2637329152,1,1,3079467776 pos=-51234.47,1555.93,2851.09
[23:01:53.340] [HOST] INFO: SPIKE 8 census role=H t=1016 fps=163.4 near=4 spawnedN=0
[23:01:53.842] [HOST] INFO: SCENARIO MEMBER hand=1,2637329152,1,1,3079467776 pos=-51234.47,1555.93,2851.09
[23:01:54.343] [HOST] INFO: SCENARIO MEMBER hand=1,2637329152,1,1,3079467776 pos=-51234.47,1555.93,2851.09
[23:01:54.343] [HOST] INFO: SPIKE 8 census role=H t=2016 fps=155.0 near=4 spawnedN=0
[23:01:54.842] [HOST] INFO: SCENARIO MEMBER hand=1,2637329152,1,1,3079467776 pos=-51234.47,1555.93,2851.09
[23:01:55.351] [HOST] INFO: SCENARIO MEMBER hand=1,2637329152,1,1,3079467776 pos=-51234.47,1555.93,2851.09
[23:01:55.351] [HOST] INFO: SPIKE 8 census role=H t=3016 fps=136.0 near=4 spawnedN=0
[23:01:55.354] [HOST] INFO: SPIKE 8 wave w=0 target=5 spawnedN=5 got=5 near=9
[23:01:55.842] [HOST] INFO: SCENARIO MEMBER hand=1,2637329152,1,1,3079467776 pos=-51234.47,1555.93,2851.09
[23:01:56.337] [HOST] INFO: SCENARIO MEMBER hand=1,2637329152,1,1,3079467776 pos=-51234.47,1555.93,2851.09
[23:01:56.337] [HOST] INFO: SPIKE 8 census role=H t=4016 fps=99.0 near=4 spawnedN=5
[23:01:56.843] [HOST] INFO: SCENARIO MEMBER hand=1,2637329152,1,1,3079467776 pos=-51234.47,1555.93,2851.09
[23:01:57.340] [HOST] INFO: SCENARIO MEMBER hand=1,2637329152,1,1,3079467776 pos=-51234.47,1555.93,2851.09
[23:01:57.340] [HOST] INFO: SPIKE 8 census role=H t=5016 fps=113.0 near=4 spawnedN=5
[23:01:57.837] [HOST] INFO: SCENARIO MEMBER hand=1,2637329152,1,1,3079467776 pos=-51234.47,1555.93,2851.09
[23:01:58.341] [HOST] INFO: SCENARIO MEMBER hand=1,2637329152,1,1,3079467776 pos=-51234.47,1555.93,2851.09
[23:01:58.341] [HOST] INFO: SPIKE 8 census role=H t=6016 fps=91.0 near=4 spawnedN=5
[23:01:58.844] [HOST] INFO: SCENARIO MEMBER hand=1,2637329152,1,1,3079467776 pos=-51234.47,1555.93,2851.09
[23:01:59.344] [HOST] INFO: SCENARIO MEMBER hand=1,2637329152,1,1,3079467776 pos=-51234.47,1555.93,2851.09
[23:01:59.344] [HOST] INFO: SPIKE 8 census role=H t=7016 fps=121.0 near=4 spawnedN=5
[23:01:59.843] [HOST] INFO: SCENARIO MEMBER hand=1,2637329152,1,1,3079467776 pos=-51234.47,1555.93,2851.09
[23:02:00.337] [HOST] INFO: SCENARIO MEMBER hand=1,2637329152,1,1,3079467776 pos=-51234.47,1555.93,2851.09
[23:02:00.337] [HOST] INFO: SPIKE 8 census role=H t=8016 fps=124.0 near=4 spawnedN=5
[23:02:00.839] [HOST] INFO: SCENARIO MEMBER hand=1,2637329152,1,1,3079467776 pos=-51234.47,1555.93,2851.09
[23:02:01.338] [HOST] INFO: SCENARIO MEMBER hand=1,2637329152,1,1,3079467776 pos=-51234.47,1555.93,2851.09
[23:02:01.338] [HOST] INFO: SPIKE 8 census role=H t=9016 fps=121.0 near=4 spawnedN=5
[23:02:01.342] [HOST] INFO: SPIKE 8 wave w=1 target=10 spawnedN=10 got=5 near=9
[23:02:01.845] [HOST] INFO: SCENARIO MEMBER hand=1,2637329152,1,1,3079467776 pos=-51234.69,1556.07,2850.25
[23:02:02.344] [HOST] INFO: SCENARIO MEMBER hand=1,2637329152,1,1,3079467776 pos=-51234.69,1556.07,2850.25
[23:02:02.344] [HOST] INFO: SPIKE 8 census role=H t=10016 fps=111.0 near=4 spawnedN=10
[23:02:02.838] [HOST] INFO: SCENARIO MEMBER hand=1,2637329152,1,1,3079467776 pos=-51234.69,1556.07,2850.25
[23:02:03.344] [HOST] INFO: SCENARIO MEMBER hand=1,2637329152,1,1,3079467776 pos=-51234.69,1556.07,2850.25
[23:02:03.344] [HOST] INFO: SPIKE 8 census role=H t=11016 fps=116.0 near=4 spawnedN=10
[23:02:03.837] [HOST] INFO: SCENARIO MEMBER hand=1,2637329152,1,1,3079467776 pos=-51234.69,1556.07,2850.25
[23:02:04.343] [HOST] INFO: SCENARIO MEMBER hand=1,2637329152,1,1,3079467776 pos=-51234.69,1556.07,2850.25
[23:02:04.343] [HOST] INFO: SPIKE 8 census role=H t=12016 fps=124.0 near=4 spawnedN=10
[23:02:04.839] [HOST] INFO: SCENARIO MEMBER hand=1,2637329152,1,1,3079467776 pos=-51234.69,1556.07,2850.25
[23:02:05.339] [HOST] INFO: SCENARIO MEMBER hand=1,2637329152,1,1,3079467776 pos=-51234.69,1556.07,2850.25
[23:02:05.339] [HOST] INFO: SPIKE 8 census role=H t=13016 fps=127.0 near=4 spawnedN=10
[23:02:05.843] [HOST] INFO: SCENARIO MEMBER hand=1,2637329152,1,1,3079467776 pos=-51234.69,1556.07,2850.25
[23:02:06.345] [HOST] INFO: SCENARIO MEMBER hand=1,2637329152,1,1,3079467776 pos=-51234.69,1556.07,2850.25
[23:02:06.345] [HOST] INFO: SPIKE 8 census role=H t=14016 fps=128.0 near=5 spawnedN=10
[23:02:06.844] [HOST] INFO: SCENARIO MEMBER hand=1,2637329152,1,1,3079467776 pos=-51234.69,1556.07,2850.25
[23:02:07.340] [HOST] INFO: SCENARIO MEMBER hand=1,2637329152,1,1,3079467776 pos=-51234.69,1556.07,2850.25
[23:02:07.340] [HOST] INFO: SPIKE 8 census role=H t=15016 fps=126.0 near=5 spawnedN=10
[23:02:07.838] [HOST] INFO: SCENARIO MEMBER hand=1,2637329152,1,1,3079467776 pos=-51234.69,1556.07,2850.25
[23:02:08.344] [HOST] INFO: SCENARIO MEMBER hand=1,2637329152,1,1,3079467776 pos=-51234.69,1556.07,2850.25
[23:02:08.344] [HOST] INFO: SPIKE 8 census role=H t=16016 fps=127.0 near=5 spawnedN=10
[23:02:08.358] [HOST] INFO: SPIKE 8 wave w=2 target=20 spawnedN=20 got=10 near=15
[23:02:08.842] [HOST] INFO: SCENARIO MEMBER hand=1,2637329152,1,1,3079467776 pos=-51237.90,1557.22,2843.29
[23:02:08.903] [HOST] INFO: [taskkey] key=119 desc='Shopping' repro=0 subject=1
[23:02:09.337] [HOST] INFO: SCENARIO MEMBER hand=1,2637329152,1,1,3079467776 pos=-51237.90,1557.22,2843.29
[23:02:09.337] [HOST] INFO: SPIKE 8 census role=H t=17016 fps=94.0 near=5 spawnedN=20
[23:02:09.837] [HOST] INFO: SCENARIO MEMBER hand=1,2637329152,1,1,3079467776 pos=-51237.90,1557.22,2843.29
[23:02:10.337] [HOST] INFO: SCENARIO MEMBER hand=1,2637329152,1,1,3079467776 pos=-51237.90,1557.22,2843.29
[23:02:10.337] [HOST] INFO: SPIKE 8 census role=H t=18016 fps=111.0 near=5 spawnedN=20
[23:02:10.841] [HOST] INFO: SCENARIO MEMBER hand=1,2637329152,1,1,3079467776 pos=-51237.90,1557.22,2843.29
[23:02:11.337] [HOST] INFO: SCENARIO MEMBER hand=1,2637329152,1,1,3079467776 pos=-51237.90,1557.22,2843.29
[23:02:11.337] [HOST] INFO: SPIKE 8 census role=H t=19016 fps=107.0 near=5 spawnedN=20
[23:02:11.838] [HOST] INFO: SCENARIO MEMBER hand=1,2637329152,1,1,3079467776 pos=-51237.90,1557.22,2843.29
[23:02:12.340] [HOST] INFO: SCENARIO MEMBER hand=1,2637329152,1,1,3079467776 pos=-51237.90,1557.22,2843.29
[23:02:12.340] [HOST] INFO: SPIKE 8 census role=H t=20016 fps=109.0 near=5 spawnedN=20
[23:02:12.841] [HOST] INFO: SCENARIO MEMBER hand=1,2637329152,1,1,3079467776 pos=-51237.90,1557.22,2843.29
[23:02:13.345] [HOST] INFO: SCENARIO MEMBER hand=1,2637329152,1,1,3079467776 pos=-51237.90,1557.22,2843.29
[23:02:13.345] [HOST] INFO: SPIKE 8 census role=H t=21016 fps=109.0 near=5 spawnedN=20
[23:02:13.841] [HOST] INFO: SCENARIO MEMBER hand=1,2637329152,1,1,3079467776 pos=-51237.90,1557.22,2843.29
[23:02:14.339] [HOST] INFO: SCENARIO MEMBER hand=1,2637329152,1,1,3079467776 pos=-51237.90,1557.22,2843.29
[23:02:14.339] [HOST] INFO: SPIKE 8 census role=H t=22016 fps=108.0 near=6 spawnedN=20
[23:02:14.841] [HOST] INFO: SCENARIO MEMBER hand=1,2637329152,1,1,3079467776 pos=-51237.90,1557.22,2843.29
[23:02:15.344] [HOST] INFO: SCENARIO MEMBER hand=1,2637329152,1,1,3079467776 pos=-51237.90,1557.22,2843.29
[23:02:15.344] [HOST] INFO: SPIKE 8 census role=H t=23016 fps=111.0 near=6 spawnedN=20
[23:02:15.839] [HOST] INFO: SCENARIO MEMBER hand=1,2637329152,1,1,3079467776 pos=-51237.90,1557.22,2843.29
[23:02:16.343] [HOST] INFO: SCENARIO MEMBER hand=1,2637329152,1,1,3079467776 pos=-51237.90,1557.22,2843.29
[23:02:16.343] [HOST] INFO: SPIKE 8 census role=H t=24016 fps=115.0 near=7 spawnedN=20
[23:02:16.398] [HOST] INFO: SPIKE 8 wave w=3 target=40 spawnedN=40 got=20 near=27
[23:02:16.838] [HOST] INFO: SCENARIO MEMBER hand=1,2637329152,1,1,3079467776 pos=-51242.23,1557.49,2840.83
[23:02:17.345] [HOST] INFO: SCENARIO MEMBER hand=1,2637329152,1,1,3079467776 pos=-51242.34,1557.53,2840.39
[23:02:17.345] [HOST] INFO: SPIKE 8 census role=H t=25016 fps=67.0 near=7 spawnedN=40
[23:02:17.837] [HOST] INFO: SCENARIO MEMBER hand=1,2637329152,1,1,3079467776 pos=-51242.34,1557.53,2840.39
[23:02:18.339] [HOST] INFO: SCENARIO MEMBER hand=1,2637329152,1,1,3079467776 pos=-51242.34,1557.53,2840.39
[23:02:18.339] [HOST] INFO: SPIKE 8 census role=H t=26016 fps=88.0 near=7 spawnedN=40
[23:02:18.846] [HOST] INFO: SCENARIO MEMBER hand=1,2637329152,1,1,3079467776 pos=-51242.34,1557.53,2840.39
[23:02:19.338] [HOST] INFO: SCENARIO MEMBER hand=1,2637329152,1,1,3079467776 pos=-51242.34,1557.53,2840.39
[23:02:19.338] [HOST] INFO: SPIKE 8 census role=H t=27016 fps=95.0 near=7 spawnedN=40
[23:02:19.843] [HOST] INFO: SCENARIO MEMBER hand=1,2637329152,1,1,3079467776 pos=-51242.34,1557.53,2840.39
[23:02:20.337] [HOST] INFO: SCENARIO MEMBER hand=1,2637329152,1,1,3079467776 pos=-51242.34,1557.53,2840.39
[23:02:20.337] [HOST] INFO: SPIKE 8 census role=H t=28016 fps=100.0 near=7 spawnedN=40
[23:02:20.843] [HOST] INFO: SCENARIO MEMBER hand=1,2637329152,1,1,3079467776 pos=-51242.34,1557.53,2840.39
[23:02:21.341] [HOST] INFO: SCENARIO MEMBER hand=1,2637329152,1,1,3079467776 pos=-51242.34,1557.53,2840.39
[23:02:21.341] [HOST] INFO: SPIKE 8 census role=H t=29016 fps=101.0 near=7 spawnedN=40
[23:02:21.837] [HOST] INFO: SCENARIO MEMBER hand=1,2637329152,1,1,3079467776 pos=-51242.34,1557.53,2840.39
[23:02:22.343] [HOST] INFO: SCENARIO MEMBER hand=1,2637329152,1,1,3079467776 pos=-51242.34,1557.53,2840.39
[23:02:22.343] [HOST] INFO: SPIKE 8 census role=H t=30016 fps=96.0 near=7 spawnedN=40
[23:02:22.843] [HOST] INFO: SCENARIO MEMBER hand=1,2637329152,1,1,3079467776 pos=-51242.34,1557.53,2840.39
[23:02:23.337] [HOST] INFO: SCENARIO MEMBER hand=1,2637329152,1,1,3079467776 pos=-51242.34,1557.53,2840.39
[23:02:23.337] [HOST] INFO: SPIKE 8 census role=H t=31016 fps=94.0 near=7 spawnedN=40
[23:02:23.846] [HOST] INFO: SCENARIO MEMBER hand=1,2637329152,1,1,3079467776 pos=-51242.34,1557.53,2840.39
[23:02:24.339] [HOST] INFO: SCENARIO MEMBER hand=1,2637329152,1,1,3079467776 pos=-51242.34,1557.53,2840.39
[23:02:24.339] [HOST] INFO: SPIKE 8 census role=H t=32016 fps=96.0 near=7 spawnedN=40
[23:02:24.840] [HOST] INFO: SCENARIO MEMBER hand=1,2637329152,1,1,3079467776 pos=-51242.34,1557.53,2840.39
[23:02:25.341] [HOST] INFO: SCENARIO MEMBER hand=1,2637329152,1,1,3079467776 pos=-51242.34,1557.53,2840.39
[23:02:25.341] [HOST] INFO: SPIKE 8 census role=H t=33016 fps=97.0 near=7 spawnedN=40
[23:02:25.843] [HOST] INFO: SCENARIO MEMBER hand=1,2637329152,1,1,3079467776 pos=-51242.34,1557.53,2840.39
[23:02:26.339] [HOST] INFO: SCENARIO MEMBER hand=1,2637329152,1,1,3079467776 pos=-51242.34,1557.53,2840.39
[23:02:26.339] [HOST] INFO: SPIKE 8 census role=H t=34016 fps=96.0 near=7 spawnedN=40
[23:02:26.360] [HOST] INFO: SPIKE 8 wave w=4 target=60 spawnedN=60 got=20 near=27
[23:02:26.849] [HOST] INFO: SCENARIO MEMBER hand=1,2637329152,1,1,3079467776 pos=-51241.68,1558.25,2833.90
[23:02:27.347] [HOST] INFO: SCENARIO MEMBER hand=1,2637329152,1,1,3079467776 pos=-51242.58,1558.37,2833.28
[23:02:27.347] [HOST] INFO: SPIKE 8 census role=H t=35016 fps=63.0 near=7 spawnedN=60
[23:02:27.838] [HOST] INFO: SCENARIO MEMBER hand=1,2637329152,1,1,3079467776 pos=-51242.58,1558.37,2833.28
[23:02:28.348] [HOST] INFO: SCENARIO MEMBER hand=1,2637329152,1,1,3079467776 pos=-51242.58,1558.37,2833.28
[23:02:28.348] [HOST] INFO: SPIKE 8 census role=H t=36016 fps=80.0 near=7 spawnedN=60
[23:02:28.841] [HOST] INFO: SCENARIO MEMBER hand=1,2637329152,1,1,3079467776 pos=-51242.58,1558.37,2833.28
[23:02:29.348] [HOST] INFO: SCENARIO MEMBER hand=1,2637329152,1,1,3079467776 pos=-51242.58,1558.37,2833.28
[23:02:29.348] [HOST] INFO: SPIKE 8 census role=H t=37016 fps=84.0 near=8 spawnedN=60
[23:02:29.843] [HOST] INFO: SCENARIO MEMBER hand=1,2637329152,1,1,3079467776 pos=-51242.58,1558.37,2833.28
[23:02:30.344] [HOST] INFO: SCENARIO MEMBER hand=1,2637329152,1,1,3079467776 pos=-51242.58,1558.37,2833.28
[23:02:30.344] [HOST] INFO: SPIKE 8 census role=H t=38016 fps=87.0 near=8 spawnedN=60
[23:02:30.840] [HOST] INFO: SCENARIO MEMBER hand=1,2637329152,1,1,3079467776 pos=-51242.58,1558.37,2833.28
[23:02:31.338] [HOST] INFO: SCENARIO MEMBER hand=1,2637329152,1,1,3079467776 pos=-51242.58,1558.37,2833.28
[23:02:31.338] [HOST] INFO: SPIKE 8 census role=H t=39016 fps=85.0 near=8 spawnedN=60
[23:02:31.840] [HOST] INFO: SCENARIO MEMBER hand=1,2637329152,1,1,3079467776 pos=-51242.58,1558.37,2833.28
[23:02:32.343] [HOST] INFO: SCENARIO MEMBER hand=1,2637329152,1,1,3079467776 pos=-51242.58,1558.37,2833.28
[23:02:32.343] [HOST] INFO: SPIKE 8 census role=H t=40016 fps=88.0 near=7 spawnedN=60
[23:02:32.843] [HOST] INFO: SCENARIO MEMBER hand=1,2637329152,1,1,3079467776 pos=-51242.58,1558.37,2833.28
[23:02:33.337] [HOST] INFO: SCENARIO MEMBER hand=1,2637329152,1,1,3079467776 pos=-51242.58,1558.37,2833.28
[23:02:33.337] [HOST] INFO: SPIKE 8 census role=H t=41016 fps=87.0 near=7 spawnedN=60
[23:02:33.838] [HOST] INFO: SCENARIO MEMBER hand=1,2637329152,1,1,3079467776 pos=-51242.58,1558.37,2833.28
[23:02:34.347] [HOST] INFO: SCENARIO MEMBER hand=1,2637329152,1,1,3079467776 pos=-51242.58,1558.37,2833.28
[23:02:34.347] [HOST] INFO: SPIKE 8 census role=H t=42016 fps=88.0 near=7 spawnedN=60
[23:02:34.841] [HOST] INFO: SCENARIO MEMBER hand=1,2637329152,1,1,3079467776 pos=-51242.58,1558.37,2833.28
[23:02:35.345] [HOST] INFO: SCENARIO MEMBER hand=1,2637329152,1,1,3079467776 pos=-51242.58,1558.37,2833.28
[23:02:35.345] [HOST] INFO: SPIKE 8 census role=H t=43016 fps=87.0 near=7 spawnedN=60
[23:02:35.845] [HOST] INFO: SCENARIO MEMBER hand=1,2637329152,1,1,3079467776 pos=-51242.58,1558.37,2833.28
[23:02:36.342] [HOST] INFO: SCENARIO MEMBER hand=1,2637329152,1,1,3079467776 pos=-51242.58,1558.37,2833.28
[23:02:36.342] [HOST] INFO: SPIKE 8 census role=H t=44016 fps=86.0 near=6 spawnedN=60
[23:02:36.417] [HOST] INFO: SPIKE 8 wave w=5 target=90 spawnedN=90 got=30 near=36
[23:02:36.843] [HOST] INFO: SCENARIO MEMBER hand=1,2637329152,1,1,3079467776 pos=-51242.19,1558.46,2832.37
[23:02:36.854] [HOST] INFO: [seatres] HOST task=87 npc=1,524536128 subj=515,1040527360 ok=1 npcpos=-51208.8,2634.7 subjpos=-51208.8,2634.7 d=0.0
[23:02:37.343] [HOST] INFO: SCENARIO MEMBER hand=1,2637329152,1,1,3079467776 pos=-51247.05,1559.75,2822.42
[23:02:37.343] [HOST] INFO: SPIKE 8 census role=H t=45016 fps=48.0 near=7 spawnedN=90
[23:02:37.840] [HOST] INFO: SCENARIO MEMBER hand=1,2637329152,1,1,3079467776 pos=-51247.30,1559.80,2822.01
[23:02:38.351] [HOST] INFO: SCENARIO MEMBER hand=1,2637329152,1,1,3079467776 pos=-51247.30,1559.81,2822.00
[23:02:38.352] [HOST] INFO: SPIKE 8 census role=H t=46016 fps=62.0 near=7 spawnedN=90
[23:02:38.837] [HOST] INFO: SCENARIO MEMBER hand=1,2637329152,1,1,3079467776 pos=-51247.30,1559.81,2822.00
[23:02:39.350] [HOST] INFO: SCENARIO MEMBER hand=1,2637329152,1,1,3079467776 pos=-51247.30,1559.81,2822.00
[23:02:39.350] [HOST] INFO: SPIKE 8 census role=H t=47016 fps=67.0 near=7 spawnedN=90
[23:02:39.846] [HOST] INFO: SCENARIO MEMBER hand=1,2637329152,1,1,3079467776 pos=-51247.30,1559.81,2822.00
[23:02:40.337] [HOST] INFO: SCENARIO MEMBER hand=1,2637329152,1,1,3079467776 pos=-51247.30,1559.81,2822.00
[23:02:40.337] [HOST] INFO: SPIKE 8 census role=H t=48016 fps=73.0 near=7 spawnedN=90
[23:02:40.845] [HOST] INFO: SCENARIO MEMBER hand=1,2637329152,1,1,3079467776 pos=-51247.30,1559.81,2822.00
[23:02:41.350] [HOST] INFO: SCENARIO MEMBER hand=1,2637329152,1,1,3079467776 pos=-51247.30,1559.81,2822.00
[23:02:41.350] [HOST] INFO: SPIKE 8 census role=H t=49016 fps=76.0 near=7 spawnedN=90
[23:02:41.843] [HOST] INFO: SCENARIO MEMBER hand=1,2637329152,1,1,3079467776 pos=-51247.30,1559.81,2822.00
[23:02:42.340] [HOST] INFO: SCENARIO MEMBER hand=1,2637329152,1,1,3079467776 pos=-51247.30,1559.81,2822.00
[23:02:42.340] [HOST] INFO: SPIKE 8 census role=H t=50016 fps=74.0 near=7 spawnedN=90
[23:02:42.351] [HOST] INFO: [seatres] HOST task=87 npc=1,3808471552 subj=511,656249984 ok=1 npcpos=-51176.0,2645.4 subjpos=-51172.2,2641.8 d=5.3
[23:02:42.845] [HOST] INFO: SCENARIO MEMBER hand=1,2637329152,1,1,3079467776 pos=-51247.30,1559.81,2822.00
[23:02:43.342] [HOST] INFO: SCENARIO MEMBER hand=1,2637329152,1,1,3079467776 pos=-51247.30,1559.81,2822.00
[23:02:43.342] [HOST] INFO: SPIKE 8 census role=H t=51016 fps=75.0 near=7 spawnedN=90
[23:02:43.845] [HOST] INFO: SCENARIO MEMBER hand=1,2637329152,1,1,3079467776 pos=-51247.30,1559.81,2822.00
[23:02:44.345] [HOST] INFO: SCENARIO MEMBER hand=1,2637329152,1,1,3079467776 pos=-51247.30,1559.81,2822.00
[23:02:44.345] [HOST] INFO: SPIKE 8 census role=H t=52016 fps=72.0 near=7 spawnedN=90
[23:02:44.847] [HOST] INFO: SCENARIO MEMBER hand=1,2637329152,1,1,3079467776 pos=-51247.30,1559.81,2822.00
[23:02:45.338] [HOST] INFO: SCENARIO MEMBER hand=1,2637329152,1,1,3079467776 pos=-51247.30,1559.81,2822.00
[23:02:45.338] [HOST] INFO: SPIKE 8 census role=H t=53016 fps=73.0 near=6 spawnedN=90
[23:02:45.845] [HOST] INFO: SCENARIO MEMBER hand=1,2637329152,1,1,3079467776 pos=-51247.30,1559.81,2822.00
[23:02:46.344] [HOST] INFO: SCENARIO MEMBER hand=1,2637329152,1,1,3079467776 pos=-51247.30,1559.81,2822.00
[23:02:46.344] [HOST] INFO: SPIKE 8 census role=H t=54016 fps=74.0 near=6 spawnedN=90
[23:02:46.846] [HOST] INFO: SCENARIO MEMBER hand=1,2637329152,1,1,3079467776 pos=-51247.30,1559.81,2822.00
[23:02:47.323] [HOST] INFO: SCENARIO RESULT PASS
[23:02:50.328] [HOST] INFO: KenshiCoop: test duration elapsed; exiting
