[23:01:45.165] [JOIN] INFO: log opened
[23:01:45.165] [JOIN] INFO: KenshiCoop loaded! (clean rebuild)
[23:01:45.165] [JOIN] INFO: KenshiCoop: build Jun 19 2026 22:58:46
[23:01:45.165] [JOIN] INFO: KenshiCoop: role=JOIN proto=v11 port=27800 save='c'
[23:01:45.226] [JOIN] INFO: KenshiCoop: ownership ranks = {1} (bidirectional presence)
[23:01:45.310] [JOIN] INFO: KenshiCoop: auto-load armed for save 'c'
[23:01:45.310] [JOIN] INFO: KenshiCoop: test mode - self-exit 58 s after gameplay starts
[23:01:45.311] [JOIN] INFO: KenshiCoop: scenario armed 'spike'
[23:01:45.311] [JOIN] INFO: KenshiCoop: starting as CLIENT
[23:01:45.317] [JOIN] INFO: [net] connecting
[23:01:45.318] [JOIN] INFO: [net] connected to host; sent HELLO
[23:01:45.318] [JOIN] INFO: [net] peer connected id=1 (proto v11) - received WELCOME
[23:01:51.617] [JOIN] INFO: KenshiCoop: auto-load issued for save 'c' (after 5000 ms settle)
[23:01:54.381] [JOIN] INFO: handshake: peer present id=0 (local id=1)
[23:02:00.619] [JOIN] INFO: KenshiCoop: gameplay started
[23:02:00.620] [JOIN] INFO: SCENARIO spike start
[23:02:00.620] [JOIN] INFO: SPIKE 8 start id=8 host=0
[23:02:00.620] [JOIN] INFO: SPIKE 8 baseline role=J near=3
[23:02:00.622] [JOIN] INFO: [gate] hand=1,3823120128 host=1 local=65535  agree=0/1 (0%)
[23:02:00.622] [JOIN] INFO: [pose] rest re-arm task 65535 -> 87
[23:02:00.622] [JOIN] INFO: [pose] applyOrder hand=1,1723144576 task=87 subj=514,2909912064,0 det=1 r=2
[23:02:00.622] [JOIN] INFO: SCENARIO RECV hand=1,2637329152,1,1,3079467776 pos=-51234.47,1547.65,2851.09
[23:02:00.632] [JOIN] INFO: [taskkey] key=87 desc='Operating machine' repro=1 subject=1
[23:02:00.632] [JOIN] INFO: [seatres] HOST task=87 npc=1,1723144576 subj=514,2909912064 ok=1 npcpos=-51206.5,2659.7 subjpos=-51206.5,2659.7 d=0.0
[23:02:00.632] [JOIN] INFO: SCENARIO RECV hand=1,2637329152,1,1,3079467776 pos=-51234.47,1555.93,2851.09
[23:02:00.641] [JOIN] INFO: SCENARIO RECV hand=1,2637329152,1,1,3079467776 pos=-51234.47,1555.93,2851.09
[23:02:00.692] [JOIN] INFO: [taskkey] key=1 desc='Moving' repro=0 subject=1
[23:02:00.777] [JOIN] INFO: [taskkey] key=51 desc='Stand at node' repro=0 subject=1
[23:02:01.142] [JOIN] INFO: SCENARIO RECV hand=1,2637329152,1,1,3079467776 pos=-51234.47,1555.93,2851.09
[23:02:01.158] [JOIN] INFO: [authority] suppress NPC hand=5,1919189504 (streamed=10 local=5 supp=1)
[23:02:01.638] [JOIN] INFO: SCENARIO RECV hand=1,2637329152,1,1,3079467776 pos=-51234.51,1555.96,2850.92
[23:02:01.638] [JOIN] INFO: SPIKE 8 census role=J t=1016 fps=126.0 near=5 spawnedN=0
[23:02:02.140] [JOIN] INFO: SCENARIO RECV hand=1,2637329152,1,1,3079467776 pos=-51234.69,1556.07,2850.25
[23:02:02.624] [JOIN] INFO: [gate] hand=3,3090698240 host=51 local=1  agree=681/1000 (68%)
[23:02:02.640] [JOIN] INFO: SCENARIO RECV hand=1,2637329152,1,1,3079467776 pos=-51234.69,1556.07,2850.25
[23:02:02.640] [JOIN] INFO: SPIKE 8 census role=J t=2016 fps=124.0 near=5 spawnedN=0
[23:02:03.140] [JOIN] INFO: SCENARIO RECV hand=1,2637329152,1,1,3079467776 pos=-51234.69,1556.07,2850.25
[23:02:03.640] [JOIN] INFO: SCENARIO RECV hand=1,2637329152,1,1,3079467776 pos=-51234.69,1556.07,2850.25
[23:02:03.640] [JOIN] INFO: SPIKE 8 census role=J t=3016 fps=131.0 near=5 spawnedN=0
[23:02:04.139] [JOIN] INFO: SCENARIO RECV hand=1,2637329152,1,1,3079467776 pos=-51234.69,1556.07,2850.25
[23:02:04.629] [JOIN] INFO: [gate] hand=1,3823120128 host=1 local=65535  agree=1423/2077 (68%)
[23:02:04.635] [JOIN] INFO: SCENARIO RECV hand=1,2637329152,1,1,3079467776 pos=-51234.69,1556.07,2850.25
[23:02:04.635] [JOIN] INFO: SPIKE 8 census role=J t=4016 fps=138.0 near=5 spawnedN=0
[23:02:05.137] [JOIN] INFO: SCENARIO RECV hand=1,2637329152,1,1,3079467776 pos=-51234.69,1556.07,2850.25
[23:02:05.639] [JOIN] INFO: SCENARIO RECV hand=1,2637329152,1,1,3079467776 pos=-51234.69,1556.07,2850.25
[23:02:05.639] [JOIN] INFO: SPIKE 8 census role=J t=5016 fps=138.0 near=5 spawnedN=0
[23:02:06.137] [JOIN] INFO: SCENARIO RECV hand=1,2637329152,1,1,3079467776 pos=-51234.69,1556.07,2850.25
[23:02:06.629] [JOIN] INFO: [gate] hand=3,3090698240 host=51 local=1  agree=2175/3200 (67%)
[23:02:06.637] [JOIN] INFO: SCENARIO RECV hand=1,2637329152,1,1,3079467776 pos=-51234.69,1556.07,2850.25
[23:02:06.637] [JOIN] INFO: SPIKE 8 census role=J t=6016 fps=117.0 near=6 spawnedN=0
[23:02:07.139] [JOIN] INFO: SCENARIO RECV hand=1,2637329152,1,1,3079467776 pos=-51234.69,1556.07,2850.25
[23:02:07.637] [JOIN] INFO: SCENARIO RECV hand=1,2637329152,1,1,3079467776 pos=-51234.69,1556.07,2850.25
[23:02:07.637] [JOIN] INFO: SPIKE 8 census role=J t=7016 fps=142.0 near=6 spawnedN=0
[23:02:08.141] [JOIN] INFO: SCENARIO RECV hand=1,2637329152,1,1,3079467776 pos=-51234.69,1556.07,2850.25
[23:02:08.636] [JOIN] INFO: [gate] hand=1,3823120128 host=1 local=65535  agree=3138/4628 (67%)
[23:02:08.636] [JOIN] INFO: SCENARIO RECV hand=1,2637329152,1,1,3079467776 pos=-51235.09,1556.28,2848.98
[23:02:08.636] [JOIN] INFO: SPIKE 8 census role=J t=8016 fps=141.0 near=6 spawnedN=0
[23:02:09.140] [JOIN] INFO: SCENARIO RECV hand=1,2637329152,1,1,3079467776 pos=-51238.20,1557.27,2842.75
[23:02:09.638] [JOIN] INFO: SCENARIO RECV hand=1,2637329152,1,1,3079467776 pos=-51238.20,1557.27,2842.75
[23:02:09.638] [JOIN] INFO: SPIKE 8 census role=J t=9016 fps=136.0 near=7 spawnedN=0
[23:02:10.140] [JOIN] INFO: SCENARIO RECV hand=1,2637329152,1,1,3079467776 pos=-51238.20,1557.27,2842.75
[23:02:10.634] [JOIN] INFO: SCENARIO RECV hand=1,2637329152,1,1,3079467776 pos=-51238.20,1557.27,2842.75
[23:02:10.634] [JOIN] INFO: SPIKE 8 census role=J t=10016 fps=131.0 near=7 spawnedN=0
[23:02:10.641] [JOIN] INFO: [gate] hand=1,3823120128 host=119 local=1  agree=4044/6236 (64%)
[23:02:11.069] [JOIN] INFO: [authority] suppress NPC hand=2,2703369216 (streamed=26 local=8 supp=2)
[23:02:11.136] [JOIN] INFO: SCENARIO RECV hand=1,2637329152,1,1,3079467776 pos=-51238.20,1557.27,2842.75
[23:02:11.224] [JOIN] INFO: [authority] suppress NPC hand=1,3823120128 (streamed=25 local=8 supp=3)
[23:02:11.635] [JOIN] INFO: SCENARIO RECV hand=1,2637329152,1,1,3079467776 pos=-51238.20,1557.27,2842.75
[23:02:11.635] [JOIN] INFO: SPIKE 8 census role=J t=11016 fps=135.0 near=8 spawnedN=0
[23:02:12.136] [JOIN] INFO: SCENARIO RECV hand=1,2637329152,1,1,3079467776 pos=-51238.20,1557.27,2842.75
[23:02:12.635] [JOIN] INFO: SCENARIO RECV hand=1,2637329152,1,1,3079467776 pos=-51238.20,1557.27,2842.75
[23:02:12.635] [JOIN] INFO: SPIKE 8 census role=J t=12016 fps=132.0 near=8 spawnedN=0
[23:02:12.642] [JOIN] INFO: [gate] hand=3,3090698240 host=51 local=1  agree=4935/7651 (64%)
[23:02:13.134] [JOIN] INFO: SCENARIO RECV hand=1,2637329152,1,1,3079467776 pos=-51238.20,1557.27,2842.75
[23:02:13.639] [JOIN] INFO: SCENARIO RECV hand=1,2637329152,1,1,3079467776 pos=-51238.20,1557.27,2842.75
[23:02:13.639] [JOIN] INFO: SPIKE 8 census role=J t=13016 fps=132.0 near=8 spawnedN=0
[23:02:14.135] [JOIN] INFO: SCENARIO RECV hand=1,2637329152,1,1,3079467776 pos=-51238.20,1557.27,2842.75
[23:02:14.636] [JOIN] INFO: SCENARIO RECV hand=1,2637329152,1,1,3079467776 pos=-51238.20,1557.27,2842.75
[23:02:14.636] [JOIN] INFO: SPIKE 8 census role=J t=14016 fps=132.0 near=9 spawnedN=0
[23:02:14.644] [JOIN] INFO: [gate] hand=3,3090698240 host=51 local=1  agree=5812/9041 (64%)
[23:02:15.142] [JOIN] INFO: SCENARIO RECV hand=1,2637329152,1,1,3079467776 pos=-51238.20,1557.27,2842.75
[23:02:15.635] [JOIN] INFO: SCENARIO RECV hand=1,2637329152,1,1,3079467776 pos=-51238.20,1557.27,2842.75
[23:02:15.635] [JOIN] INFO: SPIKE 8 census role=J t=15016 fps=135.0 near=10 spawnedN=0
[23:02:16.134] [JOIN] INFO: SCENARIO RECV hand=1,2637329152,1,1,3079467776 pos=-51238.20,1557.27,2842.75
[23:02:16.639] [JOIN] INFO: SCENARIO RECV hand=1,2637329152,1,1,3079467776 pos=-51238.20,1557.27,2842.75
[23:02:16.639] [JOIN] INFO: SPIKE 8 census role=J t=16016 fps=140.0 near=10 spawnedN=0
[23:02:16.646] [JOIN] INFO: [gate] hand=3,3090698240 host=51 local=1  agree=7064/10839 (65%)
[23:02:17.136] [JOIN] INFO: SCENARIO RECV hand=1,2637329152,1,1,3079467776 pos=-51242.36,1557.54,2840.35
[23:02:17.639] [JOIN] INFO: SCENARIO RECV hand=1,2637329152,1,1,3079467776 pos=-51242.36,1557.54,2840.35
[23:02:17.639] [JOIN] INFO: SPIKE 8 census role=J t=17016 fps=139.0 near=10 spawnedN=0
[23:02:18.136] [JOIN] INFO: SCENARIO RECV hand=1,2637329152,1,1,3079467776 pos=-51242.36,1557.54,2840.35
[23:02:18.638] [JOIN] INFO: SCENARIO RECV hand=1,2637329152,1,1,3079467776 pos=-51242.36,1557.54,2840.35
[23:02:18.638] [JOIN] INFO: SPIKE 8 census role=J t=18016 fps=139.0 near=10 spawnedN=0
[23:02:18.653] [JOIN] INFO: [gate] hand=3,3090698240 host=51 local=1  agree=8204/12792 (64%)
[23:02:19.138] [JOIN] INFO: SCENARIO RECV hand=1,2637329152,1,1,3079467776 pos=-51242.36,1557.54,2840.35
[23:02:19.637] [JOIN] INFO: SCENARIO RECV hand=1,2637329152,1,1,3079467776 pos=-51242.36,1557.54,2840.35
[23:02:19.637] [JOIN] INFO: SPIKE 8 census role=J t=19016 fps=137.0 near=10 spawnedN=0
[23:02:20.137] [JOIN] INFO: SCENARIO RECV hand=1,2637329152,1,1,3079467776 pos=-51242.36,1557.54,2840.35
[23:02:20.640] [JOIN] INFO: SCENARIO RECV hand=1,2637329152,1,1,3079467776 pos=-51242.36,1557.54,2840.35
[23:02:20.640] [JOIN] INFO: SPIKE 8 census role=J t=20016 fps=140.0 near=10 spawnedN=0
[23:02:20.655] [JOIN] INFO: [gate] hand=3,3090698240 host=51 local=1  agree=9170/14731 (62%)
[23:02:21.138] [JOIN] INFO: SCENARIO RECV hand=1,2637329152,1,1,3079467776 pos=-51242.36,1557.54,2840.35
[23:02:21.634] [JOIN] INFO: SCENARIO RECV hand=1,2637329152,1,1,3079467776 pos=-51242.36,1557.54,2840.35
[23:02:21.634] [JOIN] INFO: SPIKE 8 census role=J t=21016 fps=139.0 near=10 spawnedN=0
[23:02:22.136] [JOIN] INFO: SCENARIO RECV hand=1,2637329152,1,1,3079467776 pos=-51242.36,1557.54,2840.35
[23:02:22.640] [JOIN] INFO: SCENARIO RECV hand=1,2637329152,1,1,3079467776 pos=-51242.36,1557.54,2840.35
[23:02:22.640] [JOIN] INFO: SPIKE 8 census role=J t=22016 fps=132.0 near=10 spawnedN=0
[23:02:22.665] [JOIN] INFO: [gate] hand=3,3090698240 host=51 local=1  agree=10227/16635 (61%)
[23:02:23.136] [JOIN] INFO: SCENARIO RECV hand=1,2637329152,1,1,3079467776 pos=-51242.36,1557.54,2840.35
[23:02:23.637] [JOIN] INFO: SCENARIO RECV hand=1,2637329152,1,1,3079467776 pos=-51242.36,1557.54,2840.35
[23:02:23.637] [JOIN] INFO: SPIKE 8 census role=J t=23016 fps=131.0 near=10 spawnedN=0
[23:02:24.135] [JOIN] INFO: SCENARIO RECV hand=1,2637329152,1,1,3079467776 pos=-51242.36,1557.54,2840.35
[23:02:24.636] [JOIN] INFO: SCENARIO RECV hand=1,2637329152,1,1,3079467776 pos=-51242.36,1557.54,2840.35
[23:02:24.636] [JOIN] INFO: SPIKE 8 census role=J t=24016 fps=133.0 near=10 spawnedN=0
[23:02:24.672] [JOIN] INFO: [gate] hand=3,3090698240 host=51 local=1  agree=11348/18497 (61%)
[23:02:25.136] [JOIN] INFO: SCENARIO RECV hand=1,2637329152,1,1,3079467776 pos=-51242.36,1557.54,2840.35
[23:02:25.636] [JOIN] INFO: SCENARIO RECV hand=1,2637329152,1,1,3079467776 pos=-51242.36,1557.54,2840.35
[23:02:25.637] [JOIN] INFO: SPIKE 8 census role=J t=25016 fps=135.0 near=10 spawnedN=0
[23:02:26.136] [JOIN] INFO: SCENARIO RECV hand=1,2637329152,1,1,3079467776 pos=-51242.36,1557.54,2840.35
[23:02:26.634] [JOIN] INFO: SCENARIO RECV hand=1,2637329152,1,1,3079467776 pos=-51242.36,1557.58,2839.94
[23:02:26.634] [JOIN] INFO: SPIKE 8 census role=J t=26016 fps=136.0 near=10 spawnedN=0
[23:02:26.673] [JOIN] INFO: [gate] hand=3,3090698240 host=51 local=1  agree=12640/20394 (61%)
[23:02:26.924] [JOIN] INFO: [seatres] HOST task=87 npc=1,3996215808 subj=515,1040527360 ok=1 npcpos=-51208.8,2634.7 subjpos=-51208.8,2634.7 d=0.0
[23:02:26.924] [JOIN] INFO: [authority] suppress NPC hand=1,3996215808 (streamed=27 local=10 supp=4)
[23:02:27.140] [JOIN] INFO: SCENARIO RECV hand=1,2637329152,1,1,3079467776 pos=-51242.52,1558.40,2832.98
[23:02:27.634] [JOIN] INFO: SCENARIO RECV hand=1,2637329152,1,1,3079467776 pos=-51242.58,1558.37,2833.28
[23:02:27.634] [JOIN] INFO: SPIKE 8 census role=J t=27016 fps=135.0 near=10 spawnedN=0
[23:02:28.137] [JOIN] INFO: SCENARIO RECV hand=1,2637329152,1,1,3079467776 pos=-51242.58,1558.37,2833.28
[23:02:28.466] [JOIN] INFO: [authority] restore NPC hand=5,1919189504 (supp=3)
[23:02:28.636] [JOIN] INFO: SCENARIO RECV hand=1,2637329152,1,1,3079467776 pos=-51242.58,1558.37,2833.28
[23:02:28.636] [JOIN] INFO: SPIKE 8 census role=J t=28016 fps=136.0 near=10 spawnedN=0
[23:02:28.680] [JOIN] INFO: [gate] hand=3,3090698240 host=51 local=1  agree=13951/22327 (62%)
[23:02:29.137] [JOIN] INFO: SCENARIO RECV hand=1,2637329152,1,1,3079467776 pos=-51242.58,1558.37,2833.28
[23:02:29.637] [JOIN] INFO: SCENARIO RECV hand=1,2637329152,1,1,3079467776 pos=-51242.58,1558.37,2833.28
[23:02:29.637] [JOIN] INFO: SPIKE 8 census role=J t=29016 fps=134.0 near=10 spawnedN=0
[23:02:30.140] [JOIN] INFO: SCENARIO RECV hand=1,2637329152,1,1,3079467776 pos=-51242.58,1558.37,2833.28
[23:02:30.635] [JOIN] INFO: SCENARIO RECV hand=1,2637329152,1,1,3079467776 pos=-51242.58,1558.37,2833.28
[23:02:30.635] [JOIN] INFO: SPIKE 8 census role=J t=30016 fps=134.0 near=10 spawnedN=0
[23:02:30.681] [JOIN] INFO: [gate] hand=3,3090698240 host=51 local=1  agree=15330/24471 (62%)
[23:02:31.135] [JOIN] INFO: SCENARIO RECV hand=1,2637329152,1,1,3079467776 pos=-51242.58,1558.37,2833.28
[23:02:31.637] [JOIN] INFO: SCENARIO RECV hand=1,2637329152,1,1,3079467776 pos=-51242.58,1558.37,2833.28
[23:02:31.638] [JOIN] INFO: SPIKE 8 census role=J t=31016 fps=131.0 near=10 spawnedN=0
[23:02:32.138] [JOIN] INFO: SCENARIO RECV hand=1,2637329152,1,1,3079467776 pos=-51242.58,1558.37,2833.28
[23:02:32.637] [JOIN] INFO: SCENARIO RECV hand=1,2637329152,1,1,3079467776 pos=-51242.58,1558.37,2833.28
[23:02:32.637] [JOIN] INFO: SPIKE 8 census role=J t=32016 fps=136.0 near=10 spawnedN=0
[23:02:32.689] [JOIN] INFO: [gate] hand=3,3090698240 host=51 local=1  agree=16702/26615 (62%)
[23:02:33.140] [JOIN] INFO: SCENARIO RECV hand=1,2637329152,1,1,3079467776 pos=-51242.58,1558.37,2833.28
[23:02:33.635] [JOIN] INFO: SCENARIO RECV hand=1,2637329152,1,1,3079467776 pos=-51242.58,1558.37,2833.28
[23:02:33.635] [JOIN] INFO: SPIKE 8 census role=J t=33016 fps=135.0 near=10 spawnedN=0
[23:02:34.140] [JOIN] INFO: SCENARIO RECV hand=1,2637329152,1,1,3079467776 pos=-51242.58,1558.37,2833.28
[23:02:34.148] [JOIN] INFO: [authority] suppress NPC hand=5,1919189504 (streamed=27 local=10 supp=4)
[23:02:34.640] [JOIN] INFO: SCENARIO RECV hand=1,2637329152,1,1,3079467776 pos=-51242.58,1558.37,2833.28
[23:02:34.640] [JOIN] INFO: SPIKE 8 census role=J t=34016 fps=135.0 near=10 spawnedN=0
[23:02:34.693] [JOIN] INFO: [gate] hand=3,3090698240 host=51 local=1  agree=18066/28702 (62%)
[23:02:35.138] [JOIN] INFO: SCENARIO RECV hand=1,2637329152,1,1,3079467776 pos=-51242.58,1558.37,2833.28
[23:02:35.638] [JOIN] INFO: SCENARIO RECV hand=1,2637329152,1,1,3079467776 pos=-51242.58,1558.37,2833.28
[23:02:35.638] [JOIN] INFO: SPIKE 8 census role=J t=35016 fps=133.0 near=10 spawnedN=0
[23:02:36.139] [JOIN] INFO: SCENARIO RECV hand=1,2637329152,1,1,3079467776 pos=-51242.58,1558.37,2833.28
[23:02:36.635] [JOIN] INFO: SCENARIO RECV hand=1,2637329152,1,1,3079467776 pos=-51242.58,1558.37,2833.28
[23:02:36.635] [JOIN] INFO: SPIKE 8 census role=J t=36016 fps=136.0 near=10 spawnedN=0
[23:02:36.695] [JOIN] INFO: [gate] hand=3,3090698240 host=51 local=1  agree=19290/30592 (63%)
[23:02:36.893] [JOIN] INFO: [pose] rest re-arm task 65535 -> 87
[23:02:36.893] [JOIN] INFO: [pose] applyOrder hand=1,524536128 task=87 subj=515,1040527360,0 det=1 r=2
[23:02:37.139] [JOIN] INFO: SCENARIO RECV hand=1,2637329152,1,1,3079467776 pos=-51242.25,1559.17,2826.26
[23:02:37.304] [JOIN] INFO: [seatres] HOST task=87 npc=1,524536128 subj=510,3452392704 ok=1 npcpos=-51186.3,2629.9 subjpos=-51186.3,2629.9 d=0.0
[23:02:37.638] [JOIN] INFO: SCENARIO RECV hand=1,2637329152,1,1,3079467776 pos=-51247.83,1559.97,2820.47
[23:02:37.638] [JOIN] INFO: SPIKE 8 census role=J t=37016 fps=138.0 near=9 spawnedN=0
[23:02:38.138] [JOIN] INFO: SCENARIO RECV hand=1,2637329152,1,1,3079467776 pos=-51247.30,1559.80,2822.01
[23:02:38.634] [JOIN] INFO: SCENARIO RECV hand=1,2637329152,1,1,3079467776 pos=-51247.30,1559.80,2822.01
[23:02:38.635] [JOIN] INFO: SPIKE 8 census role=J t=38016 fps=138.0 near=9 spawnedN=0
[23:02:38.698] [JOIN] INFO: [gate] hand=3,3090698240 host=51 local=1  agree=20960/32705 (64%)
[23:02:39.135] [JOIN] INFO: SCENARIO RECV hand=1,2637329152,1,1,3079467776 pos=-51247.30,1559.80,2822.01
[23:02:39.639] [JOIN] INFO: SCENARIO RECV hand=1,2637329152,1,1,3079467776 pos=-51247.30,1559.80,2822.01
[23:02:39.639] [JOIN] INFO: SPIKE 8 census role=J t=39016 fps=137.0 near=9 spawnedN=0
[23:02:40.139] [JOIN] INFO: SCENARIO RECV hand=1,2637329152,1,1,3079467776 pos=-51247.30,1559.80,2822.01
[23:02:40.635] [JOIN] INFO: SCENARIO RECV hand=1,2637329152,1,1,3079467776 pos=-51247.30,1559.80,2822.01
[23:02:40.635] [JOIN] INFO: SPIKE 8 census role=J t=40016 fps=138.0 near=9 spawnedN=0
[23:02:40.700] [JOIN] INFO: [gate] hand=3,3090698240 host=51 local=1  agree=22482/34630 (64%)
[23:02:40.900] [JOIN] INFO: [pose] drift-abandon hand=1,524536128 drift=23.01 > 4.00
[23:02:41.134] [JOIN] INFO: SCENARIO RECV hand=1,2637329152,1,1,3079467776 pos=-51247.30,1559.80,2822.01
[23:02:41.639] [JOIN] INFO: SCENARIO RECV hand=1,2637329152,1,1,3079467776 pos=-51247.30,1559.80,2822.01
[23:02:41.639] [JOIN] INFO: SPIKE 8 census role=J t=41016 fps=137.0 near=9 spawnedN=0
[23:02:42.141] [JOIN] INFO: SCENARIO RECV hand=1,2637329152,1,1,3079467776 pos=-51247.30,1559.80,2822.01
[23:02:42.407] [JOIN] INFO: [pose] rest re-arm task 65535 -> 87
[23:02:42.407] [JOIN] INFO: [pose] applyOrder hand=1,3808471552 task=87 subj=511,656249984,0 det=1 r=2
[23:02:42.414] [JOIN] INFO: [seatres] HOST task=87 npc=1,3808471552 subj=511,656249984 ok=1 npcpos=-51178.2,2649.1 subjpos=-51172.2,2641.8 d=9.5
[23:02:42.641] [JOIN] INFO: SCENARIO RECV hand=1,2637329152,1,1,3079467776 pos=-51247.30,1559.80,2822.01
[23:02:42.641] [JOIN] INFO: SPIKE 8 census role=J t=42016 fps=137.0 near=9 spawnedN=0
[23:02:42.655] [JOIN] INFO: [pose] rest re-arm task 65535 -> 87
[23:02:42.655] [JOIN] INFO: [pose] applyOrder hand=1,3808471552 task=87 subj=511,656249984,0 det=1 r=2
[23:02:42.707] [JOIN] INFO: [gate] hand=3,3090698240 host=51 local=1  agree=24032/36548 (65%)
[23:02:43.135] [JOIN] INFO: SCENARIO RECV hand=1,2637329152,1,1,3079467776 pos=-51247.30,1559.80,2822.01
[23:02:43.639] [JOIN] INFO: SCENARIO RECV hand=1,2637329152,1,1,3079467776 pos=-51247.30,1559.80,2822.01
[23:02:43.639] [JOIN] INFO: SPIKE 8 census role=J t=43016 fps=136.0 near=9 spawnedN=0
[23:02:44.141] [JOIN] INFO: SCENARIO RECV hand=1,2637329152,1,1,3079467776 pos=-51247.30,1559.80,2822.01
[23:02:44.635] [JOIN] INFO: SCENARIO RECV hand=1,2637329152,1,1,3079467776 pos=-51247.30,1559.80,2822.01
[23:02:44.635] [JOIN] INFO: SPIKE 8 census role=J t=44016 fps=131.0 near=9 spawnedN=0
[23:02:44.709] [JOIN] INFO: [gate] hand=3,3090698240 host=51 local=1  agree=25589/38424 (66%)
[23:02:45.139] [JOIN] INFO: SCENARIO RECV hand=1,2637329152,1,1,3079467776 pos=-51247.30,1559.80,2822.01
[23:02:45.637] [JOIN] INFO: SCENARIO RECV hand=1,2637329152,1,1,3079467776 pos=-51247.30,1559.80,2822.01
[23:02:45.637] [JOIN] INFO: SPIKE 8 census role=J t=45016 fps=135.0 near=9 spawnedN=0
[23:02:46.140] [JOIN] INFO: SCENARIO RECV hand=1,2637329152,1,1,3079467776 pos=-51247.30,1559.80,2822.01
[23:02:46.479] [JOIN] INFO: [authority] suppress NPC hand=1,3688842752 (streamed=26 local=9 supp=5)
[23:02:46.639] [JOIN] INFO: SCENARIO RECV hand=1,2637329152,1,1,3079467776 pos=-51247.30,1559.80,2822.01
[23:02:46.639] [JOIN] INFO: SPIKE 8 census role=J t=46016 fps=136.0 near=9 spawnedN=0
[23:02:46.713] [JOIN] INFO: [gate] hand=3,3090698240 host=51 local=1  agree=27183/40289 (67%)
[23:02:47.137] [JOIN] INFO: SCENARIO RECV hand=1,2637329152,1,1,3079467776 pos=-51247.30,1559.80,2822.01
[23:02:47.636] [JOIN] INFO: SCENARIO RECV hand=1,2637329152,1,1,3079467776 pos=-51247.30,1559.80,2822.01
[23:02:47.636] [JOIN] INFO: SPIKE 8 census role=J t=47016 fps=134.0 near=9 spawnedN=0
[23:02:48.140] [JOIN] INFO: SCENARIO RECV hand=1,2637329152,1,1,3079467776 pos=-51247.30,1559.80,2822.01
[23:02:48.641] [JOIN] INFO: SCENARIO RECV hand=1,2637329152,1,1,3079467776 pos=-51247.30,1559.80,2822.01
[23:02:48.641] [JOIN] INFO: SPIKE 8 census role=J t=48016 fps=136.0 near=9 spawnedN=0
[23:02:48.715] [JOIN] INFO: [gate] hand=3,3090698240 host=51 local=1  agree=28533/41909 (68%)
[23:02:49.136] [JOIN] INFO: SCENARIO RECV hand=1,2637329152,1,1,3079467776 pos=-51247.30,1559.80,2822.01
[23:02:49.636] [JOIN] INFO: SCENARIO RECV hand=1,2637329152,1,1,3079467776 pos=-51247.30,1559.80,2822.01
[23:02:49.636] [JOIN] INFO: SPIKE 8 census role=J t=49016 fps=133.0 near=9 spawnedN=0
[23:02:50.141] [JOIN] INFO: SCENARIO RECV hand=1,2637329152,1,1,3079467776 pos=-51247.30,1559.80,2822.01
[23:02:50.641] [JOIN] INFO: SCENARIO RECV hand=1,2637329152,1,1,3079467776 pos=-51247.30,1559.80,2822.01
[23:02:50.641] [JOIN] INFO: SPIKE 8 census role=J t=50016 fps=133.0 near=9 spawnedN=0
[23:02:50.719] [JOIN] INFO: [gate] hand=3,3090698240 host=51 local=1  agree=29863/43505 (68%)
[23:02:51.134] [JOIN] INFO: SCENARIO RECV hand=1,2637329152,1,1,3079467776 pos=-51247.30,1559.80,2822.01
[23:02:51.635] [JOIN] INFO: SCENARIO RECV hand=1,2637329152,1,1,3079467776 pos=-51247.30,1559.80,2822.01
[23:02:51.637] [JOIN] INFO: SPIKE 8 census role=J t=51016 fps=144.0 near=9 spawnedN=0
[23:02:52.140] [JOIN] INFO: SCENARIO RECV hand=1,2637329152,1,1,3079467776 pos=-51247.30,1559.80,2822.01
[23:02:52.334] [JOIN] INFO: [authority] suppress NPC hand=1,1723144576 (streamed=0 local=9 supp=6)
[23:02:52.335] [JOIN] INFO: [authority] suppress NPC hand=3,3090698240 (streamed=0 local=9 supp=7)
[23:02:52.335] [JOIN] INFO: [authority] suppress NPC hand=4,1276245120 (streamed=0 local=9 supp=8)
[23:02:52.335] [JOIN] INFO: [authority] suppress NPC hand=1,3808471552 (streamed=0 local=9 supp=9)
[23:02:52.335] [JOIN] INFO: [authority] suppress NPC hand=1,2590331904 (streamed=0 local=9 supp=10)
[23:02:52.635] [JOIN] INFO: SCENARIO RECV hand=1,2637329152,1,1,3079467776 pos=-51247.30,1559.80,2822.01
[23:02:52.635] [JOIN] INFO: SPIKE 8 census role=J t=52016 fps=168.0 near=9 spawnedN=0
[23:02:53.138] [JOIN] INFO: SCENARIO RECV hand=1,2637329152,1,1,3079467776 pos=-51247.30,1559.80,2822.01
[23:02:53.636] [JOIN] INFO: SCENARIO RECV hand=1,2637329152,1,1,3079467776 pos=-51247.30,1559.80,2822.01
[23:02:53.636] [JOIN] INFO: SPIKE 8 census role=J t=53016 fps=171.0 near=9 spawnedN=0
[23:02:54.138] [JOIN] INFO: SCENARIO RECV hand=1,2637329152,1,1,3079467776 pos=-51247.30,1559.80,2822.01
[23:02:54.639] [JOIN] INFO: SCENARIO RECV hand=1,2637329152,1,1,3079467776 pos=-51247.30,1559.80,2822.01
[23:02:54.639] [JOIN] INFO: SPIKE 8 census role=J t=54016 fps=167.0 near=9 spawnedN=0
[23:02:55.137] [JOIN] INFO: SCENARIO RECV hand=1,2637329152,1,1,3079467776 pos=-51247.30,1559.80,2822.01
[23:02:55.618] [JOIN] INFO: SCENARIO SMOOTH active=10986 zeroWhileActive=934 zeroFrac=0.085 maxStep=190.783
[23:02:55.618] [JOIN] INFO: SCENARIO ANIM translate=10023 walkTruth=9979 floatFrac=0.004
[23:02:55.618] [JOIN] INFO: SCENARIO MARCH restSamples=41007 march=0 marchFrac=0.000
[23:02:55.618] [JOIN] INFO: SCENARIO RESULT PASS
[23:02:55.885] [JOIN] INFO: [net] disconnected from host
[23:02:55.888] [JOIN] INFO: handshake: peer left id=4294967295
[23:02:55.935] [JOIN] INFO: [net] reconnecting
[23:02:58.619] [JOIN] INFO: KenshiCoop: test duration elapsed; exiting
