[07:12:22.441] [HOST] INFO: log opened
[07:12:22.442] [HOST] INFO: KenshiCoop loaded! (clean rebuild)
[07:12:22.442] [HOST] INFO: KenshiCoop: build Jun 20 2026 07:12:04
[07:12:22.442] [HOST] INFO: KenshiCoop: role=HOST proto=v11 port=27800 save='c'
[07:12:22.489] [HOST] INFO: KenshiCoop: ownership ranks = {0} (bidirectional presence)
[07:12:22.535] [HOST] INFO: KenshiCoop: auto-load armed for save 'c'
[07:12:22.535] [HOST] INFO: KenshiCoop: test mode - self-exit 18 s after gameplay starts
[07:12:22.535] [HOST] INFO: KenshiCoop: scenario armed 'spike'
[07:12:22.535] [HOST] INFO: KenshiCoop: starting as HOST
[07:12:22.536] [HOST] INFO: [net] hosting
[07:12:29.113] [HOST] INFO: KenshiCoop: auto-load issued for save 'c' (after 5000 ms settle)
[07:12:33.074] [HOST] INFO: [net] peer connecting (awaiting HELLO)
[07:12:33.074] [HOST] INFO: [net] peer connected id=1 (proto v11)
[07:12:33.090] [HOST] INFO: handshake: peer present id=1 (local id=0)
[07:12:39.875] [HOST] INFO: KenshiCoop: gameplay started
[07:12:39.875] [HOST] INFO: SCENARIO spike start
[07:12:39.875] [HOST] INFO: SPIKE 47 start id=47 host=1
[07:12:39.876] [HOST] INFO: SCENARIO MEMBER hand=1,2637329152,1,1,3079467776 pos=-51234.47,1547.65,2851.09
[07:12:39.876] [HOST] INFO: SPIKE 47 nameplate role=H t=0 leader=000000013968E8E8 label=000000000B273A60
[07:12:39.883] [HOST] INFO: SCENARIO MEMBER hand=1,2637329152,1,1,3079467776 pos=-51234.47,1555.93,2851.09
[07:12:39.938] [HOST] INFO: [taskkey] key=119 desc='Shopping' repro=0 subject=1
[07:12:39.991] [HOST] INFO: [taskkey] key=1 desc='Moving' repro=0 subject=1
[07:12:40.202] [HOST] INFO: [taskkey] key=51 desc='Stand at node' repro=0 subject=1
[07:12:40.378] [HOST] INFO: SCENARIO MEMBER hand=1,2637329152,1,1,3079467776 pos=-51234.47,1555.93,2851.09
[07:12:40.882] [HOST] INFO: SCENARIO MEMBER hand=1,2637329152,1,1,3079467776 pos=-51234.47,1555.93,2851.09
[07:12:41.307] [HOST] INFO: [taskkey] key=87 desc='Operating machine' repro=1 subject=1
[07:12:41.307] [HOST] INFO: [seatres] HOST task=87 npc=1,3996215808 subj=514,2909912064 ok=1 npcpos=-51201.1,2663.9 subjpos=-51206.5,2659.7 d=6.8
[07:12:41.378] [HOST] INFO: SCENARIO MEMBER hand=1,2637329152,1,1,3079467776 pos=-51234.47,1555.93,2851.09
[07:12:41.378] [HOST] INFO: SPIKE 47 nameplate-alive role=H t=1516
[07:12:41.878] [HOST] INFO: SCENARIO MEMBER hand=1,2637329152,1,1,3079467776 pos=-51234.47,1555.93,2851.09
[07:12:42.382] [HOST] INFO: SCENARIO MEMBER hand=1,2637329152,1,1,3079467776 pos=-51234.47,1555.93,2851.09
[07:12:42.881] [HOST] INFO: SCENARIO MEMBER hand=1,2637329152,1,1,3079467776 pos=-51234.47,1555.93,2851.09
[07:12:42.881] [HOST] INFO: SPIKE 47 nameplate-alive role=H t=3016
[07:12:43.381] [HOST] INFO: SCENARIO MEMBER hand=1,2637329152,1,1,3079467776 pos=-51234.47,1555.93,2851.09
[07:12:43.877] [HOST] INFO: SCENARIO MEMBER hand=1,2637329152,1,1,3079467776 pos=-51234.47,1555.93,2851.09
[07:12:44.377] [HOST] INFO: SCENARIO MEMBER hand=1,2637329152,1,1,3079467776 pos=-51234.47,1555.93,2851.09
[07:12:44.377] [HOST] INFO: SPIKE 47 nameplate-alive role=H t=4516
[07:12:44.889] [HOST] INFO: SCENARIO MEMBER hand=1,2637329152,1,1,3079467776 pos=-51234.47,1555.93,2851.09
[07:12:45.378] [HOST] INFO: SCENARIO MEMBER hand=1,2637329152,1,1,3079467776 pos=-51234.47,1555.93,2851.09
[07:12:45.881] [HOST] INFO: SCENARIO MEMBER hand=1,2637329152,1,1,3079467776 pos=-51234.47,1555.93,2851.09
[07:12:45.881] [HOST] INFO: SPIKE 47 nameplate-alive role=H t=6016
[07:12:46.378] [HOST] INFO: SCENARIO MEMBER hand=1,2637329152,1,1,3079467776 pos=-51234.47,1555.93,2851.09
[07:12:46.883] [HOST] INFO: SCENARIO MEMBER hand=1,2637329152,1,1,3079467776 pos=-51234.47,1555.93,2851.09
[07:12:47.380] [HOST] INFO: SCENARIO MEMBER hand=1,2637329152,1,1,3079467776 pos=-51234.47,1555.93,2851.09
[07:12:47.380] [HOST] INFO: SPIKE 47 nameplate-alive role=H t=7516
[07:12:47.881] [HOST] INFO: SCENARIO MEMBER hand=1,2637329152,1,1,3079467776 pos=-51234.47,1555.93,2851.09
[07:12:48.380] [HOST] INFO: SCENARIO MEMBER hand=1,2637329152,1,1,3079467776 pos=-51234.47,1555.93,2851.09
[07:12:48.882] [HOST] INFO: SCENARIO MEMBER hand=1,2637329152,1,1,3079467776 pos=-51234.47,1555.93,2851.09
[07:12:48.882] [HOST] INFO: SPIKE 47 nameplate-alive role=H t=9016
[07:12:49.379] [HOST] INFO: SCENARIO MEMBER hand=1,2637329152,1,1,3079467776 pos=-51234.47,1555.93,2851.09
[07:12:49.879] [HOST] INFO: SCENARIO MEMBER hand=1,2637329152,1,1,3079467776 pos=-51234.47,1555.93,2851.09
[07:12:50.381] [HOST] INFO: SCENARIO MEMBER hand=1,2637329152,1,1,3079467776 pos=-51234.47,1555.93,2851.09
[07:12:50.381] [HOST] INFO: SPIKE 47 nameplate-alive role=H t=10516
[07:12:50.884] [HOST] INFO: SCENARIO MEMBER hand=1,2637329152,1,1,3079467776 pos=-51234.47,1555.93,2851.09
[07:12:51.382] [HOST] INFO: SCENARIO MEMBER hand=1,2637329152,1,1,3079467776 pos=-51234.47,1555.93,2851.09
[07:12:51.881] [HOST] INFO: SCENARIO MEMBER hand=1,2637329152,1,1,3079467776 pos=-51234.47,1555.93,2851.09
[07:12:51.881] [HOST] INFO: SPIKE 47 nameplate-alive role=H t=12016
[07:12:52.382] [HOST] INFO: SCENARIO MEMBER hand=1,2637329152,1,1,3079467776 pos=-51234.47,1555.93,2851.09
[07:12:52.881] [HOST] INFO: SCENARIO MEMBER hand=1,2637329152,1,1,3079467776 pos=-51234.47,1555.93,2851.09
[07:12:53.383] [HOST] INFO: SCENARIO MEMBER hand=1,2637329152,1,1,3079467776 pos=-51234.47,1555.93,2851.09
[07:12:53.383] [HOST] INFO: SPIKE 47 nameplate-alive role=H t=13516
[07:12:53.881] [HOST] INFO: SCENARIO MEMBER hand=1,2637329152,1,1,3079467776 pos=-51234.47,1555.93,2851.09
[07:12:54.379] [HOST] INFO: SCENARIO MEMBER hand=1,2637329152,1,1,3079467776 pos=-51234.47,1555.93,2851.09
[07:12:54.878] [HOST] INFO: SCENARIO MEMBER hand=1,2637329152,1,1,3079467776 pos=-51234.47,1555.93,2851.09
[07:12:54.879] [HOST] INFO: SPIKE 47 nameplate-alive role=H t=15016
[07:12:55.383] [HOST] INFO: SCENARIO MEMBER hand=1,2637329152,1,1,3079467776 pos=-51234.47,1555.93,2851.09
[07:12:55.881] [HOST] INFO: SCENARIO MEMBER hand=1,2637329152,1,1,3079467776 pos=-51234.47,1555.93,2851.09
[07:12:56.383] [HOST] INFO: SCENARIO MEMBER hand=1,2637329152,1,1,3079467776 pos=-51234.47,1555.93,2851.09
[07:12:56.383] [HOST] INFO: SPIKE 47 nameplate-alive role=H t=16516
[07:12:56.883] [HOST] INFO: SCENARIO MEMBER hand=1,2637329152,1,1,3079467776 pos=-51234.47,1555.93,2851.09
[07:12:57.378] [HOST] INFO: SCENARIO MEMBER hand=1,2637329152,1,1,3079467776 pos=-51234.47,1555.93,2851.09
[07:12:57.865] [HOST] INFO: KenshiCoop: test duration elapsed; exiting
