[07:12:32.976] [JOIN] INFO: log opened
[07:12:32.976] [JOIN] INFO: KenshiCoop loaded! (clean rebuild)
[07:12:32.976] [JOIN] INFO: KenshiCoop: build Jun 20 2026 07:12:04
[07:12:32.977] [JOIN] INFO: KenshiCoop: role=JOIN proto=v11 port=27800 save='c'
[07:12:33.017] [JOIN] INFO: KenshiCoop: ownership ranks = {1} (bidirectional presence)
[07:12:33.066] [JOIN] INFO: KenshiCoop: auto-load armed for save 'c'
[07:12:33.066] [JOIN] INFO: KenshiCoop: test mode - self-exit 18 s after gameplay starts
[07:12:33.066] [JOIN] INFO: KenshiCoop: scenario armed 'spike'
[07:12:33.066] [JOIN] INFO: KenshiCoop: starting as CLIENT
[07:12:33.073] [JOIN] INFO: [net] connecting
[07:12:33.073] [JOIN] INFO: [net] connected to host; sent HELLO
[07:12:33.074] [JOIN] INFO: [net] peer connected id=1 (proto v11) - received WELCOME
[07:12:39.301] [JOIN] INFO: KenshiCoop: auto-load issued for save 'c' (after 5000 ms settle)
[07:12:42.074] [JOIN] INFO: handshake: peer present id=0 (local id=1)
[07:12:49.325] [JOIN] INFO: KenshiCoop: gameplay started
[07:12:49.326] [JOIN] INFO: SCENARIO spike start
[07:12:49.326] [JOIN] INFO: SPIKE 47 start id=47 host=0
[07:12:49.327] [JOIN] INFO: [gate] hand=1,1723144576 host=119 local=65535  agree=0/1 (0%)
[07:12:49.327] [JOIN] INFO: [pose] rest re-arm task 65535 -> 87
[07:12:49.327] [JOIN] INFO: [pose] applyOrder hand=1,3996215808 task=87 subj=514,2909912064,0 det=1 r=2
[07:12:49.327] [JOIN] INFO: [authority] suppress NPC hand=3,3090698240 (streamed=5 local=3 supp=1)
[07:12:49.327] [JOIN] INFO: SCENARIO RECV hand=1,2637329152,1,1,3079467776 pos=-51234.47,1547.65,2851.09
[07:12:49.327] [JOIN] INFO: SPIKE 47 nameplate role=J t=0 leader=000000015696B9D8 label=000000000AA931A0
[07:12:49.336] [JOIN] INFO: SCENARIO RECV hand=1,2637329152,1,1,3079467776 pos=-51234.47,1555.93,2851.09
[07:12:49.407] [JOIN] INFO: [taskkey] key=1 desc='Moving' repro=0 subject=1
[07:12:49.830] [JOIN] INFO: SCENARIO RECV hand=1,2637329152,1,1,3079467776 pos=-51234.47,1555.93,2851.09
[07:12:49.888] [JOIN] INFO: [authority] suppress NPC hand=5,1919189504 (streamed=5 local=5 supp=2)
[07:12:50.335] [JOIN] INFO: SCENARIO RECV hand=1,2637329152,1,1,3079467776 pos=-51234.47,1555.93,2851.09
[07:12:50.482] [JOIN] INFO: [authority] suppress NPC hand=1,524536128 (streamed=5 local=7 supp=3)
[07:12:50.830] [JOIN] INFO: [taskkey] key=87 desc='Operating machine' repro=1 subject=1
[07:12:50.830] [JOIN] INFO: [seatres] HOST task=87 npc=1,3996215808 subj=514,2909912064 ok=1 npcpos=-51199.0,2664.6 subjpos=-51206.5,2659.7 d=9.0
[07:12:50.830] [JOIN] INFO: SCENARIO RECV hand=1,2637329152,1,1,3079467776 pos=-51234.47,1555.93,2851.09
[07:12:50.830] [JOIN] INFO: SPIKE 47 nameplate-alive role=J t=1516
[07:12:51.334] [JOIN] INFO: [gate] hand=1,1723144576 host=119 local=1  agree=65/1005 (6%)
[07:12:51.334] [JOIN] INFO: SCENARIO RECV hand=1,2637329152,1,1,3079467776 pos=-51234.47,1555.93,2851.09
[07:12:51.836] [JOIN] INFO: SCENARIO RECV hand=1,2637329152,1,1,3079467776 pos=-51234.47,1555.93,2851.09
[07:12:52.334] [JOIN] INFO: SCENARIO RECV hand=1,2637329152,1,1,3079467776 pos=-51234.47,1555.93,2851.09
[07:12:52.334] [JOIN] INFO: SPIKE 47 nameplate-alive role=J t=3016
[07:12:52.830] [JOIN] INFO: SCENARIO RECV hand=1,2637329152,1,1,3079467776 pos=-51234.47,1555.93,2851.09
[07:12:53.330] [JOIN] INFO: SCENARIO RECV hand=1,2637329152,1,1,3079467776 pos=-51234.47,1555.93,2851.09
[07:12:53.337] [JOIN] INFO: [gate] hand=1,1723144576 host=119 local=1  agree=331/2069 (15%)
[07:12:53.833] [JOIN] INFO: SCENARIO RECV hand=1,2637329152,1,1,3079467776 pos=-51234.47,1555.93,2851.09
[07:12:53.833] [JOIN] INFO: SPIKE 47 nameplate-alive role=J t=4516
[07:12:54.348] [JOIN] INFO: SCENARIO RECV hand=1,2637329152,1,1,3079467776 pos=-51234.47,1555.93,2851.09
[07:12:54.846] [JOIN] INFO: SCENARIO RECV hand=1,2637329152,1,1,3079467776 pos=-51234.47,1555.93,2851.09
[07:12:55.345] [JOIN] INFO: [gate] hand=1,1723144576 host=119 local=1  agree=578/3057 (18%)
[07:12:55.352] [JOIN] INFO: SCENARIO RECV hand=1,2637329152,1,1,3079467776 pos=-51234.47,1555.93,2851.09
[07:12:55.352] [JOIN] INFO: SPIKE 47 nameplate-alive role=J t=6032
[07:12:55.852] [JOIN] INFO: SCENARIO RECV hand=1,2637329152,1,1,3079467776 pos=-51234.47,1555.93,2851.09
[07:12:56.349] [JOIN] INFO: SCENARIO RECV hand=1,2637329152,1,1,3079467776 pos=-51234.47,1555.93,2851.09
[07:12:56.850] [JOIN] INFO: SCENARIO RECV hand=1,2637329152,1,1,3079467776 pos=-51234.47,1555.93,2851.09
[07:12:56.850] [JOIN] INFO: SPIKE 47 nameplate-alive role=J t=7532
[07:12:57.346] [JOIN] INFO: [gate] hand=1,1723144576 host=119 local=1  agree=853/4157 (20%)
[07:12:57.346] [JOIN] INFO: SCENARIO RECV hand=1,2637329152,1,1,3079467776 pos=-51234.47,1555.93,2851.09
[07:12:57.851] [JOIN] INFO: SCENARIO RECV hand=1,2637329152,1,1,3079467776 pos=-51234.47,1555.93,2851.09
[07:12:58.350] [JOIN] INFO: SCENARIO RECV hand=1,2637329152,1,1,3079467776 pos=-51234.47,1555.93,2851.09
[07:12:58.350] [JOIN] INFO: SPIKE 47 nameplate-alive role=J t=9032
[07:12:58.849] [JOIN] INFO: SCENARIO RECV hand=1,2637329152,1,1,3079467776 pos=-51234.47,1555.93,2851.09
[07:12:59.348] [JOIN] INFO: [gate] hand=1,1723144576 host=119 local=1  agree=1145/5325 (21%)
[07:12:59.348] [JOIN] INFO: SCENARIO RECV hand=1,2637329152,1,1,3079467776 pos=-51234.47,1555.93,2851.09
[07:12:59.845] [JOIN] INFO: [authority] suppress NPC hand=1,1723144576 (streamed=0 local=7 supp=4)
[07:12:59.845] [JOIN] INFO: [authority] suppress NPC hand=1,3996215808 (streamed=0 local=7 supp=5)
[07:12:59.845] [JOIN] INFO: [authority] suppress NPC hand=1,2590331904 (streamed=0 local=7 supp=6)
[07:12:59.845] [JOIN] INFO: [authority] suppress NPC hand=4,1276245120 (streamed=0 local=7 supp=7)
[07:12:59.850] [JOIN] INFO: SCENARIO RECV hand=1,2637329152,1,1,3079467776 pos=-51234.47,1555.93,2851.09
[07:12:59.850] [JOIN] INFO: SPIKE 47 nameplate-alive role=J t=10532
[07:13:00.350] [JOIN] INFO: SCENARIO RECV hand=1,2637329152,1,1,3079467776 pos=-51234.47,1555.93,2851.09
[07:13:00.846] [JOIN] INFO: SCENARIO RECV hand=1,2637329152,1,1,3079467776 pos=-51234.47,1555.93,2851.09
[07:13:01.350] [JOIN] INFO: SCENARIO RECV hand=1,2637329152,1,1,3079467776 pos=-51234.47,1555.93,2851.09
[07:13:01.350] [JOIN] INFO: SPIKE 47 nameplate-alive role=J t=12032
[07:13:01.850] [JOIN] INFO: SCENARIO RECV hand=1,2637329152,1,1,3079467776 pos=-51234.47,1555.93,2851.09
[07:13:02.347] [JOIN] INFO: SCENARIO RECV hand=1,2637329152,1,1,3079467776 pos=-51234.47,1555.93,2851.09
[07:13:02.848] [JOIN] INFO: SCENARIO RECV hand=1,2637329152,1,1,3079467776 pos=-51234.47,1555.93,2851.09
[07:13:02.848] [JOIN] INFO: SPIKE 47 nameplate-alive role=J t=13532
[07:13:03.350] [JOIN] INFO: SCENARIO RECV hand=1,2637329152,1,1,3079467776 pos=-51234.47,1555.93,2851.09
[07:13:03.752] [JOIN] INFO: [net] disconnected from host
[07:13:03.754] [JOIN] INFO: handshake: peer left id=4294967295
[07:13:03.803] [JOIN] INFO: [net] reconnecting
[07:13:03.846] [JOIN] INFO: SCENARIO RECV hand=1,2637329152,1,1,3079467776 pos=-51234.47,1555.93,2851.09
[07:13:04.349] [JOIN] INFO: SCENARIO RECV hand=1,2637329152,1,1,3079467776 pos=-51234.47,1555.93,2851.09
[07:13:04.349] [JOIN] INFO: SPIKE 47 nameplate-alive role=J t=15032
[07:13:04.849] [JOIN] INFO: SCENARIO RECV hand=1,2637329152,1,1,3079467776 pos=-51234.47,1555.93,2851.09
[07:13:05.346] [JOIN] INFO: SCENARIO RECV hand=1,2637329152,1,1,3079467776 pos=-51234.47,1555.93,2851.09
[07:13:05.849] [JOIN] INFO: SCENARIO RECV hand=1,2637329152,1,1,3079467776 pos=-51234.47,1555.93,2851.09
[07:13:05.849] [JOIN] INFO: SPIKE 47 nameplate-alive role=J t=16532
[07:13:06.351] [JOIN] INFO: SCENARIO RECV hand=1,2637329152,1,1,3079467776 pos=-51234.47,1555.93,2851.09
[07:13:06.847] [JOIN] INFO: SCENARIO RECV hand=1,2637329152,1,1,3079467776 pos=-51234.47,1555.93,2851.09
[07:13:07.316] [JOIN] INFO: KenshiCoop: test duration elapsed; exiting
