[08:40:22.860] [HOST] INFO: log opened
[08:40:22.860] [HOST] INFO: KenshiCoop loaded! (clean rebuild)
[08:40:22.860] [HOST] INFO: KenshiCoop: build Jun 20 2026 08:36:33
[08:40:22.860] [HOST] INFO: KenshiCoop: role=HOST proto=v11 port=27800 save='c'
[08:40:22.907] [HOST] INFO: KenshiCoop: ownership ranks = {0} (bidirectional presence)
[08:40:22.953] [HOST] INFO: KenshiCoop: auto-load armed for save 'c'
[08:40:22.953] [HOST] INFO: KenshiCoop: test mode - self-exit 48 s after gameplay starts
[08:40:22.953] [HOST] INFO: KenshiCoop: scenario armed 'spike'
[08:40:22.953] [HOST] INFO: KenshiCoop: starting as HOST
[08:40:22.954] [HOST] INFO: [net] hosting
[08:40:29.584] [HOST] INFO: KenshiCoop: auto-load issued for save 'c' (after 5000 ms settle)
[08:40:33.988] [HOST] INFO: [net] peer connecting (awaiting HELLO)
[08:40:33.988] [HOST] INFO: [net] peer connected id=1 (proto v11)
[08:40:34.133] [HOST] INFO: handshake: peer present id=1 (local id=0)
[08:40:42.298] [HOST] INFO: KenshiCoop: gameplay started
[08:40:42.298] [HOST] INFO: SCENARIO spike start
[08:40:42.298] [HOST] INFO: SPIKE 52 start id=52 host=1 perSide=20
[08:40:42.299] [HOST] INFO: SCENARIO MEMBER hand=1,2637329152,1,1,3079467776 pos=-51234.47,1547.65,2851.09
[08:40:42.299] [HOST] INFO: SPIKE 52 smoke leader hand=1,2637329152,1,1,3079467776 pos=-51234.5,1547.6,2851.1
[08:40:42.308] [HOST] INFO: SCENARIO MEMBER hand=1,2637329152,1,1,3079467776 pos=-51234.47,1555.93,2851.09
[08:40:42.317] [HOST] INFO: SCENARIO MEMBER hand=1,2637329152,1,1,3079467776 pos=-51234.47,1555.93,2851.09
[08:40:42.363] [HOST] INFO: [taskkey] key=119 desc='Shopping' repro=0 subject=1
[08:40:42.414] [HOST] INFO: [taskkey] key=1 desc='Moving' repro=0 subject=1
[08:40:42.546] [HOST] INFO: [taskkey] key=51 desc='Stand at node' repro=0 subject=1
[08:40:42.819] [HOST] INFO: SCENARIO MEMBER hand=1,2637329152,1,1,3079467776 pos=-51234.47,1555.93,2851.09
[08:40:43.319] [HOST] INFO: SCENARIO MEMBER hand=1,2637329152,1,1,3079467776 pos=-51234.47,1555.93,2851.09
[08:40:43.546] [HOST] INFO: [taskkey] key=87 desc='Operating machine' repro=1 subject=1
[08:40:43.546] [HOST] INFO: [seatres] HOST task=87 npc=1,3996215808 subj=514,2909912064 ok=1 npcpos=-51198.9,2664.5 subjpos=-51206.5,2659.7 d=9.0
[08:40:43.818] [HOST] INFO: SCENARIO MEMBER hand=1,2637329152,1,1,3079467776 pos=-51234.47,1555.93,2851.09
[08:40:43.818] [HOST] INFO: SETUP: faction scan found 52 loaded NPC(s) within 6000u
[08:40:43.818] [HOST] INFO: SETUP(battle): using nearby non-player faction (peaceful base)
[08:40:43.825] [HOST] INFO: SETUP(battle): perSide=20 red=20 blue=20 orders=40
[08:40:43.825] [HOST] INFO: SPIKE 52 fps battle spawned perSide=20 total=40
[08:40:43.830] [HOST] INFO: [taskkey] key=6 desc='Equipping weapon' repro=0 subject=1
[08:40:43.841] [HOST] INFO: [taskkey] key=61 desc='Attacking target unprovoked' repro=0 subject=1
[08:40:44.319] [HOST] INFO: SCENARIO MEMBER hand=1,2637329152,1,1,3079467776 pos=-51234.77,1556.56,2847.27
[08:40:44.522] [HOST] INFO: [taskkey] key=4 desc='Attacking' repro=0 subject=1
[08:40:44.822] [HOST] INFO: SCENARIO MEMBER hand=1,2637329152,1,1,3079467776 pos=-51237.96,1556.51,2847.92
[08:40:44.822] [HOST] INFO: SPIKE 52 fps perSide=20 t=2515 frames=70 dt=1.00 fps=70.0 alive=40 fighting=40 warmup
[08:40:45.316] [HOST] INFO: SCENARIO MEMBER hand=1,2637329152,1,1,3079467776 pos=-51239.61,1555.68,2853.09
[08:40:45.817] [HOST] INFO: SCENARIO MEMBER hand=1,2637329152,1,1,3079467776 pos=-51236.88,1555.89,2851.55
[08:40:45.817] [HOST] INFO: SPIKE 52 fps perSide=20 t=3515 frames=84 dt=1.00 fps=84.0 alive=40 fighting=40 warmup
[08:40:46.316] [HOST] INFO: SCENARIO MEMBER hand=1,2637329152,1,1,3079467776 pos=-51236.72,1555.90,2851.46
[08:40:46.816] [HOST] INFO: SCENARIO MEMBER hand=1,2637329152,1,1,3079467776 pos=-51236.64,1555.91,2851.41
[08:40:46.816] [HOST] INFO: SPIKE 52 fps perSide=20 t=4515 frames=104 dt=1.00 fps=104.0 alive=40 fighting=40 BAND
[08:40:47.317] [HOST] INFO: SCENARIO MEMBER hand=1,2637329152,1,1,3079467776 pos=-51237.02,1556.02,2850.75
[08:40:47.817] [HOST] INFO: SCENARIO MEMBER hand=1,2637329152,1,1,3079467776 pos=-51237.02,1556.02,2850.75
[08:40:47.817] [HOST] INFO: SPIKE 52 fps perSide=20 t=5515 frames=87 dt=1.00 fps=87.0 alive=40 fighting=40 BAND
[08:40:48.316] [HOST] INFO: SCENARIO MEMBER hand=1,2637329152,1,1,3079467776 pos=-51237.02,1556.02,2850.75
[08:40:48.817] [HOST] INFO: SCENARIO MEMBER hand=1,2637329152,1,1,3079467776 pos=-51237.02,1556.02,2850.75
[08:40:48.817] [HOST] INFO: SPIKE 52 fps perSide=20 t=6515 frames=105 dt=1.00 fps=105.0 alive=40 fighting=40 BAND
[08:40:49.320] [HOST] INFO: SCENARIO MEMBER hand=1,2637329152,1,1,3079467776 pos=-51234.84,1555.89,2851.41
[08:40:49.820] [HOST] INFO: SCENARIO MEMBER hand=1,2637329152,1,1,3079467776 pos=-51234.84,1555.89,2851.41
[08:40:49.820] [HOST] INFO: SPIKE 52 fps perSide=20 t=7515 frames=104 dt=1.00 fps=104.0 alive=40 fighting=40 BAND
[08:40:50.315] [HOST] INFO: SCENARIO MEMBER hand=1,2637329152,1,1,3079467776 pos=-51234.84,1555.89,2851.41
[08:40:50.817] [HOST] INFO: SCENARIO MEMBER hand=1,2637329152,1,1,3079467776 pos=-51234.84,1555.89,2851.41
[08:40:50.817] [HOST] INFO: SPIKE 52 fps perSide=20 t=8515 frames=101 dt=1.00 fps=101.0 alive=40 fighting=40 BAND
[08:40:51.315] [HOST] INFO: SCENARIO MEMBER hand=1,2637329152,1,1,3079467776 pos=-51237.27,1556.23,2849.54
[08:40:51.786] [HOST] INFO: [taskkey] key=141 desc='Following leader' repro=0 subject=1
[08:40:51.818] [HOST] INFO: SCENARIO MEMBER hand=1,2637329152,1,1,3079467776 pos=-51238.41,1556.48,2848.11
[08:40:51.818] [HOST] INFO: SPIKE 52 fps perSide=20 t=9515 frames=98 dt=1.00 fps=98.0 alive=40 fighting=40 BAND
[08:40:52.317] [HOST] INFO: SCENARIO MEMBER hand=1,2637329152,1,1,3079467776 pos=-51238.00,1556.45,2848.29
[08:40:52.628] [HOST] INFO: [taskkey] key=22 desc='Patrolling' repro=0 subject=0
[08:40:52.820] [HOST] INFO: SCENARIO MEMBER hand=1,2637329152,1,1,3079467776 pos=-51237.82,1556.43,2848.37
[08:40:52.820] [HOST] INFO: SPIKE 52 fps perSide=20 t=10515 frames=99 dt=1.00 fps=99.0 alive=40 fighting=40 BAND
[08:40:53.318] [HOST] INFO: SCENARIO MEMBER hand=1,2637329152,1,1,3079467776 pos=-51237.82,1556.43,2848.37
[08:40:53.815] [HOST] INFO: SCENARIO MEMBER hand=1,2637329152,1,1,3079467776 pos=-51237.82,1556.43,2848.37
[08:40:53.815] [HOST] INFO: SPIKE 52 fps perSide=20 t=11515 frames=101 dt=1.00 fps=101.0 alive=40 fighting=40 BAND
[08:40:54.314] [HOST] INFO: SCENARIO MEMBER hand=1,2637329152,1,1,3079467776 pos=-51237.82,1556.43,2848.37
[08:40:54.817] [HOST] INFO: SCENARIO MEMBER hand=1,2637329152,1,1,3079467776 pos=-51237.09,1556.40,2848.50
[08:40:54.817] [HOST] INFO: SPIKE 52 fps perSide=20 t=12515 frames=97 dt=1.00 fps=97.0 alive=40 fighting=40 BAND
[08:40:55.323] [HOST] INFO: SCENARIO MEMBER hand=1,2637329152,1,1,3079467776 pos=-51236.79,1556.38,2848.56
[08:40:55.815] [HOST] INFO: SCENARIO MEMBER hand=1,2637329152,1,1,3079467776 pos=-51236.79,1556.38,2848.56
[08:40:55.815] [HOST] INFO: SPIKE 52 fps perSide=20 t=13515 frames=73 dt=1.00 fps=73.0 alive=40 fighting=40 BAND
[08:40:56.319] [HOST] INFO: SCENARIO MEMBER hand=1,2637329152,1,1,3079467776 pos=-51236.79,1556.38,2848.56
[08:40:56.817] [HOST] INFO: SCENARIO MEMBER hand=1,2637329152,1,1,3079467776 pos=-51236.79,1556.38,2848.56
[08:40:56.817] [HOST] INFO: SPIKE 52 fps perSide=20 t=14515 frames=93 dt=1.00 fps=93.0 alive=40 fighting=40 BAND
[08:40:57.318] [HOST] INFO: SCENARIO MEMBER hand=1,2637329152,1,1,3079467776 pos=-51236.79,1556.38,2848.56
[08:40:57.817] [HOST] INFO: SCENARIO MEMBER hand=1,2637329152,1,1,3079467776 pos=-51236.79,1556.38,2848.56
[08:40:57.817] [HOST] INFO: SPIKE 52 fps perSide=20 t=15515 frames=105 dt=1.00 fps=105.0 alive=40 fighting=40 BAND
[08:40:58.322] [HOST] INFO: SCENARIO MEMBER hand=1,2637329152,1,1,3079467776 pos=-51236.79,1556.38,2848.56
[08:40:58.822] [HOST] INFO: SCENARIO MEMBER hand=1,2637329152,1,1,3079467776 pos=-51236.79,1556.38,2848.56
[08:40:58.822] [HOST] INFO: SPIKE 52 fps perSide=20 t=16515 frames=103 dt=1.00 fps=103.0 alive=40 fighting=40 BAND
[08:40:59.325] [HOST] INFO: SCENARIO MEMBER hand=1,2637329152,1,1,3079467776 pos=-51236.79,1556.38,2848.56
[08:40:59.817] [HOST] INFO: SCENARIO MEMBER hand=1,2637329152,1,1,3079467776 pos=-51236.79,1556.38,2848.56
[08:40:59.817] [HOST] INFO: SPIKE 52 fps perSide=20 t=17515 frames=103 dt=1.00 fps=103.0 alive=40 fighting=40 BAND
[08:41:00.316] [HOST] INFO: SCENARIO MEMBER hand=1,2637329152,1,1,3079467776 pos=-51236.79,1556.38,2848.56
[08:41:00.814] [HOST] INFO: SCENARIO MEMBER hand=1,2637329152,1,1,3079467776 pos=-51236.79,1556.38,2848.56
[08:41:00.814] [HOST] INFO: SPIKE 52 fps perSide=20 t=18515 frames=101 dt=1.00 fps=101.0 alive=40 fighting=40 BAND
[08:41:01.320] [HOST] INFO: SCENARIO MEMBER hand=1,2637329152,1,1,3079467776 pos=-51236.79,1556.38,2848.56
[08:41:02.510] [HOST] INFO: SCENARIO MEMBER hand=1,2637329152,1,1,3079467776 pos=-51236.79,1556.38,2848.56
[08:41:02.510] [HOST] INFO: SPIKE 52 fps perSide=20 t=20203 frames=85 dt=1.69 fps=50.4 alive=40 fighting=40 BAND
[08:41:02.773] [HOST] INFO: [event] SEND id=1 ev=1 hand=1,20,1520873984,1,1961303680 actor=3,3090698240 bs 0->1
[08:41:03.007] [HOST] INFO: SCENARIO MEMBER hand=1,2637329152,1,1,3079467776 pos=-51236.79,1556.38,2848.56
[08:41:03.513] [HOST] INFO: SCENARIO MEMBER hand=1,2637329152,1,1,3079467776 pos=-51236.79,1556.38,2848.56
[08:41:03.513] [HOST] INFO: SPIKE 52 fps perSide=20 t=21203 frames=66 dt=1.00 fps=66.0 alive=40 fighting=38 BAND
[08:41:04.011] [HOST] INFO: SCENARIO MEMBER hand=1,2637329152,1,1,3079467776 pos=-51236.79,1556.38,2848.56
[08:41:04.227] [HOST] INFO: [event] SEND id=2 ev=1 hand=1,22,2372070400,1,3304443392 actor=3,3090698240 bs 0->1
[08:41:04.720] [HOST] INFO: SCENARIO MEMBER hand=1,2637329152,1,1,3079467776 pos=-51236.79,1556.38,2848.56
[08:41:04.720] [HOST] INFO: SPIKE 52 fps perSide=20 t=22406 frames=57 dt=1.20 fps=47.4 alive=40 fighting=38 BAND
[08:41:05.210] [HOST] INFO: SCENARIO MEMBER hand=1,2637329152,1,1,3079467776 pos=-51236.79,1556.38,2848.56
[08:41:05.764] [HOST] INFO: SCENARIO MEMBER hand=1,2637329152,1,1,3079467776 pos=-51236.79,1556.38,2848.56
[08:41:05.764] [HOST] INFO: SPIKE 52 fps perSide=20 t=23453 frames=56 dt=1.05 fps=53.5 alive=40 fighting=38 BAND
[08:41:06.254] [HOST] INFO: SCENARIO MEMBER hand=1,2637329152,1,1,3079467776 pos=-51236.79,1556.38,2848.56
[08:41:06.808] [HOST] INFO: SCENARIO MEMBER hand=1,2637329152,1,1,3079467776 pos=-51236.79,1556.38,2848.56
[08:41:06.808] [HOST] INFO: SPIKE 52 fps perSide=20 t=24500 frames=59 dt=1.05 fps=56.4 alive=40 fighting=38 BAND
[08:41:07.304] [HOST] INFO: SCENARIO MEMBER hand=1,2637329152,1,1,3079467776 pos=-51236.79,1556.38,2848.56
[08:41:07.836] [HOST] INFO: SCENARIO MEMBER hand=1,2637329152,1,1,3079467776 pos=-51236.79,1556.38,2848.56
[08:41:07.836] [HOST] INFO: SPIKE 52 fps perSide=20 t=25531 frames=57 dt=1.03 fps=55.3 alive=40 fighting=38 BAND
[08:41:08.385] [HOST] INFO: SCENARIO MEMBER hand=1,2637329152,1,1,3079467776 pos=-51236.79,1556.38,2848.56
[08:41:08.883] [HOST] INFO: SCENARIO MEMBER hand=1,2637329152,1,1,3079467776 pos=-51236.79,1556.38,2848.56
[08:41:08.883] [HOST] INFO: SPIKE 52 fps perSide=20 t=26578 frames=59 dt=1.05 fps=56.4 alive=40 fighting=38 BAND
[08:41:09.407] [HOST] INFO: SCENARIO MEMBER hand=1,2637329152,1,1,3079467776 pos=-51236.79,1556.38,2848.56
[08:41:09.902] [HOST] INFO: SCENARIO MEMBER hand=1,2637329152,1,1,3079467776 pos=-51236.79,1556.38,2848.56
[08:41:09.902] [HOST] INFO: SPIKE 52 fps perSide=20 t=27594 frames=56 dt=1.02 fps=55.1 alive=40 fighting=38 BAND
[08:41:10.434] [HOST] INFO: [event] SEND id=3 ev=1 hand=1,28,716796864,1,2961914112 actor=2,2703369216 bs 0->1
[08:41:10.436] [HOST] INFO: SCENARIO MEMBER hand=1,2637329152,1,1,3079467776 pos=-51236.79,1556.38,2848.56
[08:41:10.983] [HOST] INFO: SCENARIO MEMBER hand=1,2637329152,1,1,3079467776 pos=-51236.79,1556.38,2848.56
[08:41:10.983] [HOST] INFO: SPIKE 52 fps perSide=20 t=28672 frames=13 dt=1.08 fps=12.1 alive=40 fighting=37 BAND
[08:41:11.475] [HOST] INFO: SCENARIO MEMBER hand=1,2637329152,1,1,3079467776 pos=-51236.79,1556.38,2848.56
[08:41:11.974] [HOST] INFO: SCENARIO MEMBER hand=1,2637329152,1,1,3079467776 pos=-51236.79,1556.38,2848.56
[08:41:11.975] [HOST] INFO: SPIKE 52 fps perSide=20 t=29672 frames=98 dt=1.00 fps=98.0 alive=40 fighting=36 BAND
[08:41:12.864] [HOST] INFO: SCENARIO MEMBER hand=1,2637329152,1,1,3079467776 pos=-51236.79,1556.38,2848.56
[08:41:13.202] [HOST] INFO: [event] SEND id=4 ev=1 hand=1,45,2851440384,1,2024780288 actor=1,2590331904 bs 0->1
[08:41:13.211] [HOST] INFO: [taskkey] key=240 desc='Capture Target' repro=0 subject=1
[08:41:13.363] [HOST] INFO: SCENARIO MEMBER hand=1,2637329152,1,1,3079467776 pos=-51236.79,1556.38,2848.56
[08:41:13.363] [HOST] INFO: SPIKE 52 fps perSide=20 t=31062 frames=90 dt=1.39 fps=64.7 alive=40 fighting=34 BAND
[08:41:13.889] [HOST] INFO: SCENARIO MEMBER hand=1,2637329152,1,1,3079467776 pos=-51236.79,1556.38,2848.56
[08:41:14.433] [HOST] INFO: SCENARIO MEMBER hand=1,2637329152,1,1,3079467776 pos=-51236.79,1556.38,2848.56
[08:41:14.434] [HOST] INFO: SPIKE 52 fps perSide=20 t=32125 frames=12 dt=1.06 fps=11.3 alive=40 fighting=34 BAND
[08:41:14.998] [HOST] INFO: SCENARIO MEMBER hand=1,2637329152,1,1,3079467776 pos=-51236.79,1556.38,2848.56
[08:41:15.177] [HOST] INFO: [taskkey] key=224 desc='Intruder out' repro=0 subject=0
[08:41:15.492] [HOST] INFO: SCENARIO MEMBER hand=1,2637329152,1,1,3079467776 pos=-51236.79,1556.38,2848.56
[08:41:15.492] [HOST] INFO: SPIKE 52 fps perSide=20 t=33187 frames=65 dt=1.06 fps=61.2 alive=40 fighting=35 BAND
[08:41:16.024] [HOST] INFO: SCENARIO MEMBER hand=1,2637329152,1,1,3079467776 pos=-51236.79,1556.38,2848.56
[08:41:16.572] [HOST] INFO: SCENARIO MEMBER hand=1,2637329152,1,1,3079467776 pos=-51236.79,1556.38,2848.56
[08:41:16.573] [HOST] INFO: SPIKE 52 fps perSide=20 t=34265 frames=10 dt=1.08 fps=9.3 alive=40 fighting=35 BAND
[08:41:17.072] [HOST] INFO: SCENARIO MEMBER hand=1,2637329152,1,1,3079467776 pos=-51236.79,1556.38,2848.56
[08:41:17.613] [HOST] INFO: SCENARIO MEMBER hand=1,2637329152,1,1,3079467776 pos=-51236.79,1556.38,2848.56
[08:41:17.613] [HOST] INFO: SPIKE 52 fps perSide=20 t=35312 frames=63 dt=1.05 fps=60.2 alive=40 fighting=36 BAND
[08:41:18.119] [HOST] INFO: SCENARIO MEMBER hand=1,2637329152,1,1,3079467776 pos=-51236.79,1556.38,2848.56
[08:41:18.652] [HOST] INFO: SCENARIO MEMBER hand=1,2637329152,1,1,3079467776 pos=-51236.79,1556.38,2848.56
[08:41:18.652] [HOST] INFO: SPIKE 52 fps perSide=20 t=36344 frames=64 dt=1.03 fps=62.0 alive=40 fighting=36 BAND
[08:41:19.144] [HOST] INFO: SCENARIO MEMBER hand=1,2637329152,1,1,3079467776 pos=-51236.79,1556.38,2848.56
[08:41:19.678] [HOST] INFO: SCENARIO MEMBER hand=1,2637329152,1,1,3079467776 pos=-51236.79,1556.38,2848.56
[08:41:19.678] [HOST] INFO: SPIKE 52 fps perSide=20 t=37375 frames=64 dt=1.03 fps=62.1 alive=40 fighting=35 BAND
[08:41:19.678] [HOST] INFO: SPIKE 52 fps-summary perSide=20 total=40 samples=32 avgFps=73.6 minFps=9.3
[08:41:20.254] [HOST] INFO: SCENARIO MEMBER hand=1,2637329152,1,1,3079467776 pos=-51236.79,1556.38,2848.56
[08:41:20.299] [HOST] INFO: SCENARIO RESULT PASS
