[08:41:38.768] [HOST] INFO: log opened
[08:41:38.768] [HOST] INFO: KenshiCoop loaded! (clean rebuild)
[08:41:38.768] [HOST] INFO: KenshiCoop: build Jun 20 2026 08:36:33
[08:41:38.768] [HOST] INFO: KenshiCoop: role=HOST proto=v11 port=27800 save='c'
[08:41:38.810] [HOST] INFO: KenshiCoop: ownership ranks = {0} (bidirectional presence)
[08:41:38.850] [HOST] INFO: KenshiCoop: auto-load armed for save 'c'
[08:41:38.850] [HOST] INFO: KenshiCoop: test mode - self-exit 48 s after gameplay starts
[08:41:38.850] [HOST] INFO: KenshiCoop: scenario armed 'spike'
[08:41:38.850] [HOST] INFO: KenshiCoop: starting as HOST
[08:41:38.851] [HOST] INFO: [net] hosting
[08:41:45.575] [HOST] INFO: KenshiCoop: auto-load issued for save 'c' (after 5000 ms settle)
[08:41:49.806] [HOST] INFO: [net] peer connecting (awaiting HELLO)
[08:41:49.807] [HOST] INFO: [net] peer connected id=1 (proto v11)
[08:41:49.828] [HOST] INFO: handshake: peer present id=1 (local id=0)
[08:41:57.270] [HOST] INFO: KenshiCoop: gameplay started
[08:41:57.270] [HOST] INFO: SCENARIO spike start
[08:41:57.270] [HOST] INFO: SPIKE 52 start id=52 host=1 perSide=40
[08:41:57.271] [HOST] INFO: SCENARIO MEMBER hand=1,2637329152,1,1,3079467776 pos=-51234.47,1547.65,2851.09
[08:41:57.271] [HOST] INFO: SPIKE 52 smoke leader hand=1,2637329152,1,1,3079467776 pos=-51234.5,1547.6,2851.1
[08:41:57.278] [HOST] INFO: SCENARIO MEMBER hand=1,2637329152,1,1,3079467776 pos=-51234.47,1555.93,2851.09
[08:41:57.287] [HOST] INFO: SCENARIO MEMBER hand=1,2637329152,1,1,3079467776 pos=-51234.47,1555.93,2851.09
[08:41:57.313] [HOST] INFO: [taskkey] key=87 desc='Operating machine' repro=1 subject=1
[08:41:57.313] [HOST] INFO: [seatres] HOST task=87 npc=1,1723144576 subj=514,2909912064 ok=1 npcpos=-51206.5,2659.7 subjpos=-51206.5,2659.7 d=0.0
[08:41:57.369] [HOST] INFO: [taskkey] key=51 desc='Stand at node' repro=0 subject=1
[08:41:57.380] [HOST] INFO: [taskkey] key=1 desc='Moving' repro=0 subject=1
[08:41:57.787] [HOST] INFO: SCENARIO MEMBER hand=1,2637329152,1,1,3079467776 pos=-51234.47,1555.93,2851.09
[08:41:58.285] [HOST] INFO: SCENARIO MEMBER hand=1,2637329152,1,1,3079467776 pos=-51234.47,1555.93,2851.09
[08:41:58.787] [HOST] INFO: SCENARIO MEMBER hand=1,2637329152,1,1,3079467776 pos=-51234.47,1555.93,2851.09
[08:41:58.787] [HOST] INFO: SETUP: faction scan found 52 loaded NPC(s) within 6000u
[08:41:58.787] [HOST] INFO: SETUP(battle): using nearby non-player faction (peaceful base)
[08:41:58.799] [HOST] INFO: SETUP(battle): perSide=40 red=40 blue=40 orders=80
[08:41:58.799] [HOST] INFO: SPIKE 52 fps battle spawned perSide=40 total=80
[08:41:58.805] [HOST] INFO: [taskkey] key=6 desc='Equipping weapon' repro=0 subject=1
[08:41:58.844] [HOST] INFO: [taskkey] key=61 desc='Attacking target unprovoked' repro=0 subject=1
[08:41:59.179] [HOST] INFO: [taskkey] key=4 desc='Attacking' repro=0 subject=1
[08:41:59.296] [HOST] INFO: SCENARIO MEMBER hand=1,2637329152,1,1,3079467776 pos=-51240.89,1557.27,2843.30
[08:41:59.788] [HOST] INFO: SCENARIO MEMBER hand=1,2637329152,1,1,3079467776 pos=-51244.32,1557.55,2841.05
[08:41:59.788] [HOST] INFO: SPIKE 52 fps perSide=40 t=2515 frames=51 dt=1.00 fps=51.0 alive=80 fighting=80 warmup
[08:42:00.287] [HOST] INFO: SCENARIO MEMBER hand=1,2637329152,1,1,3079467776 pos=-51245.16,1556.96,2845.92
[08:42:00.786] [HOST] INFO: SCENARIO MEMBER hand=1,2637329152,1,1,3079467776 pos=-51246.92,1556.97,2846.80
[08:42:00.786] [HOST] INFO: SPIKE 52 fps perSide=40 t=3515 frames=66 dt=1.00 fps=66.0 alive=80 fighting=80 warmup
[08:42:01.286] [HOST] INFO: SCENARIO MEMBER hand=1,2637329152,1,1,3079467776 pos=-51242.78,1556.36,2849.27
[08:42:01.784] [HOST] INFO: SCENARIO MEMBER hand=1,2637329152,1,1,3079467776 pos=-51241.99,1556.84,2846.34
[08:42:01.784] [HOST] INFO: SPIKE 52 fps perSide=40 t=4515 frames=80 dt=1.00 fps=80.0 alive=80 fighting=80 BAND
[08:42:02.287] [HOST] INFO: SCENARIO MEMBER hand=1,2637329152,1,1,3079467776 pos=-51241.92,1557.08,2844.87
[08:42:02.788] [HOST] INFO: SCENARIO MEMBER hand=1,2637329152,1,1,3079467776 pos=-51245.84,1557.65,2840.89
[08:42:02.788] [HOST] INFO: SPIKE 52 fps perSide=40 t=5515 frames=72 dt=1.00 fps=72.0 alive=80 fighting=80 BAND
[08:42:03.288] [HOST] INFO: SCENARIO MEMBER hand=1,2637329152,1,1,3079467776 pos=-51246.99,1558.39,2835.59
[08:42:03.793] [HOST] INFO: SCENARIO MEMBER hand=1,2637329152,1,1,3079467776 pos=-51248.63,1558.51,2836.16
[08:42:03.793] [HOST] INFO: SPIKE 52 fps perSide=40 t=6515 frames=90 dt=1.00 fps=90.0 alive=80 fighting=80 BAND
[08:42:04.284] [HOST] INFO: SCENARIO MEMBER hand=1,2637329152,1,1,3079467776 pos=-51248.48,1558.50,2836.09
[08:42:04.792] [HOST] INFO: SCENARIO MEMBER hand=1,2637329152,1,1,3079467776 pos=-51248.48,1558.50,2836.09
[08:42:04.792] [HOST] INFO: SPIKE 52 fps perSide=40 t=7515 frames=91 dt=1.00 fps=91.0 alive=80 fighting=80 BAND
[08:42:05.284] [HOST] INFO: SCENARIO MEMBER hand=1,2637329152,1,1,3079467776 pos=-51248.48,1558.50,2836.09
[08:42:05.792] [HOST] INFO: SCENARIO MEMBER hand=1,2637329152,1,1,3079467776 pos=-51246.66,1558.14,2837.42
[08:42:05.792] [HOST] INFO: SPIKE 52 fps perSide=40 t=8515 frames=89 dt=1.00 fps=89.0 alive=80 fighting=80 BAND
[08:42:06.293] [HOST] INFO: SCENARIO MEMBER hand=1,2637329152,1,1,3079467776 pos=-51245.31,1557.73,2839.98
[08:42:06.787] [HOST] INFO: SCENARIO MEMBER hand=1,2637329152,1,1,3079467776 pos=-51245.31,1557.71,2840.11
[08:42:06.787] [HOST] INFO: SPIKE 52 fps perSide=40 t=9515 frames=87 dt=1.00 fps=87.0 alive=80 fighting=80 BAND
[08:42:07.031] [HOST] INFO: [taskkey] key=210 desc='Investigating' repro=0 subject=0
[08:42:07.290] [HOST] INFO: SCENARIO MEMBER hand=1,2637329152,1,1,3079467776 pos=-51244.19,1557.94,2837.62
[08:42:07.790] [HOST] INFO: SCENARIO MEMBER hand=1,2637329152,1,1,3079467776 pos=-51244.19,1557.94,2837.62
[08:42:07.790] [HOST] INFO: SPIKE 52 fps perSide=40 t=10515 frames=90 dt=1.00 fps=90.0 alive=80 fighting=80 BAND
[08:42:08.288] [HOST] INFO: SCENARIO MEMBER hand=1,2637329152,1,1,3079467776 pos=-51244.19,1557.94,2837.62
[08:42:08.788] [HOST] INFO: SCENARIO MEMBER hand=1,2637329152,1,1,3079467776 pos=-51244.19,1557.94,2837.62
[08:42:08.788] [HOST] INFO: SPIKE 52 fps perSide=40 t=11515 frames=91 dt=1.00 fps=91.0 alive=80 fighting=80 BAND
[08:42:09.292] [HOST] INFO: SCENARIO MEMBER hand=1,2637329152,1,1,3079467776 pos=-51242.52,1557.63,2839.61
[08:42:09.791] [HOST] INFO: SCENARIO MEMBER hand=1,2637329152,1,1,3079467776 pos=-51240.45,1557.38,2841.88
[08:42:09.791] [HOST] INFO: SPIKE 52 fps perSide=40 t=12515 frames=90 dt=1.00 fps=90.0 alive=80 fighting=80 BAND
[08:42:10.292] [HOST] INFO: SCENARIO MEMBER hand=1,2637329152,1,1,3079467776 pos=-51239.14,1557.30,2842.59
[08:42:10.785] [HOST] INFO: SCENARIO MEMBER hand=1,2637329152,1,1,3079467776 pos=-51238.65,1557.27,2842.79
[08:42:10.785] [HOST] INFO: SPIKE 52 fps perSide=40 t=13515 frames=86 dt=1.00 fps=86.0 alive=80 fighting=80 BAND
[08:42:11.288] [HOST] INFO: SCENARIO MEMBER hand=1,2637329152,1,1,3079467776 pos=-51235.09,1557.14,2843.67
[08:42:11.785] [HOST] INFO: SCENARIO MEMBER hand=1,2637329152,1,1,3079467776 pos=-51234.27,1557.13,2843.60
[08:42:11.785] [HOST] INFO: SPIKE 52 fps perSide=40 t=14515 frames=89 dt=1.00 fps=89.0 alive=80 fighting=80 BAND
[08:42:12.292] [HOST] INFO: SCENARIO MEMBER hand=1,2637329152,1,1,3079467776 pos=-51233.61,1557.14,2843.42
[08:42:12.790] [HOST] INFO: SCENARIO MEMBER hand=1,2637329152,1,1,3079467776 pos=-51233.41,1557.18,2842.82
[08:42:12.790] [HOST] INFO: SPIKE 52 fps perSide=40 t=15515 frames=91 dt=1.00 fps=91.0 alive=80 fighting=80 BAND
[08:42:13.291] [HOST] INFO: SCENARIO MEMBER hand=1,2637329152,1,1,3079467776 pos=-51233.77,1557.24,2842.14
[08:42:13.789] [HOST] INFO: SCENARIO MEMBER hand=1,2637329152,1,1,3079467776 pos=-51234.05,1557.27,2841.87
[08:42:13.789] [HOST] INFO: SPIKE 52 fps perSide=40 t=16515 frames=92 dt=1.00 fps=92.0 alive=80 fighting=80 BAND
[08:42:14.288] [HOST] INFO: SCENARIO MEMBER hand=1,2637329152,1,1,3079467776 pos=-51234.09,1557.28,2841.80
[08:42:14.791] [HOST] INFO: SCENARIO MEMBER hand=1,2637329152,1,1,3079467776 pos=-51234.09,1557.28,2841.80
[08:42:14.791] [HOST] INFO: SPIKE 52 fps perSide=40 t=17515 frames=92 dt=1.00 fps=92.0 alive=80 fighting=80 BAND
[08:42:15.292] [HOST] INFO: SCENARIO MEMBER hand=1,2637329152,1,1,3079467776 pos=-51234.09,1557.28,2841.80
[08:42:15.792] [HOST] INFO: SCENARIO MEMBER hand=1,2637329152,1,1,3079467776 pos=-51234.09,1557.28,2841.80
[08:42:15.792] [HOST] INFO: SPIKE 52 fps perSide=40 t=18515 frames=91 dt=1.00 fps=91.0 alive=80 fighting=80 BAND
[08:42:16.293] [HOST] INFO: SCENARIO MEMBER hand=1,2637329152,1,1,3079467776 pos=-51234.09,1557.28,2841.80
[08:42:16.788] [HOST] INFO: SCENARIO MEMBER hand=1,2637329152,1,1,3079467776 pos=-51234.09,1557.28,2841.80
[08:42:16.788] [HOST] INFO: SPIKE 52 fps perSide=40 t=19515 frames=90 dt=1.00 fps=90.0 alive=80 fighting=80 BAND
[08:42:17.290] [HOST] INFO: SCENARIO MEMBER hand=1,2637329152,1,1,3079467776 pos=-51235.43,1557.35,2841.22
[08:42:17.505] [HOST] INFO: [event] SEND id=1 ev=1 hand=1,57,622680640,1,3884643584 actor=1,2576660224 bs 0->1
[08:42:18.572] [HOST] INFO: SCENARIO MEMBER hand=1,2637329152,1,1,3079467776 pos=-51235.58,1557.36,2841.11
[08:42:18.572] [HOST] INFO: SPIKE 52 fps perSide=40 t=21296 frames=78 dt=1.78 fps=43.8 alive=80 fighting=78 BAND
[08:42:19.445] [HOST] INFO: SCENARIO MEMBER hand=1,2637329152,1,1,3079467776 pos=-51235.84,1557.38,2840.94
[08:42:19.866] [HOST] INFO: [event] SEND id=2 ev=1 hand=1,23,2180419840,1,402343744 actor=5,1919189504 bs 0->1
[08:42:19.941] [HOST] INFO: SCENARIO MEMBER hand=1,2637329152,1,1,3079467776 pos=-51238.00,1557.42,2840.85
[08:42:19.941] [HOST] INFO: SPIKE 52 fps perSide=40 t=22671 frames=67 dt=1.38 fps=48.7 alive=80 fighting=76 BAND
[08:42:20.443] [HOST] INFO: SCENARIO MEMBER hand=1,2637329152,1,1,3079467776 pos=-51238.19,1557.42,2840.95
[08:42:20.940] [HOST] INFO: SCENARIO MEMBER hand=1,2637329152,1,1,3079467776 pos=-51238.19,1557.42,2840.95
[08:42:20.940] [HOST] INFO: SPIKE 52 fps perSide=40 t=23671 frames=83 dt=1.00 fps=83.0 alive=80 fighting=77 BAND
[08:42:21.550] [HOST] INFO: SCENARIO MEMBER hand=1,2637329152,1,1,3079467776 pos=-51238.19,1557.42,2840.95
[08:42:22.051] [HOST] INFO: SCENARIO MEMBER hand=1,2637329152,1,1,3079467776 pos=-51238.19,1557.42,2840.95
[08:42:22.051] [HOST] INFO: SPIKE 52 fps perSide=40 t=24781 frames=61 dt=1.11 fps=55.0 alive=80 fighting=77 BAND
[08:42:22.566] [HOST] INFO: SCENARIO MEMBER hand=1,2637329152,1,1,3079467776 pos=-51238.19,1557.42,2840.95
[08:42:23.074] [HOST] INFO: SCENARIO MEMBER hand=1,2637329152,1,1,3079467776 pos=-51238.19,1557.42,2840.95
[08:42:23.074] [HOST] INFO: SPIKE 52 fps perSide=40 t=25796 frames=47 dt=1.01 fps=46.3 alive=80 fighting=78 BAND
[08:42:23.596] [HOST] INFO: SCENARIO MEMBER hand=1,2637329152,1,1,3079467776 pos=-51238.19,1557.42,2840.95
[08:42:24.105] [HOST] INFO: SCENARIO MEMBER hand=1,2637329152,1,1,3079467776 pos=-51238.19,1557.42,2840.95
[08:42:24.105] [HOST] INFO: SPIKE 52 fps perSide=40 t=26828 frames=56 dt=1.03 fps=54.3 alive=80 fighting=78 BAND
[08:42:24.625] [HOST] INFO: SCENARIO MEMBER hand=1,2637329152,1,1,3079467776 pos=-51238.19,1557.42,2840.95
[08:42:25.177] [HOST] INFO: SCENARIO MEMBER hand=1,2637329152,1,1,3079467776 pos=-51238.19,1557.42,2840.95
[08:42:25.177] [HOST] INFO: SPIKE 52 fps perSide=40 t=27906 frames=14 dt=1.08 fps=13.0 alive=80 fighting=78 BAND
[08:42:25.680] [HOST] INFO: SCENARIO MEMBER hand=1,2637329152,1,1,3079467776 pos=-51238.18,1557.38,2841.42
[08:42:26.205] [HOST] INFO: SCENARIO MEMBER hand=1,2637329152,1,1,3079467776 pos=-51238.21,1557.36,2841.59
[08:42:26.205] [HOST] INFO: SPIKE 52 fps perSide=40 t=28937 frames=56 dt=1.03 fps=54.3 alive=80 fighting=78 BAND
[08:42:26.711] [HOST] INFO: SCENARIO MEMBER hand=1,2637329152,1,1,3079467776 pos=-51238.21,1557.36,2841.59
[08:42:27.252] [HOST] INFO: SCENARIO MEMBER hand=1,2637329152,1,1,3079467776 pos=-51238.21,1557.36,2841.59
[08:42:27.252] [HOST] INFO: SPIKE 52 fps perSide=40 t=29984 frames=58 dt=1.05 fps=55.4 alive=80 fighting=78 BAND
[08:42:27.812] [HOST] INFO: SCENARIO MEMBER hand=1,2637329152,1,1,3079467776 pos=-51238.21,1557.36,2841.59
[08:42:28.246] [HOST] INFO: [event] SEND id=3 ev=1 hand=1,52,793701184,1,1714721664 actor=3,3090698240 bs 0->1
[08:42:28.300] [HOST] INFO: SCENARIO MEMBER hand=1,2637329152,1,1,3079467776 pos=-51238.21,1557.36,2841.59
[08:42:28.300] [HOST] INFO: SPIKE 52 fps perSide=40 t=31031 frames=59 dt=1.05 fps=56.4 alive=80 fighting=76 BAND
[08:42:28.847] [HOST] INFO: SCENARIO MEMBER hand=1,2637329152,1,1,3079467776 pos=-51238.21,1557.36,2841.59
[08:42:29.355] [HOST] INFO: SCENARIO MEMBER hand=1,2637329152,1,1,3079467776 pos=-51238.21,1557.36,2841.59
[08:42:29.355] [HOST] INFO: SPIKE 52 fps perSide=40 t=32078 frames=58 dt=1.05 fps=55.4 alive=80 fighting=77 BAND
[08:42:29.879] [HOST] INFO: SCENARIO MEMBER hand=1,2637329152,1,1,3079467776 pos=-51238.47,1557.36,2841.65
[08:42:29.946] [HOST] INFO: [event] SEND id=4 ev=1 hand=1,56,3489379840,1,2576660224 actor=2,2703369216 bs 0->1
[08:42:30.380] [HOST] INFO: SCENARIO MEMBER hand=1,2637329152,1,1,3079467776 pos=-51240.80,1557.36,2842.14
[08:42:30.380] [HOST] INFO: SPIKE 52 fps perSide=40 t=33109 frames=57 dt=1.03 fps=55.3 alive=80 fighting=76 BAND
[08:42:30.911] [HOST] INFO: SCENARIO MEMBER hand=1,2637329152,1,1,3079467776 pos=-51240.86,1557.36,2842.15
[08:42:31.410] [HOST] INFO: SCENARIO MEMBER hand=1,2637329152,1,1,3079467776 pos=-51241.49,1557.36,2842.35
[08:42:31.410] [HOST] INFO: SPIKE 52 fps perSide=40 t=34140 frames=58 dt=1.03 fps=56.3 alive=80 fighting=76 BAND
[08:42:31.955] [HOST] INFO: SCENARIO MEMBER hand=1,2637329152,1,1,3079467776 pos=-51241.49,1557.36,2842.35
[08:42:32.391] [HOST] INFO: [seatres] HOST task=87 npc=1,3823120128 subj=508,3130493184 ok=1 npcpos=-51216.0,2608.1 subjpos=-51216.0,2608.1 d=0.0
[08:42:32.391] [HOST] INFO: [seatres] HOST task=87 npc=1,1667968768 subj=510,3452392704 ok=1 npcpos=-51186.3,2629.9 subjpos=-51186.3,2629.9 d=0.0
[08:42:32.391] [HOST] INFO: [seatres] HOST task=87 npc=1,524536128 subj=515,1040527360 ok=1 npcpos=-51208.8,2634.7 subjpos=-51208.8,2634.7 d=0.0
[08:42:32.391] [HOST] INFO: [seatres] HOST task=87 npc=1,3808471552 subj=511,656249984 ok=1 npcpos=-51172.2,2641.8 subjpos=-51172.2,2641.8 d=0.0
[08:42:32.463] [HOST] INFO: SCENARIO MEMBER hand=1,2637329152,1,1,3079467776 pos=-51241.49,1557.36,2842.35
[08:42:32.463] [HOST] INFO: SPIKE 52 fps perSide=40 t=35187 frames=58 dt=1.05 fps=55.4 alive=80 fighting=76 BAND
[08:42:32.984] [HOST] INFO: SCENARIO MEMBER hand=1,2637329152,1,1,3079467776 pos=-51241.49,1557.36,2842.35
[08:42:33.471] [HOST] INFO: SCENARIO MEMBER hand=1,2637329152,1,1,3079467776 pos=-51242.13,1557.37,2842.29
[08:42:33.471] [HOST] INFO: SPIKE 52 fps perSide=40 t=36203 frames=56 dt=1.02 fps=55.1 alive=80 fighting=76 BAND
[08:42:34.014] [HOST] INFO: SCENARIO MEMBER hand=1,2637329152,1,1,3079467776 pos=-51242.61,1557.38,2842.22
[08:42:34.503] [HOST] INFO: SCENARIO MEMBER hand=1,2637329152,1,1,3079467776 pos=-51245.77,1557.65,2840.83
[08:42:34.504] [HOST] INFO: SPIKE 52 fps perSide=40 t=37234 frames=56 dt=1.03 fps=54.3 alive=80 fighting=76 BAND
[08:42:34.504] [HOST] INFO: SPIKE 52 fps-summary perSide=40 total=80 samples=32 avgFps=70.4 minFps=13.0
[08:42:35.005] [HOST] INFO: SCENARIO MEMBER hand=1,2637329152,1,1,3079467776 pos=-51246.18,1557.73,2840.38
[08:42:35.556] [HOST] INFO: SCENARIO MEMBER hand=1,2637329152,1,1,3079467776 pos=-51246.18,1557.73,2840.38
[08:42:35.557] [HOST] INFO: SPIKE 52 fps perSide=40 t=38281 frames=58 dt=1.05 fps=55.4 alive=80 fighting=76 BAND
[08:42:35.557] [HOST] INFO: SCENARIO RESULT PASS
