[08:39:07.095] [HOST] INFO: log opened
[08:39:07.095] [HOST] INFO: KenshiCoop loaded! (clean rebuild)
[08:39:07.095] [HOST] INFO: KenshiCoop: build Jun 20 2026 08:36:33
[08:39:07.095] [HOST] INFO: KenshiCoop: role=HOST proto=v11 port=27800 save='c'
[08:39:07.144] [HOST] INFO: KenshiCoop: ownership ranks = {0} (bidirectional presence)
[08:39:07.192] [HOST] INFO: KenshiCoop: auto-load armed for save 'c'
[08:39:07.192] [HOST] INFO: KenshiCoop: test mode - self-exit 48 s after gameplay starts
[08:39:07.192] [HOST] INFO: KenshiCoop: scenario armed 'spike'
[08:39:07.192] [HOST] INFO: KenshiCoop: starting as HOST
[08:39:07.192] [HOST] INFO: [net] hosting
[08:39:14.094] [HOST] INFO: KenshiCoop: auto-load issued for save 'c' (after 5000 ms settle)
[08:39:18.239] [HOST] INFO: [net] peer connecting (awaiting HELLO)
[08:39:18.239] [HOST] INFO: [net] peer connected id=1 (proto v11)
[08:39:18.590] [HOST] INFO: handshake: peer present id=1 (local id=0)
[08:39:26.499] [HOST] INFO: KenshiCoop: gameplay started
[08:39:26.499] [HOST] INFO: SCENARIO spike start
[08:39:26.499] [HOST] INFO: SPIKE 52 start id=52 host=1 perSide=10
[08:39:26.500] [HOST] INFO: SCENARIO MEMBER hand=1,2637329152,1,1,3079467776 pos=-51234.47,1547.65,2851.09
[08:39:26.501] [HOST] INFO: SPIKE 52 smoke leader hand=1,2637329152,1,1,3079467776 pos=-51234.5,1547.6,2851.1
[08:39:26.508] [HOST] INFO: SCENARIO MEMBER hand=1,2637329152,1,1,3079467776 pos=-51234.47,1547.65,2851.09
[08:39:26.541] [HOST] INFO: [taskkey] key=87 desc='Operating machine' repro=1 subject=1
[08:39:26.541] [HOST] INFO: [seatres] HOST task=87 npc=1,1723144576 subj=514,2909912064 ok=1 npcpos=-51206.5,2659.7 subjpos=-51206.5,2659.7 d=0.0
[08:39:26.609] [HOST] INFO: [taskkey] key=1 desc='Moving' repro=0 subject=1
[08:39:26.634] [HOST] INFO: [taskkey] key=51 desc='Stand at node' repro=0 subject=1
[08:39:27.005] [HOST] INFO: SCENARIO MEMBER hand=1,2637329152,1,1,3079467776 pos=-51234.47,1555.93,2851.09
[08:39:27.502] [HOST] INFO: SCENARIO MEMBER hand=1,2637329152,1,1,3079467776 pos=-51234.47,1555.93,2851.09
[08:39:27.794] [HOST] INFO: [seatres] HOST task=87 npc=1,3996215808 subj=513,1109374976 ok=1 npcpos=-51198.0,2664.4 subjpos=-51194.2,2657.7 d=7.7
[08:39:28.003] [HOST] INFO: SCENARIO MEMBER hand=1,2637329152,1,1,3079467776 pos=-51234.47,1555.93,2851.09
[08:39:28.003] [HOST] INFO: SETUP: faction scan found 52 loaded NPC(s) within 6000u
[08:39:28.003] [HOST] INFO: SETUP(battle): using nearby non-player faction (peaceful base)
[08:39:28.008] [HOST] INFO: SETUP(battle): perSide=10 red=10 blue=10 orders=20
[08:39:28.008] [HOST] INFO: SPIKE 52 fps battle spawned perSide=10 total=20
[08:39:28.014] [HOST] INFO: [taskkey] key=6 desc='Equipping weapon' repro=0 subject=1
[08:39:28.076] [HOST] INFO: [taskkey] key=61 desc='Attacking target unprovoked' repro=0 subject=1
[08:39:28.340] [HOST] INFO: [taskkey] key=36 desc='Patrolling town' repro=0 subject=0
[08:39:28.359] [HOST] INFO: [taskkey] key=4 desc='Attacking' repro=0 subject=1
[08:39:28.503] [HOST] INFO: SCENARIO MEMBER hand=1,2637329152,1,1,3079467776 pos=-51246.64,1557.26,2844.78
[08:39:29.012] [HOST] INFO: SCENARIO MEMBER hand=1,2637329152,1,1,3079467776 pos=-51247.73,1557.38,2844.89
[08:39:29.013] [HOST] INFO: SPIKE 52 fps perSide=10 t=2516 frames=85 dt=1.00 fps=85.0 alive=20 fighting=20 warmup
[08:39:29.502] [HOST] INFO: SCENARIO MEMBER hand=1,2637329152,1,1,3079467776 pos=-51250.43,1557.78,2844.25
[08:39:30.008] [HOST] INFO: SCENARIO MEMBER hand=1,2637329152,1,1,3079467776 pos=-51251.01,1557.79,2844.66
[08:39:30.008] [HOST] INFO: SPIKE 52 fps perSide=10 t=3516 frames=97 dt=1.00 fps=97.0 alive=20 fighting=20 warmup
[08:39:30.506] [HOST] INFO: SCENARIO MEMBER hand=1,2637329152,1,1,3079467776 pos=-51251.76,1558.23,2841.74
[08:39:31.002] [HOST] INFO: SCENARIO MEMBER hand=1,2637329152,1,1,3079467776 pos=-51251.20,1558.31,2840.48
[08:39:31.002] [HOST] INFO: SPIKE 52 fps perSide=10 t=4516 frames=115 dt=1.00 fps=115.0 alive=20 fighting=20 BAND
[08:39:31.505] [HOST] INFO: SCENARIO MEMBER hand=1,2637329152,1,1,3079467776 pos=-51251.20,1558.31,2840.48
[08:39:32.008] [HOST] INFO: SCENARIO MEMBER hand=1,2637329152,1,1,3079467776 pos=-51252.52,1558.50,2840.14
[08:39:32.008] [HOST] INFO: SPIKE 52 fps perSide=10 t=5516 frames=98 dt=1.00 fps=98.0 alive=20 fighting=20 BAND
[08:39:32.503] [HOST] INFO: SCENARIO MEMBER hand=1,2637329152,1,1,3079467776 pos=-51253.03,1558.61,2839.68
[08:39:33.006] [HOST] INFO: SCENARIO MEMBER hand=1,2637329152,1,1,3079467776 pos=-51253.03,1558.61,2839.68
[08:39:33.006] [HOST] INFO: SPIKE 52 fps perSide=10 t=6516 frames=114 dt=1.00 fps=114.0 alive=20 fighting=20 BAND
[08:39:33.510] [HOST] INFO: SCENARIO MEMBER hand=1,2637329152,1,1,3079467776 pos=-51253.03,1558.61,2839.68
[08:39:34.006] [HOST] INFO: SCENARIO MEMBER hand=1,2637329152,1,1,3079467776 pos=-51253.10,1558.63,2839.64
[08:39:34.006] [HOST] INFO: SPIKE 52 fps perSide=10 t=7516 frames=116 dt=1.00 fps=116.0 alive=20 fighting=20 BAND
[08:39:34.353] [HOST] INFO: [taskkey] key=141 desc='Following leader' repro=0 subject=1
[08:39:34.510] [HOST] INFO: SCENARIO MEMBER hand=1,2637329152,1,1,3079467776 pos=-51253.16,1558.64,2839.60
[08:39:35.003] [HOST] INFO: SCENARIO MEMBER hand=1,2637329152,1,1,3079467776 pos=-51253.13,1558.61,2839.84
[08:39:35.003] [HOST] INFO: SPIKE 52 fps perSide=10 t=8516 frames=113 dt=1.00 fps=113.0 alive=20 fighting=20 BAND
[08:39:35.322] [HOST] INFO: [taskkey] key=22 desc='Patrolling' repro=0 subject=0
[08:39:35.507] [HOST] INFO: SCENARIO MEMBER hand=1,2637329152,1,1,3079467776 pos=-51252.42,1558.26,2842.14
[08:39:36.004] [HOST] INFO: SCENARIO MEMBER hand=1,2637329152,1,1,3079467776 pos=-51252.25,1558.19,2842.53
[08:39:36.004] [HOST] INFO: SPIKE 52 fps perSide=10 t=9516 frames=108 dt=1.00 fps=108.0 alive=20 fighting=20 BAND
[08:39:36.502] [HOST] INFO: SCENARIO MEMBER hand=1,2637329152,1,1,3079467776 pos=-51252.25,1558.19,2842.53
[08:39:37.009] [HOST] INFO: SCENARIO MEMBER hand=1,2637329152,1,1,3079467776 pos=-51252.25,1558.19,2842.53
[08:39:37.009] [HOST] INFO: SPIKE 52 fps perSide=10 t=10516 frames=111 dt=1.00 fps=111.0 alive=20 fighting=20 BAND
[08:39:37.503] [HOST] INFO: SCENARIO MEMBER hand=1,2637329152,1,1,3079467776 pos=-51252.25,1558.19,2842.53
[08:39:38.010] [HOST] INFO: SCENARIO MEMBER hand=1,2637329152,1,1,3079467776 pos=-51252.25,1558.19,2842.53
[08:39:38.010] [HOST] INFO: SPIKE 52 fps perSide=10 t=11516 frames=114 dt=1.00 fps=114.0 alive=20 fighting=20 BAND
[08:39:38.509] [HOST] INFO: SCENARIO MEMBER hand=1,2637329152,1,1,3079467776 pos=-51252.25,1558.19,2842.53
[08:39:39.003] [HOST] INFO: SCENARIO MEMBER hand=1,2637329152,1,1,3079467776 pos=-51252.25,1558.19,2842.53
[08:39:39.003] [HOST] INFO: SPIKE 52 fps perSide=10 t=12516 frames=114 dt=1.00 fps=114.0 alive=20 fighting=20 BAND
[08:39:39.504] [HOST] INFO: SCENARIO MEMBER hand=1,2637329152,1,1,3079467776 pos=-51252.25,1558.19,2842.53
[08:39:40.008] [HOST] INFO: SCENARIO MEMBER hand=1,2637329152,1,1,3079467776 pos=-51252.25,1558.19,2842.53
[08:39:40.008] [HOST] INFO: SPIKE 52 fps perSide=10 t=13516 frames=115 dt=1.00 fps=115.0 alive=20 fighting=20 BAND
[08:39:40.505] [HOST] INFO: SCENARIO MEMBER hand=1,2637329152,1,1,3079467776 pos=-51252.25,1558.19,2842.53
[08:39:41.005] [HOST] INFO: SCENARIO MEMBER hand=1,2637329152,1,1,3079467776 pos=-51252.25,1558.19,2842.53
[08:39:41.005] [HOST] INFO: SPIKE 52 fps perSide=10 t=14516 frames=113 dt=1.00 fps=113.0 alive=20 fighting=20 BAND
[08:39:41.507] [HOST] INFO: SCENARIO MEMBER hand=1,2637329152,1,1,3079467776 pos=-51252.25,1558.19,2842.53
[08:39:41.944] [HOST] INFO: [event] SEND id=1 ev=1 hand=1,23,294189440,1,1054687488 actor=4,1276245120 bs 0->9
[08:39:42.007] [HOST] INFO: SCENARIO MEMBER hand=1,2637329152,1,1,3079467776 pos=-51252.25,1558.19,2842.53
[08:39:42.007] [HOST] INFO: SPIKE 52 fps perSide=10 t=15516 frames=112 dt=1.00 fps=112.0 alive=20 fighting=18 BAND
[08:39:42.504] [HOST] INFO: SCENARIO MEMBER hand=1,2637329152,1,1,3079467776 pos=-51252.25,1558.19,2842.53
[08:39:42.706] [HOST] INFO: [taskkey] key=3 desc='Collecting item' repro=0 subject=1
[08:39:43.008] [HOST] INFO: SCENARIO MEMBER hand=1,2637329152,1,1,3079467776 pos=-51252.25,1558.19,2842.53
[08:39:43.008] [HOST] INFO: SPIKE 52 fps perSide=10 t=16516 frames=108 dt=1.00 fps=108.0 alive=20 fighting=18 BAND
[08:39:43.505] [HOST] INFO: SCENARIO MEMBER hand=1,2637329152,1,1,3079467776 pos=-51252.25,1558.19,2842.53
[08:39:44.004] [HOST] INFO: SCENARIO MEMBER hand=1,2637329152,1,1,3079467776 pos=-51247.13,1557.71,2841.55
[08:39:44.004] [HOST] INFO: SPIKE 52 fps perSide=10 t=17516 frames=106 dt=1.00 fps=106.0 alive=20 fighting=18 BAND
[08:39:44.505] [HOST] INFO: SCENARIO MEMBER hand=1,2637329152,1,1,3079467776 pos=-51242.72,1557.71,2839.01
[08:39:44.614] [HOST] INFO: [taskkey] key=52 desc='Waking up' repro=0 subject=0
[08:39:45.007] [HOST] INFO: SCENARIO MEMBER hand=1,2637329152,1,1,3079467776 pos=-51242.07,1557.83,2837.66
[08:39:45.007] [HOST] INFO: SPIKE 52 fps perSide=10 t=18516 frames=110 dt=1.00 fps=110.0 alive=20 fighting=20 BAND
[08:39:45.503] [HOST] INFO: SCENARIO MEMBER hand=1,2637329152,1,1,3079467776 pos=-51242.07,1557.83,2837.66
[08:39:46.884] [HOST] INFO: SCENARIO MEMBER hand=1,2637329152,1,1,3079467776 pos=-51242.07,1557.83,2837.66
[08:39:46.884] [HOST] INFO: SPIKE 52 fps perSide=10 t=20391 frames=103 dt=1.88 fps=54.9 alive=20 fighting=20 BAND
[08:39:47.768] [HOST] INFO: SCENARIO MEMBER hand=1,2637329152,1,1,3079467776 pos=-51241.93,1557.88,2837.21
[08:39:48.272] [HOST] INFO: SCENARIO MEMBER hand=1,2637329152,1,1,3079467776 pos=-51241.92,1557.90,2837.05
[08:39:48.272] [HOST] INFO: SPIKE 52 fps perSide=10 t=21782 frames=81 dt=1.39 fps=58.2 alive=20 fighting=20 BAND
[08:39:48.792] [HOST] INFO: SCENARIO MEMBER hand=1,2637329152,1,1,3079467776 pos=-51241.92,1557.90,2837.05
[08:39:49.289] [HOST] INFO: SCENARIO MEMBER hand=1,2637329152,1,1,3079467776 pos=-51241.92,1557.90,2837.05
[08:39:49.289] [HOST] INFO: SPIKE 52 fps perSide=10 t=22797 frames=54 dt=1.01 fps=53.2 alive=20 fighting=20 BAND
[08:39:49.847] [HOST] INFO: SCENARIO MEMBER hand=1,2637329152,1,1,3079467776 pos=-51241.92,1557.90,2837.05
[08:39:50.354] [HOST] INFO: SCENARIO MEMBER hand=1,2637329152,1,1,3079467776 pos=-51241.92,1557.90,2837.05
[08:39:50.354] [HOST] INFO: SPIKE 52 fps perSide=10 t=23860 frames=62 dt=1.06 fps=58.3 alive=20 fighting=20 BAND
[08:39:50.872] [HOST] INFO: SCENARIO MEMBER hand=1,2637329152,1,1,3079467776 pos=-51241.92,1557.90,2837.05
[08:39:51.418] [HOST] INFO: SCENARIO MEMBER hand=1,2637329152,1,1,3079467776 pos=-51241.92,1557.90,2837.05
[08:39:51.418] [HOST] INFO: SPIKE 52 fps perSide=10 t=24922 frames=11 dt=1.06 fps=10.4 alive=20 fighting=20 BAND
[08:39:51.963] [HOST] INFO: SCENARIO MEMBER hand=1,2637329152,1,1,3079467776 pos=-51241.92,1557.90,2837.05
[08:39:52.509] [HOST] INFO: SCENARIO MEMBER hand=1,2637329152,1,1,3079467776 pos=-51241.92,1557.90,2837.05
[08:39:52.509] [HOST] INFO: SPIKE 52 fps perSide=10 t=26016 frames=15 dt=1.09 fps=13.7 alive=20 fighting=20 BAND
[08:39:53.067] [HOST] INFO: SCENARIO MEMBER hand=1,2637329152,1,1,3079467776 pos=-51241.92,1557.90,2837.05
[08:39:53.176] [HOST] INFO: [event] SEND id=2 ev=1 hand=1,33,843261696,1,646850560 actor=1,2590331904 bs 0->9
[08:39:53.570] [HOST] INFO: SCENARIO MEMBER hand=1,2637329152,1,1,3079467776 pos=-51241.92,1557.90,2837.05
[08:39:53.570] [HOST] INFO: SPIKE 52 fps perSide=10 t=27078 frames=66 dt=1.06 fps=62.1 alive=20 fighting=18 BAND
[08:39:54.094] [HOST] INFO: SCENARIO MEMBER hand=1,2637329152,1,1,3079467776 pos=-51241.92,1557.90,2837.05
[08:39:54.639] [HOST] INFO: SCENARIO MEMBER hand=1,2637329152,1,1,3079467776 pos=-51241.92,1557.90,2837.05
[08:39:54.639] [HOST] INFO: SPIKE 52 fps perSide=10 t=28141 frames=15 dt=1.06 fps=14.1 alive=20 fighting=18 BAND
[08:39:55.198] [HOST] INFO: SCENARIO MEMBER hand=1,2637329152,1,1,3079467776 pos=-51241.92,1557.90,2837.05
[08:39:55.699] [HOST] INFO: SCENARIO MEMBER hand=1,2637329152,1,1,3079467776 pos=-51241.92,1557.90,2837.05
[08:39:55.699] [HOST] INFO: SPIKE 52 fps perSide=10 t=29203 frames=67 dt=1.06 fps=63.1 alive=20 fighting=18 BAND
[08:39:56.237] [HOST] INFO: SCENARIO MEMBER hand=1,2637329152,1,1,3079467776 pos=-51241.92,1557.90,2837.05
[08:39:56.739] [HOST] INFO: SCENARIO MEMBER hand=1,2637329152,1,1,3079467776 pos=-51241.92,1557.90,2837.05
[08:39:56.739] [HOST] INFO: SPIKE 52 fps perSide=10 t=30250 frames=36 dt=1.05 fps=34.4 alive=20 fighting=18 BAND
[08:39:57.263] [HOST] INFO: SCENARIO MEMBER hand=1,2637329152,1,1,3079467776 pos=-51241.92,1557.90,2837.05
[08:39:57.809] [HOST] INFO: SCENARIO MEMBER hand=1,2637329152,1,1,3079467776 pos=-51241.92,1557.90,2837.00
[08:39:57.809] [HOST] INFO: SPIKE 52 fps perSide=10 t=31313 frames=12 dt=1.06 fps=11.3 alive=20 fighting=18 BAND
[08:39:58.355] [HOST] INFO: SCENARIO MEMBER hand=1,2637329152,1,1,3079467776 pos=-51242.03,1557.99,2836.33
[08:39:58.851] [HOST] INFO: SCENARIO MEMBER hand=1,2637329152,1,1,3079467776 pos=-51242.43,1558.18,2834.86
[08:39:58.851] [HOST] INFO: SPIKE 52 fps perSide=10 t=32360 frames=64 dt=1.05 fps=61.1 alive=20 fighting=18 BAND
[08:39:59.675] [HOST] INFO: SCENARIO MEMBER hand=1,2637329152,1,1,3079467776 pos=-51242.86,1558.30,2834.01
[08:40:00.177] [HOST] INFO: SCENARIO MEMBER hand=1,2637329152,1,1,3079467776 pos=-51243.20,1558.48,2832.62
[08:40:00.177] [HOST] INFO: SPIKE 52 fps perSide=10 t=33688 frames=97 dt=1.33 fps=73.0 alive=20 fighting=18 BAND
[08:40:00.701] [HOST] INFO: SCENARIO MEMBER hand=1,2637329152,1,1,3079467776 pos=-51243.20,1558.49,2832.51
[08:40:01.248] [HOST] INFO: SCENARIO MEMBER hand=1,2637329152,1,1,3079467776 pos=-51243.17,1558.51,2832.33
[08:40:01.248] [HOST] INFO: SPIKE 52 fps perSide=10 t=34750 frames=10 dt=1.06 fps=9.4 alive=20 fighting=18 BAND
[08:40:01.743] [HOST] INFO: SCENARIO MEMBER hand=1,2637329152,1,1,3079467776 pos=-51243.16,1558.51,2832.29
[08:40:02.273] [HOST] INFO: SCENARIO MEMBER hand=1,2637329152,1,1,3079467776 pos=-51243.16,1558.51,2832.29
[08:40:02.273] [HOST] INFO: SPIKE 52 fps perSide=10 t=35782 frames=66 dt=1.03 fps=64.0 alive=20 fighting=18 BAND
[08:40:02.820] [HOST] INFO: SCENARIO MEMBER hand=1,2637329152,1,1,3079467776 pos=-51243.16,1558.51,2832.29
[08:40:03.381] [HOST] INFO: SCENARIO MEMBER hand=1,2637329152,1,1,3079467776 pos=-51243.16,1558.51,2832.29
[08:40:03.381] [HOST] INFO: SPIKE 52 fps perSide=10 t=36891 frames=12 dt=1.11 fps=10.8 alive=20 fighting=18 BAND
[08:40:03.381] [HOST] INFO: SPIKE 52 fps-summary perSide=10 total=20 samples=31 avgFps=74.8 minFps=9.4
[08:40:03.877] [HOST] INFO: SCENARIO MEMBER hand=1,2637329152,1,1,3079467776 pos=-51243.16,1558.51,2832.29
[08:40:04.403] [HOST] INFO: SCENARIO MEMBER hand=1,2637329152,1,1,3079467776 pos=-51243.16,1558.51,2832.29
[08:40:04.404] [HOST] INFO: SPIKE 52 fps perSide=10 t=37907 frames=65 dt=1.02 fps=64.0 alive=20 fighting=18 BAND
[08:40:04.496] [HOST] INFO: SCENARIO RESULT PASS
[08:40:07.116] [HOST] INFO: [seatres] HOST task=87 npc=1,3808471552 subj=511,656249984 ok=1 npcpos=-51172.2,2641.8 subjpos=-51172.2,2641.8 d=0.0
