[08:37:44.923] [HOST] INFO: log opened
[08:37:44.923] [HOST] INFO: KenshiCoop loaded! (clean rebuild)
[08:37:44.923] [HOST] INFO: KenshiCoop: build Jun 20 2026 08:36:33
[08:37:44.923] [HOST] INFO: KenshiCoop: role=HOST proto=v11 port=27800 save='c'
[08:37:44.966] [HOST] INFO: KenshiCoop: ownership ranks = {0} (bidirectional presence)
[08:37:45.009] [HOST] INFO: KenshiCoop: auto-load armed for save 'c'
[08:37:45.009] [HOST] INFO: KenshiCoop: test mode - self-exit 48 s after gameplay starts
[08:37:45.009] [HOST] INFO: KenshiCoop: scenario armed 'spike'
[08:37:45.009] [HOST] INFO: KenshiCoop: starting as HOST
[08:37:45.010] [HOST] INFO: [net] hosting
[08:37:53.625] [HOST] INFO: KenshiCoop: auto-load issued for save 'c' (after 5000 ms settle)
[08:37:55.890] [HOST] INFO: [net] peer connecting (awaiting HELLO)
[08:37:55.890] [HOST] INFO: [net] peer connected id=1 (proto v11)
[08:37:57.494] [HOST] INFO: handshake: peer present id=1 (local id=0)
[08:38:09.541] [HOST] INFO: KenshiCoop: gameplay started
[08:38:09.541] [HOST] INFO: SCENARIO spike start
[08:38:09.541] [HOST] INFO: SPIKE 52 start id=52 host=1 perSide=5
[08:38:09.543] [HOST] INFO: SCENARIO MEMBER hand=1,2637329152,1,1,3079467776 pos=-51234.47,1547.65,2851.09
[08:38:09.543] [HOST] INFO: SPIKE 52 smoke leader hand=1,2637329152,1,1,3079467776 pos=-51234.5,1547.6,2851.1
[08:38:09.550] [HOST] INFO: SCENARIO MEMBER hand=1,2637329152,1,1,3079467776 pos=-51234.47,1555.93,2851.09
[08:38:09.594] [HOST] INFO: [taskkey] key=1 desc='Moving' repro=0 subject=1
[08:38:09.668] [HOST] INFO: [taskkey] key=51 desc='Stand at node' repro=0 subject=1
[08:38:10.054] [HOST] INFO: SCENARIO MEMBER hand=1,2637329152,1,1,3079467776 pos=-51234.47,1555.93,2851.09
[08:38:10.555] [HOST] INFO: SCENARIO MEMBER hand=1,2637329152,1,1,3079467776 pos=-51234.47,1555.93,2851.09
[08:38:10.863] [HOST] INFO: [taskkey] key=87 desc='Operating machine' repro=1 subject=1
[08:38:10.863] [HOST] INFO: [seatres] HOST task=87 npc=1,3996215808 subj=514,2909912064 ok=1 npcpos=-51200.9,2664.1 subjpos=-51206.5,2659.7 d=7.1
[08:38:11.051] [HOST] INFO: SCENARIO MEMBER hand=1,2637329152,1,1,3079467776 pos=-51234.47,1555.93,2851.09
[08:38:11.051] [HOST] INFO: SETUP: faction scan found 52 loaded NPC(s) within 6000u
[08:38:11.051] [HOST] INFO: SETUP(battle): using nearby non-player faction (peaceful base)
[08:38:11.053] [HOST] INFO: SETUP(battle): perSide=5 red=5 blue=5 orders=10
[08:38:11.053] [HOST] INFO: SPIKE 52 fps battle spawned perSide=5 total=10
[08:38:11.059] [HOST] INFO: [taskkey] key=6 desc='Equipping weapon' repro=0 subject=1
[08:38:11.087] [HOST] INFO: [taskkey] key=61 desc='Attacking target unprovoked' repro=0 subject=1
[08:38:11.549] [HOST] INFO: SCENARIO MEMBER hand=1,2637329152,1,1,3079467776 pos=-51238.28,1556.04,2850.77
[08:38:12.049] [HOST] INFO: SCENARIO MEMBER hand=1,2637329152,1,1,3079467776 pos=-51239.39,1556.26,2849.53
[08:38:12.049] [HOST] INFO: SPIKE 52 fps perSide=5 t=2516 frames=115 dt=1.00 fps=115.0 alive=10 fighting=10 warmup
[08:38:12.289] [HOST] INFO: [taskkey] key=4 desc='Attacking' repro=0 subject=1
[08:38:12.552] [HOST] INFO: SCENARIO MEMBER hand=1,2637329152,1,1,3079467776 pos=-51239.39,1556.26,2849.53
[08:38:13.051] [HOST] INFO: SCENARIO MEMBER hand=1,2637329152,1,1,3079467776 pos=-51239.39,1556.26,2849.53
[08:38:13.051] [HOST] INFO: SPIKE 52 fps perSide=5 t=3516 frames=128 dt=1.00 fps=128.0 alive=10 fighting=10 warmup
[08:38:13.555] [HOST] INFO: SCENARIO MEMBER hand=1,2637329152,1,1,3079467776 pos=-51239.57,1556.35,2849.03
[08:38:14.050] [HOST] INFO: SCENARIO MEMBER hand=1,2637329152,1,1,3079467776 pos=-51241.68,1556.65,2847.44
[08:38:14.050] [HOST] INFO: SPIKE 52 fps perSide=5 t=4516 frames=124 dt=1.00 fps=124.0 alive=10 fighting=10 BAND
[08:38:14.580] [HOST] INFO: SCENARIO MEMBER hand=1,2637329152,1,1,3079467776 pos=-51242.03,1556.75,2846.90
[08:38:15.136] [HOST] INFO: SCENARIO MEMBER hand=1,2637329152,1,1,3079467776 pos=-51242.03,1556.75,2846.90
[08:38:15.136] [HOST] INFO: SPIKE 52 fps perSide=5 t=5594 frames=69 dt=1.08 fps=64.0 alive=10 fighting=10 BAND
[08:38:15.634] [HOST] INFO: SCENARIO MEMBER hand=1,2637329152,1,1,3079467776 pos=-51242.03,1556.75,2846.90
[08:38:16.136] [HOST] INFO: SCENARIO MEMBER hand=1,2637329152,1,1,3079467776 pos=-51242.03,1556.75,2846.90
[08:38:16.136] [HOST] INFO: SPIKE 52 fps perSide=5 t=6594 frames=111 dt=1.00 fps=111.0 alive=10 fighting=10 BAND
[08:38:16.627] [HOST] INFO: SCENARIO MEMBER hand=1,2637329152,1,1,3079467776 pos=-51242.03,1556.75,2846.90
[08:38:17.132] [HOST] INFO: SCENARIO MEMBER hand=1,2637329152,1,1,3079467776 pos=-51242.38,1556.97,2845.59
[08:38:17.132] [HOST] INFO: SPIKE 52 fps perSide=5 t=7594 frames=113 dt=1.00 fps=113.0 alive=10 fighting=10 BAND
[08:38:17.627] [HOST] INFO: SCENARIO MEMBER hand=1,2637329152,1,1,3079467776 pos=-51242.38,1556.97,2845.56
[08:38:18.128] [HOST] INFO: SCENARIO MEMBER hand=1,2637329152,1,1,3079467776 pos=-51242.38,1556.97,2845.56
[08:38:18.128] [HOST] INFO: SPIKE 52 fps perSide=5 t=8594 frames=109 dt=1.00 fps=109.0 alive=10 fighting=10 BAND
[08:38:18.633] [HOST] INFO: SCENARIO MEMBER hand=1,2637329152,1,1,3079467776 pos=-51242.38,1556.97,2845.56
[08:38:19.130] [HOST] INFO: SCENARIO MEMBER hand=1,2637329152,1,1,3079467776 pos=-51242.38,1556.97,2845.56
[08:38:19.130] [HOST] INFO: SPIKE 52 fps perSide=5 t=9594 frames=107 dt=1.00 fps=107.0 alive=10 fighting=10 BAND
[08:38:19.635] [HOST] INFO: SCENARIO MEMBER hand=1,2637329152,1,1,3079467776 pos=-51242.38,1556.97,2845.56
[08:38:20.129] [HOST] INFO: SCENARIO MEMBER hand=1,2637329152,1,1,3079467776 pos=-51242.38,1556.97,2845.56
[08:38:20.129] [HOST] INFO: SPIKE 52 fps perSide=5 t=10594 frames=102 dt=1.00 fps=102.0 alive=10 fighting=10 BAND
[08:38:20.499] [HOST] INFO: [taskkey] key=141 desc='Following leader' repro=0 subject=1
[08:38:20.634] [HOST] INFO: SCENARIO MEMBER hand=1,2637329152,1,1,3079467776 pos=-51242.38,1556.97,2845.56
[08:38:21.130] [HOST] INFO: SCENARIO MEMBER hand=1,2637329152,1,1,3079467776 pos=-51242.38,1556.97,2845.56
[08:38:21.130] [HOST] INFO: SPIKE 52 fps perSide=5 t=11594 frames=105 dt=1.00 fps=105.0 alive=10 fighting=10 BAND
[08:38:21.632] [HOST] INFO: SCENARIO MEMBER hand=1,2637329152,1,1,3079467776 pos=-51242.38,1556.97,2845.56
[08:38:22.127] [HOST] INFO: SCENARIO MEMBER hand=1,2637329152,1,1,3079467776 pos=-51242.38,1556.97,2845.56
[08:38:22.127] [HOST] INFO: SPIKE 52 fps perSide=5 t=12594 frames=111 dt=1.00 fps=111.0 alive=10 fighting=10 BAND
[08:38:22.487] [HOST] INFO: [taskkey] key=102 desc='Making announcement' repro=0 subject=1
[08:38:22.627] [HOST] INFO: SCENARIO MEMBER hand=1,2637329152,1,1,3079467776 pos=-51242.38,1556.97,2845.56
[08:38:23.130] [HOST] INFO: SCENARIO MEMBER hand=1,2637329152,1,1,3079467776 pos=-51242.38,1556.97,2845.56
[08:38:23.130] [HOST] INFO: SPIKE 52 fps perSide=5 t=13594 frames=117 dt=1.00 fps=117.0 alive=10 fighting=10 BAND
[08:38:23.633] [HOST] INFO: SCENARIO MEMBER hand=1,2637329152,1,1,3079467776 pos=-51242.38,1556.97,2845.56
[08:38:24.924] [HOST] INFO: SCENARIO MEMBER hand=1,2637329152,1,1,3079467776 pos=-51242.38,1556.97,2845.56
[08:38:24.924] [HOST] INFO: SPIKE 52 fps perSide=5 t=15391 frames=104 dt=1.80 fps=57.9 alive=10 fighting=10 BAND
[08:38:25.429] [HOST] INFO: SCENARIO MEMBER hand=1,2637329152,1,1,3079467776 pos=-51242.38,1556.97,2845.56
[08:38:25.934] [HOST] INFO: SCENARIO MEMBER hand=1,2637329152,1,1,3079467776 pos=-51242.38,1556.97,2845.56
[08:38:25.934] [HOST] INFO: SPIKE 52 fps perSide=5 t=16391 frames=98 dt=1.00 fps=98.0 alive=10 fighting=10 BAND
[08:38:26.430] [HOST] INFO: SCENARIO MEMBER hand=1,2637329152,1,1,3079467776 pos=-51242.38,1556.97,2845.56
[08:38:26.924] [HOST] INFO: SCENARIO MEMBER hand=1,2637329152,1,1,3079467776 pos=-51242.38,1556.97,2845.56
[08:38:26.924] [HOST] INFO: SPIKE 52 fps perSide=5 t=17391 frames=93 dt=1.00 fps=93.0 alive=10 fighting=10 BAND
[08:38:27.428] [HOST] INFO: SCENARIO MEMBER hand=1,2637329152,1,1,3079467776 pos=-51242.38,1556.97,2845.56
[08:38:28.127] [HOST] INFO: SCENARIO MEMBER hand=1,2637329152,1,1,3079467776 pos=-51242.38,1556.97,2845.56
[08:38:28.127] [HOST] INFO: SPIKE 52 fps perSide=5 t=18594 frames=72 dt=1.20 fps=59.9 alive=10 fighting=10 BAND
[08:38:28.686] [HOST] INFO: SCENARIO MEMBER hand=1,2637329152,1,1,3079467776 pos=-51242.38,1556.97,2845.56
[08:38:29.175] [HOST] INFO: SCENARIO MEMBER hand=1,2637329152,1,1,3079467776 pos=-51242.38,1556.97,2845.56
[08:38:29.175] [HOST] INFO: SPIKE 52 fps perSide=5 t=19641 frames=66 dt=1.05 fps=63.0 alive=10 fighting=10 BAND
[08:38:29.729] [HOST] INFO: SCENARIO MEMBER hand=1,2637329152,1,1,3079467776 pos=-51242.38,1556.97,2845.56
[08:38:30.228] [HOST] INFO: SCENARIO MEMBER hand=1,2637329152,1,1,3079467776 pos=-51242.38,1556.97,2845.56
[08:38:30.228] [HOST] INFO: SPIKE 52 fps perSide=5 t=20688 frames=74 dt=1.05 fps=70.7 alive=10 fighting=10 BAND
[08:38:30.772] [HOST] INFO: SCENARIO MEMBER hand=1,2637329152,1,1,3079467776 pos=-51242.38,1556.97,2845.56
[08:38:31.273] [HOST] INFO: SCENARIO MEMBER hand=1,2637329152,1,1,3079467776 pos=-51242.38,1556.97,2845.56
[08:38:31.273] [HOST] INFO: SPIKE 52 fps perSide=5 t=21735 frames=64 dt=1.05 fps=61.1 alive=10 fighting=10 BAND
[08:38:31.796] [HOST] INFO: SCENARIO MEMBER hand=1,2637329152,1,1,3079467776 pos=-51242.38,1556.97,2845.56
[08:38:32.343] [HOST] INFO: SCENARIO MEMBER hand=1,2637329152,1,1,3079467776 pos=-51242.38,1556.97,2845.56
[08:38:32.343] [HOST] INFO: SPIKE 52 fps perSide=5 t=22797 frames=13 dt=1.06 fps=12.2 alive=10 fighting=10 BAND
[08:38:32.834] [HOST] INFO: SCENARIO MEMBER hand=1,2637329152,1,1,3079467776 pos=-51242.38,1556.97,2845.56
[08:38:33.372] [HOST] INFO: SCENARIO MEMBER hand=1,2637329152,1,1,3079467776 pos=-51242.38,1556.97,2845.56
[08:38:33.372] [HOST] INFO: SPIKE 52 fps perSide=5 t=23828 frames=75 dt=1.03 fps=72.7 alive=10 fighting=10 BAND
[08:38:33.919] [HOST] INFO: SCENARIO MEMBER hand=1,2637329152,1,1,3079467776 pos=-51242.38,1556.97,2845.56
[08:38:34.412] [HOST] INFO: SCENARIO MEMBER hand=1,2637329152,1,1,3079467776 pos=-51242.38,1556.97,2845.56
[08:38:34.412] [HOST] INFO: SPIKE 52 fps perSide=5 t=24875 frames=78 dt=1.05 fps=74.5 alive=10 fighting=10 BAND
[08:38:35.163] [HOST] INFO: SCENARIO MEMBER hand=1,2637329152,1,1,3079467776 pos=-51242.38,1556.97,2845.56
[08:38:35.708] [HOST] INFO: SCENARIO MEMBER hand=1,2637329152,1,1,3079467776 pos=-51242.38,1556.97,2845.56
[08:38:35.708] [HOST] INFO: SPIKE 52 fps perSide=5 t=26172 frames=41 dt=1.30 fps=31.6 alive=10 fighting=10 BAND
[08:38:36.208] [HOST] INFO: SCENARIO MEMBER hand=1,2637329152,1,1,3079467776 pos=-51242.38,1556.97,2845.56
[08:38:36.709] [HOST] INFO: SCENARIO MEMBER hand=1,2637329152,1,1,3079467776 pos=-51242.38,1556.97,2845.56
[08:38:36.709] [HOST] INFO: SPIKE 52 fps perSide=5 t=27172 frames=130 dt=1.00 fps=130.0 alive=10 fighting=10 BAND
[08:38:37.316] [HOST] INFO: SCENARIO MEMBER hand=1,2637329152,1,1,3079467776 pos=-51242.38,1556.97,2845.56
[08:38:37.858] [HOST] INFO: SCENARIO MEMBER hand=1,2637329152,1,1,3079467776 pos=-51242.38,1556.97,2845.56
[08:38:37.858] [HOST] INFO: SPIKE 52 fps perSide=5 t=28313 frames=27 dt=1.14 fps=23.7 alive=10 fighting=10 BAND
[08:38:38.350] [HOST] INFO: SCENARIO MEMBER hand=1,2637329152,1,1,3079467776 pos=-51242.38,1556.97,2845.56
[08:38:38.849] [HOST] INFO: SCENARIO MEMBER hand=1,2637329152,1,1,3079467776 pos=-51242.38,1556.97,2845.56
[08:38:38.849] [HOST] INFO: SPIKE 52 fps perSide=5 t=29313 frames=132 dt=1.00 fps=132.0 alive=10 fighting=10 BAND
[08:38:39.490] [HOST] INFO: SCENARIO MEMBER hand=1,2637329152,1,1,3079467776 pos=-51242.38,1556.97,2845.56
[08:38:39.994] [HOST] INFO: SCENARIO MEMBER hand=1,2637329152,1,1,3079467776 pos=-51242.38,1556.97,2845.56
[08:38:39.994] [HOST] INFO: SPIKE 52 fps perSide=5 t=30453 frames=97 dt=1.14 fps=85.1 alive=10 fighting=10 BAND
[08:38:40.535] [HOST] INFO: SCENARIO MEMBER hand=1,2637329152,1,1,3079467776 pos=-51242.38,1556.97,2845.56
[08:38:41.034] [HOST] INFO: SCENARIO MEMBER hand=1,2637329152,1,1,3079467776 pos=-51242.38,1556.97,2845.56
[08:38:41.034] [HOST] INFO: SPIKE 52 fps perSide=5 t=31500 frames=77 dt=1.05 fps=73.5 alive=10 fighting=10 BAND
[08:38:41.563] [HOST] INFO: SCENARIO MEMBER hand=1,2637329152,1,1,3079467776 pos=-51242.38,1556.97,2845.56
[08:38:42.049] [HOST] INFO: SCENARIO MEMBER hand=1,2637329152,1,1,3079467776 pos=-51242.38,1556.97,2845.56
[08:38:42.049] [HOST] INFO: SPIKE 52 fps perSide=5 t=32516 frames=81 dt=1.02 fps=79.7 alive=10 fighting=10 BAND
[08:38:42.588] [HOST] INFO: SCENARIO MEMBER hand=1,2637329152,1,1,3079467776 pos=-51242.38,1556.97,2845.56
[08:38:43.135] [HOST] INFO: SCENARIO MEMBER hand=1,2637329152,1,1,3079467776 pos=-51242.38,1556.97,2845.56
[08:38:43.135] [HOST] INFO: SPIKE 52 fps perSide=5 t=33594 frames=16 dt=1.08 fps=14.8 alive=10 fighting=10 BAND
[08:38:43.633] [HOST] INFO: SCENARIO MEMBER hand=1,2637329152,1,1,3079467776 pos=-51242.38,1556.97,2845.56
[08:38:44.178] [HOST] INFO: SCENARIO MEMBER hand=1,2637329152,1,1,3079467776 pos=-51242.38,1556.97,2845.56
[08:38:44.178] [HOST] INFO: SPIKE 52 fps perSide=5 t=34641 frames=74 dt=1.05 fps=70.7 alive=10 fighting=10 BAND
[08:38:44.679] [HOST] INFO: SCENARIO MEMBER hand=1,2637329152,1,1,3079467776 pos=-51242.38,1556.97,2845.56
[08:38:45.223] [HOST] INFO: SCENARIO MEMBER hand=1,2637329152,1,1,3079467776 pos=-51242.38,1556.97,2845.56
[08:38:45.223] [HOST] INFO: SPIKE 52 fps perSide=5 t=35688 frames=42 dt=1.05 fps=40.1 alive=10 fighting=10 BAND
[08:38:45.723] [HOST] INFO: SCENARIO MEMBER hand=1,2637329152,1,1,3079467776 pos=-51242.38,1556.97,2845.56
[08:38:46.249] [HOST] INFO: SCENARIO MEMBER hand=1,2637329152,1,1,3079467776 pos=-51242.38,1556.97,2845.56
[08:38:46.249] [HOST] INFO: SPIKE 52 fps perSide=5 t=36703 frames=73 dt=1.01 fps=71.9 alive=10 fighting=10 BAND
[08:38:46.249] [HOST] INFO: SPIKE 52 fps-summary perSide=5 total=10 samples=31 avgFps=80.0 minFps=12.2
[08:38:46.740] [HOST] INFO: SCENARIO MEMBER hand=1,2637329152,1,1,3079467776 pos=-51242.38,1556.97,2845.56
[08:38:47.605] [HOST] INFO: SCENARIO MEMBER hand=1,2637329152,1,1,3079467776 pos=-51242.38,1556.97,2845.56
[08:38:47.605] [HOST] INFO: SPIKE 52 fps perSide=5 t=38063 frames=117 dt=1.36 fps=86.0 alive=10 fighting=10 BAND
[08:38:47.605] [HOST] INFO: SCENARIO RESULT PASS
