[00:05:42.910] [HOST] INFO: log opened
[00:05:42.910] [HOST] INFO: KenshiCoop loaded! (clean rebuild)
[00:05:42.910] [HOST] INFO: KenshiCoop: build Jun 19 2026 23:58:02
[00:05:42.911] [HOST] INFO: KenshiCoop: role=HOST proto=v11 port=27800 save='battle20'
[00:05:42.972] [HOST] INFO: KenshiCoop: ownership ranks = {0} (bidirectional presence)
[00:05:43.035] [HOST] INFO: KenshiCoop: auto-load armed for save 'battle20'
[00:05:43.035] [HOST] INFO: KenshiCoop: test mode - self-exit 45 s after gameplay starts
[00:05:43.035] [HOST] INFO: KenshiCoop: scenario armed 'spike'
[00:05:43.035] [HOST] INFO: KenshiCoop: starting as HOST
[00:05:43.035] [HOST] INFO: [net] hosting
[00:05:49.853] [HOST] INFO: KenshiCoop: auto-load issued for save 'battle20' (after 5000 ms settle)
[00:05:53.647] [HOST] INFO: [net] peer connecting (awaiting HELLO)
[00:05:53.647] [HOST] INFO: [net] peer connected id=1 (proto v11)
[00:05:53.711] [HOST] INFO: handshake: peer present id=1 (local id=0)
[00:06:01.402] [HOST] INFO: KenshiCoop: gameplay started
[00:06:01.402] [HOST] INFO: SCENARIO spike start
[00:06:01.402] [HOST] INFO: SPIKE 9 start id=9 host=1 arg=-
[00:06:01.404] [HOST] INFO: SCENARIO MEMBER hand=1,2637329152,1,1,3079467776 pos=-51239.18,1549.37,2845.57
[00:06:01.411] [HOST] INFO: SCENARIO MEMBER hand=1,2637329152,1,1,3079467776 pos=-51239.18,1556.92,2845.57
[00:06:01.420] [HOST] INFO: SCENARIO MEMBER hand=1,2637329152,1,1,3079467776 pos=-51239.18,1556.92,2845.57
[00:06:01.442] [HOST] INFO: [taskkey] key=1 desc='Moving' repro=0 subject=1
[00:06:01.478] [HOST] INFO: [taskkey] key=36 desc='Patrolling town' repro=0 subject=0
[00:06:01.920] [HOST] INFO: SCENARIO MEMBER hand=1,2637329152,1,1,3079467776 pos=-51237.26,1557.30,2842.18
[00:06:02.377] [HOST] INFO: [taskkey] key=51 desc='Stand at node' repro=0 subject=1
[00:06:02.416] [HOST] INFO: SCENARIO MEMBER hand=1,2637329152,1,1,3079467776 pos=-51232.73,1557.50,2838.81
[00:06:02.919] [HOST] INFO: SCENARIO MEMBER hand=1,2637329152,1,1,3079467776 pos=-51227.68,1557.37,2839.25
[00:06:02.919] [HOST] INFO: SPIKE 9 drive t=1516 orders=24
[00:06:02.919] [HOST] INFO: SPIKE 9 unit role=H t=1516 hand=1,1667968768 pos=-51236.40,1582.51,2641.84 body=0 combat=0
[00:06:02.919] [HOST] INFO: SPIKE 9 unit role=H t=1516 hand=1,1723144576 pos=-51246.35,1582.34,2661.49 body=0 combat=0
[00:06:02.919] [HOST] INFO: SPIKE 9 unit role=H t=1516 hand=1,3996215808 pos=-51230.18,1581.87,2660.83 body=0 combat=0
[00:06:02.919] [HOST] INFO: SPIKE 9 unit role=H t=1516 hand=1,2019897472 pos=-51231.00,1556.65,2846.34 body=0 combat=0
[00:06:02.919] [HOST] INFO: SPIKE 9 unit role=H t=1516 hand=1,3416992256 pos=-51251.09,1550.16,2884.41 body=0 combat=0
[00:06:02.919] [HOST] INFO: SPIKE 9 unit role=H t=1516 hand=1,3396362240 pos=-51212.70,1554.50,2863.43 body=0 combat=0
[00:06:02.919] [HOST] INFO: SPIKE 9 unit role=H t=1516 hand=1,2078735360 pos=-51268.59,1557.76,2861.95 body=0 combat=0
[00:06:02.919] [HOST] INFO: SPIKE 9 unit role=H t=1516 hand=1,3324462848 pos=-51221.54,1554.85,2858.62 body=0 combat=0
[00:06:02.919] [HOST] INFO: SPIKE 9 unit role=H t=1516 hand=1,2347045888 pos=-51235.50,1557.46,2839.86 body=0 combat=0
[00:06:02.919] [HOST] INFO: SPIKE 9 unit role=H t=1516 hand=1,96923832 pos=-51211.91,1556.75,2843.42 body=0 combat=0
[00:06:02.919] [HOST] INFO: SPIKE 9 unit role=H t=1516 hand=1,229980464 pos=-51243.42,1557.51,2840.99 body=0 combat=0
[00:06:02.919] [HOST] INFO: SPIKE 9 unit role=H t=1516 hand=1,2074707072 pos=-51248.03,1556.88,2848.34 body=0 combat=0
[00:06:02.919] [HOST] INFO: SPIKE 9 unit role=H t=1516 hand=1,2042358400 pos=-51205.68,1550.85,2882.65 body=0 combat=0
[00:06:02.919] [HOST] INFO: SPIKE 9 unit role=H t=1516 hand=1,2930297856 pos=-51208.85,1555.92,2850.85 body=0 combat=0
[00:06:02.919] [HOST] INFO: SPIKE 9 unit role=H t=1516 hand=1,1311523456 pos=-51216.82,1555.83,2850.51 body=0 combat=0
[00:06:02.919] [HOST] INFO: SPIKE 9 unit role=H t=1516 hand=1,3193725696 pos=-51200.58,1556.06,2835.19 body=0 combat=0
[00:06:02.919] [HOST] INFO: SPIKE 9 unit role=H t=1516 hand=1,2680297728 pos=-51220.08,1557.01,2839.63 body=0 combat=0
[00:06:02.919] [HOST] INFO: SPIKE 9 unit role=H t=1516 hand=1,1806274432 pos=-51208.60,1556.82,2836.16 body=0 combat=0
[00:06:02.919] [HOST] INFO: SPIKE 9 unit role=H t=1516 hand=1,2131835904 pos=-51192.78,1555.38,2836.82 body=0 combat=0
[00:06:02.919] [HOST] INFO: SPIKE 9 unit role=H t=1516 hand=1,2649292032 pos=-51241.24,1555.47,2854.47 body=0 combat=0
[00:06:02.919] [HOST] INFO: SPIKE 9 unit role=H t=1516 hand=1,258422848 pos=-51203.72,1556.19,2842.83 body=0 combat=0
[00:06:02.919] [HOST] INFO: SPIKE 9 unit role=H t=1516 hand=1,504028320 pos=-51257.90,1549.93,2888.58 body=0 combat=0
[00:06:02.919] [HOST] INFO: SPIKE 9 unit role=H t=1516 hand=1,3520263680 pos=-51215.67,1552.02,2875.67 body=0 combat=0
[00:06:02.919] [HOST] INFO: SPIKE 9 unit role=H t=1516 hand=1,3823120128 pos=-51217.33,1558.53,2756.70 body=0 combat=0
[00:06:02.919] [HOST] INFO: SPIKE 9 unit role=H t=1516 hand=1,2590331904 pos=-51178.06,1579.64,2693.20 body=0 combat=0
[00:06:02.919] [HOST] INFO: SPIKE 9 units role=H t=1516 n=25
[00:06:02.926] [HOST] INFO: [taskkey] key=6 desc='Equipping weapon' repro=0 subject=1
[00:06:02.967] [HOST] INFO: [taskkey] key=61 desc='Attacking target unprovoked' repro=0 subject=1
[00:06:03.419] [HOST] INFO: SCENARIO MEMBER hand=1,2637329152,1,1,3079467776 pos=-51224.93,1557.59,2834.38
[00:06:03.434] [HOST] INFO: [taskkey] key=4 desc='Attacking' repro=0 subject=1
[00:06:03.919] [HOST] INFO: SCENARIO MEMBER hand=1,2637329152,1,1,3079467776 pos=-51225.45,1557.77,2832.68
[00:06:04.417] [HOST] INFO: SCENARIO MEMBER hand=1,2637329152,1,1,3079467776 pos=-51229.71,1558.03,2831.87
[00:06:04.417] [HOST] INFO: SPIKE 9 drive t=3016 orders=1
[00:06:04.417] [HOST] INFO: SPIKE 9 unit role=H t=3016 hand=1,524536128 pos=-51258.22,1580.26,2667.75 body=0 combat=0
[00:06:04.417] [HOST] INFO: SPIKE 9 unit role=H t=3016 hand=1,1723144576 pos=-51244.57,1582.64,2658.81 body=0 combat=1
[00:06:04.417] [HOST] INFO: SPIKE 9 unit role=H t=3016 hand=1,2590331904 pos=-51176.21,1579.64,2654.87 body=0 combat=1
[00:06:04.417] [HOST] INFO: SPIKE 9 unit role=H t=3016 hand=3,3090698240 pos=-51248.03,1582.62,2658.39 body=0 combat=1
[00:06:04.417] [HOST] INFO: SPIKE 9 unit role=H t=3016 hand=2,2703369216 pos=-51248.03,1582.18,2658.39 body=0 combat=1
[00:06:04.417] [HOST] INFO: SPIKE 9 unit role=H t=3016 hand=1,2019897472 pos=-51242.15,1561.82,2778.71 body=0 combat=1
[00:06:04.417] [HOST] INFO: SPIKE 9 unit role=H t=3016 hand=1,3416992256 pos=-51233.57,1550.20,2881.10 body=0 combat=1
[00:06:04.417] [HOST] INFO: SPIKE 9 unit role=H t=3016 hand=1,3396362240 pos=-51223.99,1552.07,2872.96 body=0 combat=1
[00:06:04.417] [HOST] INFO: SPIKE 9 unit role=H t=3016 hand=1,2078735360 pos=-51249.40,1554.29,2864.60 body=0 combat=1
[00:06:04.417] [HOST] INFO: SPIKE 9 unit role=H t=3016 hand=1,3324462848 pos=-51234.63,1554.36,2861.59 body=0 combat=1
[00:06:04.417] [HOST] INFO: SPIKE 9 unit role=H t=3016 hand=1,2347045888 pos=-51249.31,1556.78,2850.07 body=0 combat=1
[00:06:04.417] [HOST] INFO: SPIKE 9 unit role=H t=3016 hand=1,96923832 pos=-51229.48,1557.19,2841.90 body=0 combat=1
[00:06:04.417] [HOST] INFO: SPIKE 9 unit role=H t=3016 hand=1,229980464 pos=-51257.13,1557.81,2849.82 body=0 combat=1
[00:06:04.417] [HOST] INFO: SPIKE 9 unit role=H t=3016 hand=1,2074707072 pos=-51255.18,1556.17,2859.03 body=0 combat=1
[00:06:04.417] [HOST] INFO: SPIKE 9 unit role=H t=3016 hand=1,2042358400 pos=-51204.34,1550.45,2884.17 body=0 combat=1
[00:06:04.417] [HOST] INFO: SPIKE 9 unit role=H t=3016 hand=1,2930297856 pos=-51205.42,1552.91,2871.66 body=0 combat=1
[00:06:04.417] [HOST] INFO: SPIKE 9 unit role=H t=3016 hand=1,1311523456 pos=-51210.53,1556.94,2836.91 body=0 combat=1
[00:06:04.417] [HOST] INFO: SPIKE 9 unit role=H t=3016 hand=1,3193725696 pos=-51190.41,1555.36,2823.46 body=0 combat=1
[00:06:04.417] [HOST] INFO: SPIKE 9 unit role=H t=3016 hand=1,2680297728 pos=-51236.95,1557.89,2834.95 body=0 combat=1
[00:06:04.417] [HOST] INFO: SPIKE 9 unit role=H t=3016 hand=1,1806274432 pos=-51221.91,1557.48,2833.31 body=0 combat=1
[00:06:04.417] [HOST] INFO: SPIKE 9 unit role=H t=3016 hand=1,2131835904 pos=-51204.22,1556.25,2841.65 body=0 combat=1
[00:06:04.417] [HOST] INFO: SPIKE 9 unit role=H t=3016 hand=1,2649292032 pos=-51225.24,1555.33,2854.83 body=0 combat=1
[00:06:04.417] [HOST] INFO: SPIKE 9 unit role=H t=3016 hand=1,258422848 pos=-51214.77,1555.30,2856.37 body=0 combat=1
[00:06:04.417] [HOST] INFO: SPIKE 9 unit role=H t=3016 hand=1,504028320 pos=-51241.76,1551.42,2876.39 body=0 combat=1
[00:06:04.417] [HOST] INFO: SPIKE 9 unit role=H t=3016 hand=1,3520263680 pos=-51218.15,1556.64,2845.26 body=0 combat=1
[00:06:04.417] [HOST] INFO: SPIKE 9 unit role=H t=3016 hand=1,3823120128 pos=-51216.72,1558.96,2789.33 body=0 combat=1
[00:06:04.417] [HOST] INFO: SPIKE 9 unit role=H t=3016 hand=1,3996215808 pos=-51230.73,1559.57,2742.41 body=0 combat=0
[00:06:04.417] [HOST] INFO: SPIKE 9 units role=H t=3016 n=27
[00:06:04.919] [HOST] INFO: SCENARIO MEMBER hand=1,2637329152,1,1,3079467776 pos=-51230.94,1558.08,2831.52
[00:06:05.417] [HOST] INFO: SCENARIO MEMBER hand=1,2637329152,1,1,3079467776 pos=-51229.47,1558.14,2830.52
[00:06:05.915] [HOST] INFO: SCENARIO MEMBER hand=1,2637329152,1,1,3079467776 pos=-51227.95,1558.37,2827.37
[00:06:05.915] [HOST] INFO: SPIKE 9 drive t=4516 orders=0
[00:06:05.915] [HOST] INFO: SPIKE 9 unit role=H t=4516 hand=1,1667968768 pos=-51263.57,1583.65,2632.76 body=0 combat=1
[00:06:05.915] [HOST] INFO: SPIKE 9 unit role=H t=4516 hand=1,524536128 pos=-51252.29,1582.90,2655.68 body=0 combat=1
[00:06:05.915] [HOST] INFO: SPIKE 9 unit role=H t=4516 hand=1,1723144576 pos=-51249.07,1582.92,2634.28 body=0 combat=1
[00:06:05.915] [HOST] INFO: SPIKE 9 unit role=H t=4516 hand=1,2590331904 pos=-51221.41,1581.68,2656.46 body=0 combat=1
[00:06:05.915] [HOST] INFO: SPIKE 9 unit role=H t=4516 hand=3,3090698240 pos=-51260.47,1578.27,2665.19 body=0 combat=1
[00:06:05.915] [HOST] INFO: SPIKE 9 unit role=H t=4516 hand=4,1276245120 pos=-51233.30,1582.53,2636.89 body=0 combat=1
[00:06:05.915] [HOST] INFO: SPIKE 9 unit role=H t=4516 hand=2,2703369216 pos=-51232.03,1582.08,2664.92 body=0 combat=1
[00:06:05.915] [HOST] INFO: SPIKE 9 unit role=H t=4516 hand=1,2019897472 pos=-51203.28,1557.20,2777.26 body=0 combat=1
[00:06:05.915] [HOST] INFO: SPIKE 9 unit role=H t=4516 hand=1,3416992256 pos=-51229.88,1549.45,2883.64 body=0 combat=1
[00:06:05.915] [HOST] INFO: SPIKE 9 unit role=H t=4516 hand=1,3396362240 pos=-51220.21,1550.68,2880.94 body=0 combat=1
[00:06:05.915] [HOST] INFO: SPIKE 9 unit role=H t=4516 hand=1,2078735360 pos=-51251.43,1553.79,2868.62 body=0 combat=1
[00:06:05.915] [HOST] INFO: SPIKE 9 unit role=H t=4516 hand=1,3324462848 pos=-51235.88,1554.52,2860.52 body=0 combat=1
[00:06:05.915] [HOST] INFO: SPIKE 9 unit role=H t=4516 hand=1,2347045888 pos=-51241.60,1556.54,2848.09 body=0 combat=1
[00:06:05.915] [HOST] INFO: SPIKE 9 unit role=H t=4516 hand=1,96923832 pos=-51234.48,1557.11,2843.92 body=0 combat=1
[00:06:05.915] [HOST] INFO: SPIKE 9 unit role=H t=4516 hand=1,229980464 pos=-51267.95,1560.17,2843.03 body=0 combat=1
[00:06:05.915] [HOST] INFO: SPIKE 9 unit role=H t=4516 hand=1,2074707072 pos=-51255.13,1555.91,2860.56 body=0 combat=1
[00:06:05.915] [HOST] INFO: SPIKE 9 unit role=H t=4516 hand=1,2042358400 pos=-51204.39,1550.49,2884.02 body=0 combat=1
[00:06:05.915] [HOST] INFO: SPIKE 9 unit role=H t=4516 hand=1,2930297856 pos=-51206.43,1553.68,2867.70 body=0 combat=1
[00:06:05.915] [HOST] INFO: SPIKE 9 unit role=H t=4516 hand=1,1311523456 pos=-51196.64,1555.67,2838.56 body=0 combat=1
[00:06:05.915] [HOST] INFO: SPIKE 9 unit role=H t=4516 hand=1,3193725696 pos=-51204.95,1556.38,2838.30 body=0 combat=1
[00:06:05.915] [HOST] INFO: SPIKE 9 unit role=H t=4516 hand=1,2680297728 pos=-51227.09,1557.66,2835.31 body=0 combat=1
[00:06:05.915] [HOST] INFO: SPIKE 9 unit role=H t=4516 hand=1,1806274432 pos=-51219.46,1557.30,2833.47 body=0 combat=1
[00:06:05.915] [HOST] INFO: SPIKE 9 unit role=H t=4516 hand=1,2131835904 pos=-51206.92,1555.77,2850.74 body=0 combat=1
[00:06:05.915] [HOST] INFO: SPIKE 9 unit role=H t=4516 hand=1,2649292032 pos=-51222.38,1555.41,2853.96 body=0 combat=1
[00:06:05.915] [HOST] INFO: SPIKE 9 unit role=H t=4516 hand=1,258422848 pos=-51215.48,1554.58,2862.63 body=0 combat=1
[00:06:05.915] [HOST] INFO: SPIKE 9 unit role=H t=4516 hand=1,504028320 pos=-51224.76,1553.01,2868.47 body=0 combat=1
[00:06:05.915] [HOST] INFO: SPIKE 9 unit role=H t=4516 hand=1,3520263680 pos=-51211.86,1557.18,2830.29 body=0 combat=1
[00:06:05.915] [HOST] INFO: SPIKE 9 unit role=H t=4516 hand=1,3823120128 pos=-51217.07,1557.90,2817.93 body=0 combat=1
[00:06:05.915] [HOST] INFO: SPIKE 9 unit role=H t=4516 hand=1,3996215808 pos=-51148.49,1550.82,2839.24 body=0 combat=0
[00:06:05.915] [HOST] INFO: SPIKE 9 units role=H t=4516 n=29
[00:06:06.423] [HOST] INFO: SCENARIO MEMBER hand=1,2637329152,1,1,3079467776 pos=-51227.95,1558.38,2827.34
[00:06:06.922] [HOST] INFO: SCENARIO MEMBER hand=1,2637329152,1,1,3079467776 pos=-51229.41,1558.57,2825.90
[00:06:07.419] [HOST] INFO: SCENARIO MEMBER hand=1,2637329152,1,1,3079467776 pos=-51230.55,1558.67,2825.24
[00:06:07.419] [HOST] INFO: SPIKE 9 drive t=6016 orders=1
[00:06:07.419] [HOST] INFO: SPIKE 9 unit role=H t=6016 hand=1,524536128 pos=-51255.46,1583.18,2644.51 body=0 combat=1
[00:06:07.419] [HOST] INFO: SPIKE 9 unit role=H t=6016 hand=1,1723144576 pos=-51252.47,1583.25,2636.37 body=0 combat=1
[00:06:07.419] [HOST] INFO: SPIKE 9 unit role=H t=6016 hand=1,2590331904 pos=-51245.36,1582.79,2639.34 body=0 combat=1
[00:06:07.419] [HOST] INFO: SPIKE 9 unit role=H t=6016 hand=3,3090698240 pos=-51253.59,1583.25,2635.83 body=0 combat=1
[00:06:07.419] [HOST] INFO: SPIKE 9 unit role=H t=6016 hand=4,1276245120 pos=-51230.66,1582.43,2637.14 body=0 combat=1
[00:06:07.419] [HOST] INFO: SPIKE 9 unit role=H t=6016 hand=2,2703369216 pos=-51233.88,1581.96,2675.30 body=0 combat=1
[00:06:07.419] [HOST] INFO: SPIKE 9 unit role=H t=6016 hand=1,3808471552 pos=-51280.80,1563.00,2672.70 body=0 combat=0
[00:06:07.419] [HOST] INFO: SPIKE 9 unit role=H t=6016 hand=1,2019897472 pos=-51151.64,1551.48,2807.85 body=0 combat=1
[00:06:07.419] [HOST] INFO: SPIKE 9 unit role=H t=6016 hand=1,3416992256 pos=-51228.25,1548.79,2886.12 body=0 combat=1
[00:06:07.419] [HOST] INFO: SPIKE 9 unit role=H t=6016 hand=1,3396362240 pos=-51214.98,1549.62,2886.43 body=0 combat=1
[00:06:07.419] [HOST] INFO: SPIKE 9 unit role=H t=6016 hand=1,2078735360 pos=-51236.43,1554.48,2860.83 body=0 combat=1
[00:06:07.419] [HOST] INFO: SPIKE 9 unit role=H t=6016 hand=1,3324462848 pos=-51230.70,1555.29,2855.40 body=0 combat=1
[00:06:07.419] [HOST] INFO: SPIKE 9 unit role=H t=6016 hand=1,2347045888 pos=-51237.23,1556.30,2849.07 body=0 combat=1
[00:06:07.419] [HOST] INFO: SPIKE 9 unit role=H t=6016 hand=1,96923832 pos=-51234.08,1557.48,2839.40 body=0 combat=1
[00:06:07.419] [HOST] INFO: SPIKE 9 unit role=H t=6016 hand=1,229980464 pos=-51254.85,1555.53,2862.49 body=0 combat=1
[00:06:07.419] [HOST] INFO: SPIKE 9 unit role=H t=6016 hand=1,2074707072 pos=-51248.00,1553.42,2867.92 body=0 combat=1
[00:06:07.419] [HOST] INFO: SPIKE 9 unit role=H t=6016 hand=1,2042358400 pos=-51195.48,1552.87,2869.54 body=0 combat=1
[00:06:07.419] [HOST] INFO: SPIKE 9 unit role=H t=6016 hand=1,2930297856 pos=-51186.64,1551.10,2877.73 body=0 combat=1
[00:06:07.419] [HOST] INFO: SPIKE 9 unit role=H t=6016 hand=1,1311523456 pos=-51189.31,1555.03,2837.95 body=0 combat=1
[00:06:07.419] [HOST] INFO: SPIKE 9 unit role=H t=6016 hand=1,3193725696 pos=-51204.89,1556.35,2839.31 body=0 combat=1
[00:06:07.419] [HOST] INFO: SPIKE 9 unit role=H t=6016 hand=1,2680297728 pos=-51222.44,1558.11,2826.15 body=0 combat=1
[00:06:07.419] [HOST] INFO: SPIKE 9 unit role=H t=6016 hand=1,1806274432 pos=-51226.58,1557.51,2836.62 body=0 combat=1
[00:06:07.419] [HOST] INFO: SPIKE 9 unit role=H t=6016 hand=1,2131835904 pos=-51196.21,1554.45,2858.42 body=0 combat=1
[00:06:07.419] [HOST] INFO: SPIKE 9 unit role=H t=6016 hand=1,2649292032 pos=-51223.00,1555.30,2854.74 body=0 combat=1
[00:06:07.419] [HOST] INFO: SPIKE 9 unit role=H t=6016 hand=1,258422848 pos=-51213.62,1554.78,2862.02 body=0 combat=1
[00:06:07.419] [HOST] INFO: SPIKE 9 unit role=H t=6016 hand=1,504028320 pos=-51235.44,1549.75,2882.80 body=0 combat=1
[00:06:07.419] [HOST] INFO: SPIKE 9 unit role=H t=6016 hand=1,3520263680 pos=-51207.12,1557.01,2825.56 body=0 combat=1
[00:06:07.419] [HOST] INFO: SPIKE 9 unit role=H t=6016 hand=1,3823120128 pos=-51216.38,1557.85,2817.71 body=0 combat=1
[00:06:07.419] [HOST] INFO: SPIKE 9 unit role=H t=6016 hand=1,3996215808 pos=-51045.58,1540.56,2830.99 body=0 combat=0
[00:06:07.419] [HOST] INFO: SPIKE 9 units role=H t=6016 n=29
[00:06:07.915] [HOST] INFO: SCENARIO MEMBER hand=1,2637329152,1,1,3079467776 pos=-51230.55,1558.67,2825.24
[00:06:08.420] [HOST] INFO: SCENARIO MEMBER hand=1,2637329152,1,1,3079467776 pos=-51230.55,1558.67,2825.24
[00:06:08.921] [HOST] INFO: SCENARIO MEMBER hand=1,2637329152,1,1,3079467776 pos=-51229.50,1558.89,2821.04
[00:06:08.921] [HOST] INFO: SPIKE 9 drive t=7516 orders=0
[00:06:08.921] [HOST] INFO: SPIKE 9 unit role=H t=7516 hand=1,1667968768 pos=-51253.09,1583.43,2622.71 body=0 combat=1
[00:06:08.921] [HOST] INFO: SPIKE 9 unit role=H t=7516 hand=1,524536128 pos=-51261.91,1583.45,2635.94 body=0 combat=1
[00:06:08.921] [HOST] INFO: SPIKE 9 unit role=H t=7516 hand=1,1723144576 pos=-51256.23,1583.50,2625.71 body=0 combat=1
[00:06:08.921] [HOST] INFO: SPIKE 9 unit role=H t=7516 hand=1,2590331904 pos=-51254.99,1583.38,2635.58 body=0 combat=1
[00:06:08.921] [HOST] INFO: SPIKE 9 unit role=H t=7516 hand=3,3090698240 pos=-51268.16,1583.76,2638.45 body=0 combat=1
[00:06:08.921] [HOST] INFO: SPIKE 9 unit role=H t=7516 hand=4,1276245120 pos=-51229.65,1582.40,2635.94 body=0 combat=1
[00:06:08.921] [HOST] INFO: SPIKE 9 unit role=H t=7516 hand=2,2703369216 pos=-51230.40,1581.85,2672.98 body=0 combat=1
[00:06:08.921] [HOST] INFO: SPIKE 9 unit role=H t=7516 hand=1,2019897472 pos=-51125.39,1548.86,2766.59 body=0 combat=1
[00:06:08.921] [HOST] INFO: SPIKE 9 unit role=H t=7516 hand=1,3416992256 pos=-51236.17,1545.05,2899.52 body=0 combat=1
[00:06:08.921] [HOST] INFO: SPIKE 9 unit role=H t=7516 hand=1,3396362240 pos=-51230.10,1546.78,2893.69 body=0 combat=1
[00:06:08.921] [HOST] INFO: SPIKE 9 unit role=H t=7516 hand=1,2078735360 pos=-51234.98,1554.50,2860.67 body=0 combat=1
[00:06:08.921] [HOST] INFO: SPIKE 9 unit role=H t=7516 hand=1,3324462848 pos=-51228.68,1556.16,2849.57 body=0 combat=1
[00:06:08.921] [HOST] INFO: SPIKE 9 unit role=H t=7516 hand=1,2347045888 pos=-51229.75,1557.88,2833.71 body=0 combat=1
[00:06:08.921] [HOST] INFO: SPIKE 9 unit role=H t=7516 hand=1,96923832 pos=-51234.41,1558.66,2827.30 body=0 combat=1
[00:06:08.921] [HOST] INFO: SPIKE 9 unit role=H t=7516 hand=1,229980464 pos=-51261.59,1556.97,2859.99 body=0 combat=1
[00:06:08.921] [HOST] INFO: SPIKE 9 unit role=H t=7516 hand=1,2074707072 pos=-51254.32,1555.37,2862.88 body=0 combat=1
[00:06:08.921] [HOST] INFO: SPIKE 9 unit role=H t=7516 hand=1,2042358400 pos=-51195.07,1552.65,2870.77 body=0 combat=1
[00:06:08.921] [HOST] INFO: SPIKE 9 unit role=H t=7516 hand=1,2930297856 pos=-51182.61,1550.48,2881.10 body=0 combat=1
[00:06:08.921] [HOST] INFO: SPIKE 9 unit role=H t=7516 hand=1,1311523456 pos=-51187.58,1554.86,2838.09 body=0 combat=1
[00:06:08.921] [HOST] INFO: SPIKE 9 unit role=H t=7516 hand=1,3193725696 pos=-51203.29,1556.10,2844.36 body=0 combat=1
[00:06:08.921] [HOST] INFO: SPIKE 9 unit role=H t=7516 hand=1,2680297728 pos=-51221.69,1558.12,2822.69 body=0 combat=1
[00:06:08.921] [HOST] INFO: SPIKE 9 unit role=H t=7516 hand=1,1806274432 pos=-51219.33,1557.11,2836.25 body=0 combat=1
[00:06:08.921] [HOST] INFO: SPIKE 9 unit role=H t=7516 hand=1,2131835904 pos=-51216.16,1555.43,2854.67 body=0 combat=1
[00:06:08.921] [HOST] INFO: SPIKE 9 unit role=H t=7516 hand=1,2649292032 pos=-51224.36,1555.10,2856.26 body=0 combat=1
[00:06:08.921] [HOST] INFO: SPIKE 9 unit role=H t=7516 hand=1,258422848 pos=-51208.12,1552.81,2872.93 body=0 combat=1
[00:06:08.921] [HOST] INFO: SPIKE 9 unit role=H t=7516 hand=1,504028320 pos=-51230.17,1550.07,2881.34 body=0 combat=1
[00:06:08.921] [HOST] INFO: SPIKE 9 unit role=H t=7516 hand=1,3520263680 pos=-51199.04,1555.96,2833.24 body=0 combat=1
[00:06:08.921] [HOST] INFO: SPIKE 9 unit role=H t=7516 hand=1,3823120128 pos=-51210.02,1557.39,2820.29 body=0 combat=1
[00:06:08.921] [HOST] INFO: SPIKE 9 unit role=H t=7516 hand=1,3808471552 pos=-51248.50,1560.25,2719.93 body=0 combat=1
[00:06:08.921] [HOST] INFO: SPIKE 9 units role=H t=7516 n=29
[00:06:09.425] [HOST] INFO: SCENARIO MEMBER hand=1,2637329152,1,1,3079467776 pos=-51229.51,1558.90,2820.97
[00:06:09.922] [HOST] INFO: SCENARIO MEMBER hand=1,2637329152,1,1,3079467776 pos=-51229.59,1558.90,2820.95
[00:06:10.425] [HOST] INFO: SCENARIO MEMBER hand=1,2637329152,1,1,3079467776 pos=-51230.43,1558.94,2820.99
[00:06:10.425] [HOST] INFO: SPIKE 9 drive t=9016 orders=0
[00:06:10.425] [HOST] INFO: SPIKE 9 unit role=H t=9016 hand=1,524536128 pos=-51266.35,1583.67,2641.05 body=0 combat=1
[00:06:10.425] [HOST] INFO: SPIKE 9 unit role=H t=9016 hand=1,1723144576 pos=-51263.43,1583.64,2633.22 body=0 combat=1
[00:06:10.425] [HOST] INFO: SPIKE 9 unit role=H t=9016 hand=1,2590331904 pos=-51235.98,1582.66,2639.37 body=0 combat=1
[00:06:10.425] [HOST] INFO: SPIKE 9 unit role=H t=9016 hand=3,3090698240 pos=-51269.23,1583.77,2638.09 body=0 combat=1
[00:06:10.425] [HOST] INFO: SPIKE 9 unit role=H t=9016 hand=4,1276245120 pos=-51241.72,1582.87,2633.54 body=0 combat=1
[00:06:10.425] [HOST] INFO: SPIKE 9 unit role=H t=9016 hand=2,2703369216 pos=-51235.77,1582.01,2672.98 body=0 combat=1
[00:06:10.425] [HOST] INFO: SPIKE 9 unit role=H t=9016 hand=1,3823120128 pos=-51202.38,1556.44,2828.82 body=0 combat=1
[00:06:10.425] [HOST] INFO: SPIKE 9 unit role=H t=9016 hand=1,3416992256 pos=-51241.71,1542.55,2906.07 body=0 combat=1
[00:06:10.425] [HOST] INFO: SPIKE 9 unit role=H t=9016 hand=1,3396362240 pos=-51234.37,1545.97,2896.71 body=0 combat=1
[00:06:10.425] [HOST] INFO: SPIKE 9 unit role=H t=9016 hand=1,2078735360 pos=-51222.86,1556.93,2843.23 body=0 combat=1
[00:06:10.425] [HOST] INFO: SPIKE 9 unit role=H t=9016 hand=1,3324462848 pos=-51219.32,1557.27,2833.74 body=0 combat=1
[00:06:10.425] [HOST] INFO: SPIKE 9 unit role=H t=9016 hand=1,2347045888 pos=-51243.92,1558.60,2831.87 body=0 combat=1
[00:06:10.425] [HOST] INFO: SPIKE 9 unit role=H t=9016 hand=1,96923832 pos=-51234.12,1558.50,2828.56 body=0 combat=1
[00:06:10.425] [HOST] INFO: SPIKE 9 unit role=H t=9016 hand=1,229980464 pos=-51273.72,1559.35,2856.41 body=0 combat=1
[00:06:10.425] [HOST] INFO: SPIKE 9 unit role=H t=9016 hand=1,2074707072 pos=-51261.72,1557.23,2858.24 body=0 combat=1
[00:06:10.425] [HOST] INFO: SPIKE 9 unit role=H t=9016 hand=1,2042358400 pos=-51191.36,1552.26,2872.20 body=0 combat=1
[00:06:10.425] [HOST] INFO: SPIKE 9 unit role=H t=9016 hand=1,2930297856 pos=-51173.23,1549.02,2888.00 body=0 combat=1
[00:06:10.425] [HOST] INFO: SPIKE 9 unit role=H t=9016 hand=1,1311523456 pos=-51178.01,1553.94,2835.96 body=0 combat=1
[00:06:10.425] [HOST] INFO: SPIKE 9 unit role=H t=9016 hand=1,3193725696 pos=-51202.28,1555.98,2844.75 body=0 combat=1
[00:06:10.425] [HOST] INFO: SPIKE 9 unit role=H t=9016 hand=1,2680297728 pos=-51222.80,1558.38,2818.63 body=0 combat=1
[00:06:10.425] [HOST] INFO: SPIKE 9 unit role=H t=9016 hand=1,1806274432 pos=-51212.52,1557.21,2829.89 body=0 combat=1
[00:06:10.425] [HOST] INFO: SPIKE 9 unit role=H t=9016 hand=1,2131835904 pos=-51220.78,1555.01,2857.32 body=0 combat=1
[00:06:10.425] [HOST] INFO: SPIKE 9 unit role=H t=9016 hand=1,2649292032 pos=-51229.57,1554.39,2861.38 body=0 combat=1
[00:06:10.425] [HOST] INFO: SPIKE 9 unit role=H t=9016 hand=1,258422848 pos=-51199.28,1552.38,2873.22 body=0 combat=1
[00:06:10.425] [HOST] INFO: SPIKE 9 unit role=H t=9016 hand=1,504028320 pos=-51210.14,1551.97,2877.96 body=0 combat=1
[00:06:10.425] [HOST] INFO: SPIKE 9 unit role=H t=9016 hand=1,3520263680 pos=-51187.63,1554.64,2845.90 body=0 combat=1
[00:06:10.425] [HOST] INFO: SPIKE 9 units role=H t=9016 n=26
[00:06:10.921] [HOST] INFO: SCENARIO MEMBER hand=1,2637329152,1,1,3079467776 pos=-51230.37,1558.96,2820.71
[00:06:11.425] [HOST] INFO: SCENARIO MEMBER hand=1,2637329152,1,1,3079467776 pos=-51230.28,1558.96,2820.58
[00:06:11.917] [HOST] INFO: SCENARIO MEMBER hand=1,2637329152,1,1,3079467776 pos=-51230.28,1558.96,2820.57
[00:06:11.917] [HOST] INFO: SPIKE 9 drive t=10516 orders=0
[00:06:11.917] [HOST] INFO: SPIKE 9 unit role=H t=10516 hand=1,524536128 pos=-51262.26,1583.43,2643.56 body=0 combat=1
[00:06:11.917] [HOST] INFO: SPIKE 9 unit role=H t=10516 hand=1,1723144576 pos=-51255.43,1583.46,2626.33 body=0 combat=1
[00:06:11.917] [HOST] INFO: SPIKE 9 unit role=H t=10516 hand=1,2590331904 pos=-51250.23,1582.95,2640.36 body=0 combat=1
[00:06:11.917] [HOST] INFO: SPIKE 9 unit role=H t=10516 hand=3,3090698240 pos=-51269.23,1583.77,2638.09 body=0 combat=1
[00:06:11.917] [HOST] INFO: SPIKE 9 unit role=H t=10516 hand=4,1276245120 pos=-51237.00,1582.69,2634.28 body=0 combat=1
[00:06:11.917] [HOST] INFO: SPIKE 9 unit role=H t=10516 hand=2,2703369216 pos=-51235.93,1582.09,2671.45 body=0 combat=1
[00:06:11.917] [HOST] INFO: SPIKE 9 unit role=H t=10516 hand=1,3823120128 pos=-51195.79,1555.64,2836.51 body=0 combat=1
[00:06:11.917] [HOST] INFO: SPIKE 9 unit role=H t=10516 hand=1,3416992256 pos=-51248.90,1537.76,2920.66 body=0 combat=1
[00:06:11.917] [HOST] INFO: SPIKE 9 unit role=H t=10516 hand=1,3396362240 pos=-51246.00,1539.99,2912.75 body=0 combat=1
[00:06:11.917] [HOST] INFO: SPIKE 9 unit role=H t=10516 hand=1,2078735360 pos=-51222.59,1556.70,2845.39 body=0 combat=1
[00:06:11.917] [HOST] INFO: SPIKE 9 unit role=H t=10516 hand=1,3324462848 pos=-51219.55,1557.45,2831.80 body=0 combat=1
[00:06:11.917] [HOST] INFO: SPIKE 9 unit role=H t=10516 hand=1,2347045888 pos=-51251.46,1559.15,2833.53 body=0 combat=1
[00:06:11.917] [HOST] INFO: SPIKE 9 unit role=H t=10516 hand=1,96923832 pos=-51239.62,1558.77,2828.61 body=0 combat=1
[00:06:11.917] [HOST] INFO: SPIKE 9 unit role=H t=10516 hand=1,229980464 pos=-51274.92,1559.60,2856.02 body=0 combat=1
[00:06:11.917] [HOST] INFO: SPIKE 9 unit role=H t=10516 hand=1,2074707072 pos=-51262.45,1557.36,2857.91 body=0 combat=1
[00:06:11.917] [HOST] INFO: SPIKE 9 unit role=H t=10516 hand=1,2042358400 pos=-51190.95,1552.23,2872.13 body=0 combat=1
[00:06:11.917] [HOST] INFO: SPIKE 9 unit role=H t=10516 hand=1,2930297856 pos=-51173.32,1549.04,2887.96 body=0 combat=1
[00:06:11.917] [HOST] INFO: SPIKE 9 unit role=H t=10516 hand=1,1311523456 pos=-51196.07,1555.48,2844.57 body=0 combat=1
[00:06:11.917] [HOST] INFO: SPIKE 9 unit role=H t=10516 hand=1,3193725696 pos=-51205.77,1555.61,2851.38 body=0 combat=1
[00:06:11.917] [HOST] INFO: SPIKE 9 unit role=H t=10516 hand=1,2680297728 pos=-51224.80,1559.34,2807.22 body=0 combat=1
[00:06:11.917] [HOST] INFO: SPIKE 9 unit role=H t=10516 hand=1,1806274432 pos=-51209.77,1557.10,2830.98 body=0 combat=1
[00:06:11.917] [HOST] INFO: SPIKE 9 unit role=H t=10516 hand=1,2131835904 pos=-51230.74,1551.60,2874.73 body=0 combat=1
[00:06:11.917] [HOST] INFO: SPIKE 9 unit role=H t=10516 hand=1,2649292032 pos=-51231.07,1554.22,2862.42 body=0 combat=1
[00:06:11.917] [HOST] INFO: SPIKE 9 unit role=H t=10516 hand=1,258422848 pos=-51201.74,1552.26,2874.46 body=0 combat=1
[00:06:11.917] [HOST] INFO: SPIKE 9 unit role=H t=10516 hand=1,504028320 pos=-51212.89,1551.29,2880.49 body=0 combat=1
[00:06:11.917] [HOST] INFO: SPIKE 9 unit role=H t=10516 hand=1,3520263680 pos=-51186.21,1554.25,2849.60 body=0 combat=1
[00:06:11.917] [HOST] INFO: SPIKE 9 units role=H t=10516 n=26
[00:06:12.421] [HOST] INFO: SCENARIO MEMBER hand=1,2637329152,1,1,3079467776 pos=-51230.28,1558.96,2820.57
[00:06:12.924] [HOST] INFO: SCENARIO MEMBER hand=1,2637329152,1,1,3079467776 pos=-51230.28,1558.96,2820.57
[00:06:13.417] [HOST] INFO: SCENARIO MEMBER hand=1,2637329152,1,1,3079467776 pos=-51230.28,1558.96,2820.57
[00:06:13.417] [HOST] INFO: SPIKE 9 drive t=12016 orders=0
[00:06:13.417] [HOST] INFO: SPIKE 9 unit role=H t=12016 hand=1,524536128 pos=-51256.30,1583.52,2625.90 body=0 combat=1
[00:06:13.417] [HOST] INFO: SPIKE 9 unit role=H t=12016 hand=1,2590331904 pos=-51252.34,1583.16,2643.74 body=0 combat=1
[00:06:13.417] [HOST] INFO: SPIKE 9 unit role=H t=12016 hand=3,3090698240 pos=-51269.23,1583.77,2638.09 body=0 combat=1
[00:06:13.417] [HOST] INFO: SPIKE 9 unit role=H t=12016 hand=4,1276245120 pos=-51237.32,1582.69,2634.69 body=0 combat=1
[00:06:13.417] [HOST] INFO: SPIKE 9 unit role=H t=12016 hand=2,2703369216 pos=-51236.05,1582.09,2670.39 body=0 combat=1
[00:06:13.417] [HOST] INFO: SPIKE 9 unit role=H t=12016 hand=1,3823120128 pos=-51191.08,1555.20,2838.51 body=0 combat=1
[00:06:13.417] [HOST] INFO: SPIKE 9 unit role=H t=12016 hand=1,3416992256 pos=-51251.21,1535.58,2928.79 body=0 combat=1
[00:06:13.417] [HOST] INFO: SPIKE 9 unit role=H t=12016 hand=1,3396362240 pos=-51247.13,1541.12,2910.08 body=0 combat=1
[00:06:13.417] [HOST] INFO: SPIKE 9 unit role=H t=12016 hand=1,2078735360 pos=-51220.67,1557.04,2838.86 body=0 combat=1
[00:06:13.417] [HOST] INFO: SPIKE 9 unit role=H t=12016 hand=1,3324462848 pos=-51219.32,1557.58,2829.98 body=0 combat=1
[00:06:13.417] [HOST] INFO: SPIKE 9 unit role=H t=12016 hand=1,2347045888 pos=-51255.32,1559.42,2834.85 body=0 combat=1
[00:06:13.417] [HOST] INFO: SPIKE 9 unit role=H t=12016 hand=1,96923832 pos=-51240.63,1558.77,2828.96 body=0 combat=1
[00:06:13.417] [HOST] INFO: SPIKE 9 unit role=H t=12016 hand=1,229980464 pos=-51274.28,1559.40,2856.76 body=0 combat=1
[00:06:13.417] [HOST] INFO: SPIKE 9 unit role=H t=12016 hand=1,2074707072 pos=-51261.60,1557.27,2857.81 body=0 combat=1
[00:06:13.417] [HOST] INFO: SPIKE 9 unit role=H t=12016 hand=1,2042358400 pos=-51200.53,1553.77,2865.62 body=0 combat=1
[00:06:13.417] [HOST] INFO: SPIKE 9 unit role=H t=12016 hand=1,2930297856 pos=-51190.41,1552.33,2871.29 body=0 combat=1
[00:06:13.417] [HOST] INFO: SPIKE 9 unit role=H t=12016 hand=1,1311523456 pos=-51199.24,1555.62,2845.82 body=0 combat=1
[00:06:13.417] [HOST] INFO: SPIKE 9 unit role=H t=12016 hand=1,3193725696 pos=-51208.14,1555.58,2853.65 body=0 combat=1
[00:06:13.417] [HOST] INFO: SPIKE 9 unit role=H t=12016 hand=1,2680297728 pos=-51220.82,1558.50,2813.27 body=0 combat=1
[00:06:13.417] [HOST] INFO: SPIKE 9 unit role=H t=12016 hand=1,1806274432 pos=-51206.64,1556.88,2828.22 body=0 combat=1
[00:06:13.417] [HOST] INFO: SPIKE 9 unit role=H t=12016 hand=1,2131835904 pos=-51230.49,1552.14,2872.18 body=0 combat=1
[00:06:13.417] [HOST] INFO: SPIKE 9 unit role=H t=12016 hand=1,2649292032 pos=-51231.74,1554.57,2860.23 body=0 combat=1
[00:06:13.417] [HOST] INFO: SPIKE 9 unit role=H t=12016 hand=1,258422848 pos=-51203.30,1552.21,2875.05 body=0 combat=1
[00:06:13.417] [HOST] INFO: SPIKE 9 unit role=H t=12016 hand=1,504028320 pos=-51215.74,1550.35,2883.31 body=0 combat=1
[00:06:13.417] [HOST] INFO: SPIKE 9 unit role=H t=12016 hand=1,3520263680 pos=-51175.19,1552.62,2861.66 body=0 combat=1
[00:06:13.418] [HOST] INFO: SPIKE 9 units role=H t=12016 n=25
[00:06:13.916] [HOST] INFO: SCENARIO MEMBER hand=1,2637329152,1,1,3079467776 pos=-51230.28,1558.96,2820.57
[00:06:14.421] [HOST] INFO: SCENARIO MEMBER hand=1,2637329152,1,1,3079467776 pos=-51230.56,1558.98,2820.58
[00:06:14.917] [HOST] INFO: SCENARIO MEMBER hand=1,2637329152,1,1,3079467776 pos=-51230.56,1558.98,2820.58
[00:06:14.917] [HOST] INFO: SPIKE 9 drive t=13516 orders=0
[00:06:14.917] [HOST] INFO: SPIKE 9 unit role=H t=13516 hand=1,2590331904 pos=-51243.84,1582.76,2643.44 body=0 combat=1
[00:06:14.917] [HOST] INFO: SPIKE 9 unit role=H t=13516 hand=3,3090698240 pos=-51269.23,1583.77,2638.09 body=0 combat=1
[00:06:14.917] [HOST] INFO: SPIKE 9 unit role=H t=13516 hand=4,1276245120 pos=-51240.29,1582.89,2629.30 body=0 combat=1
[00:06:14.917] [HOST] INFO: SPIKE 9 unit role=H t=13516 hand=2,2703369216 pos=-51228.34,1582.11,2651.66 body=0 combat=1
[00:06:14.917] [HOST] INFO: SPIKE 9 unit role=H t=13516 hand=1,3823120128 pos=-51183.62,1554.10,2848.01 body=0 combat=1
[00:06:14.917] [HOST] INFO: SPIKE 9 unit role=H t=13516 hand=1,3416992256 pos=-51247.46,1538.71,2916.76 body=0 combat=1
[00:06:14.917] [HOST] INFO: SPIKE 9 unit role=H t=13516 hand=1,3396362240 pos=-51246.68,1542.29,2906.92 body=0 combat=1
[00:06:14.917] [HOST] INFO: SPIKE 9 unit role=H t=13516 hand=1,2078735360 pos=-51217.98,1557.85,2824.37 body=0 combat=1
[00:06:14.917] [HOST] INFO: SPIKE 9 unit role=H t=13516 hand=1,3324462848 pos=-51224.45,1558.99,2812.27 body=0 combat=1
[00:06:14.917] [HOST] INFO: SPIKE 9 unit role=H t=13516 hand=1,2347045888 pos=-51254.99,1559.40,2834.86 body=0 combat=1
[00:06:14.918] [HOST] INFO: SPIKE 9 unit role=H t=13516 hand=1,96923832 pos=-51241.27,1558.79,2829.14 body=0 combat=1
[00:06:14.918] [HOST] INFO: SPIKE 9 unit role=H t=13516 hand=1,229980464 pos=-51278.34,1560.12,2856.63 body=0 combat=1
[00:06:14.918] [HOST] INFO: SPIKE 9 unit role=H t=13516 hand=1,2074707072 pos=-51270.41,1558.86,2856.00 body=0 combat=1
[00:06:14.918] [HOST] INFO: SPIKE 9 unit role=H t=13516 hand=1,2042358400 pos=-51199.82,1553.61,2866.26 body=0 combat=1
[00:06:14.918] [HOST] INFO: SPIKE 9 unit role=H t=13516 hand=1,2930297856 pos=-51180.74,1551.08,2876.20 body=0 combat=1
[00:06:14.918] [HOST] INFO: SPIKE 9 unit role=H t=13516 hand=1,1311523456 pos=-51199.95,1555.64,2846.23 body=0 combat=1
[00:06:14.918] [HOST] INFO: SPIKE 9 unit role=H t=13516 hand=1,3193725696 pos=-51209.56,1555.57,2854.96 body=0 combat=1
[00:06:14.918] [HOST] INFO: SPIKE 9 unit role=H t=13516 hand=1,2680297728 pos=-51207.43,1557.06,2824.28 body=0 combat=1
[00:06:14.918] [HOST] INFO: SPIKE 9 unit role=H t=13516 hand=1,1806274432 pos=-51195.58,1555.74,2829.43 body=0 combat=1
[00:06:14.918] [HOST] INFO: SPIKE 9 unit role=H t=13516 hand=1,2131835904 pos=-51240.40,1552.43,2871.39 body=0 combat=1
[00:06:14.918] [HOST] INFO: SPIKE 9 unit role=H t=13516 hand=1,2649292032 pos=-51232.04,1554.40,2861.35 body=0 combat=1
[00:06:14.918] [HOST] INFO: SPIKE 9 unit role=H t=13516 hand=1,258422848 pos=-51206.43,1551.87,2877.71 body=0 combat=1
[00:06:14.918] [HOST] INFO: SPIKE 9 unit role=H t=13516 hand=1,504028320 pos=-51217.65,1549.64,2885.50 body=0 combat=1
[00:06:14.918] [HOST] INFO: SPIKE 9 unit role=H t=13516 hand=1,3520263680 pos=-51166.80,1551.21,2866.97 body=0 combat=1
[00:06:14.918] [HOST] INFO: SPIKE 9 units role=H t=13516 n=24
[00:06:15.420] [HOST] INFO: SCENARIO MEMBER hand=1,2637329152,1,1,3079467776 pos=-51230.56,1558.98,2820.58
[00:06:15.919] [HOST] INFO: SCENARIO MEMBER hand=1,2637329152,1,1,3079467776 pos=-51230.76,1558.99,2820.51
[00:06:16.415] [HOST] INFO: SCENARIO MEMBER hand=1,2637329152,1,1,3079467776 pos=-51232.52,1559.09,2820.39
[00:06:16.415] [HOST] INFO: SPIKE 9 drive t=15016 orders=0
[00:06:16.415] [HOST] INFO: SPIKE 9 unit role=H t=15016 hand=1,2590331904 pos=-51251.75,1583.11,2637.51 body=0 combat=1
[00:06:16.415] [HOST] INFO: SPIKE 9 unit role=H t=15016 hand=3,3090698240 pos=-51269.23,1583.77,2638.09 body=0 combat=1
[00:06:16.415] [HOST] INFO: SPIKE 9 unit role=H t=15016 hand=4,1276245120 pos=-51240.23,1582.87,2629.75 body=0 combat=1
[00:06:16.415] [HOST] INFO: SPIKE 9 unit role=H t=15016 hand=1,3823120128 pos=-51187.52,1554.80,2840.99 body=0 combat=1
[00:06:16.415] [HOST] INFO: SPIKE 9 unit role=H t=15016 hand=1,3416992256 pos=-51245.74,1542.86,2905.24 body=0 combat=1
[00:06:16.415] [HOST] INFO: SPIKE 9 unit role=H t=15016 hand=1,3396362240 pos=-51247.40,1547.02,2893.72 body=0 combat=1
[00:06:16.415] [HOST] INFO: SPIKE 9 unit role=H t=15016 hand=1,2078735360 pos=-51215.15,1556.85,2841.97 body=0 combat=1
[00:06:16.415] [HOST] INFO: SPIKE 9 unit role=H t=15016 hand=1,3324462848 pos=-51221.62,1557.42,2833.71 body=0 combat=1
[00:06:16.415] [HOST] INFO: SPIKE 9 unit role=H t=15016 hand=1,2347045888 pos=-51261.22,1559.67,2836.88 body=0 combat=1
[00:06:16.415] [HOST] INFO: SPIKE 9 unit role=H t=15016 hand=1,96923832 pos=-51242.18,1558.82,2829.27 body=0 combat=1
[00:06:16.415] [HOST] INFO: SPIKE 9 unit role=H t=15016 hand=1,229980464 pos=-51293.36,1560.84,2860.10 body=0 combat=1
[00:06:16.415] [HOST] INFO: SPIKE 9 unit role=H t=15016 hand=1,2074707072 pos=-51283.18,1560.95,2855.91 body=0 combat=1
[00:06:16.415] [HOST] INFO: SPIKE 9 unit role=H t=15016 hand=1,2042358400 pos=-51199.89,1553.58,2866.48 body=0 combat=1
[00:06:16.415] [HOST] INFO: SPIKE 9 unit role=H t=15016 hand=1,2930297856 pos=-51187.27,1551.65,2873.80 body=0 combat=1
[00:06:16.415] [HOST] INFO: SPIKE 9 unit role=H t=15016 hand=1,1311523456 pos=-51199.92,1555.66,2845.95 body=0 combat=1
[00:06:16.415] [HOST] INFO: SPIKE 9 unit role=H t=15016 hand=1,3193725696 pos=-51208.77,1555.54,2854.52 body=0 combat=1
[00:06:16.415] [HOST] INFO: SPIKE 9 unit role=H t=15016 hand=1,2680297728 pos=-51224.64,1558.44,2820.86 body=0 combat=1
[00:06:16.415] [HOST] INFO: SPIKE 9 unit role=H t=15016 hand=1,1806274432 pos=-51216.58,1557.81,2821.34 body=0 combat=1
[00:06:16.415] [HOST] INFO: SPIKE 9 unit role=H t=15016 hand=1,2131835904 pos=-51242.78,1552.97,2868.68 body=0 combat=1
[00:06:16.415] [HOST] INFO: SPIKE 9 unit role=H t=15016 hand=1,2649292032 pos=-51231.75,1554.68,2859.48 body=0 combat=1
[00:06:16.415] [HOST] INFO: SPIKE 9 unit role=H t=15016 hand=1,258422848 pos=-51208.68,1551.64,2879.56 body=0 combat=1
[00:06:16.415] [HOST] INFO: SPIKE 9 unit role=H t=15016 hand=1,504028320 pos=-51214.07,1548.79,2890.39 body=0 combat=1
[00:06:16.415] [HOST] INFO: SPIKE 9 unit role=H t=15016 hand=1,3520263680 pos=-51180.57,1553.84,2847.36 body=0 combat=1
[00:06:16.415] [HOST] INFO: SPIKE 9 units role=H t=15016 n=23
[00:06:16.919] [HOST] INFO: SCENARIO MEMBER hand=1,2637329152,1,1,3079467776 pos=-51234.89,1559.21,2820.26
[00:06:17.418] [HOST] INFO: SCENARIO MEMBER hand=1,2637329152,1,1,3079467776 pos=-51234.89,1559.21,2820.26
[00:06:17.920] [HOST] INFO: SCENARIO MEMBER hand=1,2637329152,1,1,3079467776 pos=-51234.89,1559.21,2820.26
[00:06:17.920] [HOST] INFO: SPIKE 9 drive t=16516 orders=0
[00:06:17.920] [HOST] INFO: SPIKE 9 unit role=H t=16516 hand=1,2590331904 pos=-51249.38,1583.27,2627.50 body=0 combat=1
[00:06:17.920] [HOST] INFO: SPIKE 9 unit role=H t=16516 hand=3,3090698240 pos=-51269.23,1583.77,2638.09 body=0 combat=1
[00:06:17.920] [HOST] INFO: SPIKE 9 unit role=H t=16516 hand=4,1276245120 pos=-51232.58,1582.61,2631.15 body=0 combat=1
[00:06:17.920] [HOST] INFO: SPIKE 9 unit role=H t=16516 hand=1,3823120128 pos=-51187.97,1554.86,2840.33 body=0 combat=1
[00:06:17.920] [HOST] INFO: SPIKE 9 unit role=H t=16516 hand=1,3416992256 pos=-51244.96,1542.77,2905.47 body=0 combat=1
[00:06:17.920] [HOST] INFO: SPIKE 9 unit role=H t=16516 hand=1,3396362240 pos=-51247.09,1546.90,2894.00 body=0 combat=1
[00:06:17.920] [HOST] INFO: SPIKE 9 unit role=H t=16516 hand=1,2078735360 pos=-51215.40,1556.84,2842.33 body=0 combat=1
[00:06:17.920] [HOST] INFO: SPIKE 9 unit role=H t=16516 hand=1,3324462848 pos=-51223.09,1557.56,2833.29 body=0 combat=1
[00:06:17.920] [HOST] INFO: SPIKE 9 unit role=H t=16516 hand=1,2347045888 pos=-51264.70,1559.93,2837.70 body=0 combat=1
[00:06:17.920] [HOST] INFO: SPIKE 9 unit role=H t=16516 hand=1,96923832 pos=-51240.92,1558.83,2828.64 body=0 combat=1
[00:06:17.920] [HOST] INFO: SPIKE 9 unit role=H t=16516 hand=1,229980464 pos=-51305.85,1559.30,2866.77 body=0 combat=1
[00:06:17.920] [HOST] INFO: SPIKE 9 unit role=H t=16516 hand=1,2074707072 pos=-51298.79,1560.86,2861.74 body=0 combat=1
[00:06:17.920] [HOST] INFO: SPIKE 9 unit role=H t=16516 hand=1,2042358400 pos=-51200.12,1553.03,2869.55 body=0 combat=1
[00:06:17.920] [HOST] INFO: SPIKE 9 unit role=H t=16516 hand=1,2930297856 pos=-51192.47,1552.57,2870.74 body=0 combat=1
[00:06:17.920] [HOST] INFO: SPIKE 9 unit role=H t=16516 hand=1,1311523456 pos=-51200.59,1555.67,2846.41 body=0 combat=1
[00:06:17.920] [HOST] INFO: SPIKE 9 unit role=H t=16516 hand=1,3193725696 pos=-51209.24,1555.52,2855.17 body=0 combat=1
[00:06:17.920] [HOST] INFO: SPIKE 9 unit role=H t=16516 hand=1,2680297728 pos=-51224.46,1558.41,2821.01 body=0 combat=1
[00:06:17.920] [HOST] INFO: SPIKE 9 unit role=H t=16516 hand=1,1806274432 pos=-51211.34,1557.46,2821.08 body=0 combat=1
[00:06:17.920] [HOST] INFO: SPIKE 9 unit role=H t=16516 hand=1,2131835904 pos=-51245.98,1553.23,2867.37 body=0 combat=1
[00:06:17.920] [HOST] INFO: SPIKE 9 unit role=H t=16516 hand=1,2649292032 pos=-51232.59,1554.62,2859.85 body=0 combat=1
[00:06:17.920] [HOST] INFO: SPIKE 9 unit role=H t=16516 hand=1,258422848 pos=-51209.14,1551.53,2880.24 body=0 combat=1
[00:06:17.920] [HOST] INFO: SPIKE 9 unit role=H t=16516 hand=1,504028320 pos=-51210.94,1548.26,2893.99 body=0 combat=1
[00:06:17.920] [HOST] INFO: SPIKE 9 unit role=H t=16516 hand=1,3520263680 pos=-51178.39,1553.53,2848.78 body=0 combat=1
[00:06:17.920] [HOST] INFO: SPIKE 9 units role=H t=16516 n=23
[00:06:18.420] [HOST] INFO: SCENARIO MEMBER hand=1,2637329152,1,1,3079467776 pos=-51234.89,1559.21,2820.26
[00:06:18.915] [HOST] INFO: SCENARIO MEMBER hand=1,2637329152,1,1,3079467776 pos=-51234.89,1559.21,2820.26
[00:06:19.416] [HOST] INFO: SCENARIO MEMBER hand=1,2637329152,1,1,3079467776 pos=-51234.19,1559.27,2818.86
[00:06:19.416] [HOST] INFO: SPIKE 9 drive t=18016 orders=0
[00:06:19.416] [HOST] INFO: SPIKE 9 unit role=H t=18016 hand=1,2590331904 pos=-51251.33,1583.22,2634.84 body=0 combat=1
[00:06:19.416] [HOST] INFO: SPIKE 9 unit role=H t=18016 hand=3,3090698240 pos=-51269.23,1583.77,2638.09 body=0 combat=1
[00:06:19.416] [HOST] INFO: SPIKE 9 unit role=H t=18016 hand=4,1276245120 pos=-51231.77,1582.55,2626.92 body=0 combat=1
[00:06:19.416] [HOST] INFO: SPIKE 9 unit role=H t=18016 hand=5,1919189504 pos=-51213.07,1582.08,2621.52 body=0 combat=1
[00:06:19.416] [HOST] INFO: SPIKE 9 unit role=H t=18016 hand=1,3823120128 pos=-51182.82,1554.38,2838.42 body=0 combat=1
[00:06:19.416] [HOST] INFO: SPIKE 9 unit role=H t=18016 hand=1,3416992256 pos=-51245.24,1542.07,2907.31 body=0 combat=1
[00:06:19.416] [HOST] INFO: SPIKE 9 unit role=H t=18016 hand=1,3396362240 pos=-51247.16,1546.81,2894.37 body=0 combat=1
[00:06:19.416] [HOST] INFO: SPIKE 9 unit role=H t=18016 hand=1,2078735360 pos=-51218.63,1556.43,2846.73 body=0 combat=1
[00:06:19.416] [HOST] INFO: SPIKE 9 unit role=H t=18016 hand=1,3324462848 pos=-51222.59,1557.45,2834.22 body=0 combat=1
[00:06:19.416] [HOST] INFO: SPIKE 9 unit role=H t=18016 hand=1,2347045888 pos=-51243.95,1558.76,2830.54 body=0 combat=1
[00:06:19.416] [HOST] INFO: SPIKE 9 unit role=H t=18016 hand=1,96923832 pos=-51237.20,1558.93,2826.18 body=0 combat=1
[00:06:19.416] [HOST] INFO: SPIKE 9 unit role=H t=18016 hand=1,229980464 pos=-51325.53,1555.02,2879.93 body=0 combat=1
[00:06:19.416] [HOST] INFO: SPIKE 9 unit role=H t=18016 hand=1,2074707072 pos=-51305.70,1559.30,2863.42 body=0 combat=1
[00:06:19.416] [HOST] INFO: SPIKE 9 unit role=H t=18016 hand=1,2042358400 pos=-51196.11,1552.20,2873.65 body=0 combat=1
[00:06:19.416] [HOST] INFO: SPIKE 9 unit role=H t=18016 hand=1,2930297856 pos=-51188.16,1551.54,2874.91 body=0 combat=1
[00:06:19.416] [HOST] INFO: SPIKE 9 unit role=H t=18016 hand=1,1311523456 pos=-51202.16,1556.33,2831.54 body=0 combat=1
[00:06:19.416] [HOST] INFO: SPIKE 9 unit role=H t=18016 hand=1,3193725696 pos=-51197.18,1555.67,2841.33 body=0 combat=1
[00:06:19.416] [HOST] INFO: SPIKE 9 unit role=H t=18016 hand=1,2680297728 pos=-51226.52,1558.65,2821.00 body=0 combat=1
[00:06:19.416] [HOST] INFO: SPIKE 9 unit role=H t=18016 hand=1,1806274432 pos=-51209.84,1557.36,2820.85 body=0 combat=1
[00:06:19.416] [HOST] INFO: SPIKE 9 unit role=H t=18016 hand=1,2131835904 pos=-51243.91,1553.42,2866.42 body=0 combat=1
[00:06:19.416] [HOST] INFO: SPIKE 9 unit role=H t=18016 hand=1,2649292032 pos=-51232.70,1554.70,2859.34 body=0 combat=1
[00:06:19.416] [HOST] INFO: SPIKE 9 unit role=H t=18016 hand=1,258422848 pos=-51214.95,1551.24,2880.15 body=0 combat=1
[00:06:19.416] [HOST] INFO: SPIKE 9 unit role=H t=18016 hand=1,504028320 pos=-51210.25,1548.85,2891.76 body=0 combat=1
[00:06:19.416] [HOST] INFO: SPIKE 9 unit role=H t=18016 hand=1,3520263680 pos=-51164.61,1551.72,2859.07 body=0 combat=1
[00:06:19.416] [HOST] INFO: SPIKE 9 units role=H t=18016 n=24
[00:06:19.917] [HOST] INFO: SCENARIO MEMBER hand=1,2637329152,1,1,3079467776 pos=-51233.79,1559.41,2816.55
[00:06:20.427] [HOST] INFO: SCENARIO MEMBER hand=1,2637329152,1,1,3079467776 pos=-51233.79,1559.42,2816.36
[00:06:20.673] [HOST] INFO: [taskkey] key=7 desc='Sheathing weapon' repro=0 subject=1
[00:06:20.745] [HOST] INFO: [taskkey] key=25 desc='First aid' repro=0 subject=1
[00:06:20.770] [HOST] INFO: [taskkey] key=67 desc='Running' repro=0 subject=1
[00:06:20.919] [HOST] INFO: SCENARIO MEMBER hand=1,2637329152,1,1,3079467776 pos=-51233.79,1559.42,2816.36
[00:06:20.919] [HOST] INFO: SPIKE 9 drive t=19516 orders=4
[00:06:20.919] [HOST] INFO: SPIKE 9 unit role=H t=19516 hand=1,2590331904 pos=-51243.27,1583.14,2619.30 body=0 combat=0
[00:06:20.919] [HOST] INFO: SPIKE 9 unit role=H t=19516 hand=3,3090698240 pos=-51269.23,1583.77,2638.09 body=0 combat=0
[00:06:20.919] [HOST] INFO: SPIKE 9 unit role=H t=19516 hand=4,1276245120 pos=-51229.38,1582.64,2619.80 body=0 combat=0
[00:06:20.919] [HOST] INFO: SPIKE 9 unit role=H t=19516 hand=5,1919189504 pos=-51222.46,1582.35,2620.52 body=0 combat=0
[00:06:20.919] [HOST] INFO: SPIKE 9 unit role=H t=19516 hand=1,3823120128 pos=-51174.06,1553.25,2847.28 body=0 combat=1
[00:06:20.919] [HOST] INFO: SPIKE 9 unit role=H t=19516 hand=1,3416992256 pos=-51245.36,1542.91,2905.11 body=0 combat=1
[00:06:20.919] [HOST] INFO: SPIKE 9 unit role=H t=19516 hand=1,3396362240 pos=-51247.91,1547.50,2892.27 body=0 combat=1
[00:06:20.919] [HOST] INFO: SPIKE 9 unit role=H t=19516 hand=1,2078735360 pos=-51214.18,1555.97,2849.88 body=0 combat=1
[00:06:20.919] [HOST] INFO: SPIKE 9 unit role=H t=19516 hand=1,3324462848 pos=-51221.91,1556.29,2848.00 body=0 combat=1
[00:06:20.919] [HOST] INFO: SPIKE 9 unit role=H t=19516 hand=1,2347045888 pos=-51251.17,1558.98,2834.64 body=0 combat=1
[00:06:20.919] [HOST] INFO: SPIKE 9 unit role=H t=19516 hand=1,96923832 pos=-51235.20,1558.88,2825.56 body=0 combat=1
[00:06:20.919] [HOST] INFO: SPIKE 9 unit role=H t=19516 hand=1,229980464 pos=-51305.57,1558.21,2870.14 body=0 combat=1
[00:06:20.919] [HOST] INFO: SPIKE 9 unit role=H t=19516 hand=1,2074707072 pos=-51306.06,1559.40,2863.00 body=0 combat=1
[00:06:20.919] [HOST] INFO: SPIKE 9 unit role=H t=19516 hand=1,2042358400 pos=-51213.85,1553.25,2869.61 body=0 combat=1
[00:06:20.919] [HOST] INFO: SPIKE 9 unit role=H t=19516 hand=1,2930297856 pos=-51199.79,1552.73,2871.22 body=0 combat=1
[00:06:20.919] [HOST] INFO: SPIKE 9 unit role=H t=19516 hand=1,1311523456 pos=-51195.49,1555.71,2830.56 body=0 combat=1
[00:06:20.919] [HOST] INFO: SPIKE 9 unit role=H t=19516 hand=1,3193725696 pos=-51195.63,1555.52,2842.73 body=0 combat=1
[00:06:20.919] [HOST] INFO: SPIKE 9 unit role=H t=19516 hand=1,2680297728 pos=-51222.70,1558.22,2821.03 body=0 combat=1
[00:06:20.919] [HOST] INFO: SPIKE 9 unit role=H t=19516 hand=1,1806274432 pos=-51210.40,1557.40,2821.06 body=0 combat=1
[00:06:20.919] [HOST] INFO: SPIKE 9 unit role=H t=19516 hand=1,2131835904 pos=-51251.94,1554.10,2867.47 body=0 combat=1
[00:06:20.919] [HOST] INFO: SPIKE 9 unit role=H t=19516 hand=1,2649292032 pos=-51233.68,1554.61,2859.95 body=0 combat=1
[00:06:20.919] [HOST] INFO: SPIKE 9 unit role=H t=19516 hand=1,258422848 pos=-51218.30,1550.26,2882.99 body=0 combat=1
[00:06:20.919] [HOST] INFO: SPIKE 9 unit role=H t=19516 hand=1,504028320 pos=-51208.29,1547.04,2899.64 body=0 combat=1
[00:06:20.919] [HOST] INFO: SPIKE 9 unit role=H t=19516 hand=1,3520263680 pos=-51154.66,1550.33,2864.28 body=0 combat=1
[00:06:20.919] [HOST] INFO: SPIKE 9 units role=H t=19516 n=24
[00:06:20.935] [HOST] INFO: [taskkey] key=62 desc='Standing still' repro=0 subject=0
[00:06:21.424] [HOST] INFO: SCENARIO MEMBER hand=1,2637329152,1,1,3079467776 pos=-51233.79,1559.42,2816.36
[00:06:21.915] [HOST] INFO: SCENARIO MEMBER hand=1,2637329152,1,1,3079467776 pos=-51233.79,1559.42,2816.36
[00:06:22.251] [HOST] INFO: [taskkey] key=224 desc='Intruder out' repro=0 subject=0
[00:06:22.251] [HOST] INFO: [event] SEND id=1 ev=1 hand=1,6,1483154304,1,1723144576 actor=1,524536128 bs 0->3
[00:06:22.422] [HOST] INFO: SCENARIO MEMBER hand=1,2637329152,1,1,3079467776 pos=-51234.08,1559.51,2815.21
[00:06:22.422] [HOST] INFO: SPIKE 9 drive t=21016 orders=3
[00:06:22.422] [HOST] INFO: SPIKE 9 unit role=H t=21016 hand=1,524536128 pos=-51250.98,1583.38,2620.70 body=0 combat=1
[00:06:22.422] [HOST] INFO: SPIKE 9 unit role=H t=21016 hand=1,1723144576 pos=-51246.11,1583.22,2624.63 body=3 combat=0
[00:06:22.422] [HOST] INFO: SPIKE 9 unit role=H t=21016 hand=1,2590331904 pos=-51240.59,1582.97,2624.08 body=0 combat=1
[00:06:22.422] [HOST] INFO: SPIKE 9 unit role=H t=21016 hand=3,3090698240 pos=-51246.11,1583.22,2624.63 body=0 combat=0
[00:06:22.422] [HOST] INFO: SPIKE 9 unit role=H t=21016 hand=4,1276245120 pos=-51219.88,1582.25,2624.95 body=0 combat=1
[00:06:22.422] [HOST] INFO: SPIKE 9 unit role=H t=21016 hand=5,1919189504 pos=-51218.94,1582.01,2623.02 body=0 combat=1
[00:06:22.422] [HOST] INFO: SPIKE 9 unit role=H t=21016 hand=2,2703369216 pos=-51254.77,1583.39,2629.51 body=0 combat=0
[00:06:22.422] [HOST] INFO: SPIKE 9 unit role=H t=21016 hand=1,3823120128 pos=-51168.68,1552.45,2852.42 body=0 combat=1
[00:06:22.422] [HOST] INFO: SPIKE 9 unit role=H t=21016 hand=1,3416992256 pos=-51245.32,1543.00,2904.89 body=0 combat=1
[00:06:22.422] [HOST] INFO: SPIKE 9 unit role=H t=21016 hand=1,3396362240 pos=-51247.64,1547.17,2893.31 body=0 combat=1
[00:06:22.422] [HOST] INFO: SPIKE 9 unit role=H t=21016 hand=1,2078735360 pos=-51204.12,1555.92,2846.85 body=0 combat=1
[00:06:22.422] [HOST] INFO: SPIKE 9 unit role=H t=21016 hand=1,3324462848 pos=-51215.80,1555.66,2852.42 body=0 combat=1
[00:06:22.422] [HOST] INFO: SPIKE 9 unit role=H t=21016 hand=1,2347045888 pos=-51236.78,1558.77,2827.35 body=0 combat=1
[00:06:22.422] [HOST] INFO: SPIKE 9 unit role=H t=21016 hand=1,96923832 pos=-51230.51,1558.86,2822.32 body=0 combat=1
[00:06:22.422] [HOST] INFO: SPIKE 9 unit role=H t=21016 hand=1,229980464 pos=-51304.43,1554.39,2877.16 body=0 combat=1
[00:06:22.422] [HOST] INFO: SPIKE 9 unit role=H t=21016 hand=1,2074707072 pos=-51303.61,1560.17,2859.32 body=0 combat=1
[00:06:22.422] [HOST] INFO: SPIKE 9 unit role=H t=21016 hand=1,2042358400 pos=-51212.73,1553.21,2870.26 body=0 combat=1
[00:06:22.422] [HOST] INFO: SPIKE 9 unit role=H t=21016 hand=1,2930297856 pos=-51187.37,1551.18,2877.20 body=0 combat=1
[00:06:22.422] [HOST] INFO: SPIKE 9 unit role=H t=21016 hand=1,1311523456 pos=-51189.45,1555.21,2827.85 body=0 combat=1
[00:06:22.422] [HOST] INFO: SPIKE 9 unit role=H t=21016 hand=1,3193725696 pos=-51195.40,1555.52,2841.81 body=0 combat=1
[00:06:22.422] [HOST] INFO: SPIKE 9 unit role=H t=21016 hand=1,2680297728 pos=-51223.05,1558.28,2820.50 body=0 combat=1
[00:06:22.422] [HOST] INFO: SPIKE 9 unit role=H t=21016 hand=1,1806274432 pos=-51210.53,1557.36,2824.13 body=0 combat=1
[00:06:22.422] [HOST] INFO: SPIKE 9 unit role=H t=21016 hand=1,2131835904 pos=-51249.91,1553.92,2866.87 body=0 combat=1
[00:06:22.422] [HOST] INFO: SPIKE 9 unit role=H t=21016 hand=1,2649292032 pos=-51233.86,1554.60,2860.02 body=0 combat=1
[00:06:22.422] [HOST] INFO: SPIKE 9 unit role=H t=21016 hand=1,258422848 pos=-51219.80,1549.83,2884.24 body=0 combat=1
[00:06:22.422] [HOST] INFO: SPIKE 9 unit role=H t=21016 hand=1,504028320 pos=-51209.20,1547.55,2897.37 body=0 combat=1
[00:06:22.422] [HOST] INFO: SPIKE 9 unit role=H t=21016 hand=1,3520263680 pos=-51155.27,1550.36,2864.73 body=0 combat=1
[00:06:22.422] [HOST] INFO: SPIKE 9 units role=H t=21016 n=27
[00:06:22.917] [HOST] INFO: SCENARIO MEMBER hand=1,2637329152,1,1,3079467776 pos=-51234.57,1559.58,2814.53
[00:06:23.422] [HOST] INFO: SCENARIO MEMBER hand=1,2637329152,1,1,3079467776 pos=-51234.84,1559.61,2814.40
[00:06:23.917] [HOST] INFO: SCENARIO MEMBER hand=1,2637329152,1,1,3079467776 pos=-51234.98,1559.63,2814.31
[00:06:23.917] [HOST] INFO: SPIKE 9 drive t=22516 orders=4
[00:06:23.917] [HOST] INFO: SPIKE 9 unit role=H t=22516 hand=1,1667968768 pos=-51243.61,1583.17,2617.91 body=0 combat=0
[00:06:23.917] [HOST] INFO: SPIKE 9 unit role=H t=22516 hand=1,524536128 pos=-51249.98,1583.24,2634.33 body=0 combat=0
[00:06:23.917] [HOST] INFO: SPIKE 9 unit role=H t=22516 hand=1,1723144576 pos=-51254.89,1582.81,2663.70 body=3 combat=0
[00:06:23.917] [HOST] INFO: SPIKE 9 unit role=H t=22516 hand=1,2590331904 pos=-51231.43,1582.68,2629.22 body=0 combat=1
[00:06:23.917] [HOST] INFO: SPIKE 9 unit role=H t=22516 hand=3,3090698240 pos=-51254.89,1582.81,2663.70 body=0 combat=0
[00:06:23.917] [HOST] INFO: SPIKE 9 unit role=H t=22516 hand=4,1276245120 pos=-51205.41,1581.80,2626.97 body=0 combat=1
[00:06:23.917] [HOST] INFO: SPIKE 9 unit role=H t=22516 hand=5,1919189504 pos=-51202.18,1581.65,2620.12 body=0 combat=1
[00:06:23.917] [HOST] INFO: SPIKE 9 unit role=H t=22516 hand=2,2703369216 pos=-51250.73,1583.40,2659.71 body=0 combat=1
[00:06:23.917] [HOST] INFO: SPIKE 9 unit role=H t=22516 hand=1,3823120128 pos=-51163.86,1551.79,2856.07 body=0 combat=1
[00:06:23.917] [HOST] INFO: SPIKE 9 unit role=H t=22516 hand=1,3416992256 pos=-51242.22,1540.26,2912.04 body=0 combat=1
[00:06:23.917] [HOST] INFO: SPIKE 9 unit role=H t=22516 hand=1,3396362240 pos=-51245.75,1543.04,2904.79 body=0 combat=1
[00:06:23.917] [HOST] INFO: SPIKE 9 unit role=H t=22516 hand=1,2078735360 pos=-51206.45,1556.02,2847.79 body=0 combat=1
[00:06:23.917] [HOST] INFO: SPIKE 9 unit role=H t=22516 hand=1,3324462848 pos=-51218.73,1555.39,2854.19 body=0 combat=1
[00:06:23.917] [HOST] INFO: SPIKE 9 unit role=H t=22516 hand=1,2347045888 pos=-51241.44,1558.38,2832.74 body=0 combat=1
[00:06:23.917] [HOST] INFO: SPIKE 9 unit role=H t=22516 hand=1,96923832 pos=-51227.84,1558.94,2818.89 body=0 combat=1
[00:06:23.917] [HOST] INFO: SPIKE 9 unit role=H t=22516 hand=1,229980464 pos=-51300.37,1561.67,2858.12 body=0 combat=1
[00:06:23.917] [HOST] INFO: SPIKE 9 unit role=H t=22516 hand=1,2074707072 pos=-51309.97,1563.91,2845.51 body=0 combat=1
[00:06:23.917] [HOST] INFO: SPIKE 9 unit role=H t=22516 hand=1,2042358400 pos=-51217.08,1552.98,2869.95 body=0 combat=1
[00:06:23.917] [HOST] INFO: SPIKE 9 unit role=H t=22516 hand=1,2930297856 pos=-51206.95,1553.10,2871.04 body=0 combat=1
[00:06:23.917] [HOST] INFO: SPIKE 9 unit role=H t=22516 hand=1,1311523456 pos=-51189.45,1555.21,2828.25 body=0 combat=1
[00:06:23.917] [HOST] INFO: SPIKE 9 unit role=H t=22516 hand=1,3193725696 pos=-51194.72,1555.48,2840.85 body=0 combat=1
[00:06:23.917] [HOST] INFO: SPIKE 9 unit role=H t=22516 hand=1,2680297728 pos=-51218.71,1557.96,2820.67 body=0 combat=1
[00:06:23.917] [HOST] INFO: SPIKE 9 unit role=H t=22516 hand=1,1806274432 pos=-51208.05,1557.11,2825.31 body=0 combat=1
[00:06:23.917] [HOST] INFO: SPIKE 9 unit role=H t=22516 hand=1,2131835904 pos=-51256.33,1554.91,2866.69 body=0 combat=1
[00:06:23.917] [HOST] INFO: SPIKE 9 unit role=H t=22516 hand=1,2649292032 pos=-51248.80,1554.28,2864.22 body=0 combat=1
[00:06:23.917] [HOST] INFO: SPIKE 9 unit role=H t=22516 hand=1,258422848 pos=-51220.52,1549.56,2885.07 body=0 combat=1
[00:06:23.917] [HOST] INFO: SPIKE 9 unit role=H t=22516 hand=1,504028320 pos=-51208.02,1547.16,2899.12 body=0 combat=1
[00:06:23.917] [HOST] INFO: SPIKE 9 unit role=H t=22516 hand=1,3520263680 pos=-51143.34,1548.14,2874.18 body=0 combat=1
[00:06:23.917] [HOST] INFO: SPIKE 9 units role=H t=22516 n=28
[00:06:24.416] [HOST] INFO: SCENARIO MEMBER hand=1,2637329152,1,1,3079467776 pos=-51234.98,1559.63,2814.31
[00:06:24.916] [HOST] INFO: SCENARIO MEMBER hand=1,2637329152,1,1,3079467776 pos=-51234.98,1559.63,2814.31
[00:06:25.421] [HOST] INFO: SCENARIO MEMBER hand=1,2637329152,1,1,3079467776 pos=-51234.98,1559.63,2814.31
[00:06:25.421] [HOST] INFO: SPIKE 9 drive t=24016 orders=1
[00:06:25.421] [HOST] INFO: SPIKE 9 unit role=H t=24016 hand=1,1667968768 pos=-51250.27,1583.14,2634.28 body=0 combat=1
[00:06:25.421] [HOST] INFO: SPIKE 9 unit role=H t=24016 hand=1,524536128 pos=-51251.01,1582.76,2660.05 body=0 combat=1
[00:06:25.421] [HOST] INFO: SPIKE 9 unit role=H t=24016 hand=4,1276245120 pos=-51199.88,1581.42,2628.62 body=0 combat=1
[00:06:25.421] [HOST] INFO: SPIKE 9 unit role=H t=24016 hand=1,2590331904 pos=-51245.62,1582.53,2662.86 body=0 combat=1
[00:06:25.421] [HOST] INFO: SPIKE 9 unit role=H t=24016 hand=1,3823120128 pos=-51154.95,1550.35,2864.40 body=0 combat=1
[00:06:25.421] [HOST] INFO: SPIKE 9 unit role=H t=24016 hand=1,3416992256 pos=-51235.71,1537.29,2922.79 body=0 combat=1
[00:06:25.421] [HOST] INFO: SPIKE 9 unit role=H t=24016 hand=1,3396362240 pos=-51243.51,1539.83,2913.18 body=0 combat=1
[00:06:25.421] [HOST] INFO: SPIKE 9 unit role=H t=24016 hand=1,2078735360 pos=-51205.27,1556.00,2847.01 body=0 combat=1
[00:06:25.421] [HOST] INFO: SPIKE 9 unit role=H t=24016 hand=1,3324462848 pos=-51216.34,1555.57,2853.18 body=0 combat=1
[00:06:25.421] [HOST] INFO: SPIKE 9 unit role=H t=24016 hand=1,2347045888 pos=-51250.73,1559.27,2831.75 body=0 combat=1
[00:06:25.421] [HOST] INFO: SPIKE 9 unit role=H t=24016 hand=1,96923832 pos=-51226.89,1558.93,2817.42 body=0 combat=1
[00:06:25.421] [HOST] INFO: SPIKE 9 unit role=H t=24016 hand=1,229980464 pos=-51300.82,1561.86,2857.25 body=0 combat=1
[00:06:25.421] [HOST] INFO: SPIKE 9 unit role=H t=24016 hand=1,2074707072 pos=-51310.86,1564.59,2844.36 body=0 combat=1
[00:06:25.421] [HOST] INFO: SPIKE 9 unit role=H t=24016 hand=1,2042358400 pos=-51223.63,1552.81,2869.60 body=0 combat=1
[00:06:25.421] [HOST] INFO: SPIKE 9 unit role=H t=24016 hand=1,2930297856 pos=-51204.62,1553.23,2869.65 body=0 combat=1
[00:06:25.421] [HOST] INFO: SPIKE 9 unit role=H t=24016 hand=1,1311523456 pos=-51188.98,1555.17,2827.76 body=0 combat=1
[00:06:25.421] [HOST] INFO: SPIKE 9 unit role=H t=24016 hand=1,3193725696 pos=-51194.20,1555.44,2840.33 body=0 combat=1
[00:06:25.421] [HOST] INFO: SPIKE 9 unit role=H t=24016 hand=1,2680297728 pos=-51217.87,1557.89,2821.77 body=0 combat=1
[00:06:25.421] [HOST] INFO: SPIKE 9 unit role=H t=24016 hand=1,1806274432 pos=-51206.91,1556.98,2826.30 body=0 combat=1
[00:06:25.421] [HOST] INFO: SPIKE 9 unit role=H t=24016 hand=1,2131835904 pos=-51263.96,1555.15,2871.21 body=0 combat=1
[00:06:25.421] [HOST] INFO: SPIKE 9 unit role=H t=24016 hand=1,2649292032 pos=-51253.71,1555.06,2863.98 body=0 combat=1
[00:06:25.421] [HOST] INFO: SPIKE 9 unit role=H t=24016 hand=1,258422848 pos=-51227.77,1549.15,2884.81 body=0 combat=1
[00:06:25.421] [HOST] INFO: SPIKE 9 unit role=H t=24016 hand=1,504028320 pos=-51220.18,1548.90,2887.65 body=0 combat=1
[00:06:25.421] [HOST] INFO: SPIKE 9 unit role=H t=24016 hand=1,3520263680 pos=-51143.71,1548.21,2873.79 body=0 combat=1
[00:06:25.421] [HOST] INFO: SPIKE 9 unit role=H t=24016 hand=2,2703369216 pos=-51213.98,1558.42,2773.66 body=0 combat=1
[00:06:25.421] [HOST] INFO: SPIKE 9 unit role=H t=24016 hand=3,3090698240 pos=-51286.28,1562.36,2696.06 body=0 combat=0
[00:06:25.421] [HOST] INFO: SPIKE 9 unit role=H t=24016 hand=1,1723144576 pos=-51286.28,1562.36,2696.06 body=3 combat=0
[00:06:25.421] [HOST] INFO: SPIKE 9 units role=H t=24016 n=27
[00:06:25.918] [HOST] INFO: SCENARIO MEMBER hand=1,2637329152,1,1,3079467776 pos=-51234.98,1559.63,2814.31
[00:06:26.420] [HOST] INFO: SCENARIO MEMBER hand=1,2637329152,1,1,3079467776 pos=-51235.13,1559.64,2814.24
[00:06:26.916] [HOST] INFO: SCENARIO MEMBER hand=1,2637329152,1,1,3079467776 pos=-51235.13,1559.64,2814.24
[00:06:26.916] [HOST] INFO: SPIKE 9 drive t=25516 orders=0
[00:06:26.916] [HOST] INFO: SPIKE 9 unit role=H t=25516 hand=1,1667968768 pos=-51253.13,1583.20,2638.32 body=0 combat=1
[00:06:26.916] [HOST] INFO: SPIKE 9 unit role=H t=25516 hand=1,524536128 pos=-51254.17,1583.00,2650.17 body=0 combat=1
[00:06:26.916] [HOST] INFO: SPIKE 9 unit role=H t=25516 hand=4,1276245120 pos=-51194.18,1581.17,2629.50 body=0 combat=1
[00:06:26.916] [HOST] INFO: SPIKE 9 unit role=H t=25516 hand=5,1919189504 pos=-51198.84,1581.56,2618.76 body=0 combat=1
[00:06:26.916] [HOST] INFO: SPIKE 9 unit role=H t=25516 hand=1,3823120128 pos=-51154.98,1550.47,2863.22 body=0 combat=1
[00:06:26.916] [HOST] INFO: SPIKE 9 unit role=H t=25516 hand=1,3416992256 pos=-51235.35,1537.24,2923.03 body=0 combat=1
[00:06:26.916] [HOST] INFO: SPIKE 9 unit role=H t=25516 hand=1,3396362240 pos=-51243.73,1539.52,2914.05 body=0 combat=1
[00:06:26.916] [HOST] INFO: SPIKE 9 unit role=H t=25516 hand=1,2078735360 pos=-51206.99,1556.08,2847.68 body=0 combat=1
[00:06:26.916] [HOST] INFO: SPIKE 9 unit role=H t=25516 hand=1,3324462848 pos=-51218.41,1555.38,2854.42 body=0 combat=1
[00:06:26.916] [HOST] INFO: SPIKE 9 unit role=H t=25516 hand=1,2347045888 pos=-51233.04,1558.99,2822.22 body=0 combat=1
[00:06:26.916] [HOST] INFO: SPIKE 9 unit role=H t=25516 hand=1,96923832 pos=-51224.98,1558.83,2815.61 body=0 combat=1
[00:06:26.916] [HOST] INFO: SPIKE 9 unit role=H t=25516 hand=1,229980464 pos=-51310.45,1558.95,2870.98 body=0 combat=1
[00:06:26.916] [HOST] INFO: SPIKE 9 unit role=H t=25516 hand=1,2074707072 pos=-51305.54,1560.14,2858.84 body=0 combat=1
[00:06:26.916] [HOST] INFO: SPIKE 9 unit role=H t=25516 hand=1,2042358400 pos=-51200.77,1551.96,2876.05 body=0 combat=1
[00:06:26.916] [HOST] INFO: SPIKE 9 unit role=H t=25516 hand=1,2930297856 pos=-51186.68,1551.18,2877.06 body=0 combat=1
[00:06:26.916] [HOST] INFO: SPIKE 9 unit role=H t=25516 hand=1,1311523456 pos=-51188.80,1555.16,2827.46 body=0 combat=1
[00:06:26.916] [HOST] INFO: SPIKE 9 unit role=H t=25516 hand=1,3193725696 pos=-51192.82,1555.33,2840.11 body=0 combat=1
[00:06:26.916] [HOST] INFO: SPIKE 9 unit role=H t=25516 hand=1,2680297728 pos=-51217.35,1557.86,2821.41 body=0 combat=1
[00:06:26.916] [HOST] INFO: SPIKE 9 unit role=H t=25516 hand=1,1806274432 pos=-51207.20,1557.01,2826.02 body=0 combat=1
[00:06:26.916] [HOST] INFO: SPIKE 9 unit role=H t=25516 hand=1,2131835904 pos=-51264.59,1555.13,2871.72 body=0 combat=1
[00:06:26.916] [HOST] INFO: SPIKE 9 unit role=H t=25516 hand=1,2649292032 pos=-51252.50,1555.10,2862.87 body=0 combat=1
[00:06:26.916] [HOST] INFO: SPIKE 9 unit role=H t=25516 hand=1,258422848 pos=-51237.05,1549.83,2882.60 body=0 combat=1
[00:06:26.916] [HOST] INFO: SPIKE 9 unit role=H t=25516 hand=1,504028320 pos=-51218.63,1549.54,2885.64 body=0 combat=1
[00:06:26.916] [HOST] INFO: SPIKE 9 unit role=H t=25516 hand=1,3520263680 pos=-51143.11,1548.11,2874.22 body=0 combat=1
[00:06:26.916] [HOST] INFO: SPIKE 9 unit role=H t=25516 hand=2,2703369216 pos=-51188.10,1555.27,2812.73 body=0 combat=1
[00:06:26.916] [HOST] INFO: SPIKE 9 unit role=H t=25516 hand=3,3090698240 pos=-51265.74,1562.10,2724.01 body=0 combat=1
[00:06:26.916] [HOST] INFO: SPIKE 9 unit role=H t=25516 hand=1,2590331904 pos=-51271.70,1561.30,2693.49 body=0 combat=1
[00:06:26.916] [HOST] INFO: SPIKE 9 units role=H t=25516 n=27
[00:06:27.419] [HOST] INFO: SCENARIO MEMBER hand=1,2637329152,1,1,3079467776 pos=-51235.13,1559.64,2814.24
[00:06:27.922] [HOST] INFO: SCENARIO MEMBER hand=1,2637329152,1,1,3079467776 pos=-51235.23,1559.66,2814.12
[00:06:28.417] [HOST] INFO: SCENARIO MEMBER hand=1,2637329152,1,1,3079467776 pos=-51237.11,1559.97,2811.87
[00:06:28.417] [HOST] INFO: SPIKE 9 drive t=27016 orders=0
[00:06:28.417] [HOST] INFO: SPIKE 9 unit role=H t=27016 hand=1,1667968768 pos=-51253.70,1583.46,2624.68 body=0 combat=1
[00:06:28.417] [HOST] INFO: SPIKE 9 unit role=H t=27016 hand=1,524536128 pos=-51255.62,1583.29,2638.06 body=0 combat=1
[00:06:28.417] [HOST] INFO: SPIKE 9 unit role=H t=27016 hand=4,1276245120 pos=-51193.23,1581.17,2632.15 body=0 combat=1
[00:06:28.417] [HOST] INFO: SPIKE 9 unit role=H t=27016 hand=5,1919189504 pos=-51197.63,1581.45,2622.10 body=0 combat=1
[00:06:28.417] [HOST] INFO: SPIKE 9 unit role=H t=27016 hand=1,3823120128 pos=-51166.72,1552.24,2852.91 body=0 combat=1
[00:06:28.417] [HOST] INFO: SPIKE 9 unit role=H t=27016 hand=1,3416992256 pos=-51235.05,1537.13,2923.37 body=0 combat=1
[00:06:28.417] [HOST] INFO: SPIKE 9 unit role=H t=27016 hand=1,3396362240 pos=-51244.35,1540.01,2912.71 body=0 combat=1
[00:06:28.417] [HOST] INFO: SPIKE 9 unit role=H t=27016 hand=1,2078735360 pos=-51202.80,1555.21,2852.93 body=0 combat=1
[00:06:28.417] [HOST] INFO: SPIKE 9 unit role=H t=27016 hand=1,3324462848 pos=-51217.40,1555.44,2854.12 body=0 combat=1
[00:06:28.417] [HOST] INFO: SPIKE 9 unit role=H t=27016 hand=1,2347045888 pos=-51235.02,1559.24,2819.99 body=0 combat=1
[00:06:28.417] [HOST] INFO: SPIKE 9 unit role=H t=27016 hand=1,96923832 pos=-51221.27,1558.68,2811.30 body=0 combat=1
[00:06:28.417] [HOST] INFO: SPIKE 9 unit role=H t=27016 hand=1,229980464 pos=-51309.88,1556.30,2875.85 body=0 combat=1
[00:06:28.417] [HOST] INFO: SPIKE 9 unit role=H t=27016 hand=1,2074707072 pos=-51316.96,1555.68,2878.86 body=0 combat=1
[00:06:28.417] [HOST] INFO: SPIKE 9 unit role=H t=27016 hand=1,2042358400 pos=-51207.64,1552.05,2876.95 body=0 combat=1
[00:06:28.417] [HOST] INFO: SPIKE 9 unit role=H t=27016 hand=1,2930297856 pos=-51186.88,1549.98,2884.34 body=0 combat=1
[00:06:28.417] [HOST] INFO: SPIKE 9 unit role=H t=27016 hand=1,1311523456 pos=-51181.70,1554.24,2839.62 body=0 combat=1
[00:06:28.417] [HOST] INFO: SPIKE 9 unit role=H t=27016 hand=1,3193725696 pos=-51193.78,1555.39,2841.40 body=0 combat=1
[00:06:28.417] [HOST] INFO: SPIKE 9 unit role=H t=27016 hand=1,2680297728 pos=-51217.41,1557.25,2832.48 body=0 combat=1
[00:06:28.417] [HOST] INFO: SPIKE 9 unit role=H t=27016 hand=1,1806274432 pos=-51205.61,1556.83,2826.64 body=0 combat=1
[00:06:28.417] [HOST] INFO: SPIKE 9 unit role=H t=27016 hand=1,2131835904 pos=-51264.27,1555.00,2872.19 body=0 combat=1
[00:06:28.417] [HOST] INFO: SPIKE 9 unit role=H t=27016 hand=1,2649292032 pos=-51254.42,1555.11,2864.28 body=0 combat=1
[00:06:28.417] [HOST] INFO: SPIKE 9 unit role=H t=27016 hand=1,258422848 pos=-51235.93,1549.62,2883.27 body=0 combat=1
[00:06:28.417] [HOST] INFO: SPIKE 9 unit role=H t=27016 hand=1,504028320 pos=-51223.84,1548.75,2887.31 body=0 combat=1
[00:06:28.417] [HOST] INFO: SPIKE 9 unit role=H t=27016 hand=1,3520263680 pos=-51141.21,1547.82,2875.50 body=0 combat=1
[00:06:28.417] [HOST] INFO: SPIKE 9 unit role=H t=27016 hand=2,2703369216 pos=-51173.53,1553.39,2841.63 body=0 combat=1
[00:06:28.417] [HOST] INFO: SPIKE 9 unit role=H t=27016 hand=3,3090698240 pos=-51225.72,1559.98,2772.85 body=0 combat=1
[00:06:28.417] [HOST] INFO: SPIKE 9 unit role=H t=27016 hand=1,2590331904 pos=-51258.79,1562.22,2737.93 body=0 combat=1
[00:06:28.417] [HOST] INFO: SPIKE 9 units role=H t=27016 n=27
[00:06:28.919] [HOST] INFO: SCENARIO MEMBER hand=1,2637329152,1,1,3079467776 pos=-51237.11,1559.97,2811.87
[00:06:29.419] [HOST] INFO: SCENARIO MEMBER hand=1,2637329152,1,1,3079467776 pos=-51237.11,1559.97,2811.87
[00:06:29.920] [HOST] INFO: SCENARIO MEMBER hand=1,2637329152,1,1,3079467776 pos=-51237.11,1559.97,2811.87
[00:06:29.920] [HOST] INFO: SPIKE 9 drive t=28516 orders=0
[00:06:29.920] [HOST] INFO: SPIKE 9 unit role=H t=28516 hand=1,1667968768 pos=-51247.97,1583.38,2617.83 body=0 combat=1
[00:06:29.920] [HOST] INFO: SPIKE 9 unit role=H t=28516 hand=1,524536128 pos=-51257.68,1583.42,2634.32 body=0 combat=1
[00:06:29.920] [HOST] INFO: SPIKE 9 unit role=H t=28516 hand=4,1276245120 pos=-51191.99,1581.09,2634.74 body=0 combat=1
[00:06:29.920] [HOST] INFO: SPIKE 9 unit role=H t=28516 hand=5,1919189504 pos=-51197.75,1581.48,2621.61 body=0 combat=1
[00:06:29.920] [HOST] INFO: SPIKE 9 unit role=H t=28516 hand=1,3823120128 pos=-51153.57,1549.92,2867.09 body=0 combat=1
[00:06:29.920] [HOST] INFO: SPIKE 9 unit role=H t=28516 hand=1,3416992256 pos=-51234.09,1536.75,2924.37 body=0 combat=1
[00:06:29.920] [HOST] INFO: SPIKE 9 unit role=H t=28516 hand=1,3396362240 pos=-51246.25,1540.89,2910.47 body=0 combat=1
[00:06:29.920] [HOST] INFO: SPIKE 9 unit role=H t=28516 hand=1,2078735360 pos=-51205.45,1555.43,2852.85 body=0 combat=1
[00:06:29.920] [HOST] INFO: SPIKE 9 unit role=H t=28516 hand=1,3324462848 pos=-51219.23,1555.35,2854.41 body=0 combat=1
[00:06:29.920] [HOST] INFO: SPIKE 9 unit role=H t=28516 hand=1,2347045888 pos=-51233.04,1559.21,2819.00 body=0 combat=1
[00:06:29.920] [HOST] INFO: SPIKE 9 unit role=H t=28516 hand=1,96923832 pos=-51220.27,1558.65,2810.05 body=0 combat=1
[00:06:29.920] [HOST] INFO: SPIKE 9 unit role=H t=28516 hand=1,229980464 pos=-51305.45,1556.14,2875.56 body=0 combat=1
[00:06:29.920] [HOST] INFO: SPIKE 9 unit role=H t=28516 hand=1,2074707072 pos=-51321.47,1554.63,2880.97 body=0 combat=1
[00:06:29.920] [HOST] INFO: SPIKE 9 unit role=H t=28516 hand=1,2042358400 pos=-51217.07,1552.02,2875.21 body=0 combat=1
[00:06:29.920] [HOST] INFO: SPIKE 9 unit role=H t=28516 hand=1,2930297856 pos=-51208.24,1552.27,2875.93 body=0 combat=1
[00:06:29.920] [HOST] INFO: SPIKE 9 unit role=H t=28516 hand=1,1311523456 pos=-51181.62,1554.24,2839.18 body=0 combat=1
[00:06:29.920] [HOST] INFO: SPIKE 9 unit role=H t=28516 hand=1,3193725696 pos=-51188.62,1554.88,2842.71 body=0 combat=1
[00:06:29.920] [HOST] INFO: SPIKE 9 unit role=H t=28516 hand=1,2680297728 pos=-51216.37,1557.21,2832.04 body=0 combat=1
[00:06:29.920] [HOST] INFO: SPIKE 9 unit role=H t=28516 hand=1,1806274432 pos=-51204.75,1556.76,2826.18 body=0 combat=1
[00:06:29.920] [HOST] INFO: SPIKE 9 unit role=H t=28516 hand=1,2131835904 pos=-51268.34,1554.52,2877.30 body=0 combat=1
[00:06:29.920] [HOST] INFO: SPIKE 9 unit role=H t=28516 hand=1,2649292032 pos=-51265.15,1555.57,2869.91 body=0 combat=1
[00:06:29.920] [HOST] INFO: SPIKE 9 unit role=H t=28516 hand=1,258422848 pos=-51237.52,1549.75,2882.91 body=0 combat=1
[00:06:29.920] [HOST] INFO: SPIKE 9 unit role=H t=28516 hand=1,504028320 pos=-51224.57,1547.98,2890.00 body=0 combat=1
[00:06:29.920] [HOST] INFO: SPIKE 9 unit role=H t=28516 hand=1,3520263680 pos=-51141.79,1547.93,2874.90 body=0 combat=1
[00:06:29.920] [HOST] INFO: SPIKE 9 unit role=H t=28516 hand=2,2703369216 pos=-51170.94,1553.22,2833.83 body=0 combat=1
[00:06:29.920] [HOST] INFO: SPIKE 9 unit role=H t=28516 hand=3,3090698240 pos=-51204.80,1557.26,2799.80 body=0 combat=1
[00:06:29.920] [HOST] INFO: SPIKE 9 unit role=H t=28516 hand=1,2590331904 pos=-51241.41,1561.25,2758.51 body=0 combat=1
[00:06:29.920] [HOST] INFO: SPIKE 9 units role=H t=28516 n=27
[00:06:30.418] [HOST] INFO: SCENARIO MEMBER hand=1,2637329152,1,1,3079467776 pos=-51237.11,1559.97,2811.87
[00:06:30.921] [HOST] INFO: SCENARIO MEMBER hand=1,2637329152,1,1,3079467776 pos=-51237.11,1559.97,2811.87
[00:06:31.406] [HOST] INFO: SCENARIO RESULT PASS
