[09:33:56.642] [HOST] INFO: log opened
[09:33:56.642] [HOST] INFO: KenshiCoop loaded! (clean rebuild)
[09:33:56.642] [HOST] INFO: KenshiCoop: build Jun 20 2026 09:33:24
[09:33:56.642] [HOST] INFO: KenshiCoop: role=HOST proto=v11 port=27800 save='c'
[09:33:56.685] [HOST] INFO: KenshiCoop: ownership ranks = {0} (bidirectional presence)
[09:33:56.729] [HOST] INFO: KenshiCoop: auto-load armed for save 'c'
[09:33:56.729] [HOST] INFO: KenshiCoop: test mode - self-exit 72 s after gameplay starts
[09:33:56.729] [HOST] INFO: KenshiCoop: scenario armed 'spike'
[09:33:56.729] [HOST] INFO: KenshiCoop: starting as HOST
[09:33:56.730] [HOST] INFO: [net] hosting
[09:34:03.739] [HOST] INFO: KenshiCoop: auto-load issued for save 'c' (after 5000 ms settle)
[09:34:07.369] [HOST] INFO: [net] peer connecting (awaiting HELLO)
[09:34:07.369] [HOST] INFO: [net] peer connected id=1 (proto v11)
[09:34:07.373] [HOST] INFO: handshake: peer present id=1 (local id=0)
[09:34:15.385] [HOST] INFO: KenshiCoop: gameplay started
[09:34:15.385] [HOST] INFO: SCENARIO spike start
[09:34:15.385] [HOST] INFO: SPIKE 82 start id=82 host=1
[09:34:15.386] [HOST] INFO: SCENARIO MEMBER hand=1,2637329152,1,1,3079467776 pos=-51234.47,1547.65,2851.09
[09:34:15.386] [HOST] INFO: SPIKE 82 smoke leader hand=1,2637329152,1,1,3079467776 pos=-51234.5,1547.6,2851.1
[09:34:15.392] [HOST] INFO: SCENARIO MEMBER hand=1,2637329152,1,1,3079467776 pos=-51234.47,1555.93,2851.09
[09:34:15.398] [HOST] INFO: SCENARIO MEMBER hand=1,2637329152,1,1,3079467776 pos=-51234.47,1555.93,2851.09
[09:34:15.430] [HOST] INFO: [taskkey] key=87 desc='Operating machine' repro=1 subject=1
[09:34:15.430] [HOST] INFO: [seatres] HOST task=87 npc=1,1723144576 subj=514,2909912064 ok=1 npcpos=-51206.5,2659.7 subjpos=-51206.5,2659.7 d=0.0
[09:34:15.488] [HOST] INFO: [taskkey] key=1 desc='Moving' repro=0 subject=1
[09:34:15.494] [HOST] INFO: [taskkey] key=51 desc='Stand at node' repro=0 subject=1
[09:34:15.896] [HOST] INFO: SCENARIO MEMBER hand=1,2637329152,1,1,3079467776 pos=-51234.47,1555.93,2851.09
[09:34:16.398] [HOST] INFO: SCENARIO MEMBER hand=1,2637329152,1,1,3079467776 pos=-51234.47,1555.93,2851.09
[09:34:16.655] [HOST] INFO: [seatres] HOST task=87 npc=1,3996215808 subj=513,1109374976 ok=1 npcpos=-51197.7,2664.4 subjpos=-51194.2,2657.7 d=7.6
[09:34:16.896] [HOST] INFO: SCENARIO MEMBER hand=1,2637329152,1,1,3079467776 pos=-51234.47,1555.93,2851.09
[09:34:17.393] [HOST] INFO: SCENARIO MEMBER hand=1,2637329152,1,1,3079467776 pos=-51234.47,1555.93,2851.09
[09:34:17.393] [HOST] INFO: SPIKE 82 bake phase0 baseline near60=2
[09:34:17.898] [HOST] INFO: SCENARIO MEMBER hand=1,2637329152,1,1,3079467776 pos=-51234.47,1555.93,2851.09
[09:34:18.395] [HOST] INFO: SCENARIO MEMBER hand=1,2637329152,1,1,3079467776 pos=-51234.47,1555.93,2851.09
[09:34:18.898] [HOST] INFO: SCENARIO MEMBER hand=1,2637329152,1,1,3079467776 pos=-51234.47,1555.93,2851.09
[09:34:19.392] [HOST] INFO: SCENARIO MEMBER hand=1,2637329152,1,1,3079467776 pos=-51234.47,1555.93,2851.09
[09:34:19.392] [HOST] INFO: SETUP(lethal): red=00000000540516C0 blue=0000000054065380 hostile=1 clusters=1
[09:34:19.394] [HOST] INFO: SETUP(lethal): perSide=6 red=6 blue=6 orders=12
[09:34:19.394] [HOST] INFO: SPIKE 82 bake phase1 spawned=12 near60=14
[09:34:19.400] [HOST] INFO: [taskkey] key=6 desc='Equipping weapon' repro=0 subject=1
[09:34:19.462] [HOST] INFO: [taskkey] key=61 desc='Attacking target unprovoked' repro=0 subject=1
[09:34:19.708] [HOST] INFO: [taskkey] key=4 desc='Attacking' repro=0 subject=1
[09:34:19.896] [HOST] INFO: SCENARIO MEMBER hand=1,2637329152,1,1,3079467776 pos=-51236.14,1557.18,2843.44
[09:34:20.405] [HOST] INFO: SCENARIO MEMBER hand=1,2637329152,1,1,3079467776 pos=-51236.14,1557.18,2843.44
[09:34:20.903] [HOST] INFO: SCENARIO MEMBER hand=1,2637329152,1,1,3079467776 pos=-51236.14,1557.18,2843.44
[09:34:21.400] [HOST] INFO: SCENARIO MEMBER hand=1,2637329152,1,1,3079467776 pos=-51236.14,1557.18,2843.44
[09:34:21.900] [HOST] INFO: SCENARIO MEMBER hand=1,2637329152,1,1,3079467776 pos=-51236.14,1557.18,2843.44
[09:34:22.395] [HOST] INFO: SCENARIO MEMBER hand=1,2637329152,1,1,3079467776 pos=-51236.14,1557.18,2843.44
[09:34:22.895] [HOST] INFO: SCENARIO MEMBER hand=1,2637329152,1,1,3079467776 pos=-51236.49,1557.25,2842.59
[09:34:23.399] [HOST] INFO: SCENARIO MEMBER hand=1,2637329152,1,1,3079467776 pos=-51236.61,1557.27,2842.45
[09:34:23.895] [HOST] INFO: SCENARIO MEMBER hand=1,2637329152,1,1,3079467776 pos=-51236.61,1557.27,2842.45
[09:34:24.396] [HOST] INFO: SCENARIO MEMBER hand=1,2637329152,1,1,3079467776 pos=-51236.61,1557.27,2842.45
[09:34:24.894] [HOST] INFO: SCENARIO MEMBER hand=1,2637329152,1,1,3079467776 pos=-51236.61,1557.27,2842.45
[09:34:25.394] [HOST] INFO: SCENARIO MEMBER hand=1,2637329152,1,1,3079467776 pos=-51236.61,1557.27,2842.45
[09:34:25.899] [HOST] INFO: SCENARIO MEMBER hand=1,2637329152,1,1,3079467776 pos=-51236.61,1557.27,2842.45
[09:34:26.393] [HOST] INFO: SCENARIO MEMBER hand=1,2637329152,1,1,3079467776 pos=-51236.61,1557.27,2842.45
[09:34:26.900] [HOST] INFO: SCENARIO MEMBER hand=1,2637329152,1,1,3079467776 pos=-51236.61,1557.27,2842.45
[09:34:27.394] [HOST] INFO: SCENARIO MEMBER hand=1,2637329152,1,1,3079467776 pos=-51236.61,1557.27,2842.45
[09:34:27.394] [HOST] INFO: SPIKE 82 bake phase2 bakeSave issued=1
[09:34:27.901] [HOST] INFO: SCENARIO MEMBER hand=1,2637329152,1,1,3079467776 pos=-51236.61,1557.27,2842.45
[09:34:28.400] [HOST] INFO: SCENARIO MEMBER hand=1,2637329152,1,1,3079467776 pos=-51236.61,1557.27,2842.45
[09:34:28.898] [HOST] INFO: SCENARIO MEMBER hand=1,2637329152,1,1,3079467776 pos=-51236.61,1557.27,2842.45
[09:34:29.398] [HOST] INFO: SCENARIO MEMBER hand=1,2637329152,1,1,3079467776 pos=-51236.61,1557.27,2842.45
[09:34:29.894] [HOST] INFO: SCENARIO MEMBER hand=1,2637329152,1,1,3079467776 pos=-51236.61,1557.27,2842.45
[09:34:30.392] [HOST] INFO: SCENARIO MEMBER hand=1,2637329152,1,1,3079467776 pos=-51236.61,1557.27,2842.45
[09:34:30.673] [HOST] INFO: [event] SEND id=1 ev=1 hand=1,33,3870605568,1,746948224 actor=2,2727661056 bs 0->1
[09:34:30.897] [HOST] INFO: SCENARIO MEMBER hand=1,2637329152,1,1,3079467776 pos=-51236.61,1557.27,2842.45
[09:34:31.401] [HOST] INFO: SCENARIO MEMBER hand=1,2637329152,1,1,3079467776 pos=-51236.61,1557.27,2842.45
[09:34:31.898] [HOST] INFO: SCENARIO MEMBER hand=1,2637329152,1,1,3079467776 pos=-51236.61,1557.27,2842.45
[09:34:32.398] [HOST] INFO: SCENARIO MEMBER hand=1,2637329152,1,1,3079467776 pos=-51236.61,1557.27,2842.45
[09:34:32.898] [HOST] INFO: SCENARIO MEMBER hand=1,2637329152,1,1,3079467776 pos=-51236.61,1557.27,2842.45
[09:34:33.398] [HOST] INFO: SCENARIO MEMBER hand=1,2637329152,1,1,3079467776 pos=-51236.61,1557.68,2837.51
[09:34:33.635] [HOST] INFO: [event] SEND id=2 ev=1 hand=1,9,2430419968,7,3511962880 actor=3,3090698240 bs 0->1
[09:34:33.893] [HOST] INFO: SCENARIO MEMBER hand=1,2637329152,1,1,3079467776 pos=-51235.72,1557.87,2835.02
[09:34:34.397] [HOST] INFO: SCENARIO MEMBER hand=1,2637329152,1,1,3079467776 pos=-51234.77,1558.02,2832.98
[09:34:34.897] [HOST] INFO: SCENARIO MEMBER hand=1,2637329152,1,1,3079467776 pos=-51234.56,1558.04,2832.66
[09:34:36.178] [HOST] INFO: SCENARIO MEMBER hand=1,2637329152,1,1,3079467776 pos=-51234.56,1558.04,2832.66
[09:34:37.049] [HOST] INFO: SCENARIO MEMBER hand=1,2637329152,1,1,3079467776 pos=-51233.98,1558.07,2832.19
[09:34:37.554] [HOST] INFO: SCENARIO MEMBER hand=1,2637329152,1,1,3079467776 pos=-51234.20,1558.07,2832.27
[09:34:37.563] [HOST] INFO: SPIKE 82 bake phase3 savedExists=0 loadSave issued=1 t=22172
[09:34:43.680] [HOST] INFO: [event] SEND id=3 ev=3 hand=1,9,2430419968,7,3511962880 actor=0,0 bs 3->0
[09:34:43.680] [HOST] INFO: [event] SEND id=4 ev=3 hand=1,33,3870605568,1,746948224 actor=0,0 bs 3->0
[09:34:43.727] [HOST] INFO: [taskkey] key=141 desc='Following leader' repro=0 subject=1
[09:34:43.736] [HOST] INFO: [taskkey] key=22 desc='Patrolling' repro=0 subject=0
[09:34:44.146] [HOST] INFO: SCENARIO MEMBER hand=1,2637329152,1,1,3079467776 pos=-51236.61,1557.27,2842.45
[09:34:44.990] [HOST] INFO: SCENARIO MEMBER hand=1,2637329152,1,1,3079467776 pos=-51236.61,1557.27,2842.45
[09:34:45.494] [HOST] INFO: SCENARIO MEMBER hand=1,2637329152,1,1,3079467776 pos=-51236.61,1557.27,2842.45
[09:34:46.016] [HOST] INFO: SCENARIO MEMBER hand=1,2637329152,1,1,3079467776 pos=-51236.61,1557.27,2842.45
[09:34:46.508] [HOST] INFO: SCENARIO MEMBER hand=1,2637329152,1,1,3079467776 pos=-51236.61,1557.27,2842.45
[09:34:47.043] [HOST] INFO: SCENARIO MEMBER hand=1,2637329152,1,1,3079467776 pos=-51236.61,1557.27,2842.45
[09:34:47.536] [HOST] INFO: SCENARIO MEMBER hand=1,2637329152,1,1,3079467776 pos=-51236.61,1557.27,2842.45
[09:34:48.072] [HOST] INFO: SCENARIO MEMBER hand=1,2637329152,1,1,3079467776 pos=-51236.61,1557.27,2842.45
[09:34:48.563] [HOST] INFO: [taskkey] key=119 desc='Shopping' repro=0 subject=1
[09:34:48.565] [HOST] INFO: SCENARIO MEMBER hand=1,2637329152,1,1,3079467776 pos=-51232.97,1557.23,2842.20
[09:34:49.118] [HOST] INFO: SCENARIO MEMBER hand=1,2637329152,1,1,3079467776 pos=-51232.95,1557.23,2842.21
[09:34:49.617] [HOST] INFO: SCENARIO MEMBER hand=1,2637329152,1,1,3079467776 pos=-51229.15,1557.22,2841.48
[09:34:50.167] [HOST] INFO: SCENARIO MEMBER hand=1,2637329152,1,1,3079467776 pos=-51228.38,1557.22,2841.30
[09:34:50.665] [HOST] INFO: SCENARIO MEMBER hand=1,2637329152,1,1,3079467776 pos=-51224.37,1557.11,2839.69
[09:34:51.208] [HOST] INFO: SCENARIO MEMBER hand=1,2637329152,1,1,3079467776 pos=-51224.18,1557.11,2839.55
[09:34:51.707] [HOST] INFO: SCENARIO MEMBER hand=1,2637329152,1,1,3079467776 pos=-51222.52,1557.17,2837.48
[09:34:52.253] [HOST] INFO: SCENARIO MEMBER hand=1,2637329152,1,1,3079467776 pos=-51222.52,1557.17,2837.48
[09:34:52.754] [HOST] INFO: SCENARIO MEMBER hand=1,2637329152,1,1,3079467776 pos=-51222.48,1557.19,2837.22
[09:34:53.282] [HOST] INFO: SCENARIO MEMBER hand=1,2637329152,1,1,3079467776 pos=-51222.46,1557.19,2837.17
[09:34:53.774] [HOST] INFO: SCENARIO MEMBER hand=1,2637329152,1,1,3079467776 pos=-51222.45,1557.19,2837.15
[09:34:54.270] [HOST] INFO: SCENARIO MEMBER hand=1,2637329152,1,1,3079467776 pos=-51222.45,1557.19,2837.15
[09:34:54.810] [HOST] INFO: SCENARIO MEMBER hand=1,2637329152,1,1,3079467776 pos=-51222.45,1557.19,2837.15
[09:34:55.360] [HOST] INFO: SCENARIO MEMBER hand=1,2637329152,1,1,3079467776 pos=-51222.45,1557.19,2837.15
[09:34:55.847] [HOST] INFO: SCENARIO MEMBER hand=1,2637329152,1,1,3079467776 pos=-51222.45,1557.19,2837.15
[09:34:56.389] [HOST] INFO: SCENARIO MEMBER hand=1,2637329152,1,1,3079467776 pos=-51222.45,1557.19,2837.15
[09:34:56.883] [HOST] INFO: SCENARIO MEMBER hand=1,2637329152,1,1,3079467776 pos=-51222.45,1557.19,2837.15
[09:34:57.403] [HOST] INFO: SCENARIO MEMBER hand=1,2637329152,1,1,3079467776 pos=-51222.45,1557.19,2837.15
[09:34:57.403] [HOST] INFO: SPIKE 82 bake phase4 reload near60=13 (base=2 spawn=14 delta=11) persisted=1 -> PASS
[09:34:57.894] [HOST] INFO: SCENARIO MEMBER hand=1,2637329152,1,1,3079467776 pos=-51221.66,1557.15,2837.03
[09:34:58.580] [HOST] INFO: SCENARIO MEMBER hand=1,2637329152,1,1,3079467776 pos=-51221.31,1557.14,2836.86
[09:34:59.084] [HOST] INFO: SCENARIO MEMBER hand=1,2637329152,1,1,3079467776 pos=-51219.73,1557.18,2835.09
[09:34:59.603] [HOST] INFO: SCENARIO MEMBER hand=1,2637329152,1,1,3079467776 pos=-51219.73,1557.18,2835.09
[09:35:00.154] [HOST] INFO: SCENARIO MEMBER hand=1,2637329152,1,1,3079467776 pos=-51219.73,1557.18,2835.09
[09:35:00.647] [HOST] INFO: SCENARIO MEMBER hand=1,2637329152,1,1,3079467776 pos=-51219.73,1557.18,2835.09
[09:35:01.184] [HOST] INFO: SCENARIO MEMBER hand=1,2637329152,1,1,3079467776 pos=-51219.73,1557.18,2835.09
[09:35:01.679] [HOST] INFO: SCENARIO MEMBER hand=1,2637329152,1,1,3079467776 pos=-51219.73,1557.18,2835.09
[09:35:02.212] [HOST] INFO: SCENARIO MEMBER hand=1,2637329152,1,1,3079467776 pos=-51219.73,1557.18,2835.09
[09:35:02.756] [HOST] INFO: SCENARIO MEMBER hand=1,2637329152,1,1,3079467776 pos=-51219.73,1557.18,2835.09
[09:35:03.317] [HOST] INFO: SCENARIO MEMBER hand=1,2637329152,1,1,3079467776 pos=-51219.73,1557.18,2835.09
[09:35:03.822] [HOST] INFO: SCENARIO MEMBER hand=1,2637329152,1,1,3079467776 pos=-51219.73,1557.18,2835.09
[09:35:04.351] [HOST] INFO: SCENARIO MEMBER hand=1,2637329152,1,1,3079467776 pos=-51219.73,1557.18,2835.09
[09:35:04.847] [HOST] INFO: SCENARIO MEMBER hand=1,2637329152,1,1,3079467776 pos=-51219.73,1557.18,2835.09
[09:35:05.367] [HOST] INFO: SCENARIO MEMBER hand=1,2637329152,1,1,3079467776 pos=-51219.73,1557.18,2835.09
[09:35:05.913] [HOST] INFO: SCENARIO MEMBER hand=1,2637329152,1,1,3079467776 pos=-51219.73,1557.18,2835.09
[09:35:06.408] [HOST] INFO: SCENARIO MEMBER hand=1,2637329152,1,1,3079467776 pos=-51219.73,1557.18,2835.09
[09:35:06.939] [HOST] INFO: SCENARIO MEMBER hand=1,2637329152,1,1,3079467776 pos=-51219.73,1557.18,2835.09
[09:35:06.944] [HOST] INFO: [event] SEND id=5 ev=1 hand=1,9,2430419968,7,3511962880 actor=3,3090698240 bs 0->1
[09:35:07.326] [HOST] INFO: [event] SEND id=6 ev=1 hand=1,27,868896512,1,1822509824 actor=8,161499024 bs 0->1
[09:35:07.440] [HOST] INFO: SCENARIO MEMBER hand=1,2637329152,1,1,3079467776 pos=-51218.78,1557.22,2833.94
[09:35:08.002] [HOST] INFO: SCENARIO MEMBER hand=1,2637329152,1,1,3079467776 pos=-51218.78,1557.22,2833.94
[09:35:08.507] [HOST] INFO: SCENARIO MEMBER hand=1,2637329152,1,1,3079467776 pos=-51218.78,1557.22,2833.94
[09:35:09.026] [HOST] INFO: SCENARIO MEMBER hand=1,2637329152,1,1,3079467776 pos=-51218.78,1557.22,2833.94
[09:35:09.574] [HOST] INFO: SCENARIO MEMBER hand=1,2637329152,1,1,3079467776 pos=-51218.78,1557.22,2833.94
[09:35:10.070] [HOST] INFO: SCENARIO MEMBER hand=1,2637329152,1,1,3079467776 pos=-51218.78,1557.22,2833.94
[09:35:10.607] [HOST] INFO: SCENARIO MEMBER hand=1,2637329152,1,1,3079467776 pos=-51218.78,1557.22,2833.94
[09:35:11.101] [HOST] INFO: SCENARIO MEMBER hand=1,2637329152,1,1,3079467776 pos=-51218.78,1557.22,2833.94
[09:35:11.634] [HOST] INFO: SCENARIO MEMBER hand=1,2637329152,1,1,3079467776 pos=-51218.78,1557.22,2833.94
[09:35:12.131] [HOST] INFO: SCENARIO MEMBER hand=1,2637329152,1,1,3079467776 pos=-51218.78,1557.22,2833.94
[09:35:13.150] [HOST] INFO: SCENARIO MEMBER hand=1,2637329152,1,1,3079467776 pos=-51218.78,1557.22,2833.94
[09:35:13.645] [HOST] INFO: SCENARIO MEMBER hand=1,2637329152,1,1,3079467776 pos=-51218.78,1557.22,2833.94
[09:35:14.177] [HOST] INFO: SCENARIO MEMBER hand=1,2637329152,1,1,3079467776 pos=-51218.78,1557.22,2833.94
[09:35:14.681] [HOST] INFO: SCENARIO MEMBER hand=1,2637329152,1,1,3079467776 pos=-51218.78,1557.22,2833.94
[09:35:15.222] [HOST] INFO: SCENARIO MEMBER hand=1,2637329152,1,1,3079467776 pos=-51218.78,1557.22,2833.94
[09:35:15.379] [HOST] INFO: SCENARIO RESULT PASS
